[INFO][2021-07-26 19:23:47][Server]Server started.
[INFO][2021-07-26 19:24:10][Server]client #2 transferred caotijing #9436
[INFO][2021-07-26 19:24:12][Server]client #1 transferred chunli #9113
[INFO][2021-07-26 19:24:12][Server]User #1 x-Loc=50 y-Loc=300 xHead=1  Act=0 HP=100 MP=0
[INFO][2021-07-26 19:24:12][Server]User #2 x-Loc=700 y-Loc=300 xHead=0  Act=0 HP=100 MP=0
[INFO][2021-07-26 19:24:12][Server]client #2 transferred caotijing #9436
[INFO][2021-07-26 19:24:12][Server]User #1 x-Loc=50 y-Loc=300 xHead=1  Act=0 HP=100 MP=0
[INFO][2021-07-26 19:24:12][Server]User #2 x-Loc=700 y-Loc=300 xHead=0  Act=0 HP=100 MP=0
[INFO][2021-07-26 19:24:12][Server]client #1 transferred chunli #9113
[INFO][2021-07-26 19:24:12][Server]User #1 x-Loc=50 y-Loc=300 xHead=1  Act=0 HP=100 MP=0
[INFO][2021-07-26 19:24:12][Server]User #2 x-Loc=700 y-Loc=300 xHead=0  Act=0 HP=100 MP=0
[INFO][2021-07-26 19:24:14][Server]client #1 transferred chunli #9113
[INFO][2021-07-26 19:24:14][Server]User #1 x-Loc=100 y-Loc=300 xHead=1  Act=1 HP=100 MP=0
[INFO][2021-07-26 19:24:14][Server]User #2 x-Loc=700 y-Loc=300 xHead=0  Act=0 HP=100 MP=0
[INFO][2021-07-26 19:24:14][Server]client #1 transferred chunli #9113
[INFO][2021-07-26 19:24:14][Server]User #1 x-Loc=100 y-Loc=300 xHead=1  Act=0 HP=100 MP=0
[INFO][2021-07-26 19:24:14][Server]User #2 x-Loc=700 y-Loc=300 xHead=0  Act=0 HP=100 MP=0
[INFO][2021-07-26 19:24:14][Server]client #1 transferred chunli #9113
[INFO][2021-07-26 19:24:14][Server]User #1 x-Loc=150 y-Loc=300 xHead=1  Act=1 HP=100 MP=0
[INFO][2021-07-26 19:24:14][Server]User #2 x-Loc=700 y-Loc=300 xHead=0  Act=0 HP=100 MP=0
[INFO][2021-07-26 19:24:14][Server]client #1 transferred chunli #9113
[INFO][2021-07-26 19:24:14][Server]User #1 x-Loc=150 y-Loc=300 xHead=1  Act=0 HP=100 MP=0
[INFO][2021-07-26 19:24:14][Server]User #2 x-Loc=700 y-Loc=300 xHead=0  Act=0 HP=100 MP=0
[INFO][2021-07-26 19:24:14][Server]client #1 transferred chunli #9113
[INFO][2021-07-26 19:24:14][Server]User #1 x-Loc=200 y-Loc=300 xHead=1  Act=1 HP=100 MP=0
[INFO][2021-07-26 19:24:14][Server]User #2 x-Loc=700 y-Loc=300 xHead=0  Act=0 HP=100 MP=0
[INFO][2021-07-26 19:24:14][Server]client #1 transferred chunli #9113
[INFO][2021-07-26 19:24:14][Server]User #1 x-Loc=200 y-Loc=300 xHead=1  Act=0 HP=100 MP=0
[INFO][2021-07-26 19:24:14][Server]User #2 x-Loc=700 y-Loc=300 xHead=0  Act=0 HP=100 MP=0
[INFO][2021-07-26 19:24:15][Server]client #1 transferred chunli #9113
[INFO][2021-07-26 19:24:15][Server]User #1 x-Loc=250 y-Loc=300 xHead=1  Act=1 HP=100 MP=0
[INFO][2021-07-26 19:24:15][Server]User #2 x-Loc=700 y-Loc=300 xHead=0  Act=0 HP=100 MP=0
[INFO][2021-07-26 19:24:15][Server]client #1 transferred chunli #9113
[INFO][2021-07-26 19:24:15][Server]User #1 x-Loc=250 y-Loc=300 xHead=1  Act=0 HP=100 MP=0
[INFO][2021-07-26 19:24:15][Server]User #2 x-Loc=700 y-Loc=300 xHead=0  Act=0 HP=100 MP=0
[INFO][2021-07-26 19:24:15][Server]client #1 transferred chunli #9113
[INFO][2021-07-26 19:24:15][Server]User #1 x-Loc=300 y-Loc=300 xHead=1  Act=1 HP=100 MP=0
[INFO][2021-07-26 19:24:15][Server]User #2 x-Loc=700 y-Loc=300 xHead=0  Act=0 HP=100 MP=0
[INFO][2021-07-26 19:24:15][Server]client #1 transferred chunli #9113
[INFO][2021-07-26 19:24:15][Server]User #1 x-Loc=300 y-Loc=300 xHead=1  Act=0 HP=100 MP=0
[INFO][2021-07-26 19:24:15][Server]User #2 x-Loc=700 y-Loc=300 xHead=0  Act=0 HP=100 MP=0
[INFO][2021-07-26 19:24:15][Server]client #1 transferred chunli #9113
[INFO][2021-07-26 19:24:15][Server]User #1 x-Loc=350 y-Loc=300 xHead=1  Act=1 HP=100 MP=0
[INFO][2021-07-26 19:24:15][Server]User #2 x-Loc=700 y-Loc=300 xHead=0  Act=0 HP=100 MP=0
[INFO][2021-07-26 19:24:15][Server]client #1 transferred chunli #9113
[INFO][2021-07-26 19:24:15][Server]User #1 x-Loc=350 y-Loc=300 xHead=1  Act=0 HP=100 MP=0
[INFO][2021-07-26 19:24:15][Server]User #2 x-Loc=700 y-Loc=300 xHead=0  Act=0 HP=100 MP=0
[INFO][2021-07-26 19:24:15][Server]client #1 transferred chunli #9113
[INFO][2021-07-26 19:24:15][Server]User #1 x-Loc=400 y-Loc=300 xHead=1  Act=1 HP=100 MP=0
[INFO][2021-07-26 19:24:15][Server]User #2 x-Loc=700 y-Loc=300 xHead=0  Act=0 HP=100 MP=0
[INFO][2021-07-26 19:24:15][Server]client #1 transferred chunli #9113
[INFO][2021-07-26 19:24:15][Server]User #1 x-Loc=400 y-Loc=300 xHead=1  Act=0 HP=100 MP=0
[INFO][2021-07-26 19:24:15][Server]User #2 x-Loc=700 y-Loc=300 xHead=0  Act=0 HP=100 MP=0
[INFO][2021-07-26 19:24:15][Server]client #1 transferred chunli #9113
[INFO][2021-07-26 19:24:15][Server]User #1 x-Loc=450 y-Loc=300 xHead=1  Act=1 HP=100 MP=0
[INFO][2021-07-26 19:24:15][Server]User #2 x-Loc=700 y-Loc=300 xHead=0  Act=0 HP=100 MP=0
[INFO][2021-07-26 19:24:15][Server]client #1 transferred chunli #9113
[INFO][2021-07-26 19:24:15][Server]User #1 x-Loc=450 y-Loc=300 xHead=1  Act=0 HP=100 MP=0
[INFO][2021-07-26 19:24:15][Server]User #2 x-Loc=700 y-Loc=300 xHead=0  Act=0 HP=100 MP=0
[INFO][2021-07-26 19:24:15][Server]client #1 transferred chunli #9113
[INFO][2021-07-26 19:24:15][Server]User #1 x-Loc=500 y-Loc=300 xHead=1  Act=1 HP=100 MP=0
[INFO][2021-07-26 19:24:15][Server]User #2 x-Loc=700 y-Loc=300 xHead=0  Act=0 HP=100 MP=0
[INFO][2021-07-26 19:24:15][Server]client #1 transferred chunli #9113
[INFO][2021-07-26 19:24:15][Server]User #1 x-Loc=500 y-Loc=300 xHead=1  Act=0 HP=100 MP=0
[INFO][2021-07-26 19:24:15][Server]User #2 x-Loc=700 y-Loc=300 xHead=0  Act=0 HP=100 MP=0
[INFO][2021-07-26 19:24:15][Server]client #1 transferred chunli #9113
[INFO][2021-07-26 19:24:15][Server]User #1 x-Loc=550 y-Loc=300 xHead=1  Act=1 HP=100 MP=0
[INFO][2021-07-26 19:24:15][Server]User #2 x-Loc=700 y-Loc=300 xHead=0  Act=0 HP=100 MP=0
[INFO][2021-07-26 19:24:15][Server]client #1 transferred chunli #9113
[INFO][2021-07-26 19:24:15][Server]User #1 x-Loc=550 y-Loc=300 xHead=1  Act=0 HP=100 MP=0
[INFO][2021-07-26 19:24:15][Server]User #2 x-Loc=700 y-Loc=300 xHead=0  Act=0 HP=100 MP=0
[INFO][2021-07-26 19:24:15][Server]client #1 transferred chunli #9113
[INFO][2021-07-26 19:24:15][Server]User #1 x-Loc=600 y-Loc=300 xHead=1  Act=1 HP=100 MP=0
[INFO][2021-07-26 19:24:15][Server]User #2 x-Loc=700 y-Loc=300 xHead=0  Act=0 HP=100 MP=0
[INFO][2021-07-26 19:24:15][Server]client #1 transferred chunli #9113
[INFO][2021-07-26 19:24:15][Server]User #1 x-Loc=600 y-Loc=300 xHead=1  Act=0 HP=100 MP=0
[INFO][2021-07-26 19:24:15][Server]User #2 x-Loc=700 y-Loc=300 xHead=0  Act=0 HP=100 MP=0
[INFO][2021-07-26 19:24:15][Server]client #1 transferred chunli #9113
[INFO][2021-07-26 19:24:15][Server]User #1 x-Loc=650 y-Loc=300 xHead=1  Act=1 HP=100 MP=0
[INFO][2021-07-26 19:24:15][Server]User #2 x-Loc=700 y-Loc=300 xHead=0  Act=0 HP=100 MP=0
[INFO][2021-07-26 19:24:15][Server]client #1 transferred chunli #9113
[INFO][2021-07-26 19:24:15][Server]User #1 x-Loc=650 y-Loc=300 xHead=1  Act=0 HP=100 MP=0
[INFO][2021-07-26 19:24:15][Server]User #2 x-Loc=700 y-Loc=300 xHead=0  Act=0 HP=100 MP=0
[INFO][2021-07-26 19:24:15][Server]client #1 transferred chunli #9113
[INFO][2021-07-26 19:24:15][Server]User #1 x-Loc=700 y-Loc=300 xHead=1  Act=1 HP=100 MP=0
[INFO][2021-07-26 19:24:15][Server]User #2 x-Loc=700 y-Loc=300 xHead=0  Act=0 HP=100 MP=0
[INFO][2021-07-26 19:24:15][Server]client #1 transferred chunli #9113
[INFO][2021-07-26 19:24:15][Server]User #1 x-Loc=700 y-Loc=300 xHead=1  Act=0 HP=100 MP=0
[INFO][2021-07-26 19:24:15][Server]User #2 x-Loc=700 y-Loc=300 xHead=0  Act=0 HP=100 MP=0
[INFO][2021-07-26 19:24:15][Server]client #1 transferred chunli #9113
[INFO][2021-07-26 19:24:15][Server]Player #1 Attack Player #2. Got Damage 10pts.
        Now Player #1 HP is 100   MP is 3
            Player #2 HP is 90   MP is 1
[INFO][2021-07-26 19:24:15][Server]User #1 x-Loc=700 y-Loc=300 xHead=1  Act=10 HP=100 MP=3
[INFO][2021-07-26 19:24:15][Server]User #2 x-Loc=700 y-Loc=300 xHead=0  Act=15 HP=90 MP=1
[INFO][2021-07-26 19:24:15][Server]client #1 transferred chunli #9113
[INFO][2021-07-26 19:24:15][Server]User #1 x-Loc=700 y-Loc=300 xHead=1  Act=0 HP=100 MP=3
[INFO][2021-07-26 19:24:15][Server]User #2 x-Loc=700 y-Loc=300 xHead=0  Act=15 HP=90 MP=1
[INFO][2021-07-26 19:24:16][Server]client #1 transferred chunli #9113
[INFO][2021-07-26 19:24:16][Server]Player #1 Attack Player #2. Got Damage 10pts.
        Now Player #1 HP is 100   MP is 6
            Player #2 HP is 80   MP is 2
[INFO][2021-07-26 19:24:16][Server]User #1 x-Loc=700 y-Loc=300 xHead=1  Act=10 HP=100 MP=6
[INFO][2021-07-26 19:24:16][Server]User #2 x-Loc=700 y-Loc=300 xHead=0  Act=16 HP=80 MP=2
[INFO][2021-07-26 19:24:16][Server]client #1 transferred chunli #9113
[INFO][2021-07-26 19:24:16][Server]User #1 x-Loc=700 y-Loc=300 xHead=1  Act=0 HP=100 MP=6
[INFO][2021-07-26 19:24:16][Server]User #2 x-Loc=700 y-Loc=300 xHead=0  Act=16 HP=80 MP=2
[INFO][2021-07-26 19:24:16][Server]client #1 transferred chunli #9113
[INFO][2021-07-26 19:24:16][Server]Player #1 Attack Player #2. Got Damage 10pts.
        Now Player #1 HP is 100   MP is 9
            Player #2 HP is 70   MP is 3
[INFO][2021-07-26 19:24:16][Server]User #1 x-Loc=700 y-Loc=300 xHead=1  Act=10 HP=100 MP=9
[INFO][2021-07-26 19:24:16][Server]User #2 x-Loc=700 y-Loc=300 xHead=0  Act=17 HP=70 MP=3
[INFO][2021-07-26 19:24:16][Server]client #1 transferred chunli #9113
[INFO][2021-07-26 19:24:16][Server]User #1 x-Loc=700 y-Loc=300 xHead=1  Act=0 HP=100 MP=9
[INFO][2021-07-26 19:24:16][Server]User #2 x-Loc=700 y-Loc=300 xHead=0  Act=17 HP=70 MP=3
[INFO][2021-07-26 19:24:16][Server]client #1 transferred chunli #9113
[INFO][2021-07-26 19:24:16][Server]Player #1 Attack Player #2. Got Damage 10pts.
        Now Player #1 HP is 100   MP is 12
            Player #2 HP is 60   MP is 4
[INFO][2021-07-26 19:24:16][Server]User #1 x-Loc=700 y-Loc=300 xHead=1  Act=10 HP=100 MP=12
[INFO][2021-07-26 19:24:16][Server]User #2 x-Loc=700 y-Loc=300 xHead=0  Act=0 HP=60 MP=4
[INFO][2021-07-26 19:24:16][Server]client #1 transferred chunli #9113
[INFO][2021-07-26 19:24:16][Server]User #1 x-Loc=700 y-Loc=300 xHead=1  Act=0 HP=100 MP=12
[INFO][2021-07-26 19:24:16][Server]User #2 x-Loc=700 y-Loc=300 xHead=0  Act=0 HP=60 MP=4
[INFO][2021-07-26 19:24:16][Server]client #1 transferred chunli #9113
[INFO][2021-07-26 19:24:16][Server]Player #1 Attack Player #2. Got Damage 10pts.
        Now Player #1 HP is 100   MP is 15
            Player #2 HP is 50   MP is 5
[INFO][2021-07-26 19:24:16][Server]User #1 x-Loc=700 y-Loc=300 xHead=1  Act=10 HP=100 MP=15
[INFO][2021-07-26 19:24:16][Server]User #2 x-Loc=700 y-Loc=300 xHead=0  Act=15 HP=50 MP=5
[INFO][2021-07-26 19:24:16][Server]client #1 transferred chunli #9113
[INFO][2021-07-26 19:24:16][Server]User #1 x-Loc=700 y-Loc=300 xHead=1  Act=0 HP=100 MP=15
[INFO][2021-07-26 19:24:16][Server]User #2 x-Loc=700 y-Loc=300 xHead=0  Act=15 HP=50 MP=5
[INFO][2021-07-26 19:24:16][Server]client #1 transferred chunli #9113
[INFO][2021-07-26 19:24:16][Server]Player #1 Attack Player #2. Got Damage 10pts.
        Now Player #1 HP is 100   MP is 15
            Player #2 HP is 40   MP is 6
[INFO][2021-07-26 19:24:16][Server]User #1 x-Loc=700 y-Loc=300 xHead=1  Act=10 HP=100 MP=15
[INFO][2021-07-26 19:24:16][Server]User #2 x-Loc=700 y-Loc=300 xHead=0  Act=16 HP=40 MP=6
[INFO][2021-07-26 19:24:16][Server]client #1 transferred chunli #9113
[INFO][2021-07-26 19:24:16][Server]User #1 x-Loc=700 y-Loc=300 xHead=1  Act=0 HP=100 MP=15
[INFO][2021-07-26 19:24:16][Server]User #2 x-Loc=700 y-Loc=300 xHead=0  Act=16 HP=40 MP=6
[INFO][2021-07-26 19:24:16][Server]client #1 transferred chunli #9113
[INFO][2021-07-26 19:24:16][Server]Player #1 Attack Player #2. Got Damage 10pts.
        Now Player #1 HP is 100   MP is 15
            Player #2 HP is 30   MP is 7
[INFO][2021-07-26 19:24:16][Server]User #1 x-Loc=700 y-Loc=300 xHead=1  Act=10 HP=100 MP=15
[INFO][2021-07-26 19:24:16][Server]User #2 x-Loc=700 y-Loc=300 xHead=0  Act=17 HP=30 MP=7
[INFO][2021-07-26 19:24:17][Server]client #1 transferred chunli #9113
[INFO][2021-07-26 19:24:17][Server]User #1 x-Loc=700 y-Loc=300 xHead=1  Act=0 HP=100 MP=15
[INFO][2021-07-26 19:24:17][Server]User #2 x-Loc=700 y-Loc=300 xHead=0  Act=17 HP=30 MP=7
[INFO][2021-07-26 19:24:17][Server]client #1 transferred chunli #9113
[INFO][2021-07-26 19:24:17][Server]Player #1 Attack Player #2. Got Damage 10pts.
        Now Player #1 HP is 100   MP is 15
            Player #2 HP is 20   MP is 8
[INFO][2021-07-26 19:24:17][Server]User #1 x-Loc=700 y-Loc=300 xHead=1  Act=10 HP=100 MP=15
[INFO][2021-07-26 19:24:17][Server]User #2 x-Loc=700 y-Loc=300 xHead=0  Act=0 HP=20 MP=8
[INFO][2021-07-26 19:24:17][Server]client #1 transferred chunli #9113
[INFO][2021-07-26 19:24:17][Server]User #1 x-Loc=700 y-Loc=300 xHead=1  Act=0 HP=100 MP=15
[INFO][2021-07-26 19:24:17][Server]User #2 x-Loc=700 y-Loc=300 xHead=0  Act=0 HP=20 MP=8
[INFO][2021-07-26 19:24:17][Server]client #1 transferred chunli #9113
[INFO][2021-07-26 19:24:17][Server]Player #1 Attack Player #2. Got Damage 10pts.
        Now Player #1 HP is 100   MP is 15
            Player #2 HP is 10   MP is 9
[INFO][2021-07-26 19:24:17][Server]User #1 x-Loc=700 y-Loc=300 xHead=1  Act=10 HP=100 MP=15
[INFO][2021-07-26 19:24:17][Server]User #2 x-Loc=700 y-Loc=300 xHead=0  Act=15 HP=10 MP=9
[INFO][2021-07-26 19:24:17][Server]client #1 transferred chunli #9113
[INFO][2021-07-26 19:24:17][Server]User #1 x-Loc=700 y-Loc=300 xHead=1  Act=0 HP=100 MP=15
[INFO][2021-07-26 19:24:17][Server]User #2 x-Loc=700 y-Loc=300 xHead=0  Act=15 HP=10 MP=9
[INFO][2021-07-26 19:24:17][Server]client #1 transferred chunli #9113
[INFO][2021-07-26 19:24:17][Server]Player #1 Attack Player #2. Got Damage 10pts.
        Now Player #1 HP is 100   MP is 15
            Player #2 HP is 0   MP is 10
[INFO][2021-07-26 19:24:17][Server]User #1 x-Loc=700 y-Loc=300 xHead=1  Act=10 HP=100 MP=15
[INFO][2021-07-26 19:24:17][Server]User #2 x-Loc=700 y-Loc=300 xHead=0  Act=16 HP=0 MP=10
[INFO][2021-07-26 19:24:17][Server]BYE, client 1 ! 
[WARNING][2021-07-26 19:24:17][Server]client 2 Exception ! 
