[INFO][2021-07-27 14:56:32][Server]Server started.
[INFO][2021-07-27 14:56:42][Server]client #1 transferred caotijing #1329
[INFO][2021-07-27 14:56:49][Server]client #2 transferred caotijing #8128
[INFO][2021-07-27 14:56:49][Server]User #1 x-Loc=50 y-Loc=300 xHead=1  Act=0 HP=330 MP=0
[INFO][2021-07-27 14:56:49][Server]User #2 x-Loc=700 y-Loc=300 xHead=0  Act=0 HP=330 MP=0
[INFO][2021-07-27 14:56:49][Server]client #1 transferred caotijing #1329
[INFO][2021-07-27 14:56:49][Server]User #1 x-Loc=50 y-Loc=300 xHead=1  Act=0 HP=330 MP=0
[INFO][2021-07-27 14:56:49][Server]User #2 x-Loc=700 y-Loc=300 xHead=0  Act=0 HP=330 MP=0
[INFO][2021-07-27 14:56:49][Server]client #2 transferred caotijing #8128
[INFO][2021-07-27 14:56:49][Server]User #1 x-Loc=50 y-Loc=300 xHead=1  Act=0 HP=330 MP=0
[INFO][2021-07-27 14:56:49][Server]User #2 x-Loc=700 y-Loc=300 xHead=0  Act=0 HP=330 MP=0
[INFO][2021-07-27 14:56:52][Server]client #2 transferred caotijing #8128
[INFO][2021-07-27 14:56:52][Server]User #1 x-Loc=50 y-Loc=300 xHead=1  Act=0 HP=330 MP=0
[INFO][2021-07-27 14:56:52][Server]User #2 x-Loc=650 y-Loc=300 xHead=0  Act=1 HP=330 MP=0
[INFO][2021-07-27 14:56:52][Server]client #2 transferred caotijing #8128
[INFO][2021-07-27 14:56:52][Server]User #1 x-Loc=50 y-Loc=300 xHead=1  Act=0 HP=330 MP=0
[INFO][2021-07-27 14:56:52][Server]User #2 x-Loc=650 y-Loc=300 xHead=0  Act=0 HP=330 MP=0
[INFO][2021-07-27 14:56:52][Server]client #2 transferred caotijing #8128
[INFO][2021-07-27 14:56:52][Server]User #1 x-Loc=50 y-Loc=300 xHead=1  Act=0 HP=330 MP=0
[INFO][2021-07-27 14:56:52][Server]User #2 x-Loc=600 y-Loc=300 xHead=0  Act=1 HP=330 MP=0
[INFO][2021-07-27 14:56:52][Server]client #2 transferred caotijing #8128
[INFO][2021-07-27 14:56:52][Server]User #1 x-Loc=50 y-Loc=300 xHead=1  Act=0 HP=330 MP=0
[INFO][2021-07-27 14:56:52][Server]User #2 x-Loc=600 y-Loc=300 xHead=0  Act=0 HP=330 MP=0
[INFO][2021-07-27 14:56:52][Server]client #2 transferred caotijing #8128
[INFO][2021-07-27 14:56:52][Server]User #1 x-Loc=50 y-Loc=300 xHead=1  Act=0 HP=330 MP=0
[INFO][2021-07-27 14:56:52][Server]User #2 x-Loc=550 y-Loc=300 xHead=0  Act=1 HP=330 MP=0
[INFO][2021-07-27 14:56:52][Server]client #2 transferred caotijing #8128
[INFO][2021-07-27 14:56:52][Server]User #1 x-Loc=50 y-Loc=300 xHead=1  Act=0 HP=330 MP=0
[INFO][2021-07-27 14:56:52][Server]User #2 x-Loc=550 y-Loc=300 xHead=0  Act=0 HP=330 MP=0
[INFO][2021-07-27 14:56:52][Server]client #2 transferred caotijing #8128
[INFO][2021-07-27 14:56:52][Server]User #1 x-Loc=50 y-Loc=300 xHead=1  Act=0 HP=330 MP=0
[INFO][2021-07-27 14:56:52][Server]User #2 x-Loc=500 y-Loc=300 xHead=0  Act=1 HP=330 MP=0
[INFO][2021-07-27 14:56:52][Server]client #2 transferred caotijing #8128
[INFO][2021-07-27 14:56:52][Server]User #1 x-Loc=50 y-Loc=300 xHead=1  Act=0 HP=330 MP=0
[INFO][2021-07-27 14:56:52][Server]User #2 x-Loc=500 y-Loc=300 xHead=0  Act=0 HP=330 MP=0
[INFO][2021-07-27 14:56:52][Server]client #2 transferred caotijing #8128
[INFO][2021-07-27 14:56:52][Server]User #1 x-Loc=50 y-Loc=300 xHead=1  Act=0 HP=330 MP=0
[INFO][2021-07-27 14:56:52][Server]User #2 x-Loc=450 y-Loc=300 xHead=0  Act=1 HP=330 MP=0
[INFO][2021-07-27 14:56:52][Server]client #2 transferred caotijing #8128
[INFO][2021-07-27 14:56:52][Server]User #1 x-Loc=50 y-Loc=300 xHead=1  Act=0 HP=330 MP=0
[INFO][2021-07-27 14:56:52][Server]User #2 x-Loc=450 y-Loc=300 xHead=0  Act=0 HP=330 MP=0
[INFO][2021-07-27 14:56:52][Server]client #2 transferred caotijing #8128
[INFO][2021-07-27 14:56:52][Server]User #1 x-Loc=50 y-Loc=300 xHead=1  Act=0 HP=330 MP=0
[INFO][2021-07-27 14:56:52][Server]User #2 x-Loc=400 y-Loc=300 xHead=0  Act=1 HP=330 MP=0
[INFO][2021-07-27 14:56:52][Server]client #2 transferred caotijing #8128
[INFO][2021-07-27 14:56:52][Server]User #1 x-Loc=50 y-Loc=300 xHead=1  Act=0 HP=330 MP=0
[INFO][2021-07-27 14:56:52][Server]User #2 x-Loc=400 y-Loc=300 xHead=0  Act=0 HP=330 MP=0
[INFO][2021-07-27 14:56:52][Server]client #2 transferred caotijing #8128
[INFO][2021-07-27 14:56:52][Server]User #1 x-Loc=50 y-Loc=300 xHead=1  Act=0 HP=330 MP=0
[INFO][2021-07-27 14:56:52][Server]User #2 x-Loc=350 y-Loc=300 xHead=0  Act=1 HP=330 MP=0
[INFO][2021-07-27 14:56:53][Server]client #2 transferred caotijing #8128
[INFO][2021-07-27 14:56:53][Server]User #1 x-Loc=50 y-Loc=300 xHead=1  Act=0 HP=330 MP=0
[INFO][2021-07-27 14:56:53][Server]User #2 x-Loc=350 y-Loc=300 xHead=0  Act=0 HP=330 MP=0
[INFO][2021-07-27 14:56:53][Server]client #2 transferred caotijing #8128
[INFO][2021-07-27 14:56:53][Server]User #1 x-Loc=50 y-Loc=300 xHead=1  Act=0 HP=330 MP=0
[INFO][2021-07-27 14:56:53][Server]User #2 x-Loc=300 y-Loc=300 xHead=0  Act=1 HP=330 MP=0
[INFO][2021-07-27 14:56:53][Server]client #2 transferred caotijing #8128
[INFO][2021-07-27 14:56:53][Server]User #1 x-Loc=50 y-Loc=300 xHead=1  Act=0 HP=330 MP=0
[INFO][2021-07-27 14:56:53][Server]User #2 x-Loc=300 y-Loc=300 xHead=0  Act=0 HP=330 MP=0
[INFO][2021-07-27 14:56:53][Server]client #2 transferred caotijing #8128
[INFO][2021-07-27 14:56:53][Server]User #1 x-Loc=50 y-Loc=300 xHead=1  Act=0 HP=330 MP=0
[INFO][2021-07-27 14:56:53][Server]User #2 x-Loc=250 y-Loc=300 xHead=0  Act=1 HP=330 MP=0
[INFO][2021-07-27 14:56:53][Server]client #2 transferred caotijing #8128
[INFO][2021-07-27 14:56:53][Server]User #1 x-Loc=50 y-Loc=300 xHead=1  Act=0 HP=330 MP=0
[INFO][2021-07-27 14:56:53][Server]User #2 x-Loc=250 y-Loc=300 xHead=0  Act=0 HP=330 MP=0
[INFO][2021-07-27 14:56:53][Server]client #2 transferred caotijing #8128
[INFO][2021-07-27 14:56:53][Server]User #1 x-Loc=50 y-Loc=300 xHead=1  Act=0 HP=330 MP=0
[INFO][2021-07-27 14:56:53][Server]User #2 x-Loc=200 y-Loc=300 xHead=0  Act=1 HP=330 MP=0
[INFO][2021-07-27 14:56:53][Server]client #2 transferred caotijing #8128
[INFO][2021-07-27 14:56:53][Server]User #1 x-Loc=50 y-Loc=300 xHead=1  Act=0 HP=330 MP=0
[INFO][2021-07-27 14:56:53][Server]User #2 x-Loc=200 y-Loc=300 xHead=0  Act=0 HP=330 MP=0
[INFO][2021-07-27 14:56:53][Server]client #2 transferred caotijing #8128
[INFO][2021-07-27 14:56:53][Server]User #1 x-Loc=50 y-Loc=300 xHead=1  Act=0 HP=330 MP=0
[INFO][2021-07-27 14:56:53][Server]User #2 x-Loc=150 y-Loc=300 xHead=0  Act=1 HP=330 MP=0
[INFO][2021-07-27 14:56:53][Server]client #2 transferred caotijing #8128
[INFO][2021-07-27 14:56:53][Server]User #1 x-Loc=50 y-Loc=300 xHead=1  Act=0 HP=330 MP=0
[INFO][2021-07-27 14:56:53][Server]User #2 x-Loc=150 y-Loc=300 xHead=0  Act=0 HP=330 MP=0
[INFO][2021-07-27 14:56:53][Server]client #2 transferred caotijing #8128
[INFO][2021-07-27 14:56:53][Server]User #1 x-Loc=50 y-Loc=300 xHead=1  Act=0 HP=330 MP=0
[INFO][2021-07-27 14:56:53][Server]User #2 x-Loc=100 y-Loc=300 xHead=0  Act=1 HP=330 MP=0
[INFO][2021-07-27 14:56:53][Server]client #2 transferred caotijing #8128
[INFO][2021-07-27 14:56:53][Server]User #1 x-Loc=50 y-Loc=300 xHead=1  Act=0 HP=330 MP=0
[INFO][2021-07-27 14:56:53][Server]User #2 x-Loc=100 y-Loc=300 xHead=0  Act=0 HP=330 MP=0
[INFO][2021-07-27 14:56:53][Server]client #2 transferred caotijing #8128
[INFO][2021-07-27 14:56:53][Server]User #1 x-Loc=50 y-Loc=300 xHead=1  Act=0 HP=330 MP=0
[INFO][2021-07-27 14:56:53][Server]User #2 x-Loc=50 y-Loc=300 xHead=0  Act=1 HP=330 MP=0
[INFO][2021-07-27 14:56:53][Server]client #2 transferred caotijing #8128
[INFO][2021-07-27 14:56:53][Server]User #1 x-Loc=50 y-Loc=300 xHead=1  Act=0 HP=330 MP=0
[INFO][2021-07-27 14:56:53][Server]User #2 x-Loc=50 y-Loc=300 xHead=0  Act=0 HP=330 MP=0
[INFO][2021-07-27 14:56:53][Server]client #2 transferred caotijing #8128
[INFO][2021-07-27 14:56:53][Server]Player #2 Attack Player #1. Got Damage 25pts.
        Now Player #1 HP is 305   MP is 1
            Player #2 HP is 330   MP is 3
[INFO][2021-07-27 14:56:53][Server]User #1 x-Loc=50 y-Loc=300 xHead=1  Act=15 HP=305 MP=1
[INFO][2021-07-27 14:56:53][Server]User #2 x-Loc=50 y-Loc=300 xHead=0  Act=10 HP=330 MP=3
[INFO][2021-07-27 14:56:53][Server]client #2 transferred caotijing #8128
[INFO][2021-07-27 14:56:53][Server]User #1 x-Loc=50 y-Loc=300 xHead=1  Act=15 HP=305 MP=1
[INFO][2021-07-27 14:56:53][Server]User #2 x-Loc=50 y-Loc=300 xHead=0  Act=0 HP=330 MP=3
[INFO][2021-07-27 14:56:53][Server]client #2 transferred caotijing #8128
[INFO][2021-07-27 14:56:53][Server]Player #2 Attack Player #1. Got Damage 25pts.
        Now Player #1 HP is 280   MP is 2
            Player #2 HP is 330   MP is 6
[INFO][2021-07-27 14:56:53][Server]User #1 x-Loc=50 y-Loc=300 xHead=1  Act=16 HP=280 MP=2
[INFO][2021-07-27 14:56:53][Server]User #2 x-Loc=50 y-Loc=300 xHead=0  Act=10 HP=330 MP=6
[INFO][2021-07-27 14:56:53][Server]client #2 transferred caotijing #8128
[INFO][2021-07-27 14:56:53][Server]User #1 x-Loc=50 y-Loc=300 xHead=1  Act=16 HP=280 MP=2
[INFO][2021-07-27 14:56:53][Server]User #2 x-Loc=50 y-Loc=300 xHead=0  Act=0 HP=330 MP=6
[INFO][2021-07-27 14:56:53][Server]client #2 transferred caotijing #8128
[INFO][2021-07-27 14:56:53][Server]Player #2 Attack Player #1. Got Damage 25pts.
        Now Player #1 HP is 255   MP is 3
            Player #2 HP is 330   MP is 9
[INFO][2021-07-27 14:56:53][Server]User #1 x-Loc=50 y-Loc=300 xHead=1  Act=17 HP=255 MP=3
[INFO][2021-07-27 14:56:53][Server]User #2 x-Loc=50 y-Loc=300 xHead=0  Act=10 HP=330 MP=9
[INFO][2021-07-27 14:56:53][Server]client #2 transferred caotijing #8128
[INFO][2021-07-27 14:56:53][Server]User #1 x-Loc=50 y-Loc=300 xHead=1  Act=17 HP=255 MP=3
[INFO][2021-07-27 14:56:53][Server]User #2 x-Loc=50 y-Loc=300 xHead=0  Act=0 HP=330 MP=9
[INFO][2021-07-27 14:56:54][Server]client #2 transferred caotijing #8128
[INFO][2021-07-27 14:56:54][Server]Player #2 Attack Player #1. Got Damage 25pts.
        Now Player #1 HP is 230   MP is 4
            Player #2 HP is 330   MP is 12
[INFO][2021-07-27 14:56:54][Server]User #1 x-Loc=50 y-Loc=300 xHead=1  Act=0 HP=230 MP=4
[INFO][2021-07-27 14:56:54][Server]User #2 x-Loc=50 y-Loc=300 xHead=0  Act=10 HP=330 MP=12
[INFO][2021-07-27 14:56:54][Server]client #2 transferred caotijing #8128
[INFO][2021-07-27 14:56:54][Server]User #1 x-Loc=50 y-Loc=300 xHead=1  Act=0 HP=230 MP=4
[INFO][2021-07-27 14:56:54][Server]User #2 x-Loc=50 y-Loc=300 xHead=0  Act=0 HP=330 MP=12
[INFO][2021-07-27 14:56:54][Server]client #2 transferred caotijing #8128
[INFO][2021-07-27 14:56:54][Server]Player #2 Attack Player #1. Got Damage 25pts.
        Now Player #1 HP is 205   MP is 5
            Player #2 HP is 330   MP is 15
[INFO][2021-07-27 14:56:54][Server]User #1 x-Loc=50 y-Loc=300 xHead=1  Act=15 HP=205 MP=5
[INFO][2021-07-27 14:56:54][Server]User #2 x-Loc=50 y-Loc=300 xHead=0  Act=10 HP=330 MP=15
[INFO][2021-07-27 14:56:54][Server]client #2 transferred caotijing #8128
[INFO][2021-07-27 14:56:54][Server]User #1 x-Loc=50 y-Loc=300 xHead=1  Act=15 HP=205 MP=5
[INFO][2021-07-27 14:56:54][Server]User #2 x-Loc=50 y-Loc=300 xHead=0  Act=0 HP=330 MP=15
[INFO][2021-07-27 14:56:54][Server]client #2 transferred caotijing #8128
[INFO][2021-07-27 14:56:54][Server]Player #2 Attack Player #1. Got Damage 25pts.
        Now Player #1 HP is 180   MP is 6
            Player #2 HP is 330   MP is 15
[INFO][2021-07-27 14:56:54][Server]User #1 x-Loc=50 y-Loc=300 xHead=1  Act=16 HP=180 MP=6
[INFO][2021-07-27 14:56:54][Server]User #2 x-Loc=50 y-Loc=300 xHead=0  Act=10 HP=330 MP=15
[INFO][2021-07-27 14:56:54][Server]client #2 transferred caotijing #8128
[INFO][2021-07-27 14:56:54][Server]User #1 x-Loc=50 y-Loc=300 xHead=1  Act=16 HP=180 MP=6
[INFO][2021-07-27 14:56:54][Server]User #2 x-Loc=50 y-Loc=300 xHead=0  Act=0 HP=330 MP=15
[INFO][2021-07-27 14:56:54][Server]client #2 transferred caotijing #8128
[INFO][2021-07-27 14:56:54][Server]Player #2 Attack Player #1. Got Damage 25pts.
        Now Player #1 HP is 155   MP is 7
            Player #2 HP is 330   MP is 15
[INFO][2021-07-27 14:56:54][Server]User #1 x-Loc=50 y-Loc=300 xHead=1  Act=17 HP=155 MP=7
[INFO][2021-07-27 14:56:54][Server]User #2 x-Loc=50 y-Loc=300 xHead=0  Act=10 HP=330 MP=15
[INFO][2021-07-27 14:56:54][Server]client #2 transferred caotijing #8128
[INFO][2021-07-27 14:56:54][Server]User #1 x-Loc=50 y-Loc=300 xHead=1  Act=17 HP=155 MP=7
[INFO][2021-07-27 14:56:54][Server]User #2 x-Loc=50 y-Loc=300 xHead=0  Act=0 HP=330 MP=15
[INFO][2021-07-27 14:56:54][Server]client #2 transferred caotijing #8128
[INFO][2021-07-27 14:56:54][Server]Player #2 Attack Player #1. Got Damage 25pts.
        Now Player #1 HP is 130   MP is 8
            Player #2 HP is 330   MP is 15
[INFO][2021-07-27 14:56:54][Server]User #1 x-Loc=50 y-Loc=300 xHead=1  Act=0 HP=130 MP=8
[INFO][2021-07-27 14:56:54][Server]User #2 x-Loc=50 y-Loc=300 xHead=0  Act=10 HP=330 MP=15
[INFO][2021-07-27 14:56:55][Server]client #2 transferred caotijing #8128
[INFO][2021-07-27 14:56:55][Server]User #1 x-Loc=50 y-Loc=300 xHead=1  Act=0 HP=130 MP=8
[INFO][2021-07-27 14:56:55][Server]User #2 x-Loc=50 y-Loc=300 xHead=0  Act=0 HP=330 MP=15
[INFO][2021-07-27 14:56:55][Server]client #2 transferred caotijing #8128
[INFO][2021-07-27 14:56:55][Server]Player #2 Attack Player #1. Got Damage 25pts.
        Now Player #1 HP is 105   MP is 9
            Player #2 HP is 330   MP is 15
[INFO][2021-07-27 14:56:55][Server]User #1 x-Loc=50 y-Loc=300 xHead=1  Act=15 HP=105 MP=9
[INFO][2021-07-27 14:56:55][Server]User #2 x-Loc=50 y-Loc=300 xHead=0  Act=10 HP=330 MP=15
[INFO][2021-07-27 14:56:55][Server]client #2 transferred caotijing #8128
[INFO][2021-07-27 14:56:55][Server]User #1 x-Loc=50 y-Loc=300 xHead=1  Act=15 HP=105 MP=9
[INFO][2021-07-27 14:56:55][Server]User #2 x-Loc=50 y-Loc=300 xHead=0  Act=0 HP=330 MP=15
[INFO][2021-07-27 14:56:55][Server]client #2 transferred caotijing #8128
[INFO][2021-07-27 14:56:55][Server]User #1 x-Loc=50 y-Loc=300 xHead=1  Act=15 HP=105 MP=9
[INFO][2021-07-27 14:56:55][Server]User #2 x-Loc=100 y-Loc=300 xHead=1  Act=1 HP=330 MP=15
[INFO][2021-07-27 14:56:55][Server]client #2 transferred caotijing #8128
[INFO][2021-07-27 14:56:55][Server]User #1 x-Loc=50 y-Loc=300 xHead=1  Act=15 HP=105 MP=9
[INFO][2021-07-27 14:56:55][Server]User #2 x-Loc=100 y-Loc=300 xHead=1  Act=0 HP=330 MP=15
[INFO][2021-07-27 14:56:55][Server]client #2 transferred caotijing #8128
[INFO][2021-07-27 14:56:55][Server]User #1 x-Loc=50 y-Loc=300 xHead=1  Act=15 HP=105 MP=9
[INFO][2021-07-27 14:56:55][Server]User #2 x-Loc=150 y-Loc=300 xHead=1  Act=1 HP=330 MP=15
[INFO][2021-07-27 14:56:55][Server]client #2 transferred caotijing #8128
[INFO][2021-07-27 14:56:55][Server]User #1 x-Loc=50 y-Loc=300 xHead=1  Act=15 HP=105 MP=9
[INFO][2021-07-27 14:56:55][Server]User #2 x-Loc=150 y-Loc=300 xHead=1  Act=0 HP=330 MP=15
[INFO][2021-07-27 14:56:55][Server]client #2 transferred caotijing #8128
[INFO][2021-07-27 14:56:55][Server]User #1 x-Loc=50 y-Loc=300 xHead=1  Act=15 HP=105 MP=9
[INFO][2021-07-27 14:56:55][Server]User #2 x-Loc=200 y-Loc=300 xHead=1  Act=1 HP=330 MP=15
[INFO][2021-07-27 14:56:55][Server]client #2 transferred caotijing #8128
[INFO][2021-07-27 14:56:55][Server]User #1 x-Loc=50 y-Loc=300 xHead=1  Act=15 HP=105 MP=9
[INFO][2021-07-27 14:56:55][Server]User #2 x-Loc=200 y-Loc=300 xHead=1  Act=0 HP=330 MP=15
[INFO][2021-07-27 14:56:55][Server]client #2 transferred caotijing #8128
[INFO][2021-07-27 14:56:55][Server]User #1 x-Loc=50 y-Loc=300 xHead=1  Act=15 HP=105 MP=9
[INFO][2021-07-27 14:56:55][Server]User #2 x-Loc=250 y-Loc=300 xHead=1  Act=1 HP=330 MP=15
[INFO][2021-07-27 14:56:55][Server]client #2 transferred caotijing #8128
[INFO][2021-07-27 14:56:55][Server]User #1 x-Loc=50 y-Loc=300 xHead=1  Act=15 HP=105 MP=9
[INFO][2021-07-27 14:56:55][Server]User #2 x-Loc=250 y-Loc=300 xHead=1  Act=0 HP=330 MP=15
[INFO][2021-07-27 14:56:56][Server]client #2 transferred caotijing #8128
[INFO][2021-07-27 14:56:56][Server]User #1 x-Loc=50 y-Loc=300 xHead=1  Act=15 HP=105 MP=9
[INFO][2021-07-27 14:56:56][Server]User #2 x-Loc=300 y-Loc=300 xHead=1  Act=1 HP=330 MP=15
[INFO][2021-07-27 14:56:56][Server]client #2 transferred caotijing #8128
[INFO][2021-07-27 14:56:56][Server]User #1 x-Loc=50 y-Loc=300 xHead=1  Act=15 HP=105 MP=9
[INFO][2021-07-27 14:56:56][Server]User #2 x-Loc=300 y-Loc=300 xHead=1  Act=0 HP=330 MP=15
[INFO][2021-07-27 14:56:56][Server]client #2 transferred caotijing #8128
[INFO][2021-07-27 14:56:56][Server]User #1 x-Loc=50 y-Loc=300 xHead=1  Act=15 HP=105 MP=9
[INFO][2021-07-27 14:56:56][Server]User #2 x-Loc=350 y-Loc=300 xHead=1  Act=1 HP=330 MP=15
[INFO][2021-07-27 14:56:56][Server]client #2 transferred caotijing #8128
[INFO][2021-07-27 14:56:56][Server]User #1 x-Loc=50 y-Loc=300 xHead=1  Act=15 HP=105 MP=9
[INFO][2021-07-27 14:56:56][Server]User #2 x-Loc=350 y-Loc=300 xHead=1  Act=0 HP=330 MP=15
[INFO][2021-07-27 14:56:56][Server]client #2 transferred caotijing #8128
[INFO][2021-07-27 14:56:56][Server]User #1 x-Loc=50 y-Loc=300 xHead=1  Act=15 HP=105 MP=9
[INFO][2021-07-27 14:56:56][Server]User #2 x-Loc=350 y-Loc=300 xHead=1  Act=12 HP=330 MP=0
[INFO][2021-07-27 14:56:56][Server]client #2 transferred caotijing #8128
[INFO][2021-07-27 14:56:56][Server]User #1 x-Loc=50 y-Loc=300 xHead=1  Act=15 HP=105 MP=9
[INFO][2021-07-27 14:56:56][Server]User #2 x-Loc=350 y-Loc=300 xHead=1  Act=0 HP=330 MP=0
[WARNING][2021-07-27 14:57:05][Server]client 2 Exception ! 
[WARNING][2021-07-27 14:57:06][Server]client 1 Exception ! 
