[INFO][2021-07-27 10:27:38][Server]Server started.
[INFO][2021-07-27 10:27:44][Server]client #1 transferred caotijing #3655
[INFO][2021-07-27 10:27:48][Server]client #2 transferred baofengzi #7985
[INFO][2021-07-27 10:27:48][Server]User #1 x-Loc=50 y-Loc=300 xHead=1  Act=0 HP=100 MP=0
[INFO][2021-07-27 10:27:48][Server]User #2 x-Loc=700 y-Loc=300 xHead=0  Act=0 HP=100 MP=0
[INFO][2021-07-27 10:27:48][Server]client #1 transferred caotijing #3655
[INFO][2021-07-27 10:27:48][Server]User #1 x-Loc=50 y-Loc=300 xHead=1  Act=0 HP=100 MP=0
[INFO][2021-07-27 10:27:48][Server]User #2 x-Loc=700 y-Loc=300 xHead=0  Act=0 HP=100 MP=0
[INFO][2021-07-27 10:27:48][Server]client #2 transferred baofengzi #7985
[INFO][2021-07-27 10:27:48][Server]User #1 x-Loc=50 y-Loc=300 xHead=1  Act=0 HP=100 MP=0
[INFO][2021-07-27 10:27:48][Server]User #2 x-Loc=700 y-Loc=300 xHead=0  Act=0 HP=100 MP=0
[INFO][2021-07-27 10:27:50][Server]client #2 transferred baofengzi #7985
[INFO][2021-07-27 10:27:50][Server]User #1 x-Loc=50 y-Loc=300 xHead=1  Act=0 HP=100 MP=0
[INFO][2021-07-27 10:27:50][Server]User #2 x-Loc=700 y-Loc=300 xHead=0  Act=10 HP=100 MP=0
[INFO][2021-07-27 10:27:50][Server]client #2 transferred baofengzi #7985
[INFO][2021-07-27 10:27:50][Server]User #1 x-Loc=50 y-Loc=300 xHead=1  Act=0 HP=100 MP=0
[INFO][2021-07-27 10:27:50][Server]User #2 x-Loc=700 y-Loc=300 xHead=0  Act=0 HP=100 MP=0
[INFO][2021-07-27 10:27:52][Server]client #2 transferred baofengzi #7985
[INFO][2021-07-27 10:27:52][Server]User #1 x-Loc=50 y-Loc=300 xHead=1  Act=0 HP=100 MP=0
[INFO][2021-07-27 10:27:52][Server]User #2 x-Loc=650 y-Loc=300 xHead=0  Act=1 HP=100 MP=0
[INFO][2021-07-27 10:27:53][Server]client #2 transferred baofengzi #7985
[INFO][2021-07-27 10:27:53][Server]User #1 x-Loc=50 y-Loc=300 xHead=1  Act=0 HP=100 MP=0
[INFO][2021-07-27 10:27:53][Server]User #2 x-Loc=650 y-Loc=300 xHead=0  Act=0 HP=100 MP=0
[INFO][2021-07-27 10:27:54][Server]client #2 transferred baofengzi #7985
[INFO][2021-07-27 10:27:54][Server]User #1 x-Loc=50 y-Loc=300 xHead=1  Act=0 HP=100 MP=0
[INFO][2021-07-27 10:27:54][Server]User #2 x-Loc=600 y-Loc=300 xHead=0  Act=1 HP=100 MP=0
[INFO][2021-07-27 10:27:54][Server]client #2 transferred baofengzi #7985
[INFO][2021-07-27 10:27:54][Server]User #1 x-Loc=50 y-Loc=300 xHead=1  Act=0 HP=100 MP=0
[INFO][2021-07-27 10:27:54][Server]User #2 x-Loc=600 y-Loc=300 xHead=0  Act=0 HP=100 MP=0
[INFO][2021-07-27 10:27:55][Server]client #2 transferred baofengzi #7985
[INFO][2021-07-27 10:27:55][Server]User #1 x-Loc=50 y-Loc=300 xHead=1  Act=0 HP=100 MP=0
[INFO][2021-07-27 10:27:55][Server]User #2 x-Loc=550 y-Loc=300 xHead=0  Act=1 HP=100 MP=0
[INFO][2021-07-27 10:27:55][Server]client #2 transferred baofengzi #7985
[INFO][2021-07-27 10:27:55][Server]User #1 x-Loc=50 y-Loc=300 xHead=1  Act=0 HP=100 MP=0
[INFO][2021-07-27 10:27:55][Server]User #2 x-Loc=550 y-Loc=300 xHead=0  Act=0 HP=100 MP=0
[INFO][2021-07-27 10:27:55][Server]client #2 transferred baofengzi #7985
[INFO][2021-07-27 10:27:55][Server]User #1 x-Loc=50 y-Loc=300 xHead=1  Act=0 HP=100 MP=0
[INFO][2021-07-27 10:27:55][Server]User #2 x-Loc=500 y-Loc=300 xHead=0  Act=1 HP=100 MP=0
[INFO][2021-07-27 10:27:55][Server]client #2 transferred baofengzi #7985
[INFO][2021-07-27 10:27:55][Server]User #1 x-Loc=50 y-Loc=300 xHead=1  Act=0 HP=100 MP=0
[INFO][2021-07-27 10:27:55][Server]User #2 x-Loc=500 y-Loc=300 xHead=0  Act=0 HP=100 MP=0
[INFO][2021-07-27 10:27:55][Server]client #2 transferred baofengzi #7985
[INFO][2021-07-27 10:27:55][Server]User #1 x-Loc=50 y-Loc=300 xHead=1  Act=0 HP=100 MP=0
[INFO][2021-07-27 10:27:55][Server]User #2 x-Loc=450 y-Loc=300 xHead=0  Act=1 HP=100 MP=0
[INFO][2021-07-27 10:27:55][Server]client #2 transferred baofengzi #7985
[INFO][2021-07-27 10:27:55][Server]User #1 x-Loc=50 y-Loc=300 xHead=1  Act=0 HP=100 MP=0
[INFO][2021-07-27 10:27:55][Server]User #2 x-Loc=450 y-Loc=300 xHead=0  Act=0 HP=100 MP=0
[INFO][2021-07-27 10:27:55][Server]client #2 transferred baofengzi #7985
[INFO][2021-07-27 10:27:55][Server]User #1 x-Loc=50 y-Loc=300 xHead=1  Act=0 HP=100 MP=0
[INFO][2021-07-27 10:27:55][Server]User #2 x-Loc=400 y-Loc=300 xHead=0  Act=1 HP=100 MP=0
[INFO][2021-07-27 10:27:55][Server]client #2 transferred baofengzi #7985
[INFO][2021-07-27 10:27:55][Server]User #1 x-Loc=50 y-Loc=300 xHead=1  Act=0 HP=100 MP=0
[INFO][2021-07-27 10:27:55][Server]User #2 x-Loc=400 y-Loc=300 xHead=0  Act=0 HP=100 MP=0
[INFO][2021-07-27 10:27:55][Server]client #2 transferred baofengzi #7985
[INFO][2021-07-27 10:27:55][Server]User #1 x-Loc=50 y-Loc=300 xHead=1  Act=0 HP=100 MP=0
[INFO][2021-07-27 10:27:55][Server]User #2 x-Loc=350 y-Loc=300 xHead=0  Act=1 HP=100 MP=0
[INFO][2021-07-27 10:27:55][Server]client #2 transferred baofengzi #7985
[INFO][2021-07-27 10:27:55][Server]User #1 x-Loc=50 y-Loc=300 xHead=1  Act=0 HP=100 MP=0
[INFO][2021-07-27 10:27:55][Server]User #2 x-Loc=350 y-Loc=300 xHead=0  Act=0 HP=100 MP=0
[INFO][2021-07-27 10:27:55][Server]client #2 transferred baofengzi #7985
[INFO][2021-07-27 10:27:55][Server]User #1 x-Loc=50 y-Loc=300 xHead=1  Act=0 HP=100 MP=0
[INFO][2021-07-27 10:27:55][Server]User #2 x-Loc=300 y-Loc=300 xHead=0  Act=1 HP=100 MP=0
[INFO][2021-07-27 10:27:55][Server]client #2 transferred baofengzi #7985
[INFO][2021-07-27 10:27:55][Server]User #1 x-Loc=50 y-Loc=300 xHead=1  Act=0 HP=100 MP=0
[INFO][2021-07-27 10:27:55][Server]User #2 x-Loc=300 y-Loc=300 xHead=0  Act=0 HP=100 MP=0
[INFO][2021-07-27 10:27:55][Server]client #2 transferred baofengzi #7985
[INFO][2021-07-27 10:27:55][Server]User #1 x-Loc=50 y-Loc=300 xHead=1  Act=0 HP=100 MP=0
[INFO][2021-07-27 10:27:55][Server]User #2 x-Loc=250 y-Loc=300 xHead=0  Act=1 HP=100 MP=0
[INFO][2021-07-27 10:27:55][Server]client #2 transferred baofengzi #7985
[INFO][2021-07-27 10:27:55][Server]User #1 x-Loc=50 y-Loc=300 xHead=1  Act=0 HP=100 MP=0
[INFO][2021-07-27 10:27:55][Server]User #2 x-Loc=250 y-Loc=300 xHead=0  Act=0 HP=100 MP=0
[INFO][2021-07-27 10:27:55][Server]client #2 transferred baofengzi #7985
[INFO][2021-07-27 10:27:55][Server]User #1 x-Loc=50 y-Loc=300 xHead=1  Act=0 HP=100 MP=0
[INFO][2021-07-27 10:27:55][Server]User #2 x-Loc=200 y-Loc=300 xHead=0  Act=1 HP=100 MP=0
[INFO][2021-07-27 10:27:55][Server]client #2 transferred baofengzi #7985
[INFO][2021-07-27 10:27:55][Server]User #1 x-Loc=50 y-Loc=300 xHead=1  Act=0 HP=100 MP=0
[INFO][2021-07-27 10:27:55][Server]User #2 x-Loc=200 y-Loc=300 xHead=0  Act=0 HP=100 MP=0
[INFO][2021-07-27 10:27:55][Server]client #2 transferred baofengzi #7985
[INFO][2021-07-27 10:27:55][Server]User #1 x-Loc=50 y-Loc=300 xHead=1  Act=0 HP=100 MP=0
[INFO][2021-07-27 10:27:55][Server]User #2 x-Loc=150 y-Loc=300 xHead=0  Act=1 HP=100 MP=0
[INFO][2021-07-27 10:27:55][Server]client #2 transferred baofengzi #7985
[INFO][2021-07-27 10:27:55][Server]User #1 x-Loc=50 y-Loc=300 xHead=1  Act=0 HP=100 MP=0
[INFO][2021-07-27 10:27:55][Server]User #2 x-Loc=150 y-Loc=300 xHead=0  Act=0 HP=100 MP=0
[INFO][2021-07-27 10:27:55][Server]client #2 transferred baofengzi #7985
[INFO][2021-07-27 10:27:55][Server]User #1 x-Loc=50 y-Loc=300 xHead=1  Act=0 HP=100 MP=0
[INFO][2021-07-27 10:27:55][Server]User #2 x-Loc=100 y-Loc=300 xHead=0  Act=1 HP=100 MP=0
[INFO][2021-07-27 10:27:55][Server]client #2 transferred baofengzi #7985
[INFO][2021-07-27 10:27:55][Server]User #1 x-Loc=50 y-Loc=300 xHead=1  Act=0 HP=100 MP=0
[INFO][2021-07-27 10:27:55][Server]User #2 x-Loc=100 y-Loc=300 xHead=0  Act=0 HP=100 MP=0
[INFO][2021-07-27 10:27:56][Server]client #2 transferred baofengzi #7985
[INFO][2021-07-27 10:27:56][Server]Player #2 Attack Player #1. Got Damage 10pts.
        Now Player #1 HP is 90   MP is 1
            Player #2 HP is 100   MP is 3
[INFO][2021-07-27 10:27:56][Server]User #1 x-Loc=50 y-Loc=300 xHead=1  Act=15 HP=90 MP=1
[INFO][2021-07-27 10:27:56][Server]User #2 x-Loc=100 y-Loc=300 xHead=0  Act=10 HP=100 MP=3
[INFO][2021-07-27 10:27:56][Server]client #2 transferred baofengzi #7985
[INFO][2021-07-27 10:27:56][Server]User #1 x-Loc=50 y-Loc=300 xHead=1  Act=15 HP=90 MP=1
[INFO][2021-07-27 10:27:56][Server]User #2 x-Loc=100 y-Loc=300 xHead=0  Act=0 HP=100 MP=3
[INFO][2021-07-27 10:27:56][Server]client #2 transferred baofengzi #7985
[INFO][2021-07-27 10:27:56][Server]User #1 x-Loc=50 y-Loc=300 xHead=1  Act=15 HP=90 MP=1
[INFO][2021-07-27 10:27:56][Server]User #2 x-Loc=50 y-Loc=300 xHead=0  Act=1 HP=100 MP=3
[INFO][2021-07-27 10:27:56][Server]client #2 transferred baofengzi #7985
[INFO][2021-07-27 10:27:56][Server]User #1 x-Loc=50 y-Loc=300 xHead=1  Act=15 HP=90 MP=1
[INFO][2021-07-27 10:27:56][Server]User #2 x-Loc=50 y-Loc=300 xHead=0  Act=0 HP=100 MP=3
[INFO][2021-07-27 10:27:57][Server]client #2 transferred baofengzi #7985
[INFO][2021-07-27 10:27:57][Server]Player #2 Attack Player #1. Got Damage 10pts.
        Now Player #1 HP is 80   MP is 2
            Player #2 HP is 100   MP is 6
[INFO][2021-07-27 10:27:57][Server]User #1 x-Loc=50 y-Loc=300 xHead=1  Act=16 HP=80 MP=2
[INFO][2021-07-27 10:27:57][Server]User #2 x-Loc=50 y-Loc=300 xHead=0  Act=10 HP=100 MP=6
[INFO][2021-07-27 10:27:57][Server]client #2 transferred baofengzi #7985
[INFO][2021-07-27 10:27:57][Server]User #1 x-Loc=50 y-Loc=300 xHead=1  Act=16 HP=80 MP=2
[INFO][2021-07-27 10:27:57][Server]User #2 x-Loc=50 y-Loc=300 xHead=0  Act=0 HP=100 MP=6
[INFO][2021-07-27 10:27:57][Server]client #2 transferred baofengzi #7985
[INFO][2021-07-27 10:27:57][Server]Player #2 Attack Player #1. Got Damage 10pts.
        Now Player #1 HP is 70   MP is 3
            Player #2 HP is 100   MP is 9
[INFO][2021-07-27 10:27:57][Server]User #1 x-Loc=50 y-Loc=300 xHead=1  Act=17 HP=70 MP=3
[INFO][2021-07-27 10:27:57][Server]User #2 x-Loc=50 y-Loc=300 xHead=0  Act=10 HP=100 MP=9
[INFO][2021-07-27 10:27:57][Server]client #2 transferred baofengzi #7985
[INFO][2021-07-27 10:27:57][Server]User #1 x-Loc=50 y-Loc=300 xHead=1  Act=17 HP=70 MP=3
[INFO][2021-07-27 10:27:57][Server]User #2 x-Loc=50 y-Loc=300 xHead=0  Act=0 HP=100 MP=9
[INFO][2021-07-27 10:27:58][Server]client #2 transferred baofengzi #7985
[INFO][2021-07-27 10:27:58][Server]Player #2 Attack Player #1. Got Damage 10pts.
        Now Player #1 HP is 60   MP is 4
            Player #2 HP is 100   MP is 12
[INFO][2021-07-27 10:27:58][Server]User #1 x-Loc=50 y-Loc=300 xHead=1  Act=0 HP=60 MP=4
[INFO][2021-07-27 10:27:58][Server]User #2 x-Loc=50 y-Loc=300 xHead=0  Act=11 HP=100 MP=12
[INFO][2021-07-27 10:27:58][Server]client #2 transferred baofengzi #7985
[INFO][2021-07-27 10:27:58][Server]User #1 x-Loc=50 y-Loc=300 xHead=1  Act=0 HP=60 MP=4
[INFO][2021-07-27 10:27:58][Server]User #2 x-Loc=50 y-Loc=300 xHead=0  Act=0 HP=100 MP=12
[INFO][2021-07-27 10:27:58][Server]client #2 transferred baofengzi #7985
[INFO][2021-07-27 10:27:58][Server]User #1 x-Loc=50 y-Loc=300 xHead=1  Act=0 HP=60 MP=4
[INFO][2021-07-27 10:27:58][Server]User #2 x-Loc=100 y-Loc=300 xHead=1  Act=1 HP=100 MP=12
[INFO][2021-07-27 10:27:59][Server]client #2 transferred baofengzi #7985
[INFO][2021-07-27 10:27:59][Server]User #1 x-Loc=50 y-Loc=300 xHead=1  Act=0 HP=60 MP=4
[INFO][2021-07-27 10:27:59][Server]User #2 x-Loc=100 y-Loc=300 xHead=1  Act=0 HP=100 MP=12
[INFO][2021-07-27 10:27:59][Server]client #2 transferred baofengzi #7985
[INFO][2021-07-27 10:27:59][Server]User #1 x-Loc=50 y-Loc=300 xHead=1  Act=0 HP=60 MP=4
[INFO][2021-07-27 10:27:59][Server]User #2 x-Loc=150 y-Loc=300 xHead=1  Act=1 HP=100 MP=12
[INFO][2021-07-27 10:27:59][Server]client #2 transferred baofengzi #7985
[INFO][2021-07-27 10:27:59][Server]User #1 x-Loc=50 y-Loc=300 xHead=1  Act=0 HP=60 MP=4
[INFO][2021-07-27 10:27:59][Server]User #2 x-Loc=150 y-Loc=300 xHead=1  Act=0 HP=100 MP=12
[INFO][2021-07-27 10:27:59][Server]client #2 transferred baofengzi #7985
[INFO][2021-07-27 10:27:59][Server]User #1 x-Loc=50 y-Loc=300 xHead=1  Act=0 HP=60 MP=4
[INFO][2021-07-27 10:27:59][Server]User #2 x-Loc=200 y-Loc=300 xHead=1  Act=1 HP=100 MP=12
[INFO][2021-07-27 10:27:59][Server]client #2 transferred baofengzi #7985
[INFO][2021-07-27 10:27:59][Server]User #1 x-Loc=50 y-Loc=300 xHead=1  Act=0 HP=60 MP=4
[INFO][2021-07-27 10:27:59][Server]User #2 x-Loc=200 y-Loc=300 xHead=1  Act=0 HP=100 MP=12
[INFO][2021-07-27 10:27:59][Server]client #2 transferred baofengzi #7985
[INFO][2021-07-27 10:27:59][Server]User #1 x-Loc=50 y-Loc=300 xHead=1  Act=0 HP=60 MP=4
[INFO][2021-07-27 10:27:59][Server]User #2 x-Loc=250 y-Loc=300 xHead=1  Act=1 HP=100 MP=12
[INFO][2021-07-27 10:27:59][Server]client #2 transferred baofengzi #7985
[INFO][2021-07-27 10:27:59][Server]User #1 x-Loc=50 y-Loc=300 xHead=1  Act=0 HP=60 MP=4
[INFO][2021-07-27 10:27:59][Server]User #2 x-Loc=250 y-Loc=300 xHead=1  Act=0 HP=100 MP=12
[INFO][2021-07-27 10:27:59][Server]client #2 transferred baofengzi #7985
[INFO][2021-07-27 10:27:59][Server]User #1 x-Loc=50 y-Loc=300 xHead=1  Act=0 HP=60 MP=4
[INFO][2021-07-27 10:27:59][Server]User #2 x-Loc=300 y-Loc=300 xHead=1  Act=1 HP=100 MP=12
[INFO][2021-07-27 10:27:59][Server]client #2 transferred baofengzi #7985
[INFO][2021-07-27 10:27:59][Server]User #1 x-Loc=50 y-Loc=300 xHead=1  Act=0 HP=60 MP=4
[INFO][2021-07-27 10:27:59][Server]User #2 x-Loc=300 y-Loc=300 xHead=1  Act=0 HP=100 MP=12
[INFO][2021-07-27 10:27:59][Server]client #2 transferred baofengzi #7985
[INFO][2021-07-27 10:27:59][Server]User #1 x-Loc=50 y-Loc=300 xHead=1  Act=0 HP=60 MP=4
[INFO][2021-07-27 10:27:59][Server]User #2 x-Loc=350 y-Loc=300 xHead=1  Act=1 HP=100 MP=12
[INFO][2021-07-27 10:27:59][Server]client #2 transferred baofengzi #7985
[INFO][2021-07-27 10:27:59][Server]User #1 x-Loc=50 y-Loc=300 xHead=1  Act=0 HP=60 MP=4
[INFO][2021-07-27 10:27:59][Server]User #2 x-Loc=350 y-Loc=300 xHead=1  Act=0 HP=100 MP=12
[INFO][2021-07-27 10:27:59][Server]client #2 transferred baofengzi #7985
[INFO][2021-07-27 10:27:59][Server]User #1 x-Loc=50 y-Loc=300 xHead=1  Act=0 HP=60 MP=4
[INFO][2021-07-27 10:27:59][Server]User #2 x-Loc=300 y-Loc=300 xHead=0  Act=1 HP=100 MP=12
[INFO][2021-07-27 10:27:59][Server]client #2 transferred baofengzi #7985
[INFO][2021-07-27 10:27:59][Server]User #1 x-Loc=50 y-Loc=300 xHead=1  Act=0 HP=60 MP=4
[INFO][2021-07-27 10:27:59][Server]User #2 x-Loc=300 y-Loc=300 xHead=0  Act=0 HP=100 MP=12
[INFO][2021-07-27 10:28:00][Server]client #2 transferred baofengzi #7985
[INFO][2021-07-27 10:28:00][Server]User #1 x-Loc=50 y-Loc=300 xHead=1  Act=0 HP=60 MP=4
[INFO][2021-07-27 10:28:00][Server]User #2 x-Loc=250 y-Loc=300 xHead=0  Act=1 HP=100 MP=12
[INFO][2021-07-27 10:28:00][Server]client #2 transferred baofengzi #7985
[INFO][2021-07-27 10:28:00][Server]User #1 x-Loc=50 y-Loc=300 xHead=1  Act=0 HP=60 MP=4
[INFO][2021-07-27 10:28:00][Server]User #2 x-Loc=250 y-Loc=300 xHead=0  Act=0 HP=100 MP=12
[INFO][2021-07-27 10:28:00][Server]client #2 transferred baofengzi #7985
[INFO][2021-07-27 10:28:00][Server]User #1 x-Loc=50 y-Loc=300 xHead=1  Act=0 HP=60 MP=4
[INFO][2021-07-27 10:28:00][Server]User #2 x-Loc=200 y-Loc=300 xHead=0  Act=1 HP=100 MP=12
[INFO][2021-07-27 10:28:00][Server]client #2 transferred baofengzi #7985
[INFO][2021-07-27 10:28:00][Server]User #1 x-Loc=50 y-Loc=300 xHead=1  Act=0 HP=60 MP=4
[INFO][2021-07-27 10:28:00][Server]User #2 x-Loc=200 y-Loc=300 xHead=0  Act=0 HP=100 MP=12
[INFO][2021-07-27 10:28:00][Server]client #2 transferred baofengzi #7985
[INFO][2021-07-27 10:28:00][Server]User #1 x-Loc=50 y-Loc=300 xHead=1  Act=0 HP=60 MP=4
[INFO][2021-07-27 10:28:00][Server]User #2 x-Loc=150 y-Loc=300 xHead=0  Act=1 HP=100 MP=12
[INFO][2021-07-27 10:28:00][Server]client #2 transferred baofengzi #7985
[INFO][2021-07-27 10:28:00][Server]User #1 x-Loc=50 y-Loc=300 xHead=1  Act=0 HP=60 MP=4
[INFO][2021-07-27 10:28:00][Server]User #2 x-Loc=150 y-Loc=300 xHead=0  Act=0 HP=100 MP=12
[INFO][2021-07-27 10:28:00][Server]client #2 transferred baofengzi #7985
[INFO][2021-07-27 10:28:00][Server]User #1 x-Loc=50 y-Loc=300 xHead=1  Act=0 HP=60 MP=4
[INFO][2021-07-27 10:28:00][Server]User #2 x-Loc=100 y-Loc=300 xHead=0  Act=1 HP=100 MP=12
[INFO][2021-07-27 10:28:00][Server]client #2 transferred baofengzi #7985
[INFO][2021-07-27 10:28:00][Server]User #1 x-Loc=50 y-Loc=300 xHead=1  Act=0 HP=60 MP=4
[INFO][2021-07-27 10:28:00][Server]User #2 x-Loc=100 y-Loc=300 xHead=0  Act=0 HP=100 MP=12
[INFO][2021-07-27 10:28:00][Server]client #2 transferred baofengzi #7985
[INFO][2021-07-27 10:28:00][Server]User #1 x-Loc=50 y-Loc=300 xHead=1  Act=0 HP=60 MP=4
[INFO][2021-07-27 10:28:00][Server]User #2 x-Loc=50 y-Loc=300 xHead=0  Act=1 HP=100 MP=12
[INFO][2021-07-27 10:28:00][Server]client #2 transferred baofengzi #7985
[INFO][2021-07-27 10:28:00][Server]User #1 x-Loc=50 y-Loc=300 xHead=1  Act=0 HP=60 MP=4
[INFO][2021-07-27 10:28:00][Server]User #2 x-Loc=50 y-Loc=300 xHead=0  Act=0 HP=100 MP=12
[INFO][2021-07-27 10:28:00][Server]client #2 transferred baofengzi #7985
[INFO][2021-07-27 10:28:00][Server]User #1 x-Loc=50 y-Loc=300 xHead=1  Act=0 HP=60 MP=4
[INFO][2021-07-27 10:28:00][Server]User #2 x-Loc=100 y-Loc=300 xHead=1  Act=1 HP=100 MP=12
[INFO][2021-07-27 10:28:00][Server]client #2 transferred baofengzi #7985
[INFO][2021-07-27 10:28:00][Server]User #1 x-Loc=50 y-Loc=300 xHead=1  Act=0 HP=60 MP=4
[INFO][2021-07-27 10:28:00][Server]User #2 x-Loc=100 y-Loc=300 xHead=1  Act=0 HP=100 MP=12
[INFO][2021-07-27 10:28:01][Server]client #2 transferred baofengzi #7985
[INFO][2021-07-27 10:28:01][Server]User #1 x-Loc=50 y-Loc=300 xHead=1  Act=0 HP=60 MP=4
[INFO][2021-07-27 10:28:01][Server]User #2 x-Loc=150 y-Loc=300 xHead=1  Act=1 HP=100 MP=12
[INFO][2021-07-27 10:28:01][Server]client #2 transferred baofengzi #7985
[INFO][2021-07-27 10:28:01][Server]User #1 x-Loc=50 y-Loc=300 xHead=1  Act=0 HP=60 MP=4
[INFO][2021-07-27 10:28:01][Server]User #2 x-Loc=150 y-Loc=300 xHead=1  Act=0 HP=100 MP=12
[INFO][2021-07-27 10:28:01][Server]client #2 transferred baofengzi #7985
[INFO][2021-07-27 10:28:01][Server]User #1 x-Loc=50 y-Loc=300 xHead=1  Act=0 HP=60 MP=4
[INFO][2021-07-27 10:28:01][Server]User #2 x-Loc=200 y-Loc=300 xHead=1  Act=1 HP=100 MP=12
[INFO][2021-07-27 10:28:01][Server]client #2 transferred baofengzi #7985
[INFO][2021-07-27 10:28:01][Server]User #1 x-Loc=50 y-Loc=300 xHead=1  Act=0 HP=60 MP=4
[INFO][2021-07-27 10:28:01][Server]User #2 x-Loc=200 y-Loc=300 xHead=1  Act=0 HP=100 MP=12
[INFO][2021-07-27 10:28:01][Server]client #2 transferred baofengzi #7985
[INFO][2021-07-27 10:28:01][Server]User #1 x-Loc=50 y-Loc=300 xHead=1  Act=0 HP=60 MP=4
[INFO][2021-07-27 10:28:01][Server]User #2 x-Loc=250 y-Loc=300 xHead=1  Act=1 HP=100 MP=12
[INFO][2021-07-27 10:28:01][Server]client #2 transferred baofengzi #7985
[INFO][2021-07-27 10:28:01][Server]User #1 x-Loc=50 y-Loc=300 xHead=1  Act=0 HP=60 MP=4
[INFO][2021-07-27 10:28:01][Server]User #2 x-Loc=250 y-Loc=300 xHead=1  Act=0 HP=100 MP=12
[INFO][2021-07-27 10:28:01][Server]client #2 transferred baofengzi #7985
[INFO][2021-07-27 10:28:01][Server]User #1 x-Loc=50 y-Loc=300 xHead=1  Act=0 HP=60 MP=4
[INFO][2021-07-27 10:28:01][Server]User #2 x-Loc=300 y-Loc=300 xHead=1  Act=1 HP=100 MP=12
[INFO][2021-07-27 10:28:01][Server]client #2 transferred baofengzi #7985
[INFO][2021-07-27 10:28:01][Server]User #1 x-Loc=50 y-Loc=300 xHead=1  Act=0 HP=60 MP=4
[INFO][2021-07-27 10:28:01][Server]User #2 x-Loc=300 y-Loc=300 xHead=1  Act=0 HP=100 MP=12
[INFO][2021-07-27 10:28:01][Server]client #2 transferred baofengzi #7985
[INFO][2021-07-27 10:28:01][Server]User #1 x-Loc=50 y-Loc=300 xHead=1  Act=0 HP=60 MP=4
[INFO][2021-07-27 10:28:01][Server]User #2 x-Loc=250 y-Loc=300 xHead=0  Act=1 HP=100 MP=12
[INFO][2021-07-27 10:28:01][Server]client #2 transferred baofengzi #7985
[INFO][2021-07-27 10:28:01][Server]User #1 x-Loc=50 y-Loc=300 xHead=1  Act=0 HP=60 MP=4
[INFO][2021-07-27 10:28:01][Server]User #2 x-Loc=250 y-Loc=300 xHead=0  Act=0 HP=100 MP=12
[INFO][2021-07-27 10:28:02][Server]client #2 transferred baofengzi #7985
[INFO][2021-07-27 10:28:02][Server]User #1 x-Loc=50 y-Loc=300 xHead=1  Act=0 HP=60 MP=4
[INFO][2021-07-27 10:28:02][Server]User #2 x-Loc=200 y-Loc=300 xHead=0  Act=1 HP=100 MP=12
[INFO][2021-07-27 10:28:02][Server]client #2 transferred baofengzi #7985
[INFO][2021-07-27 10:28:02][Server]User #1 x-Loc=50 y-Loc=300 xHead=1  Act=0 HP=60 MP=4
[INFO][2021-07-27 10:28:02][Server]User #2 x-Loc=200 y-Loc=300 xHead=0  Act=0 HP=100 MP=12
[INFO][2021-07-27 10:28:02][Server]client #2 transferred baofengzi #7985
[INFO][2021-07-27 10:28:02][Server]User #1 x-Loc=50 y-Loc=300 xHead=1  Act=0 HP=60 MP=4
[INFO][2021-07-27 10:28:02][Server]User #2 x-Loc=150 y-Loc=300 xHead=0  Act=1 HP=100 MP=12
[INFO][2021-07-27 10:28:02][Server]client #2 transferred baofengzi #7985
[INFO][2021-07-27 10:28:02][Server]User #1 x-Loc=50 y-Loc=300 xHead=1  Act=0 HP=60 MP=4
[INFO][2021-07-27 10:28:02][Server]User #2 x-Loc=150 y-Loc=300 xHead=0  Act=0 HP=100 MP=12
[INFO][2021-07-27 10:28:02][Server]client #2 transferred baofengzi #7985
[INFO][2021-07-27 10:28:02][Server]User #1 x-Loc=50 y-Loc=300 xHead=1  Act=0 HP=60 MP=4
[INFO][2021-07-27 10:28:02][Server]User #2 x-Loc=100 y-Loc=300 xHead=0  Act=1 HP=100 MP=12
[INFO][2021-07-27 10:28:02][Server]client #2 transferred baofengzi #7985
[INFO][2021-07-27 10:28:02][Server]User #1 x-Loc=50 y-Loc=300 xHead=1  Act=0 HP=60 MP=4
[INFO][2021-07-27 10:28:02][Server]User #2 x-Loc=100 y-Loc=300 xHead=0  Act=0 HP=100 MP=12
[INFO][2021-07-27 10:28:02][Server]client #2 transferred baofengzi #7985
[INFO][2021-07-27 10:28:02][Server]User #1 x-Loc=50 y-Loc=300 xHead=1  Act=0 HP=60 MP=4
[INFO][2021-07-27 10:28:02][Server]User #2 x-Loc=50 y-Loc=300 xHead=0  Act=1 HP=100 MP=12
[INFO][2021-07-27 10:28:02][Server]client #2 transferred baofengzi #7985
[INFO][2021-07-27 10:28:02][Server]User #1 x-Loc=50 y-Loc=300 xHead=1  Act=0 HP=60 MP=4
[INFO][2021-07-27 10:28:02][Server]User #2 x-Loc=50 y-Loc=300 xHead=0  Act=0 HP=100 MP=12
[INFO][2021-07-27 10:28:04][Server]client #2 transferred baofengzi #7985
[INFO][2021-07-27 10:28:04][Server]Player #2 Attack Player #1. Got Damage 10pts.
        Now Player #1 HP is 50   MP is 5
            Player #2 HP is 100   MP is 15
[INFO][2021-07-27 10:28:04][Server]User #1 x-Loc=50 y-Loc=300 xHead=1  Act=15 HP=50 MP=5
[INFO][2021-07-27 10:28:04][Server]User #2 x-Loc=50 y-Loc=300 xHead=0  Act=10 HP=100 MP=15
[INFO][2021-07-27 10:28:04][Server]client #2 transferred baofengzi #7985
[INFO][2021-07-27 10:28:04][Server]User #1 x-Loc=50 y-Loc=300 xHead=1  Act=15 HP=50 MP=5
[INFO][2021-07-27 10:28:04][Server]User #2 x-Loc=50 y-Loc=300 xHead=0  Act=0 HP=100 MP=15
[INFO][2021-07-27 10:28:04][Server]client #2 transferred baofengzi #7985
[INFO][2021-07-27 10:28:04][Server]Player #2 Attack Player #1. Got Damage 10pts.
        Now Player #1 HP is 40   MP is 6
            Player #2 HP is 100   MP is 15
[INFO][2021-07-27 10:28:04][Server]User #1 x-Loc=50 y-Loc=300 xHead=1  Act=16 HP=40 MP=6
[INFO][2021-07-27 10:28:04][Server]User #2 x-Loc=50 y-Loc=300 xHead=0  Act=10 HP=100 MP=15
[INFO][2021-07-27 10:28:05][Server]client #2 transferred baofengzi #7985
[INFO][2021-07-27 10:28:05][Server]User #1 x-Loc=50 y-Loc=300 xHead=1  Act=16 HP=40 MP=6
[INFO][2021-07-27 10:28:05][Server]User #2 x-Loc=50 y-Loc=300 xHead=0  Act=0 HP=100 MP=15
[WARNING][2021-07-27 10:28:08][Server]client 1 Exception ! 
[WARNING][2021-07-27 10:28:09][Server]client 2 Exception ! 
