[INFO][2021-07-26 16:26:44]Send stand
[INFO][2021-07-26 16:27:00]Send normal attack
[INFO][2021-07-26 16:27:00]Send stand
[INFO][2021-07-26 16:27:03]Send normal attack
[INFO][2021-07-26 16:27:03]Send stand
[INFO][2021-07-26 16:27:05]Send right move
[INFO][2021-07-26 16:27:05]Send stand
[INFO][2021-07-26 16:27:06]Send right move
[INFO][2021-07-26 16:27:06]Send stand
[INFO][2021-07-26 16:27:06]Send right move
[INFO][2021-07-26 16:27:06]Send stand
[INFO][2021-07-26 16:27:06]Send right move
[INFO][2021-07-26 16:27:06]Send stand
[INFO][2021-07-26 16:27:06]Send right move
[INFO][2021-07-26 16:27:06]Send stand
[INFO][2021-07-26 16:27:07]Send right move
[INFO][2021-07-26 16:27:07]Send stand
[INFO][2021-07-26 16:27:07]Send right move
[INFO][2021-07-26 16:27:07]Send stand
[INFO][2021-07-26 16:27:07]Send right move
[INFO][2021-07-26 16:27:07]Send stand
[INFO][2021-07-26 16:27:07]Send right move
[INFO][2021-07-26 16:27:07]Send stand
[INFO][2021-07-26 16:27:07]Send right move
[INFO][2021-07-26 16:27:07]Send stand
[INFO][2021-07-26 16:27:08]Send right move
[INFO][2021-07-26 16:27:08]Send stand
[INFO][2021-07-26 16:27:08]Send right move
[INFO][2021-07-26 16:27:08]Send stand
[INFO][2021-07-26 16:27:08]Send normal attack
[INFO][2021-07-26 16:27:08]Send stand
[INFO][2021-07-26 16:27:09]Send normal attack
[INFO][2021-07-26 16:27:10]Send stand
[INFO][2021-07-26 16:27:10]Send normal attack
[INFO][2021-07-26 16:27:10]Send stand
[INFO][2021-07-26 16:27:11]Send normal attack
[INFO][2021-07-26 16:27:11]Send stand
[INFO][2021-07-26 16:27:12]Send normal attack
[INFO][2021-07-26 16:27:12]Send stand
[INFO][2021-07-26 16:27:13]Send left move
[INFO][2021-07-26 16:27:13]Send stand
[INFO][2021-07-26 16:27:13]Send left move
[INFO][2021-07-26 16:27:13]Send stand
[INFO][2021-07-26 16:27:13]Send left move
[INFO][2021-07-26 16:27:13]Send stand
[INFO][2021-07-26 16:27:13]Send left move
[INFO][2021-07-26 16:27:13]Send stand
[INFO][2021-07-26 16:27:13]Send left move
[INFO][2021-07-26 16:27:13]Send stand
[INFO][2021-07-26 16:27:14]Send right move
[INFO][2021-07-26 16:27:14]Send stand
[INFO][2021-07-26 16:27:14]Send huge attack
[INFO][2021-07-26 16:27:15]Send stand
[INFO][2021-07-26 16:27:16]Send huge attack
[INFO][2021-07-26 16:27:17]Send stand
[INFO][2021-07-26 16:27:18]Send huge attack
[INFO][2021-07-26 16:27:18]Send stand
[INFO][2021-07-26 16:27:19]Send huge attack
[INFO][2021-07-26 16:27:19]Send stand
[INFO][2021-07-26 16:27:19]Send huge attack
[INFO][2021-07-26 16:27:19]Send stand
[INFO][2021-07-26 16:27:20]Send huge attack
[INFO][2021-07-26 16:27:20]Send stand
[INFO][2021-07-26 16:27:20]Send huge attack
[INFO][2021-07-26 16:27:20]Send stand
[INFO][2021-07-26 16:27:21]Send huge attack
[INFO][2021-07-26 16:27:21]Send stand
[INFO][2021-07-26 16:27:21]Send huge attack
[INFO][2021-07-26 16:27:21]Send stand
