[INFO][2021-07-27 14:14:21]Send stand
[INFO][2021-07-27 14:14:26]Send right move
[INFO][2021-07-27 14:14:26]Send stand
[INFO][2021-07-27 14:14:40]Send right move
[INFO][2021-07-27 14:14:41]Send stand
[INFO][2021-07-27 14:14:41]Send normal attack
[INFO][2021-07-27 14:14:41]Send stand
[INFO][2021-07-27 14:14:41]Send normal attack
[INFO][2021-07-27 14:14:41]Send stand
[INFO][2021-07-27 14:14:42]Send normal attack
[INFO][2021-07-27 14:14:42]Send stand
[INFO][2021-07-27 14:14:42]Send normal attack
[INFO][2021-07-27 14:14:42]Send stand
[INFO][2021-07-27 14:14:42]Send normal attack
[INFO][2021-07-27 14:14:42]Send stand
[INFO][2021-07-27 14:14:42]Send normal attack
[INFO][2021-07-27 14:14:42]Send stand
[INFO][2021-07-27 14:14:42]Send normal attack
[INFO][2021-07-27 14:14:42]Send stand
[INFO][2021-07-27 14:14:42]Send normal attack
[INFO][2021-07-27 14:14:43]Send stand
[INFO][2021-07-27 14:14:43]Send normal attack
[INFO][2021-07-27 14:14:43]Send stand
[INFO][2021-07-27 14:14:43]Send normal attack
[INFO][2021-07-27 14:14:43]Send stand
[INFO][2021-07-27 14:14:43]Send normal attack
[INFO][2021-07-27 14:14:43]Send stand
[INFO][2021-07-27 14:14:43]Send normal attack
[INFO][2021-07-27 14:14:43]Send stand
[INFO][2021-07-27 14:14:44]Send right move
[INFO][2021-07-27 14:14:44]Send stand
[INFO][2021-07-27 14:14:44]Send right move
[INFO][2021-07-27 14:14:44]Send stand
[INFO][2021-07-27 14:14:44]Send left move
[INFO][2021-07-27 14:14:44]Send stand
[INFO][2021-07-27 14:14:44]Send left move
[INFO][2021-07-27 14:14:44]Send stand
[INFO][2021-07-27 14:14:45]Send right move
[INFO][2021-07-27 14:14:45]Send stand
[INFO][2021-07-27 14:14:54]Send right move
[INFO][2021-07-27 14:14:54]Send stand
[INFO][2021-07-27 14:15:04]Send right move
[INFO][2021-07-27 14:15:04]Send stand
[INFO][2021-07-27 14:15:04]Send left move
[INFO][2021-07-27 14:15:04]Send stand
[INFO][2021-07-27 14:15:04]Send left move
[INFO][2021-07-27 14:15:04]Send stand
[INFO][2021-07-27 14:15:04]Send left move
[INFO][2021-07-27 14:15:05]Send stand
[INFO][2021-07-27 14:15:05]Send normal attack
[INFO][2021-07-27 14:15:05]Send stand
[INFO][2021-07-27 14:15:06]Send huge attack
