[INFO][2021-07-26 16:07:48]Send stand
[INFO][2021-07-26 16:07:54]Send right move
[INFO][2021-07-26 16:07:54]Send stand
[INFO][2021-07-26 16:08:03]Send right move
[INFO][2021-07-26 16:08:03]Send stand
[INFO][2021-07-26 16:08:03]Send right move
[INFO][2021-07-26 16:08:03]Send stand
[INFO][2021-07-26 16:08:03]Send right move
[INFO][2021-07-26 16:08:03]Send stand
[INFO][2021-07-26 16:08:03]Send right move
[INFO][2021-07-26 16:08:04]Send stand
[INFO][2021-07-26 16:08:04]Send right move
[INFO][2021-07-26 16:08:04]Send stand
[INFO][2021-07-26 16:08:04]Send right move
[INFO][2021-07-26 16:08:04]Send stand
[INFO][2021-07-26 16:08:04]Send right move
[INFO][2021-07-26 16:08:04]Send stand
[INFO][2021-07-26 16:08:04]Send right move
[INFO][2021-07-26 16:08:04]Send stand
[INFO][2021-07-26 16:08:04]Send right move
[INFO][2021-07-26 16:08:04]Send stand
[INFO][2021-07-26 16:08:04]Send right move
[INFO][2021-07-26 16:08:04]Send stand
[INFO][2021-07-26 16:08:04]Send right move
[INFO][2021-07-26 16:08:04]Send stand
[INFO][2021-07-26 16:08:04]Send normal attack
[INFO][2021-07-26 16:08:04]Send stand
[INFO][2021-07-26 16:08:05]Send normal attack
[INFO][2021-07-26 16:08:05]Send stand
[INFO][2021-07-26 16:08:06]Send normal attack
[INFO][2021-07-26 16:08:06]Send stand
[INFO][2021-07-26 16:08:30]Send left move
[INFO][2021-07-26 16:08:30]Send stand
[INFO][2021-07-26 16:08:30]Send huge attack
[INFO][2021-07-26 16:08:31]Send stand
[INFO][2021-07-26 16:08:31]Send huge attack
[INFO][2021-07-26 16:08:31]Send stand
[INFO][2021-07-26 16:08:31]Send huge attack
[INFO][2021-07-26 16:08:31]Send stand
[INFO][2021-07-26 16:08:32]Send huge attack
[INFO][2021-07-26 16:08:32]Send stand
[INFO][2021-07-26 16:08:32]Send huge attack
[INFO][2021-07-26 16:08:32]Send stand
[INFO][2021-07-26 16:08:32]Send huge attack
[INFO][2021-07-26 16:08:33]Send stand
[INFO][2021-07-26 16:08:33]Send huge attack
[INFO][2021-07-26 16:08:33]Send stand
[INFO][2021-07-26 16:08:33]Send huge attack
[INFO][2021-07-26 16:08:33]Send stand
[INFO][2021-07-26 16:08:33]Send huge attack
[INFO][2021-07-26 16:08:33]Send stand
[INFO][2021-07-26 16:08:33]Send huge attack
[INFO][2021-07-26 16:08:33]Send stand
[INFO][2021-07-26 16:08:34]Send left move
[INFO][2021-07-26 16:08:34]Send stand
[INFO][2021-07-26 16:08:34]Send left move
[INFO][2021-07-26 16:08:34]Send stand
[INFO][2021-07-26 16:08:35]Send left move
[INFO][2021-07-26 16:08:35]Send stand
[INFO][2021-07-26 16:08:35]Send left move
[INFO][2021-07-26 16:08:35]Send stand
[INFO][2021-07-26 16:08:35]Send left move
[INFO][2021-07-26 16:08:35]Send stand
[INFO][2021-07-26 16:08:35]Send normal attack
[INFO][2021-07-26 16:08:35]Send stand
[INFO][2021-07-26 16:08:36]Send normal attack
[INFO][2021-07-26 16:08:36]Send stand
[INFO][2021-07-26 16:08:36]Send right move
[INFO][2021-07-26 16:08:37]Send stand
[INFO][2021-07-26 16:08:37]Send right move
[INFO][2021-07-26 16:08:37]Send stand
[INFO][2021-07-26 16:08:37]Send right move
[INFO][2021-07-26 16:08:37]Send stand
[INFO][2021-07-26 16:08:37]Send right move
[INFO][2021-07-26 16:08:37]Send stand
[INFO][2021-07-26 16:08:37]Send huge attack
[INFO][2021-07-26 16:08:37]Send stand
[INFO][2021-07-26 16:08:38]Send huge attack
[INFO][2021-07-26 16:08:38]Send stand
[INFO][2021-07-26 16:08:38]Send huge attack
[INFO][2021-07-26 16:08:38]Send stand
[INFO][2021-07-26 16:08:38]Send huge attack
[INFO][2021-07-26 16:08:38]Send stand
[INFO][2021-07-26 16:08:38]Send huge attack
[INFO][2021-07-26 16:08:38]Send stand
[INFO][2021-07-26 16:08:39]Send huge attack
[INFO][2021-07-26 16:08:39]Send stand
[INFO][2021-07-26 16:08:39]Send huge attack
[INFO][2021-07-26 16:08:39]Send stand
[INFO][2021-07-26 16:08:39]Send huge attack
[INFO][2021-07-26 16:08:39]Send stand
[INFO][2021-07-26 16:08:39]Send left move
[INFO][2021-07-26 16:08:39]Send stand
[INFO][2021-07-26 16:08:40]Send left move
[INFO][2021-07-26 16:08:40]Send stand
[INFO][2021-07-26 16:08:40]Send left move
[INFO][2021-07-26 16:08:40]Send stand
[INFO][2021-07-26 16:08:40]Send left move
[INFO][2021-07-26 16:08:40]Send stand
[INFO][2021-07-26 16:08:40]Send huge attack
[INFO][2021-07-26 16:08:40]Send stand
[INFO][2021-07-26 16:08:41]Send left move
[INFO][2021-07-26 16:08:41]Send stand
[INFO][2021-07-26 16:08:42]Send left move
[INFO][2021-07-26 16:08:42]Send stand
[INFO][2021-07-26 16:08:42]Send left move
[INFO][2021-07-26 16:08:42]Send stand
[INFO][2021-07-26 16:08:42]Send left move
[INFO][2021-07-26 16:08:42]Send stand
[INFO][2021-07-26 16:08:42]Send right move
[INFO][2021-07-26 16:08:42]Send stand
[INFO][2021-07-26 16:09:39]Send right move
[INFO][2021-07-26 16:09:39]Send stand
[INFO][2021-07-26 16:09:41]Send normal attack
[INFO][2021-07-26 16:09:41]Send stand
[INFO][2021-07-26 16:09:44]Send left move
[INFO][2021-07-26 16:09:44]Send stand
[INFO][2021-07-26 16:09:44]Send right move
[INFO][2021-07-26 16:09:44]Send stand
[INFO][2021-07-26 16:09:58]Send right move
[INFO][2021-07-26 16:09:58]Send stand
[INFO][2021-07-26 16:09:59]Send hard attack
[INFO][2021-07-26 16:09:59]Send stand
[INFO][2021-07-26 16:09:59]Send hard attack
[INFO][2021-07-26 16:09:59]Send stand
[INFO][2021-07-26 16:09:59]Send hard attack
[INFO][2021-07-26 16:09:59]Send stand
[INFO][2021-07-26 16:09:59]Send normal attack
[INFO][2021-07-26 16:09:59]Send stand
[INFO][2021-07-26 16:09:59]Send normal attack
[INFO][2021-07-26 16:09:59]Send stand
[INFO][2021-07-26 16:10:00]Send normal attack
[INFO][2021-07-26 16:10:00]Send stand
[INFO][2021-07-26 16:10:00]Send normal attack
[INFO][2021-07-26 16:10:00]Send stand
[INFO][2021-07-26 16:10:00]Send normal attack
[INFO][2021-07-26 16:10:00]Send stand
[INFO][2021-07-26 16:10:01]Send normal attack
[INFO][2021-07-26 16:10:01]Send stand
[INFO][2021-07-26 16:10:01]Send hard attack
[INFO][2021-07-26 16:10:01]Send stand
[INFO][2021-07-26 16:10:01]Send normal attack
[INFO][2021-07-26 16:10:02]Send stand
[INFO][2021-07-26 16:10:02]Send hard attack
[INFO][2021-07-26 16:10:02]Send stand
[INFO][2021-07-26 16:10:02]Send normal attack
[INFO][2021-07-26 16:10:02]Send stand
[INFO][2021-07-26 16:10:02]Send hard attack
[INFO][2021-07-26 16:10:02]Send stand
[INFO][2021-07-26 16:10:02]Send normal attack
[INFO][2021-07-26 16:10:02]Send stand
[INFO][2021-07-26 16:10:02]Send hard attack
[INFO][2021-07-26 16:10:02]Send stand
[INFO][2021-07-26 16:10:02]Send normal attack
[INFO][2021-07-26 16:10:03]Send stand
[INFO][2021-07-26 16:10:03]Send hard attack
[INFO][2021-07-26 16:10:03]Send stand
[INFO][2021-07-26 16:10:03]Send normal attack
[INFO][2021-07-26 16:10:03]Send stand
[INFO][2021-07-26 16:10:03]Send hard attack
[INFO][2021-07-26 16:10:03]Send stand
[INFO][2021-07-26 16:10:03]Send normal attack
[INFO][2021-07-26 16:10:03]Send stand
[INFO][2021-07-26 16:10:03]Send hard attack
[INFO][2021-07-26 16:10:03]Send stand
[INFO][2021-07-26 16:10:03]Send normal attack
[INFO][2021-07-26 16:10:04]Send stand
[INFO][2021-07-26 16:10:04]Send hard attack
[INFO][2021-07-26 16:10:04]Send stand
[INFO][2021-07-26 16:10:04]Send normal attack
[INFO][2021-07-26 16:10:04]Send stand
[INFO][2021-07-26 16:10:04]Send hard attack
[INFO][2021-07-26 16:10:04]Send stand
[INFO][2021-07-26 16:10:04]Send normal attack
[INFO][2021-07-26 16:10:04]Send stand
[INFO][2021-07-26 16:10:04]Send hard attack
[INFO][2021-07-26 16:10:04]Send stand
[INFO][2021-07-26 16:10:04]Send normal attack
[INFO][2021-07-26 16:10:05]Send stand
[INFO][2021-07-26 16:10:05]Send hard attack
[INFO][2021-07-26 16:10:05]Send stand
[INFO][2021-07-26 16:10:05]Send normal attack
[INFO][2021-07-26 16:10:05]Send stand
[INFO][2021-07-26 16:10:05]Send hard attack
[INFO][2021-07-26 16:10:05]Send stand
[INFO][2021-07-26 16:10:05]Send normal attack
[INFO][2021-07-26 16:10:05]Send stand
[INFO][2021-07-26 16:10:05]Send hard attack
[INFO][2021-07-26 16:10:05]Send stand
[INFO][2021-07-26 16:10:05]Send normal attack
[INFO][2021-07-26 16:10:06]Send stand
[INFO][2021-07-26 16:10:06]Send hard attack
[INFO][2021-07-26 16:10:06]Send stand
[INFO][2021-07-26 16:10:06]Send normal attack
[INFO][2021-07-26 16:10:06]Send stand
[INFO][2021-07-26 16:10:06]Send hard attack
[INFO][2021-07-26 16:10:06]Send stand
[INFO][2021-07-26 16:10:06]Send normal attack
[INFO][2021-07-26 16:10:06]Send stand
[INFO][2021-07-26 16:10:06]Send hard attack
[INFO][2021-07-26 16:10:06]Send stand
[INFO][2021-07-26 16:10:06]Send normal attack
[INFO][2021-07-26 16:10:06]Send stand
[INFO][2021-07-26 16:10:07]Send hard attack
[INFO][2021-07-26 16:10:07]Send stand
[INFO][2021-07-26 16:10:07]Send normal attack
[INFO][2021-07-26 16:10:07]Send stand
[INFO][2021-07-26 16:10:07]Send hard attack
[INFO][2021-07-26 16:10:07]Send stand
[INFO][2021-07-26 16:10:07]Send normal attack
[INFO][2021-07-26 16:10:07]Send stand
[INFO][2021-07-26 16:10:07]Send hard attack
[INFO][2021-07-26 16:10:07]Send stand
[INFO][2021-07-26 16:10:07]Send normal attack
[INFO][2021-07-26 16:10:07]Send stand
[INFO][2021-07-26 16:10:08]Send hard attack
[INFO][2021-07-26 16:10:08]Send stand
[INFO][2021-07-26 16:10:08]Send normal attack
[INFO][2021-07-26 16:10:08]Send stand
[INFO][2021-07-26 16:10:08]Send hard attack
[INFO][2021-07-26 16:10:08]Send stand
[INFO][2021-07-26 16:10:08]Send normal attack
[INFO][2021-07-26 16:10:08]Send stand
[INFO][2021-07-26 16:10:08]Send hard attack
[INFO][2021-07-26 16:10:08]Send stand
[INFO][2021-07-26 16:10:08]Send normal attack
[INFO][2021-07-26 16:10:08]Send stand
[INFO][2021-07-26 16:10:09]Send hard attack
[INFO][2021-07-26 16:10:09]Send stand
[INFO][2021-07-26 16:10:09]Send hard attack
[INFO][2021-07-26 16:10:09]Send stand
[INFO][2021-07-26 16:10:09]Send hard attack
[INFO][2021-07-26 16:10:09]Send stand
[INFO][2021-07-26 16:10:09]Send normal attack
[INFO][2021-07-26 16:10:09]Send stand
[INFO][2021-07-26 16:10:10]Send hard attack
[INFO][2021-07-26 16:10:10]Send stand
[INFO][2021-07-26 16:10:10]Send normal attack
[INFO][2021-07-26 16:10:10]Send stand
[INFO][2021-07-26 16:10:10]Send hard attack
[INFO][2021-07-26 16:10:10]Send stand
[INFO][2021-07-26 16:10:10]Send normal attack
[INFO][2021-07-26 16:10:10]Send stand
[INFO][2021-07-26 16:10:10]Send hard attack
[INFO][2021-07-26 16:10:10]Send stand
[INFO][2021-07-26 16:10:10]Send normal attack
[INFO][2021-07-26 16:10:10]Send stand
[INFO][2021-07-26 16:10:11]Send hard attack
[INFO][2021-07-26 16:10:11]Send stand
[INFO][2021-07-26 16:10:11]Send normal attack
[INFO][2021-07-26 16:10:11]Send stand
[INFO][2021-07-26 16:10:11]Send hard attack
[INFO][2021-07-26 16:10:11]Send stand
[INFO][2021-07-26 16:10:11]Send normal attack
[INFO][2021-07-26 16:10:11]Send stand
[INFO][2021-07-26 16:10:11]Send hard attack
[INFO][2021-07-26 16:10:11]Send stand
[INFO][2021-07-26 16:10:11]Send normal attack
[INFO][2021-07-26 16:10:11]Send stand
[INFO][2021-07-26 16:10:12]Send hard attack
[INFO][2021-07-26 16:10:12]Send stand
[INFO][2021-07-26 16:10:12]Send normal attack
[INFO][2021-07-26 16:10:12]Send stand
[INFO][2021-07-26 16:10:12]Send hard attack
[INFO][2021-07-26 16:10:12]Send stand
[INFO][2021-07-26 16:10:12]Send normal attack
[INFO][2021-07-26 16:10:12]Send stand
[INFO][2021-07-26 16:10:12]Send hard attack
[INFO][2021-07-26 16:10:12]Send stand
[INFO][2021-07-26 16:10:13]Send right move
[INFO][2021-07-26 16:10:13]Send stand
[INFO][2021-07-26 16:10:13]Send normal attack
[INFO][2021-07-26 16:10:13]Send stand
[INFO][2021-07-26 16:10:13]Send hard attack
[INFO][2021-07-26 16:10:13]Send stand
