[INFO][2021-07-27 11:09:45]Send stand
[INFO][2021-07-27 11:09:59]Send right move
[INFO][2021-07-27 11:09:59]Send stand
[INFO][2021-07-27 11:10:00]Send right move
[INFO][2021-07-27 11:10:00]Send stand
[INFO][2021-07-27 11:10:01]Send left move
[INFO][2021-07-27 11:10:01]Send stand
[INFO][2021-07-27 11:10:01]Send left move
[INFO][2021-07-27 11:10:01]Send stand
[INFO][2021-07-27 11:10:02]Send normal attack
[INFO][2021-07-27 11:10:02]Send stand
[INFO][2021-07-27 11:10:03]Send normal attack
[INFO][2021-07-27 11:10:03]Send stand
[INFO][2021-07-27 11:10:04]Send normal attack
[INFO][2021-07-27 11:10:04]Send stand
[INFO][2021-07-27 11:10:04]Send normal attack
[INFO][2021-07-27 11:10:04]Send stand
[INFO][2021-07-27 11:10:05]Send normal attack
[INFO][2021-07-27 11:10:05]Send stand
[INFO][2021-07-27 11:10:06]Send normal attack
[INFO][2021-07-27 11:10:06]Send stand
[INFO][2021-07-27 11:10:12]Send normal attack
[INFO][2021-07-27 11:10:12]Send stand
[INFO][2021-07-27 11:10:12]Send huge attack
[INFO][2021-07-27 11:10:12]Send stand
