[INFO][2021-07-26 16:36:01][Server]Server started.
[INFO][2021-07-26 16:36:06][Server]client #1 transferred caotijing #5801
[INFO][2021-07-26 16:36:12][Server]client #2 transferred chunli #1226
[INFO][2021-07-26 16:36:12][Server]User #1 x-Loc=700 y-Loc=300 xHead=0  Act=0 HP=100 MP=0
[INFO][2021-07-26 16:36:12][Server]User #2 x-Loc=50 y-Loc=300 xHead=1  Act=0 HP=100 MP=0
[INFO][2021-07-26 16:36:12][Server]client #1 transferred caotijing #5801
[INFO][2021-07-26 16:36:12][Server]User #1 x-Loc=700 y-Loc=300 xHead=0  Act=0 HP=100 MP=0
[INFO][2021-07-26 16:36:12][Server]User #2 x-Loc=50 y-Loc=300 xHead=1  Act=0 HP=100 MP=0
[INFO][2021-07-26 16:36:12][Server]client #2 transferred chunli #1226
[INFO][2021-07-26 16:36:12][Server]User #1 x-Loc=700 y-Loc=300 xHead=0  Act=0 HP=100 MP=0
[INFO][2021-07-26 16:36:12][Server]User #2 x-Loc=50 y-Loc=300 xHead=1  Act=0 HP=100 MP=0
[INFO][2021-07-26 16:36:12][Server]client #2 transferred chunli #1226
[INFO][2021-07-26 16:36:12][Server]User #1 x-Loc=750 y-Loc=300 xHead=1  Act=1 HP=100 MP=0
[INFO][2021-07-26 16:36:12][Server]User #2 x-Loc=50 y-Loc=300 xHead=1  Act=0 HP=100 MP=0
[INFO][2021-07-26 16:36:13][Server]client #2 transferred chunli #1226
[INFO][2021-07-26 16:36:13][Server]User #1 x-Loc=750 y-Loc=300 xHead=1  Act=0 HP=100 MP=0
[INFO][2021-07-26 16:36:13][Server]User #2 x-Loc=50 y-Loc=300 xHead=1  Act=0 HP=100 MP=0
[INFO][2021-07-26 16:36:13][Server]client #2 transferred chunli #1226
[INFO][2021-07-26 16:36:13][Server]User #1 x-Loc=700 y-Loc=300 xHead=0  Act=1 HP=100 MP=0
[INFO][2021-07-26 16:36:13][Server]User #2 x-Loc=50 y-Loc=300 xHead=1  Act=0 HP=100 MP=0
[INFO][2021-07-26 16:36:13][Server]client #2 transferred chunli #1226
[INFO][2021-07-26 16:36:13][Server]User #1 x-Loc=700 y-Loc=300 xHead=0  Act=0 HP=100 MP=0
[INFO][2021-07-26 16:36:13][Server]User #2 x-Loc=50 y-Loc=300 xHead=1  Act=0 HP=100 MP=0
[INFO][2021-07-26 16:36:14][Server]client #2 transferred chunli #1226
[INFO][2021-07-26 16:36:14][Server]User #1 x-Loc=650 y-Loc=300 xHead=0  Act=1 HP=100 MP=0
[INFO][2021-07-26 16:36:14][Server]User #2 x-Loc=50 y-Loc=300 xHead=1  Act=0 HP=100 MP=0
[INFO][2021-07-26 16:36:14][Server]client #2 transferred chunli #1226
[INFO][2021-07-26 16:36:14][Server]User #1 x-Loc=650 y-Loc=300 xHead=0  Act=0 HP=100 MP=0
[INFO][2021-07-26 16:36:14][Server]User #2 x-Loc=50 y-Loc=300 xHead=1  Act=0 HP=100 MP=0
[INFO][2021-07-26 16:36:14][Server]client #2 transferred chunli #1226
[INFO][2021-07-26 16:36:14][Server]User #1 x-Loc=600 y-Loc=300 xHead=0  Act=1 HP=100 MP=0
[INFO][2021-07-26 16:36:14][Server]User #2 x-Loc=50 y-Loc=300 xHead=1  Act=0 HP=100 MP=0
[INFO][2021-07-26 16:36:14][Server]client #2 transferred chunli #1226
[INFO][2021-07-26 16:36:14][Server]User #1 x-Loc=600 y-Loc=300 xHead=0  Act=0 HP=100 MP=0
[INFO][2021-07-26 16:36:14][Server]User #2 x-Loc=50 y-Loc=300 xHead=1  Act=0 HP=100 MP=0
[INFO][2021-07-26 16:36:14][Server]client #2 transferred chunli #1226
[INFO][2021-07-26 16:36:14][Server]User #1 x-Loc=550 y-Loc=300 xHead=0  Act=1 HP=100 MP=0
[INFO][2021-07-26 16:36:14][Server]User #2 x-Loc=50 y-Loc=300 xHead=1  Act=0 HP=100 MP=0
[INFO][2021-07-26 16:36:14][Server]client #2 transferred chunli #1226
[INFO][2021-07-26 16:36:14][Server]User #1 x-Loc=550 y-Loc=300 xHead=0  Act=0 HP=100 MP=0
[INFO][2021-07-26 16:36:14][Server]User #2 x-Loc=50 y-Loc=300 xHead=1  Act=0 HP=100 MP=0
[INFO][2021-07-26 16:36:14][Server]client #2 transferred chunli #1226
[INFO][2021-07-26 16:36:14][Server]User #1 x-Loc=500 y-Loc=300 xHead=0  Act=1 HP=100 MP=0
[INFO][2021-07-26 16:36:14][Server]User #2 x-Loc=50 y-Loc=300 xHead=1  Act=0 HP=100 MP=0
[INFO][2021-07-26 16:36:14][Server]client #2 transferred chunli #1226
[INFO][2021-07-26 16:36:14][Server]User #1 x-Loc=500 y-Loc=300 xHead=0  Act=0 HP=100 MP=0
[INFO][2021-07-26 16:36:14][Server]User #2 x-Loc=50 y-Loc=300 xHead=1  Act=0 HP=100 MP=0
[INFO][2021-07-26 16:36:14][Server]client #2 transferred chunli #1226
[INFO][2021-07-26 16:36:14][Server]User #1 x-Loc=450 y-Loc=300 xHead=0  Act=1 HP=100 MP=0
[INFO][2021-07-26 16:36:14][Server]User #2 x-Loc=50 y-Loc=300 xHead=1  Act=0 HP=100 MP=0
[INFO][2021-07-26 16:36:14][Server]client #2 transferred chunli #1226
[INFO][2021-07-26 16:36:14][Server]User #1 x-Loc=450 y-Loc=300 xHead=0  Act=0 HP=100 MP=0
[INFO][2021-07-26 16:36:14][Server]User #2 x-Loc=50 y-Loc=300 xHead=1  Act=0 HP=100 MP=0
[INFO][2021-07-26 16:36:14][Server]client #2 transferred chunli #1226
[INFO][2021-07-26 16:36:14][Server]User #1 x-Loc=400 y-Loc=300 xHead=0  Act=1 HP=100 MP=0
[INFO][2021-07-26 16:36:14][Server]User #2 x-Loc=50 y-Loc=300 xHead=1  Act=0 HP=100 MP=0
[INFO][2021-07-26 16:36:14][Server]client #2 transferred chunli #1226
[INFO][2021-07-26 16:36:14][Server]User #1 x-Loc=400 y-Loc=300 xHead=0  Act=0 HP=100 MP=0
[INFO][2021-07-26 16:36:14][Server]User #2 x-Loc=50 y-Loc=300 xHead=1  Act=0 HP=100 MP=0
[INFO][2021-07-26 16:36:14][Server]client #2 transferred chunli #1226
[INFO][2021-07-26 16:36:14][Server]User #1 x-Loc=350 y-Loc=300 xHead=0  Act=1 HP=100 MP=0
[INFO][2021-07-26 16:36:14][Server]User #2 x-Loc=50 y-Loc=300 xHead=1  Act=0 HP=100 MP=0
[INFO][2021-07-26 16:36:14][Server]client #2 transferred chunli #1226
[INFO][2021-07-26 16:36:14][Server]User #1 x-Loc=350 y-Loc=300 xHead=0  Act=0 HP=100 MP=0
[INFO][2021-07-26 16:36:14][Server]User #2 x-Loc=50 y-Loc=300 xHead=1  Act=0 HP=100 MP=0
[INFO][2021-07-26 16:36:14][Server]client #2 transferred chunli #1226
[INFO][2021-07-26 16:36:14][Server]User #1 x-Loc=300 y-Loc=300 xHead=0  Act=1 HP=100 MP=0
[INFO][2021-07-26 16:36:14][Server]User #2 x-Loc=50 y-Loc=300 xHead=1  Act=0 HP=100 MP=0
[INFO][2021-07-26 16:36:14][Server]client #2 transferred chunli #1226
[INFO][2021-07-26 16:36:14][Server]User #1 x-Loc=300 y-Loc=300 xHead=0  Act=0 HP=100 MP=0
[INFO][2021-07-26 16:36:14][Server]User #2 x-Loc=50 y-Loc=300 xHead=1  Act=0 HP=100 MP=0
[INFO][2021-07-26 16:36:14][Server]client #2 transferred chunli #1226
[INFO][2021-07-26 16:36:14][Server]User #1 x-Loc=250 y-Loc=300 xHead=0  Act=1 HP=100 MP=0
[INFO][2021-07-26 16:36:14][Server]User #2 x-Loc=50 y-Loc=300 xHead=1  Act=0 HP=100 MP=0
[INFO][2021-07-26 16:36:14][Server]client #2 transferred chunli #1226
[INFO][2021-07-26 16:36:14][Server]User #1 x-Loc=250 y-Loc=300 xHead=0  Act=0 HP=100 MP=0
[INFO][2021-07-26 16:36:14][Server]User #2 x-Loc=50 y-Loc=300 xHead=1  Act=0 HP=100 MP=0
[INFO][2021-07-26 16:36:14][Server]client #2 transferred chunli #1226
[INFO][2021-07-26 16:36:14][Server]User #1 x-Loc=200 y-Loc=300 xHead=0  Act=1 HP=100 MP=0
[INFO][2021-07-26 16:36:14][Server]User #2 x-Loc=50 y-Loc=300 xHead=1  Act=0 HP=100 MP=0
[INFO][2021-07-26 16:36:14][Server]client #2 transferred chunli #1226
[INFO][2021-07-26 16:36:14][Server]User #1 x-Loc=200 y-Loc=300 xHead=0  Act=0 HP=100 MP=0
[INFO][2021-07-26 16:36:14][Server]User #2 x-Loc=50 y-Loc=300 xHead=1  Act=0 HP=100 MP=0
[INFO][2021-07-26 16:36:15][Server]client #2 transferred chunli #1226
[INFO][2021-07-26 16:36:15][Server]User #1 x-Loc=150 y-Loc=300 xHead=0  Act=1 HP=100 MP=0
[INFO][2021-07-26 16:36:15][Server]User #2 x-Loc=50 y-Loc=300 xHead=1  Act=0 HP=100 MP=0
[INFO][2021-07-26 16:36:15][Server]client #2 transferred chunli #1226
[INFO][2021-07-26 16:36:15][Server]User #1 x-Loc=150 y-Loc=300 xHead=0  Act=0 HP=100 MP=0
[INFO][2021-07-26 16:36:15][Server]User #2 x-Loc=50 y-Loc=300 xHead=1  Act=0 HP=100 MP=0
[INFO][2021-07-26 16:36:15][Server]client #2 transferred chunli #1226
[INFO][2021-07-26 16:36:15][Server]User #1 x-Loc=100 y-Loc=300 xHead=0  Act=1 HP=100 MP=0
[INFO][2021-07-26 16:36:15][Server]User #2 x-Loc=50 y-Loc=300 xHead=1  Act=0 HP=100 MP=0
[INFO][2021-07-26 16:36:15][Server]client #2 transferred chunli #1226
[INFO][2021-07-26 16:36:15][Server]User #1 x-Loc=100 y-Loc=300 xHead=0  Act=0 HP=100 MP=0
[INFO][2021-07-26 16:36:15][Server]User #2 x-Loc=50 y-Loc=300 xHead=1  Act=0 HP=100 MP=0
[INFO][2021-07-26 16:36:16][Server]client #2 transferred chunli #1226
[INFO][2021-07-26 16:36:16][Server]Player #1 Attack Player #2. Got Damage 10pts.
        Now Player #1 HP is 100   MP is 3
            Player #2 HP is 90   MP is 1
[INFO][2021-07-26 16:36:16][Server]User #1 x-Loc=100 y-Loc=300 xHead=0  Act=10 HP=100 MP=3
[INFO][2021-07-26 16:36:16][Server]User #2 x-Loc=50 y-Loc=300 xHead=1  Act=15 HP=90 MP=1
[INFO][2021-07-26 16:36:16][Server]client #2 transferred chunli #1226
[INFO][2021-07-26 16:36:16][Server]User #1 x-Loc=100 y-Loc=300 xHead=0  Act=0 HP=100 MP=3
[INFO][2021-07-26 16:36:16][Server]User #2 x-Loc=50 y-Loc=300 xHead=1  Act=15 HP=90 MP=1
[INFO][2021-07-26 16:36:16][Server]client #2 transferred chunli #1226
[INFO][2021-07-26 16:36:16][Server]Player #1 Attack Player #2. Got Damage 10pts.
        Now Player #1 HP is 100   MP is 6
            Player #2 HP is 80   MP is 2
[INFO][2021-07-26 16:36:16][Server]User #1 x-Loc=100 y-Loc=300 xHead=0  Act=10 HP=100 MP=6
[INFO][2021-07-26 16:36:16][Server]User #2 x-Loc=50 y-Loc=300 xHead=1  Act=16 HP=80 MP=2
[INFO][2021-07-26 16:36:16][Server]client #2 transferred chunli #1226
[INFO][2021-07-26 16:36:16][Server]User #1 x-Loc=100 y-Loc=300 xHead=0  Act=0 HP=100 MP=6
[INFO][2021-07-26 16:36:16][Server]User #2 x-Loc=50 y-Loc=300 xHead=1  Act=16 HP=80 MP=2
[INFO][2021-07-26 16:36:17][Server]client #2 transferred chunli #1226
[INFO][2021-07-26 16:36:17][Server]Player #1 Attack Player #2. Got Damage 10pts.
        Now Player #1 HP is 100   MP is 9
            Player #2 HP is 70   MP is 3
[INFO][2021-07-26 16:36:17][Server]User #1 x-Loc=100 y-Loc=300 xHead=0  Act=10 HP=100 MP=9
[INFO][2021-07-26 16:36:17][Server]User #2 x-Loc=50 y-Loc=300 xHead=1  Act=17 HP=70 MP=3
[INFO][2021-07-26 16:36:17][Server]client #2 transferred chunli #1226
[INFO][2021-07-26 16:36:17][Server]User #1 x-Loc=100 y-Loc=300 xHead=0  Act=0 HP=100 MP=9
[INFO][2021-07-26 16:36:17][Server]User #2 x-Loc=50 y-Loc=300 xHead=1  Act=17 HP=70 MP=3
[INFO][2021-07-26 16:36:17][Server]client #2 transferred chunli #1226
[INFO][2021-07-26 16:36:17][Server]Player #1 Attack Player #2. Got Damage 10pts.
        Now Player #1 HP is 100   MP is 12
            Player #2 HP is 60   MP is 4
[INFO][2021-07-26 16:36:17][Server]User #1 x-Loc=100 y-Loc=300 xHead=0  Act=10 HP=100 MP=12
[INFO][2021-07-26 16:36:17][Server]User #2 x-Loc=50 y-Loc=300 xHead=1  Act=0 HP=60 MP=4
[INFO][2021-07-26 16:36:17][Server]client #2 transferred chunli #1226
[INFO][2021-07-26 16:36:17][Server]User #1 x-Loc=100 y-Loc=300 xHead=0  Act=0 HP=100 MP=12
[INFO][2021-07-26 16:36:17][Server]User #2 x-Loc=50 y-Loc=300 xHead=1  Act=0 HP=60 MP=4
[INFO][2021-07-26 16:36:21][Server]client #2 transferred chunli #1226
[INFO][2021-07-26 16:36:21][Server]User #1 x-Loc=150 y-Loc=300 xHead=1  Act=1 HP=100 MP=12
[INFO][2021-07-26 16:36:21][Server]User #2 x-Loc=50 y-Loc=300 xHead=1  Act=0 HP=60 MP=4
[INFO][2021-07-26 16:36:21][Server]client #2 transferred chunli #1226
[INFO][2021-07-26 16:36:21][Server]User #1 x-Loc=150 y-Loc=300 xHead=1  Act=0 HP=100 MP=12
[INFO][2021-07-26 16:36:21][Server]User #2 x-Loc=50 y-Loc=300 xHead=1  Act=0 HP=60 MP=4
[INFO][2021-07-26 16:36:21][Server]client #2 transferred chunli #1226
[INFO][2021-07-26 16:36:21][Server]User #1 x-Loc=200 y-Loc=300 xHead=1  Act=1 HP=100 MP=12
[INFO][2021-07-26 16:36:21][Server]User #2 x-Loc=50 y-Loc=300 xHead=1  Act=0 HP=60 MP=4
[INFO][2021-07-26 16:36:21][Server]client #2 transferred chunli #1226
[INFO][2021-07-26 16:36:21][Server]User #1 x-Loc=200 y-Loc=300 xHead=1  Act=0 HP=100 MP=12
[INFO][2021-07-26 16:36:21][Server]User #2 x-Loc=50 y-Loc=300 xHead=1  Act=0 HP=60 MP=4
[INFO][2021-07-26 16:36:21][Server]client #2 transferred chunli #1226
[INFO][2021-07-26 16:36:21][Server]User #1 x-Loc=150 y-Loc=300 xHead=0  Act=1 HP=100 MP=12
[INFO][2021-07-26 16:36:21][Server]User #2 x-Loc=50 y-Loc=300 xHead=1  Act=0 HP=60 MP=4
[INFO][2021-07-26 16:36:21][Server]client #2 transferred chunli #1226
[INFO][2021-07-26 16:36:21][Server]User #1 x-Loc=150 y-Loc=300 xHead=0  Act=0 HP=100 MP=12
[INFO][2021-07-26 16:36:21][Server]User #2 x-Loc=50 y-Loc=300 xHead=1  Act=0 HP=60 MP=4
[INFO][2021-07-26 16:36:21][Server]client #2 transferred chunli #1226
[INFO][2021-07-26 16:36:21][Server]User #1 x-Loc=100 y-Loc=300 xHead=0  Act=1 HP=100 MP=12
[INFO][2021-07-26 16:36:21][Server]User #2 x-Loc=50 y-Loc=300 xHead=1  Act=0 HP=60 MP=4
[INFO][2021-07-26 16:36:22][Server]client #2 transferred chunli #1226
[INFO][2021-07-26 16:36:22][Server]User #1 x-Loc=100 y-Loc=300 xHead=0  Act=0 HP=100 MP=12
[INFO][2021-07-26 16:36:22][Server]User #2 x-Loc=50 y-Loc=300 xHead=1  Act=0 HP=60 MP=4
[INFO][2021-07-26 16:36:22][Server]client #2 transferred chunli #1226
[INFO][2021-07-26 16:36:22][Server]Player #1 Attack Player #2. Got Damage 10pts.
        Now Player #1 HP is 100   MP is 15
            Player #2 HP is 50   MP is 5
[INFO][2021-07-26 16:36:22][Server]User #1 x-Loc=100 y-Loc=300 xHead=0  Act=10 HP=100 MP=15
[INFO][2021-07-26 16:36:22][Server]User #2 x-Loc=50 y-Loc=300 xHead=1  Act=15 HP=50 MP=5
[INFO][2021-07-26 16:36:22][Server]client #2 transferred chunli #1226
[INFO][2021-07-26 16:36:22][Server]User #1 x-Loc=100 y-Loc=300 xHead=0  Act=0 HP=100 MP=15
[INFO][2021-07-26 16:36:22][Server]User #2 x-Loc=50 y-Loc=300 xHead=1  Act=15 HP=50 MP=5
[INFO][2021-07-26 16:36:22][Server]client #2 transferred chunli #1226
[INFO][2021-07-26 16:36:22][Server]User #1 x-Loc=150 y-Loc=300 xHead=1  Act=1 HP=100 MP=15
[INFO][2021-07-26 16:36:22][Server]User #2 x-Loc=50 y-Loc=300 xHead=1  Act=15 HP=50 MP=5
[INFO][2021-07-26 16:36:22][Server]client #2 transferred chunli #1226
[INFO][2021-07-26 16:36:22][Server]User #1 x-Loc=150 y-Loc=300 xHead=1  Act=0 HP=100 MP=15
[INFO][2021-07-26 16:36:22][Server]User #2 x-Loc=50 y-Loc=300 xHead=1  Act=15 HP=50 MP=5
[INFO][2021-07-26 16:36:22][Server]client #2 transferred chunli #1226
[INFO][2021-07-26 16:36:22][Server]User #1 x-Loc=200 y-Loc=300 xHead=1  Act=1 HP=100 MP=15
[INFO][2021-07-26 16:36:22][Server]User #2 x-Loc=50 y-Loc=300 xHead=1  Act=15 HP=50 MP=5
[INFO][2021-07-26 16:36:22][Server]client #2 transferred chunli #1226
[INFO][2021-07-26 16:36:22][Server]User #1 x-Loc=200 y-Loc=300 xHead=1  Act=0 HP=100 MP=15
[INFO][2021-07-26 16:36:22][Server]User #2 x-Loc=50 y-Loc=300 xHead=1  Act=15 HP=50 MP=5
[INFO][2021-07-26 16:36:23][Server]client #2 transferred chunli #1226
[INFO][2021-07-26 16:36:23][Server]User #1 x-Loc=250 y-Loc=300 xHead=1  Act=1 HP=100 MP=15
[INFO][2021-07-26 16:36:23][Server]User #2 x-Loc=50 y-Loc=300 xHead=1  Act=15 HP=50 MP=5
[INFO][2021-07-26 16:36:23][Server]client #2 transferred chunli #1226
[INFO][2021-07-26 16:36:23][Server]User #1 x-Loc=250 y-Loc=300 xHead=1  Act=0 HP=100 MP=15
[INFO][2021-07-26 16:36:23][Server]User #2 x-Loc=50 y-Loc=300 xHead=1  Act=15 HP=50 MP=5
[INFO][2021-07-26 16:36:23][Server]client #2 transferred chunli #1226
[INFO][2021-07-26 16:36:23][Server]User #1 x-Loc=200 y-Loc=300 xHead=0  Act=1 HP=100 MP=15
[INFO][2021-07-26 16:36:23][Server]User #2 x-Loc=50 y-Loc=300 xHead=1  Act=15 HP=50 MP=5
[INFO][2021-07-26 16:36:23][Server]client #2 transferred chunli #1226
[INFO][2021-07-26 16:36:23][Server]User #1 x-Loc=200 y-Loc=300 xHead=0  Act=0 HP=100 MP=15
[INFO][2021-07-26 16:36:23][Server]User #2 x-Loc=50 y-Loc=300 xHead=1  Act=15 HP=50 MP=5
[INFO][2021-07-26 16:36:23][Server]client #2 transferred chunli #1226
[INFO][2021-07-26 16:36:23][Server]User #1 x-Loc=250 y-Loc=300 xHead=1  Act=1 HP=100 MP=15
[INFO][2021-07-26 16:36:23][Server]User #2 x-Loc=50 y-Loc=300 xHead=1  Act=15 HP=50 MP=5
[INFO][2021-07-26 16:36:23][Server]client #2 transferred chunli #1226
[INFO][2021-07-26 16:36:23][Server]User #1 x-Loc=250 y-Loc=300 xHead=1  Act=0 HP=100 MP=15
[INFO][2021-07-26 16:36:23][Server]User #2 x-Loc=50 y-Loc=300 xHead=1  Act=15 HP=50 MP=5
[INFO][2021-07-26 16:36:24][Server]client #2 transferred chunli #1226
[INFO][2021-07-26 16:36:24][Server]User #1 x-Loc=250 y-Loc=300 xHead=1  Act=12 HP=100 MP=15
[INFO][2021-07-26 16:36:24][Server]User #2 x-Loc=50 y-Loc=300 xHead=1  Act=15 HP=50 MP=5
[INFO][2021-07-26 16:36:24][Server]client #2 transferred chunli #1226
[INFO][2021-07-26 16:36:24][Server]User #1 x-Loc=250 y-Loc=300 xHead=1  Act=0 HP=100 MP=15
[INFO][2021-07-26 16:36:24][Server]User #2 x-Loc=50 y-Loc=300 xHead=1  Act=15 HP=50 MP=5
[INFO][2021-07-26 16:36:25][Server]client #2 transferred chunli #1226
[INFO][2021-07-26 16:36:25][Server]User #1 x-Loc=250 y-Loc=300 xHead=1  Act=12 HP=100 MP=15
[INFO][2021-07-26 16:36:25][Server]User #2 x-Loc=50 y-Loc=300 xHead=1  Act=15 HP=50 MP=5
[INFO][2021-07-26 16:36:25][Server]client #2 transferred chunli #1226
[INFO][2021-07-26 16:36:25][Server]User #1 x-Loc=250 y-Loc=300 xHead=1  Act=0 HP=100 MP=15
[INFO][2021-07-26 16:36:25][Server]User #2 x-Loc=50 y-Loc=300 xHead=1  Act=15 HP=50 MP=5
[INFO][2021-07-26 16:36:25][Server]client #2 transferred chunli #1226
[INFO][2021-07-26 16:36:25][Server]User #1 x-Loc=250 y-Loc=300 xHead=1  Act=12 HP=100 MP=15
[INFO][2021-07-26 16:36:25][Server]User #2 x-Loc=50 y-Loc=300 xHead=1  Act=15 HP=50 MP=5
[INFO][2021-07-26 16:36:26][Server]client #2 transferred chunli #1226
[INFO][2021-07-26 16:36:26][Server]User #1 x-Loc=250 y-Loc=300 xHead=1  Act=0 HP=100 MP=15
[INFO][2021-07-26 16:36:26][Server]User #2 x-Loc=50 y-Loc=300 xHead=1  Act=15 HP=50 MP=5
[INFO][2021-07-26 16:36:26][Server]client #2 transferred chunli #1226
[INFO][2021-07-26 16:36:26][Server]User #1 x-Loc=250 y-Loc=300 xHead=1  Act=12 HP=100 MP=15
[INFO][2021-07-26 16:36:26][Server]User #2 x-Loc=50 y-Loc=300 xHead=1  Act=15 HP=50 MP=5
[INFO][2021-07-26 16:36:26][Server]client #2 transferred chunli #1226
[INFO][2021-07-26 16:36:26][Server]User #1 x-Loc=250 y-Loc=300 xHead=1  Act=0 HP=100 MP=15
[INFO][2021-07-26 16:36:26][Server]User #2 x-Loc=50 y-Loc=300 xHead=1  Act=15 HP=50 MP=5
[INFO][2021-07-26 16:36:26][Server]client #2 transferred chunli #1226
[INFO][2021-07-26 16:36:26][Server]User #1 x-Loc=250 y-Loc=300 xHead=1  Act=12 HP=100 MP=15
[INFO][2021-07-26 16:36:26][Server]User #2 x-Loc=50 y-Loc=300 xHead=1  Act=15 HP=50 MP=5
[INFO][2021-07-26 16:36:26][Server]client #2 transferred chunli #1226
[INFO][2021-07-26 16:36:26][Server]User #1 x-Loc=250 y-Loc=300 xHead=1  Act=0 HP=100 MP=15
[INFO][2021-07-26 16:36:26][Server]User #2 x-Loc=50 y-Loc=300 xHead=1  Act=15 HP=50 MP=5
[INFO][2021-07-26 16:36:26][Server]client #2 transferred chunli #1226
[INFO][2021-07-26 16:36:26][Server]User #1 x-Loc=250 y-Loc=300 xHead=1  Act=12 HP=100 MP=15
[INFO][2021-07-26 16:36:26][Server]User #2 x-Loc=50 y-Loc=300 xHead=1  Act=15 HP=50 MP=5
[INFO][2021-07-26 16:36:26][Server]client #2 transferred chunli #1226
[INFO][2021-07-26 16:36:26][Server]User #1 x-Loc=250 y-Loc=300 xHead=1  Act=0 HP=100 MP=15
[INFO][2021-07-26 16:36:26][Server]User #2 x-Loc=50 y-Loc=300 xHead=1  Act=15 HP=50 MP=5
[INFO][2021-07-26 16:36:27][Server]client #2 transferred chunli #1226
[INFO][2021-07-26 16:36:27][Server]User #1 x-Loc=250 y-Loc=300 xHead=1  Act=12 HP=100 MP=15
[INFO][2021-07-26 16:36:27][Server]User #2 x-Loc=50 y-Loc=300 xHead=1  Act=15 HP=50 MP=5
[INFO][2021-07-26 16:36:27][Server]client #2 transferred chunli #1226
[INFO][2021-07-26 16:36:27][Server]User #1 x-Loc=250 y-Loc=300 xHead=1  Act=0 HP=100 MP=15
[INFO][2021-07-26 16:36:27][Server]User #2 x-Loc=50 y-Loc=300 xHead=1  Act=15 HP=50 MP=5
[INFO][2021-07-26 16:36:27][Server]client #2 transferred chunli #1226
[INFO][2021-07-26 16:36:27][Server]User #1 x-Loc=250 y-Loc=300 xHead=1  Act=12 HP=100 MP=15
[INFO][2021-07-26 16:36:27][Server]User #2 x-Loc=50 y-Loc=300 xHead=1  Act=15 HP=50 MP=5
[INFO][2021-07-26 16:36:27][Server]client #2 transferred chunli #1226
[INFO][2021-07-26 16:36:27][Server]User #1 x-Loc=250 y-Loc=300 xHead=1  Act=0 HP=100 MP=15
[INFO][2021-07-26 16:36:27][Server]User #2 x-Loc=50 y-Loc=300 xHead=1  Act=15 HP=50 MP=5
[INFO][2021-07-26 16:36:27][Server]client #2 transferred chunli #1226
[INFO][2021-07-26 16:36:27][Server]User #1 x-Loc=250 y-Loc=300 xHead=1  Act=12 HP=100 MP=15
[INFO][2021-07-26 16:36:27][Server]User #2 x-Loc=50 y-Loc=300 xHead=1  Act=15 HP=50 MP=5
[INFO][2021-07-26 16:36:27][Server]client #2 transferred chunli #1226
[INFO][2021-07-26 16:36:27][Server]User #1 x-Loc=250 y-Loc=300 xHead=1  Act=0 HP=100 MP=15
[INFO][2021-07-26 16:36:27][Server]User #2 x-Loc=50 y-Loc=300 xHead=1  Act=15 HP=50 MP=5
[INFO][2021-07-26 16:36:27][Server]client #2 transferred chunli #1226
[INFO][2021-07-26 16:36:27][Server]User #1 x-Loc=250 y-Loc=300 xHead=1  Act=12 HP=100 MP=15
[INFO][2021-07-26 16:36:27][Server]User #2 x-Loc=50 y-Loc=300 xHead=1  Act=15 HP=50 MP=5
[INFO][2021-07-26 16:36:28][Server]client #2 transferred chunli #1226
[INFO][2021-07-26 16:36:28][Server]User #1 x-Loc=250 y-Loc=300 xHead=1  Act=0 HP=100 MP=15
[INFO][2021-07-26 16:36:28][Server]User #2 x-Loc=50 y-Loc=300 xHead=1  Act=15 HP=50 MP=5
[INFO][2021-07-26 16:36:28][Server]client #2 transferred chunli #1226
[INFO][2021-07-26 16:36:28][Server]User #1 x-Loc=250 y-Loc=300 xHead=1  Act=12 HP=100 MP=15
[INFO][2021-07-26 16:36:28][Server]User #2 x-Loc=50 y-Loc=300 xHead=1  Act=15 HP=50 MP=5
[INFO][2021-07-26 16:36:28][Server]client #2 transferred chunli #1226
[INFO][2021-07-26 16:36:28][Server]User #1 x-Loc=250 y-Loc=300 xHead=1  Act=0 HP=100 MP=15
[INFO][2021-07-26 16:36:28][Server]User #2 x-Loc=50 y-Loc=300 xHead=1  Act=15 HP=50 MP=5
[INFO][2021-07-26 16:36:28][Server]client #2 transferred chunli #1226
[INFO][2021-07-26 16:36:28][Server]User #1 x-Loc=250 y-Loc=300 xHead=1  Act=12 HP=100 MP=15
[INFO][2021-07-26 16:36:28][Server]User #2 x-Loc=50 y-Loc=300 xHead=1  Act=15 HP=50 MP=5
[INFO][2021-07-26 16:36:28][Server]client #2 transferred chunli #1226
[INFO][2021-07-26 16:36:28][Server]User #1 x-Loc=250 y-Loc=300 xHead=1  Act=0 HP=100 MP=15
[INFO][2021-07-26 16:36:28][Server]User #2 x-Loc=50 y-Loc=300 xHead=1  Act=15 HP=50 MP=5
[INFO][2021-07-26 16:36:28][Server]client #2 transferred chunli #1226
[INFO][2021-07-26 16:36:28][Server]User #1 x-Loc=250 y-Loc=300 xHead=1  Act=12 HP=100 MP=15
[INFO][2021-07-26 16:36:28][Server]User #2 x-Loc=50 y-Loc=300 xHead=1  Act=15 HP=50 MP=5
[INFO][2021-07-26 16:36:28][Server]client #2 transferred chunli #1226
[INFO][2021-07-26 16:36:28][Server]User #1 x-Loc=250 y-Loc=300 xHead=1  Act=0 HP=100 MP=15
[INFO][2021-07-26 16:36:28][Server]User #2 x-Loc=50 y-Loc=300 xHead=1  Act=15 HP=50 MP=5
[INFO][2021-07-26 16:36:28][Server]client #2 transferred chunli #1226
[INFO][2021-07-26 16:36:28][Server]User #1 x-Loc=250 y-Loc=300 xHead=1  Act=12 HP=100 MP=15
[INFO][2021-07-26 16:36:28][Server]User #2 x-Loc=50 y-Loc=300 xHead=1  Act=15 HP=50 MP=5
[INFO][2021-07-26 16:36:28][Server]client #2 transferred chunli #1226
[INFO][2021-07-26 16:36:28][Server]User #1 x-Loc=250 y-Loc=300 xHead=1  Act=0 HP=100 MP=15
[INFO][2021-07-26 16:36:28][Server]User #2 x-Loc=50 y-Loc=300 xHead=1  Act=15 HP=50 MP=5
[INFO][2021-07-26 16:36:28][Server]client #2 transferred chunli #1226
[INFO][2021-07-26 16:36:28][Server]User #1 x-Loc=250 y-Loc=300 xHead=1  Act=12 HP=100 MP=15
[INFO][2021-07-26 16:36:28][Server]User #2 x-Loc=50 y-Loc=300 xHead=1  Act=15 HP=50 MP=5
[INFO][2021-07-26 16:36:28][Server]client #2 transferred chunli #1226
[INFO][2021-07-26 16:36:28][Server]User #1 x-Loc=250 y-Loc=300 xHead=1  Act=0 HP=100 MP=15
[INFO][2021-07-26 16:36:28][Server]User #2 x-Loc=50 y-Loc=300 xHead=1  Act=15 HP=50 MP=5
[INFO][2021-07-26 16:36:28][Server]client #2 transferred chunli #1226
[INFO][2021-07-26 16:36:28][Server]User #1 x-Loc=250 y-Loc=300 xHead=1  Act=12 HP=100 MP=15
[INFO][2021-07-26 16:36:28][Server]User #2 x-Loc=50 y-Loc=300 xHead=1  Act=15 HP=50 MP=5
[INFO][2021-07-26 16:36:29][Server]client #2 transferred chunli #1226
[INFO][2021-07-26 16:36:29][Server]User #1 x-Loc=250 y-Loc=300 xHead=1  Act=0 HP=100 MP=15
[INFO][2021-07-26 16:36:29][Server]User #2 x-Loc=50 y-Loc=300 xHead=1  Act=15 HP=50 MP=5
[INFO][2021-07-26 16:36:29][Server]client #2 transferred chunli #1226
[INFO][2021-07-26 16:36:29][Server]User #1 x-Loc=250 y-Loc=300 xHead=1  Act=12 HP=100 MP=15
[INFO][2021-07-26 16:36:29][Server]User #2 x-Loc=50 y-Loc=300 xHead=1  Act=15 HP=50 MP=5
[INFO][2021-07-26 16:36:29][Server]client #2 transferred chunli #1226
[INFO][2021-07-26 16:36:29][Server]User #1 x-Loc=250 y-Loc=300 xHead=1  Act=0 HP=100 MP=15
[INFO][2021-07-26 16:36:29][Server]User #2 x-Loc=50 y-Loc=300 xHead=1  Act=15 HP=50 MP=5
[INFO][2021-07-26 16:36:29][Server]client #2 transferred chunli #1226
[INFO][2021-07-26 16:36:29][Server]User #1 x-Loc=250 y-Loc=300 xHead=1  Act=12 HP=100 MP=15
[INFO][2021-07-26 16:36:29][Server]User #2 x-Loc=50 y-Loc=300 xHead=1  Act=15 HP=50 MP=5
[INFO][2021-07-26 16:36:29][Server]client #2 transferred chunli #1226
[INFO][2021-07-26 16:36:29][Server]User #1 x-Loc=250 y-Loc=300 xHead=1  Act=0 HP=100 MP=15
[INFO][2021-07-26 16:36:29][Server]User #2 x-Loc=50 y-Loc=300 xHead=1  Act=15 HP=50 MP=5
[INFO][2021-07-26 16:36:30][Server]client #2 transferred chunli #1226
[INFO][2021-07-26 16:36:30][Server]User #1 x-Loc=250 y-Loc=300 xHead=1  Act=12 HP=100 MP=15
[INFO][2021-07-26 16:36:30][Server]User #2 x-Loc=50 y-Loc=300 xHead=1  Act=15 HP=50 MP=5
[INFO][2021-07-26 16:36:30][Server]client #2 transferred chunli #1226
[INFO][2021-07-26 16:36:30][Server]User #1 x-Loc=250 y-Loc=300 xHead=1  Act=0 HP=100 MP=15
[INFO][2021-07-26 16:36:30][Server]User #2 x-Loc=50 y-Loc=300 xHead=1  Act=15 HP=50 MP=5
[INFO][2021-07-26 16:36:30][Server]client #2 transferred chunli #1226
[INFO][2021-07-26 16:36:30][Server]User #1 x-Loc=250 y-Loc=300 xHead=1  Act=12 HP=100 MP=15
[INFO][2021-07-26 16:36:30][Server]User #2 x-Loc=50 y-Loc=300 xHead=1  Act=15 HP=50 MP=5
[INFO][2021-07-26 16:36:30][Server]client #2 transferred chunli #1226
[INFO][2021-07-26 16:36:30][Server]User #1 x-Loc=250 y-Loc=300 xHead=1  Act=0 HP=100 MP=15
[INFO][2021-07-26 16:36:30][Server]User #2 x-Loc=50 y-Loc=300 xHead=1  Act=15 HP=50 MP=5
[INFO][2021-07-26 16:36:30][Server]client #2 transferred chunli #1226
[INFO][2021-07-26 16:36:30][Server]User #1 x-Loc=250 y-Loc=300 xHead=1  Act=12 HP=100 MP=15
[INFO][2021-07-26 16:36:30][Server]User #2 x-Loc=50 y-Loc=300 xHead=1  Act=15 HP=50 MP=5
[INFO][2021-07-26 16:36:30][Server]client #2 transferred chunli #1226
[INFO][2021-07-26 16:36:30][Server]User #1 x-Loc=250 y-Loc=300 xHead=1  Act=0 HP=100 MP=15
[INFO][2021-07-26 16:36:30][Server]User #2 x-Loc=50 y-Loc=300 xHead=1  Act=15 HP=50 MP=5
[INFO][2021-07-26 16:36:31][Server]client #2 transferred chunli #1226
[INFO][2021-07-26 16:36:31][Server]User #1 x-Loc=250 y-Loc=300 xHead=1  Act=12 HP=100 MP=15
[INFO][2021-07-26 16:36:31][Server]User #2 x-Loc=50 y-Loc=300 xHead=1  Act=15 HP=50 MP=5
[INFO][2021-07-26 16:36:31][Server]client #2 transferred chunli #1226
[INFO][2021-07-26 16:36:31][Server]User #1 x-Loc=250 y-Loc=300 xHead=1  Act=0 HP=100 MP=15
[INFO][2021-07-26 16:36:31][Server]User #2 x-Loc=50 y-Loc=300 xHead=1  Act=15 HP=50 MP=5
[INFO][2021-07-26 16:36:31][Server]client #2 transferred chunli #1226
[INFO][2021-07-26 16:36:31][Server]User #1 x-Loc=250 y-Loc=300 xHead=1  Act=12 HP=100 MP=15
[INFO][2021-07-26 16:36:31][Server]User #2 x-Loc=50 y-Loc=300 xHead=1  Act=15 HP=50 MP=5
[INFO][2021-07-26 16:36:31][Server]client #2 transferred chunli #1226
[INFO][2021-07-26 16:36:31][Server]User #1 x-Loc=250 y-Loc=300 xHead=1  Act=0 HP=100 MP=15
[INFO][2021-07-26 16:36:31][Server]User #2 x-Loc=50 y-Loc=300 xHead=1  Act=15 HP=50 MP=5
[INFO][2021-07-26 16:36:31][Server]client #2 transferred chunli #1226
[INFO][2021-07-26 16:36:31][Server]User #1 x-Loc=250 y-Loc=300 xHead=1  Act=12 HP=100 MP=15
[INFO][2021-07-26 16:36:31][Server]User #2 x-Loc=50 y-Loc=300 xHead=1  Act=15 HP=50 MP=5
[INFO][2021-07-26 16:36:31][Server]client #2 transferred chunli #1226
[INFO][2021-07-26 16:36:31][Server]User #1 x-Loc=250 y-Loc=300 xHead=1  Act=0 HP=100 MP=15
[INFO][2021-07-26 16:36:31][Server]User #2 x-Loc=50 y-Loc=300 xHead=1  Act=15 HP=50 MP=5
[INFO][2021-07-26 16:36:32][Server]client #2 transferred chunli #1226
[INFO][2021-07-26 16:36:32][Server]User #1 x-Loc=250 y-Loc=300 xHead=1  Act=12 HP=100 MP=15
[INFO][2021-07-26 16:36:32][Server]User #2 x-Loc=50 y-Loc=300 xHead=1  Act=15 HP=50 MP=5
[INFO][2021-07-26 16:36:32][Server]client #2 transferred chunli #1226
[INFO][2021-07-26 16:36:32][Server]User #1 x-Loc=250 y-Loc=300 xHead=1  Act=0 HP=100 MP=15
[INFO][2021-07-26 16:36:32][Server]User #2 x-Loc=50 y-Loc=300 xHead=1  Act=15 HP=50 MP=5
[INFO][2021-07-26 16:36:32][Server]client #2 transferred chunli #1226
[INFO][2021-07-26 16:36:32][Server]User #1 x-Loc=250 y-Loc=300 xHead=1  Act=12 HP=100 MP=15
[INFO][2021-07-26 16:36:32][Server]User #2 x-Loc=50 y-Loc=300 xHead=1  Act=15 HP=50 MP=5
[INFO][2021-07-26 16:36:32][Server]client #2 transferred chunli #1226
[INFO][2021-07-26 16:36:32][Server]User #1 x-Loc=250 y-Loc=300 xHead=1  Act=0 HP=100 MP=15
[INFO][2021-07-26 16:36:32][Server]User #2 x-Loc=50 y-Loc=300 xHead=1  Act=15 HP=50 MP=5
[INFO][2021-07-26 16:36:32][Server]client #2 transferred chunli #1226
[INFO][2021-07-26 16:36:32][Server]User #1 x-Loc=250 y-Loc=300 xHead=1  Act=12 HP=100 MP=15
[INFO][2021-07-26 16:36:32][Server]User #2 x-Loc=50 y-Loc=300 xHead=1  Act=15 HP=50 MP=5
[INFO][2021-07-26 16:36:32][Server]client #2 transferred chunli #1226
[INFO][2021-07-26 16:36:32][Server]User #1 x-Loc=250 y-Loc=300 xHead=1  Act=0 HP=100 MP=15
[INFO][2021-07-26 16:36:32][Server]User #2 x-Loc=50 y-Loc=300 xHead=1  Act=15 HP=50 MP=5
[INFO][2021-07-26 16:36:32][Server]client #2 transferred chunli #1226
[INFO][2021-07-26 16:36:32][Server]User #1 x-Loc=250 y-Loc=300 xHead=1  Act=12 HP=100 MP=15
[INFO][2021-07-26 16:36:32][Server]User #2 x-Loc=50 y-Loc=300 xHead=1  Act=15 HP=50 MP=5
[INFO][2021-07-26 16:36:33][Server]client #2 transferred chunli #1226
[INFO][2021-07-26 16:36:33][Server]User #1 x-Loc=250 y-Loc=300 xHead=1  Act=0 HP=100 MP=15
[INFO][2021-07-26 16:36:33][Server]User #2 x-Loc=50 y-Loc=300 xHead=1  Act=15 HP=50 MP=5
[INFO][2021-07-26 16:36:33][Server]client #2 transferred chunli #1226
[INFO][2021-07-26 16:36:33][Server]User #1 x-Loc=250 y-Loc=300 xHead=1  Act=12 HP=100 MP=15
[INFO][2021-07-26 16:36:33][Server]User #2 x-Loc=50 y-Loc=300 xHead=1  Act=15 HP=50 MP=5
[INFO][2021-07-26 16:36:33][Server]client #2 transferred chunli #1226
[INFO][2021-07-26 16:36:33][Server]User #1 x-Loc=250 y-Loc=300 xHead=1  Act=0 HP=100 MP=15
[INFO][2021-07-26 16:36:33][Server]User #2 x-Loc=50 y-Loc=300 xHead=1  Act=15 HP=50 MP=5
[INFO][2021-07-26 16:36:33][Server]client #2 transferred chunli #1226
[INFO][2021-07-26 16:36:33][Server]User #1 x-Loc=250 y-Loc=300 xHead=1  Act=12 HP=100 MP=15
[INFO][2021-07-26 16:36:33][Server]User #2 x-Loc=50 y-Loc=300 xHead=1  Act=15 HP=50 MP=5
[INFO][2021-07-26 16:36:33][Server]client #2 transferred chunli #1226
[INFO][2021-07-26 16:36:33][Server]User #1 x-Loc=250 y-Loc=300 xHead=1  Act=0 HP=100 MP=15
[INFO][2021-07-26 16:36:33][Server]User #2 x-Loc=50 y-Loc=300 xHead=1  Act=15 HP=50 MP=5
[INFO][2021-07-26 16:36:33][Server]client #2 transferred chunli #1226
[INFO][2021-07-26 16:36:33][Server]User #1 x-Loc=250 y-Loc=300 xHead=1  Act=12 HP=100 MP=15
[INFO][2021-07-26 16:36:33][Server]User #2 x-Loc=50 y-Loc=300 xHead=1  Act=15 HP=50 MP=5
[INFO][2021-07-26 16:36:33][Server]client #2 transferred chunli #1226
[INFO][2021-07-26 16:36:33][Server]User #1 x-Loc=250 y-Loc=300 xHead=1  Act=0 HP=100 MP=15
[INFO][2021-07-26 16:36:33][Server]User #2 x-Loc=50 y-Loc=300 xHead=1  Act=15 HP=50 MP=5
[INFO][2021-07-26 16:36:34][Server]client #2 transferred chunli #1226
[INFO][2021-07-26 16:36:34][Server]User #1 x-Loc=250 y-Loc=300 xHead=1  Act=12 HP=100 MP=15
[INFO][2021-07-26 16:36:34][Server]User #2 x-Loc=50 y-Loc=300 xHead=1  Act=15 HP=50 MP=5
[INFO][2021-07-26 16:36:34][Server]client #2 transferred chunli #1226
[INFO][2021-07-26 16:36:34][Server]User #1 x-Loc=250 y-Loc=300 xHead=1  Act=0 HP=100 MP=15
[INFO][2021-07-26 16:36:34][Server]User #2 x-Loc=50 y-Loc=300 xHead=1  Act=15 HP=50 MP=5
[INFO][2021-07-26 16:36:34][Server]client #2 transferred chunli #1226
[INFO][2021-07-26 16:36:34][Server]User #1 x-Loc=250 y-Loc=300 xHead=1  Act=12 HP=100 MP=15
[INFO][2021-07-26 16:36:34][Server]User #2 x-Loc=50 y-Loc=300 xHead=1  Act=15 HP=50 MP=5
[INFO][2021-07-26 16:36:34][Server]client #2 transferred chunli #1226
[INFO][2021-07-26 16:36:34][Server]User #1 x-Loc=250 y-Loc=300 xHead=1  Act=0 HP=100 MP=15
[INFO][2021-07-26 16:36:34][Server]User #2 x-Loc=50 y-Loc=300 xHead=1  Act=15 HP=50 MP=5
[INFO][2021-07-26 16:36:34][Server]client #2 transferred chunli #1226
[INFO][2021-07-26 16:36:34][Server]User #1 x-Loc=250 y-Loc=300 xHead=1  Act=12 HP=100 MP=15
[INFO][2021-07-26 16:36:34][Server]User #2 x-Loc=50 y-Loc=300 xHead=1  Act=15 HP=50 MP=5
[INFO][2021-07-26 16:36:34][Server]client #2 transferred chunli #1226
[INFO][2021-07-26 16:36:34][Server]User #1 x-Loc=250 y-Loc=300 xHead=1  Act=0 HP=100 MP=15
[INFO][2021-07-26 16:36:34][Server]User #2 x-Loc=50 y-Loc=300 xHead=1  Act=15 HP=50 MP=5
[INFO][2021-07-26 16:36:35][Server]client #2 transferred chunli #1226
[INFO][2021-07-26 16:36:35][Server]User #1 x-Loc=250 y-Loc=300 xHead=1  Act=12 HP=100 MP=15
[INFO][2021-07-26 16:36:35][Server]User #2 x-Loc=50 y-Loc=300 xHead=1  Act=15 HP=50 MP=5
[INFO][2021-07-26 16:36:35][Server]client #2 transferred chunli #1226
[INFO][2021-07-26 16:36:35][Server]User #1 x-Loc=250 y-Loc=300 xHead=1  Act=0 HP=100 MP=15
[INFO][2021-07-26 16:36:35][Server]User #2 x-Loc=50 y-Loc=300 xHead=1  Act=15 HP=50 MP=5
[INFO][2021-07-26 16:36:35][Server]client #2 transferred chunli #1226
[INFO][2021-07-26 16:36:35][Server]User #1 x-Loc=250 y-Loc=300 xHead=1  Act=12 HP=100 MP=15
[INFO][2021-07-26 16:36:35][Server]User #2 x-Loc=50 y-Loc=300 xHead=1  Act=15 HP=50 MP=5
[INFO][2021-07-26 16:36:35][Server]client #2 transferred chunli #1226
[INFO][2021-07-26 16:36:35][Server]User #1 x-Loc=250 y-Loc=300 xHead=1  Act=0 HP=100 MP=15
[INFO][2021-07-26 16:36:35][Server]User #2 x-Loc=50 y-Loc=300 xHead=1  Act=15 HP=50 MP=5
[INFO][2021-07-26 16:36:35][Server]client #2 transferred chunli #1226
[INFO][2021-07-26 16:36:35][Server]User #1 x-Loc=250 y-Loc=300 xHead=1  Act=12 HP=100 MP=15
[INFO][2021-07-26 16:36:35][Server]User #2 x-Loc=50 y-Loc=300 xHead=1  Act=15 HP=50 MP=5
[INFO][2021-07-26 16:36:35][Server]client #2 transferred chunli #1226
[INFO][2021-07-26 16:36:35][Server]User #1 x-Loc=250 y-Loc=300 xHead=1  Act=0 HP=100 MP=15
[INFO][2021-07-26 16:36:35][Server]User #2 x-Loc=50 y-Loc=300 xHead=1  Act=15 HP=50 MP=5
[INFO][2021-07-26 16:36:36][Server]client #2 transferred chunli #1226
[INFO][2021-07-26 16:36:36][Server]User #1 x-Loc=250 y-Loc=300 xHead=1  Act=12 HP=100 MP=15
[INFO][2021-07-26 16:36:36][Server]User #2 x-Loc=50 y-Loc=300 xHead=1  Act=15 HP=50 MP=5
[INFO][2021-07-26 16:36:36][Server]client #2 transferred chunli #1226
[INFO][2021-07-26 16:36:36][Server]User #1 x-Loc=250 y-Loc=300 xHead=1  Act=0 HP=100 MP=15
[INFO][2021-07-26 16:36:36][Server]User #2 x-Loc=50 y-Loc=300 xHead=1  Act=15 HP=50 MP=5
[INFO][2021-07-26 16:36:36][Server]client #2 transferred chunli #1226
[INFO][2021-07-26 16:36:36][Server]User #1 x-Loc=250 y-Loc=300 xHead=1  Act=12 HP=100 MP=15
[INFO][2021-07-26 16:36:36][Server]User #2 x-Loc=50 y-Loc=300 xHead=1  Act=15 HP=50 MP=5
[INFO][2021-07-26 16:36:36][Server]client #2 transferred chunli #1226
[INFO][2021-07-26 16:36:36][Server]User #1 x-Loc=250 y-Loc=300 xHead=1  Act=0 HP=100 MP=15
[INFO][2021-07-26 16:36:36][Server]User #2 x-Loc=50 y-Loc=300 xHead=1  Act=15 HP=50 MP=5
[WARNING][2021-07-26 16:36:39][Server]client 2 Exception ! 
[WARNING][2021-07-26 16:36:40][Server]client 1 Exception ! 
