[INFO][2021-07-27 15:06:44]Send stand
[INFO][2021-07-27 15:06:45]Send right move
[INFO][2021-07-27 15:06:45]Send stand
[INFO][2021-07-27 15:06:45]Send left move
[INFO][2021-07-27 15:06:46]Send stand
[INFO][2021-07-27 15:06:46]Send left move
[INFO][2021-07-27 15:06:46]Send stand
[INFO][2021-07-27 15:06:46]Send left move
[INFO][2021-07-27 15:06:46]Send stand
[INFO][2021-07-27 15:06:46]Send left move
[INFO][2021-07-27 15:06:46]Send stand
[INFO][2021-07-27 15:06:46]Send left move
[INFO][2021-07-27 15:06:46]Send stand
[INFO][2021-07-27 15:06:46]Send left move
[INFO][2021-07-27 15:06:46]Send stand
[INFO][2021-07-27 15:06:46]Send left move
[INFO][2021-07-27 15:06:46]Send stand
[INFO][2021-07-27 15:06:46]Send left move
[INFO][2021-07-27 15:06:46]Send stand
[INFO][2021-07-27 15:06:46]Send left move
[INFO][2021-07-27 15:06:46]Send stand
[INFO][2021-07-27 15:06:46]Send left move
[INFO][2021-07-27 15:06:47]Send stand
[INFO][2021-07-27 15:06:47]Send hard attack
[INFO][2021-07-27 15:06:47]Send stand
[INFO][2021-07-27 15:06:47]Send right move
[INFO][2021-07-27 15:06:47]Send stand
[INFO][2021-07-27 15:06:47]Send right move
[INFO][2021-07-27 15:06:47]Send stand
[INFO][2021-07-27 15:06:47]Send hard attack
[INFO][2021-07-27 15:06:47]Send stand
[INFO][2021-07-27 15:06:47]Send left move
[INFO][2021-07-27 15:06:47]Send stand
[INFO][2021-07-27 15:06:48]Send hard attack
[INFO][2021-07-27 15:06:48]Send stand
[INFO][2021-07-27 15:06:48]Send normal attack
[INFO][2021-07-27 15:06:48]Send stand
[INFO][2021-07-27 15:06:48]Send left move
[INFO][2021-07-27 15:06:48]Send stand
[INFO][2021-07-27 15:06:48]Send left move
[INFO][2021-07-27 15:06:48]Send stand
[INFO][2021-07-27 15:06:48]Send right move
[INFO][2021-07-27 15:06:48]Send stand
[INFO][2021-07-27 15:06:48]Send right move
[INFO][2021-07-27 15:06:48]Send stand
[INFO][2021-07-27 15:06:49]Send right move
[INFO][2021-07-27 15:06:49]Send stand
[INFO][2021-07-27 15:06:49]Send hard attack
[INFO][2021-07-27 15:06:49]Send stand
[INFO][2021-07-27 15:06:49]Send hard attack
[INFO][2021-07-27 15:06:49]Send stand
[INFO][2021-07-27 15:06:50]Send hard attack
[INFO][2021-07-27 15:06:50]Send stand
[INFO][2021-07-27 15:06:50]Send normal attack
[INFO][2021-07-27 15:06:50]Send stand
[INFO][2021-07-27 15:06:50]Send hard attack
[INFO][2021-07-27 15:06:50]Send stand
[INFO][2021-07-27 15:06:50]Send normal attack
[INFO][2021-07-27 15:06:50]Send stand
[INFO][2021-07-27 15:06:50]Send hard attack
[INFO][2021-07-27 15:06:50]Send stand
[INFO][2021-07-27 15:06:50]Send normal attack
[INFO][2021-07-27 15:06:50]Send stand
[INFO][2021-07-27 15:06:50]Send hard attack
[INFO][2021-07-27 15:06:50]Send stand
[INFO][2021-07-27 15:06:50]Send right move
[INFO][2021-07-27 15:06:50]Send stand
[INFO][2021-07-27 15:06:51]Send hard attack
[INFO][2021-07-27 15:06:51]Send stand
[INFO][2021-07-27 15:06:51]Send normal attack
[INFO][2021-07-27 15:06:51]Send stand
[INFO][2021-07-27 15:06:51]Send hard attack
[INFO][2021-07-27 15:06:51]Send stand
[INFO][2021-07-27 15:06:51]Send hard attack
[INFO][2021-07-27 15:06:51]Send stand
[INFO][2021-07-27 15:06:51]Send normal attack
[INFO][2021-07-27 15:06:51]Send stand
[INFO][2021-07-27 15:06:51]Send hard attack
[INFO][2021-07-27 15:06:52]Send stand
[INFO][2021-07-27 15:06:52]Send normal attack
[INFO][2021-07-27 15:06:52]Send stand
[INFO][2021-07-27 15:06:52]Send hard attack
[INFO][2021-07-27 15:06:52]Send stand
[INFO][2021-07-27 15:06:52]Send normal attack
[INFO][2021-07-27 15:06:52]Send stand
[INFO][2021-07-27 15:06:52]Send hard attack
[INFO][2021-07-27 15:06:52]Send stand
[INFO][2021-07-27 15:06:52]Send right move
[INFO][2021-07-27 15:06:52]Send stand
[INFO][2021-07-27 15:06:53]Send right move
[INFO][2021-07-27 15:06:53]Send stand
[INFO][2021-07-27 15:06:53]Send right move
[INFO][2021-07-27 15:06:53]Send stand
[INFO][2021-07-27 15:06:53]Send right move
[INFO][2021-07-27 15:06:53]Send stand
[INFO][2021-07-27 15:06:53]Send left move
[INFO][2021-07-27 15:06:53]Send stand
[INFO][2021-07-27 15:06:53]Send left move
[INFO][2021-07-27 15:06:53]Send stand
[INFO][2021-07-27 15:06:54]Send hard attack
[INFO][2021-07-27 15:06:54]Send stand
[INFO][2021-07-27 15:06:55]Send left move
[INFO][2021-07-27 15:06:55]Send stand
[INFO][2021-07-27 15:06:55]Send left move
[INFO][2021-07-27 15:06:55]Send stand
[INFO][2021-07-27 15:06:55]Send left move
[INFO][2021-07-27 15:06:55]Send stand
[INFO][2021-07-27 15:06:55]Send left move
[INFO][2021-07-27 15:06:55]Send stand
[INFO][2021-07-27 15:06:56]Send left move
[INFO][2021-07-27 15:06:56]Send stand
[INFO][2021-07-27 15:06:56]Send left move
[INFO][2021-07-27 15:06:56]Send stand
[INFO][2021-07-27 15:06:56]Send right move
[INFO][2021-07-27 15:06:56]Send stand
[INFO][2021-07-27 15:06:57]Send right move
[INFO][2021-07-27 15:06:57]Send stand
[INFO][2021-07-27 15:06:58]Send right move
[INFO][2021-07-27 15:06:58]Send stand
[INFO][2021-07-27 15:06:58]Send normal attack
[INFO][2021-07-27 15:06:58]Send stand
[INFO][2021-07-27 15:06:58]Send normal attack
[INFO][2021-07-27 15:06:59]Send stand
[INFO][2021-07-27 15:06:59]Send normal attack
[INFO][2021-07-27 15:06:59]Send stand
[INFO][2021-07-27 15:06:59]Send normal attack
[INFO][2021-07-27 15:06:59]Send stand
[INFO][2021-07-27 15:06:59]Send left move
[INFO][2021-07-27 15:06:59]Send stand
[INFO][2021-07-27 15:07:00]Send right move
[INFO][2021-07-27 15:07:00]Send stand
[INFO][2021-07-27 15:07:00]Send normal attack
[INFO][2021-07-27 15:07:00]Send stand
[INFO][2021-07-27 15:07:01]Send normal attack
[INFO][2021-07-27 15:07:01]Send stand
[INFO][2021-07-27 15:07:01]Send normal attack
[INFO][2021-07-27 15:07:01]Send stand
[INFO][2021-07-27 15:07:01]Send normal attack
[INFO][2021-07-27 15:07:01]Send stand
[INFO][2021-07-27 15:07:02]Send hard attack
[INFO][2021-07-27 15:07:02]Send stand
[INFO][2021-07-27 15:07:02]Send hard attack
[INFO][2021-07-27 15:07:02]Send stand
[INFO][2021-07-27 15:07:02]Send hard attack
[INFO][2021-07-27 15:07:02]Send stand
[INFO][2021-07-27 15:07:02]Send hard attack
[INFO][2021-07-27 15:07:02]Send stand
[INFO][2021-07-27 15:07:03]Send hard attack
[INFO][2021-07-27 15:07:03]Send stand
[INFO][2021-07-27 15:07:03]Send hard attack
[INFO][2021-07-27 15:07:03]Send stand
[INFO][2021-07-27 15:07:03]Send hard attack
[INFO][2021-07-27 15:07:03]Send stand
[INFO][2021-07-27 15:07:03]Send hard attack
[INFO][2021-07-27 15:07:03]Send stand
[INFO][2021-07-27 15:07:03]Send hard attack
[INFO][2021-07-27 15:07:03]Send stand
[INFO][2021-07-27 15:07:03]Send hard attack
[INFO][2021-07-27 15:07:03]Send stand
[INFO][2021-07-27 15:07:03]Send hard attack
[INFO][2021-07-27 15:07:04]Send stand
[INFO][2021-07-27 15:07:04]Send hard attack
[INFO][2021-07-27 15:07:04]Send stand
[INFO][2021-07-27 15:07:04]Send hard attack
[INFO][2021-07-27 15:07:04]Send stand
[INFO][2021-07-27 15:07:04]Send hard attack
[INFO][2021-07-27 15:07:04]Send stand
[INFO][2021-07-27 15:07:04]Send hard attack
[INFO][2021-07-27 15:07:04]Send stand
[INFO][2021-07-27 15:07:04]Send hard attack
[INFO][2021-07-27 15:07:04]Send stand
[INFO][2021-07-27 15:07:04]Send hard attack
[INFO][2021-07-27 15:07:05]Send stand
[INFO][2021-07-27 15:07:05]Send hard attack
[INFO][2021-07-27 15:07:05]Send stand
[INFO][2021-07-27 15:07:06]Send hard attack
[INFO][2021-07-27 15:07:06]Send stand
[INFO][2021-07-27 15:07:06]Send left move
[INFO][2021-07-27 15:07:06]Send stand
[INFO][2021-07-27 15:07:06]Send left move
[INFO][2021-07-27 15:07:06]Send stand
[INFO][2021-07-27 15:07:06]Send left move
[INFO][2021-07-27 15:07:06]Send stand
[INFO][2021-07-27 15:07:06]Send left move
[INFO][2021-07-27 15:07:07]Send stand
[INFO][2021-07-27 15:07:07]Send right move
[INFO][2021-07-27 15:07:07]Send stand
[INFO][2021-07-27 15:07:07]Send right move
[INFO][2021-07-27 15:07:07]Send stand
