[INFO][2021-07-26 16:40:13][Server]Server started.
[INFO][2021-07-26 16:40:17][Server]client #1 transferred chunli #6651
[INFO][2021-07-26 16:40:22][Server]client #2 transferred caotijing #1637
[INFO][2021-07-26 16:40:22][Server]User #1 x-Loc=700 y-Loc=300 xHead=0  Act=0 HP=100 MP=0
[INFO][2021-07-26 16:40:22][Server]User #2 x-Loc=50 y-Loc=300 xHead=1  Act=0 HP=100 MP=0
[INFO][2021-07-26 16:40:22][Server]client #1 transferred chunli #6651
[INFO][2021-07-26 16:40:22][Server]User #1 x-Loc=700 y-Loc=300 xHead=0  Act=0 HP=100 MP=0
[INFO][2021-07-26 16:40:22][Server]User #2 x-Loc=50 y-Loc=300 xHead=1  Act=0 HP=100 MP=0
[INFO][2021-07-26 16:40:22][Server]client #2 transferred caotijing #1637
[INFO][2021-07-26 16:40:22][Server]User #1 x-Loc=700 y-Loc=300 xHead=0  Act=0 HP=100 MP=0
[INFO][2021-07-26 16:40:22][Server]User #2 x-Loc=50 y-Loc=300 xHead=1  Act=0 HP=100 MP=0
[INFO][2021-07-26 16:40:24][Server]client #2 transferred caotijing #1637
[INFO][2021-07-26 16:40:24][Server]User #1 x-Loc=750 y-Loc=300 xHead=1  Act=1 HP=100 MP=0
[INFO][2021-07-26 16:40:24][Server]User #2 x-Loc=50 y-Loc=300 xHead=1  Act=0 HP=100 MP=0
[INFO][2021-07-26 16:40:24][Server]client #2 transferred caotijing #1637
[INFO][2021-07-26 16:40:24][Server]User #1 x-Loc=750 y-Loc=300 xHead=1  Act=0 HP=100 MP=0
[INFO][2021-07-26 16:40:24][Server]User #2 x-Loc=50 y-Loc=300 xHead=1  Act=0 HP=100 MP=0
[INFO][2021-07-26 16:40:25][Server]client #2 transferred caotijing #1637
[INFO][2021-07-26 16:40:25][Server]User #1 x-Loc=700 y-Loc=300 xHead=0  Act=1 HP=100 MP=0
[INFO][2021-07-26 16:40:25][Server]User #2 x-Loc=50 y-Loc=300 xHead=1  Act=0 HP=100 MP=0
[INFO][2021-07-26 16:40:25][Server]client #2 transferred caotijing #1637
[INFO][2021-07-26 16:40:25][Server]User #1 x-Loc=700 y-Loc=300 xHead=0  Act=0 HP=100 MP=0
[INFO][2021-07-26 16:40:25][Server]User #2 x-Loc=50 y-Loc=300 xHead=1  Act=0 HP=100 MP=0
[INFO][2021-07-26 16:40:25][Server]client #2 transferred caotijing #1637
[INFO][2021-07-26 16:40:25][Server]User #1 x-Loc=650 y-Loc=300 xHead=0  Act=1 HP=100 MP=0
[INFO][2021-07-26 16:40:25][Server]User #2 x-Loc=50 y-Loc=300 xHead=1  Act=0 HP=100 MP=0
[INFO][2021-07-26 16:40:25][Server]client #2 transferred caotijing #1637
[INFO][2021-07-26 16:40:25][Server]User #1 x-Loc=650 y-Loc=300 xHead=0  Act=0 HP=100 MP=0
[INFO][2021-07-26 16:40:25][Server]User #2 x-Loc=50 y-Loc=300 xHead=1  Act=0 HP=100 MP=0
[INFO][2021-07-26 16:40:25][Server]client #2 transferred caotijing #1637
[INFO][2021-07-26 16:40:25][Server]User #1 x-Loc=600 y-Loc=300 xHead=0  Act=1 HP=100 MP=0
[INFO][2021-07-26 16:40:25][Server]User #2 x-Loc=50 y-Loc=300 xHead=1  Act=0 HP=100 MP=0
[INFO][2021-07-26 16:40:25][Server]client #2 transferred caotijing #1637
[INFO][2021-07-26 16:40:25][Server]User #1 x-Loc=600 y-Loc=300 xHead=0  Act=0 HP=100 MP=0
[INFO][2021-07-26 16:40:25][Server]User #2 x-Loc=50 y-Loc=300 xHead=1  Act=0 HP=100 MP=0
[INFO][2021-07-26 16:40:25][Server]client #2 transferred caotijing #1637
[INFO][2021-07-26 16:40:25][Server]User #1 x-Loc=550 y-Loc=300 xHead=0  Act=1 HP=100 MP=0
[INFO][2021-07-26 16:40:25][Server]User #2 x-Loc=50 y-Loc=300 xHead=1  Act=0 HP=100 MP=0
[INFO][2021-07-26 16:40:25][Server]client #2 transferred caotijing #1637
[INFO][2021-07-26 16:40:25][Server]User #1 x-Loc=550 y-Loc=300 xHead=0  Act=0 HP=100 MP=0
[INFO][2021-07-26 16:40:25][Server]User #2 x-Loc=50 y-Loc=300 xHead=1  Act=0 HP=100 MP=0
[INFO][2021-07-26 16:40:25][Server]client #2 transferred caotijing #1637
[INFO][2021-07-26 16:40:25][Server]User #1 x-Loc=500 y-Loc=300 xHead=0  Act=1 HP=100 MP=0
[INFO][2021-07-26 16:40:25][Server]User #2 x-Loc=50 y-Loc=300 xHead=1  Act=0 HP=100 MP=0
[INFO][2021-07-26 16:40:25][Server]client #2 transferred caotijing #1637
[INFO][2021-07-26 16:40:25][Server]User #1 x-Loc=500 y-Loc=300 xHead=0  Act=0 HP=100 MP=0
[INFO][2021-07-26 16:40:25][Server]User #2 x-Loc=50 y-Loc=300 xHead=1  Act=0 HP=100 MP=0
[INFO][2021-07-26 16:40:26][Server]client #2 transferred caotijing #1637
[INFO][2021-07-26 16:40:26][Server]User #1 x-Loc=450 y-Loc=300 xHead=0  Act=1 HP=100 MP=0
[INFO][2021-07-26 16:40:26][Server]User #2 x-Loc=50 y-Loc=300 xHead=1  Act=0 HP=100 MP=0
[INFO][2021-07-26 16:40:26][Server]client #2 transferred caotijing #1637
[INFO][2021-07-26 16:40:26][Server]User #1 x-Loc=450 y-Loc=300 xHead=0  Act=0 HP=100 MP=0
[INFO][2021-07-26 16:40:26][Server]User #2 x-Loc=50 y-Loc=300 xHead=1  Act=0 HP=100 MP=0
[INFO][2021-07-26 16:40:26][Server]client #2 transferred caotijing #1637
[INFO][2021-07-26 16:40:26][Server]User #1 x-Loc=400 y-Loc=300 xHead=0  Act=1 HP=100 MP=0
[INFO][2021-07-26 16:40:26][Server]User #2 x-Loc=50 y-Loc=300 xHead=1  Act=0 HP=100 MP=0
[INFO][2021-07-26 16:40:26][Server]client #2 transferred caotijing #1637
[INFO][2021-07-26 16:40:26][Server]User #1 x-Loc=400 y-Loc=300 xHead=0  Act=0 HP=100 MP=0
[INFO][2021-07-26 16:40:26][Server]User #2 x-Loc=50 y-Loc=300 xHead=1  Act=0 HP=100 MP=0
[INFO][2021-07-26 16:40:26][Server]client #2 transferred caotijing #1637
[INFO][2021-07-26 16:40:26][Server]User #1 x-Loc=350 y-Loc=300 xHead=0  Act=1 HP=100 MP=0
[INFO][2021-07-26 16:40:26][Server]User #2 x-Loc=50 y-Loc=300 xHead=1  Act=0 HP=100 MP=0
[INFO][2021-07-26 16:40:26][Server]client #2 transferred caotijing #1637
[INFO][2021-07-26 16:40:26][Server]User #1 x-Loc=350 y-Loc=300 xHead=0  Act=0 HP=100 MP=0
[INFO][2021-07-26 16:40:26][Server]User #2 x-Loc=50 y-Loc=300 xHead=1  Act=0 HP=100 MP=0
[INFO][2021-07-26 16:40:26][Server]client #2 transferred caotijing #1637
[INFO][2021-07-26 16:40:26][Server]User #1 x-Loc=300 y-Loc=300 xHead=0  Act=1 HP=100 MP=0
[INFO][2021-07-26 16:40:26][Server]User #2 x-Loc=50 y-Loc=300 xHead=1  Act=0 HP=100 MP=0
[INFO][2021-07-26 16:40:26][Server]client #2 transferred caotijing #1637
[INFO][2021-07-26 16:40:26][Server]User #1 x-Loc=300 y-Loc=300 xHead=0  Act=0 HP=100 MP=0
[INFO][2021-07-26 16:40:26][Server]User #2 x-Loc=50 y-Loc=300 xHead=1  Act=0 HP=100 MP=0
[INFO][2021-07-26 16:40:26][Server]client #2 transferred caotijing #1637
[INFO][2021-07-26 16:40:26][Server]User #1 x-Loc=250 y-Loc=300 xHead=0  Act=1 HP=100 MP=0
[INFO][2021-07-26 16:40:26][Server]User #2 x-Loc=50 y-Loc=300 xHead=1  Act=0 HP=100 MP=0
[INFO][2021-07-26 16:40:26][Server]client #2 transferred caotijing #1637
[INFO][2021-07-26 16:40:26][Server]User #1 x-Loc=250 y-Loc=300 xHead=0  Act=0 HP=100 MP=0
[INFO][2021-07-26 16:40:26][Server]User #2 x-Loc=50 y-Loc=300 xHead=1  Act=0 HP=100 MP=0
[INFO][2021-07-26 16:40:27][Server]client #2 transferred caotijing #1637
[INFO][2021-07-26 16:40:27][Server]User #1 x-Loc=200 y-Loc=300 xHead=0  Act=1 HP=100 MP=0
[INFO][2021-07-26 16:40:27][Server]User #2 x-Loc=50 y-Loc=300 xHead=1  Act=0 HP=100 MP=0
[INFO][2021-07-26 16:40:27][Server]client #2 transferred caotijing #1637
[INFO][2021-07-26 16:40:27][Server]User #1 x-Loc=200 y-Loc=300 xHead=0  Act=0 HP=100 MP=0
[INFO][2021-07-26 16:40:27][Server]User #2 x-Loc=50 y-Loc=300 xHead=1  Act=0 HP=100 MP=0
[INFO][2021-07-26 16:40:27][Server]client #2 transferred caotijing #1637
[INFO][2021-07-26 16:40:27][Server]User #1 x-Loc=150 y-Loc=300 xHead=0  Act=1 HP=100 MP=0
[INFO][2021-07-26 16:40:27][Server]User #2 x-Loc=50 y-Loc=300 xHead=1  Act=0 HP=100 MP=0
[INFO][2021-07-26 16:40:27][Server]client #2 transferred caotijing #1637
[INFO][2021-07-26 16:40:27][Server]User #1 x-Loc=150 y-Loc=300 xHead=0  Act=0 HP=100 MP=0
[INFO][2021-07-26 16:40:27][Server]User #2 x-Loc=50 y-Loc=300 xHead=1  Act=0 HP=100 MP=0
[INFO][2021-07-26 16:40:29][Server]client #2 transferred caotijing #1637
[INFO][2021-07-26 16:40:29][Server]User #1 x-Loc=200 y-Loc=300 xHead=1  Act=1 HP=100 MP=0
[INFO][2021-07-26 16:40:29][Server]User #2 x-Loc=50 y-Loc=300 xHead=1  Act=0 HP=100 MP=0
[INFO][2021-07-26 16:40:29][Server]client #2 transferred caotijing #1637
[INFO][2021-07-26 16:40:29][Server]User #1 x-Loc=200 y-Loc=300 xHead=1  Act=0 HP=100 MP=0
[INFO][2021-07-26 16:40:29][Server]User #2 x-Loc=50 y-Loc=300 xHead=1  Act=0 HP=100 MP=0
[INFO][2021-07-26 16:40:30][Server]client #2 transferred caotijing #1637
[INFO][2021-07-26 16:40:30][Server]User #1 x-Loc=150 y-Loc=300 xHead=0  Act=1 HP=100 MP=0
[INFO][2021-07-26 16:40:30][Server]User #2 x-Loc=50 y-Loc=300 xHead=1  Act=0 HP=100 MP=0
[INFO][2021-07-26 16:40:30][Server]client #2 transferred caotijing #1637
[INFO][2021-07-26 16:40:30][Server]User #1 x-Loc=150 y-Loc=300 xHead=0  Act=0 HP=100 MP=0
[INFO][2021-07-26 16:40:30][Server]User #2 x-Loc=50 y-Loc=300 xHead=1  Act=0 HP=100 MP=0
[INFO][2021-07-26 16:40:31][Server]client #2 transferred caotijing #1637
[INFO][2021-07-26 16:40:31][Server]User #1 x-Loc=100 y-Loc=300 xHead=0  Act=1 HP=100 MP=0
[INFO][2021-07-26 16:40:31][Server]User #2 x-Loc=50 y-Loc=300 xHead=1  Act=0 HP=100 MP=0
[INFO][2021-07-26 16:40:31][Server]client #2 transferred caotijing #1637
[INFO][2021-07-26 16:40:31][Server]User #1 x-Loc=100 y-Loc=300 xHead=0  Act=0 HP=100 MP=0
[INFO][2021-07-26 16:40:31][Server]User #2 x-Loc=50 y-Loc=300 xHead=1  Act=0 HP=100 MP=0
[INFO][2021-07-26 16:40:32][Server]client #2 transferred caotijing #1637
[INFO][2021-07-26 16:40:32][Server]Player #1 Attack Player #2. Got Damage 10pts.
        Now Player #1 HP is 100   MP is 3
            Player #2 HP is 90   MP is 1
[INFO][2021-07-26 16:40:32][Server]User #1 x-Loc=100 y-Loc=300 xHead=0  Act=10 HP=100 MP=3
[INFO][2021-07-26 16:40:32][Server]User #2 x-Loc=50 y-Loc=300 xHead=1  Act=15 HP=90 MP=1
[INFO][2021-07-26 16:40:32][Server]client #2 transferred caotijing #1637
[INFO][2021-07-26 16:40:32][Server]User #1 x-Loc=100 y-Loc=300 xHead=0  Act=0 HP=100 MP=3
[INFO][2021-07-26 16:40:32][Server]User #2 x-Loc=50 y-Loc=300 xHead=1  Act=15 HP=90 MP=1
[INFO][2021-07-26 16:40:33][Server]client #2 transferred caotijing #1637
[INFO][2021-07-26 16:40:33][Server]Player #1 Attack Player #2. Got Damage 10pts.
        Now Player #1 HP is 100   MP is 6
            Player #2 HP is 80   MP is 2
[INFO][2021-07-26 16:40:33][Server]User #1 x-Loc=100 y-Loc=300 xHead=0  Act=10 HP=100 MP=6
[INFO][2021-07-26 16:40:33][Server]User #2 x-Loc=50 y-Loc=300 xHead=1  Act=16 HP=80 MP=2
[INFO][2021-07-26 16:40:33][Server]client #2 transferred caotijing #1637
[INFO][2021-07-26 16:40:33][Server]User #1 x-Loc=100 y-Loc=300 xHead=0  Act=0 HP=100 MP=6
[INFO][2021-07-26 16:40:33][Server]User #2 x-Loc=50 y-Loc=300 xHead=1  Act=16 HP=80 MP=2
[INFO][2021-07-26 16:40:33][Server]client #2 transferred caotijing #1637
[INFO][2021-07-26 16:40:33][Server]Player #1 Attack Player #2. Got Damage 10pts.
        Now Player #1 HP is 100   MP is 9
            Player #2 HP is 70   MP is 3
[INFO][2021-07-26 16:40:33][Server]User #1 x-Loc=100 y-Loc=300 xHead=0  Act=10 HP=100 MP=9
[INFO][2021-07-26 16:40:33][Server]User #2 x-Loc=50 y-Loc=300 xHead=1  Act=17 HP=70 MP=3
[INFO][2021-07-26 16:40:33][Server]client #2 transferred caotijing #1637
[INFO][2021-07-26 16:40:33][Server]User #1 x-Loc=100 y-Loc=300 xHead=0  Act=0 HP=100 MP=9
[INFO][2021-07-26 16:40:33][Server]User #2 x-Loc=50 y-Loc=300 xHead=1  Act=17 HP=70 MP=3
[INFO][2021-07-26 16:40:34][Server]client #2 transferred caotijing #1637
[INFO][2021-07-26 16:40:34][Server]Player #1 Attack Player #2. Got Damage 10pts.
        Now Player #1 HP is 100   MP is 12
            Player #2 HP is 60   MP is 4
[INFO][2021-07-26 16:40:34][Server]User #1 x-Loc=100 y-Loc=300 xHead=0  Act=10 HP=100 MP=12
[INFO][2021-07-26 16:40:34][Server]User #2 x-Loc=50 y-Loc=300 xHead=1  Act=0 HP=60 MP=4
[INFO][2021-07-26 16:40:34][Server]client #2 transferred caotijing #1637
[INFO][2021-07-26 16:40:34][Server]User #1 x-Loc=100 y-Loc=300 xHead=0  Act=0 HP=100 MP=12
[INFO][2021-07-26 16:40:34][Server]User #2 x-Loc=50 y-Loc=300 xHead=1  Act=0 HP=60 MP=4
[INFO][2021-07-26 16:40:35][Server]client #2 transferred caotijing #1637
[INFO][2021-07-26 16:40:35][Server]Player #1 Attack Player #2. Got Damage 10pts.
        Now Player #1 HP is 100   MP is 15
            Player #2 HP is 50   MP is 5
[INFO][2021-07-26 16:40:35][Server]User #1 x-Loc=100 y-Loc=300 xHead=0  Act=10 HP=100 MP=15
[INFO][2021-07-26 16:40:35][Server]User #2 x-Loc=50 y-Loc=300 xHead=1  Act=15 HP=50 MP=5
[INFO][2021-07-26 16:40:35][Server]client #2 transferred caotijing #1637
[INFO][2021-07-26 16:40:35][Server]User #1 x-Loc=100 y-Loc=300 xHead=0  Act=0 HP=100 MP=15
[INFO][2021-07-26 16:40:35][Server]User #2 x-Loc=50 y-Loc=300 xHead=1  Act=15 HP=50 MP=5
[INFO][2021-07-26 16:40:36][Server]client #2 transferred caotijing #1637
[INFO][2021-07-26 16:40:36][Server]User #1 x-Loc=150 y-Loc=300 xHead=1  Act=1 HP=100 MP=15
[INFO][2021-07-26 16:40:36][Server]User #2 x-Loc=50 y-Loc=300 xHead=1  Act=15 HP=50 MP=5
[INFO][2021-07-26 16:40:36][Server]client #2 transferred caotijing #1637
[INFO][2021-07-26 16:40:36][Server]User #1 x-Loc=150 y-Loc=300 xHead=1  Act=0 HP=100 MP=15
[INFO][2021-07-26 16:40:36][Server]User #2 x-Loc=50 y-Loc=300 xHead=1  Act=15 HP=50 MP=5
[INFO][2021-07-26 16:40:36][Server]client #2 transferred caotijing #1637
[INFO][2021-07-26 16:40:36][Server]User #1 x-Loc=200 y-Loc=300 xHead=1  Act=1 HP=100 MP=15
[INFO][2021-07-26 16:40:36][Server]User #2 x-Loc=50 y-Loc=300 xHead=1  Act=15 HP=50 MP=5
[INFO][2021-07-26 16:40:36][Server]client #2 transferred caotijing #1637
[INFO][2021-07-26 16:40:36][Server]User #1 x-Loc=200 y-Loc=300 xHead=1  Act=0 HP=100 MP=15
[INFO][2021-07-26 16:40:36][Server]User #2 x-Loc=50 y-Loc=300 xHead=1  Act=15 HP=50 MP=5
[INFO][2021-07-26 16:40:36][Server]client #2 transferred caotijing #1637
[INFO][2021-07-26 16:40:36][Server]User #1 x-Loc=250 y-Loc=300 xHead=1  Act=1 HP=100 MP=15
[INFO][2021-07-26 16:40:36][Server]User #2 x-Loc=50 y-Loc=300 xHead=1  Act=15 HP=50 MP=5
[INFO][2021-07-26 16:40:36][Server]client #2 transferred caotijing #1637
[INFO][2021-07-26 16:40:36][Server]User #1 x-Loc=250 y-Loc=300 xHead=1  Act=0 HP=100 MP=15
[INFO][2021-07-26 16:40:36][Server]User #2 x-Loc=50 y-Loc=300 xHead=1  Act=15 HP=50 MP=5
[INFO][2021-07-26 16:40:37][Server]client #2 transferred caotijing #1637
[INFO][2021-07-26 16:40:37][Server]User #1 x-Loc=300 y-Loc=300 xHead=1  Act=1 HP=100 MP=15
[INFO][2021-07-26 16:40:37][Server]User #2 x-Loc=50 y-Loc=300 xHead=1  Act=15 HP=50 MP=5
[INFO][2021-07-26 16:40:37][Server]client #2 transferred caotijing #1637
[INFO][2021-07-26 16:40:37][Server]User #1 x-Loc=300 y-Loc=300 xHead=1  Act=0 HP=100 MP=15
[INFO][2021-07-26 16:40:37][Server]User #2 x-Loc=50 y-Loc=300 xHead=1  Act=15 HP=50 MP=5
[INFO][2021-07-26 16:40:37][Server]client #2 transferred caotijing #1637
[INFO][2021-07-26 16:40:37][Server]User #1 x-Loc=350 y-Loc=300 xHead=1  Act=1 HP=100 MP=15
[INFO][2021-07-26 16:40:37][Server]User #2 x-Loc=50 y-Loc=300 xHead=1  Act=15 HP=50 MP=5
[INFO][2021-07-26 16:40:37][Server]client #2 transferred caotijing #1637
[INFO][2021-07-26 16:40:37][Server]User #1 x-Loc=350 y-Loc=300 xHead=1  Act=0 HP=100 MP=15
[INFO][2021-07-26 16:40:37][Server]User #2 x-Loc=50 y-Loc=300 xHead=1  Act=15 HP=50 MP=5
[INFO][2021-07-26 16:40:37][Server]client #2 transferred caotijing #1637
[INFO][2021-07-26 16:40:37][Server]User #1 x-Loc=400 y-Loc=300 xHead=1  Act=1 HP=100 MP=15
[INFO][2021-07-26 16:40:37][Server]User #2 x-Loc=50 y-Loc=300 xHead=1  Act=15 HP=50 MP=5
[INFO][2021-07-26 16:40:37][Server]client #2 transferred caotijing #1637
[INFO][2021-07-26 16:40:37][Server]User #1 x-Loc=400 y-Loc=300 xHead=1  Act=0 HP=100 MP=15
[INFO][2021-07-26 16:40:37][Server]User #2 x-Loc=50 y-Loc=300 xHead=1  Act=15 HP=50 MP=5
[INFO][2021-07-26 16:40:38][Server]client #2 transferred caotijing #1637
[INFO][2021-07-26 16:40:38][Server]User #1 x-Loc=450 y-Loc=300 xHead=1  Act=1 HP=100 MP=15
[INFO][2021-07-26 16:40:38][Server]User #2 x-Loc=50 y-Loc=300 xHead=1  Act=15 HP=50 MP=5
[INFO][2021-07-26 16:40:38][Server]client #2 transferred caotijing #1637
[INFO][2021-07-26 16:40:38][Server]User #1 x-Loc=450 y-Loc=300 xHead=1  Act=0 HP=100 MP=15
[INFO][2021-07-26 16:40:38][Server]User #2 x-Loc=50 y-Loc=300 xHead=1  Act=15 HP=50 MP=5
[INFO][2021-07-26 16:40:38][Server]client #2 transferred caotijing #1637
[INFO][2021-07-26 16:40:38][Server]User #1 x-Loc=500 y-Loc=300 xHead=1  Act=1 HP=100 MP=15
[INFO][2021-07-26 16:40:38][Server]User #2 x-Loc=50 y-Loc=300 xHead=1  Act=15 HP=50 MP=5
[INFO][2021-07-26 16:40:38][Server]client #2 transferred caotijing #1637
[INFO][2021-07-26 16:40:38][Server]User #1 x-Loc=500 y-Loc=300 xHead=1  Act=0 HP=100 MP=15
[INFO][2021-07-26 16:40:38][Server]User #2 x-Loc=50 y-Loc=300 xHead=1  Act=15 HP=50 MP=5
[INFO][2021-07-26 16:40:38][Server]client #2 transferred caotijing #1637
[INFO][2021-07-26 16:40:38][Server]User #1 x-Loc=450 y-Loc=300 xHead=0  Act=1 HP=100 MP=15
[INFO][2021-07-26 16:40:38][Server]User #2 x-Loc=50 y-Loc=300 xHead=1  Act=15 HP=50 MP=5
[INFO][2021-07-26 16:40:38][Server]client #2 transferred caotijing #1637
[INFO][2021-07-26 16:40:38][Server]User #1 x-Loc=450 y-Loc=300 xHead=0  Act=0 HP=100 MP=15
[INFO][2021-07-26 16:40:38][Server]User #2 x-Loc=50 y-Loc=300 xHead=1  Act=15 HP=50 MP=5
[INFO][2021-07-26 16:40:39][Server]client #2 transferred caotijing #1637
[INFO][2021-07-26 16:40:39][Server]User #1 x-Loc=400 y-Loc=300 xHead=0  Act=1 HP=100 MP=15
[INFO][2021-07-26 16:40:39][Server]User #2 x-Loc=50 y-Loc=300 xHead=1  Act=15 HP=50 MP=5
[INFO][2021-07-26 16:40:39][Server]client #2 transferred caotijing #1637
[INFO][2021-07-26 16:40:39][Server]User #1 x-Loc=400 y-Loc=300 xHead=0  Act=0 HP=100 MP=15
[INFO][2021-07-26 16:40:39][Server]User #2 x-Loc=50 y-Loc=300 xHead=1  Act=15 HP=50 MP=5
[INFO][2021-07-26 16:40:40][Server]client #2 transferred caotijing #1637
[INFO][2021-07-26 16:40:40][Server]User #1 x-Loc=400 y-Loc=300 xHead=0  Act=12 HP=100 MP=0
[INFO][2021-07-26 16:40:40][Server]User #2 x-Loc=50 y-Loc=300 xHead=1  Act=15 HP=50 MP=5
[INFO][2021-07-26 16:40:40][Server]client #2 transferred caotijing #1637
[INFO][2021-07-26 16:40:40][Server]User #1 x-Loc=400 y-Loc=300 xHead=0  Act=0 HP=100 MP=0
[INFO][2021-07-26 16:40:40][Server]User #2 x-Loc=50 y-Loc=300 xHead=1  Act=15 HP=50 MP=5
[INFO][2021-07-26 16:40:48][Server]client #1 transferred chunli #6651
[INFO][2021-07-26 16:40:48][Server]User #1 x-Loc=400 y-Loc=300 xHead=0  Act=0 HP=100 MP=0
[INFO][2021-07-26 16:40:48][Server]User #2 x-Loc=100 y-Loc=300 xHead=1  Act=1 HP=50 MP=5
[INFO][2021-07-26 16:40:49][Server]client #1 transferred chunli #6651
[INFO][2021-07-26 16:40:49][Server]User #1 x-Loc=400 y-Loc=300 xHead=0  Act=0 HP=100 MP=0
[INFO][2021-07-26 16:40:49][Server]User #2 x-Loc=100 y-Loc=300 xHead=1  Act=0 HP=50 MP=5
[INFO][2021-07-26 16:40:49][Server]client #1 transferred chunli #6651
[INFO][2021-07-26 16:40:49][Server]User #1 x-Loc=400 y-Loc=300 xHead=0  Act=0 HP=100 MP=0
[INFO][2021-07-26 16:40:49][Server]User #2 x-Loc=150 y-Loc=300 xHead=1  Act=1 HP=50 MP=5
[INFO][2021-07-26 16:40:49][Server]client #1 transferred chunli #6651
[INFO][2021-07-26 16:40:49][Server]User #1 x-Loc=400 y-Loc=300 xHead=0  Act=0 HP=100 MP=0
[INFO][2021-07-26 16:40:49][Server]User #2 x-Loc=150 y-Loc=300 xHead=1  Act=0 HP=50 MP=5
[INFO][2021-07-26 16:40:49][Server]client #1 transferred chunli #6651
[INFO][2021-07-26 16:40:49][Server]User #1 x-Loc=400 y-Loc=300 xHead=0  Act=0 HP=100 MP=0
[INFO][2021-07-26 16:40:49][Server]User #2 x-Loc=200 y-Loc=300 xHead=1  Act=1 HP=50 MP=5
[INFO][2021-07-26 16:40:49][Server]client #1 transferred chunli #6651
[INFO][2021-07-26 16:40:49][Server]User #1 x-Loc=400 y-Loc=300 xHead=0  Act=0 HP=100 MP=0
[INFO][2021-07-26 16:40:49][Server]User #2 x-Loc=200 y-Loc=300 xHead=1  Act=0 HP=50 MP=5
[INFO][2021-07-26 16:40:49][Server]client #1 transferred chunli #6651
[INFO][2021-07-26 16:40:49][Server]User #1 x-Loc=400 y-Loc=300 xHead=0  Act=0 HP=100 MP=0
[INFO][2021-07-26 16:40:49][Server]User #2 x-Loc=250 y-Loc=300 xHead=1  Act=1 HP=50 MP=5
[INFO][2021-07-26 16:40:49][Server]client #1 transferred chunli #6651
[INFO][2021-07-26 16:40:49][Server]User #1 x-Loc=400 y-Loc=300 xHead=0  Act=0 HP=100 MP=0
[INFO][2021-07-26 16:40:49][Server]User #2 x-Loc=250 y-Loc=300 xHead=1  Act=0 HP=50 MP=5
[INFO][2021-07-26 16:40:49][Server]client #1 transferred chunli #6651
[INFO][2021-07-26 16:40:49][Server]User #1 x-Loc=400 y-Loc=300 xHead=0  Act=0 HP=100 MP=0
[INFO][2021-07-26 16:40:49][Server]User #2 x-Loc=300 y-Loc=300 xHead=1  Act=1 HP=50 MP=5
[INFO][2021-07-26 16:40:49][Server]client #1 transferred chunli #6651
[INFO][2021-07-26 16:40:49][Server]User #1 x-Loc=400 y-Loc=300 xHead=0  Act=0 HP=100 MP=0
[INFO][2021-07-26 16:40:49][Server]User #2 x-Loc=300 y-Loc=300 xHead=1  Act=0 HP=50 MP=5
[INFO][2021-07-26 16:40:51][Server]client #1 transferred chunli #6651
[INFO][2021-07-26 16:40:51][Server]User #1 x-Loc=400 y-Loc=300 xHead=0  Act=0 HP=100 MP=0
[INFO][2021-07-26 16:40:51][Server]User #2 x-Loc=350 y-Loc=300 xHead=1  Act=1 HP=50 MP=5
[INFO][2021-07-26 16:40:51][Server]client #1 transferred chunli #6651
[INFO][2021-07-26 16:40:51][Server]User #1 x-Loc=400 y-Loc=300 xHead=0  Act=0 HP=100 MP=0
[INFO][2021-07-26 16:40:51][Server]User #2 x-Loc=350 y-Loc=300 xHead=1  Act=0 HP=50 MP=5
[INFO][2021-07-26 16:40:52][Server]client #1 transferred chunli #6651
[INFO][2021-07-26 16:40:52][Server]User #1 x-Loc=400 y-Loc=300 xHead=0  Act=0 HP=100 MP=0
[INFO][2021-07-26 16:40:52][Server]User #2 x-Loc=300 y-Loc=300 xHead=0  Act=1 HP=50 MP=5
[INFO][2021-07-26 16:40:52][Server]client #1 transferred chunli #6651
[INFO][2021-07-26 16:40:52][Server]User #1 x-Loc=400 y-Loc=300 xHead=0  Act=0 HP=100 MP=0
[INFO][2021-07-26 16:40:52][Server]User #2 x-Loc=300 y-Loc=300 xHead=0  Act=0 HP=50 MP=5
[INFO][2021-07-26 16:40:52][Server]client #1 transferred chunli #6651
[INFO][2021-07-26 16:40:52][Server]User #1 x-Loc=400 y-Loc=300 xHead=0  Act=0 HP=100 MP=0
[INFO][2021-07-26 16:40:52][Server]User #2 x-Loc=250 y-Loc=300 xHead=0  Act=1 HP=50 MP=5
[INFO][2021-07-26 16:40:52][Server]client #1 transferred chunli #6651
[INFO][2021-07-26 16:40:52][Server]User #1 x-Loc=400 y-Loc=300 xHead=0  Act=0 HP=100 MP=0
[INFO][2021-07-26 16:40:52][Server]User #2 x-Loc=250 y-Loc=300 xHead=0  Act=0 HP=50 MP=5
[INFO][2021-07-26 16:40:52][Server]client #1 transferred chunli #6651
[INFO][2021-07-26 16:40:52][Server]User #1 x-Loc=400 y-Loc=300 xHead=0  Act=0 HP=100 MP=0
[INFO][2021-07-26 16:40:52][Server]User #2 x-Loc=300 y-Loc=300 xHead=1  Act=1 HP=50 MP=5
[INFO][2021-07-26 16:40:52][Server]client #1 transferred chunli #6651
[INFO][2021-07-26 16:40:52][Server]User #1 x-Loc=400 y-Loc=300 xHead=0  Act=0 HP=100 MP=0
[INFO][2021-07-26 16:40:52][Server]User #2 x-Loc=300 y-Loc=300 xHead=1  Act=0 HP=50 MP=5
[INFO][2021-07-26 16:40:53][Server]client #1 transferred chunli #6651
[INFO][2021-07-26 16:40:53][Server]User #1 x-Loc=400 y-Loc=300 xHead=0  Act=0 HP=100 MP=0
[INFO][2021-07-26 16:40:53][Server]User #2 x-Loc=350 y-Loc=300 xHead=1  Act=1 HP=50 MP=5
[INFO][2021-07-26 16:40:53][Server]client #1 transferred chunli #6651
[INFO][2021-07-26 16:40:53][Server]User #1 x-Loc=400 y-Loc=300 xHead=0  Act=0 HP=100 MP=0
[INFO][2021-07-26 16:40:53][Server]User #2 x-Loc=350 y-Loc=300 xHead=1  Act=0 HP=50 MP=5
[INFO][2021-07-26 16:40:54][Server]client #1 transferred chunli #6651
[INFO][2021-07-26 16:40:54][Server]Player #2 Attack Player #1. Got Damage 10pts.
        Now Player #1 HP is 90   MP is 1
            Player #2 HP is 50   MP is 8
[INFO][2021-07-26 16:40:54][Server]User #1 x-Loc=400 y-Loc=300 xHead=0  Act=15 HP=90 MP=1
[INFO][2021-07-26 16:40:54][Server]User #2 x-Loc=350 y-Loc=300 xHead=1  Act=10 HP=50 MP=8
[INFO][2021-07-26 16:40:54][Server]client #1 transferred chunli #6651
[INFO][2021-07-26 16:40:54][Server]User #1 x-Loc=400 y-Loc=300 xHead=0  Act=15 HP=90 MP=1
[INFO][2021-07-26 16:40:54][Server]User #2 x-Loc=350 y-Loc=300 xHead=1  Act=0 HP=50 MP=8
[INFO][2021-07-26 16:40:55][Server]client #1 transferred chunli #6651
[INFO][2021-07-26 16:40:55][Server]Player #2 Attack Player #1. Got Damage 10pts.
        Now Player #1 HP is 80   MP is 2
            Player #2 HP is 50   MP is 11
[INFO][2021-07-26 16:40:55][Server]User #1 x-Loc=400 y-Loc=300 xHead=0  Act=16 HP=80 MP=2
[INFO][2021-07-26 16:40:55][Server]User #2 x-Loc=350 y-Loc=300 xHead=1  Act=10 HP=50 MP=11
[INFO][2021-07-26 16:40:55][Server]client #1 transferred chunli #6651
[INFO][2021-07-26 16:40:55][Server]User #1 x-Loc=400 y-Loc=300 xHead=0  Act=16 HP=80 MP=2
[INFO][2021-07-26 16:40:55][Server]User #2 x-Loc=350 y-Loc=300 xHead=1  Act=0 HP=50 MP=11
[INFO][2021-07-26 16:40:57][Server]client #1 transferred chunli #6651
[INFO][2021-07-26 16:40:57][Server]Player #2 Attack Player #1. Got Damage 10pts.
        Now Player #1 HP is 70   MP is 3
            Player #2 HP is 50   MP is 14
[INFO][2021-07-26 16:40:57][Server]User #1 x-Loc=400 y-Loc=300 xHead=0  Act=17 HP=70 MP=3
[INFO][2021-07-26 16:40:57][Server]User #2 x-Loc=350 y-Loc=300 xHead=1  Act=10 HP=50 MP=14
[INFO][2021-07-26 16:40:57][Server]client #1 transferred chunli #6651
[INFO][2021-07-26 16:40:57][Server]User #1 x-Loc=400 y-Loc=300 xHead=0  Act=17 HP=70 MP=3
[INFO][2021-07-26 16:40:57][Server]User #2 x-Loc=350 y-Loc=300 xHead=1  Act=0 HP=50 MP=14
[INFO][2021-07-26 16:40:58][Server]client #1 transferred chunli #6651
[INFO][2021-07-26 16:40:58][Server]Player #2 Attack Player #1. Got Damage 10pts.
        Now Player #1 HP is 60   MP is 4
            Player #2 HP is 50   MP is 15
[INFO][2021-07-26 16:40:58][Server]User #1 x-Loc=400 y-Loc=300 xHead=0  Act=0 HP=60 MP=4
[INFO][2021-07-26 16:40:58][Server]User #2 x-Loc=350 y-Loc=300 xHead=1  Act=10 HP=50 MP=15
[INFO][2021-07-26 16:40:58][Server]client #1 transferred chunli #6651
[INFO][2021-07-26 16:40:58][Server]User #1 x-Loc=400 y-Loc=300 xHead=0  Act=0 HP=60 MP=4
[INFO][2021-07-26 16:40:58][Server]User #2 x-Loc=350 y-Loc=300 xHead=1  Act=0 HP=50 MP=15
[INFO][2021-07-26 16:40:58][Server]client #1 transferred chunli #6651
[INFO][2021-07-26 16:40:58][Server]User #1 x-Loc=400 y-Loc=300 xHead=0  Act=0 HP=60 MP=4
[INFO][2021-07-26 16:40:58][Server]User #2 x-Loc=300 y-Loc=300 xHead=0  Act=1 HP=50 MP=15
[INFO][2021-07-26 16:40:59][Server]client #1 transferred chunli #6651
[INFO][2021-07-26 16:40:59][Server]User #1 x-Loc=400 y-Loc=300 xHead=0  Act=0 HP=60 MP=4
[INFO][2021-07-26 16:40:59][Server]User #2 x-Loc=300 y-Loc=300 xHead=0  Act=0 HP=50 MP=15
[INFO][2021-07-26 16:40:59][Server]client #1 transferred chunli #6651
[INFO][2021-07-26 16:40:59][Server]User #1 x-Loc=400 y-Loc=300 xHead=0  Act=0 HP=60 MP=4
[INFO][2021-07-26 16:40:59][Server]User #2 x-Loc=250 y-Loc=300 xHead=0  Act=1 HP=50 MP=15
[INFO][2021-07-26 16:40:59][Server]client #1 transferred chunli #6651
[INFO][2021-07-26 16:40:59][Server]User #1 x-Loc=400 y-Loc=300 xHead=0  Act=0 HP=60 MP=4
[INFO][2021-07-26 16:40:59][Server]User #2 x-Loc=250 y-Loc=300 xHead=0  Act=0 HP=50 MP=15
[INFO][2021-07-26 16:40:59][Server]client #1 transferred chunli #6651
[INFO][2021-07-26 16:40:59][Server]User #1 x-Loc=400 y-Loc=300 xHead=0  Act=0 HP=60 MP=4
[INFO][2021-07-26 16:40:59][Server]User #2 x-Loc=200 y-Loc=300 xHead=0  Act=1 HP=50 MP=15
[INFO][2021-07-26 16:40:59][Server]client #1 transferred chunli #6651
[INFO][2021-07-26 16:40:59][Server]User #1 x-Loc=400 y-Loc=300 xHead=0  Act=0 HP=60 MP=4
[INFO][2021-07-26 16:40:59][Server]User #2 x-Loc=200 y-Loc=300 xHead=0  Act=0 HP=50 MP=15
[INFO][2021-07-26 16:40:59][Server]client #1 transferred chunli #6651
[INFO][2021-07-26 16:40:59][Server]User #1 x-Loc=400 y-Loc=300 xHead=0  Act=0 HP=60 MP=4
[INFO][2021-07-26 16:40:59][Server]User #2 x-Loc=150 y-Loc=300 xHead=0  Act=1 HP=50 MP=15
[INFO][2021-07-26 16:40:59][Server]client #1 transferred chunli #6651
[INFO][2021-07-26 16:40:59][Server]User #1 x-Loc=400 y-Loc=300 xHead=0  Act=0 HP=60 MP=4
[INFO][2021-07-26 16:40:59][Server]User #2 x-Loc=150 y-Loc=300 xHead=0  Act=0 HP=50 MP=15
[INFO][2021-07-26 16:40:59][Server]client #1 transferred chunli #6651
[INFO][2021-07-26 16:40:59][Server]User #1 x-Loc=400 y-Loc=300 xHead=0  Act=0 HP=60 MP=4
[INFO][2021-07-26 16:40:59][Server]User #2 x-Loc=200 y-Loc=300 xHead=1  Act=1 HP=50 MP=15
[INFO][2021-07-26 16:40:59][Server]client #1 transferred chunli #6651
[INFO][2021-07-26 16:40:59][Server]User #1 x-Loc=400 y-Loc=300 xHead=0  Act=0 HP=60 MP=4
[INFO][2021-07-26 16:40:59][Server]User #2 x-Loc=200 y-Loc=300 xHead=1  Act=0 HP=50 MP=15
[INFO][2021-07-26 16:41:00][Server]client #1 transferred chunli #6651
[INFO][2021-07-26 16:41:00][Server]User #1 x-Loc=400 y-Loc=300 xHead=0  Act=0 HP=60 MP=4
[INFO][2021-07-26 16:41:00][Server]User #2 x-Loc=200 y-Loc=300 xHead=1  Act=12 HP=50 MP=0
[INFO][2021-07-26 16:41:00][Server]client #1 transferred chunli #6651
[INFO][2021-07-26 16:41:00][Server]User #1 x-Loc=400 y-Loc=300 xHead=0  Act=0 HP=60 MP=4
[INFO][2021-07-26 16:41:00][Server]User #2 x-Loc=200 y-Loc=300 xHead=1  Act=0 HP=50 MP=0
[WARNING][2021-07-26 16:41:07][Server]client 1 Exception ! 
[WARNING][2021-07-26 16:41:08][Server]client 2 Exception ! 
