[INFO][2021-07-26 16:26:34][Server]Server started.
[INFO][2021-07-26 16:26:39][Server]client #1 transferred chunli #8770
[INFO][2021-07-26 16:26:44][Server]client #2 transferred caotijing #3432
[INFO][2021-07-26 16:26:44][Server]User #1 x-Loc=700 y-Loc=300 xHead=0  Act=0 HP=100 MP=0
[INFO][2021-07-26 16:26:44][Server]User #2 x-Loc=50 y-Loc=300 xHead=1  Act=0 HP=100 MP=0
[INFO][2021-07-26 16:26:44][Server]client #1 transferred chunli #8770
[INFO][2021-07-26 16:26:44][Server]User #1 x-Loc=700 y-Loc=300 xHead=0  Act=0 HP=100 MP=0
[INFO][2021-07-26 16:26:44][Server]User #2 x-Loc=50 y-Loc=300 xHead=1  Act=0 HP=100 MP=0
[INFO][2021-07-26 16:26:44][Server]client #2 transferred caotijing #3432
[INFO][2021-07-26 16:26:44][Server]User #1 x-Loc=700 y-Loc=300 xHead=0  Act=0 HP=100 MP=0
[INFO][2021-07-26 16:26:44][Server]User #2 x-Loc=50 y-Loc=300 xHead=1  Act=0 HP=100 MP=0
[INFO][2021-07-26 16:27:00][Server]client #1 transferred chunli #8770
[INFO][2021-07-26 16:27:00][Server]User #1 x-Loc=700 y-Loc=300 xHead=0  Act=0 HP=100 MP=0
[INFO][2021-07-26 16:27:00][Server]User #2 x-Loc=50 y-Loc=300 xHead=1  Act=10 HP=100 MP=0
[INFO][2021-07-26 16:27:00][Server]client #1 transferred chunli #8770
[INFO][2021-07-26 16:27:00][Server]User #1 x-Loc=700 y-Loc=300 xHead=0  Act=0 HP=100 MP=0
[INFO][2021-07-26 16:27:00][Server]User #2 x-Loc=50 y-Loc=300 xHead=1  Act=0 HP=100 MP=0
[INFO][2021-07-26 16:27:03][Server]client #1 transferred chunli #8770
[INFO][2021-07-26 16:27:03][Server]User #1 x-Loc=700 y-Loc=300 xHead=0  Act=0 HP=100 MP=0
[INFO][2021-07-26 16:27:03][Server]User #2 x-Loc=50 y-Loc=300 xHead=1  Act=10 HP=100 MP=0
[INFO][2021-07-26 16:27:03][Server]client #1 transferred chunli #8770
[INFO][2021-07-26 16:27:03][Server]User #1 x-Loc=700 y-Loc=300 xHead=0  Act=0 HP=100 MP=0
[INFO][2021-07-26 16:27:03][Server]User #2 x-Loc=50 y-Loc=300 xHead=1  Act=0 HP=100 MP=0
[INFO][2021-07-26 16:27:05][Server]client #1 transferred chunli #8770
[INFO][2021-07-26 16:27:05][Server]User #1 x-Loc=700 y-Loc=300 xHead=0  Act=0 HP=100 MP=0
[INFO][2021-07-26 16:27:05][Server]User #2 x-Loc=100 y-Loc=300 xHead=1  Act=1 HP=100 MP=0
[INFO][2021-07-26 16:27:05][Server]client #1 transferred chunli #8770
[INFO][2021-07-26 16:27:05][Server]User #1 x-Loc=700 y-Loc=300 xHead=0  Act=0 HP=100 MP=0
[INFO][2021-07-26 16:27:05][Server]User #2 x-Loc=100 y-Loc=300 xHead=1  Act=0 HP=100 MP=0
[INFO][2021-07-26 16:27:06][Server]client #1 transferred chunli #8770
[INFO][2021-07-26 16:27:06][Server]User #1 x-Loc=700 y-Loc=300 xHead=0  Act=0 HP=100 MP=0
[INFO][2021-07-26 16:27:06][Server]User #2 x-Loc=150 y-Loc=300 xHead=1  Act=1 HP=100 MP=0
[INFO][2021-07-26 16:27:06][Server]client #1 transferred chunli #8770
[INFO][2021-07-26 16:27:06][Server]User #1 x-Loc=700 y-Loc=300 xHead=0  Act=0 HP=100 MP=0
[INFO][2021-07-26 16:27:06][Server]User #2 x-Loc=150 y-Loc=300 xHead=1  Act=0 HP=100 MP=0
[INFO][2021-07-26 16:27:06][Server]client #1 transferred chunli #8770
[INFO][2021-07-26 16:27:06][Server]User #1 x-Loc=700 y-Loc=300 xHead=0  Act=0 HP=100 MP=0
[INFO][2021-07-26 16:27:06][Server]User #2 x-Loc=200 y-Loc=300 xHead=1  Act=1 HP=100 MP=0
[INFO][2021-07-26 16:27:06][Server]client #1 transferred chunli #8770
[INFO][2021-07-26 16:27:06][Server]User #1 x-Loc=700 y-Loc=300 xHead=0  Act=0 HP=100 MP=0
[INFO][2021-07-26 16:27:06][Server]User #2 x-Loc=200 y-Loc=300 xHead=1  Act=0 HP=100 MP=0
[INFO][2021-07-26 16:27:06][Server]client #1 transferred chunli #8770
[INFO][2021-07-26 16:27:06][Server]User #1 x-Loc=700 y-Loc=300 xHead=0  Act=0 HP=100 MP=0
[INFO][2021-07-26 16:27:06][Server]User #2 x-Loc=250 y-Loc=300 xHead=1  Act=1 HP=100 MP=0
[INFO][2021-07-26 16:27:06][Server]client #1 transferred chunli #8770
[INFO][2021-07-26 16:27:06][Server]User #1 x-Loc=700 y-Loc=300 xHead=0  Act=0 HP=100 MP=0
[INFO][2021-07-26 16:27:06][Server]User #2 x-Loc=250 y-Loc=300 xHead=1  Act=0 HP=100 MP=0
[INFO][2021-07-26 16:27:06][Server]client #1 transferred chunli #8770
[INFO][2021-07-26 16:27:06][Server]User #1 x-Loc=700 y-Loc=300 xHead=0  Act=0 HP=100 MP=0
[INFO][2021-07-26 16:27:06][Server]User #2 x-Loc=300 y-Loc=300 xHead=1  Act=1 HP=100 MP=0
[INFO][2021-07-26 16:27:06][Server]client #1 transferred chunli #8770
[INFO][2021-07-26 16:27:06][Server]User #1 x-Loc=700 y-Loc=300 xHead=0  Act=0 HP=100 MP=0
[INFO][2021-07-26 16:27:06][Server]User #2 x-Loc=300 y-Loc=300 xHead=1  Act=0 HP=100 MP=0
[INFO][2021-07-26 16:27:07][Server]client #1 transferred chunli #8770
[INFO][2021-07-26 16:27:07][Server]User #1 x-Loc=700 y-Loc=300 xHead=0  Act=0 HP=100 MP=0
[INFO][2021-07-26 16:27:07][Server]User #2 x-Loc=350 y-Loc=300 xHead=1  Act=1 HP=100 MP=0
[INFO][2021-07-26 16:27:07][Server]client #1 transferred chunli #8770
[INFO][2021-07-26 16:27:07][Server]User #1 x-Loc=700 y-Loc=300 xHead=0  Act=0 HP=100 MP=0
[INFO][2021-07-26 16:27:07][Server]User #2 x-Loc=350 y-Loc=300 xHead=1  Act=0 HP=100 MP=0
[INFO][2021-07-26 16:27:07][Server]client #1 transferred chunli #8770
[INFO][2021-07-26 16:27:07][Server]User #1 x-Loc=700 y-Loc=300 xHead=0  Act=0 HP=100 MP=0
[INFO][2021-07-26 16:27:07][Server]User #2 x-Loc=400 y-Loc=300 xHead=1  Act=1 HP=100 MP=0
[INFO][2021-07-26 16:27:07][Server]client #1 transferred chunli #8770
[INFO][2021-07-26 16:27:07][Server]User #1 x-Loc=700 y-Loc=300 xHead=0  Act=0 HP=100 MP=0
[INFO][2021-07-26 16:27:07][Server]User #2 x-Loc=400 y-Loc=300 xHead=1  Act=0 HP=100 MP=0
[INFO][2021-07-26 16:27:07][Server]client #1 transferred chunli #8770
[INFO][2021-07-26 16:27:07][Server]User #1 x-Loc=700 y-Loc=300 xHead=0  Act=0 HP=100 MP=0
[INFO][2021-07-26 16:27:07][Server]User #2 x-Loc=450 y-Loc=300 xHead=1  Act=1 HP=100 MP=0
[INFO][2021-07-26 16:27:07][Server]client #1 transferred chunli #8770
[INFO][2021-07-26 16:27:07][Server]User #1 x-Loc=700 y-Loc=300 xHead=0  Act=0 HP=100 MP=0
[INFO][2021-07-26 16:27:07][Server]User #2 x-Loc=450 y-Loc=300 xHead=1  Act=0 HP=100 MP=0
[INFO][2021-07-26 16:27:07][Server]client #1 transferred chunli #8770
[INFO][2021-07-26 16:27:07][Server]User #1 x-Loc=700 y-Loc=300 xHead=0  Act=0 HP=100 MP=0
[INFO][2021-07-26 16:27:07][Server]User #2 x-Loc=500 y-Loc=300 xHead=1  Act=1 HP=100 MP=0
[INFO][2021-07-26 16:27:07][Server]client #1 transferred chunli #8770
[INFO][2021-07-26 16:27:07][Server]User #1 x-Loc=700 y-Loc=300 xHead=0  Act=0 HP=100 MP=0
[INFO][2021-07-26 16:27:07][Server]User #2 x-Loc=500 y-Loc=300 xHead=1  Act=0 HP=100 MP=0
[INFO][2021-07-26 16:27:07][Server]client #1 transferred chunli #8770
[INFO][2021-07-26 16:27:07][Server]User #1 x-Loc=700 y-Loc=300 xHead=0  Act=0 HP=100 MP=0
[INFO][2021-07-26 16:27:07][Server]User #2 x-Loc=550 y-Loc=300 xHead=1  Act=1 HP=100 MP=0
[INFO][2021-07-26 16:27:07][Server]client #1 transferred chunli #8770
[INFO][2021-07-26 16:27:07][Server]User #1 x-Loc=700 y-Loc=300 xHead=0  Act=0 HP=100 MP=0
[INFO][2021-07-26 16:27:07][Server]User #2 x-Loc=550 y-Loc=300 xHead=1  Act=0 HP=100 MP=0
[INFO][2021-07-26 16:27:08][Server]client #1 transferred chunli #8770
[INFO][2021-07-26 16:27:08][Server]User #1 x-Loc=700 y-Loc=300 xHead=0  Act=0 HP=100 MP=0
[INFO][2021-07-26 16:27:08][Server]User #2 x-Loc=600 y-Loc=300 xHead=1  Act=1 HP=100 MP=0
[INFO][2021-07-26 16:27:08][Server]client #1 transferred chunli #8770
[INFO][2021-07-26 16:27:08][Server]User #1 x-Loc=700 y-Loc=300 xHead=0  Act=0 HP=100 MP=0
[INFO][2021-07-26 16:27:08][Server]User #2 x-Loc=600 y-Loc=300 xHead=1  Act=0 HP=100 MP=0
[INFO][2021-07-26 16:27:08][Server]client #1 transferred chunli #8770
[INFO][2021-07-26 16:27:08][Server]User #1 x-Loc=700 y-Loc=300 xHead=0  Act=0 HP=100 MP=0
[INFO][2021-07-26 16:27:08][Server]User #2 x-Loc=650 y-Loc=300 xHead=1  Act=1 HP=100 MP=0
[INFO][2021-07-26 16:27:08][Server]client #1 transferred chunli #8770
[INFO][2021-07-26 16:27:08][Server]User #1 x-Loc=700 y-Loc=300 xHead=0  Act=0 HP=100 MP=0
[INFO][2021-07-26 16:27:08][Server]User #2 x-Loc=650 y-Loc=300 xHead=1  Act=0 HP=100 MP=0
[INFO][2021-07-26 16:27:08][Server]client #1 transferred chunli #8770
[INFO][2021-07-26 16:27:08][Server]Player #2 Attack Player #1. Got Damage 10pts.
        Now Player #1 HP is 90   MP is 1
            Player #2 HP is 100   MP is 3
[INFO][2021-07-26 16:27:08][Server]User #1 x-Loc=700 y-Loc=300 xHead=0  Act=15 HP=90 MP=1
[INFO][2021-07-26 16:27:08][Server]User #2 x-Loc=650 y-Loc=300 xHead=1  Act=10 HP=100 MP=3
[INFO][2021-07-26 16:27:08][Server]client #1 transferred chunli #8770
[INFO][2021-07-26 16:27:08][Server]User #1 x-Loc=700 y-Loc=300 xHead=0  Act=15 HP=90 MP=1
[INFO][2021-07-26 16:27:08][Server]User #2 x-Loc=650 y-Loc=300 xHead=1  Act=0 HP=100 MP=3
[INFO][2021-07-26 16:27:09][Server]client #1 transferred chunli #8770
[INFO][2021-07-26 16:27:09][Server]Player #2 Attack Player #1. Got Damage 10pts.
        Now Player #1 HP is 80   MP is 2
            Player #2 HP is 100   MP is 6
[INFO][2021-07-26 16:27:09][Server]User #1 x-Loc=700 y-Loc=300 xHead=0  Act=16 HP=80 MP=2
[INFO][2021-07-26 16:27:09][Server]User #2 x-Loc=650 y-Loc=300 xHead=1  Act=10 HP=100 MP=6
[INFO][2021-07-26 16:27:10][Server]client #1 transferred chunli #8770
[INFO][2021-07-26 16:27:10][Server]User #1 x-Loc=700 y-Loc=300 xHead=0  Act=16 HP=80 MP=2
[INFO][2021-07-26 16:27:10][Server]User #2 x-Loc=650 y-Loc=300 xHead=1  Act=0 HP=100 MP=6
[INFO][2021-07-26 16:27:10][Server]client #1 transferred chunli #8770
[INFO][2021-07-26 16:27:10][Server]Player #2 Attack Player #1. Got Damage 10pts.
        Now Player #1 HP is 70   MP is 3
            Player #2 HP is 100   MP is 9
[INFO][2021-07-26 16:27:10][Server]User #1 x-Loc=700 y-Loc=300 xHead=0  Act=17 HP=70 MP=3
[INFO][2021-07-26 16:27:10][Server]User #2 x-Loc=650 y-Loc=300 xHead=1  Act=10 HP=100 MP=9
[INFO][2021-07-26 16:27:10][Server]client #1 transferred chunli #8770
[INFO][2021-07-26 16:27:10][Server]User #1 x-Loc=700 y-Loc=300 xHead=0  Act=17 HP=70 MP=3
[INFO][2021-07-26 16:27:10][Server]User #2 x-Loc=650 y-Loc=300 xHead=1  Act=0 HP=100 MP=9
[INFO][2021-07-26 16:27:11][Server]client #1 transferred chunli #8770
[INFO][2021-07-26 16:27:11][Server]Player #2 Attack Player #1. Got Damage 10pts.
        Now Player #1 HP is 60   MP is 4
            Player #2 HP is 100   MP is 12
[INFO][2021-07-26 16:27:11][Server]User #1 x-Loc=700 y-Loc=300 xHead=0  Act=0 HP=60 MP=4
[INFO][2021-07-26 16:27:11][Server]User #2 x-Loc=650 y-Loc=300 xHead=1  Act=10 HP=100 MP=12
[INFO][2021-07-26 16:27:11][Server]client #1 transferred chunli #8770
[INFO][2021-07-26 16:27:11][Server]User #1 x-Loc=700 y-Loc=300 xHead=0  Act=0 HP=60 MP=4
[INFO][2021-07-26 16:27:11][Server]User #2 x-Loc=650 y-Loc=300 xHead=1  Act=0 HP=100 MP=12
[INFO][2021-07-26 16:27:12][Server]client #1 transferred chunli #8770
[INFO][2021-07-26 16:27:12][Server]Player #2 Attack Player #1. Got Damage 10pts.
        Now Player #1 HP is 50   MP is 5
            Player #2 HP is 100   MP is 15
[INFO][2021-07-26 16:27:12][Server]User #1 x-Loc=700 y-Loc=300 xHead=0  Act=15 HP=50 MP=5
[INFO][2021-07-26 16:27:12][Server]User #2 x-Loc=650 y-Loc=300 xHead=1  Act=10 HP=100 MP=15
[INFO][2021-07-26 16:27:12][Server]client #1 transferred chunli #8770
[INFO][2021-07-26 16:27:12][Server]User #1 x-Loc=700 y-Loc=300 xHead=0  Act=15 HP=50 MP=5
[INFO][2021-07-26 16:27:12][Server]User #2 x-Loc=650 y-Loc=300 xHead=1  Act=0 HP=100 MP=15
[INFO][2021-07-26 16:27:13][Server]client #1 transferred chunli #8770
[INFO][2021-07-26 16:27:13][Server]User #1 x-Loc=700 y-Loc=300 xHead=0  Act=15 HP=50 MP=5
[INFO][2021-07-26 16:27:13][Server]User #2 x-Loc=600 y-Loc=300 xHead=0  Act=1 HP=100 MP=15
[INFO][2021-07-26 16:27:13][Server]client #1 transferred chunli #8770
[INFO][2021-07-26 16:27:13][Server]User #1 x-Loc=700 y-Loc=300 xHead=0  Act=15 HP=50 MP=5
[INFO][2021-07-26 16:27:13][Server]User #2 x-Loc=600 y-Loc=300 xHead=0  Act=0 HP=100 MP=15
[INFO][2021-07-26 16:27:13][Server]client #1 transferred chunli #8770
[INFO][2021-07-26 16:27:13][Server]User #1 x-Loc=700 y-Loc=300 xHead=0  Act=15 HP=50 MP=5
[INFO][2021-07-26 16:27:13][Server]User #2 x-Loc=550 y-Loc=300 xHead=0  Act=1 HP=100 MP=15
[INFO][2021-07-26 16:27:13][Server]client #1 transferred chunli #8770
[INFO][2021-07-26 16:27:13][Server]User #1 x-Loc=700 y-Loc=300 xHead=0  Act=15 HP=50 MP=5
[INFO][2021-07-26 16:27:13][Server]User #2 x-Loc=550 y-Loc=300 xHead=0  Act=0 HP=100 MP=15
[INFO][2021-07-26 16:27:13][Server]client #1 transferred chunli #8770
[INFO][2021-07-26 16:27:13][Server]User #1 x-Loc=700 y-Loc=300 xHead=0  Act=15 HP=50 MP=5
[INFO][2021-07-26 16:27:13][Server]User #2 x-Loc=500 y-Loc=300 xHead=0  Act=1 HP=100 MP=15
[INFO][2021-07-26 16:27:13][Server]client #1 transferred chunli #8770
[INFO][2021-07-26 16:27:13][Server]User #1 x-Loc=700 y-Loc=300 xHead=0  Act=15 HP=50 MP=5
[INFO][2021-07-26 16:27:13][Server]User #2 x-Loc=500 y-Loc=300 xHead=0  Act=0 HP=100 MP=15
[INFO][2021-07-26 16:27:13][Server]client #1 transferred chunli #8770
[INFO][2021-07-26 16:27:13][Server]User #1 x-Loc=700 y-Loc=300 xHead=0  Act=15 HP=50 MP=5
[INFO][2021-07-26 16:27:13][Server]User #2 x-Loc=450 y-Loc=300 xHead=0  Act=1 HP=100 MP=15
[INFO][2021-07-26 16:27:13][Server]client #1 transferred chunli #8770
[INFO][2021-07-26 16:27:13][Server]User #1 x-Loc=700 y-Loc=300 xHead=0  Act=15 HP=50 MP=5
[INFO][2021-07-26 16:27:13][Server]User #2 x-Loc=450 y-Loc=300 xHead=0  Act=0 HP=100 MP=15
[INFO][2021-07-26 16:27:13][Server]client #1 transferred chunli #8770
[INFO][2021-07-26 16:27:13][Server]User #1 x-Loc=700 y-Loc=300 xHead=0  Act=15 HP=50 MP=5
[INFO][2021-07-26 16:27:13][Server]User #2 x-Loc=400 y-Loc=300 xHead=0  Act=1 HP=100 MP=15
[INFO][2021-07-26 16:27:13][Server]client #1 transferred chunli #8770
[INFO][2021-07-26 16:27:13][Server]User #1 x-Loc=700 y-Loc=300 xHead=0  Act=15 HP=50 MP=5
[INFO][2021-07-26 16:27:13][Server]User #2 x-Loc=400 y-Loc=300 xHead=0  Act=0 HP=100 MP=15
[INFO][2021-07-26 16:27:14][Server]client #1 transferred chunli #8770
[INFO][2021-07-26 16:27:14][Server]User #1 x-Loc=700 y-Loc=300 xHead=0  Act=15 HP=50 MP=5
[INFO][2021-07-26 16:27:14][Server]User #2 x-Loc=450 y-Loc=300 xHead=1  Act=1 HP=100 MP=15
[INFO][2021-07-26 16:27:14][Server]client #1 transferred chunli #8770
[INFO][2021-07-26 16:27:14][Server]User #1 x-Loc=700 y-Loc=300 xHead=0  Act=15 HP=50 MP=5
[INFO][2021-07-26 16:27:14][Server]User #2 x-Loc=450 y-Loc=300 xHead=1  Act=0 HP=100 MP=15
[INFO][2021-07-26 16:27:14][Server]client #1 transferred chunli #8770
[INFO][2021-07-26 16:27:14][Server]User #1 x-Loc=700 y-Loc=300 xHead=0  Act=15 HP=50 MP=5
[INFO][2021-07-26 16:27:14][Server]User #2 x-Loc=450 y-Loc=300 xHead=1  Act=12 HP=100 MP=15
[INFO][2021-07-26 16:27:15][Server]client #1 transferred chunli #8770
[INFO][2021-07-26 16:27:15][Server]User #1 x-Loc=700 y-Loc=300 xHead=0  Act=15 HP=50 MP=5
[INFO][2021-07-26 16:27:15][Server]User #2 x-Loc=450 y-Loc=300 xHead=1  Act=0 HP=100 MP=15
[INFO][2021-07-26 16:27:16][Server]client #1 transferred chunli #8770
[INFO][2021-07-26 16:27:16][Server]User #1 x-Loc=700 y-Loc=300 xHead=0  Act=15 HP=50 MP=5
[INFO][2021-07-26 16:27:16][Server]User #2 x-Loc=450 y-Loc=300 xHead=1  Act=12 HP=100 MP=15
[INFO][2021-07-26 16:27:17][Server]client #1 transferred chunli #8770
[INFO][2021-07-26 16:27:17][Server]User #1 x-Loc=700 y-Loc=300 xHead=0  Act=15 HP=50 MP=5
[INFO][2021-07-26 16:27:17][Server]User #2 x-Loc=450 y-Loc=300 xHead=1  Act=0 HP=100 MP=15
[INFO][2021-07-26 16:27:18][Server]client #1 transferred chunli #8770
[INFO][2021-07-26 16:27:18][Server]User #1 x-Loc=700 y-Loc=300 xHead=0  Act=15 HP=50 MP=5
[INFO][2021-07-26 16:27:18][Server]User #2 x-Loc=450 y-Loc=300 xHead=1  Act=12 HP=100 MP=15
[INFO][2021-07-26 16:27:18][Server]client #1 transferred chunli #8770
[INFO][2021-07-26 16:27:18][Server]User #1 x-Loc=700 y-Loc=300 xHead=0  Act=15 HP=50 MP=5
[INFO][2021-07-26 16:27:18][Server]User #2 x-Loc=450 y-Loc=300 xHead=1  Act=0 HP=100 MP=15
[INFO][2021-07-26 16:27:19][Server]client #1 transferred chunli #8770
[INFO][2021-07-26 16:27:19][Server]User #1 x-Loc=700 y-Loc=300 xHead=0  Act=15 HP=50 MP=5
[INFO][2021-07-26 16:27:19][Server]User #2 x-Loc=450 y-Loc=300 xHead=1  Act=12 HP=100 MP=15
[INFO][2021-07-26 16:27:19][Server]client #1 transferred chunli #8770
[INFO][2021-07-26 16:27:19][Server]User #1 x-Loc=700 y-Loc=300 xHead=0  Act=15 HP=50 MP=5
[INFO][2021-07-26 16:27:19][Server]User #2 x-Loc=450 y-Loc=300 xHead=1  Act=0 HP=100 MP=15
[INFO][2021-07-26 16:27:19][Server]client #1 transferred chunli #8770
[INFO][2021-07-26 16:27:19][Server]User #1 x-Loc=700 y-Loc=300 xHead=0  Act=15 HP=50 MP=5
[INFO][2021-07-26 16:27:19][Server]User #2 x-Loc=450 y-Loc=300 xHead=1  Act=12 HP=100 MP=15
[INFO][2021-07-26 16:27:19][Server]client #1 transferred chunli #8770
[INFO][2021-07-26 16:27:19][Server]User #1 x-Loc=700 y-Loc=300 xHead=0  Act=15 HP=50 MP=5
[INFO][2021-07-26 16:27:19][Server]User #2 x-Loc=450 y-Loc=300 xHead=1  Act=0 HP=100 MP=15
[INFO][2021-07-26 16:27:20][Server]client #1 transferred chunli #8770
[INFO][2021-07-26 16:27:20][Server]User #1 x-Loc=700 y-Loc=300 xHead=0  Act=15 HP=50 MP=5
[INFO][2021-07-26 16:27:20][Server]User #2 x-Loc=450 y-Loc=300 xHead=1  Act=12 HP=100 MP=15
[INFO][2021-07-26 16:27:20][Server]client #1 transferred chunli #8770
[INFO][2021-07-26 16:27:20][Server]User #1 x-Loc=700 y-Loc=300 xHead=0  Act=15 HP=50 MP=5
[INFO][2021-07-26 16:27:20][Server]User #2 x-Loc=450 y-Loc=300 xHead=1  Act=0 HP=100 MP=15
[INFO][2021-07-26 16:27:20][Server]client #1 transferred chunli #8770
[INFO][2021-07-26 16:27:20][Server]User #1 x-Loc=700 y-Loc=300 xHead=0  Act=15 HP=50 MP=5
[INFO][2021-07-26 16:27:20][Server]User #2 x-Loc=450 y-Loc=300 xHead=1  Act=12 HP=100 MP=15
[INFO][2021-07-26 16:27:20][Server]client #1 transferred chunli #8770
[INFO][2021-07-26 16:27:20][Server]User #1 x-Loc=700 y-Loc=300 xHead=0  Act=15 HP=50 MP=5
[INFO][2021-07-26 16:27:20][Server]User #2 x-Loc=450 y-Loc=300 xHead=1  Act=0 HP=100 MP=15
[INFO][2021-07-26 16:27:21][Server]client #1 transferred chunli #8770
[INFO][2021-07-26 16:27:21][Server]User #1 x-Loc=700 y-Loc=300 xHead=0  Act=15 HP=50 MP=5
[INFO][2021-07-26 16:27:21][Server]User #2 x-Loc=450 y-Loc=300 xHead=1  Act=12 HP=100 MP=15
[INFO][2021-07-26 16:27:21][Server]client #1 transferred chunli #8770
[INFO][2021-07-26 16:27:21][Server]User #1 x-Loc=700 y-Loc=300 xHead=0  Act=15 HP=50 MP=5
[INFO][2021-07-26 16:27:21][Server]User #2 x-Loc=450 y-Loc=300 xHead=1  Act=0 HP=100 MP=15
[INFO][2021-07-26 16:27:21][Server]client #1 transferred chunli #8770
[INFO][2021-07-26 16:27:21][Server]User #1 x-Loc=700 y-Loc=300 xHead=0  Act=15 HP=50 MP=5
[INFO][2021-07-26 16:27:21][Server]User #2 x-Loc=450 y-Loc=300 xHead=1  Act=12 HP=100 MP=15
[INFO][2021-07-26 16:27:21][Server]client #1 transferred chunli #8770
[INFO][2021-07-26 16:27:21][Server]User #1 x-Loc=700 y-Loc=300 xHead=0  Act=15 HP=50 MP=5
[INFO][2021-07-26 16:27:21][Server]User #2 x-Loc=450 y-Loc=300 xHead=1  Act=0 HP=100 MP=15
[WARNING][2021-07-26 16:27:25][Server]client 1 Exception ! 
[WARNING][2021-07-26 16:27:27][Server]client 2 Exception ! 
