[INFO][2021-07-27 10:36:57][Server]Server started.
[INFO][2021-07-27 10:37:03][Server]client #1 transferred chunli #2445
[INFO][2021-07-27 10:37:03][Server]client #1 transferred chunli #2445
[INFO][2021-07-27 10:37:09][Server]client #2 transferred baofengzi #8572
[INFO][2021-07-27 10:37:09][Server]User #1 x-Loc=50 y-Loc=300 xHead=1  Act=0 HP=330 MP=0
[INFO][2021-07-27 10:37:09][Server]User #2 x-Loc=700 y-Loc=300 xHead=0  Act=0 HP=330 MP=0
[INFO][2021-07-27 10:37:09][Server]client #1 transferred chunli #2445
[INFO][2021-07-27 10:37:09][Server]User #1 x-Loc=50 y-Loc=300 xHead=1  Act=0 HP=330 MP=0
[INFO][2021-07-27 10:37:09][Server]User #2 x-Loc=700 y-Loc=300 xHead=0  Act=0 HP=330 MP=0
[INFO][2021-07-27 10:37:09][Server]client #2 transferred baofengzi #8572
[INFO][2021-07-27 10:37:09][Server]User #1 x-Loc=50 y-Loc=300 xHead=1  Act=0 HP=330 MP=0
[INFO][2021-07-27 10:37:09][Server]User #2 x-Loc=0 y-Loc=0 xHead=0  Act=0 HP=330 MP=0
[INFO][2021-07-27 10:37:09][Server]client #2 transferred baofengzi #8572
[INFO][2021-07-27 10:37:09][Server]User #1 x-Loc=50 y-Loc=300 xHead=1  Act=0 HP=330 MP=0
[INFO][2021-07-27 10:37:09][Server]User #2 x-Loc=0 y-Loc=0 xHead=0  Act=0 HP=330 MP=0
[INFO][2021-07-27 10:37:10][Server]client #2 transferred baofengzi #8572
[INFO][2021-07-27 10:37:10][Server]User #1 x-Loc=50 y-Loc=300 xHead=1  Act=0 HP=330 MP=0
[INFO][2021-07-27 10:37:10][Server]User #2 x-Loc=650 y-Loc=300 xHead=0  Act=1 HP=330 MP=0
[INFO][2021-07-27 10:37:11][Server]client #2 transferred baofengzi #8572
[INFO][2021-07-27 10:37:11][Server]User #1 x-Loc=50 y-Loc=300 xHead=1  Act=0 HP=330 MP=0
[INFO][2021-07-27 10:37:11][Server]User #2 x-Loc=650 y-Loc=300 xHead=0  Act=0 HP=330 MP=0
[INFO][2021-07-27 10:37:11][Server]client #2 transferred baofengzi #8572
[INFO][2021-07-27 10:37:11][Server]User #1 x-Loc=50 y-Loc=300 xHead=1  Act=0 HP=330 MP=0
[INFO][2021-07-27 10:37:11][Server]User #2 x-Loc=700 y-Loc=300 xHead=1  Act=1 HP=330 MP=0
[INFO][2021-07-27 10:37:11][Server]client #2 transferred baofengzi #8572
[INFO][2021-07-27 10:37:11][Server]User #1 x-Loc=50 y-Loc=300 xHead=1  Act=0 HP=330 MP=0
[INFO][2021-07-27 10:37:11][Server]User #2 x-Loc=700 y-Loc=300 xHead=1  Act=0 HP=330 MP=0
[INFO][2021-07-27 10:37:11][Server]client #2 transferred baofengzi #8572
[INFO][2021-07-27 10:37:11][Server]User #1 x-Loc=50 y-Loc=300 xHead=1  Act=0 HP=330 MP=0
[INFO][2021-07-27 10:37:11][Server]User #2 x-Loc=650 y-Loc=300 xHead=0  Act=1 HP=330 MP=0
[INFO][2021-07-27 10:37:11][Server]client #2 transferred baofengzi #8572
[INFO][2021-07-27 10:37:11][Server]User #1 x-Loc=50 y-Loc=300 xHead=1  Act=0 HP=330 MP=0
[INFO][2021-07-27 10:37:11][Server]User #2 x-Loc=650 y-Loc=300 xHead=0  Act=0 HP=330 MP=0
[INFO][2021-07-27 10:37:11][Server]client #2 transferred baofengzi #8572
[INFO][2021-07-27 10:37:11][Server]User #1 x-Loc=50 y-Loc=300 xHead=1  Act=0 HP=330 MP=0
[INFO][2021-07-27 10:37:11][Server]User #2 x-Loc=650 y-Loc=200 xHead=0  Act=2 HP=330 MP=0
[INFO][2021-07-27 10:37:11][Server]client #2 transferred baofengzi #8572
[INFO][2021-07-27 10:37:11][Server]User #1 x-Loc=50 y-Loc=300 xHead=1  Act=0 HP=330 MP=0
[INFO][2021-07-27 10:37:11][Server]User #2 x-Loc=650 y-Loc=200 xHead=0  Act=0 HP=330 MP=0
[WARNING][2021-07-27 10:45:21][Server]client 1 Exception ! 
[WARNING][2021-07-27 10:45:22][Server]client 2 Exception ! 
