[INFO][2021-07-26 16:20:31]Send stand
[INFO][2021-07-26 16:20:38]Send down
[INFO][2021-07-26 16:20:39]Send stand
[INFO][2021-07-26 16:20:39]Send down
[INFO][2021-07-26 16:20:39]Send stand
[INFO][2021-07-26 16:20:39]Send down
[INFO][2021-07-26 16:20:39]Send stand
[INFO][2021-07-26 16:20:40]Send right move
[INFO][2021-07-26 16:20:40]Send stand
[INFO][2021-07-26 16:20:41]Send right move
[INFO][2021-07-26 16:20:41]Send stand
[INFO][2021-07-26 16:20:41]Send right move
[INFO][2021-07-26 16:20:42]Send stand
[INFO][2021-07-26 16:20:42]Send right move
[INFO][2021-07-26 16:20:42]Send stand
[INFO][2021-07-26 16:20:42]Send right move
[INFO][2021-07-26 16:20:42]Send stand
[INFO][2021-07-26 16:20:42]Send right move
[INFO][2021-07-26 16:20:42]Send stand
[INFO][2021-07-26 16:20:42]Send right move
[INFO][2021-07-26 16:20:42]Send stand
[INFO][2021-07-26 16:20:42]Send right move
[INFO][2021-07-26 16:20:42]Send stand
[INFO][2021-07-26 16:20:42]Send right move
[INFO][2021-07-26 16:20:42]Send stand
[INFO][2021-07-26 16:20:43]Send right move
[INFO][2021-07-26 16:20:43]Send stand
[INFO][2021-07-26 16:20:44]Send defence
[INFO][2021-07-26 16:20:45]Send stand
[INFO][2021-07-26 16:20:45]Send defence
[INFO][2021-07-26 16:20:45]Send stand
[INFO][2021-07-26 16:20:45]Send defence
[INFO][2021-07-26 16:20:45]Send stand
[INFO][2021-07-26 16:20:45]Send defence
[INFO][2021-07-26 16:20:45]Send stand
[INFO][2021-07-26 16:20:45]Send defence
[INFO][2021-07-26 16:20:45]Send stand
[INFO][2021-07-26 16:20:45]Send defence
[INFO][2021-07-26 16:20:45]Send stand
[INFO][2021-07-26 16:20:45]Send defence
[INFO][2021-07-26 16:20:45]Send stand
[INFO][2021-07-26 16:20:45]Send defence
[INFO][2021-07-26 16:20:45]Send stand
[INFO][2021-07-26 16:20:45]Send defence
[INFO][2021-07-26 16:20:45]Send stand
[INFO][2021-07-26 16:20:45]Send defence
[INFO][2021-07-26 16:20:46]Send stand
[INFO][2021-07-26 16:20:46]Send defence
[INFO][2021-07-26 16:20:46]Send stand
[INFO][2021-07-26 16:20:46]Send defence
[INFO][2021-07-26 16:20:46]Send stand
[INFO][2021-07-26 16:20:46]Send defence
[INFO][2021-07-26 16:20:46]Send stand
[INFO][2021-07-26 16:20:46]Send defence
[INFO][2021-07-26 16:20:46]Send stand
[INFO][2021-07-26 16:20:46]Send defence
[INFO][2021-07-26 16:20:46]Send stand
[INFO][2021-07-26 16:20:46]Send defence
[INFO][2021-07-26 16:20:46]Send stand
[INFO][2021-07-26 16:20:46]Send defence
[INFO][2021-07-26 16:20:46]Send stand
[INFO][2021-07-26 16:20:46]Send defence
[INFO][2021-07-26 16:20:46]Send stand
[INFO][2021-07-26 16:20:46]Send defence
[INFO][2021-07-26 16:20:46]Send stand
[INFO][2021-07-26 16:20:46]Send defence
[INFO][2021-07-26 16:20:46]Send stand
[INFO][2021-07-26 16:20:46]Send defence
[INFO][2021-07-26 16:20:46]Send stand
[INFO][2021-07-26 16:20:46]Send defence
[INFO][2021-07-26 16:20:46]Send stand
[INFO][2021-07-26 16:20:46]Send defence
[INFO][2021-07-26 16:20:46]Send stand
[INFO][2021-07-26 16:20:46]Send defence
[INFO][2021-07-26 16:20:46]Send stand
[INFO][2021-07-26 16:20:46]Send defence
[INFO][2021-07-26 16:20:46]Send stand
[INFO][2021-07-26 16:20:46]Send defence
[INFO][2021-07-26 16:20:47]Send stand
[INFO][2021-07-26 16:20:47]Send defence
[INFO][2021-07-26 16:20:47]Send stand
[INFO][2021-07-26 16:20:47]Send defence
[INFO][2021-07-26 16:20:47]Send stand
[INFO][2021-07-26 16:20:47]Send defence
[INFO][2021-07-26 16:20:47]Send stand
[INFO][2021-07-26 16:20:47]Send defence
[INFO][2021-07-26 16:20:47]Send stand
[INFO][2021-07-26 16:20:47]Send defence
[INFO][2021-07-26 16:20:47]Send stand
[INFO][2021-07-26 16:20:47]Send defence
[INFO][2021-07-26 16:20:47]Send stand
[INFO][2021-07-26 16:20:47]Send defence
[INFO][2021-07-26 16:20:47]Send stand
[INFO][2021-07-26 16:20:47]Send defence
[INFO][2021-07-26 16:20:47]Send stand
[INFO][2021-07-26 16:20:47]Send defence
[INFO][2021-07-26 16:20:47]Send stand
[INFO][2021-07-26 16:20:47]Send defence
[INFO][2021-07-26 16:20:47]Send stand
[INFO][2021-07-26 16:20:47]Send defence
[INFO][2021-07-26 16:20:47]Send stand
[INFO][2021-07-26 16:20:47]Send defence
[INFO][2021-07-26 16:20:47]Send stand
[INFO][2021-07-26 16:20:47]Send defence
[INFO][2021-07-26 16:20:47]Send stand
[INFO][2021-07-26 16:20:47]Send defence
[INFO][2021-07-26 16:20:47]Send stand
[INFO][2021-07-26 16:20:47]Send defence
[INFO][2021-07-26 16:20:47]Send stand
[INFO][2021-07-26 16:20:48]Send defence
[INFO][2021-07-26 16:20:48]Send stand
[INFO][2021-07-26 16:20:48]Send defence
[INFO][2021-07-26 16:20:48]Send stand
[INFO][2021-07-26 16:20:48]Send defence
[INFO][2021-07-26 16:20:48]Send stand
[INFO][2021-07-26 16:20:48]Send defence
[INFO][2021-07-26 16:20:48]Send stand
[INFO][2021-07-26 16:20:48]Send defence
[INFO][2021-07-26 16:20:48]Send stand
[INFO][2021-07-26 16:20:48]Send defence
[INFO][2021-07-26 16:20:48]Send stand
[INFO][2021-07-26 16:20:48]Send defence
[INFO][2021-07-26 16:20:48]Send stand
[INFO][2021-07-26 16:20:48]Send defence
[INFO][2021-07-26 16:20:48]Send stand
[INFO][2021-07-26 16:20:48]Send defence
[INFO][2021-07-26 16:20:48]Send stand
[INFO][2021-07-26 16:20:48]Send defence
[INFO][2021-07-26 16:20:48]Send stand
[INFO][2021-07-26 16:20:48]Send defence
[INFO][2021-07-26 16:20:48]Send stand
[INFO][2021-07-26 16:20:48]Send defence
[INFO][2021-07-26 16:20:48]Send stand
[INFO][2021-07-26 16:20:48]Send defence
[INFO][2021-07-26 16:20:48]Send stand
[INFO][2021-07-26 16:20:48]Send defence
[INFO][2021-07-26 16:20:48]Send stand
[INFO][2021-07-26 16:20:48]Send defence
[INFO][2021-07-26 16:20:48]Send stand
[INFO][2021-07-26 16:20:48]Send defence
[INFO][2021-07-26 16:20:48]Send stand
[INFO][2021-07-26 16:20:49]Send defence
[INFO][2021-07-26 16:20:49]Send stand
[INFO][2021-07-26 16:20:49]Send defence
[INFO][2021-07-26 16:20:49]Send stand
[INFO][2021-07-26 16:20:49]Send defence
[INFO][2021-07-26 16:20:49]Send stand
[INFO][2021-07-26 16:20:49]Send defence
[INFO][2021-07-26 16:20:49]Send stand
[INFO][2021-07-26 16:20:49]Send defence
[INFO][2021-07-26 16:20:49]Send stand
[INFO][2021-07-26 16:20:49]Send defence
[INFO][2021-07-26 16:20:49]Send stand
[INFO][2021-07-26 16:20:49]Send defence
[INFO][2021-07-26 16:20:49]Send stand
[INFO][2021-07-26 16:20:49]Send defence
[INFO][2021-07-26 16:20:49]Send stand
[INFO][2021-07-26 16:20:49]Send defence
[INFO][2021-07-26 16:20:49]Send stand
[INFO][2021-07-26 16:20:49]Send defence
[INFO][2021-07-26 16:20:49]Send stand
[INFO][2021-07-26 16:20:49]Send defence
[INFO][2021-07-26 16:20:49]Send stand
[INFO][2021-07-26 16:20:49]Send defence
[INFO][2021-07-26 16:20:49]Send stand
[INFO][2021-07-26 16:20:49]Send defence
[INFO][2021-07-26 16:20:49]Send stand
[INFO][2021-07-26 16:20:49]Send defence
[INFO][2021-07-26 16:20:49]Send stand
[INFO][2021-07-26 16:20:49]Send defence
[INFO][2021-07-26 16:20:49]Send stand
[INFO][2021-07-26 16:20:49]Send defence
[INFO][2021-07-26 16:20:49]Send stand
[INFO][2021-07-26 16:20:50]Send defence
[INFO][2021-07-26 16:20:50]Send stand
[INFO][2021-07-26 16:20:50]Send defence
[INFO][2021-07-26 16:20:50]Send stand
[INFO][2021-07-26 16:20:50]Send defence
[INFO][2021-07-26 16:20:50]Send stand
[INFO][2021-07-26 16:20:50]Send defence
[INFO][2021-07-26 16:20:50]Send stand
[INFO][2021-07-26 16:20:50]Send defence
[INFO][2021-07-26 16:20:50]Send stand
[INFO][2021-07-26 16:20:50]Send defence
[INFO][2021-07-26 16:20:50]Send stand
[INFO][2021-07-26 16:20:50]Send defence
[INFO][2021-07-26 16:20:50]Send stand
[INFO][2021-07-26 16:20:50]Send defence
[INFO][2021-07-26 16:20:50]Send stand
[INFO][2021-07-26 16:20:50]Send defence
[INFO][2021-07-26 16:20:50]Send stand
[INFO][2021-07-26 16:20:50]Send defence
[INFO][2021-07-26 16:20:50]Send stand
[INFO][2021-07-26 16:20:50]Send defence
[INFO][2021-07-26 16:20:50]Send stand
[INFO][2021-07-26 16:20:50]Send defence
[INFO][2021-07-26 16:20:50]Send stand
[INFO][2021-07-26 16:20:50]Send defence
[INFO][2021-07-26 16:20:50]Send stand
[INFO][2021-07-26 16:20:50]Send defence
[INFO][2021-07-26 16:20:50]Send stand
[INFO][2021-07-26 16:20:50]Send defence
[INFO][2021-07-26 16:20:50]Send stand
[INFO][2021-07-26 16:20:50]Send defence
[INFO][2021-07-26 16:20:50]Send stand
[INFO][2021-07-26 16:20:51]Send defence
[INFO][2021-07-26 16:20:51]Send stand
[INFO][2021-07-26 16:20:51]Send defence
[INFO][2021-07-26 16:20:52]Send stand
[INFO][2021-07-26 16:20:52]Send defence
[INFO][2021-07-26 16:20:52]Send stand
[INFO][2021-07-26 16:20:52]Send defence
[INFO][2021-07-26 16:20:52]Send stand
[INFO][2021-07-26 16:20:52]Send defence
[INFO][2021-07-26 16:20:52]Send stand
[INFO][2021-07-26 16:20:52]Send defence
[INFO][2021-07-26 16:20:52]Send stand
[INFO][2021-07-26 16:20:52]Send defence
[INFO][2021-07-26 16:20:52]Send stand
[INFO][2021-07-26 16:20:52]Send defence
[INFO][2021-07-26 16:20:52]Send stand
[INFO][2021-07-26 16:20:52]Send defence
[INFO][2021-07-26 16:20:52]Send stand
[INFO][2021-07-26 16:20:52]Send defence
[INFO][2021-07-26 16:20:52]Send stand
[INFO][2021-07-26 16:20:52]Send defence
[INFO][2021-07-26 16:20:52]Send stand
[INFO][2021-07-26 16:20:52]Send defence
[INFO][2021-07-26 16:20:52]Send stand
[INFO][2021-07-26 16:20:52]Send defence
[INFO][2021-07-26 16:20:52]Send stand
[INFO][2021-07-26 16:20:52]Send defence
[INFO][2021-07-26 16:20:52]Send stand
[INFO][2021-07-26 16:20:52]Send defence
[INFO][2021-07-26 16:20:52]Send stand
[INFO][2021-07-26 16:20:52]Send defence
[INFO][2021-07-26 16:20:52]Send stand
[INFO][2021-07-26 16:20:53]Send defence
[INFO][2021-07-26 16:20:53]Send stand
[INFO][2021-07-26 16:20:53]Send defence
[INFO][2021-07-26 16:20:53]Send stand
[INFO][2021-07-26 16:20:53]Send defence
[INFO][2021-07-26 16:20:53]Send stand
[INFO][2021-07-26 16:20:53]Send defence
[INFO][2021-07-26 16:20:53]Send stand
[INFO][2021-07-26 16:20:53]Send defence
[INFO][2021-07-26 16:20:53]Send stand
[INFO][2021-07-26 16:20:53]Send defence
[INFO][2021-07-26 16:20:53]Send stand
[INFO][2021-07-26 16:20:53]Send defence
[INFO][2021-07-26 16:20:53]Send stand
[INFO][2021-07-26 16:20:53]Send defence
[INFO][2021-07-26 16:20:54]Send stand
[INFO][2021-07-26 16:20:54]Send defence
[INFO][2021-07-26 16:20:54]Send stand
[INFO][2021-07-26 16:20:54]Send defence
[INFO][2021-07-26 16:20:54]Send stand
[INFO][2021-07-26 16:20:54]Send defence
[INFO][2021-07-26 16:20:54]Send stand
[INFO][2021-07-26 16:20:54]Send defence
[INFO][2021-07-26 16:20:54]Send stand
[INFO][2021-07-26 16:20:54]Send defence
[INFO][2021-07-26 16:20:54]Send stand
[INFO][2021-07-26 16:20:54]Send defence
[INFO][2021-07-26 16:20:54]Send stand
[INFO][2021-07-26 16:20:54]Send defence
[INFO][2021-07-26 16:20:54]Send stand
[INFO][2021-07-26 16:20:54]Send defence
[INFO][2021-07-26 16:20:54]Send stand
[INFO][2021-07-26 16:20:54]Send defence
[INFO][2021-07-26 16:20:54]Send stand
[INFO][2021-07-26 16:20:54]Send defence
[INFO][2021-07-26 16:20:54]Send stand
[INFO][2021-07-26 16:20:54]Send defence
[INFO][2021-07-26 16:20:54]Send stand
[INFO][2021-07-26 16:20:54]Send defence
[INFO][2021-07-26 16:20:54]Send stand
[INFO][2021-07-26 16:20:54]Send defence
[INFO][2021-07-26 16:20:54]Send stand
[INFO][2021-07-26 16:20:54]Send defence
[INFO][2021-07-26 16:20:54]Send stand
[INFO][2021-07-26 16:20:54]Send defence
[INFO][2021-07-26 16:20:54]Send stand
[INFO][2021-07-26 16:20:54]Send defence
[INFO][2021-07-26 16:20:55]Send stand
[INFO][2021-07-26 16:20:55]Send defence
[INFO][2021-07-26 16:20:55]Send stand
[INFO][2021-07-26 16:20:55]Send defence
[INFO][2021-07-26 16:20:55]Send stand
[INFO][2021-07-26 16:20:55]Send defence
[INFO][2021-07-26 16:20:55]Send stand
[INFO][2021-07-26 16:20:55]Send defence
[INFO][2021-07-26 16:20:55]Send stand
[INFO][2021-07-26 16:20:55]Send defence
[INFO][2021-07-26 16:20:55]Send stand
[INFO][2021-07-26 16:20:55]Send defence
[INFO][2021-07-26 16:20:55]Send stand
[INFO][2021-07-26 16:20:55]Send defence
[INFO][2021-07-26 16:20:55]Send stand
[INFO][2021-07-26 16:20:55]Send defence
[INFO][2021-07-26 16:20:55]Send stand
[INFO][2021-07-26 16:20:55]Send defence
[INFO][2021-07-26 16:20:55]Send stand
[INFO][2021-07-26 16:20:55]Send defence
[INFO][2021-07-26 16:20:55]Send stand
[INFO][2021-07-26 16:20:55]Send defence
[INFO][2021-07-26 16:20:55]Send stand
[INFO][2021-07-26 16:20:55]Send defence
[INFO][2021-07-26 16:20:55]Send stand
[INFO][2021-07-26 16:20:55]Send defence
[INFO][2021-07-26 16:20:55]Send stand
[INFO][2021-07-26 16:20:55]Send defence
[INFO][2021-07-26 16:20:55]Send stand
[INFO][2021-07-26 16:20:55]Send defence
[INFO][2021-07-26 16:20:55]Send stand
[INFO][2021-07-26 16:20:55]Send defence
[INFO][2021-07-26 16:20:56]Send stand
[INFO][2021-07-26 16:20:56]Send defence
[INFO][2021-07-26 16:20:56]Send stand
[INFO][2021-07-26 16:20:56]Send defence
[INFO][2021-07-26 16:20:56]Send stand
[INFO][2021-07-26 16:20:56]Send defence
[INFO][2021-07-26 16:20:56]Send stand
[INFO][2021-07-26 16:20:56]Send defence
[INFO][2021-07-26 16:20:56]Send stand
[INFO][2021-07-26 16:20:56]Send defence
[INFO][2021-07-26 16:20:56]Send stand
[INFO][2021-07-26 16:20:56]Send defence
[INFO][2021-07-26 16:20:56]Send stand
[INFO][2021-07-26 16:20:56]Send defence
[INFO][2021-07-26 16:20:56]Send stand
[INFO][2021-07-26 16:20:56]Send defence
[INFO][2021-07-26 16:20:56]Send stand
[INFO][2021-07-26 16:20:56]Send defence
[INFO][2021-07-26 16:20:56]Send stand
[INFO][2021-07-26 16:20:56]Send defence
[INFO][2021-07-26 16:20:56]Send stand
[INFO][2021-07-26 16:20:56]Send defence
[INFO][2021-07-26 16:20:56]Send stand
[INFO][2021-07-26 16:20:56]Send defence
[INFO][2021-07-26 16:20:56]Send stand
[INFO][2021-07-26 16:20:56]Send defence
[INFO][2021-07-26 16:20:56]Send stand
[INFO][2021-07-26 16:20:56]Send defence
[INFO][2021-07-26 16:20:56]Send stand
[INFO][2021-07-26 16:20:56]Send defence
[INFO][2021-07-26 16:20:56]Send stand
[INFO][2021-07-26 16:20:56]Send defence
[INFO][2021-07-26 16:20:57]Send stand
[INFO][2021-07-26 16:20:57]Send defence
[INFO][2021-07-26 16:20:57]Send stand
[INFO][2021-07-26 16:20:57]Send defence
[INFO][2021-07-26 16:20:57]Send stand
[INFO][2021-07-26 16:20:57]Send defence
[INFO][2021-07-26 16:20:57]Send stand
[INFO][2021-07-26 16:20:57]Send defence
[INFO][2021-07-26 16:20:57]Send stand
[INFO][2021-07-26 16:20:57]Send defence
[INFO][2021-07-26 16:20:57]Send stand
[INFO][2021-07-26 16:20:57]Send defence
[INFO][2021-07-26 16:20:57]Send stand
[INFO][2021-07-26 16:20:57]Send defence
[INFO][2021-07-26 16:20:57]Send stand
[INFO][2021-07-26 16:20:57]Send defence
[INFO][2021-07-26 16:20:57]Send stand
[INFO][2021-07-26 16:20:57]Send defence
[INFO][2021-07-26 16:20:57]Send stand
[INFO][2021-07-26 16:20:57]Send defence
[INFO][2021-07-26 16:20:57]Send stand
[INFO][2021-07-26 16:20:57]Send defence
[INFO][2021-07-26 16:20:57]Send stand
[INFO][2021-07-26 16:20:57]Send defence
[INFO][2021-07-26 16:20:57]Send stand
[INFO][2021-07-26 16:20:57]Send defence
[INFO][2021-07-26 16:20:57]Send stand
[INFO][2021-07-26 16:20:57]Send defence
[INFO][2021-07-26 16:20:57]Send stand
[INFO][2021-07-26 16:20:57]Send defence
[INFO][2021-07-26 16:20:57]Send stand
[INFO][2021-07-26 16:20:57]Send defence
[INFO][2021-07-26 16:20:58]Send stand
[INFO][2021-07-26 16:20:58]Send defence
[INFO][2021-07-26 16:20:58]Send stand
[INFO][2021-07-26 16:20:58]Send defence
[INFO][2021-07-26 16:20:58]Send stand
[INFO][2021-07-26 16:20:58]Send defence
[INFO][2021-07-26 16:20:58]Send stand
[INFO][2021-07-26 16:20:58]Send defence
[INFO][2021-07-26 16:20:58]Send stand
[INFO][2021-07-26 16:20:58]Send defence
[INFO][2021-07-26 16:20:58]Send stand
[INFO][2021-07-26 16:20:58]Send defence
[INFO][2021-07-26 16:20:58]Send stand
[INFO][2021-07-26 16:20:58]Send defence
[INFO][2021-07-26 16:20:58]Send stand
[INFO][2021-07-26 16:20:58]Send defence
[INFO][2021-07-26 16:20:58]Send stand
[INFO][2021-07-26 16:20:58]Send defence
[INFO][2021-07-26 16:20:58]Send stand
[INFO][2021-07-26 16:20:58]Send defence
[INFO][2021-07-26 16:20:58]Send stand
[INFO][2021-07-26 16:20:58]Send defence
[INFO][2021-07-26 16:20:58]Send stand
[INFO][2021-07-26 16:20:58]Send defence
[INFO][2021-07-26 16:20:58]Send stand
[INFO][2021-07-26 16:20:58]Send defence
[INFO][2021-07-26 16:20:58]Send stand
[INFO][2021-07-26 16:20:58]Send defence
[INFO][2021-07-26 16:20:58]Send stand
[INFO][2021-07-26 16:20:58]Send defence
[INFO][2021-07-26 16:20:58]Send stand
[INFO][2021-07-26 16:20:58]Send defence
[INFO][2021-07-26 16:20:59]Send stand
[INFO][2021-07-26 16:20:59]Send defence
[INFO][2021-07-26 16:20:59]Send stand
[INFO][2021-07-26 16:20:59]Send defence
[INFO][2021-07-26 16:20:59]Send stand
[INFO][2021-07-26 16:20:59]Send defence
[INFO][2021-07-26 16:20:59]Send stand
[INFO][2021-07-26 16:20:59]Send defence
[INFO][2021-07-26 16:20:59]Send stand
[INFO][2021-07-26 16:20:59]Send defence
[INFO][2021-07-26 16:20:59]Send stand
[INFO][2021-07-26 16:20:59]Send defence
[INFO][2021-07-26 16:20:59]Send stand
[INFO][2021-07-26 16:20:59]Send defence
[INFO][2021-07-26 16:20:59]Send stand
[INFO][2021-07-26 16:20:59]Send left move
[INFO][2021-07-26 16:20:59]Send stand
[INFO][2021-07-26 16:21:00]Send left move
[INFO][2021-07-26 16:21:00]Send stand
[INFO][2021-07-26 16:21:00]Send left move
[INFO][2021-07-26 16:21:00]Send stand
[INFO][2021-07-26 16:21:00]Send left move
[INFO][2021-07-26 16:21:00]Send stand
[INFO][2021-07-26 16:21:00]Send left move
[INFO][2021-07-26 16:21:00]Send stand
[INFO][2021-07-26 16:21:00]Send left move
[INFO][2021-07-26 16:21:00]Send stand
[INFO][2021-07-26 16:21:00]Send right move
[INFO][2021-07-26 16:21:00]Send stand
[INFO][2021-07-26 16:21:00]Send hard attack
[INFO][2021-07-26 16:21:01]Send stand
[INFO][2021-07-26 16:21:01]Send hard attack
[INFO][2021-07-26 16:21:01]Send stand
[INFO][2021-07-26 16:21:01]Send hard attack
[INFO][2021-07-26 16:21:01]Send stand
[INFO][2021-07-26 16:21:01]Send hard attack
[INFO][2021-07-26 16:21:02]Send stand
[INFO][2021-07-26 16:21:02]Send hard attack
[INFO][2021-07-26 16:21:02]Send stand
[INFO][2021-07-26 16:21:02]Send hard attack
[INFO][2021-07-26 16:21:02]Send stand
[INFO][2021-07-26 16:21:02]Send hard attack
[INFO][2021-07-26 16:21:03]Send stand
[INFO][2021-07-26 16:21:03]Send right move
[INFO][2021-07-26 16:21:03]Send stand
[INFO][2021-07-26 16:21:03]Send right move
[INFO][2021-07-26 16:21:03]Send stand
[INFO][2021-07-26 16:21:03]Send right move
[INFO][2021-07-26 16:21:03]Send stand
[INFO][2021-07-26 16:21:03]Send right move
[INFO][2021-07-26 16:21:03]Send stand
[INFO][2021-07-26 16:21:03]Send right move
[INFO][2021-07-26 16:21:04]Send stand
[INFO][2021-07-26 16:21:04]Send right move
[INFO][2021-07-26 16:21:04]Send stand
[INFO][2021-07-26 16:21:04]Send right move
[INFO][2021-07-26 16:21:04]Send stand
[INFO][2021-07-26 16:21:04]Send right move
[INFO][2021-07-26 16:21:04]Send stand
[INFO][2021-07-26 16:21:04]Send right move
[INFO][2021-07-26 16:21:04]Send stand
[INFO][2021-07-26 16:21:04]Send right move
[INFO][2021-07-26 16:21:04]Send stand
[INFO][2021-07-26 16:21:04]Send hard attack
[INFO][2021-07-26 16:21:04]Send stand
[INFO][2021-07-26 16:21:04]Send left move
[INFO][2021-07-26 16:21:04]Send stand
[INFO][2021-07-26 16:21:05]Send left move
[INFO][2021-07-26 16:21:05]Send stand
[INFO][2021-07-26 16:21:05]Send left move
[INFO][2021-07-26 16:21:05]Send stand
[INFO][2021-07-26 16:21:05]Send left move
[INFO][2021-07-26 16:21:05]Send stand
[INFO][2021-07-26 16:21:05]Send left move
[INFO][2021-07-26 16:21:05]Send stand
[INFO][2021-07-26 16:21:05]Send right move
[INFO][2021-07-26 16:21:05]Send stand
[INFO][2021-07-26 16:21:06]Send right move
[INFO][2021-07-26 16:21:06]Send stand
[INFO][2021-07-26 16:21:06]Send right move
[INFO][2021-07-26 16:21:06]Send stand
[INFO][2021-07-26 16:21:06]Send right move
[INFO][2021-07-26 16:21:06]Send stand
[INFO][2021-07-26 16:21:06]Send hard attack
[INFO][2021-07-26 16:21:06]Send stand
[INFO][2021-07-26 16:21:08]Send hard attack
[INFO][2021-07-26 16:21:08]Send stand
[INFO][2021-07-26 16:21:09]Send hard attack
[INFO][2021-07-26 16:21:09]Send stand
[INFO][2021-07-26 16:21:09]Send hard attack
[INFO][2021-07-26 16:21:09]Send stand
[INFO][2021-07-26 16:21:10]Send left move
[INFO][2021-07-26 16:21:10]Send stand
[INFO][2021-07-26 16:21:10]Send left move
[INFO][2021-07-26 16:21:10]Send stand
[INFO][2021-07-26 16:21:10]Send left move
[INFO][2021-07-26 16:21:10]Send stand
[INFO][2021-07-26 16:21:10]Send left move
[INFO][2021-07-26 16:21:10]Send stand
[INFO][2021-07-26 16:21:10]Send left move
[INFO][2021-07-26 16:21:10]Send stand
[INFO][2021-07-26 16:21:10]Send left move
[INFO][2021-07-26 16:21:10]Send stand
[INFO][2021-07-26 16:21:10]Send left move
[INFO][2021-07-26 16:21:11]Send stand
[INFO][2021-07-26 16:21:11]Send right move
[INFO][2021-07-26 16:21:11]Send stand
[INFO][2021-07-26 16:21:11]Send huge attack
[INFO][2021-07-26 16:21:11]Send stand
[INFO][2021-07-26 16:21:11]Send huge attack
[INFO][2021-07-26 16:21:11]Send stand
[INFO][2021-07-26 16:21:11]Send huge attack
[INFO][2021-07-26 16:21:11]Send stand
[INFO][2021-07-26 16:21:11]Send huge attack
[INFO][2021-07-26 16:21:11]Send stand
[INFO][2021-07-26 16:21:12]Send huge attack
[INFO][2021-07-26 16:21:12]Send stand
[INFO][2021-07-26 16:21:12]Send huge attack
[INFO][2021-07-26 16:21:12]Send stand
[INFO][2021-07-26 16:21:12]Send huge attack
[INFO][2021-07-26 16:21:12]Send stand
[INFO][2021-07-26 16:21:12]Send huge attack
[INFO][2021-07-26 16:21:12]Send stand
[INFO][2021-07-26 16:21:13]Send huge attack
[INFO][2021-07-26 16:21:13]Send stand
[INFO][2021-07-26 16:21:13]Send huge attack
[INFO][2021-07-26 16:21:13]Send stand
[INFO][2021-07-26 16:21:13]Send huge attack
[INFO][2021-07-26 16:21:13]Send stand
[INFO][2021-07-26 16:21:13]Send huge attack
[INFO][2021-07-26 16:21:13]Send stand
[INFO][2021-07-26 16:21:13]Send huge attack
[INFO][2021-07-26 16:21:13]Send stand
[INFO][2021-07-26 16:21:14]Send huge attack
[INFO][2021-07-26 16:21:14]Send stand
[INFO][2021-07-26 16:21:14]Send huge attack
[INFO][2021-07-26 16:21:14]Send stand
[INFO][2021-07-26 16:21:14]Send huge attack
[INFO][2021-07-26 16:21:14]Send stand
[INFO][2021-07-26 16:21:14]Send huge attack
[INFO][2021-07-26 16:21:14]Send stand
[INFO][2021-07-26 16:21:14]Send huge attack
[INFO][2021-07-26 16:21:14]Send stand
[INFO][2021-07-26 16:21:15]Send huge attack
[INFO][2021-07-26 16:21:15]Send stand
[INFO][2021-07-26 16:21:15]Send huge attack
[INFO][2021-07-26 16:21:15]Send stand
[INFO][2021-07-26 16:21:15]Send huge attack
[INFO][2021-07-26 16:21:15]Send stand
[INFO][2021-07-26 16:21:15]Send huge attack
[INFO][2021-07-26 16:21:15]Send stand
[INFO][2021-07-26 16:21:15]Send huge attack
[INFO][2021-07-26 16:21:16]Send stand
[INFO][2021-07-26 16:21:16]Send huge attack
[INFO][2021-07-26 16:21:16]Send stand
[INFO][2021-07-26 16:21:16]Send huge attack
[INFO][2021-07-26 16:21:16]Send stand
[INFO][2021-07-26 16:21:16]Send huge attack
[INFO][2021-07-26 16:21:16]Send stand
[INFO][2021-07-26 16:21:16]Send huge attack
[INFO][2021-07-26 16:21:16]Send stand
[INFO][2021-07-26 16:21:16]Send huge attack
[INFO][2021-07-26 16:21:16]Send stand
[INFO][2021-07-26 16:21:17]Send huge attack
[INFO][2021-07-26 16:21:17]Send stand
[INFO][2021-07-26 16:21:17]Send huge attack
[INFO][2021-07-26 16:21:17]Send stand
[INFO][2021-07-26 16:21:17]Send huge attack
[INFO][2021-07-26 16:21:17]Send stand
[INFO][2021-07-26 16:21:17]Send huge attack
[INFO][2021-07-26 16:21:17]Send stand
[INFO][2021-07-26 16:21:17]Send huge attack
[INFO][2021-07-26 16:21:17]Send stand
[INFO][2021-07-26 16:21:18]Send huge attack
[INFO][2021-07-26 16:21:18]Send stand
[INFO][2021-07-26 16:21:18]Send huge attack
[INFO][2021-07-26 16:21:18]Send stand
[INFO][2021-07-26 16:21:18]Send huge attack
[INFO][2021-07-26 16:21:18]Send stand
[INFO][2021-07-26 16:21:19]Send huge attack
[INFO][2021-07-26 16:21:19]Send stand
[INFO][2021-07-26 16:21:19]Send huge attack
[INFO][2021-07-26 16:21:19]Send stand
[INFO][2021-07-26 16:21:19]Send huge attack
[INFO][2021-07-26 16:21:19]Send stand
[INFO][2021-07-26 16:21:19]Send huge attack
[INFO][2021-07-26 16:21:19]Send stand
[INFO][2021-07-26 16:21:19]Send huge attack
[INFO][2021-07-26 16:21:19]Send stand
[INFO][2021-07-26 16:21:20]Send huge attack
[INFO][2021-07-26 16:21:20]Send stand
[INFO][2021-07-26 16:21:20]Send huge attack
[INFO][2021-07-26 16:21:20]Send stand
[INFO][2021-07-26 16:21:20]Send huge attack
[INFO][2021-07-26 16:21:20]Send stand
[INFO][2021-07-26 16:21:20]Send huge attack
[INFO][2021-07-26 16:21:20]Send stand
[INFO][2021-07-26 16:21:21]Send huge attack
[INFO][2021-07-26 16:21:21]Send stand
[INFO][2021-07-26 16:21:21]Send huge attack
[INFO][2021-07-26 16:21:21]Send stand
[INFO][2021-07-26 16:21:21]Send huge attack
[INFO][2021-07-26 16:21:22]Send stand
[INFO][2021-07-26 16:21:22]Send huge attack
[INFO][2021-07-26 16:21:22]Send stand
[INFO][2021-07-26 16:21:22]Send huge attack
[INFO][2021-07-26 16:21:22]Send stand
[INFO][2021-07-26 16:21:22]Send huge attack
[INFO][2021-07-26 16:21:22]Send stand
[INFO][2021-07-26 16:21:22]Send huge attack
[INFO][2021-07-26 16:21:22]Send stand
[INFO][2021-07-26 16:21:23]Send huge attack
[INFO][2021-07-26 16:21:23]Send stand
[INFO][2021-07-26 16:21:23]Send huge attack
[INFO][2021-07-26 16:21:23]Send stand
[INFO][2021-07-26 16:21:23]Send huge attack
[INFO][2021-07-26 16:21:23]Send stand
[INFO][2021-07-26 16:21:23]Send huge attack
[INFO][2021-07-26 16:21:23]Send stand
[INFO][2021-07-26 16:21:24]Send huge attack
[INFO][2021-07-26 16:21:24]Send stand
[INFO][2021-07-26 16:21:24]Send huge attack
[INFO][2021-07-26 16:21:24]Send stand
[INFO][2021-07-26 16:21:24]Send huge attack
[INFO][2021-07-26 16:21:24]Send stand
[INFO][2021-07-26 16:21:24]Send huge attack
[INFO][2021-07-26 16:21:24]Send stand
[INFO][2021-07-26 16:21:24]Send huge attack
[INFO][2021-07-26 16:21:24]Send stand
[INFO][2021-07-26 16:21:25]Send huge attack
[INFO][2021-07-26 16:21:25]Send stand
[INFO][2021-07-26 16:21:25]Send huge attack
[INFO][2021-07-26 16:21:25]Send stand
[INFO][2021-07-26 16:21:25]Send huge attack
[INFO][2021-07-26 16:21:25]Send stand
[INFO][2021-07-26 16:21:25]Send huge attack
[INFO][2021-07-26 16:21:25]Send stand
[INFO][2021-07-26 16:21:26]Send hard attack
[INFO][2021-07-26 16:21:26]Send stand
[INFO][2021-07-26 16:21:26]Send hard attack
[INFO][2021-07-26 16:21:26]Send stand
[INFO][2021-07-26 16:21:26]Send normal attack
[INFO][2021-07-26 16:21:26]Send stand
[INFO][2021-07-26 16:21:26]Send hard attack
[INFO][2021-07-26 16:21:27]Send stand
[INFO][2021-07-26 16:21:27]Send normal attack
[INFO][2021-07-26 16:21:27]Send stand
[INFO][2021-07-26 16:21:27]Send hard attack
[INFO][2021-07-26 16:21:27]Send stand
[INFO][2021-07-26 16:21:27]Send normal attack
[INFO][2021-07-26 16:21:27]Send stand
[INFO][2021-07-26 16:21:27]Send hard attack
[INFO][2021-07-26 16:21:27]Send stand
[INFO][2021-07-26 16:21:27]Send normal attack
[INFO][2021-07-26 16:21:27]Send stand
[INFO][2021-07-26 16:21:27]Send huge attack
[INFO][2021-07-26 16:21:27]Send stand
[INFO][2021-07-26 16:21:28]Send normal attack
[INFO][2021-07-26 16:21:28]Send stand
[INFO][2021-07-26 16:21:28]Send hard attack
[INFO][2021-07-26 16:21:28]Send stand
[INFO][2021-07-26 16:21:28]Send normal attack
[INFO][2021-07-26 16:21:28]Send stand
[INFO][2021-07-26 16:21:28]Send hard attack
[INFO][2021-07-26 16:21:28]Send stand
[INFO][2021-07-26 16:21:28]Send normal attack
[INFO][2021-07-26 16:21:28]Send stand
[INFO][2021-07-26 16:21:28]Send hard attack
[INFO][2021-07-26 16:21:28]Send stand
[INFO][2021-07-26 16:21:29]Send normal attack
[INFO][2021-07-26 16:21:29]Send stand
[INFO][2021-07-26 16:21:29]Send hard attack
[INFO][2021-07-26 16:21:29]Send stand
[INFO][2021-07-26 16:21:29]Send normal attack
[INFO][2021-07-26 16:21:29]Send stand
[INFO][2021-07-26 16:21:29]Send huge attack
[INFO][2021-07-26 16:21:29]Send stand
[INFO][2021-07-26 16:21:29]Send normal attack
[INFO][2021-07-26 16:21:29]Send stand
[INFO][2021-07-26 16:21:29]Send huge attack
[INFO][2021-07-26 16:21:29]Send stand
[INFO][2021-07-26 16:21:29]Send huge attack
[INFO][2021-07-26 16:21:30]Send stand
[INFO][2021-07-26 16:21:30]Send hard attack
[INFO][2021-07-26 16:21:30]Send stand
[INFO][2021-07-26 16:21:30]Send hard attack
[INFO][2021-07-26 16:21:30]Send stand
[INFO][2021-07-26 16:21:30]Send huge attack
[INFO][2021-07-26 16:21:30]Send stand
[INFO][2021-07-26 16:21:30]Send huge attack
[INFO][2021-07-26 16:21:31]Send stand
[INFO][2021-07-26 16:21:31]Send huge attack
[INFO][2021-07-26 16:21:31]Send stand
[INFO][2021-07-26 16:21:31]Send huge attack
[INFO][2021-07-26 16:21:31]Send stand
[INFO][2021-07-26 16:21:48]Send huge attack
[INFO][2021-07-26 16:21:48]Send stand
[INFO][2021-07-26 16:21:49]Send huge attack
[INFO][2021-07-26 16:21:49]Send stand
[INFO][2021-07-26 16:21:49]Send huge attack
[INFO][2021-07-26 16:21:49]Send stand
[INFO][2021-07-26 16:21:49]Send huge attack
[INFO][2021-07-26 16:21:49]Send stand
[INFO][2021-07-26 16:21:50]Send huge attack
[INFO][2021-07-26 16:21:50]Send stand
[INFO][2021-07-26 16:21:50]Send huge attack
[INFO][2021-07-26 16:21:50]Send stand
[INFO][2021-07-26 16:21:50]Send huge attack
[INFO][2021-07-26 16:21:50]Send stand
[INFO][2021-07-26 16:21:51]Send huge attack
[INFO][2021-07-26 16:21:51]Send stand
[INFO][2021-07-26 16:21:51]Send huge attack
[INFO][2021-07-26 16:21:51]Send stand
[INFO][2021-07-26 16:21:51]Send huge attack
[INFO][2021-07-26 16:21:51]Send stand
[INFO][2021-07-26 16:21:51]Send huge attack
[INFO][2021-07-26 16:21:51]Send stand
[INFO][2021-07-26 16:21:52]Send huge attack
[INFO][2021-07-26 16:21:52]Send stand
[INFO][2021-07-26 16:21:52]Send huge attack
[INFO][2021-07-26 16:21:52]Send stand
[INFO][2021-07-26 16:21:52]Send huge attack
[INFO][2021-07-26 16:21:52]Send stand
[INFO][2021-07-26 16:21:52]Send huge attack
[INFO][2021-07-26 16:21:52]Send stand
[INFO][2021-07-26 16:21:53]Send left move
[INFO][2021-07-26 16:21:53]Send stand
[INFO][2021-07-26 16:21:53]Send left move
[INFO][2021-07-26 16:21:53]Send stand
[INFO][2021-07-26 16:21:53]Send left move
[INFO][2021-07-26 16:21:53]Send stand
[INFO][2021-07-26 16:21:53]Send left move
[INFO][2021-07-26 16:21:53]Send stand
[INFO][2021-07-26 16:21:54]Send right move
[INFO][2021-07-26 16:21:54]Send stand
[INFO][2021-07-26 16:21:54]Send huge attack
[INFO][2021-07-26 16:21:54]Send stand
[INFO][2021-07-26 16:21:54]Send huge attack
[INFO][2021-07-26 16:21:54]Send stand
[INFO][2021-07-26 16:21:55]Send huge attack
[INFO][2021-07-26 16:21:55]Send stand
[INFO][2021-07-26 16:21:55]Send huge attack
[INFO][2021-07-26 16:21:55]Send stand
[INFO][2021-07-26 16:21:55]Send huge attack
[INFO][2021-07-26 16:21:55]Send stand
[INFO][2021-07-26 16:21:55]Send huge attack
[INFO][2021-07-26 16:21:56]Send stand
[INFO][2021-07-26 16:21:56]Send huge attack
[INFO][2021-07-26 16:21:56]Send stand
[INFO][2021-07-26 16:21:56]Send huge attack
[INFO][2021-07-26 16:21:56]Send stand
[INFO][2021-07-26 16:21:56]Send huge attack
[INFO][2021-07-26 16:21:56]Send stand
[INFO][2021-07-26 16:21:56]Send huge attack
[INFO][2021-07-26 16:21:57]Send stand
[INFO][2021-07-26 16:21:57]Send huge attack
[INFO][2021-07-26 16:21:57]Send stand
[INFO][2021-07-26 16:21:57]Send huge attack
[INFO][2021-07-26 16:21:57]Send stand
[INFO][2021-07-26 16:21:57]Send huge attack
[INFO][2021-07-26 16:21:57]Send stand
[INFO][2021-07-26 16:21:57]Send huge attack
[INFO][2021-07-26 16:21:58]Send stand
[INFO][2021-07-26 16:21:58]Send huge attack
[INFO][2021-07-26 16:21:58]Send stand
[INFO][2021-07-26 16:21:58]Send huge attack
[INFO][2021-07-26 16:21:58]Send stand
[INFO][2021-07-26 16:21:58]Send huge attack
[INFO][2021-07-26 16:21:58]Send stand
[INFO][2021-07-26 16:21:58]Send huge attack
[INFO][2021-07-26 16:21:58]Send stand
[INFO][2021-07-26 16:21:59]Send huge attack
[INFO][2021-07-26 16:21:59]Send stand
[INFO][2021-07-26 16:21:59]Send huge attack
[INFO][2021-07-26 16:21:59]Send stand
[INFO][2021-07-26 16:21:59]Send right move
[INFO][2021-07-26 16:22:00]Send stand
[INFO][2021-07-26 16:22:00]Send right move
[INFO][2021-07-26 16:22:00]Send stand
[INFO][2021-07-26 16:22:00]Send right move
[INFO][2021-07-26 16:22:00]Send stand
[INFO][2021-07-26 16:22:00]Send right move
[INFO][2021-07-26 16:22:00]Send stand
[INFO][2021-07-26 16:22:00]Send right move
[INFO][2021-07-26 16:22:00]Send stand
[INFO][2021-07-26 16:22:00]Send right move
[INFO][2021-07-26 16:22:00]Send stand
[INFO][2021-07-26 16:22:00]Send right move
[INFO][2021-07-26 16:22:00]Send stand
[INFO][2021-07-26 16:22:00]Send right move
[INFO][2021-07-26 16:22:00]Send stand
[INFO][2021-07-26 16:22:00]Send right move
[INFO][2021-07-26 16:22:00]Send stand
[INFO][2021-07-26 16:22:00]Send hard attack
[INFO][2021-07-26 16:22:00]Send stand
[INFO][2021-07-26 16:22:00]Send left move
[INFO][2021-07-26 16:22:00]Send stand
[INFO][2021-07-26 16:22:01]Send left move
[INFO][2021-07-26 16:22:01]Send stand
[INFO][2021-07-26 16:22:01]Send left move
[INFO][2021-07-26 16:22:01]Send stand
[INFO][2021-07-26 16:22:01]Send left move
[INFO][2021-07-26 16:22:01]Send stand
[INFO][2021-07-26 16:22:01]Send left move
[INFO][2021-07-26 16:22:01]Send stand
[INFO][2021-07-26 16:22:01]Send left move
[INFO][2021-07-26 16:22:01]Send stand
[INFO][2021-07-26 16:22:01]Send left move
[INFO][2021-07-26 16:22:01]Send stand
[INFO][2021-07-26 16:22:01]Send left move
[INFO][2021-07-26 16:22:01]Send stand
[INFO][2021-07-26 16:22:01]Send left move
[INFO][2021-07-26 16:22:01]Send stand
[INFO][2021-07-26 16:22:01]Send left move
[INFO][2021-07-26 16:22:01]Send stand
[INFO][2021-07-26 16:22:02]Send left move
[INFO][2021-07-26 16:22:02]Send stand
[INFO][2021-07-26 16:22:02]Send right move
[INFO][2021-07-26 16:22:02]Send stand
[INFO][2021-07-26 16:22:02]Send normal attack
[INFO][2021-07-26 16:22:02]Send stand
[INFO][2021-07-26 16:22:02]Send normal attack
[INFO][2021-07-26 16:22:02]Send stand
[INFO][2021-07-26 16:22:02]Send hard attack
[INFO][2021-07-26 16:22:02]Send stand
[INFO][2021-07-26 16:22:03]Send normal attack
[INFO][2021-07-26 16:22:03]Send stand
[INFO][2021-07-26 16:22:03]Send hard attack
[INFO][2021-07-26 16:22:03]Send stand
[INFO][2021-07-26 16:22:03]Send normal attack
[INFO][2021-07-26 16:22:03]Send stand
[INFO][2021-07-26 16:22:03]Send hard attack
[INFO][2021-07-26 16:22:03]Send stand
[INFO][2021-07-26 16:22:03]Send normal attack
[INFO][2021-07-26 16:22:03]Send stand
[INFO][2021-07-26 16:22:03]Send hard attack
[INFO][2021-07-26 16:22:03]Send stand
[INFO][2021-07-26 16:22:04]Send huge attack
[INFO][2021-07-26 16:22:04]Send stand
[INFO][2021-07-26 16:22:04]Send hard attack
[INFO][2021-07-26 16:22:04]Send stand
[INFO][2021-07-26 16:22:04]Send huge attack
[INFO][2021-07-26 16:22:04]Send stand
[INFO][2021-07-26 16:22:04]Send huge attack
[INFO][2021-07-26 16:22:04]Send stand
[INFO][2021-07-26 16:22:05]Send huge attack
[INFO][2021-07-26 16:22:05]Send stand
[INFO][2021-07-26 16:22:05]Send huge attack
[INFO][2021-07-26 16:22:05]Send stand
[INFO][2021-07-26 16:23:15]Send right move
[INFO][2021-07-26 16:23:15]Send stand
[INFO][2021-07-26 16:23:15]Send huge attack
[INFO][2021-07-26 16:23:15]Send stand
[INFO][2021-07-26 16:23:15]Send huge attack
[INFO][2021-07-26 16:23:15]Send stand
[INFO][2021-07-26 16:23:15]Send huge attack
[INFO][2021-07-26 16:23:15]Send stand
[INFO][2021-07-26 16:23:15]Send huge attack
[INFO][2021-07-26 16:23:15]Send stand
[INFO][2021-07-26 16:23:16]Send huge attack
[INFO][2021-07-26 16:23:16]Send stand
[INFO][2021-07-26 16:23:16]Send huge attack
[INFO][2021-07-26 16:23:16]Send stand
[INFO][2021-07-26 16:23:16]Send huge attack
[INFO][2021-07-26 16:23:16]Send stand
[INFO][2021-07-26 16:23:16]Send huge attack
[INFO][2021-07-26 16:23:16]Send stand
[INFO][2021-07-26 16:23:17]Send huge attack
[INFO][2021-07-26 16:23:17]Send stand
[INFO][2021-07-26 16:23:17]Send huge attack
[INFO][2021-07-26 16:23:17]Send stand
[INFO][2021-07-26 16:23:17]Send hard attack
[INFO][2021-07-26 16:23:17]Send stand
[INFO][2021-07-26 16:23:17]Send hard attack
[INFO][2021-07-26 16:23:17]Send stand
[INFO][2021-07-26 16:23:17]Send hard attack
[INFO][2021-07-26 16:23:18]Send stand
[INFO][2021-07-26 16:23:18]Send normal attack
[INFO][2021-07-26 16:23:18]Send stand
[INFO][2021-07-26 16:23:18]Send hard attack
[INFO][2021-07-26 16:23:18]Send stand
[INFO][2021-07-26 16:23:18]Send hard attack
[INFO][2021-07-26 16:23:18]Send stand
[INFO][2021-07-26 16:23:18]Send normal attack
[INFO][2021-07-26 16:23:18]Send stand
[INFO][2021-07-26 16:23:18]Send right move
[INFO][2021-07-26 16:23:18]Send stand
[INFO][2021-07-26 16:23:19]Send normal attack
[INFO][2021-07-26 16:23:19]Send stand
[INFO][2021-07-26 16:23:19]Send down
[INFO][2021-07-26 16:23:19]Send stand
[INFO][2021-07-26 16:23:19]Send right move
[INFO][2021-07-26 16:23:19]Send stand
[INFO][2021-07-26 16:23:19]Send normal attack
[INFO][2021-07-26 16:23:19]Send stand
[INFO][2021-07-26 16:23:19]Send hard attack
[INFO][2021-07-26 16:23:19]Send stand
[INFO][2021-07-26 16:23:19]Send normal attack
[INFO][2021-07-26 16:23:19]Send stand
[INFO][2021-07-26 16:23:19]Send hard attack
[INFO][2021-07-26 16:23:19]Send stand
[INFO][2021-07-26 16:23:21]Send down
[INFO][2021-07-26 16:23:21]Send stand
