[INFO][2021-07-27 09:29:27][Server]Server started.
[INFO][2021-07-27 09:29:32][Server]client #1 transferred caotijing #1304
[INFO][2021-07-27 09:29:32][Server]client #1 transferred caotijing #1304
[INFO][2021-07-27 09:29:37][Server]client #2 transferred yigenisi #6833
[INFO][2021-07-27 09:29:37][Server]User #1 x-Loc=50 y-Loc=300 xHead=1  Act=0 HP=330 MP=0
[INFO][2021-07-27 09:29:37][Server]User #2 x-Loc=700 y-Loc=300 xHead=0  Act=0 HP=330 MP=0
[INFO][2021-07-27 09:29:37][Server]client #1 transferred caotijing #1304
[INFO][2021-07-27 09:29:37][Server]User #1 x-Loc=50 y-Loc=300 xHead=1  Act=0 HP=330 MP=0
[INFO][2021-07-27 09:29:37][Server]User #2 x-Loc=700 y-Loc=300 xHead=0  Act=0 HP=330 MP=0
[INFO][2021-07-27 09:29:37][Server]client #2 transferred yigenisi #6833
[INFO][2021-07-27 09:29:37][Server]User #1 x-Loc=50 y-Loc=300 xHead=1  Act=0 HP=330 MP=0
[INFO][2021-07-27 09:29:37][Server]User #2 x-Loc=0 y-Loc=0 xHead=0  Act=0 HP=330 MP=0
[INFO][2021-07-27 09:29:37][Server]client #2 transferred yigenisi #6833
[INFO][2021-07-27 09:29:37][Server]User #1 x-Loc=50 y-Loc=300 xHead=1  Act=0 HP=330 MP=0
[INFO][2021-07-27 09:29:37][Server]User #2 x-Loc=700 y-Loc=300 xHead=0  Act=0 HP=330 MP=0
[INFO][2021-07-27 09:29:38][Server]client #2 transferred yigenisi #6833
[INFO][2021-07-27 09:29:38][Server]User #1 x-Loc=50 y-Loc=300 xHead=1  Act=0 HP=330 MP=0
[INFO][2021-07-27 09:29:38][Server]User #2 x-Loc=650 y-Loc=300 xHead=0  Act=1 HP=330 MP=0
[INFO][2021-07-27 09:29:38][Server]client #2 transferred yigenisi #6833
[INFO][2021-07-27 09:29:38][Server]User #1 x-Loc=50 y-Loc=300 xHead=1  Act=0 HP=330 MP=0
[INFO][2021-07-27 09:29:38][Server]User #2 x-Loc=650 y-Loc=300 xHead=0  Act=0 HP=330 MP=0
[INFO][2021-07-27 09:29:39][Server]client #2 transferred yigenisi #6833
[INFO][2021-07-27 09:29:39][Server]User #1 x-Loc=50 y-Loc=300 xHead=1  Act=0 HP=330 MP=0
[INFO][2021-07-27 09:29:39][Server]User #2 x-Loc=600 y-Loc=300 xHead=0  Act=1 HP=330 MP=0
[INFO][2021-07-27 09:29:39][Server]client #2 transferred yigenisi #6833
[INFO][2021-07-27 09:29:39][Server]User #1 x-Loc=50 y-Loc=300 xHead=1  Act=0 HP=330 MP=0
[INFO][2021-07-27 09:29:39][Server]User #2 x-Loc=600 y-Loc=300 xHead=0  Act=0 HP=330 MP=0
[INFO][2021-07-27 09:29:39][Server]client #2 transferred yigenisi #6833
[INFO][2021-07-27 09:29:39][Server]User #1 x-Loc=50 y-Loc=300 xHead=1  Act=0 HP=330 MP=0
[INFO][2021-07-27 09:29:39][Server]User #2 x-Loc=550 y-Loc=300 xHead=0  Act=1 HP=330 MP=0
[INFO][2021-07-27 09:29:39][Server]client #2 transferred yigenisi #6833
[INFO][2021-07-27 09:29:39][Server]User #1 x-Loc=50 y-Loc=300 xHead=1  Act=0 HP=330 MP=0
[INFO][2021-07-27 09:29:39][Server]User #2 x-Loc=550 y-Loc=300 xHead=0  Act=0 HP=330 MP=0
[INFO][2021-07-27 09:29:39][Server]client #2 transferred yigenisi #6833
[INFO][2021-07-27 09:29:39][Server]User #1 x-Loc=50 y-Loc=300 xHead=1  Act=0 HP=330 MP=0
[INFO][2021-07-27 09:29:39][Server]User #2 x-Loc=500 y-Loc=300 xHead=0  Act=1 HP=330 MP=0
[INFO][2021-07-27 09:29:39][Server]client #2 transferred yigenisi #6833
[INFO][2021-07-27 09:29:39][Server]User #1 x-Loc=50 y-Loc=300 xHead=1  Act=0 HP=330 MP=0
[INFO][2021-07-27 09:29:39][Server]User #2 x-Loc=500 y-Loc=300 xHead=0  Act=0 HP=330 MP=0
[INFO][2021-07-27 09:29:39][Server]client #2 transferred yigenisi #6833
[INFO][2021-07-27 09:29:39][Server]User #1 x-Loc=50 y-Loc=300 xHead=1  Act=0 HP=330 MP=0
[INFO][2021-07-27 09:29:39][Server]User #2 x-Loc=450 y-Loc=300 xHead=0  Act=1 HP=330 MP=0
[INFO][2021-07-27 09:29:39][Server]client #2 transferred yigenisi #6833
[INFO][2021-07-27 09:29:39][Server]User #1 x-Loc=50 y-Loc=300 xHead=1  Act=0 HP=330 MP=0
[INFO][2021-07-27 09:29:39][Server]User #2 x-Loc=450 y-Loc=300 xHead=0  Act=0 HP=330 MP=0
[INFO][2021-07-27 09:29:39][Server]client #2 transferred yigenisi #6833
[INFO][2021-07-27 09:29:39][Server]User #1 x-Loc=50 y-Loc=300 xHead=1  Act=0 HP=330 MP=0
[INFO][2021-07-27 09:29:39][Server]User #2 x-Loc=400 y-Loc=300 xHead=0  Act=1 HP=330 MP=0
[INFO][2021-07-27 09:29:39][Server]client #2 transferred yigenisi #6833
[INFO][2021-07-27 09:29:39][Server]User #1 x-Loc=50 y-Loc=300 xHead=1  Act=0 HP=330 MP=0
[INFO][2021-07-27 09:29:39][Server]User #2 x-Loc=400 y-Loc=300 xHead=0  Act=0 HP=330 MP=0
[INFO][2021-07-27 09:29:40][Server]client #2 transferred yigenisi #6833
[INFO][2021-07-27 09:29:40][Server]User #1 x-Loc=50 y-Loc=300 xHead=1  Act=0 HP=330 MP=0
[INFO][2021-07-27 09:29:40][Server]User #2 x-Loc=350 y-Loc=300 xHead=0  Act=1 HP=330 MP=0
[INFO][2021-07-27 09:29:40][Server]client #2 transferred yigenisi #6833
[INFO][2021-07-27 09:29:40][Server]User #1 x-Loc=50 y-Loc=300 xHead=1  Act=0 HP=330 MP=0
[INFO][2021-07-27 09:29:40][Server]User #2 x-Loc=350 y-Loc=300 xHead=0  Act=0 HP=330 MP=0
[INFO][2021-07-27 09:29:40][Server]client #2 transferred yigenisi #6833
[INFO][2021-07-27 09:29:40][Server]User #1 x-Loc=50 y-Loc=300 xHead=1  Act=0 HP=330 MP=0
[INFO][2021-07-27 09:29:40][Server]User #2 x-Loc=300 y-Loc=300 xHead=0  Act=1 HP=330 MP=0
[INFO][2021-07-27 09:29:40][Server]client #2 transferred yigenisi #6833
[INFO][2021-07-27 09:29:40][Server]User #1 x-Loc=50 y-Loc=300 xHead=1  Act=0 HP=330 MP=0
[INFO][2021-07-27 09:29:40][Server]User #2 x-Loc=300 y-Loc=300 xHead=0  Act=0 HP=330 MP=0
[INFO][2021-07-27 09:29:40][Server]client #2 transferred yigenisi #6833
[INFO][2021-07-27 09:29:40][Server]User #1 x-Loc=50 y-Loc=300 xHead=1  Act=0 HP=330 MP=0
[INFO][2021-07-27 09:29:40][Server]User #2 x-Loc=250 y-Loc=300 xHead=0  Act=1 HP=330 MP=0
[INFO][2021-07-27 09:29:40][Server]client #2 transferred yigenisi #6833
[INFO][2021-07-27 09:29:40][Server]User #1 x-Loc=50 y-Loc=300 xHead=1  Act=0 HP=330 MP=0
[INFO][2021-07-27 09:29:40][Server]User #2 x-Loc=250 y-Loc=300 xHead=0  Act=0 HP=330 MP=0
[INFO][2021-07-27 09:29:40][Server]client #2 transferred yigenisi #6833
[INFO][2021-07-27 09:29:40][Server]User #1 x-Loc=50 y-Loc=300 xHead=1  Act=0 HP=330 MP=0
[INFO][2021-07-27 09:29:40][Server]User #2 x-Loc=200 y-Loc=300 xHead=0  Act=1 HP=330 MP=0
[INFO][2021-07-27 09:29:40][Server]client #2 transferred yigenisi #6833
[INFO][2021-07-27 09:29:40][Server]User #1 x-Loc=50 y-Loc=300 xHead=1  Act=0 HP=330 MP=0
[INFO][2021-07-27 09:29:40][Server]User #2 x-Loc=200 y-Loc=300 xHead=0  Act=0 HP=330 MP=0
[INFO][2021-07-27 09:29:40][Server]client #2 transferred yigenisi #6833
[INFO][2021-07-27 09:29:40][Server]User #1 x-Loc=50 y-Loc=300 xHead=1  Act=0 HP=330 MP=0
[INFO][2021-07-27 09:29:40][Server]User #2 x-Loc=150 y-Loc=300 xHead=0  Act=1 HP=330 MP=0
[INFO][2021-07-27 09:29:40][Server]client #2 transferred yigenisi #6833
[INFO][2021-07-27 09:29:40][Server]User #1 x-Loc=50 y-Loc=300 xHead=1  Act=0 HP=330 MP=0
[INFO][2021-07-27 09:29:40][Server]User #2 x-Loc=150 y-Loc=300 xHead=0  Act=0 HP=330 MP=0
[INFO][2021-07-27 09:29:40][Server]client #2 transferred yigenisi #6833
[INFO][2021-07-27 09:29:40][Server]User #1 x-Loc=50 y-Loc=300 xHead=1  Act=0 HP=330 MP=0
[INFO][2021-07-27 09:29:40][Server]User #2 x-Loc=100 y-Loc=300 xHead=0  Act=1 HP=330 MP=0
[INFO][2021-07-27 09:29:41][Server]client #2 transferred yigenisi #6833
[INFO][2021-07-27 09:29:41][Server]User #1 x-Loc=50 y-Loc=300 xHead=1  Act=0 HP=330 MP=0
[INFO][2021-07-27 09:29:41][Server]User #2 x-Loc=100 y-Loc=300 xHead=0  Act=0 HP=330 MP=0
[INFO][2021-07-27 09:29:41][Server]client #2 transferred yigenisi #6833
[INFO][2021-07-27 09:29:41][Server]Player #2 Attack Player #1. Got Damage 26pts.
        Now Player #1 HP is 304   MP is 1
            Player #2 HP is 330   MP is 3
[INFO][2021-07-27 09:29:41][Server]User #1 x-Loc=50 y-Loc=300 xHead=1  Act=15 HP=304 MP=1
[INFO][2021-07-27 09:29:41][Server]User #2 x-Loc=100 y-Loc=300 xHead=0  Act=10 HP=330 MP=3
[INFO][2021-07-27 09:29:41][Server]client #2 transferred yigenisi #6833
[INFO][2021-07-27 09:29:41][Server]User #1 x-Loc=50 y-Loc=300 xHead=1  Act=15 HP=304 MP=1
[INFO][2021-07-27 09:29:41][Server]User #2 x-Loc=100 y-Loc=300 xHead=0  Act=0 HP=330 MP=3
[INFO][2021-07-27 09:29:41][Server]client #2 transferred yigenisi #6833
[INFO][2021-07-27 09:29:41][Server]Player #2 Attack Player #1. Got Damage 26pts.
        Now Player #1 HP is 278   MP is 2
            Player #2 HP is 330   MP is 6
[INFO][2021-07-27 09:29:41][Server]User #1 x-Loc=50 y-Loc=300 xHead=1  Act=16 HP=278 MP=2
[INFO][2021-07-27 09:29:41][Server]User #2 x-Loc=100 y-Loc=300 xHead=0  Act=10 HP=330 MP=6
[INFO][2021-07-27 09:29:41][Server]client #2 transferred yigenisi #6833
[INFO][2021-07-27 09:29:41][Server]User #1 x-Loc=50 y-Loc=300 xHead=1  Act=16 HP=278 MP=2
[INFO][2021-07-27 09:29:41][Server]User #2 x-Loc=100 y-Loc=300 xHead=0  Act=0 HP=330 MP=6
[INFO][2021-07-27 09:29:41][Server]client #2 transferred yigenisi #6833
[INFO][2021-07-27 09:29:41][Server]Player #2 Attack Player #1. Got Damage 26pts.
        Now Player #1 HP is 252   MP is 3
            Player #2 HP is 330   MP is 9
[INFO][2021-07-27 09:29:41][Server]User #1 x-Loc=50 y-Loc=300 xHead=1  Act=17 HP=252 MP=3
[INFO][2021-07-27 09:29:41][Server]User #2 x-Loc=100 y-Loc=300 xHead=0  Act=10 HP=330 MP=9
[INFO][2021-07-27 09:29:41][Server]client #2 transferred yigenisi #6833
[INFO][2021-07-27 09:29:41][Server]User #1 x-Loc=50 y-Loc=300 xHead=1  Act=17 HP=252 MP=3
[INFO][2021-07-27 09:29:41][Server]User #2 x-Loc=100 y-Loc=300 xHead=0  Act=0 HP=330 MP=9
[INFO][2021-07-27 09:29:41][Server]client #2 transferred yigenisi #6833
[INFO][2021-07-27 09:29:41][Server]Player #2 Attack Player #1. Got Damage 26pts.
        Now Player #1 HP is 226   MP is 4
            Player #2 HP is 330   MP is 12
[INFO][2021-07-27 09:29:41][Server]User #1 x-Loc=50 y-Loc=300 xHead=1  Act=0 HP=226 MP=4
[INFO][2021-07-27 09:29:41][Server]User #2 x-Loc=100 y-Loc=300 xHead=0  Act=10 HP=330 MP=12
[INFO][2021-07-27 09:29:41][Server]client #2 transferred yigenisi #6833
[INFO][2021-07-27 09:29:41][Server]User #1 x-Loc=50 y-Loc=300 xHead=1  Act=0 HP=226 MP=4
[INFO][2021-07-27 09:29:41][Server]User #2 x-Loc=100 y-Loc=300 xHead=0  Act=0 HP=330 MP=12
[INFO][2021-07-27 09:29:41][Server]client #2 transferred yigenisi #6833
[INFO][2021-07-27 09:29:41][Server]Player #2 Attack Player #1. Got Damage 26pts.
        Now Player #1 HP is 200   MP is 5
            Player #2 HP is 330   MP is 15
[INFO][2021-07-27 09:29:41][Server]User #1 x-Loc=50 y-Loc=300 xHead=1  Act=15 HP=200 MP=5
[INFO][2021-07-27 09:29:41][Server]User #2 x-Loc=100 y-Loc=300 xHead=0  Act=10 HP=330 MP=15
[INFO][2021-07-27 09:29:41][Server]client #2 transferred yigenisi #6833
[INFO][2021-07-27 09:29:41][Server]User #1 x-Loc=50 y-Loc=300 xHead=1  Act=15 HP=200 MP=5
[INFO][2021-07-27 09:29:41][Server]User #2 x-Loc=100 y-Loc=300 xHead=0  Act=0 HP=330 MP=15
[INFO][2021-07-27 09:29:41][Server]client #2 transferred yigenisi #6833
[INFO][2021-07-27 09:29:41][Server]Player #2 Attack Player #1. Got Damage 26pts.
        Now Player #1 HP is 174   MP is 6
            Player #2 HP is 330   MP is 15
[INFO][2021-07-27 09:29:41][Server]User #1 x-Loc=50 y-Loc=300 xHead=1  Act=16 HP=174 MP=6
[INFO][2021-07-27 09:29:41][Server]User #2 x-Loc=100 y-Loc=300 xHead=0  Act=10 HP=330 MP=15
[INFO][2021-07-27 09:29:41][Server]client #2 transferred yigenisi #6833
[INFO][2021-07-27 09:29:41][Server]User #1 x-Loc=50 y-Loc=300 xHead=1  Act=16 HP=174 MP=6
[INFO][2021-07-27 09:29:41][Server]User #2 x-Loc=100 y-Loc=300 xHead=0  Act=0 HP=330 MP=15
[INFO][2021-07-27 09:29:41][Server]client #2 transferred yigenisi #6833
[INFO][2021-07-27 09:29:41][Server]Player #2 Attack Player #1. Got Damage 26pts.
        Now Player #1 HP is 148   MP is 7
            Player #2 HP is 330   MP is 15
[INFO][2021-07-27 09:29:41][Server]User #1 x-Loc=50 y-Loc=300 xHead=1  Act=17 HP=148 MP=7
[INFO][2021-07-27 09:29:41][Server]User #2 x-Loc=100 y-Loc=300 xHead=0  Act=10 HP=330 MP=15
[INFO][2021-07-27 09:29:42][Server]client #2 transferred yigenisi #6833
[INFO][2021-07-27 09:29:42][Server]User #1 x-Loc=50 y-Loc=300 xHead=1  Act=17 HP=148 MP=7
[INFO][2021-07-27 09:29:42][Server]User #2 x-Loc=100 y-Loc=300 xHead=0  Act=0 HP=330 MP=15
[INFO][2021-07-27 09:29:42][Server]client #2 transferred yigenisi #6833
[INFO][2021-07-27 09:29:42][Server]Player #2 Attack Player #1. Got Damage 26pts.
        Now Player #1 HP is 122   MP is 8
            Player #2 HP is 330   MP is 15
[INFO][2021-07-27 09:29:42][Server]User #1 x-Loc=50 y-Loc=300 xHead=1  Act=0 HP=122 MP=8
[INFO][2021-07-27 09:29:42][Server]User #2 x-Loc=100 y-Loc=300 xHead=0  Act=10 HP=330 MP=15
[INFO][2021-07-27 09:29:42][Server]client #2 transferred yigenisi #6833
[INFO][2021-07-27 09:29:42][Server]User #1 x-Loc=50 y-Loc=300 xHead=1  Act=0 HP=122 MP=8
[INFO][2021-07-27 09:29:42][Server]User #2 x-Loc=100 y-Loc=300 xHead=0  Act=0 HP=330 MP=15
[INFO][2021-07-27 09:29:42][Server]client #2 transferred yigenisi #6833
[INFO][2021-07-27 09:29:42][Server]Player #2 Attack Player #1. Got Damage 26pts.
        Now Player #1 HP is 96   MP is 9
            Player #2 HP is 330   MP is 15
[INFO][2021-07-27 09:29:42][Server]User #1 x-Loc=50 y-Loc=300 xHead=1  Act=15 HP=96 MP=9
[INFO][2021-07-27 09:29:42][Server]User #2 x-Loc=100 y-Loc=300 xHead=0  Act=10 HP=330 MP=15
[INFO][2021-07-27 09:29:42][Server]client #2 transferred yigenisi #6833
[INFO][2021-07-27 09:29:42][Server]User #1 x-Loc=50 y-Loc=300 xHead=1  Act=15 HP=96 MP=9
[INFO][2021-07-27 09:29:42][Server]User #2 x-Loc=100 y-Loc=300 xHead=0  Act=0 HP=330 MP=15
[INFO][2021-07-27 09:29:42][Server]client #2 transferred yigenisi #6833
[INFO][2021-07-27 09:29:42][Server]Player #2 Attack Player #1. Got Damage 26pts.
        Now Player #1 HP is 70   MP is 10
            Player #2 HP is 330   MP is 15
[INFO][2021-07-27 09:29:42][Server]User #1 x-Loc=50 y-Loc=300 xHead=1  Act=16 HP=70 MP=10
[INFO][2021-07-27 09:29:42][Server]User #2 x-Loc=100 y-Loc=300 xHead=0  Act=10 HP=330 MP=15
[INFO][2021-07-27 09:29:42][Server]client #2 transferred yigenisi #6833
[INFO][2021-07-27 09:29:42][Server]User #1 x-Loc=50 y-Loc=300 xHead=1  Act=16 HP=70 MP=10
[INFO][2021-07-27 09:29:42][Server]User #2 x-Loc=100 y-Loc=300 xHead=0  Act=0 HP=330 MP=15
[INFO][2021-07-27 09:29:43][Server]client #2 transferred yigenisi #6833
[INFO][2021-07-27 09:29:43][Server]Player #2 Attack Player #1. Got Damage 26pts.
        Now Player #1 HP is 44   MP is 11
            Player #2 HP is 330   MP is 15
[INFO][2021-07-27 09:29:43][Server]User #1 x-Loc=50 y-Loc=300 xHead=1  Act=17 HP=44 MP=11
[INFO][2021-07-27 09:29:43][Server]User #2 x-Loc=100 y-Loc=300 xHead=0  Act=10 HP=330 MP=15
[INFO][2021-07-27 09:29:43][Server]client #2 transferred yigenisi #6833
[INFO][2021-07-27 09:29:43][Server]User #1 x-Loc=50 y-Loc=300 xHead=1  Act=17 HP=44 MP=11
[INFO][2021-07-27 09:29:43][Server]User #2 x-Loc=100 y-Loc=300 xHead=0  Act=0 HP=330 MP=15
[INFO][2021-07-27 09:29:43][Server]client #2 transferred yigenisi #6833
[INFO][2021-07-27 09:29:43][Server]Player #2 Attack Player #1. Got Damage 26pts.
        Now Player #1 HP is 18   MP is 12
            Player #2 HP is 330   MP is 15
[INFO][2021-07-27 09:29:43][Server]User #1 x-Loc=50 y-Loc=300 xHead=1  Act=0 HP=18 MP=12
[INFO][2021-07-27 09:29:43][Server]User #2 x-Loc=100 y-Loc=300 xHead=0  Act=10 HP=330 MP=15
[INFO][2021-07-27 09:29:43][Server]client #2 transferred yigenisi #6833
[INFO][2021-07-27 09:29:43][Server]User #1 x-Loc=50 y-Loc=300 xHead=1  Act=0 HP=18 MP=12
[INFO][2021-07-27 09:29:43][Server]User #2 x-Loc=100 y-Loc=300 xHead=0  Act=0 HP=330 MP=15
[INFO][2021-07-27 09:29:43][Server]client #2 transferred yigenisi #6833
[INFO][2021-07-27 09:29:43][Server]Player #2 Attack Player #1. Got Damage 26pts.
        Now Player #1 HP is -8   MP is 13
            Player #2 HP is 330   MP is 15
[INFO][2021-07-27 09:29:43][Server]User #1 x-Loc=50 y-Loc=300 xHead=1  Act=15 HP=-8 MP=13
[INFO][2021-07-27 09:29:43][Server]User #2 x-Loc=100 y-Loc=300 xHead=0  Act=10 HP=330 MP=15
[INFO][2021-07-27 09:29:43][Server]BYE, client 2 ! 
[WARNING][2021-07-27 09:30:04][Server]client 1 Exception ! 
