[INFO][2021-07-27 15:32:48][Server]Server started.
[INFO][2021-07-27 15:32:55][Server]client #1 transferred caotijing #4493
[INFO][2021-07-27 15:33:02][Server]client #2 transferred yadianna #9968
[INFO][2021-07-27 15:33:02][Server]User #1 x-Loc=50 y-Loc=300 xHead=1  Act=0 HP=330 MP=0
[INFO][2021-07-27 15:33:02][Server]User #2 x-Loc=700 y-Loc=300 xHead=0  Act=0 HP=330 MP=0
[INFO][2021-07-27 15:33:02][Server]client #1 transferred caotijing #4493
[INFO][2021-07-27 15:33:02][Server]User #1 x-Loc=50 y-Loc=300 xHead=1  Act=0 HP=330 MP=0
[INFO][2021-07-27 15:33:02][Server]User #2 x-Loc=700 y-Loc=300 xHead=0  Act=0 HP=330 MP=0
[INFO][2021-07-27 15:33:02][Server]client #2 transferred yadianna #9968
[INFO][2021-07-27 15:33:02][Server]User #1 x-Loc=50 y-Loc=300 xHead=1  Act=0 HP=330 MP=0
[INFO][2021-07-27 15:33:02][Server]User #2 x-Loc=700 y-Loc=300 xHead=0  Act=0 HP=330 MP=0
[INFO][2021-07-27 15:33:04][Server]client #2 transferred yadianna #9968
[INFO][2021-07-27 15:33:04][Server]User #1 x-Loc=50 y-Loc=300 xHead=1  Act=0 HP=330 MP=0
[INFO][2021-07-27 15:33:04][Server]User #2 x-Loc=650 y-Loc=300 xHead=0  Act=1 HP=330 MP=0
[INFO][2021-07-27 15:33:04][Server]client #2 transferred yadianna #9968
[INFO][2021-07-27 15:33:04][Server]User #1 x-Loc=50 y-Loc=300 xHead=1  Act=0 HP=330 MP=0
[INFO][2021-07-27 15:33:04][Server]User #2 x-Loc=650 y-Loc=300 xHead=0  Act=0 HP=330 MP=0
[INFO][2021-07-27 15:33:04][Server]client #2 transferred yadianna #9968
[INFO][2021-07-27 15:33:04][Server]User #1 x-Loc=50 y-Loc=300 xHead=1  Act=0 HP=330 MP=0
[INFO][2021-07-27 15:33:04][Server]User #2 x-Loc=600 y-Loc=300 xHead=0  Act=1 HP=330 MP=0
[INFO][2021-07-27 15:33:05][Server]client #2 transferred yadianna #9968
[INFO][2021-07-27 15:33:05][Server]User #1 x-Loc=50 y-Loc=300 xHead=1  Act=0 HP=330 MP=0
[INFO][2021-07-27 15:33:05][Server]User #2 x-Loc=600 y-Loc=300 xHead=0  Act=0 HP=330 MP=0
[INFO][2021-07-27 15:33:05][Server]client #2 transferred yadianna #9968
[INFO][2021-07-27 15:33:05][Server]User #1 x-Loc=50 y-Loc=300 xHead=1  Act=0 HP=330 MP=0
[INFO][2021-07-27 15:33:05][Server]User #2 x-Loc=550 y-Loc=300 xHead=0  Act=1 HP=330 MP=0
[INFO][2021-07-27 15:33:05][Server]client #2 transferred yadianna #9968
[INFO][2021-07-27 15:33:05][Server]User #1 x-Loc=50 y-Loc=300 xHead=1  Act=0 HP=330 MP=0
[INFO][2021-07-27 15:33:05][Server]User #2 x-Loc=550 y-Loc=300 xHead=0  Act=0 HP=330 MP=0
[INFO][2021-07-27 15:33:05][Server]client #2 transferred yadianna #9968
[INFO][2021-07-27 15:33:05][Server]User #1 x-Loc=50 y-Loc=300 xHead=1  Act=0 HP=330 MP=0
[INFO][2021-07-27 15:33:05][Server]User #2 x-Loc=500 y-Loc=300 xHead=0  Act=1 HP=330 MP=0
[INFO][2021-07-27 15:33:05][Server]client #2 transferred yadianna #9968
[INFO][2021-07-27 15:33:05][Server]User #1 x-Loc=50 y-Loc=300 xHead=1  Act=0 HP=330 MP=0
[INFO][2021-07-27 15:33:05][Server]User #2 x-Loc=500 y-Loc=300 xHead=0  Act=0 HP=330 MP=0
[INFO][2021-07-27 15:33:05][Server]client #2 transferred yadianna #9968
[INFO][2021-07-27 15:33:05][Server]User #1 x-Loc=50 y-Loc=300 xHead=1  Act=0 HP=330 MP=0
[INFO][2021-07-27 15:33:05][Server]User #2 x-Loc=450 y-Loc=300 xHead=0  Act=1 HP=330 MP=0
[INFO][2021-07-27 15:33:05][Server]client #2 transferred yadianna #9968
[INFO][2021-07-27 15:33:05][Server]User #1 x-Loc=50 y-Loc=300 xHead=1  Act=0 HP=330 MP=0
[INFO][2021-07-27 15:33:05][Server]User #2 x-Loc=450 y-Loc=300 xHead=0  Act=0 HP=330 MP=0
[INFO][2021-07-27 15:33:05][Server]client #2 transferred yadianna #9968
[INFO][2021-07-27 15:33:05][Server]User #1 x-Loc=50 y-Loc=300 xHead=1  Act=0 HP=330 MP=0
[INFO][2021-07-27 15:33:05][Server]User #2 x-Loc=400 y-Loc=300 xHead=0  Act=1 HP=330 MP=0
[INFO][2021-07-27 15:33:05][Server]client #2 transferred yadianna #9968
[INFO][2021-07-27 15:33:05][Server]User #1 x-Loc=50 y-Loc=300 xHead=1  Act=0 HP=330 MP=0
[INFO][2021-07-27 15:33:05][Server]User #2 x-Loc=400 y-Loc=300 xHead=0  Act=0 HP=330 MP=0
[INFO][2021-07-27 15:33:05][Server]client #2 transferred yadianna #9968
[INFO][2021-07-27 15:33:05][Server]User #1 x-Loc=50 y-Loc=300 xHead=1  Act=0 HP=330 MP=0
[INFO][2021-07-27 15:33:05][Server]User #2 x-Loc=350 y-Loc=300 xHead=0  Act=1 HP=330 MP=0
[INFO][2021-07-27 15:33:05][Server]client #2 transferred yadianna #9968
[INFO][2021-07-27 15:33:05][Server]User #1 x-Loc=50 y-Loc=300 xHead=1  Act=0 HP=330 MP=0
[INFO][2021-07-27 15:33:05][Server]User #2 x-Loc=350 y-Loc=300 xHead=0  Act=0 HP=330 MP=0
[INFO][2021-07-27 15:33:05][Server]client #2 transferred yadianna #9968
[INFO][2021-07-27 15:33:05][Server]User #1 x-Loc=50 y-Loc=300 xHead=1  Act=0 HP=330 MP=0
[INFO][2021-07-27 15:33:05][Server]User #2 x-Loc=300 y-Loc=300 xHead=0  Act=1 HP=330 MP=0
[INFO][2021-07-27 15:33:05][Server]client #2 transferred yadianna #9968
[INFO][2021-07-27 15:33:05][Server]User #1 x-Loc=50 y-Loc=300 xHead=1  Act=0 HP=330 MP=0
[INFO][2021-07-27 15:33:05][Server]User #2 x-Loc=300 y-Loc=300 xHead=0  Act=0 HP=330 MP=0
[INFO][2021-07-27 15:33:05][Server]client #2 transferred yadianna #9968
[INFO][2021-07-27 15:33:05][Server]User #1 x-Loc=50 y-Loc=300 xHead=1  Act=0 HP=330 MP=0
[INFO][2021-07-27 15:33:05][Server]User #2 x-Loc=250 y-Loc=300 xHead=0  Act=1 HP=330 MP=0
[INFO][2021-07-27 15:33:05][Server]client #2 transferred yadianna #9968
[INFO][2021-07-27 15:33:05][Server]User #1 x-Loc=50 y-Loc=300 xHead=1  Act=0 HP=330 MP=0
[INFO][2021-07-27 15:33:05][Server]User #2 x-Loc=250 y-Loc=300 xHead=0  Act=0 HP=330 MP=0
[INFO][2021-07-27 15:33:05][Server]client #2 transferred yadianna #9968
[INFO][2021-07-27 15:33:05][Server]User #1 x-Loc=50 y-Loc=300 xHead=1  Act=0 HP=330 MP=0
[INFO][2021-07-27 15:33:05][Server]User #2 x-Loc=200 y-Loc=300 xHead=0  Act=1 HP=330 MP=0
[INFO][2021-07-27 15:33:05][Server]client #2 transferred yadianna #9968
[INFO][2021-07-27 15:33:05][Server]User #1 x-Loc=50 y-Loc=300 xHead=1  Act=0 HP=330 MP=0
[INFO][2021-07-27 15:33:05][Server]User #2 x-Loc=200 y-Loc=300 xHead=0  Act=0 HP=330 MP=0
[INFO][2021-07-27 15:33:05][Server]client #2 transferred yadianna #9968
[INFO][2021-07-27 15:33:05][Server]User #1 x-Loc=50 y-Loc=300 xHead=1  Act=0 HP=330 MP=0
[INFO][2021-07-27 15:33:05][Server]User #2 x-Loc=150 y-Loc=300 xHead=0  Act=1 HP=330 MP=0
[INFO][2021-07-27 15:33:05][Server]client #2 transferred yadianna #9968
[INFO][2021-07-27 15:33:05][Server]User #1 x-Loc=50 y-Loc=300 xHead=1  Act=0 HP=330 MP=0
[INFO][2021-07-27 15:33:05][Server]User #2 x-Loc=150 y-Loc=300 xHead=0  Act=0 HP=330 MP=0
[INFO][2021-07-27 15:33:05][Server]client #2 transferred yadianna #9968
[INFO][2021-07-27 15:33:05][Server]User #1 x-Loc=50 y-Loc=300 xHead=1  Act=0 HP=330 MP=0
[INFO][2021-07-27 15:33:05][Server]User #2 x-Loc=100 y-Loc=300 xHead=0  Act=1 HP=330 MP=0
[INFO][2021-07-27 15:33:05][Server]client #2 transferred yadianna #9968
[INFO][2021-07-27 15:33:05][Server]User #1 x-Loc=50 y-Loc=300 xHead=1  Act=0 HP=330 MP=0
[INFO][2021-07-27 15:33:05][Server]User #2 x-Loc=100 y-Loc=300 xHead=0  Act=0 HP=330 MP=0
[INFO][2021-07-27 15:33:06][Server]client #2 transferred yadianna #9968
[INFO][2021-07-27 15:33:06][Server]Player #2 Attack Player #1. Got Damage 24pts.
        Now Player #1 HP is 306   MP is 1
            Player #2 HP is 330   MP is 3
[INFO][2021-07-27 15:33:06][Server]User #1 x-Loc=50 y-Loc=300 xHead=1  Act=15 HP=306 MP=1
[INFO][2021-07-27 15:33:06][Server]User #2 x-Loc=100 y-Loc=300 xHead=0  Act=10 HP=330 MP=3
[INFO][2021-07-27 15:33:06][Server]client #2 transferred yadianna #9968
[INFO][2021-07-27 15:33:06][Server]User #1 x-Loc=50 y-Loc=300 xHead=1  Act=15 HP=306 MP=1
[INFO][2021-07-27 15:33:06][Server]User #2 x-Loc=100 y-Loc=300 xHead=0  Act=0 HP=330 MP=3
[INFO][2021-07-27 15:33:06][Server]client #2 transferred yadianna #9968
[INFO][2021-07-27 15:33:06][Server]Player #2 Attack Player #1. Got Damage 24pts.
        Now Player #1 HP is 282   MP is 2
            Player #2 HP is 330   MP is 6
[INFO][2021-07-27 15:33:06][Server]User #1 x-Loc=50 y-Loc=300 xHead=1  Act=16 HP=282 MP=2
[INFO][2021-07-27 15:33:06][Server]User #2 x-Loc=100 y-Loc=300 xHead=0  Act=10 HP=330 MP=6
[INFO][2021-07-27 15:33:06][Server]client #2 transferred yadianna #9968
[INFO][2021-07-27 15:33:06][Server]User #1 x-Loc=50 y-Loc=300 xHead=1  Act=16 HP=282 MP=2
[INFO][2021-07-27 15:33:06][Server]User #2 x-Loc=100 y-Loc=300 xHead=0  Act=0 HP=330 MP=6
[INFO][2021-07-27 15:33:06][Server]client #2 transferred yadianna #9968
[INFO][2021-07-27 15:33:06][Server]Player #2 Attack Player #1. Got Damage 24pts.
        Now Player #1 HP is 258   MP is 3
            Player #2 HP is 330   MP is 9
[INFO][2021-07-27 15:33:06][Server]User #1 x-Loc=50 y-Loc=300 xHead=1  Act=17 HP=258 MP=3
[INFO][2021-07-27 15:33:06][Server]User #2 x-Loc=100 y-Loc=300 xHead=0  Act=10 HP=330 MP=9
[INFO][2021-07-27 15:33:06][Server]client #2 transferred yadianna #9968
[INFO][2021-07-27 15:33:06][Server]User #1 x-Loc=50 y-Loc=300 xHead=1  Act=17 HP=258 MP=3
[INFO][2021-07-27 15:33:06][Server]User #2 x-Loc=100 y-Loc=300 xHead=0  Act=0 HP=330 MP=9
[INFO][2021-07-27 15:33:06][Server]client #2 transferred yadianna #9968
[INFO][2021-07-27 15:33:06][Server]Player #2 Attack Player #1. Got Damage 24pts.
        Now Player #1 HP is 234   MP is 4
            Player #2 HP is 330   MP is 12
[INFO][2021-07-27 15:33:06][Server]User #1 x-Loc=50 y-Loc=300 xHead=1  Act=0 HP=234 MP=4
[INFO][2021-07-27 15:33:06][Server]User #2 x-Loc=100 y-Loc=300 xHead=0  Act=10 HP=330 MP=12
[INFO][2021-07-27 15:33:07][Server]client #2 transferred yadianna #9968
[INFO][2021-07-27 15:33:07][Server]User #1 x-Loc=50 y-Loc=300 xHead=1  Act=0 HP=234 MP=4
[INFO][2021-07-27 15:33:07][Server]User #2 x-Loc=100 y-Loc=300 xHead=0  Act=0 HP=330 MP=12
[INFO][2021-07-27 15:33:07][Server]client #2 transferred yadianna #9968
[INFO][2021-07-27 15:33:07][Server]Player #2 Attack Player #1. Got Damage 24pts.
        Now Player #1 HP is 210   MP is 5
            Player #2 HP is 330   MP is 15
[INFO][2021-07-27 15:33:07][Server]User #1 x-Loc=50 y-Loc=300 xHead=1  Act=15 HP=210 MP=5
[INFO][2021-07-27 15:33:07][Server]User #2 x-Loc=100 y-Loc=300 xHead=0  Act=10 HP=330 MP=15
[INFO][2021-07-27 15:33:07][Server]client #2 transferred yadianna #9968
[INFO][2021-07-27 15:33:07][Server]User #1 x-Loc=50 y-Loc=300 xHead=1  Act=15 HP=210 MP=5
[INFO][2021-07-27 15:33:07][Server]User #2 x-Loc=100 y-Loc=300 xHead=0  Act=0 HP=330 MP=15
[INFO][2021-07-27 15:33:08][Server]client #2 transferred yadianna #9968
[INFO][2021-07-27 15:33:08][Server]Player #2 Attack Player #1. Got Damage 24pts.
        Now Player #1 HP is 186   MP is 6
            Player #2 HP is 330   MP is 15
[INFO][2021-07-27 15:33:08][Server]User #1 x-Loc=50 y-Loc=300 xHead=1  Act=16 HP=186 MP=6
[INFO][2021-07-27 15:33:08][Server]User #2 x-Loc=100 y-Loc=300 xHead=0  Act=10 HP=330 MP=15
[INFO][2021-07-27 15:33:08][Server]client #2 transferred yadianna #9968
[INFO][2021-07-27 15:33:08][Server]User #1 x-Loc=50 y-Loc=300 xHead=1  Act=16 HP=186 MP=6
[INFO][2021-07-27 15:33:08][Server]User #2 x-Loc=100 y-Loc=300 xHead=0  Act=0 HP=330 MP=15
[INFO][2021-07-27 15:33:08][Server]client #2 transferred yadianna #9968
[INFO][2021-07-27 15:33:08][Server]User #1 x-Loc=50 y-Loc=300 xHead=1  Act=16 HP=186 MP=6
[INFO][2021-07-27 15:33:08][Server]User #2 x-Loc=150 y-Loc=300 xHead=1  Act=1 HP=330 MP=15
[INFO][2021-07-27 15:33:08][Server]client #2 transferred yadianna #9968
[INFO][2021-07-27 15:33:08][Server]User #1 x-Loc=50 y-Loc=300 xHead=1  Act=16 HP=186 MP=6
[INFO][2021-07-27 15:33:08][Server]User #2 x-Loc=150 y-Loc=300 xHead=1  Act=0 HP=330 MP=15
[INFO][2021-07-27 15:33:09][Server]client #2 transferred yadianna #9968
[INFO][2021-07-27 15:33:09][Server]User #1 x-Loc=50 y-Loc=300 xHead=1  Act=16 HP=186 MP=6
[INFO][2021-07-27 15:33:09][Server]User #2 x-Loc=150 y-Loc=300 xHead=1  Act=10 HP=330 MP=15
[INFO][2021-07-27 15:33:09][Server]client #2 transferred yadianna #9968
[INFO][2021-07-27 15:33:09][Server]User #1 x-Loc=50 y-Loc=300 xHead=1  Act=16 HP=186 MP=6
[INFO][2021-07-27 15:33:09][Server]User #2 x-Loc=150 y-Loc=300 xHead=1  Act=0 HP=330 MP=15
[INFO][2021-07-27 15:33:10][Server]client #2 transferred yadianna #9968
[INFO][2021-07-27 15:33:10][Server]User #1 x-Loc=50 y-Loc=300 xHead=1  Act=16 HP=186 MP=6
[INFO][2021-07-27 15:33:10][Server]User #2 x-Loc=150 y-Loc=300 xHead=1  Act=10 HP=330 MP=15
[INFO][2021-07-27 15:33:10][Server]client #2 transferred yadianna #9968
[INFO][2021-07-27 15:33:10][Server]User #1 x-Loc=50 y-Loc=300 xHead=1  Act=16 HP=186 MP=6
[INFO][2021-07-27 15:33:10][Server]User #2 x-Loc=150 y-Loc=300 xHead=1  Act=0 HP=330 MP=15
[INFO][2021-07-27 15:33:11][Server]client #2 transferred yadianna #9968
[INFO][2021-07-27 15:33:11][Server]User #1 x-Loc=50 y-Loc=300 xHead=1  Act=16 HP=186 MP=6
[INFO][2021-07-27 15:33:11][Server]User #2 x-Loc=150 y-Loc=300 xHead=1  Act=11 HP=330 MP=15
[INFO][2021-07-27 15:33:12][Server]client #2 transferred yadianna #9968
[INFO][2021-07-27 15:33:12][Server]User #1 x-Loc=50 y-Loc=300 xHead=1  Act=16 HP=186 MP=6
[INFO][2021-07-27 15:33:12][Server]User #2 x-Loc=150 y-Loc=300 xHead=1  Act=0 HP=330 MP=15
[INFO][2021-07-27 15:33:12][Server]client #2 transferred yadianna #9968
[INFO][2021-07-27 15:33:12][Server]User #1 x-Loc=50 y-Loc=300 xHead=1  Act=16 HP=186 MP=6
[INFO][2021-07-27 15:33:12][Server]User #2 x-Loc=150 y-Loc=300 xHead=1  Act=11 HP=330 MP=15
[INFO][2021-07-27 15:33:12][Server]client #2 transferred yadianna #9968
[INFO][2021-07-27 15:33:12][Server]User #1 x-Loc=50 y-Loc=300 xHead=1  Act=16 HP=186 MP=6
[INFO][2021-07-27 15:33:12][Server]User #2 x-Loc=150 y-Loc=300 xHead=1  Act=0 HP=330 MP=15
[INFO][2021-07-27 15:33:13][Server]client #2 transferred yadianna #9968
[INFO][2021-07-27 15:33:13][Server]User #1 x-Loc=50 y-Loc=300 xHead=1  Act=16 HP=186 MP=6
[INFO][2021-07-27 15:33:13][Server]User #2 x-Loc=100 y-Loc=300 xHead=0  Act=1 HP=330 MP=15
[INFO][2021-07-27 15:33:13][Server]client #2 transferred yadianna #9968
[INFO][2021-07-27 15:33:13][Server]User #1 x-Loc=50 y-Loc=300 xHead=1  Act=16 HP=186 MP=6
[INFO][2021-07-27 15:33:13][Server]User #2 x-Loc=100 y-Loc=300 xHead=0  Act=0 HP=330 MP=15
[INFO][2021-07-27 15:33:13][Server]client #2 transferred yadianna #9968
[INFO][2021-07-27 15:33:13][Server]Player #2 Attack Player #1. Got Damage 24pts.
        Now Player #1 HP is 162   MP is 7
            Player #2 HP is 330   MP is 15
[INFO][2021-07-27 15:33:13][Server]User #1 x-Loc=50 y-Loc=300 xHead=1  Act=17 HP=162 MP=7
[INFO][2021-07-27 15:33:13][Server]User #2 x-Loc=100 y-Loc=300 xHead=0  Act=10 HP=330 MP=15
[INFO][2021-07-27 15:33:13][Server]client #2 transferred yadianna #9968
[INFO][2021-07-27 15:33:13][Server]User #1 x-Loc=50 y-Loc=300 xHead=1  Act=17 HP=162 MP=7
[INFO][2021-07-27 15:33:13][Server]User #2 x-Loc=100 y-Loc=300 xHead=0  Act=0 HP=330 MP=15
[INFO][2021-07-27 15:33:15][Server]client #2 transferred yadianna #9968
[INFO][2021-07-27 15:33:15][Server]Player #2 Attack Player #1. Got Damage 72pts.
        Now Player #1 HP is 90   MP is 8
            Player #2 HP is 330   MP is 3
[INFO][2021-07-27 15:33:15][Server]User #1 x-Loc=50 y-Loc=300 xHead=1  Act=0 HP=90 MP=8
[INFO][2021-07-27 15:33:15][Server]User #2 x-Loc=100 y-Loc=300 xHead=0  Act=12 HP=330 MP=3
[INFO][2021-07-27 15:33:15][Server]client #2 transferred yadianna #9968
[INFO][2021-07-27 15:33:15][Server]User #1 x-Loc=50 y-Loc=300 xHead=1  Act=0 HP=90 MP=8
[INFO][2021-07-27 15:33:15][Server]User #2 x-Loc=100 y-Loc=300 xHead=0  Act=0 HP=330 MP=3
[WARNING][2021-07-27 15:33:20][Server]client 2 Exception ! 
[WARNING][2021-07-27 15:33:20][Server]client 1 Exception ! 
