[INFO][2021-07-27 14:05:32]Send stand
[INFO][2021-07-27 14:05:43]Send right move
[INFO][2021-07-27 14:05:43]Send stand
[INFO][2021-07-27 14:05:44]Send right move
[INFO][2021-07-27 14:05:44]Send stand
[INFO][2021-07-27 14:05:44]Send right move
[INFO][2021-07-27 14:05:44]Send stand
[INFO][2021-07-27 14:05:44]Send right move
[INFO][2021-07-27 14:05:44]Send stand
[INFO][2021-07-27 14:05:44]Send right move
[INFO][2021-07-27 14:05:44]Send stand
[INFO][2021-07-27 14:05:44]Send right move
[INFO][2021-07-27 14:05:44]Send stand
[INFO][2021-07-27 14:05:44]Send left move
[INFO][2021-07-27 14:05:44]Send stand
[INFO][2021-07-27 14:05:44]Send left move
[INFO][2021-07-27 14:05:44]Send stand
[INFO][2021-07-27 14:05:45]Send left move
[INFO][2021-07-27 14:05:45]Send stand
[INFO][2021-07-27 14:05:45]Send left move
[INFO][2021-07-27 14:05:45]Send stand
[INFO][2021-07-27 14:05:45]Send left move
[INFO][2021-07-27 14:05:45]Send stand
[INFO][2021-07-27 14:05:45]Send normal attack
[INFO][2021-07-27 14:05:45]Send stand
[INFO][2021-07-27 14:05:46]Send normal attack
[INFO][2021-07-27 14:05:46]Send stand
[INFO][2021-07-27 14:05:47]Send normal attack
[INFO][2021-07-27 14:05:47]Send stand
[INFO][2021-07-27 14:05:47]Send normal attack
[INFO][2021-07-27 14:05:47]Send stand
[INFO][2021-07-27 14:05:47]Send normal attack
[INFO][2021-07-27 14:05:47]Send stand
[INFO][2021-07-27 14:05:49]Send normal attack
[INFO][2021-07-27 14:05:49]Send stand
[INFO][2021-07-27 14:05:49]Send normal attack
[INFO][2021-07-27 14:05:49]Send stand
[INFO][2021-07-27 14:05:50]Send normal attack
[INFO][2021-07-27 14:05:50]Send stand
[INFO][2021-07-27 14:05:50]Send normal attack
[INFO][2021-07-27 14:05:50]Send stand
[INFO][2021-07-27 14:05:51]Send hard attack
[INFO][2021-07-27 14:05:51]Send stand
[INFO][2021-07-27 14:05:51]Send hard attack
[INFO][2021-07-27 14:05:51]Send stand
[INFO][2021-07-27 14:05:51]Send hard attack
[INFO][2021-07-27 14:05:51]Send stand
[INFO][2021-07-27 14:05:53]Send hard attack
