[INFO][2021-07-26 19:14:52][Server]Server started.
[INFO][2021-07-26 19:15:03][Server]client #2 transferred caotijing #2759
[INFO][2021-07-26 19:15:06][Server]client #1 transferred chunli #7768
[INFO][2021-07-26 19:15:06][Server]User #1 x-Loc=700 y-Loc=300 xHead=0  Act=0 HP=100 MP=0
[INFO][2021-07-26 19:15:06][Server]User #2 x-Loc=50 y-Loc=300 xHead=1  Act=0 HP=100 MP=0
[INFO][2021-07-26 19:15:06][Server]client #2 transferred caotijing #2759
[INFO][2021-07-26 19:15:06][Server]User #1 x-Loc=700 y-Loc=300 xHead=0  Act=0 HP=100 MP=0
[INFO][2021-07-26 19:15:06][Server]User #2 x-Loc=50 y-Loc=300 xHead=1  Act=0 HP=100 MP=0
[INFO][2021-07-26 19:15:06][Server]client #1 transferred chunli #7768
[INFO][2021-07-26 19:15:06][Server]User #1 x-Loc=700 y-Loc=300 xHead=0  Act=0 HP=100 MP=0
[INFO][2021-07-26 19:15:06][Server]User #2 x-Loc=50 y-Loc=300 xHead=1  Act=0 HP=100 MP=0
[INFO][2021-07-26 19:15:07][Server]client #1 transferred chunli #7768
[INFO][2021-07-26 19:15:07][Server]User #1 x-Loc=700 y-Loc=300 xHead=0  Act=0 HP=100 MP=0
[INFO][2021-07-26 19:15:07][Server]User #2 x-Loc=100 y-Loc=300 xHead=1  Act=1 HP=100 MP=0
[INFO][2021-07-26 19:15:07][Server]client #1 transferred chunli #7768
[INFO][2021-07-26 19:15:07][Server]User #1 x-Loc=700 y-Loc=300 xHead=0  Act=0 HP=100 MP=0
[INFO][2021-07-26 19:15:07][Server]User #2 x-Loc=100 y-Loc=300 xHead=1  Act=0 HP=100 MP=0
[INFO][2021-07-26 19:15:08][Server]client #1 transferred chunli #7768
[INFO][2021-07-26 19:15:08][Server]User #1 x-Loc=700 y-Loc=300 xHead=0  Act=0 HP=100 MP=0
[INFO][2021-07-26 19:15:08][Server]User #2 x-Loc=150 y-Loc=300 xHead=1  Act=1 HP=100 MP=0
[INFO][2021-07-26 19:15:08][Server]client #1 transferred chunli #7768
[INFO][2021-07-26 19:15:08][Server]User #1 x-Loc=700 y-Loc=300 xHead=0  Act=0 HP=100 MP=0
[INFO][2021-07-26 19:15:08][Server]User #2 x-Loc=150 y-Loc=300 xHead=1  Act=0 HP=100 MP=0
[INFO][2021-07-26 19:15:08][Server]client #1 transferred chunli #7768
[INFO][2021-07-26 19:15:08][Server]User #1 x-Loc=700 y-Loc=300 xHead=0  Act=0 HP=100 MP=0
[INFO][2021-07-26 19:15:08][Server]User #2 x-Loc=200 y-Loc=300 xHead=1  Act=1 HP=100 MP=0
[INFO][2021-07-26 19:15:08][Server]client #1 transferred chunli #7768
[INFO][2021-07-26 19:15:08][Server]User #1 x-Loc=700 y-Loc=300 xHead=0  Act=0 HP=100 MP=0
[INFO][2021-07-26 19:15:08][Server]User #2 x-Loc=200 y-Loc=300 xHead=1  Act=0 HP=100 MP=0
[INFO][2021-07-26 19:15:08][Server]client #1 transferred chunli #7768
[INFO][2021-07-26 19:15:08][Server]User #1 x-Loc=700 y-Loc=300 xHead=0  Act=0 HP=100 MP=0
[INFO][2021-07-26 19:15:08][Server]User #2 x-Loc=250 y-Loc=300 xHead=1  Act=1 HP=100 MP=0
[INFO][2021-07-26 19:15:08][Server]client #1 transferred chunli #7768
[INFO][2021-07-26 19:15:08][Server]User #1 x-Loc=700 y-Loc=300 xHead=0  Act=0 HP=100 MP=0
[INFO][2021-07-26 19:15:08][Server]User #2 x-Loc=250 y-Loc=300 xHead=1  Act=0 HP=100 MP=0
[INFO][2021-07-26 19:15:08][Server]client #1 transferred chunli #7768
[INFO][2021-07-26 19:15:08][Server]User #1 x-Loc=700 y-Loc=300 xHead=0  Act=0 HP=100 MP=0
[INFO][2021-07-26 19:15:08][Server]User #2 x-Loc=300 y-Loc=300 xHead=1  Act=1 HP=100 MP=0
[INFO][2021-07-26 19:15:08][Server]client #1 transferred chunli #7768
[INFO][2021-07-26 19:15:08][Server]User #1 x-Loc=700 y-Loc=300 xHead=0  Act=0 HP=100 MP=0
[INFO][2021-07-26 19:15:08][Server]User #2 x-Loc=300 y-Loc=300 xHead=1  Act=0 HP=100 MP=0
[INFO][2021-07-26 19:15:08][Server]client #1 transferred chunli #7768
[INFO][2021-07-26 19:15:08][Server]User #1 x-Loc=700 y-Loc=300 xHead=0  Act=0 HP=100 MP=0
[INFO][2021-07-26 19:15:08][Server]User #2 x-Loc=350 y-Loc=300 xHead=1  Act=1 HP=100 MP=0
[INFO][2021-07-26 19:15:08][Server]client #1 transferred chunli #7768
[INFO][2021-07-26 19:15:08][Server]User #1 x-Loc=700 y-Loc=300 xHead=0  Act=0 HP=100 MP=0
[INFO][2021-07-26 19:15:08][Server]User #2 x-Loc=350 y-Loc=300 xHead=1  Act=0 HP=100 MP=0
[INFO][2021-07-26 19:15:08][Server]client #1 transferred chunli #7768
[INFO][2021-07-26 19:15:08][Server]User #1 x-Loc=700 y-Loc=300 xHead=0  Act=0 HP=100 MP=0
[INFO][2021-07-26 19:15:08][Server]User #2 x-Loc=400 y-Loc=300 xHead=1  Act=1 HP=100 MP=0
[INFO][2021-07-26 19:15:08][Server]client #1 transferred chunli #7768
[INFO][2021-07-26 19:15:08][Server]User #1 x-Loc=700 y-Loc=300 xHead=0  Act=0 HP=100 MP=0
[INFO][2021-07-26 19:15:08][Server]User #2 x-Loc=400 y-Loc=300 xHead=1  Act=0 HP=100 MP=0
[INFO][2021-07-26 19:15:08][Server]client #1 transferred chunli #7768
[INFO][2021-07-26 19:15:08][Server]User #1 x-Loc=700 y-Loc=300 xHead=0  Act=0 HP=100 MP=0
[INFO][2021-07-26 19:15:08][Server]User #2 x-Loc=450 y-Loc=300 xHead=1  Act=1 HP=100 MP=0
[INFO][2021-07-26 19:15:08][Server]client #1 transferred chunli #7768
[INFO][2021-07-26 19:15:08][Server]User #1 x-Loc=700 y-Loc=300 xHead=0  Act=0 HP=100 MP=0
[INFO][2021-07-26 19:15:08][Server]User #2 x-Loc=450 y-Loc=300 xHead=1  Act=0 HP=100 MP=0
[INFO][2021-07-26 19:15:08][Server]client #1 transferred chunli #7768
[INFO][2021-07-26 19:15:08][Server]User #1 x-Loc=700 y-Loc=300 xHead=0  Act=0 HP=100 MP=0
[INFO][2021-07-26 19:15:08][Server]User #2 x-Loc=500 y-Loc=300 xHead=1  Act=1 HP=100 MP=0
[INFO][2021-07-26 19:15:08][Server]client #1 transferred chunli #7768
[INFO][2021-07-26 19:15:08][Server]User #1 x-Loc=700 y-Loc=300 xHead=0  Act=0 HP=100 MP=0
[INFO][2021-07-26 19:15:08][Server]User #2 x-Loc=500 y-Loc=300 xHead=1  Act=0 HP=100 MP=0
[INFO][2021-07-26 19:15:08][Server]client #1 transferred chunli #7768
[INFO][2021-07-26 19:15:08][Server]User #1 x-Loc=700 y-Loc=300 xHead=0  Act=0 HP=100 MP=0
[INFO][2021-07-26 19:15:08][Server]User #2 x-Loc=550 y-Loc=300 xHead=1  Act=1 HP=100 MP=0
[INFO][2021-07-26 19:15:08][Server]client #1 transferred chunli #7768
[INFO][2021-07-26 19:15:08][Server]User #1 x-Loc=700 y-Loc=300 xHead=0  Act=0 HP=100 MP=0
[INFO][2021-07-26 19:15:08][Server]User #2 x-Loc=550 y-Loc=300 xHead=1  Act=0 HP=100 MP=0
[INFO][2021-07-26 19:15:08][Server]client #1 transferred chunli #7768
[INFO][2021-07-26 19:15:08][Server]User #1 x-Loc=700 y-Loc=300 xHead=0  Act=0 HP=100 MP=0
[INFO][2021-07-26 19:15:08][Server]User #2 x-Loc=600 y-Loc=300 xHead=1  Act=1 HP=100 MP=0
[INFO][2021-07-26 19:15:08][Server]client #1 transferred chunli #7768
[INFO][2021-07-26 19:15:08][Server]User #1 x-Loc=700 y-Loc=300 xHead=0  Act=0 HP=100 MP=0
[INFO][2021-07-26 19:15:08][Server]User #2 x-Loc=600 y-Loc=300 xHead=1  Act=0 HP=100 MP=0
[INFO][2021-07-26 19:15:08][Server]client #1 transferred chunli #7768
[INFO][2021-07-26 19:15:08][Server]User #1 x-Loc=700 y-Loc=300 xHead=0  Act=0 HP=100 MP=0
[INFO][2021-07-26 19:15:08][Server]User #2 x-Loc=650 y-Loc=300 xHead=1  Act=1 HP=100 MP=0
[INFO][2021-07-26 19:15:08][Server]client #1 transferred chunli #7768
[INFO][2021-07-26 19:15:08][Server]User #1 x-Loc=700 y-Loc=300 xHead=0  Act=0 HP=100 MP=0
[INFO][2021-07-26 19:15:08][Server]User #2 x-Loc=650 y-Loc=300 xHead=1  Act=0 HP=100 MP=0
[INFO][2021-07-26 19:15:08][Server]client #1 transferred chunli #7768
[INFO][2021-07-26 19:15:08][Server]Player #2 Attack Player #1. Got Damage 10pts.
        Now Player #1 HP is 90   MP is 1
            Player #2 HP is 100   MP is 3
[INFO][2021-07-26 19:15:08][Server]User #1 x-Loc=700 y-Loc=300 xHead=0  Act=15 HP=90 MP=1
[INFO][2021-07-26 19:15:08][Server]User #2 x-Loc=650 y-Loc=300 xHead=1  Act=10 HP=100 MP=3
[INFO][2021-07-26 19:15:09][Server]client #1 transferred chunli #7768
[INFO][2021-07-26 19:15:09][Server]User #1 x-Loc=700 y-Loc=300 xHead=0  Act=15 HP=90 MP=1
[INFO][2021-07-26 19:15:09][Server]User #2 x-Loc=650 y-Loc=300 xHead=1  Act=0 HP=100 MP=3
[INFO][2021-07-26 19:15:09][Server]client #1 transferred chunli #7768
[INFO][2021-07-26 19:15:09][Server]Player #2 Attack Player #1. Got Damage 10pts.
        Now Player #1 HP is 80   MP is 2
            Player #2 HP is 100   MP is 6
[INFO][2021-07-26 19:15:09][Server]User #1 x-Loc=700 y-Loc=300 xHead=0  Act=16 HP=80 MP=2
[INFO][2021-07-26 19:15:09][Server]User #2 x-Loc=650 y-Loc=300 xHead=1  Act=10 HP=100 MP=6
[INFO][2021-07-26 19:15:09][Server]client #1 transferred chunli #7768
[INFO][2021-07-26 19:15:09][Server]User #1 x-Loc=700 y-Loc=300 xHead=0  Act=16 HP=80 MP=2
[INFO][2021-07-26 19:15:09][Server]User #2 x-Loc=650 y-Loc=300 xHead=1  Act=0 HP=100 MP=6
[INFO][2021-07-26 19:15:09][Server]client #1 transferred chunli #7768
[INFO][2021-07-26 19:15:09][Server]Player #2 Attack Player #1. Got Damage 10pts.
        Now Player #1 HP is 70   MP is 3
            Player #2 HP is 100   MP is 9
[INFO][2021-07-26 19:15:09][Server]User #1 x-Loc=700 y-Loc=300 xHead=0  Act=17 HP=70 MP=3
[INFO][2021-07-26 19:15:09][Server]User #2 x-Loc=650 y-Loc=300 xHead=1  Act=10 HP=100 MP=9
[INFO][2021-07-26 19:15:09][Server]client #1 transferred chunli #7768
[INFO][2021-07-26 19:15:09][Server]User #1 x-Loc=700 y-Loc=300 xHead=0  Act=17 HP=70 MP=3
[INFO][2021-07-26 19:15:09][Server]User #2 x-Loc=650 y-Loc=300 xHead=1  Act=0 HP=100 MP=9
[INFO][2021-07-26 19:15:09][Server]client #1 transferred chunli #7768
[INFO][2021-07-26 19:15:09][Server]Player #2 Attack Player #1. Got Damage 10pts.
        Now Player #1 HP is 60   MP is 4
            Player #2 HP is 100   MP is 12
[INFO][2021-07-26 19:15:09][Server]User #1 x-Loc=700 y-Loc=300 xHead=0  Act=0 HP=60 MP=4
[INFO][2021-07-26 19:15:09][Server]User #2 x-Loc=650 y-Loc=300 xHead=1  Act=10 HP=100 MP=12
[INFO][2021-07-26 19:15:09][Server]client #1 transferred chunli #7768
[INFO][2021-07-26 19:15:09][Server]User #1 x-Loc=700 y-Loc=300 xHead=0  Act=0 HP=60 MP=4
[INFO][2021-07-26 19:15:09][Server]User #2 x-Loc=650 y-Loc=300 xHead=1  Act=0 HP=100 MP=12
[INFO][2021-07-26 19:15:09][Server]client #1 transferred chunli #7768
[INFO][2021-07-26 19:15:09][Server]Player #2 Attack Player #1. Got Damage 10pts.
        Now Player #1 HP is 50   MP is 5
            Player #2 HP is 100   MP is 15
[INFO][2021-07-26 19:15:09][Server]User #1 x-Loc=700 y-Loc=300 xHead=0  Act=15 HP=50 MP=5
[INFO][2021-07-26 19:15:09][Server]User #2 x-Loc=650 y-Loc=300 xHead=1  Act=10 HP=100 MP=15
[INFO][2021-07-26 19:15:09][Server]client #1 transferred chunli #7768
[INFO][2021-07-26 19:15:09][Server]User #1 x-Loc=700 y-Loc=300 xHead=0  Act=15 HP=50 MP=5
[INFO][2021-07-26 19:15:09][Server]User #2 x-Loc=650 y-Loc=300 xHead=1  Act=0 HP=100 MP=15
[INFO][2021-07-26 19:15:10][Server]client #1 transferred chunli #7768
[INFO][2021-07-26 19:15:10][Server]Player #2 Attack Player #1. Got Damage 30pts.
        Now Player #1 HP is 20   MP is 6
            Player #2 HP is 100   MP is 3
[INFO][2021-07-26 19:15:10][Server]User #1 x-Loc=700 y-Loc=300 xHead=0  Act=16 HP=20 MP=6
[INFO][2021-07-26 19:15:10][Server]User #2 x-Loc=650 y-Loc=300 xHead=1  Act=12 HP=100 MP=3
[INFO][2021-07-26 19:15:10][Server]client #1 transferred chunli #7768
[INFO][2021-07-26 19:15:10][Server]User #1 x-Loc=700 y-Loc=300 xHead=0  Act=16 HP=20 MP=6
[INFO][2021-07-26 19:15:10][Server]User #2 x-Loc=650 y-Loc=300 xHead=1  Act=0 HP=100 MP=3
[INFO][2021-07-26 19:15:10][Server]client #1 transferred chunli #7768
[INFO][2021-07-26 19:15:10][Server]Player #2 Attack Player #1. Got Damage 10pts.
        Now Player #1 HP is 10   MP is 7
            Player #2 HP is 100   MP is 6
[INFO][2021-07-26 19:15:10][Server]User #1 x-Loc=700 y-Loc=300 xHead=0  Act=17 HP=10 MP=7
[INFO][2021-07-26 19:15:10][Server]User #2 x-Loc=650 y-Loc=300 xHead=1  Act=10 HP=100 MP=6
[INFO][2021-07-26 19:15:10][Server]client #1 transferred chunli #7768
[INFO][2021-07-26 19:15:10][Server]User #1 x-Loc=700 y-Loc=300 xHead=0  Act=17 HP=10 MP=7
[INFO][2021-07-26 19:15:10][Server]User #2 x-Loc=650 y-Loc=300 xHead=1  Act=0 HP=100 MP=6
[INFO][2021-07-26 19:15:14][Server]client #1 transferred chunli #7768
[INFO][2021-07-26 19:15:14][Server]Player #2 Attack Player #1. Got Damage 10pts.
        Now Player #1 HP is 0   MP is 8
            Player #2 HP is 100   MP is 9
[INFO][2021-07-26 19:15:14][Server]User #1 x-Loc=700 y-Loc=300 xHead=0  Act=0 HP=0 MP=8
[INFO][2021-07-26 19:15:14][Server]User #2 x-Loc=650 y-Loc=300 xHead=1  Act=10 HP=100 MP=9
[INFO][2021-07-26 19:15:14][Server]BYE, client 1 ! 
[WARNING][2021-07-26 19:15:14][Server]client 2 Exception ! 
