[INFO][2021-07-24 14:48:14][Server]Server started.
[INFO][2021-07-24 14:48:18][Server]client #0 transferred 春丽 #7917
[INFO][2021-07-24 14:48:25][Server]User #1 x-Loc=0 y-Loc=0 xHead=0  Act=0 HP=100 MP=0
[INFO][2021-07-24 14:48:25][Server]client #0 transferred 春丽 #7917
[INFO][2021-07-24 14:48:25][Server]client #0 transferred 春丽 #7917
[INFO][2021-07-24 14:48:25][Server]client #0 transferred 春丽 #7917
[INFO][2021-07-24 14:48:25][Server]client #0 transferred 春丽 #7917
[INFO][2021-07-24 14:48:26][Server]client #0 transferred 春丽 #7917
[INFO][2021-07-24 14:48:26][Server]client #0 transferred 春丽 #7917
[INFO][2021-07-24 14:48:26][Server]client #0 transferred 春丽 #7917
[INFO][2021-07-24 14:48:26][Server]client #0 transferred 春丽 #7917
[INFO][2021-07-24 14:48:26][Server]client #0 transferred 春丽 #7917
[INFO][2021-07-24 14:48:26][Server]client #0 transferred 春丽 #7917
[INFO][2021-07-24 14:48:26][Server]client #0 transferred 春丽 #7917
[INFO][2021-07-24 14:48:26][Server]client #0 transferred 春丽 #7917
[INFO][2021-07-24 14:48:26][Server]client #0 transferred 春丽 #7917
[INFO][2021-07-24 14:48:26][Server]client #0 transferred 春丽 #7917
[INFO][2021-07-24 14:48:26][Server]client #0 transferred 春丽 #7917
[INFO][2021-07-24 14:48:26][Server]client #0 transferred 春丽 #7917
[INFO][2021-07-24 14:48:26][Server]client #0 transferred 春丽 #7917
[INFO][2021-07-24 14:48:26][Server]client #0 transferred 春丽 #7917
[INFO][2021-07-24 14:48:26][Server]client #0 transferred 春丽 #7917
[INFO][2021-07-24 14:48:26][Server]client #0 transferred 春丽 #7917
[INFO][2021-07-24 14:48:27][Server]client #0 transferred 春丽 #7917
[INFO][2021-07-24 14:48:27][Server]client #0 transferred 春丽 #7917
[INFO][2021-07-24 14:48:27][Server]client #0 transferred 春丽 #7917
[INFO][2021-07-24 14:48:27][Server]client #0 transferred 春丽 #7917
[INFO][2021-07-24 14:48:27][Server]client #0 transferred 春丽 #7917
[INFO][2021-07-24 14:48:27][Server]client #0 transferred 春丽 #7917
[INFO][2021-07-24 14:48:27][Server]client #0 transferred 春丽 #7917
[INFO][2021-07-24 14:48:27][Server]client #0 transferred 春丽 #7917
[WARNING][2021-07-24 14:48:27][Server]client 0 Exception ! 
[INFO][2021-07-24 14:48:27][Server]client #0 transferred 春丽 #7917
[INFO][2021-07-24 14:48:27][Server]client #0 transferred 春丽 #7917
[INFO][2021-07-24 14:48:27][Server]client #0 transferred 春丽 #7917
[INFO][2021-07-24 14:48:27][Server]client #0 transferred 春丽 #7917
[INFO][2021-07-24 14:48:27][Server]client #0 transferred 春丽 #7917
[INFO][2021-07-24 14:48:27][Server]client #0 transferred 春丽 #7917
[INFO][2021-07-24 14:48:27][Server]client #0 transferred 春丽 #7917
[INFO][2021-07-24 14:48:27][Server]client #0 transferred 春丽 #7917
[INFO][2021-07-24 14:48:28][Server]client #0 transferred 春丽 #7917
[INFO][2021-07-24 14:48:28][Server]client #0 transferred 春丽 #7917
[INFO][2021-07-24 14:48:28][Server]client #0 transferred 春丽 #7917
[INFO][2021-07-24 14:48:28][Server]client #0 transferred 春丽 #7917
[INFO][2021-07-24 14:48:28][Server]client #0 transferred 春丽 #7917
[INFO][2021-07-24 14:48:28][Server]client #0 transferred 春丽 #7917
[INFO][2021-07-24 14:48:28][Server]client #0 transferred 春丽 #7917
[INFO][2021-07-24 14:48:28][Server]client #0 transferred 春丽 #7917
[INFO][2021-07-24 14:48:28][Server]client #0 transferred 春丽 #7917
[INFO][2021-07-24 14:48:28][Server]client #0 transferred 春丽 #7917
[INFO][2021-07-24 14:48:28][Server]client #0 transferred 春丽 #7917
[INFO][2021-07-24 14:48:28][Server]client #0 transferred 春丽 #7917
[INFO][2021-07-24 14:48:28][Server]client #0 transferred 春丽 #7917
[INFO][2021-07-24 14:48:28][Server]client #0 transferred 春丽 #7917
[INFO][2021-07-24 14:48:28][Server]client #0 transferred 春丽 #7917
[INFO][2021-07-24 14:48:28][Server]client #0 transferred 春丽 #7917
[INFO][2021-07-24 14:48:29][Server]client #0 transferred 春丽 #7917
[INFO][2021-07-24 14:48:29][Server]client #0 transferred 春丽 #7917
[INFO][2021-07-24 14:48:29][Server]client #0 transferred 春丽 #7917
[INFO][2021-07-24 14:48:29][Server]client #0 transferred 春丽 #7917
[INFO][2021-07-24 14:48:29][Server]client #0 transferred 春丽 #7917
[INFO][2021-07-24 14:48:29][Server]client #0 transferred 春丽 #7917
[INFO][2021-07-24 14:48:29][Server]client #0 transferred 春丽 #7917
[INFO][2021-07-24 14:48:29][Server]client #0 transferred 春丽 #7917
[INFO][2021-07-24 14:48:29][Server]client #0 transferred 春丽 #7917
[INFO][2021-07-24 14:48:29][Server]client #0 transferred 春丽 #7917
[INFO][2021-07-24 14:48:29][Server]client #0 transferred 春丽 #7917
[INFO][2021-07-24 14:48:29][Server]client #0 transferred 春丽 #7917
[INFO][2021-07-24 14:48:29][Server]client #0 transferred 春丽 #7917
[INFO][2021-07-24 14:48:29][Server]client #0 transferred 春丽 #7917
[INFO][2021-07-24 14:48:29][Server]client #0 transferred 春丽 #7917
[INFO][2021-07-24 14:48:29][Server]client #0 transferred 春丽 #7917
[INFO][2021-07-24 14:48:30][Server]client #0 transferred 春丽 #7917
[INFO][2021-07-24 14:48:30][Server]client #0 transferred 春丽 #7917
[INFO][2021-07-24 14:48:30][Server]client #0 transferred 春丽 #7917
[INFO][2021-07-24 14:48:30][Server]client #0 transferred 春丽 #7917
[INFO][2021-07-24 14:48:30][Server]client #0 transferred 春丽 #7917
[INFO][2021-07-24 14:48:30][Server]client #0 transferred 春丽 #7917
[INFO][2021-07-24 14:48:30][Server]client #0 transferred 春丽 #7917
[INFO][2021-07-24 14:48:30][Server]client #0 transferred 春丽 #7917
[INFO][2021-07-24 14:48:30][Server]client #0 transferred 春丽 #7917
[INFO][2021-07-24 14:48:30][Server]client #0 transferred 春丽 #7917
[INFO][2021-07-24 14:48:30][Server]client #0 transferred 春丽 #7917
[INFO][2021-07-24 14:48:30][Server]client #0 transferred 春丽 #7917
[INFO][2021-07-24 14:48:30][Server]client #0 transferred 春丽 #7917
[INFO][2021-07-24 14:48:30][Server]client #0 transferred 春丽 #7917
[INFO][2021-07-24 14:48:30][Server]client #0 transferred 春丽 #7917
[INFO][2021-07-24 14:48:30][Server]client #0 transferred 春丽 #7917
[INFO][2021-07-24 14:48:30][Server]client #0 transferred 春丽 #7917
[INFO][2021-07-24 14:48:31][Server]client #0 transferred 春丽 #7917
[INFO][2021-07-24 14:48:31][Server]client #0 transferred 春丽 #7917
[INFO][2021-07-24 14:48:31][Server]client #0 transferred 春丽 #7917
[INFO][2021-07-24 14:48:31][Server]client #0 transferred 春丽 #7917
[INFO][2021-07-24 14:48:31][Server]client #0 transferred 春丽 #7917
[INFO][2021-07-24 14:48:31][Server]client #0 transferred 春丽 #7917
[INFO][2021-07-24 14:48:31][Server]client #0 transferred 春丽 #7917
[INFO][2021-07-24 14:48:31][Server]client #0 transferred 春丽 #7917
[INFO][2021-07-24 14:48:31][Server]client #0 transferred 春丽 #7917
[INFO][2021-07-24 14:48:31][Server]client #0 transferred 春丽 #7917
[INFO][2021-07-24 14:48:31][Server]client #0 transferred 春丽 #7917
[INFO][2021-07-24 14:48:31][Server]client #0 transferred 春丽 #7917
[INFO][2021-07-24 14:48:31][Server]client #0 transferred 春丽 #7917
[INFO][2021-07-24 14:48:31][Server]client #0 transferred 春丽 #7917
[INFO][2021-07-24 14:48:31][Server]client #0 transferred 春丽 #7917
[INFO][2021-07-24 14:48:31][Server]client #0 transferred 春丽 #7917
[INFO][2021-07-24 14:48:32][Server]client #0 transferred 春丽 #7917
[INFO][2021-07-24 14:48:32][Server]client #0 transferred 春丽 #7917
[INFO][2021-07-24 14:48:32][Server]client #0 transferred 春丽 #7917
[INFO][2021-07-24 14:48:32][Server]client #0 transferred 春丽 #7917
[INFO][2021-07-24 14:48:32][Server]client #0 transferred 春丽 #7917
[INFO][2021-07-24 14:48:32][Server]client #0 transferred 春丽 #7917
[INFO][2021-07-24 14:48:32][Server]client #0 transferred 春丽 #7917
[INFO][2021-07-24 14:48:32][Server]client #0 transferred 春丽 #7917
[INFO][2021-07-24 14:48:32][Server]client #0 transferred 春丽 #7917
[INFO][2021-07-24 14:48:32][Server]client #0 transferred 春丽 #7917
[INFO][2021-07-24 14:48:32][Server]client #0 transferred 春丽 #7917
[INFO][2021-07-24 14:48:32][Server]client #0 transferred 春丽 #7917
[INFO][2021-07-24 14:48:32][Server]client #0 transferred 春丽 #7917
[INFO][2021-07-24 14:48:32][Server]client #0 transferred 春丽 #7917
[INFO][2021-07-24 14:48:32][Server]client #0 transferred 春丽 #7917
[INFO][2021-07-24 14:48:32][Server]client #0 transferred 春丽 #7917
[INFO][2021-07-24 14:48:33][Server]client #0 transferred 春丽 #7917
[INFO][2021-07-24 14:48:33][Server]client #0 transferred 春丽 #7917
[INFO][2021-07-24 14:48:33][Server]client #0 transferred 春丽 #7917
[INFO][2021-07-24 14:48:33][Server]client #0 transferred 春丽 #7917
[INFO][2021-07-24 14:48:33][Server]client #0 transferred 春丽 #7917
[INFO][2021-07-24 14:48:33][Server]client #0 transferred 春丽 #7917
[INFO][2021-07-24 14:48:33][Server]client #0 transferred 春丽 #7917
[INFO][2021-07-24 14:48:33][Server]client #0 transferred 春丽 #7917
[INFO][2021-07-24 14:48:33][Server]client #0 transferred 春丽 #7917
[INFO][2021-07-24 14:48:33][Server]client #0 transferred 春丽 #7917
[INFO][2021-07-24 14:48:33][Server]client #0 transferred 春丽 #7917
[INFO][2021-07-24 14:48:33][Server]client #0 transferred 春丽 #7917
[INFO][2021-07-24 14:48:33][Server]client #0 transferred 春丽 #7917
[INFO][2021-07-24 14:48:33][Server]client #0 transferred 春丽 #7917
[INFO][2021-07-24 14:48:33][Server]client #0 transferred 春丽 #7917
[INFO][2021-07-24 14:48:33][Server]client #0 transferred 春丽 #7917
[INFO][2021-07-24 14:48:34][Server]client #0 transferred 春丽 #7917
[INFO][2021-07-24 14:48:34][Server]client #0 transferred 春丽 #7917
[INFO][2021-07-24 14:48:34][Server]client #0 transferred 春丽 #7917
[INFO][2021-07-24 14:48:34][Server]client #0 transferred 春丽 #7917
[INFO][2021-07-24 14:48:34][Server]client #0 transferred 春丽 #7917
[INFO][2021-07-24 14:48:34][Server]client #0 transferred 春丽 #7917
[INFO][2021-07-24 14:48:34][Server]client #0 transferred 春丽 #7917
[INFO][2021-07-24 14:48:34][Server]client #0 transferred 春丽 #7917
[INFO][2021-07-24 14:48:34][Server]client #0 transferred 春丽 #7917
[INFO][2021-07-24 14:48:34][Server]client #0 transferred 春丽 #7917
[INFO][2021-07-24 14:48:34][Server]client #0 transferred 春丽 #7917
[INFO][2021-07-24 14:48:34][Server]client #0 transferred 春丽 #7917
[INFO][2021-07-24 14:48:34][Server]client #0 transferred 春丽 #7917
[INFO][2021-07-24 14:48:34][Server]client #0 transferred 春丽 #7917
[INFO][2021-07-24 14:48:34][Server]client #0 transferred 春丽 #7917
[INFO][2021-07-24 14:48:34][Server]client #0 transferred 春丽 #7917
[INFO][2021-07-24 14:48:35][Server]client #0 transferred 春丽 #7917
[INFO][2021-07-24 14:48:35][Server]client #0 transferred 春丽 #7917
[INFO][2021-07-24 14:48:35][Server]client #0 transferred 春丽 #7917
[INFO][2021-07-24 14:48:35][Server]client #0 transferred 春丽 #7917
[INFO][2021-07-24 14:48:35][Server]client #0 transferred 春丽 #7917
[INFO][2021-07-24 14:48:35][Server]client #0 transferred 春丽 #7917
[INFO][2021-07-24 14:48:35][Server]client #0 transferred 春丽 #7917
[INFO][2021-07-24 14:48:35][Server]client #0 transferred 春丽 #7917
[INFO][2021-07-24 14:48:35][Server]client #0 transferred 春丽 #7917
[INFO][2021-07-24 14:48:35][Server]client #0 transferred 春丽 #7917
[INFO][2021-07-24 14:48:35][Server]client #0 transferred 春丽 #7917
[INFO][2021-07-24 14:48:35][Server]client #0 transferred 春丽 #7917
[INFO][2021-07-24 14:48:35][Server]client #0 transferred 春丽 #7917
[INFO][2021-07-24 14:48:35][Server]client #0 transferred 春丽 #7917
[INFO][2021-07-24 14:48:35][Server]client #0 transferred 春丽 #7917
[INFO][2021-07-24 14:48:35][Server]client #0 transferred 春丽 #7917
[INFO][2021-07-24 14:48:36][Server]client #0 transferred 春丽 #7917
[INFO][2021-07-24 14:48:36][Server]client #0 transferred 春丽 #7917
[INFO][2021-07-24 14:48:36][Server]client #0 transferred 春丽 #7917
[INFO][2021-07-24 14:48:36][Server]client #0 transferred 春丽 #7917
[INFO][2021-07-24 14:48:36][Server]client #0 transferred 春丽 #7917
[INFO][2021-07-24 14:48:36][Server]client #0 transferred 春丽 #7917
[INFO][2021-07-24 14:48:36][Server]client #0 transferred 春丽 #7917
[INFO][2021-07-24 14:48:36][Server]client #0 transferred 春丽 #7917
[INFO][2021-07-24 14:48:36][Server]client #0 transferred 春丽 #7917
[INFO][2021-07-24 14:48:36][Server]client #0 transferred 春丽 #7917
[INFO][2021-07-24 14:48:36][Server]client #0 transferred 春丽 #7917
[INFO][2021-07-24 14:48:36][Server]client #0 transferred 春丽 #7917
[INFO][2021-07-24 14:48:36][Server]client #0 transferred 春丽 #7917
[INFO][2021-07-24 14:48:36][Server]client #0 transferred 春丽 #7917
[INFO][2021-07-24 14:48:36][Server]client #0 transferred 春丽 #7917
[INFO][2021-07-24 14:48:36][Server]client #0 transferred 春丽 #7917
[INFO][2021-07-24 14:48:37][Server]client #0 transferred 春丽 #7917
[INFO][2021-07-24 14:48:37][Server]client #0 transferred 春丽 #7917
[INFO][2021-07-24 14:48:37][Server]client #0 transferred 春丽 #7917
[INFO][2021-07-24 14:48:37][Server]client #0 transferred 春丽 #7917
[INFO][2021-07-24 14:48:37][Server]client #0 transferred 春丽 #7917
[INFO][2021-07-24 14:48:37][Server]client #0 transferred 春丽 #7917
[INFO][2021-07-24 14:48:37][Server]client #0 transferred 春丽 #7917
[INFO][2021-07-24 14:48:37][Server]client #0 transferred 春丽 #7917
[INFO][2021-07-24 14:48:37][Server]client #0 transferred 春丽 #7917
[INFO][2021-07-24 14:48:37][Server]client #0 transferred 春丽 #7917
[INFO][2021-07-24 14:48:37][Server]client #0 transferred 春丽 #7917
[INFO][2021-07-24 14:48:37][Server]client #0 transferred 春丽 #7917
[INFO][2021-07-24 14:48:37][Server]client #0 transferred 春丽 #7917
[INFO][2021-07-24 14:48:37][Server]client #0 transferred 春丽 #7917
[INFO][2021-07-24 14:48:37][Server]client #0 transferred 春丽 #7917
[INFO][2021-07-24 14:48:37][Server]client #0 transferred 春丽 #7917
[INFO][2021-07-24 14:48:38][Server]client #0 transferred 春丽 #7917
[INFO][2021-07-24 14:48:38][Server]client #0 transferred 春丽 #7917
[INFO][2021-07-24 14:48:38][Server]client #0 transferred 春丽 #7917
[INFO][2021-07-24 14:48:38][Server]client #0 transferred 春丽 #7917
[INFO][2021-07-24 14:48:38][Server]client #0 transferred 春丽 #7917
[INFO][2021-07-24 14:48:38][Server]client #0 transferred 春丽 #7917
[INFO][2021-07-24 14:48:38][Server]client #0 transferred 春丽 #7917
[INFO][2021-07-24 14:48:38][Server]client #0 transferred 春丽 #7917
[INFO][2021-07-24 14:48:38][Server]client #0 transferred 春丽 #7917
[INFO][2021-07-24 14:48:38][Server]client #0 transferred 春丽 #7917
[INFO][2021-07-24 14:48:38][Server]client #0 transferred 春丽 #7917
[INFO][2021-07-24 14:48:38][Server]client #0 transferred 春丽 #7917
[INFO][2021-07-24 14:48:38][Server]client #0 transferred 春丽 #7917
[INFO][2021-07-24 14:48:38][Server]client #0 transferred 春丽 #7917
[INFO][2021-07-24 14:48:38][Server]client #0 transferred 春丽 #7917
[INFO][2021-07-24 14:48:38][Server]client #0 transferred 春丽 #7917
[INFO][2021-07-24 14:48:39][Server]client #0 transferred 春丽 #7917
[INFO][2021-07-24 14:48:39][Server]client #0 transferred 春丽 #7917
[INFO][2021-07-24 14:48:39][Server]client #0 transferred 春丽 #7917
[INFO][2021-07-24 14:48:39][Server]client #0 transferred 春丽 #7917
[INFO][2021-07-24 14:48:39][Server]client #0 transferred 春丽 #7917
[INFO][2021-07-24 14:48:39][Server]client #0 transferred 春丽 #7917
[INFO][2021-07-24 14:48:39][Server]client #0 transferred 春丽 #7917
[INFO][2021-07-24 14:48:39][Server]client #0 transferred 春丽 #7917
[INFO][2021-07-24 14:48:39][Server]client #0 transferred 春丽 #7917
[INFO][2021-07-24 14:48:39][Server]client #0 transferred 春丽 #7917
[INFO][2021-07-24 14:48:39][Server]client #0 transferred 春丽 #7917
[INFO][2021-07-24 14:48:39][Server]client #0 transferred 春丽 #7917
[INFO][2021-07-24 14:48:39][Server]client #0 transferred 春丽 #7917
[INFO][2021-07-24 14:48:39][Server]client #0 transferred 春丽 #7917
[INFO][2021-07-24 14:48:39][Server]client #0 transferred 春丽 #7917
[INFO][2021-07-24 14:48:39][Server]client #0 transferred 春丽 #7917
[INFO][2021-07-24 14:48:40][Server]client #0 transferred 春丽 #7917
[INFO][2021-07-24 14:48:40][Server]client #0 transferred 春丽 #7917
[INFO][2021-07-24 14:48:40][Server]client #0 transferred 春丽 #7917
[INFO][2021-07-24 14:48:40][Server]client #0 transferred 春丽 #7917
[INFO][2021-07-24 14:48:40][Server]client #0 transferred 春丽 #7917
[INFO][2021-07-24 14:48:40][Server]client #0 transferred 春丽 #7917
[INFO][2021-07-24 14:48:40][Server]client #0 transferred 春丽 #7917
[INFO][2021-07-24 14:48:40][Server]client #0 transferred 春丽 #7917
[INFO][2021-07-24 14:48:40][Server]client #0 transferred 春丽 #7917
[INFO][2021-07-24 14:48:40][Server]client #0 transferred 春丽 #7917
[INFO][2021-07-24 14:48:40][Server]client #0 transferred 春丽 #7917
[INFO][2021-07-24 14:48:40][Server]client #0 transferred 春丽 #7917
[INFO][2021-07-24 14:48:40][Server]client #0 transferred 春丽 #7917
[INFO][2021-07-24 14:48:40][Server]client #0 transferred 春丽 #7917
[INFO][2021-07-24 14:48:40][Server]client #0 transferred 春丽 #7917
[INFO][2021-07-24 14:48:40][Server]client #0 transferred 春丽 #7917
[INFO][2021-07-24 14:48:41][Server]client #0 transferred 春丽 #7917
[INFO][2021-07-24 14:48:41][Server]client #0 transferred 春丽 #7917
[INFO][2021-07-24 14:48:41][Server]client #0 transferred 春丽 #7917
[INFO][2021-07-24 14:48:41][Server]client #0 transferred 春丽 #7917
[INFO][2021-07-24 14:48:41][Server]client #0 transferred 春丽 #7917
[INFO][2021-07-24 14:48:41][Server]client #0 transferred 春丽 #7917
[INFO][2021-07-24 14:48:41][Server]client #0 transferred 春丽 #7917
[INFO][2021-07-24 14:48:41][Server]client #0 transferred 春丽 #7917
[INFO][2021-07-24 14:48:41][Server]client #0 transferred 春丽 #7917
[INFO][2021-07-24 14:48:41][Server]client #0 transferred 春丽 #7917
[INFO][2021-07-24 14:48:41][Server]client #0 transferred 春丽 #7917
[INFO][2021-07-24 14:48:41][Server]client #0 transferred 春丽 #7917
[INFO][2021-07-24 14:48:41][Server]client #0 transferred 春丽 #7917
[INFO][2021-07-24 14:48:41][Server]client #0 transferred 春丽 #7917
[INFO][2021-07-24 14:48:41][Server]client #0 transferred 春丽 #7917
[INFO][2021-07-24 14:48:41][Server]client #0 transferred 春丽 #7917
[INFO][2021-07-24 14:48:42][Server]client #0 transferred 春丽 #7917
[INFO][2021-07-24 14:48:42][Server]client #0 transferred 春丽 #7917
[INFO][2021-07-24 14:48:42][Server]client #0 transferred 春丽 #7917
[INFO][2021-07-24 14:48:42][Server]client #0 transferred 春丽 #7917
[INFO][2021-07-24 14:48:42][Server]client #0 transferred 春丽 #7917
[INFO][2021-07-24 14:48:42][Server]client #0 transferred 春丽 #7917
[INFO][2021-07-24 14:48:42][Server]client #0 transferred 春丽 #7917
[INFO][2021-07-24 14:48:42][Server]client #0 transferred 春丽 #7917
[INFO][2021-07-24 14:48:42][Server]client #0 transferred 春丽 #7917
[INFO][2021-07-24 14:48:42][Server]client #0 transferred 春丽 #7917
[INFO][2021-07-24 14:48:42][Server]client #0 transferred 春丽 #7917
[INFO][2021-07-24 14:48:42][Server]client #0 transferred 春丽 #7917
[INFO][2021-07-24 14:48:42][Server]client #0 transferred 春丽 #7917
[INFO][2021-07-24 14:48:42][Server]client #0 transferred 春丽 #7917
[INFO][2021-07-24 14:48:42][Server]client #0 transferred 春丽 #7917
[INFO][2021-07-24 14:48:42][Server]client #0 transferred 春丽 #7917
[INFO][2021-07-24 14:48:43][Server]client #0 transferred 春丽 #7917
[INFO][2021-07-24 14:48:43][Server]client #0 transferred 春丽 #7917
[INFO][2021-07-24 14:48:43][Server]client #0 transferred 春丽 #7917
[INFO][2021-07-24 14:48:43][Server]client #0 transferred 春丽 #7917
[INFO][2021-07-24 14:48:43][Server]client #0 transferred 春丽 #7917
[INFO][2021-07-24 14:48:43][Server]client #0 transferred 春丽 #7917
[INFO][2021-07-24 14:48:43][Server]client #0 transferred 春丽 #7917
[INFO][2021-07-24 14:48:43][Server]client #0 transferred 春丽 #7917
[INFO][2021-07-24 14:48:43][Server]client #0 transferred 春丽 #7917
[INFO][2021-07-24 14:48:43][Server]client #0 transferred 春丽 #7917
[INFO][2021-07-24 14:48:43][Server]client #0 transferred 春丽 #7917
[INFO][2021-07-24 14:48:43][Server]client #0 transferred 春丽 #7917
[INFO][2021-07-24 14:48:43][Server]client #0 transferred 春丽 #7917
[INFO][2021-07-24 14:48:43][Server]client #0 transferred 春丽 #7917
[INFO][2021-07-24 14:48:43][Server]client #0 transferred 春丽 #7917
[INFO][2021-07-24 14:48:43][Server]client #0 transferred 春丽 #7917
[INFO][2021-07-24 14:48:44][Server]client #0 transferred 春丽 #7917
[INFO][2021-07-24 14:48:44][Server]client #0 transferred 春丽 #7917
[INFO][2021-07-24 14:48:44][Server]client #0 transferred 春丽 #7917
[INFO][2021-07-24 14:48:44][Server]client #0 transferred 春丽 #7917
[INFO][2021-07-24 14:48:44][Server]client #0 transferred 春丽 #7917
[INFO][2021-07-24 14:48:44][Server]client #0 transferred 春丽 #7917
[INFO][2021-07-24 14:48:44][Server]client #0 transferred 春丽 #7917
[INFO][2021-07-24 14:48:44][Server]client #0 transferred 春丽 #7917
[INFO][2021-07-24 14:48:44][Server]client #0 transferred 春丽 #7917
[INFO][2021-07-24 14:48:44][Server]client #0 transferred 春丽 #7917
[INFO][2021-07-24 14:48:44][Server]client #0 transferred 春丽 #7917
[INFO][2021-07-24 14:48:44][Server]client #0 transferred 春丽 #7917
[INFO][2021-07-24 14:48:44][Server]client #0 transferred 春丽 #7917
[INFO][2021-07-24 14:48:44][Server]client #0 transferred 春丽 #7917
[INFO][2021-07-24 14:48:44][Server]client #0 transferred 春丽 #7917
[INFO][2021-07-24 14:48:44][Server]client #0 transferred 春丽 #7917
[INFO][2021-07-24 14:48:45][Server]client #0 transferred 春丽 #7917
[INFO][2021-07-24 14:48:45][Server]client #0 transferred 春丽 #7917
[INFO][2021-07-24 14:48:45][Server]client #0 transferred 春丽 #7917
[INFO][2021-07-24 14:48:45][Server]client #0 transferred 春丽 #7917
[INFO][2021-07-24 14:48:45][Server]client #0 transferred 春丽 #7917
[INFO][2021-07-24 14:48:45][Server]client #0 transferred 春丽 #7917
[INFO][2021-07-24 14:48:45][Server]client #0 transferred 春丽 #7917
[INFO][2021-07-24 14:48:45][Server]client #0 transferred 春丽 #7917
[INFO][2021-07-24 14:48:45][Server]client #0 transferred 春丽 #7917
[INFO][2021-07-24 14:48:45][Server]client #0 transferred 春丽 #7917
[INFO][2021-07-24 14:48:45][Server]client #0 transferred 春丽 #7917
[INFO][2021-07-24 14:48:45][Server]client #0 transferred 春丽 #7917
[INFO][2021-07-24 14:48:45][Server]client #0 transferred 春丽 #7917
[INFO][2021-07-24 14:48:45][Server]client #0 transferred 春丽 #7917
[INFO][2021-07-24 14:48:45][Server]client #0 transferred 春丽 #7917
[INFO][2021-07-24 14:48:45][Server]client #0 transferred 春丽 #7917
[INFO][2021-07-24 14:48:46][Server]client #0 transferred 春丽 #7917
[INFO][2021-07-24 14:48:46][Server]client #0 transferred 春丽 #7917
[INFO][2021-07-24 14:48:46][Server]client #0 transferred 春丽 #7917
[INFO][2021-07-24 14:48:46][Server]client #0 transferred 春丽 #7917
[INFO][2021-07-24 14:48:46][Server]client #0 transferred 春丽 #7917
[INFO][2021-07-24 14:48:46][Server]client #0 transferred 春丽 #7917
[INFO][2021-07-24 14:48:46][Server]client #0 transferred 春丽 #7917
[INFO][2021-07-24 14:48:46][Server]client #0 transferred 春丽 #7917
[INFO][2021-07-24 14:48:46][Server]client #0 transferred 春丽 #7917
[INFO][2021-07-24 14:48:46][Server]client #0 transferred 春丽 #7917
[INFO][2021-07-24 14:48:46][Server]client #0 transferred 春丽 #7917
[INFO][2021-07-24 14:48:46][Server]client #0 transferred 春丽 #7917
[INFO][2021-07-24 14:48:46][Server]client #0 transferred 春丽 #7917
[INFO][2021-07-24 14:48:46][Server]client #0 transferred 春丽 #7917
[INFO][2021-07-24 14:48:46][Server]client #0 transferred 春丽 #7917
[INFO][2021-07-24 14:48:46][Server]client #0 transferred 春丽 #7917
[INFO][2021-07-24 14:48:47][Server]client #0 transferred 春丽 #7917
[INFO][2021-07-24 14:48:47][Server]client #0 transferred 春丽 #7917
[INFO][2021-07-24 14:48:47][Server]client #0 transferred 春丽 #7917
[INFO][2021-07-24 14:48:47][Server]client #0 transferred 春丽 #7917
[INFO][2021-07-24 14:48:47][Server]client #0 transferred 春丽 #7917
[INFO][2021-07-24 14:48:47][Server]client #0 transferred 春丽 #7917
[INFO][2021-07-24 14:48:47][Server]client #0 transferred 春丽 #7917
[INFO][2021-07-24 14:48:47][Server]client #0 transferred 春丽 #7917
[INFO][2021-07-24 14:48:47][Server]client #0 transferred 春丽 #7917
[INFO][2021-07-24 14:48:47][Server]client #0 transferred 春丽 #7917
[INFO][2021-07-24 14:48:47][Server]client #0 transferred 春丽 #7917
[INFO][2021-07-24 14:48:47][Server]client #0 transferred 春丽 #7917
[INFO][2021-07-24 14:48:47][Server]client #0 transferred 春丽 #7917
[INFO][2021-07-24 14:48:47][Server]client #0 transferred 春丽 #7917
[INFO][2021-07-24 14:48:47][Server]client #0 transferred 春丽 #7917
[INFO][2021-07-24 14:48:47][Server]client #0 transferred 春丽 #7917
[INFO][2021-07-24 14:48:48][Server]client #0 transferred 春丽 #7917
[INFO][2021-07-24 14:48:48][Server]client #0 transferred 春丽 #7917
[INFO][2021-07-24 14:48:48][Server]client #0 transferred 春丽 #7917
[INFO][2021-07-24 14:48:48][Server]client #0 transferred 春丽 #7917
[INFO][2021-07-24 14:48:48][Server]client #0 transferred 春丽 #7917
[INFO][2021-07-24 14:48:48][Server]client #0 transferred 春丽 #7917
[INFO][2021-07-24 14:48:48][Server]client #0 transferred 春丽 #7917
[INFO][2021-07-24 14:48:48][Server]client #0 transferred 春丽 #7917
[INFO][2021-07-24 14:48:48][Server]client #0 transferred 春丽 #7917
[INFO][2021-07-24 14:48:48][Server]client #0 transferred 春丽 #7917
[INFO][2021-07-24 14:48:48][Server]client #0 transferred 春丽 #7917
[INFO][2021-07-24 14:48:48][Server]client #0 transferred 春丽 #7917
[INFO][2021-07-24 14:48:48][Server]client #0 transferred 春丽 #7917
[INFO][2021-07-24 14:48:48][Server]client #0 transferred 春丽 #7917
[INFO][2021-07-24 14:48:48][Server]client #0 transferred 春丽 #7917
[INFO][2021-07-24 14:48:48][Server]client #0 transferred 春丽 #7917
[INFO][2021-07-24 14:48:49][Server]client #0 transferred 春丽 #7917
[INFO][2021-07-24 14:48:49][Server]client #0 transferred 春丽 #7917
[INFO][2021-07-24 14:48:49][Server]client #0 transferred 春丽 #7917
[INFO][2021-07-24 14:48:49][Server]client #0 transferred 春丽 #7917
[INFO][2021-07-24 14:48:49][Server]client #0 transferred 春丽 #7917
[INFO][2021-07-24 14:48:49][Server]client #0 transferred 春丽 #7917
[INFO][2021-07-24 14:48:49][Server]client #0 transferred 春丽 #7917
[INFO][2021-07-24 14:48:49][Server]client #0 transferred 春丽 #7917
[INFO][2021-07-24 14:48:49][Server]client #0 transferred 春丽 #7917
[INFO][2021-07-24 14:48:49][Server]client #0 transferred 春丽 #7917
[INFO][2021-07-24 14:48:49][Server]client #0 transferred 春丽 #7917
[INFO][2021-07-24 14:48:49][Server]client #0 transferred 春丽 #7917
[INFO][2021-07-24 14:48:49][Server]client #0 transferred 春丽 #7917
[INFO][2021-07-24 14:48:49][Server]client #0 transferred 春丽 #7917
[INFO][2021-07-24 14:48:49][Server]client #0 transferred 春丽 #7917
[INFO][2021-07-24 14:48:49][Server]client #0 transferred 春丽 #7917
[INFO][2021-07-24 14:48:50][Server]client #0 transferred 春丽 #7917
[INFO][2021-07-24 14:48:50][Server]client #0 transferred 春丽 #7917
[INFO][2021-07-24 14:48:50][Server]client #0 transferred 春丽 #7917
[INFO][2021-07-24 14:48:50][Server]client #0 transferred 春丽 #7917
[INFO][2021-07-24 14:48:50][Server]client #0 transferred 春丽 #7917
[INFO][2021-07-24 14:48:50][Server]client #0 transferred 春丽 #7917
[INFO][2021-07-24 14:48:50][Server]client #0 transferred 春丽 #7917
[INFO][2021-07-24 14:48:50][Server]client #0 transferred 春丽 #7917
[INFO][2021-07-24 14:48:50][Server]client #0 transferred 春丽 #7917
[INFO][2021-07-24 14:48:50][Server]client #0 transferred 春丽 #7917
[INFO][2021-07-24 14:48:50][Server]client #0 transferred 春丽 #7917
[INFO][2021-07-24 14:48:50][Server]client #0 transferred 春丽 #7917
[INFO][2021-07-24 14:48:50][Server]client #0 transferred 春丽 #7917
[INFO][2021-07-24 14:48:50][Server]client #0 transferred 春丽 #7917
[INFO][2021-07-24 14:48:50][Server]client #0 transferred 春丽 #7917
[INFO][2021-07-24 14:48:50][Server]client #0 transferred 春丽 #7917
[INFO][2021-07-24 14:48:51][Server]client #0 transferred 春丽 #7917
[INFO][2021-07-24 14:48:51][Server]client #0 transferred 春丽 #7917
[INFO][2021-07-24 14:48:51][Server]client #0 transferred 春丽 #7917
[INFO][2021-07-24 14:48:51][Server]client #0 transferred 春丽 #7917
[INFO][2021-07-24 14:48:51][Server]client #0 transferred 春丽 #7917
[INFO][2021-07-24 14:48:51][Server]client #0 transferred 春丽 #7917
[INFO][2021-07-24 14:48:51][Server]client #0 transferred 春丽 #7917
[INFO][2021-07-24 14:48:51][Server]client #0 transferred 春丽 #7917
[INFO][2021-07-24 14:48:51][Server]client #0 transferred 春丽 #7917
[INFO][2021-07-24 14:48:51][Server]client #0 transferred 春丽 #7917
[INFO][2021-07-24 14:48:51][Server]client #0 transferred 春丽 #7917
[INFO][2021-07-24 14:48:51][Server]client #0 transferred 春丽 #7917
[INFO][2021-07-24 14:48:51][Server]client #0 transferred 春丽 #7917
[INFO][2021-07-24 14:48:51][Server]client #0 transferred 春丽 #7917
[INFO][2021-07-24 14:48:51][Server]client #0 transferred 春丽 #7917
[INFO][2021-07-24 14:48:51][Server]client #0 transferred 春丽 #7917
[INFO][2021-07-24 14:48:52][Server]client #0 transferred 春丽 #7917
[INFO][2021-07-24 14:48:52][Server]client #0 transferred 春丽 #7917
[INFO][2021-07-24 14:48:52][Server]client #0 transferred 春丽 #7917
[INFO][2021-07-24 14:48:52][Server]client #0 transferred 春丽 #7917
[INFO][2021-07-24 14:48:52][Server]client #0 transferred 春丽 #7917
[INFO][2021-07-24 14:48:52][Server]client #0 transferred 春丽 #7917
[INFO][2021-07-24 14:48:52][Server]client #0 transferred 春丽 #7917
[INFO][2021-07-24 14:48:52][Server]client #0 transferred 春丽 #7917
[INFO][2021-07-24 14:48:52][Server]client #0 transferred 春丽 #7917
[INFO][2021-07-24 14:48:52][Server]client #0 transferred 春丽 #7917
[INFO][2021-07-24 14:48:52][Server]client #0 transferred 春丽 #7917
[INFO][2021-07-24 14:48:52][Server]client #0 transferred 春丽 #7917
[INFO][2021-07-24 14:48:52][Server]client #0 transferred 春丽 #7917
[INFO][2021-07-24 14:48:52][Server]client #0 transferred 春丽 #7917
[INFO][2021-07-24 14:48:52][Server]client #0 transferred 春丽 #7917
[INFO][2021-07-24 14:48:52][Server]client #0 transferred 春丽 #7917
[INFO][2021-07-24 14:48:52][Server]client #0 transferred 春丽 #7917
[INFO][2021-07-24 14:48:53][Server]client #0 transferred 春丽 #7917
[INFO][2021-07-24 14:48:53][Server]client #0 transferred 春丽 #7917
[INFO][2021-07-24 14:48:53][Server]client #0 transferred 春丽 #7917
[INFO][2021-07-24 14:48:53][Server]client #0 transferred 春丽 #7917
[INFO][2021-07-24 14:48:53][Server]client #0 transferred 春丽 #7917
[INFO][2021-07-24 14:48:53][Server]client #0 transferred 春丽 #7917
[INFO][2021-07-24 14:48:53][Server]client #0 transferred 春丽 #7917
[INFO][2021-07-24 14:48:53][Server]client #0 transferred 春丽 #7917
[INFO][2021-07-24 14:48:53][Server]client #0 transferred 春丽 #7917
[INFO][2021-07-24 14:48:53][Server]client #0 transferred 春丽 #7917
[INFO][2021-07-24 14:48:53][Server]client #0 transferred 春丽 #7917
[INFO][2021-07-24 14:48:53][Server]client #0 transferred 春丽 #7917
[INFO][2021-07-24 14:48:53][Server]client #0 transferred 春丽 #7917
[INFO][2021-07-24 14:48:53][Server]client #0 transferred 春丽 #7917
[INFO][2021-07-24 14:48:53][Server]client #0 transferred 春丽 #7917
[INFO][2021-07-24 14:48:53][Server]client #0 transferred 春丽 #7917
[INFO][2021-07-24 14:48:54][Server]client #0 transferred 春丽 #7917
[INFO][2021-07-24 14:48:54][Server]client #0 transferred 春丽 #7917
[INFO][2021-07-24 14:48:54][Server]client #0 transferred 春丽 #7917
[INFO][2021-07-24 14:48:54][Server]client #0 transferred 春丽 #7917
[INFO][2021-07-24 14:48:54][Server]client #0 transferred 春丽 #7917
[INFO][2021-07-24 14:48:54][Server]client #0 transferred 春丽 #7917
[INFO][2021-07-24 14:48:54][Server]client #0 transferred 春丽 #7917
[INFO][2021-07-24 14:48:54][Server]client #0 transferred 春丽 #7917
[INFO][2021-07-24 14:48:54][Server]client #0 transferred 春丽 #7917
[INFO][2021-07-24 14:48:54][Server]client #0 transferred 春丽 #7917
[INFO][2021-07-24 14:48:54][Server]client #0 transferred 春丽 #7917
[INFO][2021-07-24 14:48:54][Server]client #0 transferred 春丽 #7917
[INFO][2021-07-24 14:48:54][Server]client #0 transferred 春丽 #7917
[INFO][2021-07-24 14:48:54][Server]client #0 transferred 春丽 #7917
[INFO][2021-07-24 14:48:54][Server]client #0 transferred 春丽 #7917
[INFO][2021-07-24 14:48:54][Server]client #0 transferred 春丽 #7917
[INFO][2021-07-24 14:48:55][Server]client #0 transferred 春丽 #7917
[INFO][2021-07-24 14:48:55][Server]client #0 transferred 春丽 #7917
[INFO][2021-07-24 14:48:55][Server]client #0 transferred 春丽 #7917
[INFO][2021-07-24 14:48:55][Server]client #0 transferred 春丽 #7917
[INFO][2021-07-24 14:48:55][Server]client #0 transferred 春丽 #7917
[INFO][2021-07-24 14:48:55][Server]client #0 transferred 春丽 #7917
[INFO][2021-07-24 14:48:55][Server]client #0 transferred 春丽 #7917
[INFO][2021-07-24 14:48:55][Server]client #0 transferred 春丽 #7917
[INFO][2021-07-24 14:48:55][Server]client #0 transferred 春丽 #7917
[INFO][2021-07-24 14:48:55][Server]client #0 transferred 春丽 #7917
[INFO][2021-07-24 14:48:55][Server]client #0 transferred 春丽 #7917
[INFO][2021-07-24 14:48:55][Server]client #0 transferred 春丽 #7917
[INFO][2021-07-24 14:48:55][Server]client #0 transferred 春丽 #7917
[INFO][2021-07-24 14:48:55][Server]client #0 transferred 春丽 #7917
[INFO][2021-07-24 14:48:55][Server]client #0 transferred 春丽 #7917
[INFO][2021-07-24 14:48:55][Server]client #0 transferred 春丽 #7917
[INFO][2021-07-24 14:48:56][Server]client #0 transferred 春丽 #7917
[INFO][2021-07-24 14:48:56][Server]client #0 transferred 春丽 #7917
[INFO][2021-07-24 14:48:56][Server]client #0 transferred 春丽 #7917
[INFO][2021-07-24 14:48:56][Server]client #0 transferred 春丽 #7917
[INFO][2021-07-24 14:48:56][Server]client #0 transferred 春丽 #7917
[INFO][2021-07-24 14:48:56][Server]client #0 transferred 春丽 #7917
[INFO][2021-07-24 14:48:56][Server]client #0 transferred 春丽 #7917
[INFO][2021-07-24 14:48:56][Server]client #0 transferred 春丽 #7917
[INFO][2021-07-24 14:48:56][Server]client #0 transferred 春丽 #7917
[INFO][2021-07-24 14:48:56][Server]client #0 transferred 春丽 #7917
[INFO][2021-07-24 14:48:56][Server]client #0 transferred 春丽 #7917
[INFO][2021-07-24 14:48:56][Server]client #0 transferred 春丽 #7917
[INFO][2021-07-24 14:48:56][Server]client #0 transferred 春丽 #7917
[INFO][2021-07-24 14:48:56][Server]client #0 transferred 春丽 #7917
[INFO][2021-07-24 14:48:56][Server]client #0 transferred 春丽 #7917
[INFO][2021-07-24 14:48:56][Server]client #0 transferred 春丽 #7917
[INFO][2021-07-24 14:48:57][Server]client #0 transferred 春丽 #7917
[INFO][2021-07-24 14:48:57][Server]client #0 transferred 春丽 #7917
[INFO][2021-07-24 14:48:57][Server]client #0 transferred 春丽 #7917
[INFO][2021-07-24 14:48:57][Server]client #0 transferred 春丽 #7917
[INFO][2021-07-24 14:48:57][Server]client #0 transferred 春丽 #7917
[INFO][2021-07-24 14:48:57][Server]client #0 transferred 春丽 #7917
[INFO][2021-07-24 14:48:57][Server]client #0 transferred 春丽 #7917
[INFO][2021-07-24 14:48:57][Server]client #0 transferred 春丽 #7917
[INFO][2021-07-24 14:48:57][Server]client #0 transferred 春丽 #7917
[INFO][2021-07-24 14:48:57][Server]client #0 transferred 春丽 #7917
[INFO][2021-07-24 14:48:57][Server]client #0 transferred 春丽 #7917
[INFO][2021-07-24 14:48:57][Server]client #0 transferred 春丽 #7917
[INFO][2021-07-24 14:48:57][Server]client #0 transferred 春丽 #7917
[INFO][2021-07-24 14:48:57][Server]client #0 transferred 春丽 #7917
[INFO][2021-07-24 14:48:57][Server]client #0 transferred 春丽 #7917
[INFO][2021-07-24 14:48:57][Server]client #0 transferred 春丽 #7917
[INFO][2021-07-24 14:48:58][Server]client #0 transferred 春丽 #7917
[INFO][2021-07-24 14:48:58][Server]client #0 transferred 春丽 #7917
[INFO][2021-07-24 14:48:58][Server]client #0 transferred 春丽 #7917
[INFO][2021-07-24 14:48:58][Server]client #0 transferred 春丽 #7917
[INFO][2021-07-24 14:48:58][Server]client #0 transferred 春丽 #7917
[INFO][2021-07-24 14:48:58][Server]client #0 transferred 春丽 #7917
[INFO][2021-07-24 14:48:58][Server]client #0 transferred 春丽 #7917
[INFO][2021-07-24 14:48:58][Server]client #0 transferred 春丽 #7917
[INFO][2021-07-24 14:48:58][Server]client #0 transferred 春丽 #7917
[INFO][2021-07-24 14:48:58][Server]client #0 transferred 春丽 #7917
[INFO][2021-07-24 14:48:58][Server]client #0 transferred 春丽 #7917
[INFO][2021-07-24 14:48:58][Server]client #0 transferred 春丽 #7917
[INFO][2021-07-24 14:48:58][Server]client #0 transferred 春丽 #7917
[INFO][2021-07-24 14:48:58][Server]client #0 transferred 春丽 #7917
[INFO][2021-07-24 14:48:58][Server]client #0 transferred 春丽 #7917
[INFO][2021-07-24 14:48:58][Server]client #0 transferred 春丽 #7917
[INFO][2021-07-24 14:48:59][Server]client #0 transferred 春丽 #7917
[INFO][2021-07-24 14:48:59][Server]client #0 transferred 春丽 #7917
[INFO][2021-07-24 14:48:59][Server]client #0 transferred 春丽 #7917
[INFO][2021-07-24 14:48:59][Server]client #0 transferred 春丽 #7917
[INFO][2021-07-24 14:48:59][Server]client #0 transferred 春丽 #7917
[INFO][2021-07-24 14:48:59][Server]client #0 transferred 春丽 #7917
[INFO][2021-07-24 14:48:59][Server]client #0 transferred 春丽 #7917
[INFO][2021-07-24 14:48:59][Server]client #0 transferred 春丽 #7917
[INFO][2021-07-24 14:48:59][Server]client #0 transferred 春丽 #7917
[INFO][2021-07-24 14:48:59][Server]client #0 transferred 春丽 #7917
[INFO][2021-07-24 14:48:59][Server]client #0 transferred 春丽 #7917
[INFO][2021-07-24 14:48:59][Server]client #0 transferred 春丽 #7917
[INFO][2021-07-24 14:48:59][Server]client #0 transferred 春丽 #7917
[INFO][2021-07-24 14:48:59][Server]client #0 transferred 春丽 #7917
[INFO][2021-07-24 14:48:59][Server]client #0 transferred 春丽 #7917
[INFO][2021-07-24 14:48:59][Server]client #0 transferred 春丽 #7917
[INFO][2021-07-24 14:49:00][Server]client #0 transferred 春丽 #7917
[INFO][2021-07-24 14:49:00][Server]client #0 transferred 春丽 #7917
[INFO][2021-07-24 14:49:00][Server]client #0 transferred 春丽 #7917
[INFO][2021-07-24 14:49:00][Server]client #0 transferred 春丽 #7917
[INFO][2021-07-24 14:49:00][Server]client #0 transferred 春丽 #7917
[INFO][2021-07-24 14:49:00][Server]client #0 transferred 春丽 #7917
[INFO][2021-07-24 14:49:00][Server]client #0 transferred 春丽 #7917
[INFO][2021-07-24 14:49:00][Server]client #0 transferred 春丽 #7917
[INFO][2021-07-24 14:49:00][Server]client #0 transferred 春丽 #7917
[INFO][2021-07-24 14:49:00][Server]client #0 transferred 春丽 #7917
[INFO][2021-07-24 14:49:00][Server]client #0 transferred 春丽 #7917
[INFO][2021-07-24 14:49:00][Server]client #0 transferred 春丽 #7917
[INFO][2021-07-24 14:49:00][Server]client #0 transferred 春丽 #7917
[INFO][2021-07-24 14:49:00][Server]client #0 transferred 春丽 #7917
[INFO][2021-07-24 14:49:00][Server]client #0 transferred 春丽 #7917
[INFO][2021-07-24 14:49:00][Server]client #0 transferred 春丽 #7917
[INFO][2021-07-24 14:49:01][Server]client #0 transferred 春丽 #7917
[INFO][2021-07-24 14:49:01][Server]client #0 transferred 春丽 #7917
[INFO][2021-07-24 14:49:01][Server]client #0 transferred 春丽 #7917
[INFO][2021-07-24 14:49:01][Server]client #0 transferred 春丽 #7917
[INFO][2021-07-24 14:49:01][Server]client #0 transferred 春丽 #7917
[INFO][2021-07-24 14:49:01][Server]client #0 transferred 春丽 #7917
[INFO][2021-07-24 14:49:01][Server]client #0 transferred 春丽 #7917
[INFO][2021-07-24 14:49:01][Server]client #0 transferred 春丽 #7917
[INFO][2021-07-24 14:49:01][Server]client #0 transferred 春丽 #7917
[INFO][2021-07-24 14:49:01][Server]client #0 transferred 春丽 #7917
[INFO][2021-07-24 14:49:01][Server]client #0 transferred 春丽 #7917
[INFO][2021-07-24 14:49:01][Server]client #0 transferred 春丽 #7917
[INFO][2021-07-24 14:49:01][Server]client #0 transferred 春丽 #7917
[INFO][2021-07-24 14:49:01][Server]client #0 transferred 春丽 #7917
[INFO][2021-07-24 14:49:01][Server]client #0 transferred 春丽 #7917
[INFO][2021-07-24 14:49:01][Server]client #0 transferred 春丽 #7917
[INFO][2021-07-24 14:49:02][Server]client #0 transferred 春丽 #7917
[INFO][2021-07-24 14:49:02][Server]client #0 transferred 春丽 #7917
[INFO][2021-07-24 14:49:02][Server]client #0 transferred 春丽 #7917
[INFO][2021-07-24 14:49:02][Server]client #0 transferred 春丽 #7917
[INFO][2021-07-24 14:49:02][Server]client #0 transferred 春丽 #7917
[INFO][2021-07-24 14:49:02][Server]client #0 transferred 春丽 #7917
[INFO][2021-07-24 14:49:02][Server]client #0 transferred 春丽 #7917
[INFO][2021-07-24 14:49:02][Server]client #0 transferred 春丽 #7917
[INFO][2021-07-24 14:49:02][Server]client #0 transferred 春丽 #7917
[INFO][2021-07-24 14:49:02][Server]client #0 transferred 春丽 #7917
[INFO][2021-07-24 14:49:02][Server]client #0 transferred 春丽 #7917
[INFO][2021-07-24 14:49:02][Server]client #0 transferred 春丽 #7917
[INFO][2021-07-24 14:49:02][Server]client #0 transferred 春丽 #7917
[INFO][2021-07-24 14:49:02][Server]client #0 transferred 春丽 #7917
[INFO][2021-07-24 14:49:02][Server]client #0 transferred 春丽 #7917
[INFO][2021-07-24 14:49:02][Server]client #0 transferred 春丽 #7917
[INFO][2021-07-24 14:49:03][Server]client #0 transferred 春丽 #7917
[INFO][2021-07-24 14:49:03][Server]client #0 transferred 春丽 #7917
[INFO][2021-07-24 14:49:03][Server]client #0 transferred 春丽 #7917
[INFO][2021-07-24 14:49:03][Server]client #0 transferred 春丽 #7917
[INFO][2021-07-24 14:49:03][Server]client #0 transferred 春丽 #7917
[INFO][2021-07-24 14:49:03][Server]client #0 transferred 春丽 #7917
[INFO][2021-07-24 14:49:03][Server]client #0 transferred 春丽 #7917
[INFO][2021-07-24 14:49:03][Server]client #0 transferred 春丽 #7917
[INFO][2021-07-24 14:49:03][Server]client #0 transferred 春丽 #7917
[INFO][2021-07-24 14:49:03][Server]client #0 transferred 春丽 #7917
[INFO][2021-07-24 14:49:03][Server]client #0 transferred 春丽 #7917
[INFO][2021-07-24 14:49:03][Server]client #0 transferred 春丽 #7917
[INFO][2021-07-24 14:49:03][Server]client #0 transferred 春丽 #7917
[INFO][2021-07-24 14:49:03][Server]client #0 transferred 春丽 #7917
[INFO][2021-07-24 14:49:03][Server]client #0 transferred 春丽 #7917
[INFO][2021-07-24 14:49:03][Server]client #0 transferred 春丽 #7917
[INFO][2021-07-24 14:49:04][Server]client #0 transferred 春丽 #7917
[INFO][2021-07-24 14:49:04][Server]client #0 transferred 春丽 #7917
[INFO][2021-07-24 14:49:04][Server]client #0 transferred 春丽 #7917
[INFO][2021-07-24 14:49:04][Server]client #0 transferred 春丽 #7917
[INFO][2021-07-24 14:49:04][Server]client #0 transferred 春丽 #7917
[INFO][2021-07-24 14:49:04][Server]client #0 transferred 春丽 #7917
[INFO][2021-07-24 14:49:04][Server]client #0 transferred 春丽 #7917
[INFO][2021-07-24 14:49:04][Server]client #0 transferred 春丽 #7917
[INFO][2021-07-24 14:49:04][Server]client #0 transferred 春丽 #7917
[INFO][2021-07-24 14:49:04][Server]client #0 transferred 春丽 #7917
[INFO][2021-07-24 14:49:04][Server]client #0 transferred 春丽 #7917
[INFO][2021-07-24 14:49:04][Server]client #0 transferred 春丽 #7917
[INFO][2021-07-24 14:49:04][Server]client #0 transferred 春丽 #7917
[INFO][2021-07-24 14:49:04][Server]client #0 transferred 春丽 #7917
[INFO][2021-07-24 14:49:04][Server]client #0 transferred 春丽 #7917
[INFO][2021-07-24 14:49:04][Server]client #0 transferred 春丽 #7917
[INFO][2021-07-24 14:49:05][Server]client #0 transferred 春丽 #7917
[INFO][2021-07-24 14:49:05][Server]client #0 transferred 春丽 #7917
[INFO][2021-07-24 14:49:05][Server]client #0 transferred 春丽 #7917
[INFO][2021-07-24 14:49:05][Server]client #0 transferred 春丽 #7917
[INFO][2021-07-24 14:49:05][Server]client #0 transferred 春丽 #7917
[INFO][2021-07-24 14:49:05][Server]client #0 transferred 春丽 #7917
[INFO][2021-07-24 14:49:05][Server]client #0 transferred 春丽 #7917
[INFO][2021-07-24 14:49:05][Server]client #0 transferred 春丽 #7917
[INFO][2021-07-24 14:49:05][Server]client #0 transferred 春丽 #7917
[INFO][2021-07-24 14:49:05][Server]client #0 transferred 春丽 #7917
[INFO][2021-07-24 14:49:05][Server]client #0 transferred 春丽 #7917
[INFO][2021-07-24 14:49:05][Server]client #0 transferred 春丽 #7917
[INFO][2021-07-24 14:49:05][Server]client #0 transferred 春丽 #7917
[INFO][2021-07-24 14:49:05][Server]client #0 transferred 春丽 #7917
[INFO][2021-07-24 14:49:05][Server]client #0 transferred 春丽 #7917
[INFO][2021-07-24 14:49:05][Server]client #0 transferred 春丽 #7917
[INFO][2021-07-24 14:49:06][Server]client #0 transferred 春丽 #7917
[INFO][2021-07-24 14:49:06][Server]client #0 transferred 春丽 #7917
[INFO][2021-07-24 14:49:06][Server]client #0 transferred 春丽 #7917
[INFO][2021-07-24 14:49:06][Server]client #0 transferred 春丽 #7917
[INFO][2021-07-24 14:49:06][Server]client #0 transferred 春丽 #7917
[INFO][2021-07-24 14:49:06][Server]client #0 transferred 春丽 #7917
[INFO][2021-07-24 14:49:06][Server]client #0 transferred 春丽 #7917
[INFO][2021-07-24 14:49:06][Server]client #0 transferred 春丽 #7917
[INFO][2021-07-24 14:49:06][Server]client #0 transferred 春丽 #7917
[INFO][2021-07-24 14:49:06][Server]client #0 transferred 春丽 #7917
[INFO][2021-07-24 14:49:06][Server]client #0 transferred 春丽 #7917
[INFO][2021-07-24 14:49:06][Server]client #0 transferred 春丽 #7917
[INFO][2021-07-24 14:49:06][Server]client #0 transferred 春丽 #7917
[INFO][2021-07-24 14:49:06][Server]client #0 transferred 春丽 #7917
[INFO][2021-07-24 14:49:06][Server]client #0 transferred 春丽 #7917
[INFO][2021-07-24 14:49:06][Server]client #0 transferred 春丽 #7917
[INFO][2021-07-24 14:49:07][Server]client #0 transferred 春丽 #7917
[INFO][2021-07-24 14:49:07][Server]client #0 transferred 春丽 #7917
[INFO][2021-07-24 14:49:07][Server]client #0 transferred 春丽 #7917
[INFO][2021-07-24 14:49:07][Server]client #0 transferred 春丽 #7917
[INFO][2021-07-24 14:49:07][Server]client #0 transferred 春丽 #7917
[INFO][2021-07-24 14:49:07][Server]client #0 transferred 春丽 #7917
[INFO][2021-07-24 14:49:07][Server]client #0 transferred 春丽 #7917
[INFO][2021-07-24 14:49:07][Server]client #0 transferred 春丽 #7917
[INFO][2021-07-24 14:49:07][Server]client #0 transferred 春丽 #7917
[INFO][2021-07-24 14:49:07][Server]client #0 transferred 春丽 #7917
[INFO][2021-07-24 14:49:07][Server]client #0 transferred 春丽 #7917
[INFO][2021-07-24 14:49:07][Server]client #0 transferred 春丽 #7917
[INFO][2021-07-24 14:49:07][Server]client #0 transferred 春丽 #7917
[INFO][2021-07-24 14:49:07][Server]client #0 transferred 春丽 #7917
[INFO][2021-07-24 14:49:07][Server]client #0 transferred 春丽 #7917
[INFO][2021-07-24 14:49:07][Server]client #0 transferred 春丽 #7917
[INFO][2021-07-24 14:49:08][Server]client #0 transferred 春丽 #7917
[INFO][2021-07-24 14:49:08][Server]client #0 transferred 春丽 #7917
[INFO][2021-07-24 14:49:08][Server]client #0 transferred 春丽 #7917
[INFO][2021-07-24 14:49:08][Server]client #0 transferred 春丽 #7917
[INFO][2021-07-24 14:49:08][Server]client #0 transferred 春丽 #7917
[INFO][2021-07-24 14:49:08][Server]client #0 transferred 春丽 #7917
[INFO][2021-07-24 14:49:08][Server]client #0 transferred 春丽 #7917
[INFO][2021-07-24 14:49:08][Server]client #0 transferred 春丽 #7917
[INFO][2021-07-24 14:49:08][Server]client #0 transferred 春丽 #7917
[INFO][2021-07-24 14:49:08][Server]client #0 transferred 春丽 #7917
[INFO][2021-07-24 14:49:08][Server]client #0 transferred 春丽 #7917
[INFO][2021-07-24 14:49:08][Server]client #0 transferred 春丽 #7917
[INFO][2021-07-24 14:49:08][Server]client #0 transferred 春丽 #7917
[INFO][2021-07-24 14:49:08][Server]client #0 transferred 春丽 #7917
[INFO][2021-07-24 14:49:08][Server]client #0 transferred 春丽 #7917
[INFO][2021-07-24 14:49:08][Server]client #0 transferred 春丽 #7917
[INFO][2021-07-24 14:49:09][Server]client #0 transferred 春丽 #7917
[INFO][2021-07-24 14:49:09][Server]client #0 transferred 春丽 #7917
[INFO][2021-07-24 14:49:09][Server]client #0 transferred 春丽 #7917
[INFO][2021-07-24 14:49:09][Server]client #0 transferred 春丽 #7917
[INFO][2021-07-24 14:49:09][Server]client #0 transferred 春丽 #7917
[INFO][2021-07-24 14:49:09][Server]client #0 transferred 春丽 #7917
[INFO][2021-07-24 14:49:09][Server]client #0 transferred 春丽 #7917
[INFO][2021-07-24 14:49:09][Server]client #0 transferred 春丽 #7917
[INFO][2021-07-24 14:49:09][Server]client #0 transferred 春丽 #7917
[INFO][2021-07-24 14:49:09][Server]client #0 transferred 春丽 #7917
[INFO][2021-07-24 14:49:09][Server]client #0 transferred 春丽 #7917
[INFO][2021-07-24 14:49:09][Server]client #0 transferred 春丽 #7917
[INFO][2021-07-24 14:49:09][Server]client #0 transferred 春丽 #7917
[INFO][2021-07-24 14:49:09][Server]client #0 transferred 春丽 #7917
[INFO][2021-07-24 14:49:09][Server]client #0 transferred 春丽 #7917
[INFO][2021-07-24 14:49:09][Server]client #0 transferred 春丽 #7917
[INFO][2021-07-24 14:49:10][Server]client #0 transferred 春丽 #7917
[INFO][2021-07-24 14:49:10][Server]client #0 transferred 春丽 #7917
[INFO][2021-07-24 14:49:10][Server]client #0 transferred 春丽 #7917
[INFO][2021-07-24 14:49:10][Server]client #0 transferred 春丽 #7917
[INFO][2021-07-24 14:49:10][Server]client #0 transferred 春丽 #7917
[INFO][2021-07-24 14:49:10][Server]client #0 transferred 春丽 #7917
[INFO][2021-07-24 14:49:10][Server]client #0 transferred 春丽 #7917
[INFO][2021-07-24 14:49:10][Server]client #0 transferred 春丽 #7917
[INFO][2021-07-24 14:49:10][Server]client #0 transferred 春丽 #7917
[INFO][2021-07-24 14:49:10][Server]client #0 transferred 春丽 #7917
[INFO][2021-07-24 14:49:10][Server]client #0 transferred 春丽 #7917
[INFO][2021-07-24 14:49:10][Server]client #0 transferred 春丽 #7917
[INFO][2021-07-24 14:49:10][Server]client #0 transferred 春丽 #7917
[INFO][2021-07-24 14:49:10][Server]client #0 transferred 春丽 #7917
[INFO][2021-07-24 14:49:10][Server]client #0 transferred 春丽 #7917
[INFO][2021-07-24 14:49:10][Server]client #0 transferred 春丽 #7917
[INFO][2021-07-24 14:49:11][Server]client #0 transferred 春丽 #7917
[INFO][2021-07-24 14:49:11][Server]client #0 transferred 春丽 #7917
[INFO][2021-07-24 14:49:11][Server]client #0 transferred 春丽 #7917
[INFO][2021-07-24 14:49:11][Server]client #0 transferred 春丽 #7917
[INFO][2021-07-24 14:49:11][Server]client #0 transferred 春丽 #7917
[INFO][2021-07-24 14:49:11][Server]client #0 transferred 春丽 #7917
[INFO][2021-07-24 14:49:11][Server]client #0 transferred 春丽 #7917
[INFO][2021-07-24 14:49:11][Server]client #0 transferred 春丽 #7917
[INFO][2021-07-24 14:49:11][Server]client #0 transferred 春丽 #7917
[INFO][2021-07-24 14:49:11][Server]client #0 transferred 春丽 #7917
[INFO][2021-07-24 14:49:11][Server]client #0 transferred 春丽 #7917
[INFO][2021-07-24 14:49:11][Server]client #0 transferred 春丽 #7917
[INFO][2021-07-24 14:49:11][Server]client #0 transferred 春丽 #7917
[INFO][2021-07-24 14:49:11][Server]client #0 transferred 春丽 #7917
[INFO][2021-07-24 14:49:11][Server]client #0 transferred 春丽 #7917
[INFO][2021-07-24 14:49:11][Server]client #0 transferred 春丽 #7917
[INFO][2021-07-24 14:49:12][Server]client #0 transferred 春丽 #7917
[INFO][2021-07-24 14:49:12][Server]client #0 transferred 春丽 #7917
[INFO][2021-07-24 14:49:12][Server]client #0 transferred 春丽 #7917
[INFO][2021-07-24 14:49:12][Server]client #0 transferred 春丽 #7917
[INFO][2021-07-24 14:49:12][Server]client #0 transferred 春丽 #7917
[INFO][2021-07-24 14:49:12][Server]client #0 transferred 春丽 #7917
[INFO][2021-07-24 14:49:12][Server]client #0 transferred 春丽 #7917
[INFO][2021-07-24 14:49:12][Server]client #0 transferred 春丽 #7917
[INFO][2021-07-24 14:49:12][Server]client #0 transferred 春丽 #7917
[INFO][2021-07-24 14:49:12][Server]client #0 transferred 春丽 #7917
[INFO][2021-07-24 14:49:12][Server]client #0 transferred 春丽 #7917
[INFO][2021-07-24 14:49:12][Server]client #0 transferred 春丽 #7917
[INFO][2021-07-24 14:49:12][Server]client #0 transferred 春丽 #7917
[INFO][2021-07-24 14:49:12][Server]client #0 transferred 春丽 #7917
[INFO][2021-07-24 14:49:12][Server]client #0 transferred 春丽 #7917
[INFO][2021-07-24 14:49:12][Server]client #0 transferred 春丽 #7917
[INFO][2021-07-24 14:49:13][Server]client #0 transferred 春丽 #7917
[INFO][2021-07-24 14:49:13][Server]client #0 transferred 春丽 #7917
[INFO][2021-07-24 14:49:13][Server]client #0 transferred 春丽 #7917
[INFO][2021-07-24 14:49:13][Server]client #0 transferred 春丽 #7917
[INFO][2021-07-24 14:49:13][Server]client #0 transferred 春丽 #7917
[INFO][2021-07-24 14:49:13][Server]client #0 transferred 春丽 #7917
[INFO][2021-07-24 14:49:13][Server]client #0 transferred 春丽 #7917
[INFO][2021-07-24 14:49:13][Server]client #0 transferred 春丽 #7917
[INFO][2021-07-24 14:49:13][Server]client #0 transferred 春丽 #7917
[INFO][2021-07-24 14:49:13][Server]client #0 transferred 春丽 #7917
[INFO][2021-07-24 14:49:13][Server]client #0 transferred 春丽 #7917
[INFO][2021-07-24 14:49:13][Server]client #0 transferred 春丽 #7917
[INFO][2021-07-24 14:49:13][Server]client #0 transferred 春丽 #7917
[INFO][2021-07-24 14:49:13][Server]client #0 transferred 春丽 #7917
[INFO][2021-07-24 14:49:13][Server]client #0 transferred 春丽 #7917
[INFO][2021-07-24 14:49:13][Server]client #0 transferred 春丽 #7917
[INFO][2021-07-24 14:49:14][Server]client #0 transferred 春丽 #7917
[INFO][2021-07-24 14:49:14][Server]client #0 transferred 春丽 #7917
[INFO][2021-07-24 14:49:14][Server]client #0 transferred 春丽 #7917
[INFO][2021-07-24 14:49:14][Server]client #0 transferred 春丽 #7917
[INFO][2021-07-24 14:49:14][Server]client #0 transferred 春丽 #7917
[INFO][2021-07-24 14:49:14][Server]client #0 transferred 春丽 #7917
[INFO][2021-07-24 14:49:14][Server]client #0 transferred 春丽 #7917
[INFO][2021-07-24 14:49:14][Server]client #0 transferred 春丽 #7917
[INFO][2021-07-24 14:49:14][Server]client #0 transferred 春丽 #7917
[INFO][2021-07-24 14:49:14][Server]client #0 transferred 春丽 #7917
[INFO][2021-07-24 14:49:14][Server]client #0 transferred 春丽 #7917
[INFO][2021-07-24 14:49:14][Server]client #0 transferred 春丽 #7917
[INFO][2021-07-24 14:49:14][Server]client #0 transferred 春丽 #7917
[INFO][2021-07-24 14:49:14][Server]client #0 transferred 春丽 #7917
[INFO][2021-07-24 14:49:14][Server]client #0 transferred 春丽 #7917
[INFO][2021-07-24 14:49:14][Server]client #0 transferred 春丽 #7917
[INFO][2021-07-24 14:49:15][Server]client #0 transferred 春丽 #7917
[INFO][2021-07-24 14:49:15][Server]client #0 transferred 春丽 #7917
[INFO][2021-07-24 14:49:15][Server]client #0 transferred 春丽 #7917
[INFO][2021-07-24 14:49:15][Server]client #0 transferred 春丽 #7917
[INFO][2021-07-24 14:49:15][Server]client #0 transferred 春丽 #7917
[INFO][2021-07-24 14:49:15][Server]client #0 transferred 春丽 #7917
[INFO][2021-07-24 14:49:15][Server]client #0 transferred 春丽 #7917
[INFO][2021-07-24 14:49:15][Server]client #0 transferred 春丽 #7917
[INFO][2021-07-24 14:49:15][Server]client #0 transferred 春丽 #7917
[INFO][2021-07-24 14:49:15][Server]client #0 transferred 春丽 #7917
[INFO][2021-07-24 14:49:15][Server]client #0 transferred 春丽 #7917
[INFO][2021-07-24 14:49:15][Server]client #0 transferred 春丽 #7917
[INFO][2021-07-24 14:49:15][Server]client #0 transferred 春丽 #7917
[INFO][2021-07-24 14:49:15][Server]client #0 transferred 春丽 #7917
[INFO][2021-07-24 14:49:15][Server]client #0 transferred 春丽 #7917
[INFO][2021-07-24 14:49:15][Server]client #0 transferred 春丽 #7917
[INFO][2021-07-24 14:49:16][Server]client #0 transferred 春丽 #7917
[INFO][2021-07-24 14:49:16][Server]client #0 transferred 春丽 #7917
[INFO][2021-07-24 14:49:16][Server]client #0 transferred 春丽 #7917
[INFO][2021-07-24 14:49:16][Server]client #0 transferred 春丽 #7917
[INFO][2021-07-24 14:49:16][Server]client #0 transferred 春丽 #7917
[INFO][2021-07-24 14:49:16][Server]client #0 transferred 春丽 #7917
[INFO][2021-07-24 14:49:16][Server]client #0 transferred 春丽 #7917
[INFO][2021-07-24 14:49:16][Server]client #0 transferred 春丽 #7917
[INFO][2021-07-24 14:49:16][Server]client #0 transferred 春丽 #7917
[INFO][2021-07-24 14:49:16][Server]client #0 transferred 春丽 #7917
[INFO][2021-07-24 14:49:16][Server]client #0 transferred 春丽 #7917
[INFO][2021-07-24 14:49:16][Server]client #0 transferred 春丽 #7917
[INFO][2021-07-24 14:49:16][Server]client #0 transferred 春丽 #7917
[INFO][2021-07-24 14:49:16][Server]client #0 transferred 春丽 #7917
[INFO][2021-07-24 14:49:16][Server]client #0 transferred 春丽 #7917
[INFO][2021-07-24 14:49:16][Server]client #0 transferred 春丽 #7917
[INFO][2021-07-24 14:49:17][Server]client #0 transferred 春丽 #7917
[INFO][2021-07-24 14:49:17][Server]client #0 transferred 春丽 #7917
[INFO][2021-07-24 14:49:17][Server]client #0 transferred 春丽 #7917
[INFO][2021-07-24 14:49:17][Server]client #0 transferred 春丽 #7917
[INFO][2021-07-24 14:49:17][Server]client #0 transferred 春丽 #7917
[INFO][2021-07-24 14:49:17][Server]client #0 transferred 春丽 #7917
[INFO][2021-07-24 14:49:17][Server]client #0 transferred 春丽 #7917
[INFO][2021-07-24 14:49:17][Server]client #0 transferred 春丽 #7917
[INFO][2021-07-24 14:49:17][Server]client #0 transferred 春丽 #7917
[INFO][2021-07-24 14:49:17][Server]client #0 transferred 春丽 #7917
[INFO][2021-07-24 14:49:17][Server]client #0 transferred 春丽 #7917
[INFO][2021-07-24 14:49:17][Server]client #0 transferred 春丽 #7917
[INFO][2021-07-24 14:49:17][Server]client #0 transferred 春丽 #7917
[INFO][2021-07-24 14:49:17][Server]client #0 transferred 春丽 #7917
[INFO][2021-07-24 14:49:17][Server]client #0 transferred 春丽 #7917
[INFO][2021-07-24 14:49:17][Server]client #0 transferred 春丽 #7917
[INFO][2021-07-24 14:49:18][Server]client #0 transferred 春丽 #7917
[INFO][2021-07-24 14:49:18][Server]client #0 transferred 春丽 #7917
[INFO][2021-07-24 14:49:18][Server]client #0 transferred 春丽 #7917
[INFO][2021-07-24 14:49:18][Server]client #0 transferred 春丽 #7917
[INFO][2021-07-24 14:49:18][Server]client #0 transferred 春丽 #7917
[INFO][2021-07-24 14:49:18][Server]client #0 transferred 春丽 #7917
[INFO][2021-07-24 14:49:18][Server]client #0 transferred 春丽 #7917
[INFO][2021-07-24 14:49:18][Server]client #0 transferred 春丽 #7917
[INFO][2021-07-24 14:49:18][Server]client #0 transferred 春丽 #7917
[INFO][2021-07-24 14:49:18][Server]client #0 transferred 春丽 #7917
[INFO][2021-07-24 14:49:18][Server]client #0 transferred 春丽 #7917
[INFO][2021-07-24 14:49:18][Server]client #0 transferred 春丽 #7917
[INFO][2021-07-24 14:49:18][Server]client #0 transferred 春丽 #7917
[INFO][2021-07-24 14:49:18][Server]client #0 transferred 春丽 #7917
[INFO][2021-07-24 14:49:18][Server]client #0 transferred 春丽 #7917
[INFO][2021-07-24 14:49:18][Server]client #0 transferred 春丽 #7917
[INFO][2021-07-24 14:49:19][Server]client #0 transferred 春丽 #7917
[INFO][2021-07-24 14:49:19][Server]client #0 transferred 春丽 #7917
[INFO][2021-07-24 14:49:19][Server]client #0 transferred 春丽 #7917
[INFO][2021-07-24 14:49:19][Server]client #0 transferred 春丽 #7917
[INFO][2021-07-24 14:49:19][Server]client #0 transferred 春丽 #7917
[INFO][2021-07-24 14:49:19][Server]client #0 transferred 春丽 #7917
[INFO][2021-07-24 14:49:19][Server]client #0 transferred 春丽 #7917
[INFO][2021-07-24 14:49:19][Server]client #0 transferred 春丽 #7917
[INFO][2021-07-24 14:49:19][Server]client #0 transferred 春丽 #7917
[INFO][2021-07-24 14:49:19][Server]client #0 transferred 春丽 #7917
[INFO][2021-07-24 14:49:19][Server]client #0 transferred 春丽 #7917
[INFO][2021-07-24 14:49:19][Server]client #0 transferred 春丽 #7917
[INFO][2021-07-24 14:49:19][Server]client #0 transferred 春丽 #7917
[INFO][2021-07-24 14:49:19][Server]client #0 transferred 春丽 #7917
[INFO][2021-07-24 14:49:19][Server]client #0 transferred 春丽 #7917
[INFO][2021-07-24 14:49:19][Server]client #0 transferred 春丽 #7917
[INFO][2021-07-24 14:49:20][Server]client #0 transferred 春丽 #7917
[INFO][2021-07-24 14:49:20][Server]client #0 transferred 春丽 #7917
[INFO][2021-07-24 14:49:20][Server]client #0 transferred 春丽 #7917
[INFO][2021-07-24 14:49:20][Server]client #0 transferred 春丽 #7917
[INFO][2021-07-24 14:49:20][Server]client #0 transferred 春丽 #7917
[INFO][2021-07-24 14:49:20][Server]client #0 transferred 春丽 #7917
[INFO][2021-07-24 14:49:20][Server]client #0 transferred 春丽 #7917
[INFO][2021-07-24 14:49:20][Server]client #0 transferred 春丽 #7917
[INFO][2021-07-24 14:49:20][Server]client #0 transferred 春丽 #7917
[INFO][2021-07-24 14:49:20][Server]client #0 transferred 春丽 #7917
[INFO][2021-07-24 14:49:20][Server]client #0 transferred 春丽 #7917
[INFO][2021-07-24 14:49:20][Server]client #0 transferred 春丽 #7917
[INFO][2021-07-24 14:49:20][Server]client #0 transferred 春丽 #7917
[INFO][2021-07-24 14:49:20][Server]client #0 transferred 春丽 #7917
[INFO][2021-07-24 14:49:20][Server]client #0 transferred 春丽 #7917
[INFO][2021-07-24 14:49:20][Server]client #0 transferred 春丽 #7917
[INFO][2021-07-24 14:49:21][Server]client #0 transferred 春丽 #7917
[INFO][2021-07-24 14:49:21][Server]client #0 transferred 春丽 #7917
[INFO][2021-07-24 14:49:21][Server]client #0 transferred 春丽 #7917
[INFO][2021-07-24 14:49:21][Server]client #0 transferred 春丽 #7917
[INFO][2021-07-24 14:49:21][Server]client #0 transferred 春丽 #7917
[INFO][2021-07-24 14:49:21][Server]client #0 transferred 春丽 #7917
[INFO][2021-07-24 14:49:21][Server]client #0 transferred 春丽 #7917
[INFO][2021-07-24 14:49:21][Server]client #0 transferred 春丽 #7917
[INFO][2021-07-24 14:49:21][Server]client #0 transferred 春丽 #7917
[INFO][2021-07-24 14:49:21][Server]client #0 transferred 春丽 #7917
[INFO][2021-07-24 14:49:21][Server]client #0 transferred 春丽 #7917
[INFO][2021-07-24 14:49:21][Server]client #0 transferred 春丽 #7917
[INFO][2021-07-24 14:49:21][Server]client #0 transferred 春丽 #7917
[INFO][2021-07-24 14:49:21][Server]client #0 transferred 春丽 #7917
[INFO][2021-07-24 14:49:21][Server]client #0 transferred 春丽 #7917
[INFO][2021-07-24 14:49:21][Server]client #0 transferred 春丽 #7917
[INFO][2021-07-24 14:49:22][Server]client #0 transferred 春丽 #7917
[INFO][2021-07-24 14:49:22][Server]client #0 transferred 春丽 #7917
[INFO][2021-07-24 14:49:22][Server]client #0 transferred 春丽 #7917
[INFO][2021-07-24 14:49:22][Server]client #0 transferred 春丽 #7917
[INFO][2021-07-24 14:49:22][Server]client #0 transferred 春丽 #7917
[INFO][2021-07-24 14:49:22][Server]client #0 transferred 春丽 #7917
[INFO][2021-07-24 14:49:22][Server]client #0 transferred 春丽 #7917
[INFO][2021-07-24 14:49:22][Server]client #0 transferred 春丽 #7917
[INFO][2021-07-24 14:49:22][Server]client #0 transferred 春丽 #7917
[INFO][2021-07-24 14:49:22][Server]client #0 transferred 春丽 #7917
[INFO][2021-07-24 14:49:22][Server]client #0 transferred 春丽 #7917
[INFO][2021-07-24 14:49:22][Server]client #0 transferred 春丽 #7917
[INFO][2021-07-24 14:49:22][Server]client #0 transferred 春丽 #7917
[INFO][2021-07-24 14:49:22][Server]client #0 transferred 春丽 #7917
[INFO][2021-07-24 14:49:22][Server]client #0 transferred 春丽 #7917
[INFO][2021-07-24 14:49:22][Server]client #0 transferred 春丽 #7917
[INFO][2021-07-24 14:49:23][Server]client #0 transferred 春丽 #7917
[INFO][2021-07-24 14:49:23][Server]client #0 transferred 春丽 #7917
[INFO][2021-07-24 14:49:23][Server]client #0 transferred 春丽 #7917
[INFO][2021-07-24 14:49:23][Server]client #0 transferred 春丽 #7917
[INFO][2021-07-24 14:49:23][Server]client #0 transferred 春丽 #7917
[INFO][2021-07-24 14:49:23][Server]client #0 transferred 春丽 #7917
[INFO][2021-07-24 14:49:23][Server]client #0 transferred 春丽 #7917
[INFO][2021-07-24 14:49:23][Server]client #0 transferred 春丽 #7917
[INFO][2021-07-24 14:49:23][Server]client #0 transferred 春丽 #7917
[INFO][2021-07-24 14:49:23][Server]client #0 transferred 春丽 #7917
[INFO][2021-07-24 14:49:23][Server]client #0 transferred 春丽 #7917
[INFO][2021-07-24 14:49:23][Server]client #0 transferred 春丽 #7917
[INFO][2021-07-24 14:49:23][Server]client #0 transferred 春丽 #7917
[INFO][2021-07-24 14:49:23][Server]client #0 transferred 春丽 #7917
[INFO][2021-07-24 14:49:23][Server]client #0 transferred 春丽 #7917
[INFO][2021-07-24 14:49:23][Server]client #0 transferred 春丽 #7917
[INFO][2021-07-24 14:49:24][Server]client #0 transferred 春丽 #7917
[INFO][2021-07-24 14:49:24][Server]client #0 transferred 春丽 #7917
[INFO][2021-07-24 14:49:24][Server]client #0 transferred 春丽 #7917
[INFO][2021-07-24 14:49:24][Server]client #0 transferred 春丽 #7917
[INFO][2021-07-24 14:49:24][Server]client #0 transferred 春丽 #7917
[INFO][2021-07-24 14:49:24][Server]client #0 transferred 春丽 #7917
[INFO][2021-07-24 14:49:24][Server]client #0 transferred 春丽 #7917
[INFO][2021-07-24 14:49:24][Server]client #0 transferred 春丽 #7917
[INFO][2021-07-24 14:49:24][Server]client #0 transferred 春丽 #7917
[INFO][2021-07-24 14:49:24][Server]client #0 transferred 春丽 #7917
[INFO][2021-07-24 14:49:24][Server]client #0 transferred 春丽 #7917
[INFO][2021-07-24 14:49:24][Server]client #0 transferred 春丽 #7917
[INFO][2021-07-24 14:49:24][Server]client #0 transferred 春丽 #7917
[INFO][2021-07-24 14:49:24][Server]client #0 transferred 春丽 #7917
[INFO][2021-07-24 14:49:24][Server]client #0 transferred 春丽 #7917
[INFO][2021-07-24 14:49:24][Server]client #0 transferred 春丽 #7917
[INFO][2021-07-24 14:49:25][Server]client #0 transferred 春丽 #7917
[INFO][2021-07-24 14:49:25][Server]client #0 transferred 春丽 #7917
[INFO][2021-07-24 14:49:25][Server]client #0 transferred 春丽 #7917
[INFO][2021-07-24 14:49:25][Server]client #0 transferred 春丽 #7917
[INFO][2021-07-24 14:49:25][Server]client #0 transferred 春丽 #7917
[INFO][2021-07-24 14:49:25][Server]client #0 transferred 春丽 #7917
[INFO][2021-07-24 14:49:25][Server]client #0 transferred 春丽 #7917
[INFO][2021-07-24 14:49:25][Server]client #0 transferred 春丽 #7917
[INFO][2021-07-24 14:49:25][Server]client #0 transferred 春丽 #7917
[INFO][2021-07-24 14:49:25][Server]client #0 transferred 春丽 #7917
[INFO][2021-07-24 14:49:25][Server]client #0 transferred 春丽 #7917
[INFO][2021-07-24 14:49:25][Server]client #0 transferred 春丽 #7917
[INFO][2021-07-24 14:49:25][Server]client #0 transferred 春丽 #7917
[INFO][2021-07-24 14:49:25][Server]client #0 transferred 春丽 #7917
[INFO][2021-07-24 14:49:25][Server]client #0 transferred 春丽 #7917
[INFO][2021-07-24 14:49:25][Server]client #0 transferred 春丽 #7917
[INFO][2021-07-24 14:49:26][Server]client #0 transferred 春丽 #7917
[INFO][2021-07-24 14:49:26][Server]client #0 transferred 春丽 #7917
[INFO][2021-07-24 14:49:26][Server]client #0 transferred 春丽 #7917
[INFO][2021-07-24 14:49:26][Server]client #0 transferred 春丽 #7917
[INFO][2021-07-24 14:49:26][Server]client #0 transferred 春丽 #7917
[INFO][2021-07-24 14:49:26][Server]client #0 transferred 春丽 #7917
[INFO][2021-07-24 14:49:26][Server]client #0 transferred 春丽 #7917
[INFO][2021-07-24 14:49:26][Server]client #0 transferred 春丽 #7917
[INFO][2021-07-24 14:49:26][Server]client #0 transferred 春丽 #7917
[INFO][2021-07-24 14:49:26][Server]client #0 transferred 春丽 #7917
[INFO][2021-07-24 14:49:26][Server]client #0 transferred 春丽 #7917
[INFO][2021-07-24 14:49:26][Server]client #0 transferred 春丽 #7917
[INFO][2021-07-24 14:49:26][Server]client #0 transferred 春丽 #7917
[INFO][2021-07-24 14:49:26][Server]client #0 transferred 春丽 #7917
[INFO][2021-07-24 14:49:26][Server]client #0 transferred 春丽 #7917
[INFO][2021-07-24 14:49:26][Server]client #0 transferred 春丽 #7917
[INFO][2021-07-24 14:49:27][Server]client #0 transferred 春丽 #7917
[INFO][2021-07-24 14:49:27][Server]client #0 transferred 春丽 #7917
[INFO][2021-07-24 14:49:27][Server]client #0 transferred 春丽 #7917
[INFO][2021-07-24 14:49:27][Server]client #0 transferred 春丽 #7917
[INFO][2021-07-24 14:49:27][Server]client #0 transferred 春丽 #7917
[INFO][2021-07-24 14:49:27][Server]client #0 transferred 春丽 #7917
[INFO][2021-07-24 14:49:27][Server]client #0 transferred 春丽 #7917
[INFO][2021-07-24 14:49:27][Server]client #0 transferred 春丽 #7917
[INFO][2021-07-24 14:49:27][Server]client #0 transferred 春丽 #7917
[INFO][2021-07-24 14:49:27][Server]client #0 transferred 春丽 #7917
[INFO][2021-07-24 14:49:27][Server]client #0 transferred 春丽 #7917
[INFO][2021-07-24 14:49:27][Server]client #0 transferred 春丽 #7917
[INFO][2021-07-24 14:49:27][Server]client #0 transferred 春丽 #7917
[INFO][2021-07-24 14:49:27][Server]client #0 transferred 春丽 #7917
[INFO][2021-07-24 14:49:27][Server]client #0 transferred 春丽 #7917
[INFO][2021-07-24 14:49:27][Server]client #0 transferred 春丽 #7917
[INFO][2021-07-24 14:49:28][Server]client #0 transferred 春丽 #7917
[INFO][2021-07-24 14:49:28][Server]client #0 transferred 春丽 #7917
[INFO][2021-07-24 14:49:28][Server]client #0 transferred 春丽 #7917
[INFO][2021-07-24 14:49:28][Server]client #0 transferred 春丽 #7917
[INFO][2021-07-24 14:49:28][Server]client #0 transferred 春丽 #7917
[INFO][2021-07-24 14:49:28][Server]client #0 transferred 春丽 #7917
[INFO][2021-07-24 14:49:28][Server]client #0 transferred 春丽 #7917
[INFO][2021-07-24 14:49:28][Server]client #0 transferred 春丽 #7917
[INFO][2021-07-24 14:49:28][Server]client #0 transferred 春丽 #7917
[INFO][2021-07-24 14:49:28][Server]client #0 transferred 春丽 #7917
[INFO][2021-07-24 14:49:28][Server]client #0 transferred 春丽 #7917
[INFO][2021-07-24 14:49:28][Server]client #0 transferred 春丽 #7917
[INFO][2021-07-24 14:49:28][Server]client #0 transferred 春丽 #7917
[INFO][2021-07-24 14:49:28][Server]client #0 transferred 春丽 #7917
[INFO][2021-07-24 14:49:28][Server]client #0 transferred 春丽 #7917
[INFO][2021-07-24 14:49:28][Server]client #0 transferred 春丽 #7917
[INFO][2021-07-24 14:49:29][Server]client #0 transferred 春丽 #7917
[INFO][2021-07-24 14:49:29][Server]client #0 transferred 春丽 #7917
[INFO][2021-07-24 14:49:29][Server]client #0 transferred 春丽 #7917
[INFO][2021-07-24 14:49:29][Server]client #0 transferred 春丽 #7917
[INFO][2021-07-24 14:49:29][Server]client #0 transferred 春丽 #7917
[INFO][2021-07-24 14:49:29][Server]client #0 transferred 春丽 #7917
[INFO][2021-07-24 14:49:29][Server]client #0 transferred 春丽 #7917
[INFO][2021-07-24 14:49:29][Server]client #0 transferred 春丽 #7917
[INFO][2021-07-24 14:49:29][Server]client #0 transferred 春丽 #7917
[INFO][2021-07-24 14:49:29][Server]client #0 transferred 春丽 #7917
[INFO][2021-07-24 14:49:29][Server]client #0 transferred 春丽 #7917
[INFO][2021-07-24 14:49:29][Server]client #0 transferred 春丽 #7917
[INFO][2021-07-24 14:49:29][Server]client #0 transferred 春丽 #7917
[INFO][2021-07-24 14:49:29][Server]client #0 transferred 春丽 #7917
[INFO][2021-07-24 14:49:29][Server]client #0 transferred 春丽 #7917
[INFO][2021-07-24 14:49:29][Server]client #0 transferred 春丽 #7917
[INFO][2021-07-24 14:49:30][Server]client #0 transferred 春丽 #7917
[INFO][2021-07-24 14:49:30][Server]client #0 transferred 春丽 #7917
[INFO][2021-07-24 14:49:30][Server]client #0 transferred 春丽 #7917
[INFO][2021-07-24 14:49:30][Server]client #0 transferred 春丽 #7917
[INFO][2021-07-24 14:49:30][Server]client #0 transferred 春丽 #7917
[INFO][2021-07-24 14:49:30][Server]client #0 transferred 春丽 #7917
[INFO][2021-07-24 14:49:30][Server]client #0 transferred 春丽 #7917
[INFO][2021-07-24 14:49:30][Server]client #0 transferred 春丽 #7917
[INFO][2021-07-24 14:49:30][Server]client #0 transferred 春丽 #7917
[INFO][2021-07-24 14:49:30][Server]client #0 transferred 春丽 #7917
[INFO][2021-07-24 14:49:30][Server]client #0 transferred 春丽 #7917
[INFO][2021-07-24 14:49:30][Server]client #0 transferred 春丽 #7917
[INFO][2021-07-24 14:49:30][Server]client #0 transferred 春丽 #7917
[INFO][2021-07-24 14:49:30][Server]client #0 transferred 春丽 #7917
[INFO][2021-07-24 14:49:30][Server]client #0 transferred 春丽 #7917
[INFO][2021-07-24 14:49:30][Server]client #0 transferred 春丽 #7917
[INFO][2021-07-24 14:49:31][Server]client #0 transferred 春丽 #7917
[INFO][2021-07-24 14:49:31][Server]client #0 transferred 春丽 #7917
[INFO][2021-07-24 14:49:31][Server]client #0 transferred 春丽 #7917
[INFO][2021-07-24 14:49:31][Server]client #0 transferred 春丽 #7917
[INFO][2021-07-24 14:49:31][Server]client #0 transferred 春丽 #7917
[INFO][2021-07-24 14:49:31][Server]client #0 transferred 春丽 #7917
[INFO][2021-07-24 14:49:31][Server]client #0 transferred 春丽 #7917
[INFO][2021-07-24 14:49:31][Server]client #0 transferred 春丽 #7917
[INFO][2021-07-24 14:49:31][Server]client #0 transferred 春丽 #7917
[INFO][2021-07-24 14:49:31][Server]client #0 transferred 春丽 #7917
[INFO][2021-07-24 14:49:31][Server]client #0 transferred 春丽 #7917
[INFO][2021-07-24 14:49:31][Server]client #0 transferred 春丽 #7917
[INFO][2021-07-24 14:49:31][Server]client #0 transferred 春丽 #7917
[INFO][2021-07-24 14:49:31][Server]client #0 transferred 春丽 #7917
[INFO][2021-07-24 14:49:31][Server]client #0 transferred 春丽 #7917
[INFO][2021-07-24 14:49:31][Server]client #0 transferred 春丽 #7917
[INFO][2021-07-24 14:49:32][Server]client #0 transferred 春丽 #7917
[INFO][2021-07-24 14:49:32][Server]client #0 transferred 春丽 #7917
[INFO][2021-07-24 14:49:32][Server]client #0 transferred 春丽 #7917
[INFO][2021-07-24 14:49:32][Server]client #0 transferred 春丽 #7917
[INFO][2021-07-24 14:49:32][Server]client #0 transferred 春丽 #7917
[INFO][2021-07-24 14:49:32][Server]client #0 transferred 春丽 #7917
[INFO][2021-07-24 14:49:32][Server]client #0 transferred 春丽 #7917
[INFO][2021-07-24 14:49:32][Server]client #0 transferred 春丽 #7917
[INFO][2021-07-24 14:49:32][Server]client #0 transferred 春丽 #7917
[INFO][2021-07-24 14:49:32][Server]client #0 transferred 春丽 #7917
[INFO][2021-07-24 14:49:32][Server]client #0 transferred 春丽 #7917
[INFO][2021-07-24 14:49:32][Server]client #0 transferred 春丽 #7917
[INFO][2021-07-24 14:49:32][Server]client #0 transferred 春丽 #7917
[INFO][2021-07-24 14:49:32][Server]client #0 transferred 春丽 #7917
[INFO][2021-07-24 14:49:32][Server]client #0 transferred 春丽 #7917
[INFO][2021-07-24 14:49:32][Server]client #0 transferred 春丽 #7917
[INFO][2021-07-24 14:49:33][Server]client #0 transferred 春丽 #7917
[INFO][2021-07-24 14:49:33][Server]client #0 transferred 春丽 #7917
[INFO][2021-07-24 14:49:33][Server]client #0 transferred 春丽 #7917
[INFO][2021-07-24 14:49:33][Server]client #0 transferred 春丽 #7917
[INFO][2021-07-24 14:49:33][Server]client #0 transferred 春丽 #7917
[INFO][2021-07-24 14:49:33][Server]client #0 transferred 春丽 #7917
[INFO][2021-07-24 14:49:33][Server]client #0 transferred 春丽 #7917
[INFO][2021-07-24 14:49:33][Server]client #0 transferred 春丽 #7917
[INFO][2021-07-24 14:49:33][Server]client #0 transferred 春丽 #7917
[INFO][2021-07-24 14:49:33][Server]client #0 transferred 春丽 #7917
[INFO][2021-07-24 14:49:33][Server]client #0 transferred 春丽 #7917
[INFO][2021-07-24 14:49:33][Server]client #0 transferred 春丽 #7917
[INFO][2021-07-24 14:49:33][Server]client #0 transferred 春丽 #7917
[INFO][2021-07-24 14:49:33][Server]client #0 transferred 春丽 #7917
[INFO][2021-07-24 14:49:33][Server]client #0 transferred 春丽 #7917
[INFO][2021-07-24 14:49:33][Server]client #0 transferred 春丽 #7917
[INFO][2021-07-24 14:49:34][Server]client #0 transferred 春丽 #7917
[INFO][2021-07-24 14:49:34][Server]client #0 transferred 春丽 #7917
[INFO][2021-07-24 14:49:34][Server]client #0 transferred 春丽 #7917
[INFO][2021-07-24 14:49:34][Server]client #0 transferred 春丽 #7917
[INFO][2021-07-24 14:49:34][Server]client #0 transferred 春丽 #7917
[INFO][2021-07-24 14:49:34][Server]client #0 transferred 春丽 #7917
[INFO][2021-07-24 14:49:34][Server]client #0 transferred 春丽 #7917
[INFO][2021-07-24 14:49:34][Server]client #0 transferred 春丽 #7917
[INFO][2021-07-24 14:49:34][Server]client #0 transferred 春丽 #7917
[INFO][2021-07-24 14:49:34][Server]client #0 transferred 春丽 #7917
[INFO][2021-07-24 14:49:34][Server]client #0 transferred 春丽 #7917
[INFO][2021-07-24 14:49:34][Server]client #0 transferred 春丽 #7917
[INFO][2021-07-24 14:49:34][Server]client #0 transferred 春丽 #7917
[INFO][2021-07-24 14:49:34][Server]client #0 transferred 春丽 #7917
[INFO][2021-07-24 14:49:34][Server]client #0 transferred 春丽 #7917
[INFO][2021-07-24 14:49:34][Server]client #0 transferred 春丽 #7917
[INFO][2021-07-24 14:49:35][Server]client #0 transferred 春丽 #7917
[INFO][2021-07-24 14:49:35][Server]client #0 transferred 春丽 #7917
[INFO][2021-07-24 14:49:35][Server]client #0 transferred 春丽 #7917
[INFO][2021-07-24 14:49:35][Server]client #0 transferred 春丽 #7917
[INFO][2021-07-24 14:49:35][Server]client #0 transferred 春丽 #7917
[INFO][2021-07-24 14:49:35][Server]client #0 transferred 春丽 #7917
[INFO][2021-07-24 14:49:35][Server]client #0 transferred 春丽 #7917
[INFO][2021-07-24 14:49:35][Server]client #0 transferred 春丽 #7917
[INFO][2021-07-24 14:49:35][Server]client #0 transferred 春丽 #7917
[INFO][2021-07-24 14:49:35][Server]client #0 transferred 春丽 #7917
[INFO][2021-07-24 14:49:35][Server]client #0 transferred 春丽 #7917
[INFO][2021-07-24 14:49:35][Server]client #0 transferred 春丽 #7917
[INFO][2021-07-24 14:49:35][Server]client #0 transferred 春丽 #7917
[INFO][2021-07-24 14:49:35][Server]client #0 transferred 春丽 #7917
[INFO][2021-07-24 14:49:35][Server]client #0 transferred 春丽 #7917
[INFO][2021-07-24 14:49:35][Server]client #0 transferred 春丽 #7917
[INFO][2021-07-24 14:49:36][Server]client #0 transferred 春丽 #7917
[INFO][2021-07-24 14:49:36][Server]client #0 transferred 春丽 #7917
[INFO][2021-07-24 14:49:36][Server]client #0 transferred 春丽 #7917
[INFO][2021-07-24 14:49:36][Server]client #0 transferred 春丽 #7917
[INFO][2021-07-24 14:49:36][Server]client #0 transferred 春丽 #7917
[INFO][2021-07-24 14:49:36][Server]client #0 transferred 春丽 #7917
[INFO][2021-07-24 14:49:36][Server]client #0 transferred 春丽 #7917
[INFO][2021-07-24 14:49:36][Server]client #0 transferred 春丽 #7917
[INFO][2021-07-24 14:49:36][Server]client #0 transferred 春丽 #7917
[INFO][2021-07-24 14:49:36][Server]client #0 transferred 春丽 #7917
[INFO][2021-07-24 14:49:36][Server]client #0 transferred 春丽 #7917
[INFO][2021-07-24 14:49:36][Server]client #0 transferred 春丽 #7917
[INFO][2021-07-24 14:49:36][Server]client #0 transferred 春丽 #7917
[INFO][2021-07-24 14:49:36][Server]client #0 transferred 春丽 #7917
[INFO][2021-07-24 14:49:36][Server]client #0 transferred 春丽 #7917
[INFO][2021-07-24 14:49:36][Server]client #0 transferred 春丽 #7917
[INFO][2021-07-24 14:49:37][Server]client #0 transferred 春丽 #7917
[INFO][2021-07-24 14:49:37][Server]client #0 transferred 春丽 #7917
[INFO][2021-07-24 14:49:37][Server]client #0 transferred 春丽 #7917
[INFO][2021-07-24 14:49:37][Server]client #0 transferred 春丽 #7917
[INFO][2021-07-24 14:49:37][Server]client #0 transferred 春丽 #7917
[INFO][2021-07-24 14:49:37][Server]client #0 transferred 春丽 #7917
[INFO][2021-07-24 14:49:37][Server]client #0 transferred 春丽 #7917
[INFO][2021-07-24 14:49:37][Server]client #0 transferred 春丽 #7917
[INFO][2021-07-24 14:49:37][Server]client #0 transferred 春丽 #7917
[INFO][2021-07-24 14:49:37][Server]client #0 transferred 春丽 #7917
[INFO][2021-07-24 14:49:37][Server]client #0 transferred 春丽 #7917
[INFO][2021-07-24 14:49:37][Server]client #0 transferred 春丽 #7917
[INFO][2021-07-24 14:49:37][Server]client #0 transferred 春丽 #7917
[INFO][2021-07-24 14:49:37][Server]client #0 transferred 春丽 #7917
[INFO][2021-07-24 14:49:37][Server]client #0 transferred 春丽 #7917
[INFO][2021-07-24 14:49:37][Server]client #0 transferred 春丽 #7917
[INFO][2021-07-24 14:49:38][Server]client #0 transferred 春丽 #7917
[INFO][2021-07-24 14:49:38][Server]client #0 transferred 春丽 #7917
[INFO][2021-07-24 14:49:38][Server]client #0 transferred 春丽 #7917
[INFO][2021-07-24 14:49:38][Server]client #0 transferred 春丽 #7917
[INFO][2021-07-24 14:49:38][Server]client #0 transferred 春丽 #7917
[INFO][2021-07-24 14:49:38][Server]client #0 transferred 春丽 #7917
[INFO][2021-07-24 14:49:38][Server]client #0 transferred 春丽 #7917
[INFO][2021-07-24 14:49:38][Server]client #0 transferred 春丽 #7917
[INFO][2021-07-24 14:49:38][Server]client #0 transferred 春丽 #7917
[INFO][2021-07-24 14:49:38][Server]client #0 transferred 春丽 #7917
[INFO][2021-07-24 14:49:38][Server]client #0 transferred 春丽 #7917
[INFO][2021-07-24 14:49:38][Server]client #0 transferred 春丽 #7917
[INFO][2021-07-24 14:49:38][Server]client #0 transferred 春丽 #7917
[INFO][2021-07-24 14:49:38][Server]client #0 transferred 春丽 #7917
[INFO][2021-07-24 14:49:38][Server]client #0 transferred 春丽 #7917
[INFO][2021-07-24 14:49:38][Server]client #0 transferred 春丽 #7917
[INFO][2021-07-24 14:49:39][Server]client #0 transferred 春丽 #7917
[INFO][2021-07-24 14:49:39][Server]client #0 transferred 春丽 #7917
[INFO][2021-07-24 14:49:39][Server]client #0 transferred 春丽 #7917
[INFO][2021-07-24 14:49:39][Server]client #0 transferred 春丽 #7917
[INFO][2021-07-24 14:49:39][Server]client #0 transferred 春丽 #7917
[INFO][2021-07-24 14:49:39][Server]client #0 transferred 春丽 #7917
[INFO][2021-07-24 14:49:39][Server]client #0 transferred 春丽 #7917
[INFO][2021-07-24 14:49:39][Server]client #0 transferred 春丽 #7917
[INFO][2021-07-24 14:49:39][Server]client #0 transferred 春丽 #7917
[INFO][2021-07-24 14:49:39][Server]client #0 transferred 春丽 #7917
[INFO][2021-07-24 14:49:39][Server]client #0 transferred 春丽 #7917
[INFO][2021-07-24 14:49:39][Server]client #0 transferred 春丽 #7917
[INFO][2021-07-24 14:49:39][Server]client #0 transferred 春丽 #7917
[INFO][2021-07-24 14:49:39][Server]client #0 transferred 春丽 #7917
[INFO][2021-07-24 14:49:39][Server]client #0 transferred 春丽 #7917
[INFO][2021-07-24 14:49:39][Server]client #0 transferred 春丽 #7917
[INFO][2021-07-24 14:49:39][Server]client #0 transferred 春丽 #7917
[INFO][2021-07-24 14:49:40][Server]client #0 transferred 春丽 #7917
[INFO][2021-07-24 14:49:40][Server]client #0 transferred 春丽 #7917
[INFO][2021-07-24 14:49:40][Server]client #0 transferred 春丽 #7917
[INFO][2021-07-24 14:49:40][Server]client #0 transferred 春丽 #7917
[INFO][2021-07-24 14:49:40][Server]client #0 transferred 春丽 #7917
[INFO][2021-07-24 14:49:40][Server]client #0 transferred 春丽 #7917
[INFO][2021-07-24 14:49:40][Server]client #0 transferred 春丽 #7917
[INFO][2021-07-24 14:49:40][Server]client #0 transferred 春丽 #7917
[INFO][2021-07-24 14:49:40][Server]client #0 transferred 春丽 #7917
[INFO][2021-07-24 14:49:40][Server]client #0 transferred 春丽 #7917
[INFO][2021-07-24 14:49:40][Server]client #0 transferred 春丽 #7917
[INFO][2021-07-24 14:49:40][Server]client #0 transferred 春丽 #7917
[INFO][2021-07-24 14:49:40][Server]client #0 transferred 春丽 #7917
[INFO][2021-07-24 14:49:40][Server]client #0 transferred 春丽 #7917
[INFO][2021-07-24 14:49:40][Server]client #0 transferred 春丽 #7917
[INFO][2021-07-24 14:49:40][Server]client #0 transferred 春丽 #7917
[INFO][2021-07-24 14:49:41][Server]client #0 transferred 春丽 #7917
[INFO][2021-07-24 14:49:41][Server]client #0 transferred 春丽 #7917
[INFO][2021-07-24 14:49:41][Server]client #0 transferred 春丽 #7917
[INFO][2021-07-24 14:49:41][Server]client #0 transferred 春丽 #7917
[INFO][2021-07-24 14:49:41][Server]client #0 transferred 春丽 #7917
[INFO][2021-07-24 14:49:41][Server]client #0 transferred 春丽 #7917
[INFO][2021-07-24 14:49:41][Server]client #0 transferred 春丽 #7917
[INFO][2021-07-24 14:49:41][Server]client #0 transferred 春丽 #7917
[INFO][2021-07-24 14:49:41][Server]client #0 transferred 春丽 #7917
[INFO][2021-07-24 14:49:41][Server]client #0 transferred 春丽 #7917
[INFO][2021-07-24 14:49:41][Server]client #0 transferred 春丽 #7917
[INFO][2021-07-24 14:49:41][Server]client #0 transferred 春丽 #7917
[INFO][2021-07-24 14:49:41][Server]client #0 transferred 春丽 #7917
[INFO][2021-07-24 14:49:41][Server]client #0 transferred 春丽 #7917
[INFO][2021-07-24 14:49:41][Server]client #0 transferred 春丽 #7917
[INFO][2021-07-24 14:49:41][Server]client #0 transferred 春丽 #7917
[INFO][2021-07-24 14:49:42][Server]client #0 transferred 春丽 #7917
[INFO][2021-07-24 14:49:42][Server]client #0 transferred 春丽 #7917
[INFO][2021-07-24 14:49:42][Server]client #0 transferred 春丽 #7917
[INFO][2021-07-24 14:49:42][Server]client #0 transferred 春丽 #7917
[INFO][2021-07-24 14:49:42][Server]client #0 transferred 春丽 #7917
[INFO][2021-07-24 14:49:42][Server]client #0 transferred 春丽 #7917
[INFO][2021-07-24 14:49:42][Server]client #0 transferred 春丽 #7917
[INFO][2021-07-24 14:49:42][Server]client #0 transferred 春丽 #7917
[INFO][2021-07-24 14:49:42][Server]client #0 transferred 春丽 #7917
[INFO][2021-07-24 14:49:42][Server]client #0 transferred 春丽 #7917
[INFO][2021-07-24 14:49:42][Server]client #0 transferred 春丽 #7917
[INFO][2021-07-24 14:49:42][Server]client #0 transferred 春丽 #7917
[INFO][2021-07-24 14:49:42][Server]client #0 transferred 春丽 #7917
[INFO][2021-07-24 14:49:42][Server]client #0 transferred 春丽 #7917
[INFO][2021-07-24 14:49:42][Server]client #0 transferred 春丽 #7917
[INFO][2021-07-24 14:49:42][Server]client #0 transferred 春丽 #7917
[INFO][2021-07-24 14:49:43][Server]client #0 transferred 春丽 #7917
[INFO][2021-07-24 14:49:43][Server]client #0 transferred 春丽 #7917
[INFO][2021-07-24 14:49:43][Server]client #0 transferred 春丽 #7917
[INFO][2021-07-24 14:49:43][Server]client #0 transferred 春丽 #7917
[INFO][2021-07-24 14:49:43][Server]client #0 transferred 春丽 #7917
[INFO][2021-07-24 14:49:43][Server]client #0 transferred 春丽 #7917
[INFO][2021-07-24 14:49:43][Server]client #0 transferred 春丽 #7917
[INFO][2021-07-24 14:49:43][Server]client #0 transferred 春丽 #7917
[INFO][2021-07-24 14:49:43][Server]client #0 transferred 春丽 #7917
[INFO][2021-07-24 14:49:43][Server]client #0 transferred 春丽 #7917
[INFO][2021-07-24 14:49:43][Server]client #0 transferred 春丽 #7917
[INFO][2021-07-24 14:49:43][Server]client #0 transferred 春丽 #7917
[INFO][2021-07-24 14:49:43][Server]client #0 transferred 春丽 #7917
[INFO][2021-07-24 14:49:43][Server]client #0 transferred 春丽 #7917
[INFO][2021-07-24 14:49:43][Server]client #0 transferred 春丽 #7917
[INFO][2021-07-24 14:49:43][Server]client #0 transferred 春丽 #7917
[INFO][2021-07-24 14:49:44][Server]client #0 transferred 春丽 #7917
[INFO][2021-07-24 14:49:44][Server]client #0 transferred 春丽 #7917
[INFO][2021-07-24 14:49:44][Server]client #0 transferred 春丽 #7917
[INFO][2021-07-24 14:49:44][Server]client #0 transferred 春丽 #7917
[INFO][2021-07-24 14:49:44][Server]client #0 transferred 春丽 #7917
[INFO][2021-07-24 14:49:44][Server]client #0 transferred 春丽 #7917
[INFO][2021-07-24 14:49:44][Server]client #0 transferred 春丽 #7917
[INFO][2021-07-24 14:49:44][Server]client #0 transferred 春丽 #7917
[INFO][2021-07-24 14:49:44][Server]client #0 transferred 春丽 #7917
[INFO][2021-07-24 14:49:44][Server]client #0 transferred 春丽 #7917
[INFO][2021-07-24 14:49:44][Server]client #0 transferred 春丽 #7917
[INFO][2021-07-24 14:49:44][Server]client #0 transferred 春丽 #7917
[INFO][2021-07-24 14:49:44][Server]client #0 transferred 春丽 #7917
[INFO][2021-07-24 14:49:44][Server]client #0 transferred 春丽 #7917
[INFO][2021-07-24 14:49:44][Server]client #0 transferred 春丽 #7917
[INFO][2021-07-24 14:49:45][Server]client #0 transferred 春丽 #7917
[INFO][2021-07-24 14:49:45][Server]client #0 transferred 春丽 #7917
[INFO][2021-07-24 14:49:45][Server]client #0 transferred 春丽 #7917
[INFO][2021-07-24 14:49:45][Server]client #0 transferred 春丽 #7917
[INFO][2021-07-24 14:49:45][Server]client #0 transferred 春丽 #7917
[INFO][2021-07-24 14:49:45][Server]client #0 transferred 春丽 #7917
[INFO][2021-07-24 14:49:45][Server]client #0 transferred 春丽 #7917
[INFO][2021-07-24 14:49:45][Server]client #0 transferred 春丽 #7917
[INFO][2021-07-24 14:49:45][Server]client #0 transferred 春丽 #7917
[INFO][2021-07-24 14:49:45][Server]client #0 transferred 春丽 #7917
[INFO][2021-07-24 14:49:45][Server]client #0 transferred 春丽 #7917
[INFO][2021-07-24 14:49:45][Server]client #0 transferred 春丽 #7917
[INFO][2021-07-24 14:49:45][Server]client #0 transferred 春丽 #7917
[INFO][2021-07-24 14:49:45][Server]client #0 transferred 春丽 #7917
[INFO][2021-07-24 14:49:45][Server]client #0 transferred 春丽 #7917
[INFO][2021-07-24 14:49:45][Server]client #0 transferred 春丽 #7917
[INFO][2021-07-24 14:49:46][Server]client #0 transferred 春丽 #7917
[INFO][2021-07-24 14:49:46][Server]client #0 transferred 春丽 #7917
[INFO][2021-07-24 14:49:46][Server]client #0 transferred 春丽 #7917
[INFO][2021-07-24 14:49:46][Server]client #0 transferred 春丽 #7917
[INFO][2021-07-24 14:49:46][Server]client #0 transferred 春丽 #7917
[INFO][2021-07-24 14:49:46][Server]client #0 transferred 春丽 #7917
[INFO][2021-07-24 14:49:46][Server]client #0 transferred 春丽 #7917
[INFO][2021-07-24 14:49:46][Server]client #0 transferred 春丽 #7917
[INFO][2021-07-24 14:49:46][Server]client #0 transferred 春丽 #7917
[INFO][2021-07-24 14:49:46][Server]client #0 transferred 春丽 #7917
[INFO][2021-07-24 14:49:46][Server]client #0 transferred 春丽 #7917
[INFO][2021-07-24 14:49:46][Server]client #0 transferred 春丽 #7917
[INFO][2021-07-24 14:49:46][Server]client #0 transferred 春丽 #7917
[INFO][2021-07-24 14:49:46][Server]client #0 transferred 春丽 #7917
[INFO][2021-07-24 14:49:46][Server]client #0 transferred 春丽 #7917
[INFO][2021-07-24 14:49:46][Server]client #0 transferred 春丽 #7917
[INFO][2021-07-24 14:49:47][Server]client #0 transferred 春丽 #7917
[INFO][2021-07-24 14:49:47][Server]client #0 transferred 春丽 #7917
[INFO][2021-07-24 14:49:47][Server]client #0 transferred 春丽 #7917
[INFO][2021-07-24 14:49:47][Server]client #0 transferred 春丽 #7917
[INFO][2021-07-24 14:49:47][Server]client #0 transferred 春丽 #7917
[INFO][2021-07-24 14:49:47][Server]client #0 transferred 春丽 #7917
[INFO][2021-07-24 14:49:47][Server]client #0 transferred 春丽 #7917
[INFO][2021-07-24 14:49:47][Server]client #0 transferred 春丽 #7917
[INFO][2021-07-24 14:49:47][Server]client #0 transferred 春丽 #7917
[INFO][2021-07-24 14:49:47][Server]client #0 transferred 春丽 #7917
[INFO][2021-07-24 14:49:47][Server]client #0 transferred 春丽 #7917
[INFO][2021-07-24 14:49:47][Server]client #0 transferred 春丽 #7917
[INFO][2021-07-24 14:49:47][Server]client #0 transferred 春丽 #7917
[INFO][2021-07-24 14:49:47][Server]client #0 transferred 春丽 #7917
[INFO][2021-07-24 14:49:47][Server]client #0 transferred 春丽 #7917
[INFO][2021-07-24 14:49:47][Server]client #0 transferred 春丽 #7917
[INFO][2021-07-24 14:49:48][Server]client #0 transferred 春丽 #7917
[INFO][2021-07-24 14:49:48][Server]client #0 transferred 春丽 #7917
[INFO][2021-07-24 14:49:48][Server]client #0 transferred 春丽 #7917
[INFO][2021-07-24 14:49:48][Server]client #0 transferred 春丽 #7917
[INFO][2021-07-24 14:49:48][Server]client #0 transferred 春丽 #7917
[INFO][2021-07-24 14:49:48][Server]client #0 transferred 春丽 #7917
[INFO][2021-07-24 14:49:48][Server]client #0 transferred 春丽 #7917
[INFO][2021-07-24 14:49:48][Server]client #0 transferred 春丽 #7917
[INFO][2021-07-24 14:49:48][Server]client #0 transferred 春丽 #7917
[INFO][2021-07-24 14:49:48][Server]client #0 transferred 春丽 #7917
[INFO][2021-07-24 14:49:48][Server]client #0 transferred 春丽 #7917
[INFO][2021-07-24 14:49:48][Server]client #0 transferred 春丽 #7917
[INFO][2021-07-24 14:49:48][Server]client #0 transferred 春丽 #7917
[INFO][2021-07-24 14:49:48][Server]client #0 transferred 春丽 #7917
[INFO][2021-07-24 14:49:48][Server]client #0 transferred 春丽 #7917
[INFO][2021-07-24 14:49:48][Server]client #0 transferred 春丽 #7917
[INFO][2021-07-24 14:49:49][Server]client #0 transferred 春丽 #7917
[INFO][2021-07-24 14:49:49][Server]client #0 transferred 春丽 #7917
[INFO][2021-07-24 14:49:49][Server]client #0 transferred 春丽 #7917
[INFO][2021-07-24 14:49:49][Server]client #0 transferred 春丽 #7917
[INFO][2021-07-24 14:49:49][Server]client #0 transferred 春丽 #7917
[INFO][2021-07-24 14:49:49][Server]client #0 transferred 春丽 #7917
[INFO][2021-07-24 14:49:49][Server]client #0 transferred 春丽 #7917
[INFO][2021-07-24 14:49:49][Server]client #0 transferred 春丽 #7917
[INFO][2021-07-24 14:49:49][Server]client #0 transferred 春丽 #7917
[INFO][2021-07-24 14:49:49][Server]client #0 transferred 春丽 #7917
[INFO][2021-07-24 14:49:49][Server]client #0 transferred 春丽 #7917
[INFO][2021-07-24 14:49:49][Server]client #0 transferred 春丽 #7917
[INFO][2021-07-24 14:49:49][Server]client #0 transferred 春丽 #7917
[INFO][2021-07-24 14:49:49][Server]client #0 transferred 春丽 #7917
[INFO][2021-07-24 14:49:49][Server]client #0 transferred 春丽 #7917
[INFO][2021-07-24 14:49:49][Server]client #0 transferred 春丽 #7917
[INFO][2021-07-24 14:49:50][Server]client #0 transferred 春丽 #7917
[INFO][2021-07-24 14:49:50][Server]client #0 transferred 春丽 #7917
[INFO][2021-07-24 14:49:50][Server]client #0 transferred 春丽 #7917
[INFO][2021-07-24 14:49:50][Server]client #0 transferred 春丽 #7917
[INFO][2021-07-24 14:49:50][Server]client #0 transferred 春丽 #7917
[INFO][2021-07-24 14:49:50][Server]client #0 transferred 春丽 #7917
[INFO][2021-07-24 14:49:50][Server]client #0 transferred 春丽 #7917
[INFO][2021-07-24 14:49:50][Server]client #0 transferred 春丽 #7917
[INFO][2021-07-24 14:49:50][Server]client #0 transferred 春丽 #7917
[INFO][2021-07-24 14:49:50][Server]client #0 transferred 春丽 #7917
[INFO][2021-07-24 14:49:50][Server]client #0 transferred 春丽 #7917
[INFO][2021-07-24 14:49:50][Server]client #0 transferred 春丽 #7917
[INFO][2021-07-24 14:49:50][Server]client #0 transferred 春丽 #7917
[INFO][2021-07-24 14:49:50][Server]client #0 transferred 春丽 #7917
[INFO][2021-07-24 14:49:50][Server]client #0 transferred 春丽 #7917
[INFO][2021-07-24 14:49:50][Server]client #0 transferred 春丽 #7917
[INFO][2021-07-24 14:49:51][Server]client #0 transferred 春丽 #7917
[INFO][2021-07-24 14:49:51][Server]client #0 transferred 春丽 #7917
[INFO][2021-07-24 14:49:51][Server]client #0 transferred 春丽 #7917
[INFO][2021-07-24 14:49:51][Server]client #0 transferred 春丽 #7917
[INFO][2021-07-24 14:49:51][Server]client #0 transferred 春丽 #7917
[INFO][2021-07-24 14:49:51][Server]client #0 transferred 春丽 #7917
[INFO][2021-07-24 14:49:51][Server]client #0 transferred 春丽 #7917
[INFO][2021-07-24 14:49:51][Server]client #0 transferred 春丽 #7917
[INFO][2021-07-24 14:49:51][Server]client #0 transferred 春丽 #7917
[INFO][2021-07-24 14:49:51][Server]client #0 transferred 春丽 #7917
[INFO][2021-07-24 14:49:51][Server]client #0 transferred 春丽 #7917
[INFO][2021-07-24 14:49:51][Server]client #0 transferred 春丽 #7917
[INFO][2021-07-24 14:49:51][Server]client #0 transferred 春丽 #7917
[INFO][2021-07-24 14:49:51][Server]client #0 transferred 春丽 #7917
[INFO][2021-07-24 14:49:51][Server]client #0 transferred 春丽 #7917
[INFO][2021-07-24 14:49:51][Server]client #0 transferred 春丽 #7917
[INFO][2021-07-24 14:49:52][Server]client #0 transferred 春丽 #7917
[INFO][2021-07-24 14:49:52][Server]client #0 transferred 春丽 #7917
[INFO][2021-07-24 14:49:52][Server]client #0 transferred 春丽 #7917
[INFO][2021-07-24 14:49:52][Server]client #0 transferred 春丽 #7917
[INFO][2021-07-24 14:49:52][Server]client #0 transferred 春丽 #7917
[INFO][2021-07-24 14:49:52][Server]client #0 transferred 春丽 #7917
[INFO][2021-07-24 14:49:52][Server]client #0 transferred 春丽 #7917
[INFO][2021-07-24 14:49:52][Server]client #0 transferred 春丽 #7917
[INFO][2021-07-24 14:49:52][Server]client #0 transferred 春丽 #7917
[INFO][2021-07-24 14:49:52][Server]client #0 transferred 春丽 #7917
[INFO][2021-07-24 14:49:52][Server]client #0 transferred 春丽 #7917
[INFO][2021-07-24 14:49:52][Server]client #0 transferred 春丽 #7917
[INFO][2021-07-24 14:49:52][Server]client #0 transferred 春丽 #7917
[INFO][2021-07-24 14:49:52][Server]client #0 transferred 春丽 #7917
[INFO][2021-07-24 14:49:52][Server]client #0 transferred 春丽 #7917
[INFO][2021-07-24 14:49:52][Server]client #0 transferred 春丽 #7917
[INFO][2021-07-24 14:49:53][Server]client #0 transferred 春丽 #7917
[INFO][2021-07-24 14:49:53][Server]client #0 transferred 春丽 #7917
[INFO][2021-07-24 14:49:53][Server]client #0 transferred 春丽 #7917
[INFO][2021-07-24 14:49:53][Server]client #0 transferred 春丽 #7917
[INFO][2021-07-24 14:49:53][Server]client #0 transferred 春丽 #7917
[INFO][2021-07-24 14:49:53][Server]client #0 transferred 春丽 #7917
[INFO][2021-07-24 14:49:53][Server]client #0 transferred 春丽 #7917
