[INFO][2021-07-26 19:42:39]Send stand
[INFO][2021-07-26 19:43:19]Send right move
[INFO][2021-07-26 19:43:19]Send stand
[INFO][2021-07-26 19:43:19]Send up
[INFO][2021-07-26 19:43:19]Send stand
[INFO][2021-07-26 19:43:20]Send down
[INFO][2021-07-26 19:43:20]Send stand
[INFO][2021-07-26 19:43:20]Send right move
[INFO][2021-07-26 19:43:20]Send stand
[INFO][2021-07-26 19:43:20]Send right move
[INFO][2021-07-26 19:43:20]Send stand
[INFO][2021-07-26 19:43:21]Send right move
[INFO][2021-07-26 19:43:21]Send stand
[INFO][2021-07-26 19:43:21]Send right move
[INFO][2021-07-26 19:43:21]Send stand
[INFO][2021-07-26 19:43:21]Send right move
[INFO][2021-07-26 19:43:21]Send stand
[INFO][2021-07-26 19:43:21]Send right move
[INFO][2021-07-26 19:43:21]Send stand
[INFO][2021-07-26 19:43:22]Send normal attack
[INFO][2021-07-26 19:43:22]Send stand
[INFO][2021-07-26 19:43:22]Send normal attack
[INFO][2021-07-26 19:43:22]Send stand
[INFO][2021-07-26 19:43:22]Send normal attack
[INFO][2021-07-26 19:43:22]Send stand
[INFO][2021-07-26 19:43:22]Send normal attack
[INFO][2021-07-26 19:43:22]Send stand
[INFO][2021-07-26 19:43:22]Send right move
[INFO][2021-07-26 19:43:22]Send stand
[INFO][2021-07-26 19:43:22]Send right move
[INFO][2021-07-26 19:43:23]Send stand
[INFO][2021-07-26 19:43:23]Send right move
[INFO][2021-07-26 19:43:23]Send stand
[INFO][2021-07-26 19:43:23]Send right move
[INFO][2021-07-26 19:43:23]Send stand
[INFO][2021-07-26 19:43:23]Send left move
[INFO][2021-07-26 19:43:23]Send stand
[INFO][2021-07-26 19:43:23]Send right move
[INFO][2021-07-26 19:43:24]Send stand
[INFO][2021-07-26 19:43:24]Send right move
[INFO][2021-07-26 19:43:24]Send stand
[INFO][2021-07-26 19:43:24]Send normal attack
[INFO][2021-07-26 19:43:24]Send stand
[INFO][2021-07-26 19:43:24]Send normal attack
[INFO][2021-07-26 19:43:24]Send stand
[INFO][2021-07-26 19:43:24]Send normal attack
[INFO][2021-07-26 19:43:24]Send stand
[INFO][2021-07-26 19:43:25]Send normal attack
[INFO][2021-07-26 19:43:25]Send stand
[INFO][2021-07-26 19:43:25]Send normal attack
[INFO][2021-07-26 19:43:25]Send stand
[INFO][2021-07-26 19:43:25]Send normal attack
[INFO][2021-07-26 19:43:25]Send stand
[INFO][2021-07-26 19:43:25]Send normal attack
[INFO][2021-07-26 19:43:25]Send stand
[INFO][2021-07-26 19:43:26]Send huge attack
[INFO][2021-07-26 19:43:26]Send stand
