[INFO][2021-07-27 08:39:50][Server]Server started.
[INFO][2021-07-27 08:39:59][Server]client #1 transferred buzhihuowu #7639
[INFO][2021-07-27 08:39:59][Server]client #1 transferred buzhihuowu #7639
[INFO][2021-07-27 08:40:05][Server]client #2 transferred bashenan #4378
[INFO][2021-07-27 08:40:05][Server]User #1 x-Loc=700 y-Loc=300 xHead=0  Act=0 HP=100 MP=0
[INFO][2021-07-27 08:40:05][Server]User #2 x-Loc=50 y-Loc=300 xHead=1  Act=0 HP=100 MP=0
[INFO][2021-07-27 08:40:05][Server]client #1 transferred buzhihuowu #7639
[INFO][2021-07-27 08:40:05][Server]User #1 x-Loc=700 y-Loc=300 xHead=0  Act=0 HP=100 MP=0
[INFO][2021-07-27 08:40:05][Server]User #2 x-Loc=50 y-Loc=300 xHead=1  Act=0 HP=100 MP=0
[INFO][2021-07-27 08:40:05][Server]client #2 transferred bashenan #4378
[INFO][2021-07-27 08:40:05][Server]User #1 x-Loc=0 y-Loc=0 xHead=0  Act=0 HP=100 MP=0
[INFO][2021-07-27 08:40:05][Server]User #2 x-Loc=50 y-Loc=300 xHead=1  Act=0 HP=100 MP=0
[INFO][2021-07-27 08:40:05][Server]client #2 transferred bashenan #4378
[INFO][2021-07-27 08:40:05][Server]User #1 x-Loc=700 y-Loc=300 xHead=0  Act=0 HP=100 MP=0
[INFO][2021-07-27 08:40:05][Server]User #2 x-Loc=50 y-Loc=300 xHead=1  Act=0 HP=100 MP=0
[INFO][2021-07-27 08:40:11][Server]client #2 transferred bashenan #4378
[INFO][2021-07-27 08:40:11][Server]User #1 x-Loc=750 y-Loc=300 xHead=1  Act=1 HP=100 MP=0
[INFO][2021-07-27 08:40:11][Server]User #2 x-Loc=50 y-Loc=300 xHead=1  Act=0 HP=100 MP=0
[INFO][2021-07-27 08:40:11][Server]client #2 transferred bashenan #4378
[INFO][2021-07-27 08:40:11][Server]User #1 x-Loc=750 y-Loc=300 xHead=1  Act=0 HP=100 MP=0
[INFO][2021-07-27 08:40:11][Server]User #2 x-Loc=50 y-Loc=300 xHead=1  Act=0 HP=100 MP=0
[INFO][2021-07-27 08:40:12][Server]client #2 transferred bashenan #4378
[INFO][2021-07-27 08:40:12][Server]User #1 x-Loc=700 y-Loc=300 xHead=0  Act=1 HP=100 MP=0
[INFO][2021-07-27 08:40:12][Server]User #2 x-Loc=50 y-Loc=300 xHead=1  Act=0 HP=100 MP=0
[INFO][2021-07-27 08:40:12][Server]client #2 transferred bashenan #4378
[INFO][2021-07-27 08:40:12][Server]User #1 x-Loc=700 y-Loc=300 xHead=0  Act=0 HP=100 MP=0
[INFO][2021-07-27 08:40:12][Server]User #2 x-Loc=50 y-Loc=300 xHead=1  Act=0 HP=100 MP=0
[INFO][2021-07-27 08:40:12][Server]client #2 transferred bashenan #4378
[INFO][2021-07-27 08:40:12][Server]User #1 x-Loc=650 y-Loc=300 xHead=0  Act=1 HP=100 MP=0
[INFO][2021-07-27 08:40:12][Server]User #2 x-Loc=50 y-Loc=300 xHead=1  Act=0 HP=100 MP=0
[INFO][2021-07-27 08:40:13][Server]client #2 transferred bashenan #4378
[INFO][2021-07-27 08:40:13][Server]User #1 x-Loc=650 y-Loc=300 xHead=0  Act=0 HP=100 MP=0
[INFO][2021-07-27 08:40:13][Server]User #2 x-Loc=50 y-Loc=300 xHead=1  Act=0 HP=100 MP=0
[INFO][2021-07-27 08:40:13][Server]client #2 transferred bashenan #4378
[INFO][2021-07-27 08:40:13][Server]User #1 x-Loc=600 y-Loc=300 xHead=0  Act=1 HP=100 MP=0
[INFO][2021-07-27 08:40:13][Server]User #2 x-Loc=50 y-Loc=300 xHead=1  Act=0 HP=100 MP=0
[INFO][2021-07-27 08:40:13][Server]client #2 transferred bashenan #4378
[INFO][2021-07-27 08:40:13][Server]User #1 x-Loc=600 y-Loc=300 xHead=0  Act=0 HP=100 MP=0
[INFO][2021-07-27 08:40:13][Server]User #2 x-Loc=50 y-Loc=300 xHead=1  Act=0 HP=100 MP=0
[INFO][2021-07-27 08:40:13][Server]client #2 transferred bashenan #4378
[INFO][2021-07-27 08:40:13][Server]User #1 x-Loc=550 y-Loc=300 xHead=0  Act=1 HP=100 MP=0
[INFO][2021-07-27 08:40:13][Server]User #2 x-Loc=50 y-Loc=300 xHead=1  Act=0 HP=100 MP=0
[INFO][2021-07-27 08:40:13][Server]client #2 transferred bashenan #4378
[INFO][2021-07-27 08:40:13][Server]User #1 x-Loc=550 y-Loc=300 xHead=0  Act=0 HP=100 MP=0
[INFO][2021-07-27 08:40:13][Server]User #2 x-Loc=50 y-Loc=300 xHead=1  Act=0 HP=100 MP=0
[INFO][2021-07-27 08:40:13][Server]client #2 transferred bashenan #4378
[INFO][2021-07-27 08:40:13][Server]User #1 x-Loc=500 y-Loc=300 xHead=0  Act=1 HP=100 MP=0
[INFO][2021-07-27 08:40:13][Server]User #2 x-Loc=50 y-Loc=300 xHead=1  Act=0 HP=100 MP=0
[INFO][2021-07-27 08:40:13][Server]client #2 transferred bashenan #4378
[INFO][2021-07-27 08:40:13][Server]User #1 x-Loc=500 y-Loc=300 xHead=0  Act=0 HP=100 MP=0
[INFO][2021-07-27 08:40:13][Server]User #2 x-Loc=50 y-Loc=300 xHead=1  Act=0 HP=100 MP=0
[INFO][2021-07-27 08:40:13][Server]client #2 transferred bashenan #4378
[INFO][2021-07-27 08:40:13][Server]User #1 x-Loc=450 y-Loc=300 xHead=0  Act=1 HP=100 MP=0
[INFO][2021-07-27 08:40:13][Server]User #2 x-Loc=50 y-Loc=300 xHead=1  Act=0 HP=100 MP=0
[INFO][2021-07-27 08:40:13][Server]client #2 transferred bashenan #4378
[INFO][2021-07-27 08:40:13][Server]User #1 x-Loc=450 y-Loc=300 xHead=0  Act=0 HP=100 MP=0
[INFO][2021-07-27 08:40:13][Server]User #2 x-Loc=50 y-Loc=300 xHead=1  Act=0 HP=100 MP=0
[INFO][2021-07-27 08:40:13][Server]client #2 transferred bashenan #4378
[INFO][2021-07-27 08:40:13][Server]User #1 x-Loc=400 y-Loc=300 xHead=0  Act=1 HP=100 MP=0
[INFO][2021-07-27 08:40:13][Server]User #2 x-Loc=50 y-Loc=300 xHead=1  Act=0 HP=100 MP=0
[INFO][2021-07-27 08:40:13][Server]client #2 transferred bashenan #4378
[INFO][2021-07-27 08:40:13][Server]User #1 x-Loc=400 y-Loc=300 xHead=0  Act=0 HP=100 MP=0
[INFO][2021-07-27 08:40:13][Server]User #2 x-Loc=50 y-Loc=300 xHead=1  Act=0 HP=100 MP=0
[INFO][2021-07-27 08:40:13][Server]client #2 transferred bashenan #4378
[INFO][2021-07-27 08:40:13][Server]User #1 x-Loc=350 y-Loc=300 xHead=0  Act=1 HP=100 MP=0
[INFO][2021-07-27 08:40:13][Server]User #2 x-Loc=50 y-Loc=300 xHead=1  Act=0 HP=100 MP=0
[INFO][2021-07-27 08:40:13][Server]client #2 transferred bashenan #4378
[INFO][2021-07-27 08:40:13][Server]User #1 x-Loc=350 y-Loc=300 xHead=0  Act=0 HP=100 MP=0
[INFO][2021-07-27 08:40:13][Server]User #2 x-Loc=50 y-Loc=300 xHead=1  Act=0 HP=100 MP=0
[INFO][2021-07-27 08:40:13][Server]client #2 transferred bashenan #4378
[INFO][2021-07-27 08:40:13][Server]User #1 x-Loc=300 y-Loc=300 xHead=0  Act=1 HP=100 MP=0
[INFO][2021-07-27 08:40:13][Server]User #2 x-Loc=50 y-Loc=300 xHead=1  Act=0 HP=100 MP=0
[INFO][2021-07-27 08:40:13][Server]client #2 transferred bashenan #4378
[INFO][2021-07-27 08:40:13][Server]User #1 x-Loc=300 y-Loc=300 xHead=0  Act=0 HP=100 MP=0
[INFO][2021-07-27 08:40:13][Server]User #2 x-Loc=50 y-Loc=300 xHead=1  Act=0 HP=100 MP=0
[INFO][2021-07-27 08:40:13][Server]client #2 transferred bashenan #4378
[INFO][2021-07-27 08:40:13][Server]User #1 x-Loc=250 y-Loc=300 xHead=0  Act=1 HP=100 MP=0
[INFO][2021-07-27 08:40:13][Server]User #2 x-Loc=50 y-Loc=300 xHead=1  Act=0 HP=100 MP=0
[INFO][2021-07-27 08:40:13][Server]client #2 transferred bashenan #4378
[INFO][2021-07-27 08:40:13][Server]User #1 x-Loc=250 y-Loc=300 xHead=0  Act=0 HP=100 MP=0
[INFO][2021-07-27 08:40:13][Server]User #2 x-Loc=50 y-Loc=300 xHead=1  Act=0 HP=100 MP=0
[INFO][2021-07-27 08:40:14][Server]client #2 transferred bashenan #4378
[INFO][2021-07-27 08:40:14][Server]User #1 x-Loc=200 y-Loc=300 xHead=0  Act=1 HP=100 MP=0
[INFO][2021-07-27 08:40:14][Server]User #2 x-Loc=50 y-Loc=300 xHead=1  Act=0 HP=100 MP=0
[INFO][2021-07-27 08:40:14][Server]client #2 transferred bashenan #4378
[INFO][2021-07-27 08:40:14][Server]User #1 x-Loc=200 y-Loc=300 xHead=0  Act=0 HP=100 MP=0
[INFO][2021-07-27 08:40:14][Server]User #2 x-Loc=50 y-Loc=300 xHead=1  Act=0 HP=100 MP=0
[INFO][2021-07-27 08:40:14][Server]client #2 transferred bashenan #4378
[INFO][2021-07-27 08:40:14][Server]User #1 x-Loc=150 y-Loc=300 xHead=0  Act=1 HP=100 MP=0
[INFO][2021-07-27 08:40:14][Server]User #2 x-Loc=50 y-Loc=300 xHead=1  Act=0 HP=100 MP=0
[INFO][2021-07-27 08:40:14][Server]client #2 transferred bashenan #4378
[INFO][2021-07-27 08:40:14][Server]User #1 x-Loc=150 y-Loc=300 xHead=0  Act=0 HP=100 MP=0
[INFO][2021-07-27 08:40:14][Server]User #2 x-Loc=50 y-Loc=300 xHead=1  Act=0 HP=100 MP=0
[INFO][2021-07-27 08:40:14][Server]client #2 transferred bashenan #4378
[INFO][2021-07-27 08:40:14][Server]User #1 x-Loc=100 y-Loc=300 xHead=0  Act=1 HP=100 MP=0
[INFO][2021-07-27 08:40:14][Server]User #2 x-Loc=50 y-Loc=300 xHead=1  Act=0 HP=100 MP=0
[INFO][2021-07-27 08:40:14][Server]client #2 transferred bashenan #4378
[INFO][2021-07-27 08:40:14][Server]User #1 x-Loc=100 y-Loc=300 xHead=0  Act=0 HP=100 MP=0
[INFO][2021-07-27 08:40:14][Server]User #2 x-Loc=50 y-Loc=300 xHead=1  Act=0 HP=100 MP=0
[INFO][2021-07-27 08:40:14][Server]client #2 transferred bashenan #4378
[INFO][2021-07-27 08:40:14][Server]Player #1 Attack Player #2. Got Damage 10pts.
        Now Player #1 HP is 100   MP is 3
            Player #2 HP is 90   MP is 1
[INFO][2021-07-27 08:40:14][Server]User #1 x-Loc=100 y-Loc=300 xHead=0  Act=10 HP=100 MP=3
[INFO][2021-07-27 08:40:14][Server]User #2 x-Loc=50 y-Loc=300 xHead=1  Act=15 HP=90 MP=1
[INFO][2021-07-27 08:40:14][Server]client #2 transferred bashenan #4378
[INFO][2021-07-27 08:40:14][Server]User #1 x-Loc=100 y-Loc=300 xHead=0  Act=0 HP=100 MP=3
[INFO][2021-07-27 08:40:14][Server]User #2 x-Loc=50 y-Loc=300 xHead=1  Act=15 HP=90 MP=1
[INFO][2021-07-27 08:40:15][Server]client #2 transferred bashenan #4378
[INFO][2021-07-27 08:40:15][Server]Player #1 Attack Player #2. Got Damage 10pts.
        Now Player #1 HP is 100   MP is 6
            Player #2 HP is 80   MP is 2
[INFO][2021-07-27 08:40:15][Server]User #1 x-Loc=100 y-Loc=300 xHead=0  Act=10 HP=100 MP=6
[INFO][2021-07-27 08:40:15][Server]User #2 x-Loc=50 y-Loc=300 xHead=1  Act=16 HP=80 MP=2
[INFO][2021-07-27 08:40:15][Server]client #2 transferred bashenan #4378
[INFO][2021-07-27 08:40:15][Server]User #1 x-Loc=100 y-Loc=300 xHead=0  Act=0 HP=100 MP=6
[INFO][2021-07-27 08:40:15][Server]User #2 x-Loc=50 y-Loc=300 xHead=1  Act=16 HP=80 MP=2
[INFO][2021-07-27 08:40:16][Server]client #2 transferred bashenan #4378
[INFO][2021-07-27 08:40:16][Server]Player #1 Attack Player #2. Got Damage 10pts.
        Now Player #1 HP is 100   MP is 9
            Player #2 HP is 70   MP is 3
[INFO][2021-07-27 08:40:16][Server]User #1 x-Loc=100 y-Loc=300 xHead=0  Act=10 HP=100 MP=9
[INFO][2021-07-27 08:40:16][Server]User #2 x-Loc=50 y-Loc=300 xHead=1  Act=17 HP=70 MP=3
[INFO][2021-07-27 08:40:16][Server]client #2 transferred bashenan #4378
[INFO][2021-07-27 08:40:16][Server]User #1 x-Loc=100 y-Loc=300 xHead=0  Act=0 HP=100 MP=9
[INFO][2021-07-27 08:40:16][Server]User #2 x-Loc=50 y-Loc=300 xHead=1  Act=17 HP=70 MP=3
[INFO][2021-07-27 08:40:16][Server]client #2 transferred bashenan #4378
[INFO][2021-07-27 08:40:16][Server]Player #1 Attack Player #2. Got Damage 10pts.
        Now Player #1 HP is 100   MP is 12
            Player #2 HP is 60   MP is 4
[INFO][2021-07-27 08:40:16][Server]User #1 x-Loc=100 y-Loc=300 xHead=0  Act=10 HP=100 MP=12
[INFO][2021-07-27 08:40:16][Server]User #2 x-Loc=50 y-Loc=300 xHead=1  Act=0 HP=60 MP=4
[INFO][2021-07-27 08:40:16][Server]client #2 transferred bashenan #4378
[INFO][2021-07-27 08:40:16][Server]User #1 x-Loc=100 y-Loc=300 xHead=0  Act=0 HP=100 MP=12
[INFO][2021-07-27 08:40:16][Server]User #2 x-Loc=50 y-Loc=300 xHead=1  Act=0 HP=60 MP=4
[INFO][2021-07-27 08:40:17][Server]client #2 transferred bashenan #4378
[INFO][2021-07-27 08:40:17][Server]Player #1 Attack Player #2. Got Damage 10pts.
        Now Player #1 HP is 100   MP is 15
            Player #2 HP is 50   MP is 5
[INFO][2021-07-27 08:40:17][Server]User #1 x-Loc=100 y-Loc=300 xHead=0  Act=10 HP=100 MP=15
[INFO][2021-07-27 08:40:17][Server]User #2 x-Loc=50 y-Loc=300 xHead=1  Act=15 HP=50 MP=5
[INFO][2021-07-27 08:40:17][Server]client #2 transferred bashenan #4378
[INFO][2021-07-27 08:40:17][Server]User #1 x-Loc=100 y-Loc=300 xHead=0  Act=0 HP=100 MP=15
[INFO][2021-07-27 08:40:17][Server]User #2 x-Loc=50 y-Loc=300 xHead=1  Act=15 HP=50 MP=5
[INFO][2021-07-27 08:40:17][Server]client #2 transferred bashenan #4378
[INFO][2021-07-27 08:40:17][Server]Player #1 Attack Player #2. Got Damage 30pts.
        Now Player #1 HP is 100   MP is 3
            Player #2 HP is 20   MP is 6
[INFO][2021-07-27 08:40:17][Server]User #1 x-Loc=100 y-Loc=300 xHead=0  Act=12 HP=100 MP=3
[INFO][2021-07-27 08:40:17][Server]User #2 x-Loc=50 y-Loc=300 xHead=1  Act=16 HP=20 MP=6
[INFO][2021-07-27 08:40:18][Server]client #2 transferred bashenan #4378
[INFO][2021-07-27 08:40:18][Server]User #1 x-Loc=100 y-Loc=300 xHead=0  Act=0 HP=100 MP=3
[INFO][2021-07-27 08:40:18][Server]User #2 x-Loc=50 y-Loc=300 xHead=1  Act=16 HP=20 MP=6
[INFO][2021-07-27 08:40:19][Server]client #2 transferred bashenan #4378
[INFO][2021-07-27 08:40:19][Server]Player #1 Attack Player #2. Got Damage 10pts.
        Now Player #1 HP is 100   MP is 6
            Player #2 HP is 10   MP is 7
[INFO][2021-07-27 08:40:19][Server]User #1 x-Loc=100 y-Loc=300 xHead=0  Act=10 HP=100 MP=6
[INFO][2021-07-27 08:40:19][Server]User #2 x-Loc=50 y-Loc=300 xHead=1  Act=17 HP=10 MP=7
[INFO][2021-07-27 08:40:19][Server]client #2 transferred bashenan #4378
[INFO][2021-07-27 08:40:19][Server]User #1 x-Loc=100 y-Loc=300 xHead=0  Act=0 HP=100 MP=6
[INFO][2021-07-27 08:40:19][Server]User #2 x-Loc=50 y-Loc=300 xHead=1  Act=17 HP=10 MP=7
[INFO][2021-07-27 08:40:19][Server]client #2 transferred bashenan #4378
[INFO][2021-07-27 08:40:19][Server]User #1 x-Loc=150 y-Loc=300 xHead=1  Act=1 HP=100 MP=6
[INFO][2021-07-27 08:40:19][Server]User #2 x-Loc=50 y-Loc=300 xHead=1  Act=17 HP=10 MP=7
[INFO][2021-07-27 08:40:20][Server]client #2 transferred bashenan #4378
[INFO][2021-07-27 08:40:20][Server]User #1 x-Loc=150 y-Loc=300 xHead=1  Act=0 HP=100 MP=6
[INFO][2021-07-27 08:40:20][Server]User #2 x-Loc=50 y-Loc=300 xHead=1  Act=17 HP=10 MP=7
[INFO][2021-07-27 08:40:20][Server]client #2 transferred bashenan #4378
[INFO][2021-07-27 08:40:20][Server]User #1 x-Loc=200 y-Loc=300 xHead=1  Act=1 HP=100 MP=6
[INFO][2021-07-27 08:40:20][Server]User #2 x-Loc=50 y-Loc=300 xHead=1  Act=17 HP=10 MP=7
[INFO][2021-07-27 08:40:20][Server]client #2 transferred bashenan #4378
[INFO][2021-07-27 08:40:20][Server]User #1 x-Loc=200 y-Loc=300 xHead=1  Act=0 HP=100 MP=6
[INFO][2021-07-27 08:40:20][Server]User #2 x-Loc=50 y-Loc=300 xHead=1  Act=17 HP=10 MP=7
[INFO][2021-07-27 08:40:20][Server]client #2 transferred bashenan #4378
[INFO][2021-07-27 08:40:20][Server]User #1 x-Loc=250 y-Loc=300 xHead=1  Act=1 HP=100 MP=6
[INFO][2021-07-27 08:40:20][Server]User #2 x-Loc=50 y-Loc=300 xHead=1  Act=17 HP=10 MP=7
[INFO][2021-07-27 08:40:20][Server]client #2 transferred bashenan #4378
[INFO][2021-07-27 08:40:20][Server]User #1 x-Loc=250 y-Loc=300 xHead=1  Act=0 HP=100 MP=6
[INFO][2021-07-27 08:40:20][Server]User #2 x-Loc=50 y-Loc=300 xHead=1  Act=17 HP=10 MP=7
[INFO][2021-07-27 08:40:20][Server]client #2 transferred bashenan #4378
[INFO][2021-07-27 08:40:20][Server]User #1 x-Loc=300 y-Loc=300 xHead=1  Act=1 HP=100 MP=6
[INFO][2021-07-27 08:40:20][Server]User #2 x-Loc=50 y-Loc=300 xHead=1  Act=17 HP=10 MP=7
[INFO][2021-07-27 08:40:20][Server]client #2 transferred bashenan #4378
[INFO][2021-07-27 08:40:20][Server]User #1 x-Loc=300 y-Loc=300 xHead=1  Act=0 HP=100 MP=6
[INFO][2021-07-27 08:40:20][Server]User #2 x-Loc=50 y-Loc=300 xHead=1  Act=17 HP=10 MP=7
[INFO][2021-07-27 08:40:20][Server]client #2 transferred bashenan #4378
[INFO][2021-07-27 08:40:20][Server]User #1 x-Loc=350 y-Loc=300 xHead=1  Act=1 HP=100 MP=6
[INFO][2021-07-27 08:40:20][Server]User #2 x-Loc=50 y-Loc=300 xHead=1  Act=17 HP=10 MP=7
[INFO][2021-07-27 08:40:20][Server]client #2 transferred bashenan #4378
[INFO][2021-07-27 08:40:20][Server]User #1 x-Loc=350 y-Loc=300 xHead=1  Act=0 HP=100 MP=6
[INFO][2021-07-27 08:40:20][Server]User #2 x-Loc=50 y-Loc=300 xHead=1  Act=17 HP=10 MP=7
[INFO][2021-07-27 08:40:20][Server]client #2 transferred bashenan #4378
[INFO][2021-07-27 08:40:20][Server]User #1 x-Loc=300 y-Loc=300 xHead=0  Act=1 HP=100 MP=6
[INFO][2021-07-27 08:40:20][Server]User #2 x-Loc=50 y-Loc=300 xHead=1  Act=17 HP=10 MP=7
[INFO][2021-07-27 08:40:20][Server]client #2 transferred bashenan #4378
[INFO][2021-07-27 08:40:20][Server]User #1 x-Loc=300 y-Loc=300 xHead=0  Act=0 HP=100 MP=6
[INFO][2021-07-27 08:40:20][Server]User #2 x-Loc=50 y-Loc=300 xHead=1  Act=17 HP=10 MP=7
[INFO][2021-07-27 08:40:21][Server]client #2 transferred bashenan #4378
[INFO][2021-07-27 08:40:21][Server]User #1 x-Loc=250 y-Loc=300 xHead=0  Act=1 HP=100 MP=6
[INFO][2021-07-27 08:40:21][Server]User #2 x-Loc=50 y-Loc=300 xHead=1  Act=17 HP=10 MP=7
[INFO][2021-07-27 08:40:21][Server]client #2 transferred bashenan #4378
[INFO][2021-07-27 08:40:21][Server]User #1 x-Loc=250 y-Loc=300 xHead=0  Act=0 HP=100 MP=6
[INFO][2021-07-27 08:40:21][Server]User #2 x-Loc=50 y-Loc=300 xHead=1  Act=17 HP=10 MP=7
[INFO][2021-07-27 08:40:21][Server]client #2 transferred bashenan #4378
[INFO][2021-07-27 08:40:21][Server]User #1 x-Loc=200 y-Loc=300 xHead=0  Act=1 HP=100 MP=6
[INFO][2021-07-27 08:40:21][Server]User #2 x-Loc=50 y-Loc=300 xHead=1  Act=17 HP=10 MP=7
[INFO][2021-07-27 08:40:21][Server]client #2 transferred bashenan #4378
[INFO][2021-07-27 08:40:21][Server]User #1 x-Loc=200 y-Loc=300 xHead=0  Act=0 HP=100 MP=6
[INFO][2021-07-27 08:40:21][Server]User #2 x-Loc=50 y-Loc=300 xHead=1  Act=17 HP=10 MP=7
[INFO][2021-07-27 08:40:21][Server]client #2 transferred bashenan #4378
[INFO][2021-07-27 08:40:21][Server]User #1 x-Loc=150 y-Loc=300 xHead=0  Act=1 HP=100 MP=6
[INFO][2021-07-27 08:40:21][Server]User #2 x-Loc=50 y-Loc=300 xHead=1  Act=17 HP=10 MP=7
[INFO][2021-07-27 08:40:21][Server]client #2 transferred bashenan #4378
[INFO][2021-07-27 08:40:21][Server]User #1 x-Loc=150 y-Loc=300 xHead=0  Act=0 HP=100 MP=6
[INFO][2021-07-27 08:40:21][Server]User #2 x-Loc=50 y-Loc=300 xHead=1  Act=17 HP=10 MP=7
[INFO][2021-07-27 08:40:22][Server]client #2 transferred bashenan #4378
[INFO][2021-07-27 08:40:22][Server]User #1 x-Loc=100 y-Loc=300 xHead=0  Act=1 HP=100 MP=6
[INFO][2021-07-27 08:40:22][Server]User #2 x-Loc=50 y-Loc=300 xHead=1  Act=17 HP=10 MP=7
[INFO][2021-07-27 08:40:22][Server]client #2 transferred bashenan #4378
[INFO][2021-07-27 08:40:22][Server]User #1 x-Loc=100 y-Loc=300 xHead=0  Act=0 HP=100 MP=6
[INFO][2021-07-27 08:40:22][Server]User #2 x-Loc=50 y-Loc=300 xHead=1  Act=17 HP=10 MP=7
[INFO][2021-07-27 08:40:22][Server]client #2 transferred bashenan #4378
[INFO][2021-07-27 08:40:22][Server]Player #1 Attack Player #2. Got Damage 10pts.
        Now Player #1 HP is 100   MP is 9
            Player #2 HP is 0   MP is 8
[INFO][2021-07-27 08:40:22][Server]User #1 x-Loc=100 y-Loc=300 xHead=0  Act=11 HP=100 MP=9
[INFO][2021-07-27 08:40:22][Server]User #2 x-Loc=50 y-Loc=300 xHead=1  Act=0 HP=0 MP=8
[INFO][2021-07-27 08:40:22][Server]BYE, client 2 ! 
[WARNING][2021-07-27 08:40:31][Server]client 1 Exception ! 
