[INFO][2021-07-27 14:05:18][Server]Server started.
[INFO][2021-07-27 14:05:23][Server]client #1 transferred buzhihuowu #2554
[INFO][2021-07-27 14:05:32][Server]client #2 transferred chunli #1322
[INFO][2021-07-27 14:05:32][Server]User #1 x-Loc=700 y-Loc=300 xHead=0  Act=0 HP=330 MP=0
[INFO][2021-07-27 14:05:32][Server]User #2 x-Loc=50 y-Loc=300 xHead=1  Act=0 HP=330 MP=0
[INFO][2021-07-27 14:05:32][Server]client #1 transferred buzhihuowu #2554
[INFO][2021-07-27 14:05:32][Server]User #1 x-Loc=700 y-Loc=300 xHead=0  Act=0 HP=330 MP=0
[INFO][2021-07-27 14:05:32][Server]User #2 x-Loc=50 y-Loc=300 xHead=1  Act=0 HP=330 MP=0
[INFO][2021-07-27 14:05:32][Server]client #2 transferred chunli #1322
[INFO][2021-07-27 14:05:32][Server]User #1 x-Loc=700 y-Loc=300 xHead=0  Act=0 HP=330 MP=0
[INFO][2021-07-27 14:05:32][Server]User #2 x-Loc=50 y-Loc=300 xHead=1  Act=0 HP=330 MP=0
[INFO][2021-07-27 14:05:33][Server]client #2 transferred chunli #1322
[INFO][2021-07-27 14:05:33][Server]User #1 x-Loc=650 y-Loc=300 xHead=0  Act=1 HP=330 MP=0
[INFO][2021-07-27 14:05:33][Server]User #2 x-Loc=50 y-Loc=300 xHead=1  Act=0 HP=330 MP=0
[INFO][2021-07-27 14:05:33][Server]client #2 transferred chunli #1322
[INFO][2021-07-27 14:05:33][Server]User #1 x-Loc=650 y-Loc=300 xHead=0  Act=0 HP=330 MP=0
[INFO][2021-07-27 14:05:33][Server]User #2 x-Loc=50 y-Loc=300 xHead=1  Act=0 HP=330 MP=0
[INFO][2021-07-27 14:05:33][Server]client #2 transferred chunli #1322
[INFO][2021-07-27 14:05:33][Server]User #1 x-Loc=600 y-Loc=300 xHead=0  Act=1 HP=330 MP=0
[INFO][2021-07-27 14:05:33][Server]User #2 x-Loc=50 y-Loc=300 xHead=1  Act=0 HP=330 MP=0
[INFO][2021-07-27 14:05:33][Server]client #2 transferred chunli #1322
[INFO][2021-07-27 14:05:33][Server]User #1 x-Loc=600 y-Loc=300 xHead=0  Act=0 HP=330 MP=0
[INFO][2021-07-27 14:05:33][Server]User #2 x-Loc=50 y-Loc=300 xHead=1  Act=0 HP=330 MP=0
[INFO][2021-07-27 14:05:34][Server]client #2 transferred chunli #1322
[INFO][2021-07-27 14:05:34][Server]User #1 x-Loc=550 y-Loc=300 xHead=0  Act=1 HP=330 MP=0
[INFO][2021-07-27 14:05:34][Server]User #2 x-Loc=50 y-Loc=300 xHead=1  Act=0 HP=330 MP=0
[INFO][2021-07-27 14:05:34][Server]client #2 transferred chunli #1322
[INFO][2021-07-27 14:05:34][Server]User #1 x-Loc=550 y-Loc=300 xHead=0  Act=0 HP=330 MP=0
[INFO][2021-07-27 14:05:34][Server]User #2 x-Loc=50 y-Loc=300 xHead=1  Act=0 HP=330 MP=0
[INFO][2021-07-27 14:05:34][Server]client #2 transferred chunli #1322
[INFO][2021-07-27 14:05:34][Server]User #1 x-Loc=500 y-Loc=300 xHead=0  Act=1 HP=330 MP=0
[INFO][2021-07-27 14:05:34][Server]User #2 x-Loc=50 y-Loc=300 xHead=1  Act=0 HP=330 MP=0
[INFO][2021-07-27 14:05:34][Server]client #2 transferred chunli #1322
[INFO][2021-07-27 14:05:34][Server]User #1 x-Loc=500 y-Loc=300 xHead=0  Act=0 HP=330 MP=0
[INFO][2021-07-27 14:05:34][Server]User #2 x-Loc=50 y-Loc=300 xHead=1  Act=0 HP=330 MP=0
[INFO][2021-07-27 14:05:34][Server]client #2 transferred chunli #1322
[INFO][2021-07-27 14:05:34][Server]User #1 x-Loc=450 y-Loc=300 xHead=0  Act=1 HP=330 MP=0
[INFO][2021-07-27 14:05:34][Server]User #2 x-Loc=50 y-Loc=300 xHead=1  Act=0 HP=330 MP=0
[INFO][2021-07-27 14:05:34][Server]client #2 transferred chunli #1322
[INFO][2021-07-27 14:05:34][Server]User #1 x-Loc=450 y-Loc=300 xHead=0  Act=0 HP=330 MP=0
[INFO][2021-07-27 14:05:34][Server]User #2 x-Loc=50 y-Loc=300 xHead=1  Act=0 HP=330 MP=0
[INFO][2021-07-27 14:05:34][Server]client #2 transferred chunli #1322
[INFO][2021-07-27 14:05:34][Server]User #1 x-Loc=400 y-Loc=300 xHead=0  Act=1 HP=330 MP=0
[INFO][2021-07-27 14:05:34][Server]User #2 x-Loc=50 y-Loc=300 xHead=1  Act=0 HP=330 MP=0
[INFO][2021-07-27 14:05:34][Server]client #2 transferred chunli #1322
[INFO][2021-07-27 14:05:34][Server]User #1 x-Loc=400 y-Loc=300 xHead=0  Act=0 HP=330 MP=0
[INFO][2021-07-27 14:05:34][Server]User #2 x-Loc=50 y-Loc=300 xHead=1  Act=0 HP=330 MP=0
[INFO][2021-07-27 14:05:34][Server]client #2 transferred chunli #1322
[INFO][2021-07-27 14:05:34][Server]User #1 x-Loc=350 y-Loc=300 xHead=0  Act=1 HP=330 MP=0
[INFO][2021-07-27 14:05:34][Server]User #2 x-Loc=50 y-Loc=300 xHead=1  Act=0 HP=330 MP=0
[INFO][2021-07-27 14:05:34][Server]client #2 transferred chunli #1322
[INFO][2021-07-27 14:05:34][Server]User #1 x-Loc=350 y-Loc=300 xHead=0  Act=0 HP=330 MP=0
[INFO][2021-07-27 14:05:34][Server]User #2 x-Loc=50 y-Loc=300 xHead=1  Act=0 HP=330 MP=0
[INFO][2021-07-27 14:05:34][Server]client #2 transferred chunli #1322
[INFO][2021-07-27 14:05:34][Server]User #1 x-Loc=300 y-Loc=300 xHead=0  Act=1 HP=330 MP=0
[INFO][2021-07-27 14:05:34][Server]User #2 x-Loc=50 y-Loc=300 xHead=1  Act=0 HP=330 MP=0
[INFO][2021-07-27 14:05:34][Server]client #2 transferred chunli #1322
[INFO][2021-07-27 14:05:34][Server]User #1 x-Loc=300 y-Loc=300 xHead=0  Act=0 HP=330 MP=0
[INFO][2021-07-27 14:05:34][Server]User #2 x-Loc=50 y-Loc=300 xHead=1  Act=0 HP=330 MP=0
[INFO][2021-07-27 14:05:34][Server]client #2 transferred chunli #1322
[INFO][2021-07-27 14:05:34][Server]User #1 x-Loc=250 y-Loc=300 xHead=0  Act=1 HP=330 MP=0
[INFO][2021-07-27 14:05:34][Server]User #2 x-Loc=50 y-Loc=300 xHead=1  Act=0 HP=330 MP=0
[INFO][2021-07-27 14:05:35][Server]client #2 transferred chunli #1322
[INFO][2021-07-27 14:05:35][Server]User #1 x-Loc=250 y-Loc=300 xHead=0  Act=0 HP=330 MP=0
[INFO][2021-07-27 14:05:35][Server]User #2 x-Loc=50 y-Loc=300 xHead=1  Act=0 HP=330 MP=0
[INFO][2021-07-27 14:05:35][Server]client #2 transferred chunli #1322
[INFO][2021-07-27 14:05:35][Server]User #1 x-Loc=200 y-Loc=300 xHead=0  Act=1 HP=330 MP=0
[INFO][2021-07-27 14:05:35][Server]User #2 x-Loc=50 y-Loc=300 xHead=1  Act=0 HP=330 MP=0
[INFO][2021-07-27 14:05:35][Server]client #2 transferred chunli #1322
[INFO][2021-07-27 14:05:35][Server]User #1 x-Loc=200 y-Loc=300 xHead=0  Act=0 HP=330 MP=0
[INFO][2021-07-27 14:05:35][Server]User #2 x-Loc=50 y-Loc=300 xHead=1  Act=0 HP=330 MP=0
[INFO][2021-07-27 14:05:35][Server]client #2 transferred chunli #1322
[INFO][2021-07-27 14:05:35][Server]User #1 x-Loc=150 y-Loc=300 xHead=0  Act=1 HP=330 MP=0
[INFO][2021-07-27 14:05:35][Server]User #2 x-Loc=50 y-Loc=300 xHead=1  Act=0 HP=330 MP=0
[INFO][2021-07-27 14:05:35][Server]client #2 transferred chunli #1322
[INFO][2021-07-27 14:05:35][Server]User #1 x-Loc=150 y-Loc=300 xHead=0  Act=0 HP=330 MP=0
[INFO][2021-07-27 14:05:35][Server]User #2 x-Loc=50 y-Loc=300 xHead=1  Act=0 HP=330 MP=0
[INFO][2021-07-27 14:05:35][Server]client #2 transferred chunli #1322
[INFO][2021-07-27 14:05:35][Server]User #1 x-Loc=100 y-Loc=300 xHead=0  Act=1 HP=330 MP=0
[INFO][2021-07-27 14:05:35][Server]User #2 x-Loc=50 y-Loc=300 xHead=1  Act=0 HP=330 MP=0
[INFO][2021-07-27 14:05:35][Server]client #2 transferred chunli #1322
[INFO][2021-07-27 14:05:35][Server]User #1 x-Loc=100 y-Loc=300 xHead=0  Act=0 HP=330 MP=0
[INFO][2021-07-27 14:05:35][Server]User #2 x-Loc=50 y-Loc=300 xHead=1  Act=0 HP=330 MP=0
[INFO][2021-07-27 14:05:36][Server]client #2 transferred chunli #1322
[INFO][2021-07-27 14:05:36][Server]Player #1 Attack Player #2. Got Damage 22pts.
        Now Player #1 HP is 330   MP is 3
            Player #2 HP is 308   MP is 1
[INFO][2021-07-27 14:05:36][Server]User #1 x-Loc=100 y-Loc=300 xHead=0  Act=10 HP=330 MP=3
[INFO][2021-07-27 14:05:36][Server]User #2 x-Loc=50 y-Loc=300 xHead=1  Act=15 HP=308 MP=1
[INFO][2021-07-27 14:05:36][Server]client #2 transferred chunli #1322
[INFO][2021-07-27 14:05:36][Server]User #1 x-Loc=100 y-Loc=300 xHead=0  Act=0 HP=330 MP=3
[INFO][2021-07-27 14:05:36][Server]User #2 x-Loc=50 y-Loc=300 xHead=1  Act=15 HP=308 MP=1
[INFO][2021-07-27 14:05:37][Server]client #2 transferred chunli #1322
[INFO][2021-07-27 14:05:37][Server]User #1 x-Loc=50 y-Loc=300 xHead=0  Act=1 HP=330 MP=3
[INFO][2021-07-27 14:05:37][Server]User #2 x-Loc=50 y-Loc=300 xHead=1  Act=15 HP=308 MP=1
[INFO][2021-07-27 14:05:37][Server]client #2 transferred chunli #1322
[INFO][2021-07-27 14:05:37][Server]User #1 x-Loc=50 y-Loc=300 xHead=0  Act=0 HP=330 MP=3
[INFO][2021-07-27 14:05:37][Server]User #2 x-Loc=50 y-Loc=300 xHead=1  Act=15 HP=308 MP=1
[INFO][2021-07-27 14:05:37][Server]client #2 transferred chunli #1322
[INFO][2021-07-27 14:05:37][Server]User #1 x-Loc=100 y-Loc=300 xHead=1  Act=1 HP=330 MP=3
[INFO][2021-07-27 14:05:37][Server]User #2 x-Loc=50 y-Loc=300 xHead=1  Act=15 HP=308 MP=1
[INFO][2021-07-27 14:05:37][Server]client #2 transferred chunli #1322
[INFO][2021-07-27 14:05:37][Server]User #1 x-Loc=100 y-Loc=300 xHead=1  Act=0 HP=330 MP=3
[INFO][2021-07-27 14:05:37][Server]User #2 x-Loc=50 y-Loc=300 xHead=1  Act=15 HP=308 MP=1
[INFO][2021-07-27 14:05:37][Server]client #2 transferred chunli #1322
[INFO][2021-07-27 14:05:37][Server]User #1 x-Loc=50 y-Loc=300 xHead=0  Act=1 HP=330 MP=3
[INFO][2021-07-27 14:05:37][Server]User #2 x-Loc=50 y-Loc=300 xHead=1  Act=15 HP=308 MP=1
[INFO][2021-07-27 14:05:37][Server]client #2 transferred chunli #1322
[INFO][2021-07-27 14:05:37][Server]User #1 x-Loc=50 y-Loc=300 xHead=0  Act=0 HP=330 MP=3
[INFO][2021-07-27 14:05:37][Server]User #2 x-Loc=50 y-Loc=300 xHead=1  Act=15 HP=308 MP=1
[INFO][2021-07-27 14:05:38][Server]client #2 transferred chunli #1322
[INFO][2021-07-27 14:05:38][Server]Player #1 Attack Player #2. Got Damage 22pts.
        Now Player #1 HP is 330   MP is 6
            Player #2 HP is 286   MP is 2
[INFO][2021-07-27 14:05:38][Server]User #1 x-Loc=50 y-Loc=300 xHead=0  Act=10 HP=330 MP=6
[INFO][2021-07-27 14:05:38][Server]User #2 x-Loc=50 y-Loc=300 xHead=1  Act=16 HP=286 MP=2
[INFO][2021-07-27 14:05:38][Server]client #2 transferred chunli #1322
[INFO][2021-07-27 14:05:38][Server]User #1 x-Loc=50 y-Loc=300 xHead=0  Act=0 HP=330 MP=6
[INFO][2021-07-27 14:05:38][Server]User #2 x-Loc=50 y-Loc=300 xHead=1  Act=16 HP=286 MP=2
[INFO][2021-07-27 14:05:38][Server]client #2 transferred chunli #1322
[INFO][2021-07-27 14:05:38][Server]Player #1 Attack Player #2. Got Damage 22pts.
        Now Player #1 HP is 330   MP is 9
            Player #2 HP is 264   MP is 3
[INFO][2021-07-27 14:05:38][Server]User #1 x-Loc=50 y-Loc=300 xHead=0  Act=10 HP=330 MP=9
[INFO][2021-07-27 14:05:38][Server]User #2 x-Loc=50 y-Loc=300 xHead=1  Act=17 HP=264 MP=3
[INFO][2021-07-27 14:05:38][Server]client #2 transferred chunli #1322
[INFO][2021-07-27 14:05:38][Server]User #1 x-Loc=50 y-Loc=300 xHead=0  Act=0 HP=330 MP=9
[INFO][2021-07-27 14:05:38][Server]User #2 x-Loc=50 y-Loc=300 xHead=1  Act=17 HP=264 MP=3
[INFO][2021-07-27 14:05:39][Server]client #2 transferred chunli #1322
[INFO][2021-07-27 14:05:39][Server]Player #1 Attack Player #2. Got Damage 22pts.
        Now Player #1 HP is 330   MP is 12
            Player #2 HP is 242   MP is 4
[INFO][2021-07-27 14:05:39][Server]User #1 x-Loc=50 y-Loc=300 xHead=0  Act=10 HP=330 MP=12
[INFO][2021-07-27 14:05:39][Server]User #2 x-Loc=50 y-Loc=300 xHead=1  Act=0 HP=242 MP=4
[INFO][2021-07-27 14:05:39][Server]client #2 transferred chunli #1322
[INFO][2021-07-27 14:05:39][Server]User #1 x-Loc=50 y-Loc=300 xHead=0  Act=0 HP=330 MP=12
[INFO][2021-07-27 14:05:39][Server]User #2 x-Loc=50 y-Loc=300 xHead=1  Act=0 HP=242 MP=4
[INFO][2021-07-27 14:05:40][Server]client #2 transferred chunli #1322
[INFO][2021-07-27 14:05:40][Server]Player #1 Attack Player #2. Got Damage 22pts.
        Now Player #1 HP is 330   MP is 15
            Player #2 HP is 220   MP is 5
[INFO][2021-07-27 14:05:40][Server]User #1 x-Loc=50 y-Loc=300 xHead=0  Act=10 HP=330 MP=15
[INFO][2021-07-27 14:05:40][Server]User #2 x-Loc=50 y-Loc=300 xHead=1  Act=15 HP=220 MP=5
[INFO][2021-07-27 14:05:40][Server]client #2 transferred chunli #1322
[INFO][2021-07-27 14:05:40][Server]User #1 x-Loc=50 y-Loc=300 xHead=0  Act=0 HP=330 MP=15
[INFO][2021-07-27 14:05:40][Server]User #2 x-Loc=50 y-Loc=300 xHead=1  Act=15 HP=220 MP=5
[INFO][2021-07-27 14:05:43][Server]client #1 transferred buzhihuowu #2554
[INFO][2021-07-27 14:05:43][Server]User #1 x-Loc=50 y-Loc=300 xHead=0  Act=0 HP=330 MP=15
[INFO][2021-07-27 14:05:43][Server]User #2 x-Loc=100 y-Loc=300 xHead=1  Act=1 HP=220 MP=5
[INFO][2021-07-27 14:05:43][Server]client #1 transferred buzhihuowu #2554
[INFO][2021-07-27 14:05:43][Server]User #1 x-Loc=50 y-Loc=300 xHead=0  Act=0 HP=330 MP=15
[INFO][2021-07-27 14:05:43][Server]User #2 x-Loc=100 y-Loc=300 xHead=1  Act=0 HP=220 MP=5
[INFO][2021-07-27 14:05:44][Server]client #1 transferred buzhihuowu #2554
[INFO][2021-07-27 14:05:44][Server]User #1 x-Loc=50 y-Loc=300 xHead=0  Act=0 HP=330 MP=15
[INFO][2021-07-27 14:05:44][Server]User #2 x-Loc=150 y-Loc=300 xHead=1  Act=1 HP=220 MP=5
[INFO][2021-07-27 14:05:44][Server]client #1 transferred buzhihuowu #2554
[INFO][2021-07-27 14:05:44][Server]User #1 x-Loc=50 y-Loc=300 xHead=0  Act=0 HP=330 MP=15
[INFO][2021-07-27 14:05:44][Server]User #2 x-Loc=150 y-Loc=300 xHead=1  Act=0 HP=220 MP=5
[INFO][2021-07-27 14:05:44][Server]client #1 transferred buzhihuowu #2554
[INFO][2021-07-27 14:05:44][Server]User #1 x-Loc=50 y-Loc=300 xHead=0  Act=0 HP=330 MP=15
[INFO][2021-07-27 14:05:44][Server]User #2 x-Loc=200 y-Loc=300 xHead=1  Act=1 HP=220 MP=5
[INFO][2021-07-27 14:05:44][Server]client #1 transferred buzhihuowu #2554
[INFO][2021-07-27 14:05:44][Server]User #1 x-Loc=50 y-Loc=300 xHead=0  Act=0 HP=330 MP=15
[INFO][2021-07-27 14:05:44][Server]User #2 x-Loc=200 y-Loc=300 xHead=1  Act=0 HP=220 MP=5
[INFO][2021-07-27 14:05:44][Server]client #1 transferred buzhihuowu #2554
[INFO][2021-07-27 14:05:44][Server]User #1 x-Loc=50 y-Loc=300 xHead=0  Act=0 HP=330 MP=15
[INFO][2021-07-27 14:05:44][Server]User #2 x-Loc=250 y-Loc=300 xHead=1  Act=1 HP=220 MP=5
[INFO][2021-07-27 14:05:44][Server]client #1 transferred buzhihuowu #2554
[INFO][2021-07-27 14:05:44][Server]User #1 x-Loc=50 y-Loc=300 xHead=0  Act=0 HP=330 MP=15
[INFO][2021-07-27 14:05:44][Server]User #2 x-Loc=250 y-Loc=300 xHead=1  Act=0 HP=220 MP=5
[INFO][2021-07-27 14:05:44][Server]client #1 transferred buzhihuowu #2554
[INFO][2021-07-27 14:05:44][Server]User #1 x-Loc=50 y-Loc=300 xHead=0  Act=0 HP=330 MP=15
[INFO][2021-07-27 14:05:44][Server]User #2 x-Loc=300 y-Loc=300 xHead=1  Act=1 HP=220 MP=5
[INFO][2021-07-27 14:05:44][Server]client #1 transferred buzhihuowu #2554
[INFO][2021-07-27 14:05:44][Server]User #1 x-Loc=50 y-Loc=300 xHead=0  Act=0 HP=330 MP=15
[INFO][2021-07-27 14:05:44][Server]User #2 x-Loc=300 y-Loc=300 xHead=1  Act=0 HP=220 MP=5
[INFO][2021-07-27 14:05:44][Server]client #1 transferred buzhihuowu #2554
[INFO][2021-07-27 14:05:44][Server]User #1 x-Loc=50 y-Loc=300 xHead=0  Act=0 HP=330 MP=15
[INFO][2021-07-27 14:05:44][Server]User #2 x-Loc=350 y-Loc=300 xHead=1  Act=1 HP=220 MP=5
[INFO][2021-07-27 14:05:44][Server]client #1 transferred buzhihuowu #2554
[INFO][2021-07-27 14:05:44][Server]User #1 x-Loc=50 y-Loc=300 xHead=0  Act=0 HP=330 MP=15
[INFO][2021-07-27 14:05:44][Server]User #2 x-Loc=350 y-Loc=300 xHead=1  Act=0 HP=220 MP=5
[INFO][2021-07-27 14:05:44][Server]client #1 transferred buzhihuowu #2554
[INFO][2021-07-27 14:05:44][Server]User #1 x-Loc=50 y-Loc=300 xHead=0  Act=0 HP=330 MP=15
[INFO][2021-07-27 14:05:44][Server]User #2 x-Loc=300 y-Loc=300 xHead=0  Act=1 HP=220 MP=5
[INFO][2021-07-27 14:05:44][Server]client #1 transferred buzhihuowu #2554
[INFO][2021-07-27 14:05:44][Server]User #1 x-Loc=50 y-Loc=300 xHead=0  Act=0 HP=330 MP=15
[INFO][2021-07-27 14:05:44][Server]User #2 x-Loc=300 y-Loc=300 xHead=0  Act=0 HP=220 MP=5
[INFO][2021-07-27 14:05:44][Server]client #1 transferred buzhihuowu #2554
[INFO][2021-07-27 14:05:44][Server]User #1 x-Loc=50 y-Loc=300 xHead=0  Act=0 HP=330 MP=15
[INFO][2021-07-27 14:05:44][Server]User #2 x-Loc=250 y-Loc=300 xHead=0  Act=1 HP=220 MP=5
[INFO][2021-07-27 14:05:44][Server]client #1 transferred buzhihuowu #2554
[INFO][2021-07-27 14:05:44][Server]User #1 x-Loc=50 y-Loc=300 xHead=0  Act=0 HP=330 MP=15
[INFO][2021-07-27 14:05:44][Server]User #2 x-Loc=250 y-Loc=300 xHead=0  Act=0 HP=220 MP=5
[INFO][2021-07-27 14:05:45][Server]client #1 transferred buzhihuowu #2554
[INFO][2021-07-27 14:05:45][Server]User #1 x-Loc=50 y-Loc=300 xHead=0  Act=0 HP=330 MP=15
[INFO][2021-07-27 14:05:45][Server]User #2 x-Loc=200 y-Loc=300 xHead=0  Act=1 HP=220 MP=5
[INFO][2021-07-27 14:05:45][Server]client #1 transferred buzhihuowu #2554
[INFO][2021-07-27 14:05:45][Server]User #1 x-Loc=50 y-Loc=300 xHead=0  Act=0 HP=330 MP=15
[INFO][2021-07-27 14:05:45][Server]User #2 x-Loc=200 y-Loc=300 xHead=0  Act=0 HP=220 MP=5
[INFO][2021-07-27 14:05:45][Server]client #1 transferred buzhihuowu #2554
[INFO][2021-07-27 14:05:45][Server]User #1 x-Loc=50 y-Loc=300 xHead=0  Act=0 HP=330 MP=15
[INFO][2021-07-27 14:05:45][Server]User #2 x-Loc=150 y-Loc=300 xHead=0  Act=1 HP=220 MP=5
[INFO][2021-07-27 14:05:45][Server]client #1 transferred buzhihuowu #2554
[INFO][2021-07-27 14:05:45][Server]User #1 x-Loc=50 y-Loc=300 xHead=0  Act=0 HP=330 MP=15
[INFO][2021-07-27 14:05:45][Server]User #2 x-Loc=150 y-Loc=300 xHead=0  Act=0 HP=220 MP=5
[INFO][2021-07-27 14:05:45][Server]client #1 transferred buzhihuowu #2554
[INFO][2021-07-27 14:05:45][Server]User #1 x-Loc=50 y-Loc=300 xHead=0  Act=0 HP=330 MP=15
[INFO][2021-07-27 14:05:45][Server]User #2 x-Loc=100 y-Loc=300 xHead=0  Act=1 HP=220 MP=5
[INFO][2021-07-27 14:05:45][Server]client #1 transferred buzhihuowu #2554
[INFO][2021-07-27 14:05:45][Server]User #1 x-Loc=50 y-Loc=300 xHead=0  Act=0 HP=330 MP=15
[INFO][2021-07-27 14:05:45][Server]User #2 x-Loc=100 y-Loc=300 xHead=0  Act=0 HP=220 MP=5
[INFO][2021-07-27 14:05:45][Server]client #1 transferred buzhihuowu #2554
[INFO][2021-07-27 14:05:45][Server]Player #2 Attack Player #1. Got Damage 27pts.
        Now Player #1 HP is 303   MP is 15
            Player #2 HP is 220   MP is 8
[INFO][2021-07-27 14:05:45][Server]User #1 x-Loc=50 y-Loc=300 xHead=0  Act=15 HP=303 MP=15
[INFO][2021-07-27 14:05:45][Server]User #2 x-Loc=100 y-Loc=300 xHead=0  Act=10 HP=220 MP=8
[INFO][2021-07-27 14:05:45][Server]client #1 transferred buzhihuowu #2554
[INFO][2021-07-27 14:05:45][Server]User #1 x-Loc=50 y-Loc=300 xHead=0  Act=15 HP=303 MP=15
[INFO][2021-07-27 14:05:45][Server]User #2 x-Loc=100 y-Loc=300 xHead=0  Act=0 HP=220 MP=8
[INFO][2021-07-27 14:05:46][Server]client #1 transferred buzhihuowu #2554
[INFO][2021-07-27 14:05:46][Server]Player #2 Attack Player #1. Got Damage 27pts.
        Now Player #1 HP is 276   MP is 15
            Player #2 HP is 220   MP is 11
[INFO][2021-07-27 14:05:46][Server]User #1 x-Loc=50 y-Loc=300 xHead=0  Act=16 HP=276 MP=15
[INFO][2021-07-27 14:05:46][Server]User #2 x-Loc=100 y-Loc=300 xHead=0  Act=10 HP=220 MP=11
[INFO][2021-07-27 14:05:46][Server]client #1 transferred buzhihuowu #2554
[INFO][2021-07-27 14:05:46][Server]User #1 x-Loc=50 y-Loc=300 xHead=0  Act=16 HP=276 MP=15
[INFO][2021-07-27 14:05:46][Server]User #2 x-Loc=100 y-Loc=300 xHead=0  Act=0 HP=220 MP=11
[INFO][2021-07-27 14:05:47][Server]client #1 transferred buzhihuowu #2554
[INFO][2021-07-27 14:05:47][Server]Player #2 Attack Player #1. Got Damage 27pts.
        Now Player #1 HP is 249   MP is 15
            Player #2 HP is 220   MP is 14
[INFO][2021-07-27 14:05:47][Server]User #1 x-Loc=50 y-Loc=300 xHead=0  Act=17 HP=249 MP=15
[INFO][2021-07-27 14:05:47][Server]User #2 x-Loc=100 y-Loc=300 xHead=0  Act=10 HP=220 MP=14
[INFO][2021-07-27 14:05:47][Server]client #1 transferred buzhihuowu #2554
[INFO][2021-07-27 14:05:47][Server]User #1 x-Loc=50 y-Loc=300 xHead=0  Act=17 HP=249 MP=15
[INFO][2021-07-27 14:05:47][Server]User #2 x-Loc=100 y-Loc=300 xHead=0  Act=0 HP=220 MP=14
[INFO][2021-07-27 14:05:47][Server]client #1 transferred buzhihuowu #2554
[INFO][2021-07-27 14:05:47][Server]Player #2 Attack Player #1. Got Damage 27pts.
        Now Player #1 HP is 222   MP is 15
            Player #2 HP is 220   MP is 15
[INFO][2021-07-27 14:05:47][Server]User #1 x-Loc=50 y-Loc=300 xHead=0  Act=0 HP=222 MP=15
[INFO][2021-07-27 14:05:47][Server]User #2 x-Loc=100 y-Loc=300 xHead=0  Act=10 HP=220 MP=15
[INFO][2021-07-27 14:05:47][Server]client #1 transferred buzhihuowu #2554
[INFO][2021-07-27 14:05:47][Server]User #1 x-Loc=50 y-Loc=300 xHead=0  Act=0 HP=222 MP=15
[INFO][2021-07-27 14:05:47][Server]User #2 x-Loc=100 y-Loc=300 xHead=0  Act=0 HP=220 MP=15
[INFO][2021-07-27 14:05:47][Server]client #1 transferred buzhihuowu #2554
[INFO][2021-07-27 14:05:47][Server]Player #2 Attack Player #1. Got Damage 27pts.
        Now Player #1 HP is 195   MP is 15
            Player #2 HP is 220   MP is 15
[INFO][2021-07-27 14:05:47][Server]User #1 x-Loc=50 y-Loc=300 xHead=0  Act=15 HP=195 MP=15
[INFO][2021-07-27 14:05:47][Server]User #2 x-Loc=100 y-Loc=300 xHead=0  Act=10 HP=220 MP=15
[INFO][2021-07-27 14:05:47][Server]client #1 transferred buzhihuowu #2554
[INFO][2021-07-27 14:05:47][Server]User #1 x-Loc=50 y-Loc=300 xHead=0  Act=15 HP=195 MP=15
[INFO][2021-07-27 14:05:47][Server]User #2 x-Loc=100 y-Loc=300 xHead=0  Act=0 HP=220 MP=15
[INFO][2021-07-27 14:05:49][Server]client #1 transferred buzhihuowu #2554
[INFO][2021-07-27 14:05:49][Server]Player #2 Attack Player #1. Got Damage 27pts.
        Now Player #1 HP is 168   MP is 15
            Player #2 HP is 220   MP is 15
[INFO][2021-07-27 14:05:49][Server]User #1 x-Loc=50 y-Loc=300 xHead=0  Act=16 HP=168 MP=15
[INFO][2021-07-27 14:05:49][Server]User #2 x-Loc=100 y-Loc=300 xHead=0  Act=10 HP=220 MP=15
[INFO][2021-07-27 14:05:49][Server]client #1 transferred buzhihuowu #2554
[INFO][2021-07-27 14:05:49][Server]User #1 x-Loc=50 y-Loc=300 xHead=0  Act=16 HP=168 MP=15
[INFO][2021-07-27 14:05:49][Server]User #2 x-Loc=100 y-Loc=300 xHead=0  Act=0 HP=220 MP=15
[INFO][2021-07-27 14:05:49][Server]client #1 transferred buzhihuowu #2554
[INFO][2021-07-27 14:05:49][Server]Player #2 Attack Player #1. Got Damage 27pts.
        Now Player #1 HP is 141   MP is 15
            Player #2 HP is 220   MP is 15
[INFO][2021-07-27 14:05:49][Server]User #1 x-Loc=50 y-Loc=300 xHead=0  Act=17 HP=141 MP=15
[INFO][2021-07-27 14:05:49][Server]User #2 x-Loc=100 y-Loc=300 xHead=0  Act=10 HP=220 MP=15
[INFO][2021-07-27 14:05:49][Server]client #1 transferred buzhihuowu #2554
[INFO][2021-07-27 14:05:49][Server]User #1 x-Loc=50 y-Loc=300 xHead=0  Act=17 HP=141 MP=15
[INFO][2021-07-27 14:05:49][Server]User #2 x-Loc=100 y-Loc=300 xHead=0  Act=0 HP=220 MP=15
[INFO][2021-07-27 14:05:50][Server]client #1 transferred buzhihuowu #2554
[INFO][2021-07-27 14:05:50][Server]Player #2 Attack Player #1. Got Damage 27pts.
        Now Player #1 HP is 114   MP is 15
            Player #2 HP is 220   MP is 15
[INFO][2021-07-27 14:05:50][Server]User #1 x-Loc=50 y-Loc=300 xHead=0  Act=0 HP=114 MP=15
[INFO][2021-07-27 14:05:50][Server]User #2 x-Loc=100 y-Loc=300 xHead=0  Act=10 HP=220 MP=15
[INFO][2021-07-27 14:05:50][Server]client #1 transferred buzhihuowu #2554
[INFO][2021-07-27 14:05:50][Server]User #1 x-Loc=50 y-Loc=300 xHead=0  Act=0 HP=114 MP=15
[INFO][2021-07-27 14:05:50][Server]User #2 x-Loc=100 y-Loc=300 xHead=0  Act=0 HP=220 MP=15
[INFO][2021-07-27 14:05:50][Server]client #1 transferred buzhihuowu #2554
[INFO][2021-07-27 14:05:50][Server]Player #2 Attack Player #1. Got Damage 27pts.
        Now Player #1 HP is 87   MP is 15
            Player #2 HP is 220   MP is 15
[INFO][2021-07-27 14:05:50][Server]User #1 x-Loc=50 y-Loc=300 xHead=0  Act=15 HP=87 MP=15
[INFO][2021-07-27 14:05:50][Server]User #2 x-Loc=100 y-Loc=300 xHead=0  Act=10 HP=220 MP=15
[INFO][2021-07-27 14:05:50][Server]client #1 transferred buzhihuowu #2554
[INFO][2021-07-27 14:05:50][Server]User #1 x-Loc=50 y-Loc=300 xHead=0  Act=15 HP=87 MP=15
[INFO][2021-07-27 14:05:50][Server]User #2 x-Loc=100 y-Loc=300 xHead=0  Act=0 HP=220 MP=15
[INFO][2021-07-27 14:05:51][Server]client #1 transferred buzhihuowu #2554
[INFO][2021-07-27 14:05:51][Server]Player #2 Attack Player #1. Got Damage 27pts.
        Now Player #1 HP is 60   MP is 15
            Player #2 HP is 220   MP is 15
[INFO][2021-07-27 14:05:51][Server]User #1 x-Loc=50 y-Loc=300 xHead=0  Act=16 HP=60 MP=15
[INFO][2021-07-27 14:05:51][Server]User #2 x-Loc=100 y-Loc=300 xHead=0  Act=11 HP=220 MP=15
[INFO][2021-07-27 14:05:51][Server]client #1 transferred buzhihuowu #2554
[INFO][2021-07-27 14:05:51][Server]User #1 x-Loc=50 y-Loc=300 xHead=0  Act=16 HP=60 MP=15
[INFO][2021-07-27 14:05:51][Server]User #2 x-Loc=100 y-Loc=300 xHead=0  Act=0 HP=220 MP=15
[INFO][2021-07-27 14:05:51][Server]client #1 transferred buzhihuowu #2554
[INFO][2021-07-27 14:05:51][Server]Player #2 Attack Player #1. Got Damage 27pts.
        Now Player #1 HP is 33   MP is 15
            Player #2 HP is 220   MP is 15
[INFO][2021-07-27 14:05:51][Server]User #1 x-Loc=50 y-Loc=300 xHead=0  Act=17 HP=33 MP=15
[INFO][2021-07-27 14:05:51][Server]User #2 x-Loc=100 y-Loc=300 xHead=0  Act=11 HP=220 MP=15
[INFO][2021-07-27 14:05:51][Server]client #1 transferred buzhihuowu #2554
[INFO][2021-07-27 14:05:51][Server]User #1 x-Loc=50 y-Loc=300 xHead=0  Act=17 HP=33 MP=15
[INFO][2021-07-27 14:05:51][Server]User #2 x-Loc=100 y-Loc=300 xHead=0  Act=0 HP=220 MP=15
[INFO][2021-07-27 14:05:51][Server]client #1 transferred buzhihuowu #2554
[INFO][2021-07-27 14:05:51][Server]Player #2 Attack Player #1. Got Damage 27pts.
        Now Player #1 HP is 6   MP is 15
            Player #2 HP is 220   MP is 15
[INFO][2021-07-27 14:05:51][Server]User #1 x-Loc=50 y-Loc=300 xHead=0  Act=0 HP=6 MP=15
[INFO][2021-07-27 14:05:51][Server]User #2 x-Loc=100 y-Loc=300 xHead=0  Act=11 HP=220 MP=15
[INFO][2021-07-27 14:05:51][Server]client #1 transferred buzhihuowu #2554
[INFO][2021-07-27 14:05:51][Server]User #1 x-Loc=50 y-Loc=300 xHead=0  Act=0 HP=6 MP=15
[INFO][2021-07-27 14:05:51][Server]User #2 x-Loc=100 y-Loc=300 xHead=0  Act=0 HP=220 MP=15
[INFO][2021-07-27 14:05:53][Server]client #1 transferred buzhihuowu #2554
[INFO][2021-07-27 14:05:53][Server]Player #2 Attack Player #1. Got Damage 27pts.
        Now Player #1 HP is -21   MP is 15
            Player #2 HP is 220   MP is 15
[INFO][2021-07-27 14:05:53][Server]User #1 x-Loc=50 y-Loc=300 xHead=0  Act=15 HP=-21 MP=15
[INFO][2021-07-27 14:05:53][Server]User #2 x-Loc=100 y-Loc=300 xHead=0  Act=11 HP=220 MP=15
[INFO][2021-07-27 14:05:53][Server]BYE, client 1 ! 
[WARNING][2021-07-27 14:05:53][Server]client 2 Exception ! 
