[INFO][2021-07-27 08:51:25]Send stand
[INFO][2021-07-27 08:51:41]Send right move
[INFO][2021-07-27 08:51:41]Send stand
[INFO][2021-07-27 08:51:42]Send left move
[INFO][2021-07-27 08:51:42]Send stand
[INFO][2021-07-27 08:51:42]Send left move
[INFO][2021-07-27 08:51:43]Send stand
[INFO][2021-07-27 08:51:43]Send left move
[INFO][2021-07-27 08:51:43]Send stand
[INFO][2021-07-27 08:51:43]Send left move
[INFO][2021-07-27 08:51:43]Send stand
[INFO][2021-07-27 08:51:43]Send left move
[INFO][2021-07-27 08:51:43]Send stand
[INFO][2021-07-27 08:51:43]Send left move
[INFO][2021-07-27 08:51:43]Send stand
[INFO][2021-07-27 08:51:43]Send left move
[INFO][2021-07-27 08:51:43]Send stand
[INFO][2021-07-27 08:51:43]Send left move
[INFO][2021-07-27 08:51:43]Send stand
[INFO][2021-07-27 08:51:43]Send left move
[INFO][2021-07-27 08:51:43]Send stand
[INFO][2021-07-27 08:51:43]Send left move
[INFO][2021-07-27 08:51:43]Send stand
[INFO][2021-07-27 08:51:43]Send left move
[INFO][2021-07-27 08:51:43]Send stand
[INFO][2021-07-27 08:51:43]Send left move
[INFO][2021-07-27 08:51:43]Send stand
[INFO][2021-07-27 08:51:43]Send right move
[INFO][2021-07-27 08:51:43]Send stand
[INFO][2021-07-27 08:51:44]Send left move
[INFO][2021-07-27 08:51:44]Send stand
[INFO][2021-07-27 08:51:44]Send left move
[INFO][2021-07-27 08:51:44]Send stand
[INFO][2021-07-27 08:51:44]Send hard attack
[INFO][2021-07-27 08:51:45]Send stand
[INFO][2021-07-27 08:51:45]Send hard attack
[INFO][2021-07-27 08:51:45]Send stand
[INFO][2021-07-27 08:51:46]Send hard attack
[INFO][2021-07-27 08:51:46]Send stand
[INFO][2021-07-27 08:51:46]Send normal attack
[INFO][2021-07-27 08:51:46]Send stand
[INFO][2021-07-27 08:51:46]Send normal attack
[INFO][2021-07-27 08:51:46]Send stand
[INFO][2021-07-27 08:51:47]Send normal attack
[INFO][2021-07-27 08:51:47]Send stand
[INFO][2021-07-27 08:51:47]Send normal attack
[INFO][2021-07-27 08:51:47]Send stand
[INFO][2021-07-27 08:51:47]Send normal attack
[INFO][2021-07-27 08:51:47]Send stand
[INFO][2021-07-27 08:51:47]Send normal attack
[INFO][2021-07-27 08:51:47]Send stand
[INFO][2021-07-27 08:51:48]Send normal attack
[INFO][2021-07-27 08:51:48]Send stand
