[INFO][2021-07-26 16:41:13][Server]Server started.
[INFO][2021-07-26 16:42:26][Server]client #1 transferred chunli #4930
[INFO][2021-07-26 16:42:30][Server]client #2 transferred caotijing #9117
[INFO][2021-07-26 16:42:30][Server]User #1 x-Loc=50 y-Loc=300 xHead=1  Act=0 HP=100 MP=0
[INFO][2021-07-26 16:42:30][Server]User #2 x-Loc=700 y-Loc=300 xHead=0  Act=0 HP=100 MP=0
[INFO][2021-07-26 16:42:30][Server]client #1 transferred chunli #4930
[INFO][2021-07-26 16:42:30][Server]User #1 x-Loc=50 y-Loc=300 xHead=1  Act=0 HP=100 MP=0
[INFO][2021-07-26 16:42:30][Server]User #2 x-Loc=700 y-Loc=300 xHead=0  Act=0 HP=100 MP=0
[INFO][2021-07-26 16:42:30][Server]client #2 transferred caotijing #9117
[INFO][2021-07-26 16:42:30][Server]User #1 x-Loc=50 y-Loc=300 xHead=1  Act=0 HP=100 MP=0
[INFO][2021-07-26 16:42:30][Server]User #2 x-Loc=700 y-Loc=300 xHead=0  Act=0 HP=100 MP=0
[INFO][2021-07-26 16:42:40][Server]client #1 transferred chunli #4930
[INFO][2021-07-26 16:42:40][Server]User #1 x-Loc=100 y-Loc=300 xHead=1  Act=1 HP=100 MP=0
[INFO][2021-07-26 16:42:40][Server]User #2 x-Loc=700 y-Loc=300 xHead=0  Act=0 HP=100 MP=0
[INFO][2021-07-26 16:42:40][Server]client #1 transferred chunli #4930
[INFO][2021-07-26 16:42:40][Server]User #1 x-Loc=100 y-Loc=300 xHead=1  Act=0 HP=100 MP=0
[INFO][2021-07-26 16:42:40][Server]User #2 x-Loc=700 y-Loc=300 xHead=0  Act=0 HP=100 MP=0
[INFO][2021-07-26 16:42:40][Server]client #1 transferred chunli #4930
[INFO][2021-07-26 16:42:40][Server]User #1 x-Loc=150 y-Loc=300 xHead=1  Act=1 HP=100 MP=0
[INFO][2021-07-26 16:42:40][Server]User #2 x-Loc=700 y-Loc=300 xHead=0  Act=0 HP=100 MP=0
[INFO][2021-07-26 16:42:40][Server]client #1 transferred chunli #4930
[INFO][2021-07-26 16:42:40][Server]User #1 x-Loc=150 y-Loc=300 xHead=1  Act=0 HP=100 MP=0
[INFO][2021-07-26 16:42:40][Server]User #2 x-Loc=700 y-Loc=300 xHead=0  Act=0 HP=100 MP=0
[INFO][2021-07-26 16:42:41][Server]client #1 transferred chunli #4930
[INFO][2021-07-26 16:42:41][Server]User #1 x-Loc=200 y-Loc=300 xHead=1  Act=1 HP=100 MP=0
[INFO][2021-07-26 16:42:41][Server]User #2 x-Loc=700 y-Loc=300 xHead=0  Act=0 HP=100 MP=0
[INFO][2021-07-26 16:42:41][Server]client #1 transferred chunli #4930
[INFO][2021-07-26 16:42:41][Server]User #1 x-Loc=200 y-Loc=300 xHead=1  Act=0 HP=100 MP=0
[INFO][2021-07-26 16:42:41][Server]User #2 x-Loc=700 y-Loc=300 xHead=0  Act=0 HP=100 MP=0
[INFO][2021-07-26 16:42:41][Server]client #1 transferred chunli #4930
[INFO][2021-07-26 16:42:41][Server]User #1 x-Loc=250 y-Loc=300 xHead=1  Act=1 HP=100 MP=0
[INFO][2021-07-26 16:42:41][Server]User #2 x-Loc=700 y-Loc=300 xHead=0  Act=0 HP=100 MP=0
[INFO][2021-07-26 16:42:41][Server]client #1 transferred chunli #4930
[INFO][2021-07-26 16:42:41][Server]User #1 x-Loc=250 y-Loc=300 xHead=1  Act=0 HP=100 MP=0
[INFO][2021-07-26 16:42:41][Server]User #2 x-Loc=700 y-Loc=300 xHead=0  Act=0 HP=100 MP=0
[INFO][2021-07-26 16:42:41][Server]client #1 transferred chunli #4930
[INFO][2021-07-26 16:42:41][Server]User #1 x-Loc=250 y-Loc=300 xHead=1  Act=14 HP=100 MP=0
[INFO][2021-07-26 16:42:41][Server]User #2 x-Loc=700 y-Loc=300 xHead=0  Act=0 HP=100 MP=0
[INFO][2021-07-26 16:42:41][Server]client #1 transferred chunli #4930
[INFO][2021-07-26 16:42:41][Server]User #1 x-Loc=250 y-Loc=300 xHead=1  Act=0 HP=100 MP=0
[INFO][2021-07-26 16:42:41][Server]User #2 x-Loc=700 y-Loc=300 xHead=0  Act=0 HP=100 MP=0
[INFO][2021-07-26 16:42:42][Server]client #1 transferred chunli #4930
[INFO][2021-07-26 16:42:42][Server]User #1 x-Loc=250 y-Loc=300 xHead=1  Act=14 HP=100 MP=0
[INFO][2021-07-26 16:42:42][Server]User #2 x-Loc=700 y-Loc=300 xHead=0  Act=0 HP=100 MP=0
[INFO][2021-07-26 16:42:42][Server]client #1 transferred chunli #4930
[INFO][2021-07-26 16:42:42][Server]User #1 x-Loc=250 y-Loc=300 xHead=1  Act=0 HP=100 MP=0
[INFO][2021-07-26 16:42:42][Server]User #2 x-Loc=700 y-Loc=300 xHead=0  Act=0 HP=100 MP=0
[INFO][2021-07-26 16:42:42][Server]client #1 transferred chunli #4930
[INFO][2021-07-26 16:42:42][Server]User #1 x-Loc=250 y-Loc=300 xHead=1  Act=14 HP=100 MP=0
[INFO][2021-07-26 16:42:42][Server]User #2 x-Loc=700 y-Loc=300 xHead=0  Act=0 HP=100 MP=0
[INFO][2021-07-26 16:42:42][Server]client #1 transferred chunli #4930
[INFO][2021-07-26 16:42:42][Server]User #1 x-Loc=250 y-Loc=300 xHead=1  Act=0 HP=100 MP=0
[INFO][2021-07-26 16:42:42][Server]User #2 x-Loc=700 y-Loc=300 xHead=0  Act=0 HP=100 MP=0
[INFO][2021-07-26 16:42:42][Server]client #1 transferred chunli #4930
[INFO][2021-07-26 16:42:42][Server]User #1 x-Loc=250 y-Loc=300 xHead=1  Act=14 HP=100 MP=0
[INFO][2021-07-26 16:42:42][Server]User #2 x-Loc=700 y-Loc=300 xHead=0  Act=0 HP=100 MP=0
[INFO][2021-07-26 16:42:42][Server]client #1 transferred chunli #4930
[INFO][2021-07-26 16:42:42][Server]User #1 x-Loc=250 y-Loc=300 xHead=1  Act=0 HP=100 MP=0
[INFO][2021-07-26 16:42:42][Server]User #2 x-Loc=700 y-Loc=300 xHead=0  Act=0 HP=100 MP=0
[INFO][2021-07-26 16:42:42][Server]client #1 transferred chunli #4930
[INFO][2021-07-26 16:42:42][Server]User #1 x-Loc=250 y-Loc=300 xHead=1  Act=14 HP=100 MP=0
[INFO][2021-07-26 16:42:42][Server]User #2 x-Loc=700 y-Loc=300 xHead=0  Act=0 HP=100 MP=0
[INFO][2021-07-26 16:42:42][Server]client #1 transferred chunli #4930
[INFO][2021-07-26 16:42:42][Server]User #1 x-Loc=250 y-Loc=300 xHead=1  Act=0 HP=100 MP=0
[INFO][2021-07-26 16:42:42][Server]User #2 x-Loc=700 y-Loc=300 xHead=0  Act=0 HP=100 MP=0
[INFO][2021-07-26 16:42:42][Server]client #1 transferred chunli #4930
[INFO][2021-07-26 16:42:42][Server]User #1 x-Loc=250 y-Loc=300 xHead=1  Act=14 HP=100 MP=0
[INFO][2021-07-26 16:42:42][Server]User #2 x-Loc=700 y-Loc=300 xHead=0  Act=0 HP=100 MP=0
[INFO][2021-07-26 16:42:42][Server]client #1 transferred chunli #4930
[INFO][2021-07-26 16:42:42][Server]User #1 x-Loc=250 y-Loc=300 xHead=1  Act=0 HP=100 MP=0
[INFO][2021-07-26 16:42:42][Server]User #2 x-Loc=700 y-Loc=300 xHead=0  Act=0 HP=100 MP=0
[INFO][2021-07-26 16:42:42][Server]client #1 transferred chunli #4930
[INFO][2021-07-26 16:42:42][Server]User #1 x-Loc=250 y-Loc=300 xHead=1  Act=14 HP=100 MP=0
[INFO][2021-07-26 16:42:42][Server]User #2 x-Loc=700 y-Loc=300 xHead=0  Act=0 HP=100 MP=0
[INFO][2021-07-26 16:42:42][Server]client #1 transferred chunli #4930
[INFO][2021-07-26 16:42:42][Server]User #1 x-Loc=250 y-Loc=300 xHead=1  Act=0 HP=100 MP=0
[INFO][2021-07-26 16:42:42][Server]User #2 x-Loc=700 y-Loc=300 xHead=0  Act=0 HP=100 MP=0
[INFO][2021-07-26 16:42:42][Server]client #1 transferred chunli #4930
[INFO][2021-07-26 16:42:42][Server]User #1 x-Loc=250 y-Loc=300 xHead=1  Act=14 HP=100 MP=0
[INFO][2021-07-26 16:42:42][Server]User #2 x-Loc=700 y-Loc=300 xHead=0  Act=0 HP=100 MP=0
[INFO][2021-07-26 16:42:42][Server]client #1 transferred chunli #4930
[INFO][2021-07-26 16:42:42][Server]User #1 x-Loc=250 y-Loc=300 xHead=1  Act=0 HP=100 MP=0
[INFO][2021-07-26 16:42:42][Server]User #2 x-Loc=700 y-Loc=300 xHead=0  Act=0 HP=100 MP=0
[INFO][2021-07-26 16:42:42][Server]client #1 transferred chunli #4930
[INFO][2021-07-26 16:42:42][Server]User #1 x-Loc=250 y-Loc=300 xHead=1  Act=14 HP=100 MP=0
[INFO][2021-07-26 16:42:42][Server]User #2 x-Loc=700 y-Loc=300 xHead=0  Act=0 HP=100 MP=0
[INFO][2021-07-26 16:42:42][Server]client #1 transferred chunli #4930
[INFO][2021-07-26 16:42:42][Server]User #1 x-Loc=250 y-Loc=300 xHead=1  Act=0 HP=100 MP=0
[INFO][2021-07-26 16:42:42][Server]User #2 x-Loc=700 y-Loc=300 xHead=0  Act=0 HP=100 MP=0
[INFO][2021-07-26 16:42:42][Server]client #1 transferred chunli #4930
[INFO][2021-07-26 16:42:42][Server]User #1 x-Loc=250 y-Loc=300 xHead=1  Act=14 HP=100 MP=0
[INFO][2021-07-26 16:42:42][Server]User #2 x-Loc=700 y-Loc=300 xHead=0  Act=0 HP=100 MP=0
[INFO][2021-07-26 16:42:42][Server]client #1 transferred chunli #4930
[INFO][2021-07-26 16:42:42][Server]User #1 x-Loc=250 y-Loc=300 xHead=1  Act=0 HP=100 MP=0
[INFO][2021-07-26 16:42:42][Server]User #2 x-Loc=700 y-Loc=300 xHead=0  Act=0 HP=100 MP=0
[INFO][2021-07-26 16:42:42][Server]client #1 transferred chunli #4930
[INFO][2021-07-26 16:42:42][Server]User #1 x-Loc=250 y-Loc=300 xHead=1  Act=14 HP=100 MP=0
[INFO][2021-07-26 16:42:42][Server]User #2 x-Loc=700 y-Loc=300 xHead=0  Act=0 HP=100 MP=0
[INFO][2021-07-26 16:42:42][Server]client #1 transferred chunli #4930
[INFO][2021-07-26 16:42:42][Server]User #1 x-Loc=250 y-Loc=300 xHead=1  Act=0 HP=100 MP=0
[INFO][2021-07-26 16:42:42][Server]User #2 x-Loc=700 y-Loc=300 xHead=0  Act=0 HP=100 MP=0
[INFO][2021-07-26 16:42:42][Server]client #1 transferred chunli #4930
[INFO][2021-07-26 16:42:42][Server]User #1 x-Loc=250 y-Loc=300 xHead=1  Act=14 HP=100 MP=0
[INFO][2021-07-26 16:42:42][Server]User #2 x-Loc=700 y-Loc=300 xHead=0  Act=0 HP=100 MP=0
[INFO][2021-07-26 16:42:42][Server]client #1 transferred chunli #4930
[INFO][2021-07-26 16:42:42][Server]User #1 x-Loc=250 y-Loc=300 xHead=1  Act=0 HP=100 MP=0
[INFO][2021-07-26 16:42:42][Server]User #2 x-Loc=700 y-Loc=300 xHead=0  Act=0 HP=100 MP=0
[INFO][2021-07-26 16:42:42][Server]client #1 transferred chunli #4930
[INFO][2021-07-26 16:42:42][Server]User #1 x-Loc=250 y-Loc=300 xHead=1  Act=14 HP=100 MP=0
[INFO][2021-07-26 16:42:42][Server]User #2 x-Loc=700 y-Loc=300 xHead=0  Act=0 HP=100 MP=0
[INFO][2021-07-26 16:42:42][Server]client #1 transferred chunli #4930
[INFO][2021-07-26 16:42:42][Server]User #1 x-Loc=250 y-Loc=300 xHead=1  Act=0 HP=100 MP=0
[INFO][2021-07-26 16:42:42][Server]User #2 x-Loc=700 y-Loc=300 xHead=0  Act=0 HP=100 MP=0
[INFO][2021-07-26 16:42:42][Server]client #1 transferred chunli #4930
[INFO][2021-07-26 16:42:42][Server]User #1 x-Loc=250 y-Loc=300 xHead=1  Act=14 HP=100 MP=0
[INFO][2021-07-26 16:42:42][Server]User #2 x-Loc=700 y-Loc=300 xHead=0  Act=0 HP=100 MP=0
[INFO][2021-07-26 16:42:42][Server]client #1 transferred chunli #4930
[INFO][2021-07-26 16:42:42][Server]User #1 x-Loc=250 y-Loc=300 xHead=1  Act=0 HP=100 MP=0
[INFO][2021-07-26 16:42:42][Server]User #2 x-Loc=700 y-Loc=300 xHead=0  Act=0 HP=100 MP=0
[INFO][2021-07-26 16:42:43][Server]client #1 transferred chunli #4930
[INFO][2021-07-26 16:42:43][Server]User #1 x-Loc=250 y-Loc=300 xHead=1  Act=14 HP=100 MP=0
[INFO][2021-07-26 16:42:43][Server]User #2 x-Loc=700 y-Loc=300 xHead=0  Act=0 HP=100 MP=0
[INFO][2021-07-26 16:42:43][Server]client #1 transferred chunli #4930
[INFO][2021-07-26 16:42:43][Server]User #1 x-Loc=250 y-Loc=300 xHead=1  Act=0 HP=100 MP=0
[INFO][2021-07-26 16:42:43][Server]User #2 x-Loc=700 y-Loc=300 xHead=0  Act=0 HP=100 MP=0
[INFO][2021-07-26 16:42:43][Server]client #1 transferred chunli #4930
[INFO][2021-07-26 16:42:43][Server]User #1 x-Loc=250 y-Loc=300 xHead=1  Act=14 HP=100 MP=0
[INFO][2021-07-26 16:42:43][Server]User #2 x-Loc=700 y-Loc=300 xHead=0  Act=0 HP=100 MP=0
[INFO][2021-07-26 16:42:43][Server]client #1 transferred chunli #4930
[INFO][2021-07-26 16:42:43][Server]User #1 x-Loc=250 y-Loc=300 xHead=1  Act=0 HP=100 MP=0
[INFO][2021-07-26 16:42:43][Server]User #2 x-Loc=700 y-Loc=300 xHead=0  Act=0 HP=100 MP=0
[INFO][2021-07-26 16:42:43][Server]client #1 transferred chunli #4930
[INFO][2021-07-26 16:42:43][Server]User #1 x-Loc=250 y-Loc=300 xHead=1  Act=14 HP=100 MP=0
[INFO][2021-07-26 16:42:43][Server]User #2 x-Loc=700 y-Loc=300 xHead=0  Act=0 HP=100 MP=0
[INFO][2021-07-26 16:42:43][Server]client #1 transferred chunli #4930
[INFO][2021-07-26 16:42:43][Server]User #1 x-Loc=250 y-Loc=300 xHead=1  Act=0 HP=100 MP=0
[INFO][2021-07-26 16:42:43][Server]User #2 x-Loc=700 y-Loc=300 xHead=0  Act=0 HP=100 MP=0
[INFO][2021-07-26 16:42:43][Server]client #1 transferred chunli #4930
[INFO][2021-07-26 16:42:43][Server]User #1 x-Loc=250 y-Loc=300 xHead=1  Act=14 HP=100 MP=0
[INFO][2021-07-26 16:42:43][Server]User #2 x-Loc=700 y-Loc=300 xHead=0  Act=0 HP=100 MP=0
[INFO][2021-07-26 16:42:43][Server]client #1 transferred chunli #4930
[INFO][2021-07-26 16:42:43][Server]User #1 x-Loc=250 y-Loc=300 xHead=1  Act=0 HP=100 MP=0
[INFO][2021-07-26 16:42:43][Server]User #2 x-Loc=700 y-Loc=300 xHead=0  Act=0 HP=100 MP=0
[INFO][2021-07-26 16:42:43][Server]client #1 transferred chunli #4930
[INFO][2021-07-26 16:42:43][Server]User #1 x-Loc=250 y-Loc=300 xHead=1  Act=14 HP=100 MP=0
[INFO][2021-07-26 16:42:43][Server]User #2 x-Loc=700 y-Loc=300 xHead=0  Act=0 HP=100 MP=0
[INFO][2021-07-26 16:42:43][Server]client #1 transferred chunli #4930
[INFO][2021-07-26 16:42:43][Server]User #1 x-Loc=250 y-Loc=300 xHead=1  Act=0 HP=100 MP=0
[INFO][2021-07-26 16:42:43][Server]User #2 x-Loc=700 y-Loc=300 xHead=0  Act=0 HP=100 MP=0
[INFO][2021-07-26 16:42:43][Server]client #1 transferred chunli #4930
[INFO][2021-07-26 16:42:43][Server]User #1 x-Loc=250 y-Loc=300 xHead=1  Act=14 HP=100 MP=0
[INFO][2021-07-26 16:42:43][Server]User #2 x-Loc=700 y-Loc=300 xHead=0  Act=0 HP=100 MP=0
[INFO][2021-07-26 16:42:43][Server]client #1 transferred chunli #4930
[INFO][2021-07-26 16:42:43][Server]User #1 x-Loc=250 y-Loc=300 xHead=1  Act=0 HP=100 MP=0
[INFO][2021-07-26 16:42:43][Server]User #2 x-Loc=700 y-Loc=300 xHead=0  Act=0 HP=100 MP=0
[INFO][2021-07-26 16:42:43][Server]client #1 transferred chunli #4930
[INFO][2021-07-26 16:42:43][Server]User #1 x-Loc=250 y-Loc=300 xHead=1  Act=14 HP=100 MP=0
[INFO][2021-07-26 16:42:43][Server]User #2 x-Loc=700 y-Loc=300 xHead=0  Act=0 HP=100 MP=0
[INFO][2021-07-26 16:42:43][Server]client #1 transferred chunli #4930
[INFO][2021-07-26 16:42:43][Server]User #1 x-Loc=250 y-Loc=300 xHead=1  Act=0 HP=100 MP=0
[INFO][2021-07-26 16:42:43][Server]User #2 x-Loc=700 y-Loc=300 xHead=0  Act=0 HP=100 MP=0
[INFO][2021-07-26 16:42:43][Server]client #1 transferred chunli #4930
[INFO][2021-07-26 16:42:43][Server]User #1 x-Loc=250 y-Loc=300 xHead=1  Act=14 HP=100 MP=0
[INFO][2021-07-26 16:42:43][Server]User #2 x-Loc=700 y-Loc=300 xHead=0  Act=0 HP=100 MP=0
[INFO][2021-07-26 16:42:43][Server]client #1 transferred chunli #4930
[INFO][2021-07-26 16:42:43][Server]User #1 x-Loc=250 y-Loc=300 xHead=1  Act=0 HP=100 MP=0
[INFO][2021-07-26 16:42:43][Server]User #2 x-Loc=700 y-Loc=300 xHead=0  Act=0 HP=100 MP=0
[INFO][2021-07-26 16:42:43][Server]client #1 transferred chunli #4930
[INFO][2021-07-26 16:42:43][Server]User #1 x-Loc=250 y-Loc=300 xHead=1  Act=14 HP=100 MP=0
[INFO][2021-07-26 16:42:43][Server]User #2 x-Loc=700 y-Loc=300 xHead=0  Act=0 HP=100 MP=0
[INFO][2021-07-26 16:42:43][Server]client #1 transferred chunli #4930
[INFO][2021-07-26 16:42:43][Server]User #1 x-Loc=250 y-Loc=300 xHead=1  Act=0 HP=100 MP=0
[INFO][2021-07-26 16:42:43][Server]User #2 x-Loc=700 y-Loc=300 xHead=0  Act=0 HP=100 MP=0
[INFO][2021-07-26 16:42:43][Server]client #1 transferred chunli #4930
[INFO][2021-07-26 16:42:43][Server]User #1 x-Loc=250 y-Loc=300 xHead=1  Act=14 HP=100 MP=0
[INFO][2021-07-26 16:42:43][Server]User #2 x-Loc=700 y-Loc=300 xHead=0  Act=0 HP=100 MP=0
[INFO][2021-07-26 16:42:43][Server]client #1 transferred chunli #4930
[INFO][2021-07-26 16:42:43][Server]User #1 x-Loc=250 y-Loc=300 xHead=1  Act=0 HP=100 MP=0
[INFO][2021-07-26 16:42:43][Server]User #2 x-Loc=700 y-Loc=300 xHead=0  Act=0 HP=100 MP=0
[INFO][2021-07-26 16:42:43][Server]client #1 transferred chunli #4930
[INFO][2021-07-26 16:42:43][Server]User #1 x-Loc=250 y-Loc=300 xHead=1  Act=14 HP=100 MP=0
[INFO][2021-07-26 16:42:43][Server]User #2 x-Loc=700 y-Loc=300 xHead=0  Act=0 HP=100 MP=0
[INFO][2021-07-26 16:42:43][Server]client #1 transferred chunli #4930
[INFO][2021-07-26 16:42:43][Server]User #1 x-Loc=250 y-Loc=300 xHead=1  Act=0 HP=100 MP=0
[INFO][2021-07-26 16:42:43][Server]User #2 x-Loc=700 y-Loc=300 xHead=0  Act=0 HP=100 MP=0
[INFO][2021-07-26 16:42:43][Server]client #1 transferred chunli #4930
[INFO][2021-07-26 16:42:43][Server]User #1 x-Loc=250 y-Loc=300 xHead=1  Act=14 HP=100 MP=0
[INFO][2021-07-26 16:42:43][Server]User #2 x-Loc=700 y-Loc=300 xHead=0  Act=0 HP=100 MP=0
[INFO][2021-07-26 16:42:43][Server]client #1 transferred chunli #4930
[INFO][2021-07-26 16:42:43][Server]User #1 x-Loc=250 y-Loc=300 xHead=1  Act=0 HP=100 MP=0
[INFO][2021-07-26 16:42:43][Server]User #2 x-Loc=700 y-Loc=300 xHead=0  Act=0 HP=100 MP=0
[INFO][2021-07-26 16:42:43][Server]client #1 transferred chunli #4930
[INFO][2021-07-26 16:42:43][Server]User #1 x-Loc=250 y-Loc=300 xHead=1  Act=14 HP=100 MP=0
[INFO][2021-07-26 16:42:43][Server]User #2 x-Loc=700 y-Loc=300 xHead=0  Act=0 HP=100 MP=0
[INFO][2021-07-26 16:42:43][Server]client #1 transferred chunli #4930
[INFO][2021-07-26 16:42:43][Server]User #1 x-Loc=250 y-Loc=300 xHead=1  Act=0 HP=100 MP=0
[INFO][2021-07-26 16:42:43][Server]User #2 x-Loc=700 y-Loc=300 xHead=0  Act=0 HP=100 MP=0
[INFO][2021-07-26 16:42:43][Server]client #1 transferred chunli #4930
[INFO][2021-07-26 16:42:43][Server]User #1 x-Loc=250 y-Loc=300 xHead=1  Act=14 HP=100 MP=0
[INFO][2021-07-26 16:42:43][Server]User #2 x-Loc=700 y-Loc=300 xHead=0  Act=0 HP=100 MP=0
[INFO][2021-07-26 16:42:43][Server]client #1 transferred chunli #4930
[INFO][2021-07-26 16:42:43][Server]User #1 x-Loc=250 y-Loc=300 xHead=1  Act=0 HP=100 MP=0
[INFO][2021-07-26 16:42:43][Server]User #2 x-Loc=700 y-Loc=300 xHead=0  Act=0 HP=100 MP=0
[INFO][2021-07-26 16:42:43][Server]client #1 transferred chunli #4930
[INFO][2021-07-26 16:42:43][Server]User #1 x-Loc=250 y-Loc=300 xHead=1  Act=14 HP=100 MP=0
[INFO][2021-07-26 16:42:43][Server]User #2 x-Loc=700 y-Loc=300 xHead=0  Act=0 HP=100 MP=0
[INFO][2021-07-26 16:42:43][Server]client #1 transferred chunli #4930
[INFO][2021-07-26 16:42:43][Server]User #1 x-Loc=250 y-Loc=300 xHead=1  Act=0 HP=100 MP=0
[INFO][2021-07-26 16:42:43][Server]User #2 x-Loc=700 y-Loc=300 xHead=0  Act=0 HP=100 MP=0
[INFO][2021-07-26 16:42:44][Server]client #1 transferred chunli #4930
[INFO][2021-07-26 16:42:44][Server]User #1 x-Loc=250 y-Loc=300 xHead=1  Act=14 HP=100 MP=0
[INFO][2021-07-26 16:42:44][Server]User #2 x-Loc=700 y-Loc=300 xHead=0  Act=0 HP=100 MP=0
[INFO][2021-07-26 16:42:44][Server]client #1 transferred chunli #4930
[INFO][2021-07-26 16:42:44][Server]User #1 x-Loc=250 y-Loc=300 xHead=1  Act=0 HP=100 MP=0
[INFO][2021-07-26 16:42:44][Server]User #2 x-Loc=700 y-Loc=300 xHead=0  Act=0 HP=100 MP=0
[INFO][2021-07-26 16:42:44][Server]client #1 transferred chunli #4930
[INFO][2021-07-26 16:42:44][Server]User #1 x-Loc=250 y-Loc=300 xHead=1  Act=14 HP=100 MP=0
[INFO][2021-07-26 16:42:44][Server]User #2 x-Loc=700 y-Loc=300 xHead=0  Act=0 HP=100 MP=0
[INFO][2021-07-26 16:42:44][Server]client #1 transferred chunli #4930
[INFO][2021-07-26 16:42:44][Server]User #1 x-Loc=250 y-Loc=300 xHead=1  Act=0 HP=100 MP=0
[INFO][2021-07-26 16:42:44][Server]User #2 x-Loc=700 y-Loc=300 xHead=0  Act=0 HP=100 MP=0
[INFO][2021-07-26 16:42:44][Server]client #1 transferred chunli #4930
[INFO][2021-07-26 16:42:44][Server]User #1 x-Loc=250 y-Loc=300 xHead=1  Act=14 HP=100 MP=0
[INFO][2021-07-26 16:42:44][Server]User #2 x-Loc=700 y-Loc=300 xHead=0  Act=0 HP=100 MP=0
[INFO][2021-07-26 16:42:44][Server]client #1 transferred chunli #4930
[INFO][2021-07-26 16:42:44][Server]User #1 x-Loc=250 y-Loc=300 xHead=1  Act=0 HP=100 MP=0
[INFO][2021-07-26 16:42:44][Server]User #2 x-Loc=700 y-Loc=300 xHead=0  Act=0 HP=100 MP=0
[INFO][2021-07-26 16:42:44][Server]client #1 transferred chunli #4930
[INFO][2021-07-26 16:42:44][Server]User #1 x-Loc=250 y-Loc=300 xHead=1  Act=14 HP=100 MP=0
[INFO][2021-07-26 16:42:44][Server]User #2 x-Loc=700 y-Loc=300 xHead=0  Act=0 HP=100 MP=0
[INFO][2021-07-26 16:42:44][Server]client #1 transferred chunli #4930
[INFO][2021-07-26 16:42:44][Server]User #1 x-Loc=250 y-Loc=300 xHead=1  Act=0 HP=100 MP=0
[INFO][2021-07-26 16:42:44][Server]User #2 x-Loc=700 y-Loc=300 xHead=0  Act=0 HP=100 MP=0
[INFO][2021-07-26 16:42:44][Server]client #1 transferred chunli #4930
[INFO][2021-07-26 16:42:44][Server]User #1 x-Loc=250 y-Loc=300 xHead=1  Act=14 HP=100 MP=0
[INFO][2021-07-26 16:42:44][Server]User #2 x-Loc=700 y-Loc=300 xHead=0  Act=0 HP=100 MP=0
[INFO][2021-07-26 16:42:44][Server]client #1 transferred chunli #4930
[INFO][2021-07-26 16:42:44][Server]User #1 x-Loc=250 y-Loc=300 xHead=1  Act=0 HP=100 MP=0
[INFO][2021-07-26 16:42:44][Server]User #2 x-Loc=700 y-Loc=300 xHead=0  Act=0 HP=100 MP=0
[INFO][2021-07-26 16:42:44][Server]client #1 transferred chunli #4930
[INFO][2021-07-26 16:42:44][Server]User #1 x-Loc=250 y-Loc=300 xHead=1  Act=14 HP=100 MP=0
[INFO][2021-07-26 16:42:44][Server]User #2 x-Loc=700 y-Loc=300 xHead=0  Act=0 HP=100 MP=0
[INFO][2021-07-26 16:42:44][Server]client #1 transferred chunli #4930
[INFO][2021-07-26 16:42:44][Server]User #1 x-Loc=250 y-Loc=300 xHead=1  Act=0 HP=100 MP=0
[INFO][2021-07-26 16:42:44][Server]User #2 x-Loc=700 y-Loc=300 xHead=0  Act=0 HP=100 MP=0
[INFO][2021-07-26 16:42:44][Server]client #1 transferred chunli #4930
[INFO][2021-07-26 16:42:44][Server]User #1 x-Loc=250 y-Loc=300 xHead=1  Act=14 HP=100 MP=0
[INFO][2021-07-26 16:42:44][Server]User #2 x-Loc=700 y-Loc=300 xHead=0  Act=0 HP=100 MP=0
[INFO][2021-07-26 16:42:44][Server]client #1 transferred chunli #4930
[INFO][2021-07-26 16:42:44][Server]User #1 x-Loc=250 y-Loc=300 xHead=1  Act=0 HP=100 MP=0
[INFO][2021-07-26 16:42:44][Server]User #2 x-Loc=700 y-Loc=300 xHead=0  Act=0 HP=100 MP=0
[INFO][2021-07-26 16:42:44][Server]client #1 transferred chunli #4930
[INFO][2021-07-26 16:42:44][Server]User #1 x-Loc=250 y-Loc=300 xHead=1  Act=14 HP=100 MP=0
[INFO][2021-07-26 16:42:44][Server]User #2 x-Loc=700 y-Loc=300 xHead=0  Act=0 HP=100 MP=0
[INFO][2021-07-26 16:42:44][Server]client #1 transferred chunli #4930
[INFO][2021-07-26 16:42:44][Server]User #1 x-Loc=250 y-Loc=300 xHead=1  Act=0 HP=100 MP=0
[INFO][2021-07-26 16:42:44][Server]User #2 x-Loc=700 y-Loc=300 xHead=0  Act=0 HP=100 MP=0
[INFO][2021-07-26 16:42:44][Server]client #1 transferred chunli #4930
[INFO][2021-07-26 16:42:44][Server]User #1 x-Loc=250 y-Loc=300 xHead=1  Act=14 HP=100 MP=0
[INFO][2021-07-26 16:42:44][Server]User #2 x-Loc=700 y-Loc=300 xHead=0  Act=0 HP=100 MP=0
[INFO][2021-07-26 16:42:44][Server]client #1 transferred chunli #4930
[INFO][2021-07-26 16:42:44][Server]User #1 x-Loc=250 y-Loc=300 xHead=1  Act=0 HP=100 MP=0
[INFO][2021-07-26 16:42:44][Server]User #2 x-Loc=700 y-Loc=300 xHead=0  Act=0 HP=100 MP=0
[INFO][2021-07-26 16:42:44][Server]client #1 transferred chunli #4930
[INFO][2021-07-26 16:42:44][Server]User #1 x-Loc=250 y-Loc=300 xHead=1  Act=14 HP=100 MP=0
[INFO][2021-07-26 16:42:44][Server]User #2 x-Loc=700 y-Loc=300 xHead=0  Act=0 HP=100 MP=0
[INFO][2021-07-26 16:42:44][Server]client #1 transferred chunli #4930
[INFO][2021-07-26 16:42:44][Server]User #1 x-Loc=250 y-Loc=300 xHead=1  Act=0 HP=100 MP=0
[INFO][2021-07-26 16:42:44][Server]User #2 x-Loc=700 y-Loc=300 xHead=0  Act=0 HP=100 MP=0
[INFO][2021-07-26 16:42:44][Server]client #1 transferred chunli #4930
[INFO][2021-07-26 16:42:44][Server]User #1 x-Loc=250 y-Loc=300 xHead=1  Act=14 HP=100 MP=0
[INFO][2021-07-26 16:42:44][Server]User #2 x-Loc=700 y-Loc=300 xHead=0  Act=0 HP=100 MP=0
[INFO][2021-07-26 16:42:44][Server]client #1 transferred chunli #4930
[INFO][2021-07-26 16:42:44][Server]User #1 x-Loc=250 y-Loc=300 xHead=1  Act=0 HP=100 MP=0
[INFO][2021-07-26 16:42:44][Server]User #2 x-Loc=700 y-Loc=300 xHead=0  Act=0 HP=100 MP=0
[INFO][2021-07-26 16:42:44][Server]client #1 transferred chunli #4930
[INFO][2021-07-26 16:42:44][Server]User #1 x-Loc=250 y-Loc=300 xHead=1  Act=14 HP=100 MP=0
[INFO][2021-07-26 16:42:44][Server]User #2 x-Loc=700 y-Loc=300 xHead=0  Act=0 HP=100 MP=0
[INFO][2021-07-26 16:42:44][Server]client #1 transferred chunli #4930
[INFO][2021-07-26 16:42:44][Server]User #1 x-Loc=250 y-Loc=300 xHead=1  Act=0 HP=100 MP=0
[INFO][2021-07-26 16:42:44][Server]User #2 x-Loc=700 y-Loc=300 xHead=0  Act=0 HP=100 MP=0
[INFO][2021-07-26 16:42:44][Server]client #1 transferred chunli #4930
[INFO][2021-07-26 16:42:44][Server]User #1 x-Loc=250 y-Loc=300 xHead=1  Act=14 HP=100 MP=0
[INFO][2021-07-26 16:42:44][Server]User #2 x-Loc=700 y-Loc=300 xHead=0  Act=0 HP=100 MP=0
[INFO][2021-07-26 16:42:44][Server]client #1 transferred chunli #4930
[INFO][2021-07-26 16:42:44][Server]User #1 x-Loc=250 y-Loc=300 xHead=1  Act=0 HP=100 MP=0
[INFO][2021-07-26 16:42:44][Server]User #2 x-Loc=700 y-Loc=300 xHead=0  Act=0 HP=100 MP=0
[INFO][2021-07-26 16:42:44][Server]client #1 transferred chunli #4930
[INFO][2021-07-26 16:42:44][Server]User #1 x-Loc=250 y-Loc=300 xHead=1  Act=14 HP=100 MP=0
[INFO][2021-07-26 16:42:44][Server]User #2 x-Loc=700 y-Loc=300 xHead=0  Act=0 HP=100 MP=0
[INFO][2021-07-26 16:42:44][Server]client #1 transferred chunli #4930
[INFO][2021-07-26 16:42:44][Server]User #1 x-Loc=250 y-Loc=300 xHead=1  Act=0 HP=100 MP=0
[INFO][2021-07-26 16:42:44][Server]User #2 x-Loc=700 y-Loc=300 xHead=0  Act=0 HP=100 MP=0
[INFO][2021-07-26 16:42:44][Server]client #1 transferred chunli #4930
[INFO][2021-07-26 16:42:44][Server]User #1 x-Loc=250 y-Loc=300 xHead=1  Act=14 HP=100 MP=0
[INFO][2021-07-26 16:42:44][Server]User #2 x-Loc=700 y-Loc=300 xHead=0  Act=0 HP=100 MP=0
[INFO][2021-07-26 16:42:44][Server]client #1 transferred chunli #4930
[INFO][2021-07-26 16:42:44][Server]User #1 x-Loc=250 y-Loc=300 xHead=1  Act=0 HP=100 MP=0
[INFO][2021-07-26 16:42:44][Server]User #2 x-Loc=700 y-Loc=300 xHead=0  Act=0 HP=100 MP=0
[INFO][2021-07-26 16:42:45][Server]client #1 transferred chunli #4930
[INFO][2021-07-26 16:42:45][Server]User #1 x-Loc=250 y-Loc=300 xHead=1  Act=14 HP=100 MP=0
[INFO][2021-07-26 16:42:45][Server]User #2 x-Loc=700 y-Loc=300 xHead=0  Act=0 HP=100 MP=0
[INFO][2021-07-26 16:42:45][Server]client #1 transferred chunli #4930
[INFO][2021-07-26 16:42:45][Server]User #1 x-Loc=250 y-Loc=300 xHead=1  Act=0 HP=100 MP=0
[INFO][2021-07-26 16:42:45][Server]User #2 x-Loc=700 y-Loc=300 xHead=0  Act=0 HP=100 MP=0
[INFO][2021-07-26 16:42:45][Server]client #1 transferred chunli #4930
[INFO][2021-07-26 16:42:45][Server]User #1 x-Loc=250 y-Loc=300 xHead=1  Act=14 HP=100 MP=0
[INFO][2021-07-26 16:42:45][Server]User #2 x-Loc=700 y-Loc=300 xHead=0  Act=0 HP=100 MP=0
[INFO][2021-07-26 16:42:45][Server]client #1 transferred chunli #4930
[INFO][2021-07-26 16:42:45][Server]User #1 x-Loc=250 y-Loc=300 xHead=1  Act=0 HP=100 MP=0
[INFO][2021-07-26 16:42:45][Server]User #2 x-Loc=700 y-Loc=300 xHead=0  Act=0 HP=100 MP=0
[INFO][2021-07-26 16:42:45][Server]client #1 transferred chunli #4930
[INFO][2021-07-26 16:42:45][Server]User #1 x-Loc=250 y-Loc=300 xHead=1  Act=14 HP=100 MP=0
[INFO][2021-07-26 16:42:45][Server]User #2 x-Loc=700 y-Loc=300 xHead=0  Act=0 HP=100 MP=0
[INFO][2021-07-26 16:42:45][Server]client #1 transferred chunli #4930
[INFO][2021-07-26 16:42:45][Server]User #1 x-Loc=250 y-Loc=300 xHead=1  Act=0 HP=100 MP=0
[INFO][2021-07-26 16:42:45][Server]User #2 x-Loc=700 y-Loc=300 xHead=0  Act=0 HP=100 MP=0
[INFO][2021-07-26 16:42:45][Server]client #1 transferred chunli #4930
[INFO][2021-07-26 16:42:45][Server]User #1 x-Loc=250 y-Loc=300 xHead=1  Act=14 HP=100 MP=0
[INFO][2021-07-26 16:42:45][Server]User #2 x-Loc=700 y-Loc=300 xHead=0  Act=0 HP=100 MP=0
[INFO][2021-07-26 16:42:45][Server]client #1 transferred chunli #4930
[INFO][2021-07-26 16:42:45][Server]User #1 x-Loc=250 y-Loc=300 xHead=1  Act=0 HP=100 MP=0
[INFO][2021-07-26 16:42:45][Server]User #2 x-Loc=700 y-Loc=300 xHead=0  Act=0 HP=100 MP=0
[INFO][2021-07-26 16:42:45][Server]client #1 transferred chunli #4930
[INFO][2021-07-26 16:42:45][Server]User #1 x-Loc=250 y-Loc=300 xHead=1  Act=14 HP=100 MP=0
[INFO][2021-07-26 16:42:45][Server]User #2 x-Loc=700 y-Loc=300 xHead=0  Act=0 HP=100 MP=0
[INFO][2021-07-26 16:42:45][Server]client #1 transferred chunli #4930
[INFO][2021-07-26 16:42:45][Server]User #1 x-Loc=250 y-Loc=300 xHead=1  Act=0 HP=100 MP=0
[INFO][2021-07-26 16:42:45][Server]User #2 x-Loc=700 y-Loc=300 xHead=0  Act=0 HP=100 MP=0
[INFO][2021-07-26 16:42:45][Server]client #1 transferred chunli #4930
[INFO][2021-07-26 16:42:45][Server]User #1 x-Loc=250 y-Loc=300 xHead=1  Act=14 HP=100 MP=0
[INFO][2021-07-26 16:42:45][Server]User #2 x-Loc=700 y-Loc=300 xHead=0  Act=0 HP=100 MP=0
[INFO][2021-07-26 16:42:45][Server]client #1 transferred chunli #4930
[INFO][2021-07-26 16:42:45][Server]User #1 x-Loc=250 y-Loc=300 xHead=1  Act=0 HP=100 MP=0
[INFO][2021-07-26 16:42:45][Server]User #2 x-Loc=700 y-Loc=300 xHead=0  Act=0 HP=100 MP=0
[INFO][2021-07-26 16:42:45][Server]client #1 transferred chunli #4930
[INFO][2021-07-26 16:42:45][Server]User #1 x-Loc=250 y-Loc=300 xHead=1  Act=14 HP=100 MP=0
[INFO][2021-07-26 16:42:45][Server]User #2 x-Loc=700 y-Loc=300 xHead=0  Act=0 HP=100 MP=0
[INFO][2021-07-26 16:42:45][Server]client #1 transferred chunli #4930
[INFO][2021-07-26 16:42:45][Server]User #1 x-Loc=250 y-Loc=300 xHead=1  Act=0 HP=100 MP=0
[INFO][2021-07-26 16:42:45][Server]User #2 x-Loc=700 y-Loc=300 xHead=0  Act=0 HP=100 MP=0
[INFO][2021-07-26 16:42:45][Server]client #1 transferred chunli #4930
[INFO][2021-07-26 16:42:45][Server]User #1 x-Loc=250 y-Loc=300 xHead=1  Act=14 HP=100 MP=0
[INFO][2021-07-26 16:42:45][Server]User #2 x-Loc=700 y-Loc=300 xHead=0  Act=0 HP=100 MP=0
[INFO][2021-07-26 16:42:45][Server]client #1 transferred chunli #4930
[INFO][2021-07-26 16:42:45][Server]User #1 x-Loc=250 y-Loc=300 xHead=1  Act=0 HP=100 MP=0
[INFO][2021-07-26 16:42:45][Server]User #2 x-Loc=700 y-Loc=300 xHead=0  Act=0 HP=100 MP=0
[INFO][2021-07-26 16:42:45][Server]client #1 transferred chunli #4930
[INFO][2021-07-26 16:42:45][Server]User #1 x-Loc=250 y-Loc=300 xHead=1  Act=14 HP=100 MP=0
[INFO][2021-07-26 16:42:45][Server]User #2 x-Loc=700 y-Loc=300 xHead=0  Act=0 HP=100 MP=0
[INFO][2021-07-26 16:42:45][Server]client #1 transferred chunli #4930
[INFO][2021-07-26 16:42:45][Server]User #1 x-Loc=250 y-Loc=300 xHead=1  Act=0 HP=100 MP=0
[INFO][2021-07-26 16:42:45][Server]User #2 x-Loc=700 y-Loc=300 xHead=0  Act=0 HP=100 MP=0
[INFO][2021-07-26 16:42:45][Server]client #1 transferred chunli #4930
[INFO][2021-07-26 16:42:45][Server]User #1 x-Loc=250 y-Loc=300 xHead=1  Act=14 HP=100 MP=0
[INFO][2021-07-26 16:42:45][Server]User #2 x-Loc=700 y-Loc=300 xHead=0  Act=0 HP=100 MP=0
[INFO][2021-07-26 16:42:45][Server]client #1 transferred chunli #4930
[INFO][2021-07-26 16:42:45][Server]User #1 x-Loc=250 y-Loc=300 xHead=1  Act=0 HP=100 MP=0
[INFO][2021-07-26 16:42:45][Server]User #2 x-Loc=700 y-Loc=300 xHead=0  Act=0 HP=100 MP=0
[INFO][2021-07-26 16:42:45][Server]client #1 transferred chunli #4930
[INFO][2021-07-26 16:42:45][Server]User #1 x-Loc=250 y-Loc=300 xHead=1  Act=14 HP=100 MP=0
[INFO][2021-07-26 16:42:45][Server]User #2 x-Loc=700 y-Loc=300 xHead=0  Act=0 HP=100 MP=0
[INFO][2021-07-26 16:42:45][Server]client #1 transferred chunli #4930
[INFO][2021-07-26 16:42:45][Server]User #1 x-Loc=250 y-Loc=300 xHead=1  Act=0 HP=100 MP=0
[INFO][2021-07-26 16:42:45][Server]User #2 x-Loc=700 y-Loc=300 xHead=0  Act=0 HP=100 MP=0
[INFO][2021-07-26 16:42:45][Server]client #1 transferred chunli #4930
[INFO][2021-07-26 16:42:45][Server]User #1 x-Loc=250 y-Loc=300 xHead=1  Act=14 HP=100 MP=0
[INFO][2021-07-26 16:42:45][Server]User #2 x-Loc=700 y-Loc=300 xHead=0  Act=0 HP=100 MP=0
[INFO][2021-07-26 16:42:45][Server]client #1 transferred chunli #4930
[INFO][2021-07-26 16:42:45][Server]User #1 x-Loc=250 y-Loc=300 xHead=1  Act=0 HP=100 MP=0
[INFO][2021-07-26 16:42:45][Server]User #2 x-Loc=700 y-Loc=300 xHead=0  Act=0 HP=100 MP=0
[INFO][2021-07-26 16:42:45][Server]client #1 transferred chunli #4930
[INFO][2021-07-26 16:42:45][Server]User #1 x-Loc=250 y-Loc=300 xHead=1  Act=14 HP=100 MP=0
[INFO][2021-07-26 16:42:45][Server]User #2 x-Loc=700 y-Loc=300 xHead=0  Act=0 HP=100 MP=0
[INFO][2021-07-26 16:42:45][Server]client #1 transferred chunli #4930
[INFO][2021-07-26 16:42:45][Server]User #1 x-Loc=250 y-Loc=300 xHead=1  Act=0 HP=100 MP=0
[INFO][2021-07-26 16:42:45][Server]User #2 x-Loc=700 y-Loc=300 xHead=0  Act=0 HP=100 MP=0
[INFO][2021-07-26 16:42:45][Server]client #1 transferred chunli #4930
[INFO][2021-07-26 16:42:45][Server]User #1 x-Loc=250 y-Loc=300 xHead=1  Act=14 HP=100 MP=0
[INFO][2021-07-26 16:42:45][Server]User #2 x-Loc=700 y-Loc=300 xHead=0  Act=0 HP=100 MP=0
[INFO][2021-07-26 16:42:45][Server]client #1 transferred chunli #4930
[INFO][2021-07-26 16:42:45][Server]User #1 x-Loc=250 y-Loc=300 xHead=1  Act=0 HP=100 MP=0
[INFO][2021-07-26 16:42:45][Server]User #2 x-Loc=700 y-Loc=300 xHead=0  Act=0 HP=100 MP=0
[INFO][2021-07-26 16:42:45][Server]client #1 transferred chunli #4930
[INFO][2021-07-26 16:42:45][Server]User #1 x-Loc=250 y-Loc=300 xHead=1  Act=14 HP=100 MP=0
[INFO][2021-07-26 16:42:45][Server]User #2 x-Loc=700 y-Loc=300 xHead=0  Act=0 HP=100 MP=0
[INFO][2021-07-26 16:42:45][Server]client #1 transferred chunli #4930
[INFO][2021-07-26 16:42:45][Server]User #1 x-Loc=250 y-Loc=300 xHead=1  Act=0 HP=100 MP=0
[INFO][2021-07-26 16:42:45][Server]User #2 x-Loc=700 y-Loc=300 xHead=0  Act=0 HP=100 MP=0
[INFO][2021-07-26 16:42:45][Server]client #1 transferred chunli #4930
[INFO][2021-07-26 16:42:45][Server]User #1 x-Loc=250 y-Loc=300 xHead=1  Act=14 HP=100 MP=0
[INFO][2021-07-26 16:42:45][Server]User #2 x-Loc=700 y-Loc=300 xHead=0  Act=0 HP=100 MP=0
[INFO][2021-07-26 16:42:46][Server]client #1 transferred chunli #4930
[INFO][2021-07-26 16:42:46][Server]User #1 x-Loc=250 y-Loc=300 xHead=1  Act=0 HP=100 MP=0
[INFO][2021-07-26 16:42:46][Server]User #2 x-Loc=700 y-Loc=300 xHead=0  Act=0 HP=100 MP=0
[INFO][2021-07-26 16:42:46][Server]client #1 transferred chunli #4930
[INFO][2021-07-26 16:42:46][Server]User #1 x-Loc=250 y-Loc=300 xHead=1  Act=14 HP=100 MP=0
[INFO][2021-07-26 16:42:46][Server]User #2 x-Loc=700 y-Loc=300 xHead=0  Act=0 HP=100 MP=0
[INFO][2021-07-26 16:42:46][Server]client #1 transferred chunli #4930
[INFO][2021-07-26 16:42:46][Server]User #1 x-Loc=250 y-Loc=300 xHead=1  Act=0 HP=100 MP=0
[INFO][2021-07-26 16:42:46][Server]User #2 x-Loc=700 y-Loc=300 xHead=0  Act=0 HP=100 MP=0
[INFO][2021-07-26 16:42:46][Server]client #1 transferred chunli #4930
[INFO][2021-07-26 16:42:46][Server]User #1 x-Loc=250 y-Loc=300 xHead=1  Act=14 HP=100 MP=0
[INFO][2021-07-26 16:42:46][Server]User #2 x-Loc=700 y-Loc=300 xHead=0  Act=0 HP=100 MP=0
[INFO][2021-07-26 16:42:46][Server]client #1 transferred chunli #4930
[INFO][2021-07-26 16:42:46][Server]User #1 x-Loc=250 y-Loc=300 xHead=1  Act=0 HP=100 MP=0
[INFO][2021-07-26 16:42:46][Server]User #2 x-Loc=700 y-Loc=300 xHead=0  Act=0 HP=100 MP=0
[INFO][2021-07-26 16:42:46][Server]client #1 transferred chunli #4930
[INFO][2021-07-26 16:42:46][Server]User #1 x-Loc=250 y-Loc=300 xHead=1  Act=14 HP=100 MP=0
[INFO][2021-07-26 16:42:46][Server]User #2 x-Loc=700 y-Loc=300 xHead=0  Act=0 HP=100 MP=0
[INFO][2021-07-26 16:42:46][Server]client #1 transferred chunli #4930
[INFO][2021-07-26 16:42:46][Server]User #1 x-Loc=250 y-Loc=300 xHead=1  Act=0 HP=100 MP=0
[INFO][2021-07-26 16:42:46][Server]User #2 x-Loc=700 y-Loc=300 xHead=0  Act=0 HP=100 MP=0
[INFO][2021-07-26 16:42:46][Server]client #1 transferred chunli #4930
[INFO][2021-07-26 16:42:46][Server]User #1 x-Loc=250 y-Loc=300 xHead=1  Act=14 HP=100 MP=0
[INFO][2021-07-26 16:42:46][Server]User #2 x-Loc=700 y-Loc=300 xHead=0  Act=0 HP=100 MP=0
[INFO][2021-07-26 16:42:46][Server]client #1 transferred chunli #4930
[INFO][2021-07-26 16:42:46][Server]User #1 x-Loc=250 y-Loc=300 xHead=1  Act=0 HP=100 MP=0
[INFO][2021-07-26 16:42:46][Server]User #2 x-Loc=700 y-Loc=300 xHead=0  Act=0 HP=100 MP=0
[INFO][2021-07-26 16:42:46][Server]client #1 transferred chunli #4930
[INFO][2021-07-26 16:42:46][Server]User #1 x-Loc=250 y-Loc=300 xHead=1  Act=14 HP=100 MP=0
[INFO][2021-07-26 16:42:46][Server]User #2 x-Loc=700 y-Loc=300 xHead=0  Act=0 HP=100 MP=0
[INFO][2021-07-26 16:42:46][Server]client #1 transferred chunli #4930
[INFO][2021-07-26 16:42:46][Server]User #1 x-Loc=250 y-Loc=300 xHead=1  Act=0 HP=100 MP=0
[INFO][2021-07-26 16:42:46][Server]User #2 x-Loc=700 y-Loc=300 xHead=0  Act=0 HP=100 MP=0
[INFO][2021-07-26 16:42:46][Server]client #1 transferred chunli #4930
[INFO][2021-07-26 16:42:46][Server]User #1 x-Loc=250 y-Loc=300 xHead=1  Act=14 HP=100 MP=0
[INFO][2021-07-26 16:42:46][Server]User #2 x-Loc=700 y-Loc=300 xHead=0  Act=0 HP=100 MP=0
[INFO][2021-07-26 16:42:46][Server]client #1 transferred chunli #4930
[INFO][2021-07-26 16:42:46][Server]User #1 x-Loc=250 y-Loc=300 xHead=1  Act=0 HP=100 MP=0
[INFO][2021-07-26 16:42:46][Server]User #2 x-Loc=700 y-Loc=300 xHead=0  Act=0 HP=100 MP=0
[INFO][2021-07-26 16:42:46][Server]client #1 transferred chunli #4930
[INFO][2021-07-26 16:42:46][Server]User #1 x-Loc=250 y-Loc=300 xHead=1  Act=14 HP=100 MP=0
[INFO][2021-07-26 16:42:46][Server]User #2 x-Loc=700 y-Loc=300 xHead=0  Act=0 HP=100 MP=0
[INFO][2021-07-26 16:42:46][Server]client #1 transferred chunli #4930
[INFO][2021-07-26 16:42:46][Server]User #1 x-Loc=250 y-Loc=300 xHead=1  Act=0 HP=100 MP=0
[INFO][2021-07-26 16:42:46][Server]User #2 x-Loc=700 y-Loc=300 xHead=0  Act=0 HP=100 MP=0
[INFO][2021-07-26 16:42:46][Server]client #1 transferred chunli #4930
[INFO][2021-07-26 16:42:46][Server]User #1 x-Loc=250 y-Loc=300 xHead=1  Act=14 HP=100 MP=0
[INFO][2021-07-26 16:42:46][Server]User #2 x-Loc=700 y-Loc=300 xHead=0  Act=0 HP=100 MP=0
[INFO][2021-07-26 16:42:46][Server]client #1 transferred chunli #4930
[INFO][2021-07-26 16:42:46][Server]User #1 x-Loc=250 y-Loc=300 xHead=1  Act=0 HP=100 MP=0
[INFO][2021-07-26 16:42:46][Server]User #2 x-Loc=700 y-Loc=300 xHead=0  Act=0 HP=100 MP=0
[INFO][2021-07-26 16:42:46][Server]client #1 transferred chunli #4930
[INFO][2021-07-26 16:42:46][Server]User #1 x-Loc=250 y-Loc=300 xHead=1  Act=14 HP=100 MP=0
[INFO][2021-07-26 16:42:46][Server]User #2 x-Loc=700 y-Loc=300 xHead=0  Act=0 HP=100 MP=0
[INFO][2021-07-26 16:42:46][Server]client #1 transferred chunli #4930
[INFO][2021-07-26 16:42:46][Server]User #1 x-Loc=250 y-Loc=300 xHead=1  Act=0 HP=100 MP=0
[INFO][2021-07-26 16:42:46][Server]User #2 x-Loc=700 y-Loc=300 xHead=0  Act=0 HP=100 MP=0
[INFO][2021-07-26 16:42:46][Server]client #1 transferred chunli #4930
[INFO][2021-07-26 16:42:46][Server]User #1 x-Loc=250 y-Loc=300 xHead=1  Act=14 HP=100 MP=0
[INFO][2021-07-26 16:42:46][Server]User #2 x-Loc=700 y-Loc=300 xHead=0  Act=0 HP=100 MP=0
[INFO][2021-07-26 16:42:46][Server]client #1 transferred chunli #4930
[INFO][2021-07-26 16:42:46][Server]User #1 x-Loc=250 y-Loc=300 xHead=1  Act=0 HP=100 MP=0
[INFO][2021-07-26 16:42:46][Server]User #2 x-Loc=700 y-Loc=300 xHead=0  Act=0 HP=100 MP=0
[INFO][2021-07-26 16:42:46][Server]client #1 transferred chunli #4930
[INFO][2021-07-26 16:42:46][Server]User #1 x-Loc=250 y-Loc=300 xHead=1  Act=14 HP=100 MP=0
[INFO][2021-07-26 16:42:46][Server]User #2 x-Loc=700 y-Loc=300 xHead=0  Act=0 HP=100 MP=0
[INFO][2021-07-26 16:42:46][Server]client #1 transferred chunli #4930
[INFO][2021-07-26 16:42:46][Server]User #1 x-Loc=250 y-Loc=300 xHead=1  Act=0 HP=100 MP=0
[INFO][2021-07-26 16:42:46][Server]User #2 x-Loc=700 y-Loc=300 xHead=0  Act=0 HP=100 MP=0
[INFO][2021-07-26 16:42:46][Server]client #1 transferred chunli #4930
[INFO][2021-07-26 16:42:46][Server]User #1 x-Loc=250 y-Loc=300 xHead=1  Act=14 HP=100 MP=0
[INFO][2021-07-26 16:42:46][Server]User #2 x-Loc=700 y-Loc=300 xHead=0  Act=0 HP=100 MP=0
[INFO][2021-07-26 16:42:46][Server]client #1 transferred chunli #4930
[INFO][2021-07-26 16:42:46][Server]User #1 x-Loc=250 y-Loc=300 xHead=1  Act=0 HP=100 MP=0
[INFO][2021-07-26 16:42:46][Server]User #2 x-Loc=700 y-Loc=300 xHead=0  Act=0 HP=100 MP=0
[INFO][2021-07-26 16:42:46][Server]client #1 transferred chunli #4930
[INFO][2021-07-26 16:42:46][Server]User #1 x-Loc=250 y-Loc=300 xHead=1  Act=14 HP=100 MP=0
[INFO][2021-07-26 16:42:46][Server]User #2 x-Loc=700 y-Loc=300 xHead=0  Act=0 HP=100 MP=0
[INFO][2021-07-26 16:42:46][Server]client #1 transferred chunli #4930
[INFO][2021-07-26 16:42:46][Server]User #1 x-Loc=250 y-Loc=300 xHead=1  Act=0 HP=100 MP=0
[INFO][2021-07-26 16:42:46][Server]User #2 x-Loc=700 y-Loc=300 xHead=0  Act=0 HP=100 MP=0
[INFO][2021-07-26 16:42:46][Server]client #1 transferred chunli #4930
[INFO][2021-07-26 16:42:46][Server]User #1 x-Loc=250 y-Loc=300 xHead=1  Act=14 HP=100 MP=0
[INFO][2021-07-26 16:42:46][Server]User #2 x-Loc=700 y-Loc=300 xHead=0  Act=0 HP=100 MP=0
[INFO][2021-07-26 16:42:46][Server]client #1 transferred chunli #4930
[INFO][2021-07-26 16:42:46][Server]User #1 x-Loc=250 y-Loc=300 xHead=1  Act=0 HP=100 MP=0
[INFO][2021-07-26 16:42:46][Server]User #2 x-Loc=700 y-Loc=300 xHead=0  Act=0 HP=100 MP=0
[INFO][2021-07-26 16:42:46][Server]client #1 transferred chunli #4930
[INFO][2021-07-26 16:42:46][Server]User #1 x-Loc=250 y-Loc=300 xHead=1  Act=14 HP=100 MP=0
[INFO][2021-07-26 16:42:46][Server]User #2 x-Loc=700 y-Loc=300 xHead=0  Act=0 HP=100 MP=0
[INFO][2021-07-26 16:42:47][Server]client #1 transferred chunli #4930
[INFO][2021-07-26 16:42:47][Server]User #1 x-Loc=250 y-Loc=300 xHead=1  Act=0 HP=100 MP=0
[INFO][2021-07-26 16:42:47][Server]User #2 x-Loc=700 y-Loc=300 xHead=0  Act=0 HP=100 MP=0
[INFO][2021-07-26 16:42:47][Server]client #1 transferred chunli #4930
[INFO][2021-07-26 16:42:47][Server]User #1 x-Loc=250 y-Loc=300 xHead=1  Act=14 HP=100 MP=0
[INFO][2021-07-26 16:42:47][Server]User #2 x-Loc=700 y-Loc=300 xHead=0  Act=0 HP=100 MP=0
[INFO][2021-07-26 16:42:47][Server]client #1 transferred chunli #4930
[INFO][2021-07-26 16:42:47][Server]User #1 x-Loc=250 y-Loc=300 xHead=1  Act=0 HP=100 MP=0
[INFO][2021-07-26 16:42:47][Server]User #2 x-Loc=700 y-Loc=300 xHead=0  Act=0 HP=100 MP=0
[INFO][2021-07-26 16:42:47][Server]client #1 transferred chunli #4930
[INFO][2021-07-26 16:42:47][Server]User #1 x-Loc=250 y-Loc=300 xHead=1  Act=14 HP=100 MP=0
[INFO][2021-07-26 16:42:47][Server]User #2 x-Loc=700 y-Loc=300 xHead=0  Act=0 HP=100 MP=0
[INFO][2021-07-26 16:42:47][Server]client #1 transferred chunli #4930
[INFO][2021-07-26 16:42:47][Server]User #1 x-Loc=250 y-Loc=300 xHead=1  Act=0 HP=100 MP=0
[INFO][2021-07-26 16:42:47][Server]User #2 x-Loc=700 y-Loc=300 xHead=0  Act=0 HP=100 MP=0
[INFO][2021-07-26 16:42:47][Server]client #1 transferred chunli #4930
[INFO][2021-07-26 16:42:47][Server]User #1 x-Loc=250 y-Loc=300 xHead=1  Act=14 HP=100 MP=0
[INFO][2021-07-26 16:42:47][Server]User #2 x-Loc=700 y-Loc=300 xHead=0  Act=0 HP=100 MP=0
[INFO][2021-07-26 16:42:47][Server]client #1 transferred chunli #4930
[INFO][2021-07-26 16:42:47][Server]User #1 x-Loc=250 y-Loc=300 xHead=1  Act=0 HP=100 MP=0
[INFO][2021-07-26 16:42:47][Server]User #2 x-Loc=700 y-Loc=300 xHead=0  Act=0 HP=100 MP=0
[INFO][2021-07-26 16:42:47][Server]client #1 transferred chunli #4930
[INFO][2021-07-26 16:42:47][Server]User #1 x-Loc=250 y-Loc=300 xHead=1  Act=14 HP=100 MP=0
[INFO][2021-07-26 16:42:47][Server]User #2 x-Loc=700 y-Loc=300 xHead=0  Act=0 HP=100 MP=0
[INFO][2021-07-26 16:42:47][Server]client #1 transferred chunli #4930
[INFO][2021-07-26 16:42:47][Server]User #1 x-Loc=250 y-Loc=300 xHead=1  Act=0 HP=100 MP=0
[INFO][2021-07-26 16:42:47][Server]User #2 x-Loc=700 y-Loc=300 xHead=0  Act=0 HP=100 MP=0
[INFO][2021-07-26 16:42:47][Server]client #1 transferred chunli #4930
[INFO][2021-07-26 16:42:47][Server]User #1 x-Loc=250 y-Loc=300 xHead=1  Act=14 HP=100 MP=0
[INFO][2021-07-26 16:42:47][Server]User #2 x-Loc=700 y-Loc=300 xHead=0  Act=0 HP=100 MP=0
[INFO][2021-07-26 16:42:47][Server]client #1 transferred chunli #4930
[INFO][2021-07-26 16:42:47][Server]User #1 x-Loc=250 y-Loc=300 xHead=1  Act=0 HP=100 MP=0
[INFO][2021-07-26 16:42:47][Server]User #2 x-Loc=700 y-Loc=300 xHead=0  Act=0 HP=100 MP=0
[INFO][2021-07-26 16:42:47][Server]client #1 transferred chunli #4930
[INFO][2021-07-26 16:42:47][Server]User #1 x-Loc=250 y-Loc=300 xHead=1  Act=14 HP=100 MP=0
[INFO][2021-07-26 16:42:47][Server]User #2 x-Loc=700 y-Loc=300 xHead=0  Act=0 HP=100 MP=0
[INFO][2021-07-26 16:42:47][Server]client #1 transferred chunli #4930
[INFO][2021-07-26 16:42:47][Server]User #1 x-Loc=250 y-Loc=300 xHead=1  Act=0 HP=100 MP=0
[INFO][2021-07-26 16:42:47][Server]User #2 x-Loc=700 y-Loc=300 xHead=0  Act=0 HP=100 MP=0
[INFO][2021-07-26 16:42:47][Server]client #1 transferred chunli #4930
[INFO][2021-07-26 16:42:47][Server]User #1 x-Loc=250 y-Loc=300 xHead=1  Act=14 HP=100 MP=0
[INFO][2021-07-26 16:42:47][Server]User #2 x-Loc=700 y-Loc=300 xHead=0  Act=0 HP=100 MP=0
[INFO][2021-07-26 16:42:47][Server]client #1 transferred chunli #4930
[INFO][2021-07-26 16:42:47][Server]User #1 x-Loc=250 y-Loc=300 xHead=1  Act=0 HP=100 MP=0
[INFO][2021-07-26 16:42:47][Server]User #2 x-Loc=700 y-Loc=300 xHead=0  Act=0 HP=100 MP=0
[INFO][2021-07-26 16:42:47][Server]client #1 transferred chunli #4930
[INFO][2021-07-26 16:42:47][Server]User #1 x-Loc=250 y-Loc=300 xHead=1  Act=14 HP=100 MP=0
[INFO][2021-07-26 16:42:47][Server]User #2 x-Loc=700 y-Loc=300 xHead=0  Act=0 HP=100 MP=0
[INFO][2021-07-26 16:42:47][Server]client #1 transferred chunli #4930
[INFO][2021-07-26 16:42:47][Server]User #1 x-Loc=250 y-Loc=300 xHead=1  Act=0 HP=100 MP=0
[INFO][2021-07-26 16:42:47][Server]User #2 x-Loc=700 y-Loc=300 xHead=0  Act=0 HP=100 MP=0
[INFO][2021-07-26 16:42:47][Server]client #1 transferred chunli #4930
[INFO][2021-07-26 16:42:47][Server]User #1 x-Loc=250 y-Loc=300 xHead=1  Act=14 HP=100 MP=0
[INFO][2021-07-26 16:42:47][Server]User #2 x-Loc=700 y-Loc=300 xHead=0  Act=0 HP=100 MP=0
[INFO][2021-07-26 16:42:47][Server]client #1 transferred chunli #4930
[INFO][2021-07-26 16:42:47][Server]User #1 x-Loc=250 y-Loc=300 xHead=1  Act=0 HP=100 MP=0
[INFO][2021-07-26 16:42:47][Server]User #2 x-Loc=700 y-Loc=300 xHead=0  Act=0 HP=100 MP=0
[INFO][2021-07-26 16:42:47][Server]client #1 transferred chunli #4930
[INFO][2021-07-26 16:42:47][Server]User #1 x-Loc=250 y-Loc=300 xHead=1  Act=14 HP=100 MP=0
[INFO][2021-07-26 16:42:47][Server]User #2 x-Loc=700 y-Loc=300 xHead=0  Act=0 HP=100 MP=0
[INFO][2021-07-26 16:42:47][Server]client #1 transferred chunli #4930
[INFO][2021-07-26 16:42:47][Server]User #1 x-Loc=250 y-Loc=300 xHead=1  Act=0 HP=100 MP=0
[INFO][2021-07-26 16:42:47][Server]User #2 x-Loc=700 y-Loc=300 xHead=0  Act=0 HP=100 MP=0
[INFO][2021-07-26 16:42:47][Server]client #1 transferred chunli #4930
[INFO][2021-07-26 16:42:47][Server]User #1 x-Loc=250 y-Loc=300 xHead=1  Act=14 HP=100 MP=0
[INFO][2021-07-26 16:42:47][Server]User #2 x-Loc=700 y-Loc=300 xHead=0  Act=0 HP=100 MP=0
[INFO][2021-07-26 16:42:47][Server]client #1 transferred chunli #4930
[INFO][2021-07-26 16:42:47][Server]User #1 x-Loc=250 y-Loc=300 xHead=1  Act=0 HP=100 MP=0
[INFO][2021-07-26 16:42:47][Server]User #2 x-Loc=700 y-Loc=300 xHead=0  Act=0 HP=100 MP=0
[INFO][2021-07-26 16:42:48][Server]client #1 transferred chunli #4930
[INFO][2021-07-26 16:42:48][Server]User #1 x-Loc=250 y-Loc=300 xHead=1  Act=14 HP=100 MP=0
[INFO][2021-07-26 16:42:48][Server]User #2 x-Loc=700 y-Loc=300 xHead=0  Act=0 HP=100 MP=0
[INFO][2021-07-26 16:42:48][Server]client #1 transferred chunli #4930
[INFO][2021-07-26 16:42:48][Server]User #1 x-Loc=250 y-Loc=300 xHead=1  Act=0 HP=100 MP=0
[INFO][2021-07-26 16:42:48][Server]User #2 x-Loc=700 y-Loc=300 xHead=0  Act=0 HP=100 MP=0
[INFO][2021-07-26 16:42:48][Server]client #1 transferred chunli #4930
[INFO][2021-07-26 16:42:48][Server]User #1 x-Loc=250 y-Loc=300 xHead=1  Act=14 HP=100 MP=0
[INFO][2021-07-26 16:42:48][Server]User #2 x-Loc=700 y-Loc=300 xHead=0  Act=0 HP=100 MP=0
[INFO][2021-07-26 16:42:48][Server]client #1 transferred chunli #4930
[INFO][2021-07-26 16:42:48][Server]User #1 x-Loc=250 y-Loc=300 xHead=1  Act=0 HP=100 MP=0
[INFO][2021-07-26 16:42:48][Server]User #2 x-Loc=700 y-Loc=300 xHead=0  Act=0 HP=100 MP=0
[INFO][2021-07-26 16:42:48][Server]client #1 transferred chunli #4930
[INFO][2021-07-26 16:42:48][Server]User #1 x-Loc=250 y-Loc=300 xHead=1  Act=14 HP=100 MP=0
[INFO][2021-07-26 16:42:48][Server]User #2 x-Loc=700 y-Loc=300 xHead=0  Act=0 HP=100 MP=0
[INFO][2021-07-26 16:42:48][Server]client #1 transferred chunli #4930
[INFO][2021-07-26 16:42:48][Server]User #1 x-Loc=250 y-Loc=300 xHead=1  Act=0 HP=100 MP=0
[INFO][2021-07-26 16:42:48][Server]User #2 x-Loc=700 y-Loc=300 xHead=0  Act=0 HP=100 MP=0
[INFO][2021-07-26 16:42:48][Server]client #1 transferred chunli #4930
[INFO][2021-07-26 16:42:48][Server]User #1 x-Loc=250 y-Loc=300 xHead=1  Act=14 HP=100 MP=0
[INFO][2021-07-26 16:42:48][Server]User #2 x-Loc=700 y-Loc=300 xHead=0  Act=0 HP=100 MP=0
[INFO][2021-07-26 16:42:48][Server]client #1 transferred chunli #4930
[INFO][2021-07-26 16:42:48][Server]User #1 x-Loc=250 y-Loc=300 xHead=1  Act=0 HP=100 MP=0
[INFO][2021-07-26 16:42:48][Server]User #2 x-Loc=700 y-Loc=300 xHead=0  Act=0 HP=100 MP=0
[INFO][2021-07-26 16:42:48][Server]client #1 transferred chunli #4930
[INFO][2021-07-26 16:42:48][Server]User #1 x-Loc=250 y-Loc=300 xHead=1  Act=14 HP=100 MP=0
[INFO][2021-07-26 16:42:48][Server]User #2 x-Loc=700 y-Loc=300 xHead=0  Act=0 HP=100 MP=0
[INFO][2021-07-26 16:42:48][Server]client #1 transferred chunli #4930
[INFO][2021-07-26 16:42:48][Server]User #1 x-Loc=250 y-Loc=300 xHead=1  Act=0 HP=100 MP=0
[INFO][2021-07-26 16:42:48][Server]User #2 x-Loc=700 y-Loc=300 xHead=0  Act=0 HP=100 MP=0
[INFO][2021-07-26 16:42:48][Server]client #1 transferred chunli #4930
[INFO][2021-07-26 16:42:48][Server]User #1 x-Loc=250 y-Loc=300 xHead=1  Act=14 HP=100 MP=0
[INFO][2021-07-26 16:42:48][Server]User #2 x-Loc=700 y-Loc=300 xHead=0  Act=0 HP=100 MP=0
[INFO][2021-07-26 16:42:48][Server]client #1 transferred chunli #4930
[INFO][2021-07-26 16:42:48][Server]User #1 x-Loc=250 y-Loc=300 xHead=1  Act=0 HP=100 MP=0
[INFO][2021-07-26 16:42:48][Server]User #2 x-Loc=700 y-Loc=300 xHead=0  Act=0 HP=100 MP=0
[INFO][2021-07-26 16:42:48][Server]client #1 transferred chunli #4930
[INFO][2021-07-26 16:42:48][Server]User #1 x-Loc=250 y-Loc=300 xHead=1  Act=14 HP=100 MP=0
[INFO][2021-07-26 16:42:48][Server]User #2 x-Loc=700 y-Loc=300 xHead=0  Act=0 HP=100 MP=0
[INFO][2021-07-26 16:42:48][Server]client #1 transferred chunli #4930
[INFO][2021-07-26 16:42:48][Server]User #1 x-Loc=250 y-Loc=300 xHead=1  Act=0 HP=100 MP=0
[INFO][2021-07-26 16:42:48][Server]User #2 x-Loc=700 y-Loc=300 xHead=0  Act=0 HP=100 MP=0
[INFO][2021-07-26 16:42:48][Server]client #1 transferred chunli #4930
[INFO][2021-07-26 16:42:48][Server]User #1 x-Loc=250 y-Loc=300 xHead=1  Act=14 HP=100 MP=0
[INFO][2021-07-26 16:42:48][Server]User #2 x-Loc=700 y-Loc=300 xHead=0  Act=0 HP=100 MP=0
[INFO][2021-07-26 16:42:48][Server]client #1 transferred chunli #4930
[INFO][2021-07-26 16:42:48][Server]User #1 x-Loc=250 y-Loc=300 xHead=1  Act=0 HP=100 MP=0
[INFO][2021-07-26 16:42:48][Server]User #2 x-Loc=700 y-Loc=300 xHead=0  Act=0 HP=100 MP=0
[INFO][2021-07-26 16:42:48][Server]client #1 transferred chunli #4930
[INFO][2021-07-26 16:42:48][Server]User #1 x-Loc=250 y-Loc=300 xHead=1  Act=14 HP=100 MP=0
[INFO][2021-07-26 16:42:48][Server]User #2 x-Loc=700 y-Loc=300 xHead=0  Act=0 HP=100 MP=0
[INFO][2021-07-26 16:42:48][Server]client #1 transferred chunli #4930
[INFO][2021-07-26 16:42:48][Server]User #1 x-Loc=250 y-Loc=300 xHead=1  Act=0 HP=100 MP=0
[INFO][2021-07-26 16:42:48][Server]User #2 x-Loc=700 y-Loc=300 xHead=0  Act=0 HP=100 MP=0
[INFO][2021-07-26 16:42:49][Server]client #1 transferred chunli #4930
[INFO][2021-07-26 16:42:49][Server]User #1 x-Loc=250 y-Loc=300 xHead=1  Act=14 HP=100 MP=0
[INFO][2021-07-26 16:42:49][Server]User #2 x-Loc=700 y-Loc=300 xHead=0  Act=0 HP=100 MP=0
[INFO][2021-07-26 16:42:49][Server]client #1 transferred chunli #4930
[INFO][2021-07-26 16:42:49][Server]User #1 x-Loc=250 y-Loc=300 xHead=1  Act=0 HP=100 MP=0
[INFO][2021-07-26 16:42:49][Server]User #2 x-Loc=700 y-Loc=300 xHead=0  Act=0 HP=100 MP=0
[INFO][2021-07-26 16:42:49][Server]client #1 transferred chunli #4930
[INFO][2021-07-26 16:42:49][Server]User #1 x-Loc=250 y-Loc=300 xHead=1  Act=14 HP=100 MP=0
[INFO][2021-07-26 16:42:49][Server]User #2 x-Loc=700 y-Loc=300 xHead=0  Act=0 HP=100 MP=0
[INFO][2021-07-26 16:42:49][Server]client #1 transferred chunli #4930
[INFO][2021-07-26 16:42:49][Server]User #1 x-Loc=250 y-Loc=300 xHead=1  Act=0 HP=100 MP=0
[INFO][2021-07-26 16:42:49][Server]User #2 x-Loc=700 y-Loc=300 xHead=0  Act=0 HP=100 MP=0
[INFO][2021-07-26 16:42:49][Server]client #1 transferred chunli #4930
[INFO][2021-07-26 16:42:49][Server]User #1 x-Loc=250 y-Loc=300 xHead=1  Act=14 HP=100 MP=0
[INFO][2021-07-26 16:42:49][Server]User #2 x-Loc=700 y-Loc=300 xHead=0  Act=0 HP=100 MP=0
[INFO][2021-07-26 16:42:49][Server]client #1 transferred chunli #4930
[INFO][2021-07-26 16:42:49][Server]User #1 x-Loc=250 y-Loc=300 xHead=1  Act=0 HP=100 MP=0
[INFO][2021-07-26 16:42:49][Server]User #2 x-Loc=700 y-Loc=300 xHead=0  Act=0 HP=100 MP=0
[WARNING][2021-07-26 16:43:07][Server]client 1 Exception ! 
[WARNING][2021-07-26 16:43:08][Server]client 2 Exception ! 
