[INFO][2021-07-27 15:10:54]Send stand
[INFO][2021-07-27 15:10:54]Send right move
[INFO][2021-07-27 15:10:54]Send stand
[INFO][2021-07-27 15:10:55]Send left move
[INFO][2021-07-27 15:10:55]Send stand
[INFO][2021-07-27 15:10:55]Send right move
[INFO][2021-07-27 15:10:55]Send stand
[INFO][2021-07-27 15:10:56]Send right move
[INFO][2021-07-27 15:10:56]Send stand
[INFO][2021-07-27 15:10:56]Send left move
[INFO][2021-07-27 15:10:56]Send stand
[INFO][2021-07-27 15:10:57]Send right move
[INFO][2021-07-27 15:10:57]Send stand
[INFO][2021-07-27 15:10:57]Send right move
[INFO][2021-07-27 15:10:57]Send stand
[INFO][2021-07-27 15:10:57]Send right move
[INFO][2021-07-27 15:10:57]Send stand
[INFO][2021-07-27 15:10:57]Send right move
[INFO][2021-07-27 15:10:57]Send stand
[INFO][2021-07-27 15:10:57]Send right move
[INFO][2021-07-27 15:10:57]Send stand
[INFO][2021-07-27 15:10:57]Send right move
[INFO][2021-07-27 15:10:57]Send stand
[INFO][2021-07-27 15:10:58]Send right move
[INFO][2021-07-27 15:10:58]Send stand
[INFO][2021-07-27 15:10:58]Send normal attack
[INFO][2021-07-27 15:10:58]Send stand
[INFO][2021-07-27 15:10:58]Send right move
[INFO][2021-07-27 15:10:58]Send stand
[INFO][2021-07-27 15:10:58]Send right move
[INFO][2021-07-27 15:10:58]Send stand
[INFO][2021-07-27 15:10:59]Send right move
[INFO][2021-07-27 15:10:59]Send stand
[INFO][2021-07-27 15:10:59]Send right move
[INFO][2021-07-27 15:10:59]Send stand
[INFO][2021-07-27 15:10:59]Send right move
[INFO][2021-07-27 15:10:59]Send stand
[INFO][2021-07-27 15:10:59]Send normal attack
[INFO][2021-07-27 15:10:59]Send stand
[INFO][2021-07-27 15:10:59]Send normal attack
[INFO][2021-07-27 15:10:59]Send stand
[INFO][2021-07-27 15:10:59]Send normal attack
[INFO][2021-07-27 15:10:59]Send stand
[INFO][2021-07-27 15:11:00]Send hard attack
[INFO][2021-07-27 15:11:00]Send stand
[INFO][2021-07-27 15:11:00]Send hard attack
[INFO][2021-07-27 15:11:00]Send stand
[INFO][2021-07-27 15:11:00]Send hard attack
[INFO][2021-07-27 15:11:00]Send stand
[INFO][2021-07-27 15:11:00]Send hard attack
[INFO][2021-07-27 15:11:00]Send stand
[INFO][2021-07-27 15:11:01]Send hard attack
[INFO][2021-07-27 15:11:01]Send stand
[INFO][2021-07-27 15:11:01]Send hard attack
[INFO][2021-07-27 15:11:01]Send stand
[INFO][2021-07-27 15:11:01]Send left move
[INFO][2021-07-27 15:11:01]Send stand
[INFO][2021-07-27 15:11:01]Send left move
[INFO][2021-07-27 15:11:01]Send stand
[INFO][2021-07-27 15:11:01]Send left move
[INFO][2021-07-27 15:11:01]Send stand
[INFO][2021-07-27 15:11:01]Send left move
[INFO][2021-07-27 15:11:02]Send stand
[INFO][2021-07-27 15:11:02]Send left move
[INFO][2021-07-27 15:11:02]Send stand
[INFO][2021-07-27 15:11:02]Send left move
[INFO][2021-07-27 15:11:02]Send stand
[INFO][2021-07-27 15:11:02]Send left move
[INFO][2021-07-27 15:11:02]Send stand
[INFO][2021-07-27 15:11:02]Send right move
[INFO][2021-07-27 15:11:02]Send stand
[INFO][2021-07-27 15:11:02]Send right move
[INFO][2021-07-27 15:11:02]Send stand
[INFO][2021-07-27 15:11:02]Send right move
[INFO][2021-07-27 15:11:02]Send stand
[INFO][2021-07-27 15:11:02]Send right move
[INFO][2021-07-27 15:11:03]Send stand
[INFO][2021-07-27 15:11:03]Send right move
[INFO][2021-07-27 15:11:03]Send stand
[INFO][2021-07-27 15:11:03]Send huge attack
[INFO][2021-07-27 15:11:03]Send stand
