[INFO][2021-07-26 15:24:18][Server]Server started.
[INFO][2021-07-26 15:24:35][Server]client #1 transferred buzhihuowu #4936
[INFO][2021-07-26 15:24:40][Server]client #2 transferred chunli #9430
[INFO][2021-07-26 15:24:40][Server]User #1 x-Loc=50 y-Loc=300 xHead=1  Act=0 HP=100 MP=0
[INFO][2021-07-26 15:24:40][Server]User #2 x-Loc=700 y-Loc=300 xHead=0  Act=0 HP=100 MP=0
[INFO][2021-07-26 15:24:40][Server]client #1 transferred buzhihuowu #4936
[INFO][2021-07-26 15:24:40][Server]User #1 x-Loc=50 y-Loc=300 xHead=1  Act=0 HP=100 MP=0
[INFO][2021-07-26 15:24:40][Server]User #2 x-Loc=700 y-Loc=300 xHead=0  Act=0 HP=100 MP=0
[INFO][2021-07-26 15:24:40][Server]client #2 transferred chunli #9430
[INFO][2021-07-26 15:24:40][Server]User #1 x-Loc=50 y-Loc=300 xHead=1  Act=0 HP=100 MP=0
[INFO][2021-07-26 15:24:40][Server]User #2 x-Loc=700 y-Loc=300 xHead=0  Act=0 HP=100 MP=0
[INFO][2021-07-26 15:24:42][Server]client #2 transferred chunli #9430
[INFO][2021-07-26 15:24:42][Server]User #1 x-Loc=50 y-Loc=300 xHead=1  Act=0 HP=100 MP=0
[INFO][2021-07-26 15:24:42][Server]User #2 x-Loc=750 y-Loc=300 xHead=1  Act=1 HP=100 MP=0
[INFO][2021-07-26 15:24:42][Server]client #2 transferred chunli #9430
[INFO][2021-07-26 15:24:42][Server]User #1 x-Loc=50 y-Loc=300 xHead=1  Act=0 HP=100 MP=0
[INFO][2021-07-26 15:24:42][Server]User #2 x-Loc=750 y-Loc=300 xHead=1  Act=0 HP=100 MP=0
[INFO][2021-07-26 15:24:43][Server]client #2 transferred chunli #9430
[INFO][2021-07-26 15:24:43][Server]User #1 x-Loc=50 y-Loc=300 xHead=1  Act=0 HP=100 MP=0
[INFO][2021-07-26 15:24:43][Server]User #2 x-Loc=700 y-Loc=300 xHead=0  Act=1 HP=100 MP=0
[INFO][2021-07-26 15:24:43][Server]client #2 transferred chunli #9430
[INFO][2021-07-26 15:24:43][Server]User #1 x-Loc=50 y-Loc=300 xHead=1  Act=0 HP=100 MP=0
[INFO][2021-07-26 15:24:43][Server]User #2 x-Loc=700 y-Loc=300 xHead=0  Act=0 HP=100 MP=0
[INFO][2021-07-26 15:24:44][Server]client #2 transferred chunli #9430
[INFO][2021-07-26 15:24:44][Server]User #1 x-Loc=50 y-Loc=300 xHead=1  Act=0 HP=100 MP=0
[INFO][2021-07-26 15:24:44][Server]User #2 x-Loc=650 y-Loc=300 xHead=0  Act=1 HP=100 MP=0
[INFO][2021-07-26 15:24:44][Server]client #2 transferred chunli #9430
[INFO][2021-07-26 15:24:44][Server]User #1 x-Loc=50 y-Loc=300 xHead=1  Act=0 HP=100 MP=0
[INFO][2021-07-26 15:24:44][Server]User #2 x-Loc=650 y-Loc=300 xHead=0  Act=0 HP=100 MP=0
[INFO][2021-07-26 15:24:44][Server]client #2 transferred chunli #9430
[INFO][2021-07-26 15:24:44][Server]User #1 x-Loc=50 y-Loc=300 xHead=1  Act=0 HP=100 MP=0
[INFO][2021-07-26 15:24:44][Server]User #2 x-Loc=600 y-Loc=300 xHead=0  Act=1 HP=100 MP=0
[INFO][2021-07-26 15:24:44][Server]client #2 transferred chunli #9430
[INFO][2021-07-26 15:24:44][Server]User #1 x-Loc=50 y-Loc=300 xHead=1  Act=0 HP=100 MP=0
[INFO][2021-07-26 15:24:44][Server]User #2 x-Loc=600 y-Loc=300 xHead=0  Act=0 HP=100 MP=0
[INFO][2021-07-26 15:24:45][Server]client #2 transferred chunli #9430
[INFO][2021-07-26 15:24:45][Server]User #1 x-Loc=50 y-Loc=300 xHead=1  Act=0 HP=100 MP=0
[INFO][2021-07-26 15:24:45][Server]User #2 x-Loc=550 y-Loc=300 xHead=0  Act=1 HP=100 MP=0
[INFO][2021-07-26 15:24:45][Server]client #2 transferred chunli #9430
[INFO][2021-07-26 15:24:45][Server]User #1 x-Loc=50 y-Loc=300 xHead=1  Act=0 HP=100 MP=0
[INFO][2021-07-26 15:24:45][Server]User #2 x-Loc=550 y-Loc=300 xHead=0  Act=0 HP=100 MP=0
[INFO][2021-07-26 15:24:45][Server]client #2 transferred chunli #9430
[INFO][2021-07-26 15:24:45][Server]User #1 x-Loc=50 y-Loc=300 xHead=1  Act=0 HP=100 MP=0
[INFO][2021-07-26 15:24:45][Server]User #2 x-Loc=500 y-Loc=300 xHead=0  Act=1 HP=100 MP=0
[INFO][2021-07-26 15:24:45][Server]client #2 transferred chunli #9430
[INFO][2021-07-26 15:24:45][Server]User #1 x-Loc=50 y-Loc=300 xHead=1  Act=0 HP=100 MP=0
[INFO][2021-07-26 15:24:45][Server]User #2 x-Loc=500 y-Loc=300 xHead=0  Act=0 HP=100 MP=0
[INFO][2021-07-26 15:24:46][Server]client #2 transferred chunli #9430
[INFO][2021-07-26 15:24:46][Server]User #1 x-Loc=50 y-Loc=300 xHead=1  Act=0 HP=100 MP=0
[INFO][2021-07-26 15:24:46][Server]User #2 x-Loc=450 y-Loc=300 xHead=0  Act=1 HP=100 MP=0
[INFO][2021-07-26 15:24:46][Server]client #2 transferred chunli #9430
[INFO][2021-07-26 15:24:46][Server]User #1 x-Loc=50 y-Loc=300 xHead=1  Act=0 HP=100 MP=0
[INFO][2021-07-26 15:24:46][Server]User #2 x-Loc=450 y-Loc=300 xHead=0  Act=0 HP=100 MP=0
[INFO][2021-07-26 15:24:46][Server]client #2 transferred chunli #9430
[INFO][2021-07-26 15:24:46][Server]User #1 x-Loc=50 y-Loc=300 xHead=1  Act=0 HP=100 MP=0
[INFO][2021-07-26 15:24:46][Server]User #2 x-Loc=450 y-Loc=300 xHead=0  Act=10 HP=100 MP=0
[INFO][2021-07-26 15:24:46][Server]client #2 transferred chunli #9430
[INFO][2021-07-26 15:24:46][Server]User #1 x-Loc=50 y-Loc=300 xHead=1  Act=0 HP=100 MP=0
[INFO][2021-07-26 15:24:46][Server]User #2 x-Loc=450 y-Loc=300 xHead=0  Act=0 HP=100 MP=0
[INFO][2021-07-26 15:24:46][Server]client #2 transferred chunli #9430
[INFO][2021-07-26 15:24:46][Server]User #1 x-Loc=50 y-Loc=300 xHead=1  Act=0 HP=100 MP=0
[INFO][2021-07-26 15:24:46][Server]User #2 x-Loc=450 y-Loc=300 xHead=0  Act=10 HP=100 MP=0
[INFO][2021-07-26 15:24:46][Server]client #2 transferred chunli #9430
[INFO][2021-07-26 15:24:46][Server]User #1 x-Loc=50 y-Loc=300 xHead=1  Act=0 HP=100 MP=0
[INFO][2021-07-26 15:24:46][Server]User #2 x-Loc=450 y-Loc=300 xHead=0  Act=0 HP=100 MP=0
[INFO][2021-07-26 15:24:47][Server]client #2 transferred chunli #9430
[INFO][2021-07-26 15:24:47][Server]User #1 x-Loc=50 y-Loc=300 xHead=1  Act=0 HP=100 MP=0
[INFO][2021-07-26 15:24:47][Server]User #2 x-Loc=450 y-Loc=300 xHead=0  Act=10 HP=100 MP=0
[INFO][2021-07-26 15:24:47][Server]client #2 transferred chunli #9430
[INFO][2021-07-26 15:24:47][Server]User #1 x-Loc=50 y-Loc=300 xHead=1  Act=0 HP=100 MP=0
[INFO][2021-07-26 15:24:47][Server]User #2 x-Loc=450 y-Loc=300 xHead=0  Act=0 HP=100 MP=0
[INFO][2021-07-26 15:24:47][Server]client #2 transferred chunli #9430
[INFO][2021-07-26 15:24:47][Server]User #1 x-Loc=50 y-Loc=300 xHead=1  Act=0 HP=100 MP=0
[INFO][2021-07-26 15:24:47][Server]User #2 x-Loc=450 y-Loc=300 xHead=0  Act=10 HP=100 MP=0
[INFO][2021-07-26 15:24:47][Server]client #2 transferred chunli #9430
[INFO][2021-07-26 15:24:47][Server]User #1 x-Loc=50 y-Loc=300 xHead=1  Act=0 HP=100 MP=0
[INFO][2021-07-26 15:24:47][Server]User #2 x-Loc=450 y-Loc=300 xHead=0  Act=0 HP=100 MP=0
[INFO][2021-07-26 15:24:47][Server]client #2 transferred chunli #9430
[INFO][2021-07-26 15:24:47][Server]User #1 x-Loc=50 y-Loc=300 xHead=1  Act=0 HP=100 MP=0
[INFO][2021-07-26 15:24:47][Server]User #2 x-Loc=450 y-Loc=300 xHead=0  Act=10 HP=100 MP=0
[INFO][2021-07-26 15:24:47][Server]client #2 transferred chunli #9430
[INFO][2021-07-26 15:24:47][Server]User #1 x-Loc=50 y-Loc=300 xHead=1  Act=0 HP=100 MP=0
[INFO][2021-07-26 15:24:47][Server]User #2 x-Loc=450 y-Loc=300 xHead=0  Act=0 HP=100 MP=0
[INFO][2021-07-26 15:24:47][Server]client #2 transferred chunli #9430
[INFO][2021-07-26 15:24:47][Server]User #1 x-Loc=50 y-Loc=300 xHead=1  Act=0 HP=100 MP=0
[INFO][2021-07-26 15:24:47][Server]User #2 x-Loc=450 y-Loc=300 xHead=0  Act=10 HP=100 MP=0
[INFO][2021-07-26 15:24:47][Server]client #2 transferred chunli #9430
[INFO][2021-07-26 15:24:47][Server]User #1 x-Loc=50 y-Loc=300 xHead=1  Act=0 HP=100 MP=0
[INFO][2021-07-26 15:24:47][Server]User #2 x-Loc=450 y-Loc=300 xHead=0  Act=0 HP=100 MP=0
[INFO][2021-07-26 15:24:47][Server]client #2 transferred chunli #9430
[INFO][2021-07-26 15:24:47][Server]User #1 x-Loc=50 y-Loc=300 xHead=1  Act=0 HP=100 MP=0
[INFO][2021-07-26 15:24:47][Server]User #2 x-Loc=450 y-Loc=300 xHead=0  Act=10 HP=100 MP=0
[INFO][2021-07-26 15:24:47][Server]client #2 transferred chunli #9430
[INFO][2021-07-26 15:24:47][Server]User #1 x-Loc=50 y-Loc=300 xHead=1  Act=0 HP=100 MP=0
[INFO][2021-07-26 15:24:47][Server]User #2 x-Loc=450 y-Loc=300 xHead=0  Act=0 HP=100 MP=0
[INFO][2021-07-26 15:24:47][Server]client #2 transferred chunli #9430
[INFO][2021-07-26 15:24:47][Server]User #1 x-Loc=50 y-Loc=300 xHead=1  Act=0 HP=100 MP=0
[INFO][2021-07-26 15:24:47][Server]User #2 x-Loc=450 y-Loc=300 xHead=0  Act=10 HP=100 MP=0
[INFO][2021-07-26 15:24:47][Server]client #2 transferred chunli #9430
[INFO][2021-07-26 15:24:47][Server]User #1 x-Loc=50 y-Loc=300 xHead=1  Act=0 HP=100 MP=0
[INFO][2021-07-26 15:24:47][Server]User #2 x-Loc=450 y-Loc=300 xHead=0  Act=0 HP=100 MP=0
[INFO][2021-07-26 15:24:48][Server]client #2 transferred chunli #9430
[INFO][2021-07-26 15:24:48][Server]User #1 x-Loc=50 y-Loc=300 xHead=1  Act=0 HP=100 MP=0
[INFO][2021-07-26 15:24:48][Server]User #2 x-Loc=450 y-Loc=300 xHead=0  Act=10 HP=100 MP=0
[INFO][2021-07-26 15:24:48][Server]client #2 transferred chunli #9430
[INFO][2021-07-26 15:24:48][Server]User #1 x-Loc=50 y-Loc=300 xHead=1  Act=0 HP=100 MP=0
[INFO][2021-07-26 15:24:48][Server]User #2 x-Loc=450 y-Loc=300 xHead=0  Act=0 HP=100 MP=0
[INFO][2021-07-26 15:24:48][Server]client #2 transferred chunli #9430
[INFO][2021-07-26 15:24:48][Server]User #1 x-Loc=50 y-Loc=300 xHead=1  Act=0 HP=100 MP=0
[INFO][2021-07-26 15:24:48][Server]User #2 x-Loc=450 y-Loc=300 xHead=0  Act=10 HP=100 MP=0
[INFO][2021-07-26 15:24:48][Server]client #2 transferred chunli #9430
[INFO][2021-07-26 15:24:48][Server]User #1 x-Loc=50 y-Loc=300 xHead=1  Act=0 HP=100 MP=0
[INFO][2021-07-26 15:24:48][Server]User #2 x-Loc=450 y-Loc=300 xHead=0  Act=0 HP=100 MP=0
[INFO][2021-07-26 15:24:48][Server]client #2 transferred chunli #9430
[INFO][2021-07-26 15:24:48][Server]User #1 x-Loc=50 y-Loc=300 xHead=1  Act=0 HP=100 MP=0
[INFO][2021-07-26 15:24:48][Server]User #2 x-Loc=450 y-Loc=300 xHead=0  Act=10 HP=100 MP=0
[INFO][2021-07-26 15:24:48][Server]client #2 transferred chunli #9430
[INFO][2021-07-26 15:24:48][Server]User #1 x-Loc=50 y-Loc=300 xHead=1  Act=0 HP=100 MP=0
[INFO][2021-07-26 15:24:48][Server]User #2 x-Loc=450 y-Loc=300 xHead=0  Act=0 HP=100 MP=0
[INFO][2021-07-26 15:24:48][Server]client #2 transferred chunli #9430
[INFO][2021-07-26 15:24:48][Server]User #1 x-Loc=50 y-Loc=300 xHead=1  Act=0 HP=100 MP=0
[INFO][2021-07-26 15:24:48][Server]User #2 x-Loc=450 y-Loc=300 xHead=0  Act=10 HP=100 MP=0
[INFO][2021-07-26 15:24:48][Server]client #2 transferred chunli #9430
[INFO][2021-07-26 15:24:48][Server]User #1 x-Loc=50 y-Loc=300 xHead=1  Act=0 HP=100 MP=0
[INFO][2021-07-26 15:24:48][Server]User #2 x-Loc=450 y-Loc=300 xHead=0  Act=0 HP=100 MP=0
[INFO][2021-07-26 15:24:51][Server]client #1 transferred buzhihuowu #4936
[INFO][2021-07-26 15:24:51][Server]User #1 x-Loc=100 y-Loc=300 xHead=1  Act=1 HP=100 MP=0
[INFO][2021-07-26 15:24:51][Server]User #2 x-Loc=450 y-Loc=300 xHead=0  Act=0 HP=100 MP=0
[INFO][2021-07-26 15:24:51][Server]client #1 transferred buzhihuowu #4936
[INFO][2021-07-26 15:24:51][Server]User #1 x-Loc=100 y-Loc=300 xHead=1  Act=0 HP=100 MP=0
[INFO][2021-07-26 15:24:51][Server]User #2 x-Loc=450 y-Loc=300 xHead=0  Act=0 HP=100 MP=0
[INFO][2021-07-26 15:24:51][Server]client #1 transferred buzhihuowu #4936
[INFO][2021-07-26 15:24:51][Server]User #1 x-Loc=150 y-Loc=300 xHead=1  Act=1 HP=100 MP=0
[INFO][2021-07-26 15:24:51][Server]User #2 x-Loc=450 y-Loc=300 xHead=0  Act=0 HP=100 MP=0
[INFO][2021-07-26 15:24:51][Server]client #1 transferred buzhihuowu #4936
[INFO][2021-07-26 15:24:51][Server]User #1 x-Loc=150 y-Loc=300 xHead=1  Act=0 HP=100 MP=0
[INFO][2021-07-26 15:24:51][Server]User #2 x-Loc=450 y-Loc=300 xHead=0  Act=0 HP=100 MP=0
[INFO][2021-07-26 15:24:51][Server]client #1 transferred buzhihuowu #4936
[INFO][2021-07-26 15:24:51][Server]User #1 x-Loc=200 y-Loc=300 xHead=1  Act=1 HP=100 MP=0
[INFO][2021-07-26 15:24:51][Server]User #2 x-Loc=450 y-Loc=300 xHead=0  Act=0 HP=100 MP=0
[INFO][2021-07-26 15:24:51][Server]client #1 transferred buzhihuowu #4936
[INFO][2021-07-26 15:24:51][Server]User #1 x-Loc=200 y-Loc=300 xHead=1  Act=0 HP=100 MP=0
[INFO][2021-07-26 15:24:51][Server]User #2 x-Loc=450 y-Loc=300 xHead=0  Act=0 HP=100 MP=0
[INFO][2021-07-26 15:24:51][Server]client #1 transferred buzhihuowu #4936
[INFO][2021-07-26 15:24:51][Server]User #1 x-Loc=250 y-Loc=300 xHead=1  Act=1 HP=100 MP=0
[INFO][2021-07-26 15:24:51][Server]User #2 x-Loc=450 y-Loc=300 xHead=0  Act=0 HP=100 MP=0
[INFO][2021-07-26 15:24:51][Server]client #1 transferred buzhihuowu #4936
[INFO][2021-07-26 15:24:51][Server]User #1 x-Loc=250 y-Loc=300 xHead=1  Act=0 HP=100 MP=0
[INFO][2021-07-26 15:24:51][Server]User #2 x-Loc=450 y-Loc=300 xHead=0  Act=0 HP=100 MP=0
[INFO][2021-07-26 15:24:51][Server]client #1 transferred buzhihuowu #4936
[INFO][2021-07-26 15:24:51][Server]User #1 x-Loc=300 y-Loc=300 xHead=1  Act=1 HP=100 MP=0
[INFO][2021-07-26 15:24:51][Server]User #2 x-Loc=450 y-Loc=300 xHead=0  Act=0 HP=100 MP=0
[INFO][2021-07-26 15:24:51][Server]client #1 transferred buzhihuowu #4936
[INFO][2021-07-26 15:24:51][Server]User #1 x-Loc=300 y-Loc=300 xHead=1  Act=0 HP=100 MP=0
[INFO][2021-07-26 15:24:51][Server]User #2 x-Loc=450 y-Loc=300 xHead=0  Act=0 HP=100 MP=0
[INFO][2021-07-26 15:24:52][Server]client #1 transferred buzhihuowu #4936
[INFO][2021-07-26 15:24:52][Server]User #1 x-Loc=350 y-Loc=300 xHead=1  Act=1 HP=100 MP=0
[INFO][2021-07-26 15:24:52][Server]User #2 x-Loc=450 y-Loc=300 xHead=0  Act=0 HP=100 MP=0
[INFO][2021-07-26 15:24:52][Server]client #1 transferred buzhihuowu #4936
[INFO][2021-07-26 15:24:52][Server]User #1 x-Loc=350 y-Loc=300 xHead=1  Act=0 HP=100 MP=0
[INFO][2021-07-26 15:24:52][Server]User #2 x-Loc=450 y-Loc=300 xHead=0  Act=0 HP=100 MP=0
[INFO][2021-07-26 15:24:52][Server]client #1 transferred buzhihuowu #4936
[INFO][2021-07-26 15:24:52][Server]User #1 x-Loc=350 y-Loc=300 xHead=1  Act=10 HP=100 MP=0
[INFO][2021-07-26 15:24:52][Server]User #2 x-Loc=450 y-Loc=300 xHead=0  Act=0 HP=100 MP=0
[INFO][2021-07-26 15:24:52][Server]client #1 transferred buzhihuowu #4936
[INFO][2021-07-26 15:24:52][Server]User #1 x-Loc=350 y-Loc=300 xHead=1  Act=0 HP=100 MP=0
[INFO][2021-07-26 15:24:52][Server]User #2 x-Loc=450 y-Loc=300 xHead=0  Act=0 HP=100 MP=0
[INFO][2021-07-26 15:24:52][Server]client #1 transferred buzhihuowu #4936
[INFO][2021-07-26 15:24:52][Server]User #1 x-Loc=350 y-Loc=300 xHead=1  Act=10 HP=100 MP=0
[INFO][2021-07-26 15:24:52][Server]User #2 x-Loc=450 y-Loc=300 xHead=0  Act=0 HP=100 MP=0
[INFO][2021-07-26 15:24:52][Server]client #1 transferred buzhihuowu #4936
[INFO][2021-07-26 15:24:52][Server]User #1 x-Loc=350 y-Loc=300 xHead=1  Act=0 HP=100 MP=0
[INFO][2021-07-26 15:24:52][Server]User #2 x-Loc=450 y-Loc=300 xHead=0  Act=0 HP=100 MP=0
[INFO][2021-07-26 15:24:52][Server]client #1 transferred buzhihuowu #4936
[INFO][2021-07-26 15:24:52][Server]User #1 x-Loc=350 y-Loc=300 xHead=1  Act=10 HP=100 MP=0
[INFO][2021-07-26 15:24:52][Server]User #2 x-Loc=450 y-Loc=300 xHead=0  Act=0 HP=100 MP=0
[INFO][2021-07-26 15:24:52][Server]client #1 transferred buzhihuowu #4936
[INFO][2021-07-26 15:24:52][Server]User #1 x-Loc=350 y-Loc=300 xHead=1  Act=0 HP=100 MP=0
[INFO][2021-07-26 15:24:52][Server]User #2 x-Loc=450 y-Loc=300 xHead=0  Act=0 HP=100 MP=0
[INFO][2021-07-26 15:24:52][Server]client #1 transferred buzhihuowu #4936
[INFO][2021-07-26 15:24:52][Server]User #1 x-Loc=350 y-Loc=300 xHead=1  Act=10 HP=100 MP=0
[INFO][2021-07-26 15:24:52][Server]User #2 x-Loc=450 y-Loc=300 xHead=0  Act=0 HP=100 MP=0
[INFO][2021-07-26 15:24:52][Server]client #1 transferred buzhihuowu #4936
[INFO][2021-07-26 15:24:52][Server]User #1 x-Loc=350 y-Loc=300 xHead=1  Act=0 HP=100 MP=0
[INFO][2021-07-26 15:24:52][Server]User #2 x-Loc=450 y-Loc=300 xHead=0  Act=0 HP=100 MP=0
[INFO][2021-07-26 15:24:52][Server]client #1 transferred buzhihuowu #4936
[INFO][2021-07-26 15:24:52][Server]User #1 x-Loc=350 y-Loc=300 xHead=1  Act=10 HP=100 MP=0
[INFO][2021-07-26 15:24:52][Server]User #2 x-Loc=450 y-Loc=300 xHead=0  Act=0 HP=100 MP=0
[INFO][2021-07-26 15:24:52][Server]client #1 transferred buzhihuowu #4936
[INFO][2021-07-26 15:24:52][Server]User #1 x-Loc=350 y-Loc=300 xHead=1  Act=0 HP=100 MP=0
[INFO][2021-07-26 15:24:52][Server]User #2 x-Loc=450 y-Loc=300 xHead=0  Act=0 HP=100 MP=0
[INFO][2021-07-26 15:24:52][Server]client #1 transferred buzhihuowu #4936
[INFO][2021-07-26 15:24:52][Server]User #1 x-Loc=400 y-Loc=300 xHead=1  Act=1 HP=100 MP=0
[INFO][2021-07-26 15:24:52][Server]User #2 x-Loc=450 y-Loc=300 xHead=0  Act=0 HP=100 MP=0
[INFO][2021-07-26 15:24:53][Server]client #1 transferred buzhihuowu #4936
[INFO][2021-07-26 15:24:53][Server]User #1 x-Loc=400 y-Loc=300 xHead=1  Act=0 HP=100 MP=0
[INFO][2021-07-26 15:24:53][Server]User #2 x-Loc=450 y-Loc=300 xHead=0  Act=0 HP=100 MP=0
[INFO][2021-07-26 15:24:53][Server]client #1 transferred buzhihuowu #4936
[INFO][2021-07-26 15:24:53][Server]Player #1 Attack Player #2. Got Damage 10pts.
        Now Player #1 HP is 100   MP is 3
            Player #2 HP is 90   MP is 1
[INFO][2021-07-26 15:24:53][Server]User #1 x-Loc=400 y-Loc=300 xHead=1  Act=10 HP=100 MP=3
[INFO][2021-07-26 15:24:53][Server]User #2 x-Loc=450 y-Loc=300 xHead=0  Act=15 HP=90 MP=1
[INFO][2021-07-26 15:24:53][Server]client #1 transferred buzhihuowu #4936
[INFO][2021-07-26 15:24:53][Server]User #1 x-Loc=400 y-Loc=300 xHead=1  Act=0 HP=100 MP=3
[INFO][2021-07-26 15:24:53][Server]User #2 x-Loc=450 y-Loc=300 xHead=0  Act=15 HP=90 MP=1
[INFO][2021-07-26 15:24:53][Server]client #1 transferred buzhihuowu #4936
[INFO][2021-07-26 15:24:53][Server]Player #1 Attack Player #2. Got Damage 10pts.
        Now Player #1 HP is 100   MP is 6
            Player #2 HP is 80   MP is 2
[INFO][2021-07-26 15:24:53][Server]User #1 x-Loc=400 y-Loc=300 xHead=1  Act=10 HP=100 MP=6
[INFO][2021-07-26 15:24:53][Server]User #2 x-Loc=450 y-Loc=300 xHead=0  Act=16 HP=80 MP=2
[INFO][2021-07-26 15:24:53][Server]client #1 transferred buzhihuowu #4936
[INFO][2021-07-26 15:24:53][Server]User #1 x-Loc=400 y-Loc=300 xHead=1  Act=0 HP=100 MP=6
[INFO][2021-07-26 15:24:53][Server]User #2 x-Loc=450 y-Loc=300 xHead=0  Act=16 HP=80 MP=2
[INFO][2021-07-26 15:24:53][Server]client #1 transferred buzhihuowu #4936
[INFO][2021-07-26 15:24:53][Server]Player #1 Attack Player #2. Got Damage 10pts.
        Now Player #1 HP is 100   MP is 9
            Player #2 HP is 70   MP is 3
[INFO][2021-07-26 15:24:53][Server]User #1 x-Loc=400 y-Loc=300 xHead=1  Act=10 HP=100 MP=9
[INFO][2021-07-26 15:24:53][Server]User #2 x-Loc=450 y-Loc=300 xHead=0  Act=17 HP=70 MP=3
[INFO][2021-07-26 15:24:53][Server]client #1 transferred buzhihuowu #4936
[INFO][2021-07-26 15:24:53][Server]User #1 x-Loc=400 y-Loc=300 xHead=1  Act=0 HP=100 MP=9
[INFO][2021-07-26 15:24:53][Server]User #2 x-Loc=450 y-Loc=300 xHead=0  Act=17 HP=70 MP=3
[INFO][2021-07-26 15:24:53][Server]client #1 transferred buzhihuowu #4936
[INFO][2021-07-26 15:24:53][Server]Player #1 Attack Player #2. Got Damage 10pts.
        Now Player #1 HP is 100   MP is 12
            Player #2 HP is 60   MP is 4
[INFO][2021-07-26 15:24:53][Server]User #1 x-Loc=400 y-Loc=300 xHead=1  Act=10 HP=100 MP=12
[INFO][2021-07-26 15:24:53][Server]User #2 x-Loc=450 y-Loc=300 xHead=0  Act=0 HP=60 MP=4
[INFO][2021-07-26 15:24:53][Server]client #1 transferred buzhihuowu #4936
[INFO][2021-07-26 15:24:53][Server]User #1 x-Loc=400 y-Loc=300 xHead=1  Act=0 HP=100 MP=12
[INFO][2021-07-26 15:24:53][Server]User #2 x-Loc=450 y-Loc=300 xHead=0  Act=0 HP=60 MP=4
[INFO][2021-07-26 15:24:54][Server]client #1 transferred buzhihuowu #4936
[INFO][2021-07-26 15:24:54][Server]Player #1 Attack Player #2. Got Damage 10pts.
        Now Player #1 HP is 100   MP is 15
            Player #2 HP is 50   MP is 5
[INFO][2021-07-26 15:24:54][Server]User #1 x-Loc=400 y-Loc=300 xHead=1  Act=10 HP=100 MP=15
[INFO][2021-07-26 15:24:54][Server]User #2 x-Loc=450 y-Loc=300 xHead=0  Act=15 HP=50 MP=5
[INFO][2021-07-26 15:24:54][Server]client #1 transferred buzhihuowu #4936
[INFO][2021-07-26 15:24:54][Server]User #1 x-Loc=400 y-Loc=300 xHead=1  Act=0 HP=100 MP=15
[INFO][2021-07-26 15:24:54][Server]User #2 x-Loc=450 y-Loc=300 xHead=0  Act=15 HP=50 MP=5
[INFO][2021-07-26 15:24:54][Server]client #1 transferred buzhihuowu #4936
[INFO][2021-07-26 15:24:54][Server]Player #1 Attack Player #2. Got Damage 10pts.
        Now Player #1 HP is 100   MP is 15
            Player #2 HP is 40   MP is 6
[INFO][2021-07-26 15:24:54][Server]User #1 x-Loc=400 y-Loc=300 xHead=1  Act=10 HP=100 MP=15
[INFO][2021-07-26 15:24:54][Server]User #2 x-Loc=450 y-Loc=300 xHead=0  Act=16 HP=40 MP=6
[INFO][2021-07-26 15:24:54][Server]client #1 transferred buzhihuowu #4936
[INFO][2021-07-26 15:24:54][Server]User #1 x-Loc=400 y-Loc=300 xHead=1  Act=0 HP=100 MP=15
[INFO][2021-07-26 15:24:54][Server]User #2 x-Loc=450 y-Loc=300 xHead=0  Act=16 HP=40 MP=6
[INFO][2021-07-26 15:24:55][Server]client #1 transferred buzhihuowu #4936
[INFO][2021-07-26 15:24:55][Server]Player #1 Attack Player #2. Got Damage 10pts.
        Now Player #1 HP is 100   MP is 15
            Player #2 HP is 30   MP is 7
[INFO][2021-07-26 15:24:55][Server]User #1 x-Loc=400 y-Loc=300 xHead=1  Act=10 HP=100 MP=15
[INFO][2021-07-26 15:24:55][Server]User #2 x-Loc=450 y-Loc=300 xHead=0  Act=17 HP=30 MP=7
[INFO][2021-07-26 15:24:55][Server]client #1 transferred buzhihuowu #4936
[INFO][2021-07-26 15:24:55][Server]User #1 x-Loc=400 y-Loc=300 xHead=1  Act=0 HP=100 MP=15
[INFO][2021-07-26 15:24:55][Server]User #2 x-Loc=450 y-Loc=300 xHead=0  Act=17 HP=30 MP=7
[INFO][2021-07-26 15:24:55][Server]client #1 transferred buzhihuowu #4936
[INFO][2021-07-26 15:24:55][Server]Player #1 Attack Player #2. Got Damage 10pts.
        Now Player #1 HP is 100   MP is 15
            Player #2 HP is 20   MP is 8
[INFO][2021-07-26 15:24:55][Server]User #1 x-Loc=400 y-Loc=300 xHead=1  Act=11 HP=100 MP=15
[INFO][2021-07-26 15:24:55][Server]User #2 x-Loc=450 y-Loc=300 xHead=0  Act=0 HP=20 MP=8
[INFO][2021-07-26 15:24:56][Server]client #1 transferred buzhihuowu #4936
[INFO][2021-07-26 15:24:56][Server]User #1 x-Loc=400 y-Loc=300 xHead=1  Act=0 HP=100 MP=15
[INFO][2021-07-26 15:24:56][Server]User #2 x-Loc=450 y-Loc=300 xHead=0  Act=0 HP=20 MP=8
[INFO][2021-07-26 15:24:56][Server]client #1 transferred buzhihuowu #4936
[INFO][2021-07-26 15:24:56][Server]Player #1 Attack Player #2. Got Damage 10pts.
        Now Player #1 HP is 100   MP is 15
            Player #2 HP is 10   MP is 9
[INFO][2021-07-26 15:24:56][Server]User #1 x-Loc=400 y-Loc=300 xHead=1  Act=11 HP=100 MP=15
[INFO][2021-07-26 15:24:56][Server]User #2 x-Loc=450 y-Loc=300 xHead=0  Act=15 HP=10 MP=9
[INFO][2021-07-26 15:24:56][Server]client #1 transferred buzhihuowu #4936
[INFO][2021-07-26 15:24:56][Server]User #1 x-Loc=400 y-Loc=300 xHead=1  Act=0 HP=100 MP=15
[INFO][2021-07-26 15:24:56][Server]User #2 x-Loc=450 y-Loc=300 xHead=0  Act=15 HP=10 MP=9
[INFO][2021-07-26 15:24:56][Server]client #1 transferred buzhihuowu #4936
[INFO][2021-07-26 15:24:56][Server]Player #1 Attack Player #2. Got Damage 10pts.
        Now Player #1 HP is 100   MP is 15
            Player #2 HP is 0   MP is 10
[INFO][2021-07-26 15:24:56][Server]User #1 x-Loc=400 y-Loc=300 xHead=1  Act=11 HP=100 MP=15
[INFO][2021-07-26 15:24:56][Server]User #2 x-Loc=450 y-Loc=300 xHead=0  Act=16 HP=0 MP=10
[INFO][2021-07-26 15:24:56][Server]BYE, client 1 ! 
[WARNING][2021-07-26 15:24:56][Server]client 2 Exception ! 
