[INFO][2021-07-27 10:30:58][Server]Server started.
[INFO][2021-07-27 10:31:03][Server]client #1 transferred yigenisi #3054
[INFO][2021-07-27 10:31:03][Server]client #1 transferred yigenisi #3054
[INFO][2021-07-27 10:31:08][Server]client #2 transferred bashenan #7733
[INFO][2021-07-27 10:31:08][Server]User #1 x-Loc=50 y-Loc=300 xHead=1  Act=0 HP=330 MP=0
[INFO][2021-07-27 10:31:08][Server]User #2 x-Loc=700 y-Loc=300 xHead=0  Act=0 HP=330 MP=0
[INFO][2021-07-27 10:31:08][Server]client #1 transferred yigenisi #3054
[INFO][2021-07-27 10:31:08][Server]User #1 x-Loc=50 y-Loc=300 xHead=1  Act=0 HP=330 MP=0
[INFO][2021-07-27 10:31:08][Server]User #2 x-Loc=700 y-Loc=300 xHead=0  Act=0 HP=330 MP=0
[INFO][2021-07-27 10:31:08][Server]client #2 transferred bashenan #7733
[INFO][2021-07-27 10:31:08][Server]User #1 x-Loc=50 y-Loc=300 xHead=1  Act=0 HP=330 MP=0
[INFO][2021-07-27 10:31:08][Server]User #2 x-Loc=0 y-Loc=0 xHead=0  Act=0 HP=330 MP=0
[INFO][2021-07-27 10:31:09][Server]client #2 transferred bashenan #7733
[INFO][2021-07-27 10:31:09][Server]User #1 x-Loc=50 y-Loc=300 xHead=1  Act=0 HP=330 MP=0
[INFO][2021-07-27 10:31:09][Server]User #2 x-Loc=0 y-Loc=0 xHead=0  Act=0 HP=330 MP=0
[INFO][2021-07-27 10:31:17][Server]client #1 transferred yigenisi #3054
[INFO][2021-07-27 10:31:17][Server]User #1 x-Loc=100 y-Loc=300 xHead=1  Act=1 HP=330 MP=0
[INFO][2021-07-27 10:31:17][Server]User #2 x-Loc=0 y-Loc=0 xHead=0  Act=0 HP=330 MP=0
[INFO][2021-07-27 10:31:17][Server]client #1 transferred yigenisi #3054
[INFO][2021-07-27 10:31:17][Server]User #1 x-Loc=100 y-Loc=300 xHead=1  Act=0 HP=330 MP=0
[INFO][2021-07-27 10:31:17][Server]User #2 x-Loc=0 y-Loc=0 xHead=0  Act=0 HP=330 MP=0
[INFO][2021-07-27 10:31:19][Server]client #2 transferred bashenan #7733
[INFO][2021-07-27 10:31:19][Server]User #1 x-Loc=100 y-Loc=300 xHead=1  Act=0 HP=330 MP=0
[INFO][2021-07-27 10:31:19][Server]User #2 x-Loc=650 y-Loc=300 xHead=0  Act=1 HP=330 MP=0
[INFO][2021-07-27 10:31:19][Server]client #2 transferred bashenan #7733
[INFO][2021-07-27 10:31:19][Server]User #1 x-Loc=100 y-Loc=300 xHead=1  Act=0 HP=330 MP=0
[INFO][2021-07-27 10:31:19][Server]User #2 x-Loc=650 y-Loc=300 xHead=0  Act=0 HP=330 MP=0
[INFO][2021-07-27 10:31:21][Server]client #2 transferred bashenan #7733
[INFO][2021-07-27 10:31:21][Server]User #1 x-Loc=100 y-Loc=300 xHead=1  Act=0 HP=330 MP=0
[INFO][2021-07-27 10:31:21][Server]User #2 x-Loc=700 y-Loc=300 xHead=1  Act=1 HP=330 MP=0
[INFO][2021-07-27 10:31:21][Server]client #2 transferred bashenan #7733
[INFO][2021-07-27 10:31:21][Server]User #1 x-Loc=100 y-Loc=300 xHead=1  Act=0 HP=330 MP=0
[INFO][2021-07-27 10:31:21][Server]User #2 x-Loc=700 y-Loc=300 xHead=1  Act=0 HP=330 MP=0
[INFO][2021-07-27 10:31:28][Server]client #2 transferred bashenan #7733
[INFO][2021-07-27 10:31:28][Server]User #1 x-Loc=100 y-Loc=300 xHead=1  Act=0 HP=330 MP=0
[INFO][2021-07-27 10:31:28][Server]User #2 x-Loc=650 y-Loc=300 xHead=0  Act=1 HP=330 MP=0
[INFO][2021-07-27 10:31:28][Server]client #2 transferred bashenan #7733
[INFO][2021-07-27 10:31:28][Server]User #1 x-Loc=100 y-Loc=300 xHead=1  Act=0 HP=330 MP=0
[INFO][2021-07-27 10:31:28][Server]User #2 x-Loc=650 y-Loc=300 xHead=0  Act=0 HP=330 MP=0
[INFO][2021-07-27 10:31:29][Server]client #2 transferred bashenan #7733
[INFO][2021-07-27 10:31:29][Server]User #1 x-Loc=100 y-Loc=300 xHead=1  Act=0 HP=330 MP=0
[INFO][2021-07-27 10:31:29][Server]User #2 x-Loc=600 y-Loc=300 xHead=0  Act=1 HP=330 MP=0
[INFO][2021-07-27 10:31:29][Server]client #2 transferred bashenan #7733
[INFO][2021-07-27 10:31:29][Server]User #1 x-Loc=100 y-Loc=300 xHead=1  Act=0 HP=330 MP=0
[INFO][2021-07-27 10:31:29][Server]User #2 x-Loc=600 y-Loc=300 xHead=0  Act=0 HP=330 MP=0
[INFO][2021-07-27 10:31:29][Server]client #2 transferred bashenan #7733
[INFO][2021-07-27 10:31:29][Server]User #1 x-Loc=100 y-Loc=300 xHead=1  Act=0 HP=330 MP=0
[INFO][2021-07-27 10:31:29][Server]User #2 x-Loc=550 y-Loc=300 xHead=0  Act=1 HP=330 MP=0
[INFO][2021-07-27 10:31:29][Server]client #2 transferred bashenan #7733
[INFO][2021-07-27 10:31:29][Server]User #1 x-Loc=100 y-Loc=300 xHead=1  Act=0 HP=330 MP=0
[INFO][2021-07-27 10:31:29][Server]User #2 x-Loc=550 y-Loc=300 xHead=0  Act=0 HP=330 MP=0
[INFO][2021-07-27 10:31:29][Server]client #2 transferred bashenan #7733
[INFO][2021-07-27 10:31:29][Server]User #1 x-Loc=100 y-Loc=300 xHead=1  Act=0 HP=330 MP=0
[INFO][2021-07-27 10:31:29][Server]User #2 x-Loc=500 y-Loc=300 xHead=0  Act=1 HP=330 MP=0
[INFO][2021-07-27 10:31:29][Server]client #2 transferred bashenan #7733
[INFO][2021-07-27 10:31:29][Server]User #1 x-Loc=100 y-Loc=300 xHead=1  Act=0 HP=330 MP=0
[INFO][2021-07-27 10:31:29][Server]User #2 x-Loc=500 y-Loc=300 xHead=0  Act=0 HP=330 MP=0
[INFO][2021-07-27 10:31:29][Server]client #2 transferred bashenan #7733
[INFO][2021-07-27 10:31:29][Server]User #1 x-Loc=100 y-Loc=300 xHead=1  Act=0 HP=330 MP=0
[INFO][2021-07-27 10:31:29][Server]User #2 x-Loc=450 y-Loc=300 xHead=0  Act=1 HP=330 MP=0
[INFO][2021-07-27 10:31:29][Server]client #2 transferred bashenan #7733
[INFO][2021-07-27 10:31:29][Server]User #1 x-Loc=100 y-Loc=300 xHead=1  Act=0 HP=330 MP=0
[INFO][2021-07-27 10:31:29][Server]User #2 x-Loc=450 y-Loc=300 xHead=0  Act=0 HP=330 MP=0
[INFO][2021-07-27 10:31:29][Server]client #2 transferred bashenan #7733
[INFO][2021-07-27 10:31:29][Server]User #1 x-Loc=100 y-Loc=300 xHead=1  Act=0 HP=330 MP=0
[INFO][2021-07-27 10:31:29][Server]User #2 x-Loc=400 y-Loc=300 xHead=0  Act=1 HP=330 MP=0
[INFO][2021-07-27 10:31:29][Server]client #2 transferred bashenan #7733
[INFO][2021-07-27 10:31:29][Server]User #1 x-Loc=100 y-Loc=300 xHead=1  Act=0 HP=330 MP=0
[INFO][2021-07-27 10:31:29][Server]User #2 x-Loc=400 y-Loc=300 xHead=0  Act=0 HP=330 MP=0
[INFO][2021-07-27 10:31:30][Server]client #2 transferred bashenan #7733
[INFO][2021-07-27 10:31:30][Server]User #1 x-Loc=100 y-Loc=300 xHead=1  Act=0 HP=330 MP=0
[INFO][2021-07-27 10:31:30][Server]User #2 x-Loc=350 y-Loc=300 xHead=0  Act=1 HP=330 MP=0
[INFO][2021-07-27 10:31:30][Server]client #2 transferred bashenan #7733
[INFO][2021-07-27 10:31:30][Server]User #1 x-Loc=100 y-Loc=300 xHead=1  Act=0 HP=330 MP=0
[INFO][2021-07-27 10:31:30][Server]User #2 x-Loc=350 y-Loc=300 xHead=0  Act=0 HP=330 MP=0
[INFO][2021-07-27 10:31:30][Server]client #2 transferred bashenan #7733
[INFO][2021-07-27 10:31:30][Server]User #1 x-Loc=100 y-Loc=300 xHead=1  Act=0 HP=330 MP=0
[INFO][2021-07-27 10:31:30][Server]User #2 x-Loc=300 y-Loc=300 xHead=0  Act=1 HP=330 MP=0
[INFO][2021-07-27 10:31:30][Server]client #2 transferred bashenan #7733
[INFO][2021-07-27 10:31:30][Server]User #1 x-Loc=100 y-Loc=300 xHead=1  Act=0 HP=330 MP=0
[INFO][2021-07-27 10:31:30][Server]User #2 x-Loc=300 y-Loc=300 xHead=0  Act=0 HP=330 MP=0
[INFO][2021-07-27 10:31:30][Server]client #2 transferred bashenan #7733
[INFO][2021-07-27 10:31:30][Server]User #1 x-Loc=100 y-Loc=300 xHead=1  Act=0 HP=330 MP=0
[INFO][2021-07-27 10:31:30][Server]User #2 x-Loc=250 y-Loc=300 xHead=0  Act=1 HP=330 MP=0
[INFO][2021-07-27 10:31:30][Server]client #2 transferred bashenan #7733
[INFO][2021-07-27 10:31:30][Server]User #1 x-Loc=100 y-Loc=300 xHead=1  Act=0 HP=330 MP=0
[INFO][2021-07-27 10:31:30][Server]User #2 x-Loc=250 y-Loc=300 xHead=0  Act=0 HP=330 MP=0
[INFO][2021-07-27 10:31:30][Server]client #2 transferred bashenan #7733
[INFO][2021-07-27 10:31:30][Server]User #1 x-Loc=100 y-Loc=300 xHead=1  Act=0 HP=330 MP=0
[INFO][2021-07-27 10:31:30][Server]User #2 x-Loc=200 y-Loc=300 xHead=0  Act=1 HP=330 MP=0
[INFO][2021-07-27 10:31:30][Server]client #2 transferred bashenan #7733
[INFO][2021-07-27 10:31:30][Server]User #1 x-Loc=100 y-Loc=300 xHead=1  Act=0 HP=330 MP=0
[INFO][2021-07-27 10:31:30][Server]User #2 x-Loc=200 y-Loc=300 xHead=0  Act=0 HP=330 MP=0
[INFO][2021-07-27 10:31:30][Server]client #2 transferred bashenan #7733
[INFO][2021-07-27 10:31:30][Server]User #1 x-Loc=100 y-Loc=300 xHead=1  Act=0 HP=330 MP=0
[INFO][2021-07-27 10:31:30][Server]User #2 x-Loc=150 y-Loc=300 xHead=0  Act=1 HP=330 MP=0
[INFO][2021-07-27 10:31:30][Server]client #2 transferred bashenan #7733
[INFO][2021-07-27 10:31:30][Server]User #1 x-Loc=100 y-Loc=300 xHead=1  Act=0 HP=330 MP=0
[INFO][2021-07-27 10:31:30][Server]User #2 x-Loc=150 y-Loc=300 xHead=0  Act=0 HP=330 MP=0
[INFO][2021-07-27 10:31:31][Server]client #2 transferred bashenan #7733
[INFO][2021-07-27 10:31:31][Server]Player #2 Attack Player #1. Got Damage 25pts.
        Now Player #1 HP is 305   MP is 1
            Player #2 HP is 330   MP is 3
[INFO][2021-07-27 10:31:31][Server]User #1 x-Loc=100 y-Loc=300 xHead=1  Act=15 HP=305 MP=1
[INFO][2021-07-27 10:31:31][Server]User #2 x-Loc=150 y-Loc=300 xHead=0  Act=10 HP=330 MP=3
[INFO][2021-07-27 10:31:31][Server]client #2 transferred bashenan #7733
[INFO][2021-07-27 10:31:31][Server]User #1 x-Loc=100 y-Loc=300 xHead=1  Act=15 HP=305 MP=1
[INFO][2021-07-27 10:31:31][Server]User #2 x-Loc=150 y-Loc=300 xHead=0  Act=0 HP=330 MP=3
[INFO][2021-07-27 10:31:31][Server]client #2 transferred bashenan #7733
[INFO][2021-07-27 10:31:31][Server]Player #2 Attack Player #1. Got Damage 25pts.
        Now Player #1 HP is 280   MP is 2
            Player #2 HP is 330   MP is 6
[INFO][2021-07-27 10:31:31][Server]User #1 x-Loc=100 y-Loc=300 xHead=1  Act=16 HP=280 MP=2
[INFO][2021-07-27 10:31:31][Server]User #2 x-Loc=150 y-Loc=300 xHead=0  Act=10 HP=330 MP=6
[INFO][2021-07-27 10:31:31][Server]client #2 transferred bashenan #7733
[INFO][2021-07-27 10:31:31][Server]User #1 x-Loc=100 y-Loc=300 xHead=1  Act=16 HP=280 MP=2
[INFO][2021-07-27 10:31:31][Server]User #2 x-Loc=150 y-Loc=300 xHead=0  Act=0 HP=330 MP=6
[INFO][2021-07-27 10:31:31][Server]client #2 transferred bashenan #7733
[INFO][2021-07-27 10:31:31][Server]Player #2 Attack Player #1. Got Damage 25pts.
        Now Player #1 HP is 255   MP is 3
            Player #2 HP is 330   MP is 9
[INFO][2021-07-27 10:31:31][Server]User #1 x-Loc=100 y-Loc=300 xHead=1  Act=17 HP=255 MP=3
[INFO][2021-07-27 10:31:31][Server]User #2 x-Loc=150 y-Loc=300 xHead=0  Act=10 HP=330 MP=9
[INFO][2021-07-27 10:31:31][Server]client #2 transferred bashenan #7733
[INFO][2021-07-27 10:31:31][Server]User #1 x-Loc=100 y-Loc=300 xHead=1  Act=17 HP=255 MP=3
[INFO][2021-07-27 10:31:31][Server]User #2 x-Loc=150 y-Loc=300 xHead=0  Act=0 HP=330 MP=9
[INFO][2021-07-27 10:31:31][Server]client #2 transferred bashenan #7733
[INFO][2021-07-27 10:31:31][Server]Player #2 Attack Player #1. Got Damage 25pts.
        Now Player #1 HP is 230   MP is 4
            Player #2 HP is 330   MP is 12
[INFO][2021-07-27 10:31:31][Server]User #1 x-Loc=100 y-Loc=300 xHead=1  Act=0 HP=230 MP=4
[INFO][2021-07-27 10:31:31][Server]User #2 x-Loc=150 y-Loc=300 xHead=0  Act=10 HP=330 MP=12
[INFO][2021-07-27 10:31:31][Server]client #2 transferred bashenan #7733
[INFO][2021-07-27 10:31:31][Server]User #1 x-Loc=100 y-Loc=300 xHead=1  Act=0 HP=230 MP=4
[INFO][2021-07-27 10:31:31][Server]User #2 x-Loc=150 y-Loc=300 xHead=0  Act=0 HP=330 MP=12
[INFO][2021-07-27 10:31:31][Server]client #2 transferred bashenan #7733
[INFO][2021-07-27 10:31:31][Server]Player #2 Attack Player #1. Got Damage 25pts.
        Now Player #1 HP is 205   MP is 5
            Player #2 HP is 330   MP is 15
[INFO][2021-07-27 10:31:31][Server]User #1 x-Loc=100 y-Loc=300 xHead=1  Act=15 HP=205 MP=5
[INFO][2021-07-27 10:31:31][Server]User #2 x-Loc=150 y-Loc=300 xHead=0  Act=10 HP=330 MP=15
[INFO][2021-07-27 10:31:31][Server]client #2 transferred bashenan #7733
[INFO][2021-07-27 10:31:31][Server]User #1 x-Loc=100 y-Loc=300 xHead=1  Act=15 HP=205 MP=5
[INFO][2021-07-27 10:31:31][Server]User #2 x-Loc=150 y-Loc=300 xHead=0  Act=0 HP=330 MP=15
[WARNING][2021-07-27 10:31:34][Server]client 1 Exception ! 
[INFO][2021-07-27 10:31:34][Server]User #1 x-Loc=150 y-Loc=300 xHead=0  Act=0 HP=330 MP=15
