[INFO][2021-07-27 11:20:19]Send stand
[INFO][2021-07-27 11:20:23]Send right move
[INFO][2021-07-27 11:20:23]Send stand
[INFO][2021-07-27 11:20:24]Send left move
[INFO][2021-07-27 11:20:24]Send stand
[INFO][2021-07-27 11:20:24]Send left move
[INFO][2021-07-27 11:20:24]Send stand
[INFO][2021-07-27 11:20:24]Send left move
[INFO][2021-07-27 11:20:24]Send stand
[INFO][2021-07-27 11:20:24]Send left move
[INFO][2021-07-27 11:20:24]Send stand
[INFO][2021-07-27 11:20:24]Send left move
[INFO][2021-07-27 11:20:25]Send stand
[INFO][2021-07-27 11:20:25]Send left move
[INFO][2021-07-27 11:20:25]Send stand
[INFO][2021-07-27 11:20:25]Send left move
[INFO][2021-07-27 11:20:25]Send stand
[INFO][2021-07-27 11:20:25]Send left move
[INFO][2021-07-27 11:20:25]Send stand
[INFO][2021-07-27 11:20:25]Send left move
[INFO][2021-07-27 11:20:25]Send stand
[INFO][2021-07-27 11:20:25]Send left move
[INFO][2021-07-27 11:20:25]Send stand
[INFO][2021-07-27 11:20:25]Send left move
[INFO][2021-07-27 11:20:25]Send stand
[INFO][2021-07-27 11:20:25]Send left move
[INFO][2021-07-27 11:20:25]Send stand
[INFO][2021-07-27 11:20:25]Send left move
[INFO][2021-07-27 11:20:26]Send stand
[INFO][2021-07-27 11:20:26]Send left move
[INFO][2021-07-27 11:20:26]Send stand
[INFO][2021-07-27 11:20:26]Send right move
[INFO][2021-07-27 11:20:26]Send stand
[INFO][2021-07-27 11:20:26]Send left move
[INFO][2021-07-27 11:20:27]Send stand
[INFO][2021-07-27 11:20:27]Send normal attack
[INFO][2021-07-27 11:20:27]Send stand
[INFO][2021-07-27 11:20:28]Send normal attack
[INFO][2021-07-27 11:20:28]Send stand
[INFO][2021-07-27 11:20:28]Send normal attack
[INFO][2021-07-27 11:20:28]Send stand
[INFO][2021-07-27 11:20:28]Send normal attack
[INFO][2021-07-27 11:20:28]Send stand
[INFO][2021-07-27 11:20:28]Send normal attack
[INFO][2021-07-27 11:20:28]Send stand
[INFO][2021-07-27 11:20:28]Send normal attack
[INFO][2021-07-27 11:20:28]Send stand
[INFO][2021-07-27 11:20:28]Send normal attack
[INFO][2021-07-27 11:20:28]Send stand
[INFO][2021-07-27 11:20:28]Send normal attack
[INFO][2021-07-27 11:20:28]Send stand
[INFO][2021-07-27 11:20:29]Send normal attack
[INFO][2021-07-27 11:20:29]Send stand
[INFO][2021-07-27 11:20:29]Send normal attack
[INFO][2021-07-27 11:20:29]Send stand
[INFO][2021-07-27 11:20:29]Send normal attack
[INFO][2021-07-27 11:20:29]Send stand
[INFO][2021-07-27 11:20:29]Send normal attack
[INFO][2021-07-27 11:20:29]Send stand
[INFO][2021-07-27 11:20:29]Send huge attack
