[INFO][2021-07-26 16:40:22]Send stand
[INFO][2021-07-26 16:40:48]Send right move
[INFO][2021-07-26 16:40:49]Send stand
[INFO][2021-07-26 16:40:49]Send right move
[INFO][2021-07-26 16:40:49]Send stand
[INFO][2021-07-26 16:40:49]Send right move
[INFO][2021-07-26 16:40:49]Send stand
[INFO][2021-07-26 16:40:49]Send right move
[INFO][2021-07-26 16:40:49]Send stand
[INFO][2021-07-26 16:40:49]Send right move
[INFO][2021-07-26 16:40:49]Send stand
[INFO][2021-07-26 16:40:51]Send right move
[INFO][2021-07-26 16:40:51]Send stand
[INFO][2021-07-26 16:40:52]Send left move
[INFO][2021-07-26 16:40:52]Send stand
[INFO][2021-07-26 16:40:52]Send left move
[INFO][2021-07-26 16:40:52]Send stand
[INFO][2021-07-26 16:40:52]Send right move
[INFO][2021-07-26 16:40:52]Send stand
[INFO][2021-07-26 16:40:53]Send right move
[INFO][2021-07-26 16:40:53]Send stand
[INFO][2021-07-26 16:40:54]Send normal attack
[INFO][2021-07-26 16:40:54]Send stand
[INFO][2021-07-26 16:40:55]Send normal attack
[INFO][2021-07-26 16:40:55]Send stand
[INFO][2021-07-26 16:40:57]Send normal attack
[INFO][2021-07-26 16:40:57]Send stand
[INFO][2021-07-26 16:40:58]Send normal attack
[INFO][2021-07-26 16:40:58]Send stand
[INFO][2021-07-26 16:40:58]Send left move
[INFO][2021-07-26 16:40:59]Send stand
[INFO][2021-07-26 16:40:59]Send left move
[INFO][2021-07-26 16:40:59]Send stand
[INFO][2021-07-26 16:40:59]Send left move
[INFO][2021-07-26 16:40:59]Send stand
[INFO][2021-07-26 16:40:59]Send left move
[INFO][2021-07-26 16:40:59]Send stand
[INFO][2021-07-26 16:40:59]Send right move
[INFO][2021-07-26 16:40:59]Send stand
[INFO][2021-07-26 16:41:00]Send huge attack
[INFO][2021-07-26 16:41:00]Send stand
