[INFO][2021-07-27 10:37:33][Server]Server started.
[INFO][2021-07-27 10:37:39][Server]client #1 transferred caotijing #8185
[INFO][2021-07-27 10:37:44][Server]client #2 transferred chunli #3372
[INFO][2021-07-27 10:37:44][Server]User #1 x-Loc=700 y-Loc=300 xHead=0  Act=0 HP=100 MP=0
[INFO][2021-07-27 10:37:44][Server]User #2 x-Loc=50 y-Loc=300 xHead=1  Act=0 HP=100 MP=0
[INFO][2021-07-27 10:37:44][Server]client #1 transferred caotijing #8185
[INFO][2021-07-27 10:37:44][Server]User #1 x-Loc=700 y-Loc=300 xHead=0  Act=0 HP=100 MP=0
[INFO][2021-07-27 10:37:44][Server]User #2 x-Loc=50 y-Loc=300 xHead=1  Act=0 HP=100 MP=0
[INFO][2021-07-27 10:37:44][Server]client #2 transferred chunli #3372
[INFO][2021-07-27 10:37:44][Server]User #1 x-Loc=700 y-Loc=300 xHead=0  Act=0 HP=100 MP=0
[INFO][2021-07-27 10:37:44][Server]User #2 x-Loc=50 y-Loc=300 xHead=1  Act=0 HP=100 MP=0
[INFO][2021-07-27 10:37:51][Server]client #1 transferred caotijing #8185
[INFO][2021-07-27 10:37:51][Server]User #1 x-Loc=700 y-Loc=300 xHead=0  Act=0 HP=100 MP=0
[INFO][2021-07-27 10:37:51][Server]User #2 x-Loc=100 y-Loc=300 xHead=1  Act=1 HP=100 MP=0
[INFO][2021-07-27 10:37:51][Server]client #1 transferred caotijing #8185
[INFO][2021-07-27 10:37:51][Server]User #1 x-Loc=700 y-Loc=300 xHead=0  Act=0 HP=100 MP=0
[INFO][2021-07-27 10:37:51][Server]User #2 x-Loc=100 y-Loc=300 xHead=1  Act=0 HP=100 MP=0
[INFO][2021-07-27 10:37:55][Server]client #1 transferred caotijing #8185
[INFO][2021-07-27 10:37:55][Server]User #1 x-Loc=700 y-Loc=300 xHead=0  Act=0 HP=100 MP=0
[INFO][2021-07-27 10:37:55][Server]User #2 x-Loc=150 y-Loc=300 xHead=1  Act=1 HP=100 MP=0
[INFO][2021-07-27 10:37:55][Server]client #1 transferred caotijing #8185
[INFO][2021-07-27 10:37:55][Server]User #1 x-Loc=700 y-Loc=300 xHead=0  Act=0 HP=100 MP=0
[INFO][2021-07-27 10:37:55][Server]User #2 x-Loc=150 y-Loc=300 xHead=1  Act=0 HP=100 MP=0
[INFO][2021-07-27 10:37:58][Server]client #2 transferred chunli #3372
[INFO][2021-07-27 10:37:58][Server]User #1 x-Loc=750 y-Loc=300 xHead=1  Act=1 HP=100 MP=0
[INFO][2021-07-27 10:37:58][Server]User #2 x-Loc=150 y-Loc=300 xHead=1  Act=0 HP=100 MP=0
[INFO][2021-07-27 10:37:58][Server]client #2 transferred chunli #3372
[INFO][2021-07-27 10:37:58][Server]User #1 x-Loc=750 y-Loc=300 xHead=1  Act=0 HP=100 MP=0
[INFO][2021-07-27 10:37:58][Server]User #2 x-Loc=150 y-Loc=300 xHead=1  Act=0 HP=100 MP=0
[INFO][2021-07-27 10:37:58][Server]client #2 transferred chunli #3372
[INFO][2021-07-27 10:37:58][Server]User #1 x-Loc=700 y-Loc=300 xHead=0  Act=1 HP=100 MP=0
[INFO][2021-07-27 10:37:58][Server]User #2 x-Loc=150 y-Loc=300 xHead=1  Act=0 HP=100 MP=0
[INFO][2021-07-27 10:37:58][Server]client #2 transferred chunli #3372
[INFO][2021-07-27 10:37:58][Server]User #1 x-Loc=700 y-Loc=300 xHead=0  Act=0 HP=100 MP=0
[INFO][2021-07-27 10:37:58][Server]User #2 x-Loc=150 y-Loc=300 xHead=1  Act=0 HP=100 MP=0
[INFO][2021-07-27 10:37:59][Server]client #2 transferred chunli #3372
[INFO][2021-07-27 10:37:59][Server]User #1 x-Loc=650 y-Loc=300 xHead=0  Act=1 HP=100 MP=0
[INFO][2021-07-27 10:37:59][Server]User #2 x-Loc=150 y-Loc=300 xHead=1  Act=0 HP=100 MP=0
[INFO][2021-07-27 10:37:59][Server]client #2 transferred chunli #3372
[INFO][2021-07-27 10:37:59][Server]User #1 x-Loc=650 y-Loc=300 xHead=0  Act=0 HP=100 MP=0
[INFO][2021-07-27 10:37:59][Server]User #2 x-Loc=150 y-Loc=300 xHead=1  Act=0 HP=100 MP=0
[INFO][2021-07-27 10:37:59][Server]client #2 transferred chunli #3372
[INFO][2021-07-27 10:37:59][Server]User #1 x-Loc=600 y-Loc=300 xHead=0  Act=1 HP=100 MP=0
[INFO][2021-07-27 10:37:59][Server]User #2 x-Loc=150 y-Loc=300 xHead=1  Act=0 HP=100 MP=0
[INFO][2021-07-27 10:37:59][Server]client #2 transferred chunli #3372
[INFO][2021-07-27 10:37:59][Server]User #1 x-Loc=600 y-Loc=300 xHead=0  Act=0 HP=100 MP=0
[INFO][2021-07-27 10:37:59][Server]User #2 x-Loc=150 y-Loc=300 xHead=1  Act=0 HP=100 MP=0
[INFO][2021-07-27 10:37:59][Server]client #2 transferred chunli #3372
[INFO][2021-07-27 10:37:59][Server]User #1 x-Loc=550 y-Loc=300 xHead=0  Act=1 HP=100 MP=0
[INFO][2021-07-27 10:37:59][Server]User #2 x-Loc=150 y-Loc=300 xHead=1  Act=0 HP=100 MP=0
[INFO][2021-07-27 10:37:59][Server]client #2 transferred chunli #3372
[INFO][2021-07-27 10:37:59][Server]User #1 x-Loc=550 y-Loc=300 xHead=0  Act=0 HP=100 MP=0
[INFO][2021-07-27 10:37:59][Server]User #2 x-Loc=150 y-Loc=300 xHead=1  Act=0 HP=100 MP=0
[INFO][2021-07-27 10:37:59][Server]client #2 transferred chunli #3372
[INFO][2021-07-27 10:37:59][Server]User #1 x-Loc=500 y-Loc=300 xHead=0  Act=1 HP=100 MP=0
[INFO][2021-07-27 10:37:59][Server]User #2 x-Loc=150 y-Loc=300 xHead=1  Act=0 HP=100 MP=0
[INFO][2021-07-27 10:37:59][Server]client #2 transferred chunli #3372
[INFO][2021-07-27 10:37:59][Server]User #1 x-Loc=500 y-Loc=300 xHead=0  Act=0 HP=100 MP=0
[INFO][2021-07-27 10:37:59][Server]User #2 x-Loc=150 y-Loc=300 xHead=1  Act=0 HP=100 MP=0
[INFO][2021-07-27 10:37:59][Server]client #2 transferred chunli #3372
[INFO][2021-07-27 10:37:59][Server]User #1 x-Loc=450 y-Loc=300 xHead=0  Act=1 HP=100 MP=0
[INFO][2021-07-27 10:37:59][Server]User #2 x-Loc=150 y-Loc=300 xHead=1  Act=0 HP=100 MP=0
[INFO][2021-07-27 10:37:59][Server]client #2 transferred chunli #3372
[INFO][2021-07-27 10:37:59][Server]User #1 x-Loc=450 y-Loc=300 xHead=0  Act=0 HP=100 MP=0
[INFO][2021-07-27 10:37:59][Server]User #2 x-Loc=150 y-Loc=300 xHead=1  Act=0 HP=100 MP=0
[INFO][2021-07-27 10:37:59][Server]client #2 transferred chunli #3372
[INFO][2021-07-27 10:37:59][Server]User #1 x-Loc=400 y-Loc=300 xHead=0  Act=1 HP=100 MP=0
[INFO][2021-07-27 10:37:59][Server]User #2 x-Loc=150 y-Loc=300 xHead=1  Act=0 HP=100 MP=0
[INFO][2021-07-27 10:37:59][Server]client #2 transferred chunli #3372
[INFO][2021-07-27 10:37:59][Server]User #1 x-Loc=400 y-Loc=300 xHead=0  Act=0 HP=100 MP=0
[INFO][2021-07-27 10:37:59][Server]User #2 x-Loc=150 y-Loc=300 xHead=1  Act=0 HP=100 MP=0
[INFO][2021-07-27 10:37:59][Server]client #2 transferred chunli #3372
[INFO][2021-07-27 10:37:59][Server]User #1 x-Loc=350 y-Loc=300 xHead=0  Act=1 HP=100 MP=0
[INFO][2021-07-27 10:37:59][Server]User #2 x-Loc=150 y-Loc=300 xHead=1  Act=0 HP=100 MP=0
[INFO][2021-07-27 10:37:59][Server]client #2 transferred chunli #3372
[INFO][2021-07-27 10:37:59][Server]User #1 x-Loc=350 y-Loc=300 xHead=0  Act=0 HP=100 MP=0
[INFO][2021-07-27 10:37:59][Server]User #2 x-Loc=150 y-Loc=300 xHead=1  Act=0 HP=100 MP=0
[INFO][2021-07-27 10:37:59][Server]client #2 transferred chunli #3372
[INFO][2021-07-27 10:37:59][Server]User #1 x-Loc=300 y-Loc=300 xHead=0  Act=1 HP=100 MP=0
[INFO][2021-07-27 10:37:59][Server]User #2 x-Loc=150 y-Loc=300 xHead=1  Act=0 HP=100 MP=0
[INFO][2021-07-27 10:37:59][Server]client #2 transferred chunli #3372
[INFO][2021-07-27 10:37:59][Server]User #1 x-Loc=300 y-Loc=300 xHead=0  Act=0 HP=100 MP=0
[INFO][2021-07-27 10:37:59][Server]User #2 x-Loc=150 y-Loc=300 xHead=1  Act=0 HP=100 MP=0
[INFO][2021-07-27 10:37:59][Server]client #2 transferred chunli #3372
[INFO][2021-07-27 10:37:59][Server]User #1 x-Loc=250 y-Loc=300 xHead=0  Act=1 HP=100 MP=0
[INFO][2021-07-27 10:37:59][Server]User #2 x-Loc=150 y-Loc=300 xHead=1  Act=0 HP=100 MP=0
[INFO][2021-07-27 10:37:59][Server]client #2 transferred chunli #3372
[INFO][2021-07-27 10:37:59][Server]User #1 x-Loc=250 y-Loc=300 xHead=0  Act=0 HP=100 MP=0
[INFO][2021-07-27 10:37:59][Server]User #2 x-Loc=150 y-Loc=300 xHead=1  Act=0 HP=100 MP=0
[INFO][2021-07-27 10:38:00][Server]client #2 transferred chunli #3372
[INFO][2021-07-27 10:38:00][Server]User #1 x-Loc=200 y-Loc=300 xHead=0  Act=1 HP=100 MP=0
[INFO][2021-07-27 10:38:00][Server]User #2 x-Loc=150 y-Loc=300 xHead=1  Act=0 HP=100 MP=0
[INFO][2021-07-27 10:38:00][Server]client #2 transferred chunli #3372
[INFO][2021-07-27 10:38:00][Server]User #1 x-Loc=200 y-Loc=300 xHead=0  Act=0 HP=100 MP=0
[INFO][2021-07-27 10:38:00][Server]User #2 x-Loc=150 y-Loc=300 xHead=1  Act=0 HP=100 MP=0
[INFO][2021-07-27 10:38:00][Server]client #2 transferred chunli #3372
[INFO][2021-07-27 10:38:00][Server]User #1 x-Loc=150 y-Loc=300 xHead=0  Act=1 HP=100 MP=0
[INFO][2021-07-27 10:38:00][Server]User #2 x-Loc=150 y-Loc=300 xHead=1  Act=0 HP=100 MP=0
[INFO][2021-07-27 10:38:00][Server]client #2 transferred chunli #3372
[INFO][2021-07-27 10:38:00][Server]User #1 x-Loc=150 y-Loc=300 xHead=0  Act=0 HP=100 MP=0
[INFO][2021-07-27 10:38:00][Server]User #2 x-Loc=150 y-Loc=300 xHead=1  Act=0 HP=100 MP=0
[INFO][2021-07-27 10:38:00][Server]client #2 transferred chunli #3372
[INFO][2021-07-27 10:38:00][Server]Player #1 Attack Player #2. Got Damage 10pts.
        Now Player #1 HP is 100   MP is 3
            Player #2 HP is 90   MP is 1
[INFO][2021-07-27 10:38:00][Server]User #1 x-Loc=150 y-Loc=300 xHead=0  Act=10 HP=100 MP=3
[INFO][2021-07-27 10:38:00][Server]User #2 x-Loc=150 y-Loc=300 xHead=1  Act=15 HP=90 MP=1
[INFO][2021-07-27 10:38:01][Server]client #2 transferred chunli #3372
[INFO][2021-07-27 10:38:01][Server]User #1 x-Loc=150 y-Loc=300 xHead=0  Act=0 HP=100 MP=3
[INFO][2021-07-27 10:38:01][Server]User #2 x-Loc=150 y-Loc=300 xHead=1  Act=15 HP=90 MP=1
[INFO][2021-07-27 10:38:01][Server]client #2 transferred chunli #3372
[INFO][2021-07-27 10:38:01][Server]Player #1 Attack Player #2. Got Damage 10pts.
        Now Player #1 HP is 100   MP is 6
            Player #2 HP is 80   MP is 2
[INFO][2021-07-27 10:38:01][Server]User #1 x-Loc=150 y-Loc=300 xHead=0  Act=11 HP=100 MP=6
[INFO][2021-07-27 10:38:01][Server]User #2 x-Loc=150 y-Loc=300 xHead=1  Act=16 HP=80 MP=2
[INFO][2021-07-27 10:38:01][Server]client #2 transferred chunli #3372
[INFO][2021-07-27 10:38:01][Server]User #1 x-Loc=150 y-Loc=300 xHead=0  Act=0 HP=100 MP=6
[INFO][2021-07-27 10:38:01][Server]User #2 x-Loc=150 y-Loc=300 xHead=1  Act=16 HP=80 MP=2
[INFO][2021-07-27 10:38:01][Server]client #2 transferred chunli #3372
[INFO][2021-07-27 10:38:01][Server]Player #1 Attack Player #2. Got Damage 10pts.
        Now Player #1 HP is 100   MP is 9
            Player #2 HP is 70   MP is 3
[INFO][2021-07-27 10:38:01][Server]User #1 x-Loc=150 y-Loc=300 xHead=0  Act=11 HP=100 MP=9
[INFO][2021-07-27 10:38:01][Server]User #2 x-Loc=150 y-Loc=300 xHead=1  Act=17 HP=70 MP=3
[INFO][2021-07-27 10:38:01][Server]client #2 transferred chunli #3372
[INFO][2021-07-27 10:38:01][Server]User #1 x-Loc=150 y-Loc=300 xHead=0  Act=0 HP=100 MP=9
[INFO][2021-07-27 10:38:01][Server]User #2 x-Loc=150 y-Loc=300 xHead=1  Act=17 HP=70 MP=3
[INFO][2021-07-27 10:38:01][Server]client #2 transferred chunli #3372
[INFO][2021-07-27 10:38:01][Server]Player #1 Attack Player #2. Got Damage 10pts.
        Now Player #1 HP is 100   MP is 12
            Player #2 HP is 60   MP is 4
[INFO][2021-07-27 10:38:01][Server]User #1 x-Loc=150 y-Loc=300 xHead=0  Act=11 HP=100 MP=12
[INFO][2021-07-27 10:38:01][Server]User #2 x-Loc=150 y-Loc=300 xHead=1  Act=0 HP=60 MP=4
[INFO][2021-07-27 10:38:01][Server]client #2 transferred chunli #3372
[INFO][2021-07-27 10:38:01][Server]User #1 x-Loc=150 y-Loc=300 xHead=0  Act=0 HP=100 MP=12
[INFO][2021-07-27 10:38:01][Server]User #2 x-Loc=150 y-Loc=300 xHead=1  Act=0 HP=60 MP=4
[INFO][2021-07-27 10:38:01][Server]client #2 transferred chunli #3372
[INFO][2021-07-27 10:38:01][Server]Player #1 Attack Player #2. Got Damage 10pts.
        Now Player #1 HP is 100   MP is 15
            Player #2 HP is 50   MP is 5
[INFO][2021-07-27 10:38:01][Server]User #1 x-Loc=150 y-Loc=300 xHead=0  Act=10 HP=100 MP=15
[INFO][2021-07-27 10:38:01][Server]User #2 x-Loc=150 y-Loc=300 xHead=1  Act=15 HP=50 MP=5
[INFO][2021-07-27 10:38:01][Server]client #2 transferred chunli #3372
[INFO][2021-07-27 10:38:01][Server]User #1 x-Loc=150 y-Loc=300 xHead=0  Act=0 HP=100 MP=15
[INFO][2021-07-27 10:38:01][Server]User #2 x-Loc=150 y-Loc=300 xHead=1  Act=15 HP=50 MP=5
[INFO][2021-07-27 10:38:01][Server]client #2 transferred chunli #3372
[INFO][2021-07-27 10:38:01][Server]Player #1 Attack Player #2. Got Damage 10pts.
        Now Player #1 HP is 100   MP is 15
            Player #2 HP is 40   MP is 6
[INFO][2021-07-27 10:38:01][Server]User #1 x-Loc=150 y-Loc=300 xHead=0  Act=11 HP=100 MP=15
[INFO][2021-07-27 10:38:01][Server]User #2 x-Loc=150 y-Loc=300 xHead=1  Act=16 HP=40 MP=6
[INFO][2021-07-27 10:38:01][Server]client #2 transferred chunli #3372
[INFO][2021-07-27 10:38:01][Server]User #1 x-Loc=150 y-Loc=300 xHead=0  Act=0 HP=100 MP=15
[INFO][2021-07-27 10:38:01][Server]User #2 x-Loc=150 y-Loc=300 xHead=1  Act=16 HP=40 MP=6
[INFO][2021-07-27 10:38:01][Server]client #2 transferred chunli #3372
[INFO][2021-07-27 10:38:01][Server]Player #1 Attack Player #2. Got Damage 10pts.
        Now Player #1 HP is 100   MP is 15
            Player #2 HP is 30   MP is 7
[INFO][2021-07-27 10:38:01][Server]User #1 x-Loc=150 y-Loc=300 xHead=0  Act=10 HP=100 MP=15
[INFO][2021-07-27 10:38:01][Server]User #2 x-Loc=150 y-Loc=300 xHead=1  Act=17 HP=30 MP=7
[INFO][2021-07-27 10:38:01][Server]client #2 transferred chunli #3372
[INFO][2021-07-27 10:38:01][Server]User #1 x-Loc=150 y-Loc=300 xHead=0  Act=0 HP=100 MP=15
[INFO][2021-07-27 10:38:01][Server]User #2 x-Loc=150 y-Loc=300 xHead=1  Act=17 HP=30 MP=7
[INFO][2021-07-27 10:38:02][Server]client #2 transferred chunli #3372
[INFO][2021-07-27 10:38:02][Server]Player #1 Attack Player #2. Got Damage 10pts.
        Now Player #1 HP is 100   MP is 15
            Player #2 HP is 20   MP is 8
[INFO][2021-07-27 10:38:02][Server]User #1 x-Loc=150 y-Loc=300 xHead=0  Act=11 HP=100 MP=15
[INFO][2021-07-27 10:38:02][Server]User #2 x-Loc=150 y-Loc=300 xHead=1  Act=0 HP=20 MP=8
[INFO][2021-07-27 10:38:02][Server]client #2 transferred chunli #3372
[INFO][2021-07-27 10:38:02][Server]User #1 x-Loc=150 y-Loc=300 xHead=0  Act=0 HP=100 MP=0
[INFO][2021-07-27 10:38:02][Server]User #2 x-Loc=150 y-Loc=300 xHead=1  Act=0 HP=20 MP=8
