[INFO][2021-07-27 14:14:08][Server]Server started.
[INFO][2021-07-27 14:14:15][Server]client #1 transferred caotijing #4932
[INFO][2021-07-27 14:14:21][Server]client #2 transferred chunli #218
[INFO][2021-07-27 14:14:21][Server]User #1 x-Loc=700 y-Loc=300 xHead=0  Act=0 HP=330 MP=0
[INFO][2021-07-27 14:14:21][Server]User #2 x-Loc=50 y-Loc=300 xHead=1  Act=0 HP=330 MP=0
[INFO][2021-07-27 14:14:21][Server]client #1 transferred caotijing #4932
[INFO][2021-07-27 14:14:21][Server]User #1 x-Loc=700 y-Loc=300 xHead=0  Act=0 HP=330 MP=0
[INFO][2021-07-27 14:14:21][Server]User #2 x-Loc=50 y-Loc=300 xHead=1  Act=0 HP=330 MP=0
[INFO][2021-07-27 14:14:21][Server]client #2 transferred chunli #218
[INFO][2021-07-27 14:14:21][Server]User #1 x-Loc=700 y-Loc=300 xHead=0  Act=0 HP=330 MP=0
[INFO][2021-07-27 14:14:21][Server]User #2 x-Loc=50 y-Loc=300 xHead=1  Act=0 HP=330 MP=0
[INFO][2021-07-27 14:14:26][Server]client #1 transferred caotijing #4932
[INFO][2021-07-27 14:14:26][Server]User #1 x-Loc=700 y-Loc=300 xHead=0  Act=0 HP=330 MP=0
[INFO][2021-07-27 14:14:26][Server]User #2 x-Loc=100 y-Loc=300 xHead=1  Act=1 HP=330 MP=0
[INFO][2021-07-27 14:14:26][Server]client #1 transferred caotijing #4932
[INFO][2021-07-27 14:14:26][Server]User #1 x-Loc=700 y-Loc=300 xHead=0  Act=0 HP=330 MP=0
[INFO][2021-07-27 14:14:26][Server]User #2 x-Loc=100 y-Loc=300 xHead=1  Act=0 HP=330 MP=0
[INFO][2021-07-27 14:14:28][Server]client #2 transferred chunli #218
[INFO][2021-07-27 14:14:28][Server]User #1 x-Loc=650 y-Loc=300 xHead=0  Act=1 HP=330 MP=0
[INFO][2021-07-27 14:14:28][Server]User #2 x-Loc=100 y-Loc=300 xHead=1  Act=0 HP=330 MP=0
[INFO][2021-07-27 14:14:28][Server]client #2 transferred chunli #218
[INFO][2021-07-27 14:14:28][Server]User #1 x-Loc=650 y-Loc=300 xHead=0  Act=0 HP=330 MP=0
[INFO][2021-07-27 14:14:28][Server]User #2 x-Loc=100 y-Loc=300 xHead=1  Act=0 HP=330 MP=0
[INFO][2021-07-27 14:14:29][Server]client #2 transferred chunli #218
[INFO][2021-07-27 14:14:29][Server]User #1 x-Loc=600 y-Loc=300 xHead=0  Act=1 HP=330 MP=0
[INFO][2021-07-27 14:14:29][Server]User #2 x-Loc=100 y-Loc=300 xHead=1  Act=0 HP=330 MP=0
[INFO][2021-07-27 14:14:29][Server]client #2 transferred chunli #218
[INFO][2021-07-27 14:14:29][Server]User #1 x-Loc=600 y-Loc=300 xHead=0  Act=0 HP=330 MP=0
[INFO][2021-07-27 14:14:29][Server]User #2 x-Loc=100 y-Loc=300 xHead=1  Act=0 HP=330 MP=0
[INFO][2021-07-27 14:14:29][Server]client #2 transferred chunli #218
[INFO][2021-07-27 14:14:29][Server]User #1 x-Loc=550 y-Loc=300 xHead=0  Act=1 HP=330 MP=0
[INFO][2021-07-27 14:14:29][Server]User #2 x-Loc=100 y-Loc=300 xHead=1  Act=0 HP=330 MP=0
[INFO][2021-07-27 14:14:29][Server]client #2 transferred chunli #218
[INFO][2021-07-27 14:14:29][Server]User #1 x-Loc=550 y-Loc=300 xHead=0  Act=0 HP=330 MP=0
[INFO][2021-07-27 14:14:29][Server]User #2 x-Loc=100 y-Loc=300 xHead=1  Act=0 HP=330 MP=0
[INFO][2021-07-27 14:14:29][Server]client #2 transferred chunli #218
[INFO][2021-07-27 14:14:29][Server]User #1 x-Loc=500 y-Loc=300 xHead=0  Act=1 HP=330 MP=0
[INFO][2021-07-27 14:14:29][Server]User #2 x-Loc=100 y-Loc=300 xHead=1  Act=0 HP=330 MP=0
[INFO][2021-07-27 14:14:29][Server]client #2 transferred chunli #218
[INFO][2021-07-27 14:14:29][Server]User #1 x-Loc=500 y-Loc=300 xHead=0  Act=0 HP=330 MP=0
[INFO][2021-07-27 14:14:29][Server]User #2 x-Loc=100 y-Loc=300 xHead=1  Act=0 HP=330 MP=0
[INFO][2021-07-27 14:14:29][Server]client #2 transferred chunli #218
[INFO][2021-07-27 14:14:29][Server]User #1 x-Loc=450 y-Loc=300 xHead=0  Act=1 HP=330 MP=0
[INFO][2021-07-27 14:14:29][Server]User #2 x-Loc=100 y-Loc=300 xHead=1  Act=0 HP=330 MP=0
[INFO][2021-07-27 14:14:29][Server]client #2 transferred chunli #218
[INFO][2021-07-27 14:14:29][Server]User #1 x-Loc=450 y-Loc=300 xHead=0  Act=0 HP=330 MP=0
[INFO][2021-07-27 14:14:29][Server]User #2 x-Loc=100 y-Loc=300 xHead=1  Act=0 HP=330 MP=0
[INFO][2021-07-27 14:14:29][Server]client #2 transferred chunli #218
[INFO][2021-07-27 14:14:29][Server]User #1 x-Loc=400 y-Loc=300 xHead=0  Act=1 HP=330 MP=0
[INFO][2021-07-27 14:14:29][Server]User #2 x-Loc=100 y-Loc=300 xHead=1  Act=0 HP=330 MP=0
[INFO][2021-07-27 14:14:29][Server]client #2 transferred chunli #218
[INFO][2021-07-27 14:14:29][Server]User #1 x-Loc=400 y-Loc=300 xHead=0  Act=0 HP=330 MP=0
[INFO][2021-07-27 14:14:29][Server]User #2 x-Loc=100 y-Loc=300 xHead=1  Act=0 HP=330 MP=0
[INFO][2021-07-27 14:14:29][Server]client #2 transferred chunli #218
[INFO][2021-07-27 14:14:29][Server]User #1 x-Loc=350 y-Loc=300 xHead=0  Act=1 HP=330 MP=0
[INFO][2021-07-27 14:14:29][Server]User #2 x-Loc=100 y-Loc=300 xHead=1  Act=0 HP=330 MP=0
[INFO][2021-07-27 14:14:29][Server]client #2 transferred chunli #218
[INFO][2021-07-27 14:14:29][Server]User #1 x-Loc=350 y-Loc=300 xHead=0  Act=0 HP=330 MP=0
[INFO][2021-07-27 14:14:29][Server]User #2 x-Loc=100 y-Loc=300 xHead=1  Act=0 HP=330 MP=0
[INFO][2021-07-27 14:14:29][Server]client #2 transferred chunli #218
[INFO][2021-07-27 14:14:29][Server]User #1 x-Loc=300 y-Loc=300 xHead=0  Act=1 HP=330 MP=0
[INFO][2021-07-27 14:14:29][Server]User #2 x-Loc=100 y-Loc=300 xHead=1  Act=0 HP=330 MP=0
[INFO][2021-07-27 14:14:29][Server]client #2 transferred chunli #218
[INFO][2021-07-27 14:14:29][Server]User #1 x-Loc=300 y-Loc=300 xHead=0  Act=0 HP=330 MP=0
[INFO][2021-07-27 14:14:29][Server]User #2 x-Loc=100 y-Loc=300 xHead=1  Act=0 HP=330 MP=0
[INFO][2021-07-27 14:14:29][Server]client #2 transferred chunli #218
[INFO][2021-07-27 14:14:29][Server]User #1 x-Loc=250 y-Loc=300 xHead=0  Act=1 HP=330 MP=0
[INFO][2021-07-27 14:14:29][Server]User #2 x-Loc=100 y-Loc=300 xHead=1  Act=0 HP=330 MP=0
[INFO][2021-07-27 14:14:29][Server]client #2 transferred chunli #218
[INFO][2021-07-27 14:14:29][Server]User #1 x-Loc=250 y-Loc=300 xHead=0  Act=0 HP=330 MP=0
[INFO][2021-07-27 14:14:29][Server]User #2 x-Loc=100 y-Loc=300 xHead=1  Act=0 HP=330 MP=0
[INFO][2021-07-27 14:14:29][Server]client #2 transferred chunli #218
[INFO][2021-07-27 14:14:29][Server]User #1 x-Loc=200 y-Loc=300 xHead=0  Act=1 HP=330 MP=0
[INFO][2021-07-27 14:14:29][Server]User #2 x-Loc=100 y-Loc=300 xHead=1  Act=0 HP=330 MP=0
[INFO][2021-07-27 14:14:30][Server]client #2 transferred chunli #218
[INFO][2021-07-27 14:14:30][Server]User #1 x-Loc=200 y-Loc=300 xHead=0  Act=0 HP=330 MP=0
[INFO][2021-07-27 14:14:30][Server]User #2 x-Loc=100 y-Loc=300 xHead=1  Act=0 HP=330 MP=0
[INFO][2021-07-27 14:14:30][Server]client #2 transferred chunli #218
[INFO][2021-07-27 14:14:30][Server]User #1 x-Loc=150 y-Loc=300 xHead=0  Act=1 HP=330 MP=0
[INFO][2021-07-27 14:14:30][Server]User #2 x-Loc=100 y-Loc=300 xHead=1  Act=0 HP=330 MP=0
[INFO][2021-07-27 14:14:30][Server]client #2 transferred chunli #218
[INFO][2021-07-27 14:14:30][Server]User #1 x-Loc=150 y-Loc=300 xHead=0  Act=0 HP=330 MP=0
[INFO][2021-07-27 14:14:30][Server]User #2 x-Loc=100 y-Loc=300 xHead=1  Act=0 HP=330 MP=0
[INFO][2021-07-27 14:14:30][Server]client #2 transferred chunli #218
[INFO][2021-07-27 14:14:30][Server]Player #1 Attack Player #2. Got Damage 22pts.
        Now Player #1 HP is 330   MP is 3
            Player #2 HP is 308   MP is 1
[INFO][2021-07-27 14:14:30][Server]User #1 x-Loc=150 y-Loc=300 xHead=0  Act=10 HP=330 MP=3
[INFO][2021-07-27 14:14:30][Server]User #2 x-Loc=100 y-Loc=300 xHead=1  Act=15 HP=308 MP=1
[INFO][2021-07-27 14:14:30][Server]client #2 transferred chunli #218
[INFO][2021-07-27 14:14:30][Server]User #1 x-Loc=150 y-Loc=300 xHead=0  Act=0 HP=330 MP=3
[INFO][2021-07-27 14:14:30][Server]User #2 x-Loc=100 y-Loc=300 xHead=1  Act=15 HP=308 MP=1
[INFO][2021-07-27 14:14:31][Server]client #2 transferred chunli #218
[INFO][2021-07-27 14:14:31][Server]Player #1 Attack Player #2. Got Damage 22pts.
        Now Player #1 HP is 330   MP is 6
            Player #2 HP is 286   MP is 2
[INFO][2021-07-27 14:14:31][Server]User #1 x-Loc=150 y-Loc=300 xHead=0  Act=10 HP=330 MP=6
[INFO][2021-07-27 14:14:31][Server]User #2 x-Loc=100 y-Loc=300 xHead=1  Act=16 HP=286 MP=2
[INFO][2021-07-27 14:14:31][Server]client #2 transferred chunli #218
[INFO][2021-07-27 14:14:31][Server]User #1 x-Loc=150 y-Loc=300 xHead=0  Act=0 HP=330 MP=6
[INFO][2021-07-27 14:14:31][Server]User #2 x-Loc=100 y-Loc=300 xHead=1  Act=16 HP=286 MP=2
[INFO][2021-07-27 14:14:31][Server]client #2 transferred chunli #218
[INFO][2021-07-27 14:14:31][Server]Player #1 Attack Player #2. Got Damage 22pts.
        Now Player #1 HP is 330   MP is 9
            Player #2 HP is 264   MP is 3
[INFO][2021-07-27 14:14:31][Server]User #1 x-Loc=150 y-Loc=300 xHead=0  Act=10 HP=330 MP=9
[INFO][2021-07-27 14:14:31][Server]User #2 x-Loc=100 y-Loc=300 xHead=1  Act=17 HP=264 MP=3
[INFO][2021-07-27 14:14:31][Server]client #2 transferred chunli #218
[INFO][2021-07-27 14:14:31][Server]User #1 x-Loc=150 y-Loc=300 xHead=0  Act=0 HP=330 MP=9
[INFO][2021-07-27 14:14:31][Server]User #2 x-Loc=100 y-Loc=300 xHead=1  Act=17 HP=264 MP=3
[INFO][2021-07-27 14:14:36][Server]client #2 transferred chunli #218
[INFO][2021-07-27 14:14:36][Server]Player #1 Attack Player #2. Got Damage 22pts.
        Now Player #1 HP is 330   MP is 12
            Player #2 HP is 242   MP is 4
[INFO][2021-07-27 14:14:36][Server]User #1 x-Loc=150 y-Loc=300 xHead=0  Act=10 HP=330 MP=12
[INFO][2021-07-27 14:14:36][Server]User #2 x-Loc=100 y-Loc=300 xHead=1  Act=0 HP=242 MP=4
[INFO][2021-07-27 14:14:36][Server]client #2 transferred chunli #218
[INFO][2021-07-27 14:14:36][Server]User #1 x-Loc=150 y-Loc=300 xHead=0  Act=0 HP=330 MP=12
[INFO][2021-07-27 14:14:36][Server]User #2 x-Loc=100 y-Loc=300 xHead=1  Act=0 HP=242 MP=4
[INFO][2021-07-27 14:14:36][Server]client #2 transferred chunli #218
[INFO][2021-07-27 14:14:36][Server]Player #1 Attack Player #2. Got Damage 22pts.
        Now Player #1 HP is 330   MP is 15
            Player #2 HP is 220   MP is 5
[INFO][2021-07-27 14:14:36][Server]User #1 x-Loc=150 y-Loc=300 xHead=0  Act=10 HP=330 MP=15
[INFO][2021-07-27 14:14:36][Server]User #2 x-Loc=100 y-Loc=300 xHead=1  Act=15 HP=220 MP=5
[INFO][2021-07-27 14:14:36][Server]client #2 transferred chunli #218
[INFO][2021-07-27 14:14:36][Server]User #1 x-Loc=150 y-Loc=300 xHead=0  Act=0 HP=330 MP=15
[INFO][2021-07-27 14:14:36][Server]User #2 x-Loc=100 y-Loc=300 xHead=1  Act=15 HP=220 MP=5
[INFO][2021-07-27 14:14:37][Server]client #2 transferred chunli #218
[INFO][2021-07-27 14:14:37][Server]Player #1 Attack Player #2. Got Damage 22pts.
        Now Player #1 HP is 330   MP is 15
            Player #2 HP is 198   MP is 6
[INFO][2021-07-27 14:14:37][Server]User #1 x-Loc=150 y-Loc=300 xHead=0  Act=10 HP=330 MP=15
[INFO][2021-07-27 14:14:37][Server]User #2 x-Loc=100 y-Loc=300 xHead=1  Act=16 HP=198 MP=6
[INFO][2021-07-27 14:14:37][Server]client #2 transferred chunli #218
[INFO][2021-07-27 14:14:37][Server]User #1 x-Loc=150 y-Loc=300 xHead=0  Act=0 HP=330 MP=15
[INFO][2021-07-27 14:14:37][Server]User #2 x-Loc=100 y-Loc=300 xHead=1  Act=16 HP=198 MP=6
[INFO][2021-07-27 14:14:37][Server]client #2 transferred chunli #218
[INFO][2021-07-27 14:14:37][Server]Player #1 Attack Player #2. Got Damage 22pts.
        Now Player #1 HP is 330   MP is 15
            Player #2 HP is 176   MP is 7
[INFO][2021-07-27 14:14:37][Server]User #1 x-Loc=150 y-Loc=300 xHead=0  Act=10 HP=330 MP=15
[INFO][2021-07-27 14:14:37][Server]User #2 x-Loc=100 y-Loc=300 xHead=1  Act=17 HP=176 MP=7
[INFO][2021-07-27 14:14:37][Server]client #2 transferred chunli #218
[INFO][2021-07-27 14:14:37][Server]User #1 x-Loc=150 y-Loc=300 xHead=0  Act=0 HP=330 MP=15
[INFO][2021-07-27 14:14:37][Server]User #2 x-Loc=100 y-Loc=300 xHead=1  Act=17 HP=176 MP=7
[INFO][2021-07-27 14:14:37][Server]client #2 transferred chunli #218
[INFO][2021-07-27 14:14:37][Server]Player #1 Attack Player #2. Got Damage 22pts.
        Now Player #1 HP is 330   MP is 15
            Player #2 HP is 154   MP is 8
[INFO][2021-07-27 14:14:37][Server]User #1 x-Loc=150 y-Loc=300 xHead=0  Act=10 HP=330 MP=15
[INFO][2021-07-27 14:14:37][Server]User #2 x-Loc=100 y-Loc=300 xHead=1  Act=0 HP=154 MP=8
[INFO][2021-07-27 14:14:37][Server]client #2 transferred chunli #218
[INFO][2021-07-27 14:14:37][Server]User #1 x-Loc=150 y-Loc=300 xHead=0  Act=0 HP=330 MP=15
[INFO][2021-07-27 14:14:37][Server]User #2 x-Loc=100 y-Loc=300 xHead=1  Act=0 HP=154 MP=8
[INFO][2021-07-27 14:14:37][Server]client #2 transferred chunli #218
[INFO][2021-07-27 14:14:37][Server]Player #1 Attack Player #2. Got Damage 22pts.
        Now Player #1 HP is 330   MP is 15
            Player #2 HP is 132   MP is 9
[INFO][2021-07-27 14:14:37][Server]User #1 x-Loc=150 y-Loc=300 xHead=0  Act=10 HP=330 MP=15
[INFO][2021-07-27 14:14:37][Server]User #2 x-Loc=100 y-Loc=300 xHead=1  Act=15 HP=132 MP=9
[INFO][2021-07-27 14:14:37][Server]client #2 transferred chunli #218
[INFO][2021-07-27 14:14:37][Server]User #1 x-Loc=150 y-Loc=300 xHead=0  Act=0 HP=330 MP=15
[INFO][2021-07-27 14:14:37][Server]User #2 x-Loc=100 y-Loc=300 xHead=1  Act=15 HP=132 MP=9
[INFO][2021-07-27 14:14:38][Server]client #2 transferred chunli #218
[INFO][2021-07-27 14:14:38][Server]Player #1 Attack Player #2. Got Damage 22pts.
        Now Player #1 HP is 330   MP is 15
            Player #2 HP is 110   MP is 10
[INFO][2021-07-27 14:14:38][Server]User #1 x-Loc=150 y-Loc=300 xHead=0  Act=10 HP=330 MP=15
[INFO][2021-07-27 14:14:38][Server]User #2 x-Loc=100 y-Loc=300 xHead=1  Act=16 HP=110 MP=10
[INFO][2021-07-27 14:14:38][Server]client #2 transferred chunli #218
[INFO][2021-07-27 14:14:38][Server]User #1 x-Loc=150 y-Loc=300 xHead=0  Act=0 HP=330 MP=15
[INFO][2021-07-27 14:14:38][Server]User #2 x-Loc=100 y-Loc=300 xHead=1  Act=16 HP=110 MP=10
[INFO][2021-07-27 14:14:40][Server]client #1 transferred caotijing #4932
[INFO][2021-07-27 14:14:40][Server]User #1 x-Loc=150 y-Loc=300 xHead=0  Act=0 HP=330 MP=15
[INFO][2021-07-27 14:14:40][Server]User #2 x-Loc=150 y-Loc=300 xHead=1  Act=1 HP=110 MP=10
[INFO][2021-07-27 14:14:41][Server]client #1 transferred caotijing #4932
[INFO][2021-07-27 14:14:41][Server]User #1 x-Loc=150 y-Loc=300 xHead=0  Act=0 HP=330 MP=15
[INFO][2021-07-27 14:14:41][Server]User #2 x-Loc=150 y-Loc=300 xHead=1  Act=0 HP=110 MP=10
[INFO][2021-07-27 14:14:41][Server]client #1 transferred caotijing #4932
[INFO][2021-07-27 14:14:41][Server]Player #2 Attack Player #1. Got Damage 25pts.
        Now Player #1 HP is 305   MP is 15
            Player #2 HP is 110   MP is 13
[INFO][2021-07-27 14:14:41][Server]User #1 x-Loc=150 y-Loc=300 xHead=0  Act=15 HP=305 MP=15
[INFO][2021-07-27 14:14:41][Server]User #2 x-Loc=150 y-Loc=300 xHead=1  Act=10 HP=110 MP=13
[INFO][2021-07-27 14:14:41][Server]client #1 transferred caotijing #4932
[INFO][2021-07-27 14:14:41][Server]User #1 x-Loc=150 y-Loc=300 xHead=0  Act=15 HP=305 MP=15
[INFO][2021-07-27 14:14:41][Server]User #2 x-Loc=150 y-Loc=300 xHead=1  Act=0 HP=110 MP=13
[INFO][2021-07-27 14:14:41][Server]client #1 transferred caotijing #4932
[INFO][2021-07-27 14:14:41][Server]Player #2 Attack Player #1. Got Damage 25pts.
        Now Player #1 HP is 280   MP is 15
            Player #2 HP is 110   MP is 15
[INFO][2021-07-27 14:14:41][Server]User #1 x-Loc=150 y-Loc=300 xHead=0  Act=16 HP=280 MP=15
[INFO][2021-07-27 14:14:41][Server]User #2 x-Loc=150 y-Loc=300 xHead=1  Act=10 HP=110 MP=15
[INFO][2021-07-27 14:14:41][Server]client #1 transferred caotijing #4932
[INFO][2021-07-27 14:14:41][Server]User #1 x-Loc=150 y-Loc=300 xHead=0  Act=16 HP=280 MP=15
[INFO][2021-07-27 14:14:41][Server]User #2 x-Loc=150 y-Loc=300 xHead=1  Act=0 HP=110 MP=15
[INFO][2021-07-27 14:14:42][Server]client #1 transferred caotijing #4932
[INFO][2021-07-27 14:14:42][Server]Player #2 Attack Player #1. Got Damage 25pts.
        Now Player #1 HP is 255   MP is 15
            Player #2 HP is 110   MP is 15
[INFO][2021-07-27 14:14:42][Server]User #1 x-Loc=150 y-Loc=300 xHead=0  Act=17 HP=255 MP=15
[INFO][2021-07-27 14:14:42][Server]User #2 x-Loc=150 y-Loc=300 xHead=1  Act=10 HP=110 MP=15
[INFO][2021-07-27 14:14:42][Server]client #1 transferred caotijing #4932
[INFO][2021-07-27 14:14:42][Server]User #1 x-Loc=150 y-Loc=300 xHead=0  Act=17 HP=255 MP=15
[INFO][2021-07-27 14:14:42][Server]User #2 x-Loc=150 y-Loc=300 xHead=1  Act=0 HP=110 MP=15
[INFO][2021-07-27 14:14:42][Server]client #1 transferred caotijing #4932
[INFO][2021-07-27 14:14:42][Server]Player #2 Attack Player #1. Got Damage 25pts.
        Now Player #1 HP is 230   MP is 15
            Player #2 HP is 110   MP is 15
[INFO][2021-07-27 14:14:42][Server]User #1 x-Loc=150 y-Loc=300 xHead=0  Act=0 HP=230 MP=15
[INFO][2021-07-27 14:14:42][Server]User #2 x-Loc=150 y-Loc=300 xHead=1  Act=10 HP=110 MP=15
[INFO][2021-07-27 14:14:42][Server]client #1 transferred caotijing #4932
[INFO][2021-07-27 14:14:42][Server]User #1 x-Loc=150 y-Loc=300 xHead=0  Act=0 HP=230 MP=15
[INFO][2021-07-27 14:14:42][Server]User #2 x-Loc=150 y-Loc=300 xHead=1  Act=0 HP=110 MP=15
[INFO][2021-07-27 14:14:42][Server]client #1 transferred caotijing #4932
[INFO][2021-07-27 14:14:42][Server]Player #2 Attack Player #1. Got Damage 25pts.
        Now Player #1 HP is 205   MP is 15
            Player #2 HP is 110   MP is 15
[INFO][2021-07-27 14:14:42][Server]User #1 x-Loc=150 y-Loc=300 xHead=0  Act=15 HP=205 MP=15
[INFO][2021-07-27 14:14:42][Server]User #2 x-Loc=150 y-Loc=300 xHead=1  Act=10 HP=110 MP=15
[INFO][2021-07-27 14:14:42][Server]client #1 transferred caotijing #4932
[INFO][2021-07-27 14:14:42][Server]User #1 x-Loc=150 y-Loc=300 xHead=0  Act=15 HP=205 MP=15
[INFO][2021-07-27 14:14:42][Server]User #2 x-Loc=150 y-Loc=300 xHead=1  Act=0 HP=110 MP=15
[INFO][2021-07-27 14:14:42][Server]client #1 transferred caotijing #4932
[INFO][2021-07-27 14:14:42][Server]Player #2 Attack Player #1. Got Damage 25pts.
        Now Player #1 HP is 180   MP is 15
            Player #2 HP is 110   MP is 15
[INFO][2021-07-27 14:14:42][Server]User #1 x-Loc=150 y-Loc=300 xHead=0  Act=16 HP=180 MP=15
[INFO][2021-07-27 14:14:42][Server]User #2 x-Loc=150 y-Loc=300 xHead=1  Act=10 HP=110 MP=15
[INFO][2021-07-27 14:14:42][Server]client #1 transferred caotijing #4932
[INFO][2021-07-27 14:14:42][Server]User #1 x-Loc=150 y-Loc=300 xHead=0  Act=16 HP=180 MP=15
[INFO][2021-07-27 14:14:42][Server]User #2 x-Loc=150 y-Loc=300 xHead=1  Act=0 HP=110 MP=15
[INFO][2021-07-27 14:14:42][Server]client #1 transferred caotijing #4932
[INFO][2021-07-27 14:14:42][Server]Player #2 Attack Player #1. Got Damage 25pts.
        Now Player #1 HP is 155   MP is 15
            Player #2 HP is 110   MP is 15
[INFO][2021-07-27 14:14:42][Server]User #1 x-Loc=150 y-Loc=300 xHead=0  Act=17 HP=155 MP=15
[INFO][2021-07-27 14:14:42][Server]User #2 x-Loc=150 y-Loc=300 xHead=1  Act=10 HP=110 MP=15
[INFO][2021-07-27 14:14:42][Server]client #1 transferred caotijing #4932
[INFO][2021-07-27 14:14:42][Server]User #1 x-Loc=150 y-Loc=300 xHead=0  Act=17 HP=155 MP=15
[INFO][2021-07-27 14:14:42][Server]User #2 x-Loc=150 y-Loc=300 xHead=1  Act=0 HP=110 MP=15
[INFO][2021-07-27 14:14:42][Server]client #1 transferred caotijing #4932
[INFO][2021-07-27 14:14:42][Server]Player #2 Attack Player #1. Got Damage 25pts.
        Now Player #1 HP is 130   MP is 15
            Player #2 HP is 110   MP is 15
[INFO][2021-07-27 14:14:42][Server]User #1 x-Loc=150 y-Loc=300 xHead=0  Act=0 HP=130 MP=15
[INFO][2021-07-27 14:14:42][Server]User #2 x-Loc=150 y-Loc=300 xHead=1  Act=10 HP=110 MP=15
[INFO][2021-07-27 14:14:43][Server]client #1 transferred caotijing #4932
[INFO][2021-07-27 14:14:43][Server]User #1 x-Loc=150 y-Loc=300 xHead=0  Act=0 HP=130 MP=15
[INFO][2021-07-27 14:14:43][Server]User #2 x-Loc=150 y-Loc=300 xHead=1  Act=0 HP=110 MP=15
[INFO][2021-07-27 14:14:43][Server]client #1 transferred caotijing #4932
[INFO][2021-07-27 14:14:43][Server]Player #2 Attack Player #1. Got Damage 25pts.
        Now Player #1 HP is 105   MP is 15
            Player #2 HP is 110   MP is 15
[INFO][2021-07-27 14:14:43][Server]User #1 x-Loc=150 y-Loc=300 xHead=0  Act=15 HP=105 MP=15
[INFO][2021-07-27 14:14:43][Server]User #2 x-Loc=150 y-Loc=300 xHead=1  Act=10 HP=110 MP=15
[INFO][2021-07-27 14:14:43][Server]client #1 transferred caotijing #4932
[INFO][2021-07-27 14:14:43][Server]User #1 x-Loc=150 y-Loc=300 xHead=0  Act=15 HP=105 MP=15
[INFO][2021-07-27 14:14:43][Server]User #2 x-Loc=150 y-Loc=300 xHead=1  Act=0 HP=110 MP=15
[INFO][2021-07-27 14:14:43][Server]client #1 transferred caotijing #4932
[INFO][2021-07-27 14:14:43][Server]Player #2 Attack Player #1. Got Damage 25pts.
        Now Player #1 HP is 80   MP is 15
            Player #2 HP is 110   MP is 15
[INFO][2021-07-27 14:14:43][Server]User #1 x-Loc=150 y-Loc=300 xHead=0  Act=16 HP=80 MP=15
[INFO][2021-07-27 14:14:43][Server]User #2 x-Loc=150 y-Loc=300 xHead=1  Act=10 HP=110 MP=15
[INFO][2021-07-27 14:14:43][Server]client #1 transferred caotijing #4932
[INFO][2021-07-27 14:14:43][Server]User #1 x-Loc=150 y-Loc=300 xHead=0  Act=16 HP=80 MP=15
[INFO][2021-07-27 14:14:43][Server]User #2 x-Loc=150 y-Loc=300 xHead=1  Act=0 HP=110 MP=15
[INFO][2021-07-27 14:14:43][Server]client #1 transferred caotijing #4932
[INFO][2021-07-27 14:14:43][Server]Player #2 Attack Player #1. Got Damage 25pts.
        Now Player #1 HP is 55   MP is 15
            Player #2 HP is 110   MP is 15
[INFO][2021-07-27 14:14:43][Server]User #1 x-Loc=150 y-Loc=300 xHead=0  Act=17 HP=55 MP=15
[INFO][2021-07-27 14:14:43][Server]User #2 x-Loc=150 y-Loc=300 xHead=1  Act=10 HP=110 MP=15
[INFO][2021-07-27 14:14:43][Server]client #1 transferred caotijing #4932
[INFO][2021-07-27 14:14:43][Server]User #1 x-Loc=150 y-Loc=300 xHead=0  Act=17 HP=55 MP=15
[INFO][2021-07-27 14:14:43][Server]User #2 x-Loc=150 y-Loc=300 xHead=1  Act=0 HP=110 MP=15
[INFO][2021-07-27 14:14:43][Server]client #1 transferred caotijing #4932
[INFO][2021-07-27 14:14:43][Server]Player #2 Attack Player #1. Got Damage 25pts.
        Now Player #1 HP is 30   MP is 15
            Player #2 HP is 110   MP is 15
[INFO][2021-07-27 14:14:43][Server]User #1 x-Loc=150 y-Loc=300 xHead=0  Act=0 HP=30 MP=15
[INFO][2021-07-27 14:14:43][Server]User #2 x-Loc=150 y-Loc=300 xHead=1  Act=10 HP=110 MP=15
[INFO][2021-07-27 14:14:43][Server]client #1 transferred caotijing #4932
[INFO][2021-07-27 14:14:43][Server]User #1 x-Loc=150 y-Loc=300 xHead=0  Act=0 HP=30 MP=15
[INFO][2021-07-27 14:14:43][Server]User #2 x-Loc=150 y-Loc=300 xHead=1  Act=0 HP=110 MP=15
[INFO][2021-07-27 14:14:44][Server]client #1 transferred caotijing #4932
[INFO][2021-07-27 14:14:44][Server]User #1 x-Loc=150 y-Loc=300 xHead=0  Act=0 HP=30 MP=15
[INFO][2021-07-27 14:14:44][Server]User #2 x-Loc=200 y-Loc=300 xHead=1  Act=1 HP=110 MP=15
[INFO][2021-07-27 14:14:44][Server]client #1 transferred caotijing #4932
[INFO][2021-07-27 14:14:44][Server]User #1 x-Loc=150 y-Loc=300 xHead=0  Act=0 HP=30 MP=15
[INFO][2021-07-27 14:14:44][Server]User #2 x-Loc=200 y-Loc=300 xHead=1  Act=0 HP=110 MP=15
[INFO][2021-07-27 14:14:44][Server]client #1 transferred caotijing #4932
[INFO][2021-07-27 14:14:44][Server]User #1 x-Loc=150 y-Loc=300 xHead=0  Act=0 HP=30 MP=15
[INFO][2021-07-27 14:14:44][Server]User #2 x-Loc=250 y-Loc=300 xHead=1  Act=1 HP=110 MP=15
[INFO][2021-07-27 14:14:44][Server]client #1 transferred caotijing #4932
[INFO][2021-07-27 14:14:44][Server]User #1 x-Loc=150 y-Loc=300 xHead=0  Act=0 HP=30 MP=15
[INFO][2021-07-27 14:14:44][Server]User #2 x-Loc=250 y-Loc=300 xHead=1  Act=0 HP=110 MP=15
[INFO][2021-07-27 14:14:44][Server]client #1 transferred caotijing #4932
[INFO][2021-07-27 14:14:44][Server]User #1 x-Loc=150 y-Loc=300 xHead=0  Act=0 HP=30 MP=15
[INFO][2021-07-27 14:14:44][Server]User #2 x-Loc=200 y-Loc=300 xHead=0  Act=1 HP=110 MP=15
[INFO][2021-07-27 14:14:44][Server]client #1 transferred caotijing #4932
[INFO][2021-07-27 14:14:44][Server]User #1 x-Loc=150 y-Loc=300 xHead=0  Act=0 HP=30 MP=15
[INFO][2021-07-27 14:14:44][Server]User #2 x-Loc=200 y-Loc=300 xHead=0  Act=0 HP=110 MP=15
[INFO][2021-07-27 14:14:44][Server]client #1 transferred caotijing #4932
[INFO][2021-07-27 14:14:44][Server]User #1 x-Loc=150 y-Loc=300 xHead=0  Act=0 HP=30 MP=15
[INFO][2021-07-27 14:14:44][Server]User #2 x-Loc=150 y-Loc=300 xHead=0  Act=1 HP=110 MP=15
[INFO][2021-07-27 14:14:44][Server]client #1 transferred caotijing #4932
[INFO][2021-07-27 14:14:44][Server]User #1 x-Loc=150 y-Loc=300 xHead=0  Act=0 HP=30 MP=15
[INFO][2021-07-27 14:14:44][Server]User #2 x-Loc=150 y-Loc=300 xHead=0  Act=0 HP=110 MP=15
[INFO][2021-07-27 14:14:45][Server]client #1 transferred caotijing #4932
[INFO][2021-07-27 14:14:45][Server]User #1 x-Loc=150 y-Loc=300 xHead=0  Act=0 HP=30 MP=15
[INFO][2021-07-27 14:14:45][Server]User #2 x-Loc=200 y-Loc=300 xHead=1  Act=1 HP=110 MP=15
[INFO][2021-07-27 14:14:45][Server]client #1 transferred caotijing #4932
[INFO][2021-07-27 14:14:45][Server]User #1 x-Loc=150 y-Loc=300 xHead=0  Act=0 HP=30 MP=15
[INFO][2021-07-27 14:14:45][Server]User #2 x-Loc=200 y-Loc=300 xHead=1  Act=0 HP=110 MP=15
[INFO][2021-07-27 14:14:49][Server]client #2 transferred chunli #218
[INFO][2021-07-27 14:14:49][Server]User #1 x-Loc=200 y-Loc=300 xHead=1  Act=1 HP=30 MP=15
[INFO][2021-07-27 14:14:49][Server]User #2 x-Loc=200 y-Loc=300 xHead=1  Act=0 HP=110 MP=15
[INFO][2021-07-27 14:14:49][Server]client #2 transferred chunli #218
[INFO][2021-07-27 14:14:49][Server]User #1 x-Loc=200 y-Loc=300 xHead=1  Act=0 HP=30 MP=15
[INFO][2021-07-27 14:14:49][Server]User #2 x-Loc=200 y-Loc=300 xHead=1  Act=0 HP=110 MP=15
[INFO][2021-07-27 14:14:49][Server]client #2 transferred chunli #218
[INFO][2021-07-27 14:14:49][Server]User #1 x-Loc=250 y-Loc=300 xHead=1  Act=1 HP=30 MP=15
[INFO][2021-07-27 14:14:49][Server]User #2 x-Loc=200 y-Loc=300 xHead=1  Act=0 HP=110 MP=15
[INFO][2021-07-27 14:14:49][Server]client #2 transferred chunli #218
[INFO][2021-07-27 14:14:49][Server]User #1 x-Loc=250 y-Loc=300 xHead=1  Act=0 HP=30 MP=15
[INFO][2021-07-27 14:14:49][Server]User #2 x-Loc=200 y-Loc=300 xHead=1  Act=0 HP=110 MP=15
[INFO][2021-07-27 14:14:49][Server]client #2 transferred chunli #218
[INFO][2021-07-27 14:14:49][Server]User #1 x-Loc=300 y-Loc=300 xHead=1  Act=1 HP=30 MP=15
[INFO][2021-07-27 14:14:49][Server]User #2 x-Loc=200 y-Loc=300 xHead=1  Act=0 HP=110 MP=15
[INFO][2021-07-27 14:14:49][Server]client #2 transferred chunli #218
[INFO][2021-07-27 14:14:49][Server]User #1 x-Loc=300 y-Loc=300 xHead=1  Act=0 HP=30 MP=15
[INFO][2021-07-27 14:14:49][Server]User #2 x-Loc=200 y-Loc=300 xHead=1  Act=0 HP=110 MP=15
[INFO][2021-07-27 14:14:49][Server]client #2 transferred chunli #218
[INFO][2021-07-27 14:14:49][Server]User #1 x-Loc=350 y-Loc=300 xHead=1  Act=1 HP=30 MP=15
[INFO][2021-07-27 14:14:49][Server]User #2 x-Loc=200 y-Loc=300 xHead=1  Act=0 HP=110 MP=15
[INFO][2021-07-27 14:14:49][Server]client #2 transferred chunli #218
[INFO][2021-07-27 14:14:49][Server]User #1 x-Loc=350 y-Loc=300 xHead=1  Act=0 HP=30 MP=15
[INFO][2021-07-27 14:14:49][Server]User #2 x-Loc=200 y-Loc=300 xHead=1  Act=0 HP=110 MP=15
[INFO][2021-07-27 14:14:50][Server]client #2 transferred chunli #218
[INFO][2021-07-27 14:14:50][Server]User #1 x-Loc=300 y-Loc=300 xHead=0  Act=1 HP=30 MP=15
[INFO][2021-07-27 14:14:50][Server]User #2 x-Loc=200 y-Loc=300 xHead=1  Act=0 HP=110 MP=15
[INFO][2021-07-27 14:14:50][Server]client #2 transferred chunli #218
[INFO][2021-07-27 14:14:50][Server]User #1 x-Loc=300 y-Loc=300 xHead=0  Act=0 HP=30 MP=15
[INFO][2021-07-27 14:14:50][Server]User #2 x-Loc=200 y-Loc=300 xHead=1  Act=0 HP=110 MP=15
[INFO][2021-07-27 14:14:50][Server]client #2 transferred chunli #218
[INFO][2021-07-27 14:14:50][Server]User #1 x-Loc=250 y-Loc=300 xHead=0  Act=1 HP=30 MP=15
[INFO][2021-07-27 14:14:50][Server]User #2 x-Loc=200 y-Loc=300 xHead=1  Act=0 HP=110 MP=15
[INFO][2021-07-27 14:14:50][Server]client #2 transferred chunli #218
[INFO][2021-07-27 14:14:50][Server]User #1 x-Loc=250 y-Loc=300 xHead=0  Act=0 HP=30 MP=15
[INFO][2021-07-27 14:14:50][Server]User #2 x-Loc=200 y-Loc=300 xHead=1  Act=0 HP=110 MP=15
[INFO][2021-07-27 14:14:50][Server]client #2 transferred chunli #218
[INFO][2021-07-27 14:14:50][Server]User #1 x-Loc=200 y-Loc=300 xHead=0  Act=1 HP=30 MP=15
[INFO][2021-07-27 14:14:50][Server]User #2 x-Loc=200 y-Loc=300 xHead=1  Act=0 HP=110 MP=15
[INFO][2021-07-27 14:14:51][Server]client #2 transferred chunli #218
[INFO][2021-07-27 14:14:51][Server]User #1 x-Loc=200 y-Loc=300 xHead=0  Act=0 HP=30 MP=15
[INFO][2021-07-27 14:14:51][Server]User #2 x-Loc=200 y-Loc=300 xHead=1  Act=0 HP=110 MP=15
[INFO][2021-07-27 14:14:51][Server]client #2 transferred chunli #218
[INFO][2021-07-27 14:14:51][Server]User #1 x-Loc=150 y-Loc=300 xHead=0  Act=1 HP=30 MP=15
[INFO][2021-07-27 14:14:51][Server]User #2 x-Loc=200 y-Loc=300 xHead=1  Act=0 HP=110 MP=15
[INFO][2021-07-27 14:14:51][Server]client #2 transferred chunli #218
[INFO][2021-07-27 14:14:51][Server]User #1 x-Loc=150 y-Loc=300 xHead=0  Act=0 HP=30 MP=15
[INFO][2021-07-27 14:14:51][Server]User #2 x-Loc=200 y-Loc=300 xHead=1  Act=0 HP=110 MP=15
[INFO][2021-07-27 14:14:51][Server]client #2 transferred chunli #218
[INFO][2021-07-27 14:14:51][Server]User #1 x-Loc=100 y-Loc=300 xHead=0  Act=1 HP=30 MP=15
[INFO][2021-07-27 14:14:51][Server]User #2 x-Loc=200 y-Loc=300 xHead=1  Act=0 HP=110 MP=15
[INFO][2021-07-27 14:14:51][Server]client #2 transferred chunli #218
[INFO][2021-07-27 14:14:51][Server]User #1 x-Loc=100 y-Loc=300 xHead=0  Act=0 HP=30 MP=15
[INFO][2021-07-27 14:14:51][Server]User #2 x-Loc=200 y-Loc=300 xHead=1  Act=0 HP=110 MP=15
[INFO][2021-07-27 14:14:52][Server]client #2 transferred chunli #218
[INFO][2021-07-27 14:14:52][Server]User #1 x-Loc=150 y-Loc=300 xHead=1  Act=1 HP=30 MP=15
[INFO][2021-07-27 14:14:52][Server]User #2 x-Loc=200 y-Loc=300 xHead=1  Act=0 HP=110 MP=15
[INFO][2021-07-27 14:14:52][Server]client #2 transferred chunli #218
[INFO][2021-07-27 14:14:52][Server]User #1 x-Loc=150 y-Loc=300 xHead=1  Act=0 HP=30 MP=15
[INFO][2021-07-27 14:14:52][Server]User #2 x-Loc=200 y-Loc=300 xHead=1  Act=0 HP=110 MP=15
[INFO][2021-07-27 14:14:52][Server]client #2 transferred chunli #218
[INFO][2021-07-27 14:14:52][Server]User #1 x-Loc=200 y-Loc=300 xHead=1  Act=1 HP=30 MP=15
[INFO][2021-07-27 14:14:52][Server]User #2 x-Loc=200 y-Loc=300 xHead=1  Act=0 HP=110 MP=15
[INFO][2021-07-27 14:14:52][Server]client #2 transferred chunli #218
[INFO][2021-07-27 14:14:52][Server]User #1 x-Loc=200 y-Loc=300 xHead=1  Act=0 HP=30 MP=15
[INFO][2021-07-27 14:14:52][Server]User #2 x-Loc=200 y-Loc=300 xHead=1  Act=0 HP=110 MP=15
[INFO][2021-07-27 14:14:52][Server]client #2 transferred chunli #218
[INFO][2021-07-27 14:14:52][Server]User #1 x-Loc=250 y-Loc=300 xHead=1  Act=1 HP=30 MP=15
[INFO][2021-07-27 14:14:52][Server]User #2 x-Loc=200 y-Loc=300 xHead=1  Act=0 HP=110 MP=15
[INFO][2021-07-27 14:14:53][Server]client #2 transferred chunli #218
[INFO][2021-07-27 14:14:53][Server]User #1 x-Loc=250 y-Loc=300 xHead=1  Act=0 HP=30 MP=15
[INFO][2021-07-27 14:14:53][Server]User #2 x-Loc=200 y-Loc=300 xHead=1  Act=0 HP=110 MP=15
[INFO][2021-07-27 14:14:53][Server]client #2 transferred chunli #218
[INFO][2021-07-27 14:14:53][Server]User #1 x-Loc=300 y-Loc=300 xHead=1  Act=1 HP=30 MP=15
[INFO][2021-07-27 14:14:53][Server]User #2 x-Loc=200 y-Loc=300 xHead=1  Act=0 HP=110 MP=15
[INFO][2021-07-27 14:14:53][Server]client #2 transferred chunli #218
[INFO][2021-07-27 14:14:53][Server]User #1 x-Loc=300 y-Loc=300 xHead=1  Act=0 HP=30 MP=15
[INFO][2021-07-27 14:14:53][Server]User #2 x-Loc=200 y-Loc=300 xHead=1  Act=0 HP=110 MP=15
[INFO][2021-07-27 14:14:54][Server]client #1 transferred caotijing #4932
[INFO][2021-07-27 14:14:54][Server]User #1 x-Loc=300 y-Loc=300 xHead=1  Act=0 HP=30 MP=15
[INFO][2021-07-27 14:14:54][Server]User #2 x-Loc=250 y-Loc=300 xHead=1  Act=1 HP=110 MP=15
[INFO][2021-07-27 14:14:54][Server]client #1 transferred caotijing #4932
[INFO][2021-07-27 14:14:54][Server]User #1 x-Loc=300 y-Loc=300 xHead=1  Act=0 HP=30 MP=15
[INFO][2021-07-27 14:14:54][Server]User #2 x-Loc=250 y-Loc=300 xHead=1  Act=0 HP=110 MP=15
[INFO][2021-07-27 14:14:57][Server]client #2 transferred chunli #218
[INFO][2021-07-27 14:14:57][Server]User #1 x-Loc=250 y-Loc=300 xHead=0  Act=1 HP=30 MP=15
[INFO][2021-07-27 14:14:57][Server]User #2 x-Loc=250 y-Loc=300 xHead=1  Act=0 HP=110 MP=15
[INFO][2021-07-27 14:14:57][Server]client #2 transferred chunli #218
[INFO][2021-07-27 14:14:57][Server]User #1 x-Loc=250 y-Loc=300 xHead=0  Act=0 HP=30 MP=15
[INFO][2021-07-27 14:14:57][Server]User #2 x-Loc=250 y-Loc=300 xHead=1  Act=0 HP=110 MP=15
[INFO][2021-07-27 14:14:57][Server]client #2 transferred chunli #218
[INFO][2021-07-27 14:14:57][Server]User #1 x-Loc=200 y-Loc=300 xHead=0  Act=1 HP=30 MP=15
[INFO][2021-07-27 14:14:57][Server]User #2 x-Loc=250 y-Loc=300 xHead=1  Act=0 HP=110 MP=15
[INFO][2021-07-27 14:14:57][Server]client #2 transferred chunli #218
[INFO][2021-07-27 14:14:57][Server]User #1 x-Loc=200 y-Loc=300 xHead=0  Act=0 HP=30 MP=15
[INFO][2021-07-27 14:14:57][Server]User #2 x-Loc=250 y-Loc=300 xHead=1  Act=0 HP=110 MP=15
[INFO][2021-07-27 14:14:57][Server]client #2 transferred chunli #218
[INFO][2021-07-27 14:14:57][Server]User #1 x-Loc=150 y-Loc=300 xHead=0  Act=1 HP=30 MP=15
[INFO][2021-07-27 14:14:57][Server]User #2 x-Loc=250 y-Loc=300 xHead=1  Act=0 HP=110 MP=15
[INFO][2021-07-27 14:14:57][Server]client #2 transferred chunli #218
[INFO][2021-07-27 14:14:57][Server]User #1 x-Loc=150 y-Loc=300 xHead=0  Act=0 HP=30 MP=15
[INFO][2021-07-27 14:14:57][Server]User #2 x-Loc=250 y-Loc=300 xHead=1  Act=0 HP=110 MP=15
[INFO][2021-07-27 14:15:04][Server]client #1 transferred caotijing #4932
[INFO][2021-07-27 14:15:04][Server]User #1 x-Loc=150 y-Loc=300 xHead=0  Act=0 HP=30 MP=15
[INFO][2021-07-27 14:15:04][Server]User #2 x-Loc=300 y-Loc=300 xHead=1  Act=1 HP=110 MP=15
[INFO][2021-07-27 14:15:04][Server]client #1 transferred caotijing #4932
[INFO][2021-07-27 14:15:04][Server]User #1 x-Loc=150 y-Loc=300 xHead=0  Act=0 HP=30 MP=15
[INFO][2021-07-27 14:15:04][Server]User #2 x-Loc=300 y-Loc=300 xHead=1  Act=0 HP=110 MP=15
[INFO][2021-07-27 14:15:04][Server]client #1 transferred caotijing #4932
[INFO][2021-07-27 14:15:04][Server]User #1 x-Loc=150 y-Loc=300 xHead=0  Act=0 HP=30 MP=15
[INFO][2021-07-27 14:15:04][Server]User #2 x-Loc=250 y-Loc=300 xHead=0  Act=1 HP=110 MP=15
[INFO][2021-07-27 14:15:04][Server]client #1 transferred caotijing #4932
[INFO][2021-07-27 14:15:04][Server]User #1 x-Loc=150 y-Loc=300 xHead=0  Act=0 HP=30 MP=15
[INFO][2021-07-27 14:15:04][Server]User #2 x-Loc=250 y-Loc=300 xHead=0  Act=0 HP=110 MP=15
[INFO][2021-07-27 14:15:04][Server]client #1 transferred caotijing #4932
[INFO][2021-07-27 14:15:04][Server]User #1 x-Loc=150 y-Loc=300 xHead=0  Act=0 HP=30 MP=15
[INFO][2021-07-27 14:15:04][Server]User #2 x-Loc=200 y-Loc=300 xHead=0  Act=1 HP=110 MP=15
[INFO][2021-07-27 14:15:04][Server]client #1 transferred caotijing #4932
[INFO][2021-07-27 14:15:04][Server]User #1 x-Loc=150 y-Loc=300 xHead=0  Act=0 HP=30 MP=15
[INFO][2021-07-27 14:15:04][Server]User #2 x-Loc=200 y-Loc=300 xHead=0  Act=0 HP=110 MP=15
[INFO][2021-07-27 14:15:04][Server]client #1 transferred caotijing #4932
[INFO][2021-07-27 14:15:04][Server]User #1 x-Loc=150 y-Loc=300 xHead=0  Act=0 HP=30 MP=15
[INFO][2021-07-27 14:15:04][Server]User #2 x-Loc=150 y-Loc=300 xHead=0  Act=1 HP=110 MP=15
[INFO][2021-07-27 14:15:05][Server]client #1 transferred caotijing #4932
[INFO][2021-07-27 14:15:05][Server]User #1 x-Loc=150 y-Loc=300 xHead=0  Act=0 HP=30 MP=15
[INFO][2021-07-27 14:15:05][Server]User #2 x-Loc=150 y-Loc=300 xHead=0  Act=0 HP=110 MP=15
[INFO][2021-07-27 14:15:05][Server]client #1 transferred caotijing #4932
[INFO][2021-07-27 14:15:05][Server]Player #2 Attack Player #1. Got Damage 25pts.
        Now Player #1 HP is 5   MP is 15
            Player #2 HP is 110   MP is 15
[INFO][2021-07-27 14:15:05][Server]User #1 x-Loc=150 y-Loc=300 xHead=0  Act=15 HP=5 MP=15
[INFO][2021-07-27 14:15:05][Server]User #2 x-Loc=150 y-Loc=300 xHead=0  Act=10 HP=110 MP=15
[INFO][2021-07-27 14:15:05][Server]client #1 transferred caotijing #4932
[INFO][2021-07-27 14:15:05][Server]User #1 x-Loc=150 y-Loc=300 xHead=0  Act=15 HP=5 MP=15
[INFO][2021-07-27 14:15:05][Server]User #2 x-Loc=150 y-Loc=300 xHead=0  Act=0 HP=110 MP=15
[INFO][2021-07-27 14:15:06][Server]client #1 transferred caotijing #4932
[INFO][2021-07-27 14:15:06][Server]Player #2 Attack Player #1. Got Damage 75pts.
        Now Player #1 HP is -70   MP is 15
            Player #2 HP is 110   MP is 3
[INFO][2021-07-27 14:15:06][Server]User #1 x-Loc=150 y-Loc=300 xHead=0  Act=16 HP=-70 MP=15
[INFO][2021-07-27 14:15:06][Server]User #2 x-Loc=150 y-Loc=300 xHead=0  Act=12 HP=110 MP=3
[INFO][2021-07-27 14:15:06][Server]BYE, client 1 ! 
[WARNING][2021-07-27 14:15:06][Server]client 2 Exception ! 
