[INFO][2021-07-26 20:03:44][Server]Server started.
[INFO][2021-07-26 20:03:51][Server]client #1 transferred chunli #390
[INFO][2021-07-26 20:03:56][Server]client #2 transferred bashenan #5392
[INFO][2021-07-26 20:03:56][Server]User #1 x-Loc=50 y-Loc=300 xHead=1  Act=0 HP=100 MP=0
[INFO][2021-07-26 20:03:56][Server]User #2 x-Loc=700 y-Loc=300 xHead=0  Act=0 HP=100 MP=0
[INFO][2021-07-26 20:03:56][Server]client #1 transferred chunli #390
[INFO][2021-07-26 20:03:56][Server]User #1 x-Loc=50 y-Loc=300 xHead=1  Act=0 HP=100 MP=0
[INFO][2021-07-26 20:03:56][Server]User #2 x-Loc=700 y-Loc=300 xHead=0  Act=0 HP=100 MP=0
[INFO][2021-07-26 20:03:56][Server]client #2 transferred bashenan #5392
[INFO][2021-07-26 20:03:56][Server]User #1 x-Loc=50 y-Loc=300 xHead=1  Act=0 HP=100 MP=0
[INFO][2021-07-26 20:03:56][Server]User #2 x-Loc=700 y-Loc=300 xHead=0  Act=0 HP=100 MP=0
[INFO][2021-07-26 20:03:58][Server]client #2 transferred bashenan #5392
[INFO][2021-07-26 20:03:58][Server]User #1 x-Loc=50 y-Loc=300 xHead=1  Act=0 HP=100 MP=0
[INFO][2021-07-26 20:03:58][Server]User #2 x-Loc=650 y-Loc=300 xHead=0  Act=1 HP=100 MP=0
[INFO][2021-07-26 20:03:58][Server]client #2 transferred bashenan #5392
[INFO][2021-07-26 20:03:58][Server]User #1 x-Loc=50 y-Loc=300 xHead=1  Act=0 HP=100 MP=0
[INFO][2021-07-26 20:03:58][Server]User #2 x-Loc=650 y-Loc=300 xHead=0  Act=0 HP=100 MP=0
[INFO][2021-07-26 20:03:58][Server]client #2 transferred bashenan #5392
[INFO][2021-07-26 20:03:58][Server]User #1 x-Loc=50 y-Loc=300 xHead=1  Act=0 HP=100 MP=0
[INFO][2021-07-26 20:03:58][Server]User #2 x-Loc=600 y-Loc=300 xHead=0  Act=1 HP=100 MP=0
[INFO][2021-07-26 20:03:58][Server]client #2 transferred bashenan #5392
[INFO][2021-07-26 20:03:58][Server]User #1 x-Loc=50 y-Loc=300 xHead=1  Act=0 HP=100 MP=0
[INFO][2021-07-26 20:03:58][Server]User #2 x-Loc=600 y-Loc=300 xHead=0  Act=0 HP=100 MP=0
[INFO][2021-07-26 20:03:59][Server]client #2 transferred bashenan #5392
[INFO][2021-07-26 20:03:59][Server]User #1 x-Loc=50 y-Loc=300 xHead=1  Act=0 HP=100 MP=0
[INFO][2021-07-26 20:03:59][Server]User #2 x-Loc=550 y-Loc=300 xHead=0  Act=1 HP=100 MP=0
[INFO][2021-07-26 20:03:59][Server]client #2 transferred bashenan #5392
[INFO][2021-07-26 20:03:59][Server]User #1 x-Loc=50 y-Loc=300 xHead=1  Act=0 HP=100 MP=0
[INFO][2021-07-26 20:03:59][Server]User #2 x-Loc=550 y-Loc=300 xHead=0  Act=0 HP=100 MP=0
[INFO][2021-07-26 20:03:59][Server]client #2 transferred bashenan #5392
[INFO][2021-07-26 20:03:59][Server]User #1 x-Loc=50 y-Loc=300 xHead=1  Act=0 HP=100 MP=0
[INFO][2021-07-26 20:03:59][Server]User #2 x-Loc=500 y-Loc=300 xHead=0  Act=1 HP=100 MP=0
[INFO][2021-07-26 20:03:59][Server]client #2 transferred bashenan #5392
[INFO][2021-07-26 20:03:59][Server]User #1 x-Loc=50 y-Loc=300 xHead=1  Act=0 HP=100 MP=0
[INFO][2021-07-26 20:03:59][Server]User #2 x-Loc=500 y-Loc=300 xHead=0  Act=0 HP=100 MP=0
[INFO][2021-07-26 20:03:59][Server]client #2 transferred bashenan #5392
[INFO][2021-07-26 20:03:59][Server]User #1 x-Loc=50 y-Loc=300 xHead=1  Act=0 HP=100 MP=0
[INFO][2021-07-26 20:03:59][Server]User #2 x-Loc=450 y-Loc=300 xHead=0  Act=1 HP=100 MP=0
[INFO][2021-07-26 20:03:59][Server]client #2 transferred bashenan #5392
[INFO][2021-07-26 20:03:59][Server]User #1 x-Loc=50 y-Loc=300 xHead=1  Act=0 HP=100 MP=0
[INFO][2021-07-26 20:03:59][Server]User #2 x-Loc=450 y-Loc=300 xHead=0  Act=0 HP=100 MP=0
[INFO][2021-07-26 20:03:59][Server]client #2 transferred bashenan #5392
[INFO][2021-07-26 20:03:59][Server]User #1 x-Loc=50 y-Loc=300 xHead=1  Act=0 HP=100 MP=0
[INFO][2021-07-26 20:03:59][Server]User #2 x-Loc=400 y-Loc=300 xHead=0  Act=1 HP=100 MP=0
[INFO][2021-07-26 20:03:59][Server]client #2 transferred bashenan #5392
[INFO][2021-07-26 20:03:59][Server]User #1 x-Loc=50 y-Loc=300 xHead=1  Act=0 HP=100 MP=0
[INFO][2021-07-26 20:03:59][Server]User #2 x-Loc=400 y-Loc=300 xHead=0  Act=0 HP=100 MP=0
[INFO][2021-07-26 20:03:59][Server]client #2 transferred bashenan #5392
[INFO][2021-07-26 20:03:59][Server]User #1 x-Loc=50 y-Loc=300 xHead=1  Act=0 HP=100 MP=0
[INFO][2021-07-26 20:03:59][Server]User #2 x-Loc=350 y-Loc=300 xHead=0  Act=1 HP=100 MP=0
[INFO][2021-07-26 20:03:59][Server]client #2 transferred bashenan #5392
[INFO][2021-07-26 20:03:59][Server]User #1 x-Loc=50 y-Loc=300 xHead=1  Act=0 HP=100 MP=0
[INFO][2021-07-26 20:03:59][Server]User #2 x-Loc=350 y-Loc=300 xHead=0  Act=0 HP=100 MP=0
[INFO][2021-07-26 20:03:59][Server]client #2 transferred bashenan #5392
[INFO][2021-07-26 20:03:59][Server]User #1 x-Loc=50 y-Loc=300 xHead=1  Act=0 HP=100 MP=0
[INFO][2021-07-26 20:03:59][Server]User #2 x-Loc=300 y-Loc=300 xHead=0  Act=1 HP=100 MP=0
[INFO][2021-07-26 20:03:59][Server]client #2 transferred bashenan #5392
[INFO][2021-07-26 20:03:59][Server]User #1 x-Loc=50 y-Loc=300 xHead=1  Act=0 HP=100 MP=0
[INFO][2021-07-26 20:03:59][Server]User #2 x-Loc=300 y-Loc=300 xHead=0  Act=0 HP=100 MP=0
[INFO][2021-07-26 20:03:59][Server]client #2 transferred bashenan #5392
[INFO][2021-07-26 20:03:59][Server]User #1 x-Loc=50 y-Loc=300 xHead=1  Act=0 HP=100 MP=0
[INFO][2021-07-26 20:03:59][Server]User #2 x-Loc=250 y-Loc=300 xHead=0  Act=1 HP=100 MP=0
[INFO][2021-07-26 20:03:59][Server]client #2 transferred bashenan #5392
[INFO][2021-07-26 20:03:59][Server]User #1 x-Loc=50 y-Loc=300 xHead=1  Act=0 HP=100 MP=0
[INFO][2021-07-26 20:03:59][Server]User #2 x-Loc=250 y-Loc=300 xHead=0  Act=0 HP=100 MP=0
[INFO][2021-07-26 20:03:59][Server]client #2 transferred bashenan #5392
[INFO][2021-07-26 20:03:59][Server]User #1 x-Loc=50 y-Loc=300 xHead=1  Act=0 HP=100 MP=0
[INFO][2021-07-26 20:03:59][Server]User #2 x-Loc=200 y-Loc=300 xHead=0  Act=1 HP=100 MP=0
[INFO][2021-07-26 20:03:59][Server]client #2 transferred bashenan #5392
[INFO][2021-07-26 20:03:59][Server]User #1 x-Loc=50 y-Loc=300 xHead=1  Act=0 HP=100 MP=0
[INFO][2021-07-26 20:03:59][Server]User #2 x-Loc=200 y-Loc=300 xHead=0  Act=0 HP=100 MP=0
[INFO][2021-07-26 20:04:00][Server]client #2 transferred bashenan #5392
[INFO][2021-07-26 20:04:00][Server]User #1 x-Loc=50 y-Loc=300 xHead=1  Act=0 HP=100 MP=0
[INFO][2021-07-26 20:04:00][Server]User #2 x-Loc=150 y-Loc=300 xHead=0  Act=1 HP=100 MP=0
[INFO][2021-07-26 20:04:00][Server]client #2 transferred bashenan #5392
[INFO][2021-07-26 20:04:00][Server]User #1 x-Loc=50 y-Loc=300 xHead=1  Act=0 HP=100 MP=0
[INFO][2021-07-26 20:04:00][Server]User #2 x-Loc=150 y-Loc=300 xHead=0  Act=0 HP=100 MP=0
[INFO][2021-07-26 20:04:00][Server]client #2 transferred bashenan #5392
[INFO][2021-07-26 20:04:00][Server]User #1 x-Loc=50 y-Loc=300 xHead=1  Act=0 HP=100 MP=0
[INFO][2021-07-26 20:04:00][Server]User #2 x-Loc=100 y-Loc=300 xHead=0  Act=1 HP=100 MP=0
[INFO][2021-07-26 20:04:00][Server]client #2 transferred bashenan #5392
[INFO][2021-07-26 20:04:00][Server]User #1 x-Loc=50 y-Loc=300 xHead=1  Act=0 HP=100 MP=0
[INFO][2021-07-26 20:04:00][Server]User #2 x-Loc=100 y-Loc=300 xHead=0  Act=0 HP=100 MP=0
[INFO][2021-07-26 20:04:01][Server]client #2 transferred bashenan #5392
[INFO][2021-07-26 20:04:01][Server]Player #2 Attack Player #1. Got Damage 10pts.
        Now Player #1 HP is 90   MP is 1
            Player #2 HP is 100   MP is 3
[INFO][2021-07-26 20:04:01][Server]User #1 x-Loc=50 y-Loc=300 xHead=1  Act=15 HP=90 MP=1
[INFO][2021-07-26 20:04:01][Server]User #2 x-Loc=100 y-Loc=300 xHead=0  Act=10 HP=100 MP=3
[INFO][2021-07-26 20:04:01][Server]client #2 transferred bashenan #5392
[INFO][2021-07-26 20:04:01][Server]User #1 x-Loc=50 y-Loc=300 xHead=1  Act=15 HP=90 MP=1
[INFO][2021-07-26 20:04:01][Server]User #2 x-Loc=100 y-Loc=300 xHead=0  Act=0 HP=100 MP=3
[INFO][2021-07-26 20:04:02][Server]client #2 transferred bashenan #5392
[INFO][2021-07-26 20:04:02][Server]Player #2 Attack Player #1. Got Damage 10pts.
        Now Player #1 HP is 80   MP is 2
            Player #2 HP is 100   MP is 6
[INFO][2021-07-26 20:04:02][Server]User #1 x-Loc=50 y-Loc=300 xHead=1  Act=16 HP=80 MP=2
[INFO][2021-07-26 20:04:02][Server]User #2 x-Loc=100 y-Loc=300 xHead=0  Act=10 HP=100 MP=6
[INFO][2021-07-26 20:04:02][Server]client #2 transferred bashenan #5392
[INFO][2021-07-26 20:04:02][Server]User #1 x-Loc=50 y-Loc=300 xHead=1  Act=16 HP=80 MP=2
[INFO][2021-07-26 20:04:02][Server]User #2 x-Loc=100 y-Loc=300 xHead=0  Act=0 HP=100 MP=6
[INFO][2021-07-26 20:04:02][Server]client #2 transferred bashenan #5392
[INFO][2021-07-26 20:04:02][Server]Player #2 Attack Player #1. Got Damage 10pts.
        Now Player #1 HP is 70   MP is 3
            Player #2 HP is 100   MP is 9
[INFO][2021-07-26 20:04:02][Server]User #1 x-Loc=50 y-Loc=300 xHead=1  Act=17 HP=70 MP=3
[INFO][2021-07-26 20:04:02][Server]User #2 x-Loc=100 y-Loc=300 xHead=0  Act=10 HP=100 MP=9
[INFO][2021-07-26 20:04:02][Server]client #2 transferred bashenan #5392
[INFO][2021-07-26 20:04:02][Server]User #1 x-Loc=50 y-Loc=300 xHead=1  Act=17 HP=70 MP=3
[INFO][2021-07-26 20:04:02][Server]User #2 x-Loc=100 y-Loc=300 xHead=0  Act=0 HP=100 MP=9
[INFO][2021-07-26 20:04:03][Server]client #2 transferred bashenan #5392
[INFO][2021-07-26 20:04:03][Server]Player #2 Attack Player #1. Got Damage 10pts.
        Now Player #1 HP is 60   MP is 4
            Player #2 HP is 100   MP is 12
[INFO][2021-07-26 20:04:03][Server]User #1 x-Loc=50 y-Loc=300 xHead=1  Act=0 HP=60 MP=4
[INFO][2021-07-26 20:04:03][Server]User #2 x-Loc=100 y-Loc=300 xHead=0  Act=10 HP=100 MP=12
[INFO][2021-07-26 20:04:03][Server]client #2 transferred bashenan #5392
[INFO][2021-07-26 20:04:03][Server]User #1 x-Loc=50 y-Loc=300 xHead=1  Act=0 HP=60 MP=4
[INFO][2021-07-26 20:04:03][Server]User #2 x-Loc=100 y-Loc=300 xHead=0  Act=0 HP=100 MP=12
[INFO][2021-07-26 20:04:05][Server]client #2 transferred bashenan #5392
[INFO][2021-07-26 20:04:05][Server]User #1 x-Loc=50 y-Loc=300 xHead=1  Act=0 HP=60 MP=4
[INFO][2021-07-26 20:04:05][Server]User #2 x-Loc=150 y-Loc=300 xHead=1  Act=1 HP=100 MP=12
[INFO][2021-07-26 20:04:05][Server]client #2 transferred bashenan #5392
[INFO][2021-07-26 20:04:05][Server]User #1 x-Loc=50 y-Loc=300 xHead=1  Act=0 HP=60 MP=4
[INFO][2021-07-26 20:04:05][Server]User #2 x-Loc=150 y-Loc=300 xHead=1  Act=0 HP=100 MP=12
[INFO][2021-07-26 20:04:06][Server]client #2 transferred bashenan #5392
[INFO][2021-07-26 20:04:06][Server]User #1 x-Loc=50 y-Loc=300 xHead=1  Act=0 HP=60 MP=4
[INFO][2021-07-26 20:04:06][Server]User #2 x-Loc=100 y-Loc=300 xHead=0  Act=1 HP=100 MP=12
[INFO][2021-07-26 20:04:06][Server]client #2 transferred bashenan #5392
[INFO][2021-07-26 20:04:06][Server]User #1 x-Loc=50 y-Loc=300 xHead=1  Act=0 HP=60 MP=4
[INFO][2021-07-26 20:04:06][Server]User #2 x-Loc=100 y-Loc=300 xHead=0  Act=0 HP=100 MP=12
[INFO][2021-07-26 20:04:07][Server]client #2 transferred bashenan #5392
[INFO][2021-07-26 20:04:07][Server]Player #2 Attack Player #1. Got Damage 10pts.
        Now Player #1 HP is 50   MP is 5
            Player #2 HP is 100   MP is 15
[INFO][2021-07-26 20:04:07][Server]User #1 x-Loc=50 y-Loc=300 xHead=1  Act=15 HP=50 MP=5
[INFO][2021-07-26 20:04:07][Server]User #2 x-Loc=100 y-Loc=300 xHead=0  Act=10 HP=100 MP=15
[INFO][2021-07-26 20:04:07][Server]client #2 transferred bashenan #5392
[INFO][2021-07-26 20:04:07][Server]User #1 x-Loc=50 y-Loc=300 xHead=1  Act=15 HP=50 MP=5
[INFO][2021-07-26 20:04:07][Server]User #2 x-Loc=100 y-Loc=300 xHead=0  Act=0 HP=100 MP=15
[INFO][2021-07-26 20:04:11][Server]client #1 transferred chunli #390
[INFO][2021-07-26 20:04:11][Server]User #1 x-Loc=100 y-Loc=300 xHead=1  Act=1 HP=50 MP=5
[INFO][2021-07-26 20:04:11][Server]User #2 x-Loc=100 y-Loc=300 xHead=0  Act=0 HP=100 MP=15
[INFO][2021-07-26 20:04:11][Server]client #1 transferred chunli #390
[INFO][2021-07-26 20:04:11][Server]User #1 x-Loc=100 y-Loc=300 xHead=1  Act=0 HP=50 MP=5
[INFO][2021-07-26 20:04:11][Server]User #2 x-Loc=100 y-Loc=300 xHead=0  Act=0 HP=100 MP=15
[INFO][2021-07-26 20:04:12][Server]client #1 transferred chunli #390
[INFO][2021-07-26 20:04:12][Server]User #1 x-Loc=150 y-Loc=300 xHead=1  Act=1 HP=50 MP=5
[INFO][2021-07-26 20:04:12][Server]User #2 x-Loc=100 y-Loc=300 xHead=0  Act=0 HP=100 MP=15
[INFO][2021-07-26 20:04:12][Server]client #1 transferred chunli #390
[INFO][2021-07-26 20:04:12][Server]User #1 x-Loc=150 y-Loc=300 xHead=1  Act=0 HP=50 MP=5
[INFO][2021-07-26 20:04:12][Server]User #2 x-Loc=100 y-Loc=300 xHead=0  Act=0 HP=100 MP=15
[INFO][2021-07-26 20:04:12][Server]client #1 transferred chunli #390
[INFO][2021-07-26 20:04:12][Server]User #1 x-Loc=200 y-Loc=300 xHead=1  Act=1 HP=50 MP=5
[INFO][2021-07-26 20:04:12][Server]User #2 x-Loc=100 y-Loc=300 xHead=0  Act=0 HP=100 MP=15
[INFO][2021-07-26 20:04:12][Server]client #1 transferred chunli #390
[INFO][2021-07-26 20:04:12][Server]User #1 x-Loc=200 y-Loc=300 xHead=1  Act=0 HP=50 MP=5
[INFO][2021-07-26 20:04:12][Server]User #2 x-Loc=100 y-Loc=300 xHead=0  Act=0 HP=100 MP=15
[INFO][2021-07-26 20:04:12][Server]client #1 transferred chunli #390
[INFO][2021-07-26 20:04:12][Server]User #1 x-Loc=250 y-Loc=300 xHead=1  Act=1 HP=50 MP=5
[INFO][2021-07-26 20:04:12][Server]User #2 x-Loc=100 y-Loc=300 xHead=0  Act=0 HP=100 MP=15
[INFO][2021-07-26 20:04:12][Server]client #1 transferred chunli #390
[INFO][2021-07-26 20:04:12][Server]User #1 x-Loc=250 y-Loc=300 xHead=1  Act=0 HP=50 MP=5
[INFO][2021-07-26 20:04:12][Server]User #2 x-Loc=100 y-Loc=300 xHead=0  Act=0 HP=100 MP=15
[INFO][2021-07-26 20:04:12][Server]client #1 transferred chunli #390
[INFO][2021-07-26 20:04:12][Server]User #1 x-Loc=300 y-Loc=300 xHead=1  Act=1 HP=50 MP=5
[INFO][2021-07-26 20:04:12][Server]User #2 x-Loc=100 y-Loc=300 xHead=0  Act=0 HP=100 MP=15
[INFO][2021-07-26 20:04:12][Server]client #1 transferred chunli #390
[INFO][2021-07-26 20:04:12][Server]User #1 x-Loc=300 y-Loc=300 xHead=1  Act=0 HP=50 MP=5
[INFO][2021-07-26 20:04:12][Server]User #2 x-Loc=100 y-Loc=300 xHead=0  Act=0 HP=100 MP=15
[INFO][2021-07-26 20:04:12][Server]client #1 transferred chunli #390
[INFO][2021-07-26 20:04:12][Server]User #1 x-Loc=350 y-Loc=300 xHead=1  Act=1 HP=50 MP=5
[INFO][2021-07-26 20:04:12][Server]User #2 x-Loc=100 y-Loc=300 xHead=0  Act=0 HP=100 MP=15
[INFO][2021-07-26 20:04:12][Server]client #1 transferred chunli #390
[INFO][2021-07-26 20:04:12][Server]User #1 x-Loc=350 y-Loc=300 xHead=1  Act=0 HP=50 MP=5
[INFO][2021-07-26 20:04:12][Server]User #2 x-Loc=100 y-Loc=300 xHead=0  Act=0 HP=100 MP=15
[INFO][2021-07-26 20:04:12][Server]client #1 transferred chunli #390
[INFO][2021-07-26 20:04:12][Server]User #1 x-Loc=400 y-Loc=300 xHead=1  Act=1 HP=50 MP=5
[INFO][2021-07-26 20:04:12][Server]User #2 x-Loc=100 y-Loc=300 xHead=0  Act=0 HP=100 MP=15
[INFO][2021-07-26 20:04:12][Server]client #1 transferred chunli #390
[INFO][2021-07-26 20:04:12][Server]User #1 x-Loc=400 y-Loc=300 xHead=1  Act=0 HP=50 MP=5
[INFO][2021-07-26 20:04:12][Server]User #2 x-Loc=100 y-Loc=300 xHead=0  Act=0 HP=100 MP=15
[INFO][2021-07-26 20:04:12][Server]client #1 transferred chunli #390
[INFO][2021-07-26 20:04:12][Server]User #1 x-Loc=450 y-Loc=300 xHead=1  Act=1 HP=50 MP=5
[INFO][2021-07-26 20:04:12][Server]User #2 x-Loc=100 y-Loc=300 xHead=0  Act=0 HP=100 MP=15
[INFO][2021-07-26 20:04:12][Server]client #1 transferred chunli #390
[INFO][2021-07-26 20:04:12][Server]User #1 x-Loc=450 y-Loc=300 xHead=1  Act=0 HP=50 MP=5
[INFO][2021-07-26 20:04:12][Server]User #2 x-Loc=100 y-Loc=300 xHead=0  Act=0 HP=100 MP=15
[INFO][2021-07-26 20:04:12][Server]client #1 transferred chunli #390
[INFO][2021-07-26 20:04:12][Server]User #1 x-Loc=500 y-Loc=300 xHead=1  Act=1 HP=50 MP=5
[INFO][2021-07-26 20:04:12][Server]User #2 x-Loc=100 y-Loc=300 xHead=0  Act=0 HP=100 MP=15
[INFO][2021-07-26 20:04:12][Server]client #1 transferred chunli #390
[INFO][2021-07-26 20:04:12][Server]User #1 x-Loc=500 y-Loc=300 xHead=1  Act=0 HP=50 MP=5
[INFO][2021-07-26 20:04:12][Server]User #2 x-Loc=100 y-Loc=300 xHead=0  Act=0 HP=100 MP=15
[INFO][2021-07-26 20:04:12][Server]client #1 transferred chunli #390
[INFO][2021-07-26 20:04:12][Server]User #1 x-Loc=450 y-Loc=300 xHead=0  Act=1 HP=50 MP=5
[INFO][2021-07-26 20:04:12][Server]User #2 x-Loc=100 y-Loc=300 xHead=0  Act=0 HP=100 MP=15
[INFO][2021-07-26 20:04:12][Server]client #1 transferred chunli #390
[INFO][2021-07-26 20:04:12][Server]User #1 x-Loc=450 y-Loc=300 xHead=0  Act=0 HP=50 MP=5
[INFO][2021-07-26 20:04:12][Server]User #2 x-Loc=100 y-Loc=300 xHead=0  Act=0 HP=100 MP=15
[INFO][2021-07-26 20:04:12][Server]client #1 transferred chunli #390
[INFO][2021-07-26 20:04:12][Server]User #1 x-Loc=400 y-Loc=300 xHead=0  Act=1 HP=50 MP=5
[INFO][2021-07-26 20:04:12][Server]User #2 x-Loc=100 y-Loc=300 xHead=0  Act=0 HP=100 MP=15
[INFO][2021-07-26 20:04:13][Server]client #1 transferred chunli #390
[INFO][2021-07-26 20:04:13][Server]User #1 x-Loc=400 y-Loc=300 xHead=0  Act=0 HP=50 MP=5
[INFO][2021-07-26 20:04:13][Server]User #2 x-Loc=100 y-Loc=300 xHead=0  Act=0 HP=100 MP=15
[INFO][2021-07-26 20:04:13][Server]client #1 transferred chunli #390
[INFO][2021-07-26 20:04:13][Server]User #1 x-Loc=350 y-Loc=300 xHead=0  Act=1 HP=50 MP=5
[INFO][2021-07-26 20:04:13][Server]User #2 x-Loc=100 y-Loc=300 xHead=0  Act=0 HP=100 MP=15
[INFO][2021-07-26 20:04:13][Server]client #1 transferred chunli #390
[INFO][2021-07-26 20:04:13][Server]User #1 x-Loc=350 y-Loc=300 xHead=0  Act=0 HP=50 MP=5
[INFO][2021-07-26 20:04:13][Server]User #2 x-Loc=100 y-Loc=300 xHead=0  Act=0 HP=100 MP=15
[INFO][2021-07-26 20:04:13][Server]client #1 transferred chunli #390
[INFO][2021-07-26 20:04:13][Server]User #1 x-Loc=300 y-Loc=300 xHead=0  Act=1 HP=50 MP=5
[INFO][2021-07-26 20:04:13][Server]User #2 x-Loc=100 y-Loc=300 xHead=0  Act=0 HP=100 MP=15
[INFO][2021-07-26 20:04:13][Server]client #1 transferred chunli #390
[INFO][2021-07-26 20:04:13][Server]User #1 x-Loc=300 y-Loc=300 xHead=0  Act=0 HP=50 MP=5
[INFO][2021-07-26 20:04:13][Server]User #2 x-Loc=100 y-Loc=300 xHead=0  Act=0 HP=100 MP=15
[INFO][2021-07-26 20:04:13][Server]client #1 transferred chunli #390
[INFO][2021-07-26 20:04:13][Server]User #1 x-Loc=250 y-Loc=300 xHead=0  Act=1 HP=50 MP=5
[INFO][2021-07-26 20:04:13][Server]User #2 x-Loc=100 y-Loc=300 xHead=0  Act=0 HP=100 MP=15
[INFO][2021-07-26 20:04:13][Server]client #1 transferred chunli #390
[INFO][2021-07-26 20:04:13][Server]User #1 x-Loc=250 y-Loc=300 xHead=0  Act=0 HP=50 MP=5
[INFO][2021-07-26 20:04:13][Server]User #2 x-Loc=100 y-Loc=300 xHead=0  Act=0 HP=100 MP=15
[INFO][2021-07-26 20:04:13][Server]client #1 transferred chunli #390
[INFO][2021-07-26 20:04:13][Server]User #1 x-Loc=200 y-Loc=300 xHead=0  Act=1 HP=50 MP=5
[INFO][2021-07-26 20:04:13][Server]User #2 x-Loc=100 y-Loc=300 xHead=0  Act=0 HP=100 MP=15
[INFO][2021-07-26 20:04:13][Server]client #1 transferred chunli #390
[INFO][2021-07-26 20:04:13][Server]User #1 x-Loc=200 y-Loc=300 xHead=0  Act=0 HP=50 MP=5
[INFO][2021-07-26 20:04:13][Server]User #2 x-Loc=100 y-Loc=300 xHead=0  Act=0 HP=100 MP=15
[INFO][2021-07-26 20:04:14][Server]client #1 transferred chunli #390
[INFO][2021-07-26 20:04:14][Server]User #1 x-Loc=150 y-Loc=300 xHead=0  Act=1 HP=50 MP=5
[INFO][2021-07-26 20:04:14][Server]User #2 x-Loc=100 y-Loc=300 xHead=0  Act=0 HP=100 MP=15
[INFO][2021-07-26 20:04:14][Server]client #1 transferred chunli #390
[INFO][2021-07-26 20:04:14][Server]User #1 x-Loc=150 y-Loc=300 xHead=0  Act=0 HP=50 MP=5
[INFO][2021-07-26 20:04:14][Server]User #2 x-Loc=100 y-Loc=300 xHead=0  Act=0 HP=100 MP=15
[INFO][2021-07-26 20:04:14][Server]client #1 transferred chunli #390
[INFO][2021-07-26 20:04:14][Server]Player #1 Attack Player #2. Got Damage 10pts.
        Now Player #1 HP is 50   MP is 8
            Player #2 HP is 90   MP is 15
[INFO][2021-07-26 20:04:14][Server]User #1 x-Loc=150 y-Loc=300 xHead=0  Act=10 HP=50 MP=8
[INFO][2021-07-26 20:04:14][Server]User #2 x-Loc=100 y-Loc=300 xHead=0  Act=15 HP=90 MP=15
[INFO][2021-07-26 20:04:14][Server]client #1 transferred chunli #390
[INFO][2021-07-26 20:04:14][Server]User #1 x-Loc=150 y-Loc=300 xHead=0  Act=0 HP=50 MP=8
[INFO][2021-07-26 20:04:14][Server]User #2 x-Loc=100 y-Loc=300 xHead=0  Act=15 HP=90 MP=15
[INFO][2021-07-26 20:04:15][Server]client #1 transferred chunli #390
[INFO][2021-07-26 20:04:15][Server]Player #1 Attack Player #2. Got Damage 10pts.
        Now Player #1 HP is 50   MP is 11
            Player #2 HP is 80   MP is 15
[INFO][2021-07-26 20:04:15][Server]User #1 x-Loc=150 y-Loc=300 xHead=0  Act=10 HP=50 MP=11
[INFO][2021-07-26 20:04:15][Server]User #2 x-Loc=100 y-Loc=300 xHead=0  Act=16 HP=80 MP=15
[INFO][2021-07-26 20:04:15][Server]client #1 transferred chunli #390
[INFO][2021-07-26 20:04:15][Server]User #1 x-Loc=150 y-Loc=300 xHead=0  Act=0 HP=50 MP=11
[INFO][2021-07-26 20:04:15][Server]User #2 x-Loc=100 y-Loc=300 xHead=0  Act=16 HP=80 MP=15
[INFO][2021-07-26 20:04:16][Server]client #1 transferred chunli #390
[INFO][2021-07-26 20:04:16][Server]Player #1 Attack Player #2. Got Damage 10pts.
        Now Player #1 HP is 50   MP is 14
            Player #2 HP is 70   MP is 15
[INFO][2021-07-26 20:04:16][Server]User #1 x-Loc=150 y-Loc=300 xHead=0  Act=10 HP=50 MP=14
[INFO][2021-07-26 20:04:16][Server]User #2 x-Loc=100 y-Loc=300 xHead=0  Act=17 HP=70 MP=15
[INFO][2021-07-26 20:04:16][Server]client #1 transferred chunli #390
[INFO][2021-07-26 20:04:16][Server]User #1 x-Loc=150 y-Loc=300 xHead=0  Act=0 HP=50 MP=14
[INFO][2021-07-26 20:04:16][Server]User #2 x-Loc=100 y-Loc=300 xHead=0  Act=17 HP=70 MP=15
[INFO][2021-07-26 20:04:17][Server]client #1 transferred chunli #390
[INFO][2021-07-26 20:04:17][Server]Player #1 Attack Player #2. Got Damage 10pts.
        Now Player #1 HP is 50   MP is 15
            Player #2 HP is 60   MP is 15
[INFO][2021-07-26 20:04:17][Server]User #1 x-Loc=150 y-Loc=300 xHead=0  Act=10 HP=50 MP=15
[INFO][2021-07-26 20:04:17][Server]User #2 x-Loc=100 y-Loc=300 xHead=0  Act=0 HP=60 MP=15
[INFO][2021-07-26 20:04:17][Server]client #1 transferred chunli #390
[INFO][2021-07-26 20:04:17][Server]User #1 x-Loc=150 y-Loc=300 xHead=0  Act=0 HP=50 MP=15
[INFO][2021-07-26 20:04:17][Server]User #2 x-Loc=100 y-Loc=300 xHead=0  Act=0 HP=60 MP=15
[INFO][2021-07-26 20:04:19][Server]client #1 transferred chunli #390
[INFO][2021-07-26 20:04:19][Server]User #1 x-Loc=200 y-Loc=300 xHead=1  Act=1 HP=50 MP=15
[INFO][2021-07-26 20:04:19][Server]User #2 x-Loc=100 y-Loc=300 xHead=0  Act=0 HP=60 MP=15
[INFO][2021-07-26 20:04:19][Server]client #1 transferred chunli #390
[INFO][2021-07-26 20:04:19][Server]User #1 x-Loc=200 y-Loc=300 xHead=1  Act=0 HP=50 MP=15
[INFO][2021-07-26 20:04:19][Server]User #2 x-Loc=100 y-Loc=300 xHead=0  Act=0 HP=60 MP=15
[INFO][2021-07-26 20:04:19][Server]client #1 transferred chunli #390
[INFO][2021-07-26 20:04:19][Server]User #1 x-Loc=250 y-Loc=300 xHead=1  Act=1 HP=50 MP=15
[INFO][2021-07-26 20:04:19][Server]User #2 x-Loc=100 y-Loc=300 xHead=0  Act=0 HP=60 MP=15
[INFO][2021-07-26 20:04:19][Server]client #1 transferred chunli #390
[INFO][2021-07-26 20:04:19][Server]User #1 x-Loc=250 y-Loc=300 xHead=1  Act=0 HP=50 MP=15
[INFO][2021-07-26 20:04:19][Server]User #2 x-Loc=100 y-Loc=300 xHead=0  Act=0 HP=60 MP=15
[INFO][2021-07-26 20:04:19][Server]client #1 transferred chunli #390
[INFO][2021-07-26 20:04:19][Server]User #1 x-Loc=300 y-Loc=300 xHead=1  Act=1 HP=50 MP=15
[INFO][2021-07-26 20:04:19][Server]User #2 x-Loc=100 y-Loc=300 xHead=0  Act=0 HP=60 MP=15
[INFO][2021-07-26 20:04:19][Server]client #1 transferred chunli #390
[INFO][2021-07-26 20:04:19][Server]User #1 x-Loc=300 y-Loc=300 xHead=1  Act=0 HP=50 MP=15
[INFO][2021-07-26 20:04:19][Server]User #2 x-Loc=100 y-Loc=300 xHead=0  Act=0 HP=60 MP=15
[INFO][2021-07-26 20:04:19][Server]client #1 transferred chunli #390
[INFO][2021-07-26 20:04:19][Server]User #1 x-Loc=350 y-Loc=300 xHead=1  Act=1 HP=50 MP=15
[INFO][2021-07-26 20:04:19][Server]User #2 x-Loc=100 y-Loc=300 xHead=0  Act=0 HP=60 MP=15
[INFO][2021-07-26 20:04:19][Server]client #1 transferred chunli #390
[INFO][2021-07-26 20:04:19][Server]User #1 x-Loc=350 y-Loc=300 xHead=1  Act=0 HP=50 MP=15
[INFO][2021-07-26 20:04:19][Server]User #2 x-Loc=100 y-Loc=300 xHead=0  Act=0 HP=60 MP=15
[INFO][2021-07-26 20:04:19][Server]client #1 transferred chunli #390
[INFO][2021-07-26 20:04:19][Server]User #1 x-Loc=400 y-Loc=300 xHead=1  Act=1 HP=50 MP=15
[INFO][2021-07-26 20:04:19][Server]User #2 x-Loc=100 y-Loc=300 xHead=0  Act=0 HP=60 MP=15
[INFO][2021-07-26 20:04:19][Server]client #1 transferred chunli #390
[INFO][2021-07-26 20:04:19][Server]User #1 x-Loc=400 y-Loc=300 xHead=1  Act=0 HP=50 MP=15
[INFO][2021-07-26 20:04:19][Server]User #2 x-Loc=100 y-Loc=300 xHead=0  Act=0 HP=60 MP=15
[INFO][2021-07-26 20:04:20][Server]client #1 transferred chunli #390
[INFO][2021-07-26 20:04:20][Server]User #1 x-Loc=350 y-Loc=300 xHead=0  Act=1 HP=50 MP=15
[INFO][2021-07-26 20:04:20][Server]User #2 x-Loc=100 y-Loc=300 xHead=0  Act=0 HP=60 MP=15
[INFO][2021-07-26 20:04:20][Server]client #1 transferred chunli #390
[INFO][2021-07-26 20:04:20][Server]User #1 x-Loc=350 y-Loc=300 xHead=0  Act=0 HP=50 MP=15
[INFO][2021-07-26 20:04:20][Server]User #2 x-Loc=100 y-Loc=300 xHead=0  Act=0 HP=60 MP=15
[INFO][2021-07-26 20:04:20][Server]client #1 transferred chunli #390
[INFO][2021-07-26 20:04:20][Server]User #1 x-Loc=300 y-Loc=300 xHead=0  Act=1 HP=50 MP=15
[INFO][2021-07-26 20:04:20][Server]User #2 x-Loc=100 y-Loc=300 xHead=0  Act=0 HP=60 MP=15
[INFO][2021-07-26 20:04:20][Server]client #1 transferred chunli #390
[INFO][2021-07-26 20:04:20][Server]User #1 x-Loc=300 y-Loc=300 xHead=0  Act=0 HP=50 MP=15
[INFO][2021-07-26 20:04:20][Server]User #2 x-Loc=100 y-Loc=300 xHead=0  Act=0 HP=60 MP=15
[INFO][2021-07-26 20:04:20][Server]client #1 transferred chunli #390
[INFO][2021-07-26 20:04:20][Server]User #1 x-Loc=250 y-Loc=300 xHead=0  Act=1 HP=50 MP=15
[INFO][2021-07-26 20:04:20][Server]User #2 x-Loc=100 y-Loc=300 xHead=0  Act=0 HP=60 MP=15
[INFO][2021-07-26 20:04:20][Server]client #1 transferred chunli #390
[INFO][2021-07-26 20:04:20][Server]User #1 x-Loc=250 y-Loc=300 xHead=0  Act=0 HP=50 MP=15
[INFO][2021-07-26 20:04:20][Server]User #2 x-Loc=100 y-Loc=300 xHead=0  Act=0 HP=60 MP=15
[INFO][2021-07-26 20:04:20][Server]client #1 transferred chunli #390
[INFO][2021-07-26 20:04:20][Server]User #1 x-Loc=200 y-Loc=300 xHead=0  Act=1 HP=50 MP=15
[INFO][2021-07-26 20:04:20][Server]User #2 x-Loc=100 y-Loc=300 xHead=0  Act=0 HP=60 MP=15
[INFO][2021-07-26 20:04:21][Server]client #1 transferred chunli #390
[INFO][2021-07-26 20:04:21][Server]User #1 x-Loc=200 y-Loc=300 xHead=0  Act=0 HP=50 MP=15
[INFO][2021-07-26 20:04:21][Server]User #2 x-Loc=100 y-Loc=300 xHead=0  Act=0 HP=60 MP=15
[INFO][2021-07-26 20:04:21][Server]client #1 transferred chunli #390
[INFO][2021-07-26 20:04:21][Server]User #1 x-Loc=150 y-Loc=300 xHead=0  Act=1 HP=50 MP=15
[INFO][2021-07-26 20:04:21][Server]User #2 x-Loc=100 y-Loc=300 xHead=0  Act=0 HP=60 MP=15
[INFO][2021-07-26 20:04:21][Server]client #1 transferred chunli #390
[INFO][2021-07-26 20:04:21][Server]User #1 x-Loc=150 y-Loc=300 xHead=0  Act=0 HP=50 MP=15
[INFO][2021-07-26 20:04:21][Server]User #2 x-Loc=100 y-Loc=300 xHead=0  Act=0 HP=60 MP=15
[INFO][2021-07-26 20:04:21][Server]client #1 transferred chunli #390
[INFO][2021-07-26 20:04:21][Server]Player #1 Attack Player #2. Got Damage 10pts.
        Now Player #1 HP is 50   MP is 15
            Player #2 HP is 50   MP is 15
[INFO][2021-07-26 20:04:21][Server]User #1 x-Loc=150 y-Loc=300 xHead=0  Act=10 HP=50 MP=15
[INFO][2021-07-26 20:04:21][Server]User #2 x-Loc=100 y-Loc=300 xHead=0  Act=15 HP=50 MP=15
[INFO][2021-07-26 20:04:21][Server]client #1 transferred chunli #390
[INFO][2021-07-26 20:04:21][Server]User #1 x-Loc=150 y-Loc=300 xHead=0  Act=0 HP=50 MP=15
[INFO][2021-07-26 20:04:21][Server]User #2 x-Loc=100 y-Loc=300 xHead=0  Act=15 HP=50 MP=15
[INFO][2021-07-26 20:04:24][Server]client #2 transferred bashenan #5392
[INFO][2021-07-26 20:04:24][Server]User #1 x-Loc=150 y-Loc=300 xHead=0  Act=0 HP=50 MP=15
[INFO][2021-07-26 20:04:24][Server]User #2 x-Loc=150 y-Loc=300 xHead=1  Act=1 HP=50 MP=15
[INFO][2021-07-26 20:04:24][Server]client #2 transferred bashenan #5392
[INFO][2021-07-26 20:04:24][Server]User #1 x-Loc=150 y-Loc=300 xHead=0  Act=0 HP=50 MP=15
[INFO][2021-07-26 20:04:24][Server]User #2 x-Loc=150 y-Loc=300 xHead=1  Act=0 HP=50 MP=15
[INFO][2021-07-26 20:04:24][Server]client #2 transferred bashenan #5392
[INFO][2021-07-26 20:04:24][Server]User #1 x-Loc=150 y-Loc=300 xHead=0  Act=0 HP=50 MP=15
[INFO][2021-07-26 20:04:24][Server]User #2 x-Loc=200 y-Loc=300 xHead=1  Act=1 HP=50 MP=15
[INFO][2021-07-26 20:04:25][Server]client #2 transferred bashenan #5392
[INFO][2021-07-26 20:04:25][Server]User #1 x-Loc=150 y-Loc=300 xHead=0  Act=0 HP=50 MP=15
[INFO][2021-07-26 20:04:25][Server]User #2 x-Loc=200 y-Loc=300 xHead=1  Act=0 HP=50 MP=15
[INFO][2021-07-26 20:04:25][Server]client #2 transferred bashenan #5392
[INFO][2021-07-26 20:04:25][Server]User #1 x-Loc=150 y-Loc=300 xHead=0  Act=0 HP=50 MP=15
[INFO][2021-07-26 20:04:25][Server]User #2 x-Loc=250 y-Loc=300 xHead=1  Act=1 HP=50 MP=15
[INFO][2021-07-26 20:04:25][Server]client #2 transferred bashenan #5392
[INFO][2021-07-26 20:04:25][Server]User #1 x-Loc=150 y-Loc=300 xHead=0  Act=0 HP=50 MP=15
[INFO][2021-07-26 20:04:25][Server]User #2 x-Loc=250 y-Loc=300 xHead=1  Act=0 HP=50 MP=15
[INFO][2021-07-26 20:04:25][Server]client #2 transferred bashenan #5392
[INFO][2021-07-26 20:04:25][Server]User #1 x-Loc=150 y-Loc=300 xHead=0  Act=0 HP=50 MP=15
[INFO][2021-07-26 20:04:25][Server]User #2 x-Loc=300 y-Loc=300 xHead=1  Act=1 HP=50 MP=15
[INFO][2021-07-26 20:04:25][Server]client #2 transferred bashenan #5392
[INFO][2021-07-26 20:04:25][Server]User #1 x-Loc=150 y-Loc=300 xHead=0  Act=0 HP=50 MP=15
[INFO][2021-07-26 20:04:25][Server]User #2 x-Loc=300 y-Loc=300 xHead=1  Act=0 HP=50 MP=15
[INFO][2021-07-26 20:04:25][Server]client #2 transferred bashenan #5392
[INFO][2021-07-26 20:04:25][Server]User #1 x-Loc=150 y-Loc=300 xHead=0  Act=0 HP=50 MP=15
[INFO][2021-07-26 20:04:25][Server]User #2 x-Loc=350 y-Loc=300 xHead=1  Act=1 HP=50 MP=15
[INFO][2021-07-26 20:04:25][Server]client #2 transferred bashenan #5392
[INFO][2021-07-26 20:04:25][Server]User #1 x-Loc=150 y-Loc=300 xHead=0  Act=0 HP=50 MP=15
[INFO][2021-07-26 20:04:25][Server]User #2 x-Loc=350 y-Loc=300 xHead=1  Act=0 HP=50 MP=15
[INFO][2021-07-26 20:04:25][Server]client #2 transferred bashenan #5392
[INFO][2021-07-26 20:04:25][Server]User #1 x-Loc=150 y-Loc=300 xHead=0  Act=0 HP=50 MP=15
[INFO][2021-07-26 20:04:25][Server]User #2 x-Loc=400 y-Loc=300 xHead=1  Act=1 HP=50 MP=15
[INFO][2021-07-26 20:04:25][Server]client #2 transferred bashenan #5392
[INFO][2021-07-26 20:04:25][Server]User #1 x-Loc=150 y-Loc=300 xHead=0  Act=0 HP=50 MP=15
[INFO][2021-07-26 20:04:25][Server]User #2 x-Loc=400 y-Loc=300 xHead=1  Act=0 HP=50 MP=15
[INFO][2021-07-26 20:04:25][Server]client #2 transferred bashenan #5392
[INFO][2021-07-26 20:04:25][Server]User #1 x-Loc=150 y-Loc=300 xHead=0  Act=0 HP=50 MP=15
[INFO][2021-07-26 20:04:25][Server]User #2 x-Loc=350 y-Loc=300 xHead=0  Act=1 HP=50 MP=15
[INFO][2021-07-26 20:04:25][Server]client #2 transferred bashenan #5392
[INFO][2021-07-26 20:04:25][Server]User #1 x-Loc=150 y-Loc=300 xHead=0  Act=0 HP=50 MP=15
[INFO][2021-07-26 20:04:25][Server]User #2 x-Loc=350 y-Loc=300 xHead=0  Act=0 HP=50 MP=15
[INFO][2021-07-26 20:04:25][Server]client #2 transferred bashenan #5392
[INFO][2021-07-26 20:04:25][Server]User #1 x-Loc=150 y-Loc=300 xHead=0  Act=0 HP=50 MP=15
[INFO][2021-07-26 20:04:25][Server]User #2 x-Loc=300 y-Loc=300 xHead=0  Act=1 HP=50 MP=15
[INFO][2021-07-26 20:04:25][Server]client #2 transferred bashenan #5392
[INFO][2021-07-26 20:04:25][Server]User #1 x-Loc=150 y-Loc=300 xHead=0  Act=0 HP=50 MP=15
[INFO][2021-07-26 20:04:25][Server]User #2 x-Loc=300 y-Loc=300 xHead=0  Act=0 HP=50 MP=15
[INFO][2021-07-26 20:04:26][Server]client #2 transferred bashenan #5392
[INFO][2021-07-26 20:04:26][Server]User #1 x-Loc=150 y-Loc=300 xHead=0  Act=0 HP=50 MP=15
[INFO][2021-07-26 20:04:26][Server]User #2 x-Loc=250 y-Loc=300 xHead=0  Act=1 HP=50 MP=15
[INFO][2021-07-26 20:04:26][Server]client #2 transferred bashenan #5392
[INFO][2021-07-26 20:04:26][Server]User #1 x-Loc=150 y-Loc=300 xHead=0  Act=0 HP=50 MP=15
[INFO][2021-07-26 20:04:26][Server]User #2 x-Loc=250 y-Loc=300 xHead=0  Act=0 HP=50 MP=15
[INFO][2021-07-26 20:04:26][Server]client #2 transferred bashenan #5392
[INFO][2021-07-26 20:04:26][Server]User #1 x-Loc=150 y-Loc=300 xHead=0  Act=0 HP=50 MP=15
[INFO][2021-07-26 20:04:26][Server]User #2 x-Loc=200 y-Loc=300 xHead=0  Act=1 HP=50 MP=15
[INFO][2021-07-26 20:04:26][Server]client #2 transferred bashenan #5392
[INFO][2021-07-26 20:04:26][Server]User #1 x-Loc=150 y-Loc=300 xHead=0  Act=0 HP=50 MP=15
[INFO][2021-07-26 20:04:26][Server]User #2 x-Loc=200 y-Loc=300 xHead=0  Act=0 HP=50 MP=15
[INFO][2021-07-26 20:04:26][Server]client #2 transferred bashenan #5392
[INFO][2021-07-26 20:04:26][Server]Player #2 Attack Player #1. Got Damage 10pts.
        Now Player #1 HP is 40   MP is 15
            Player #2 HP is 50   MP is 15
[INFO][2021-07-26 20:04:26][Server]User #1 x-Loc=150 y-Loc=300 xHead=0  Act=15 HP=40 MP=15
[INFO][2021-07-26 20:04:26][Server]User #2 x-Loc=200 y-Loc=300 xHead=0  Act=10 HP=50 MP=15
[INFO][2021-07-26 20:04:26][Server]client #2 transferred bashenan #5392
[INFO][2021-07-26 20:04:26][Server]User #1 x-Loc=150 y-Loc=300 xHead=0  Act=15 HP=40 MP=15
[INFO][2021-07-26 20:04:26][Server]User #2 x-Loc=200 y-Loc=300 xHead=0  Act=0 HP=50 MP=15
[INFO][2021-07-26 20:04:28][Server]client #2 transferred bashenan #5392
[INFO][2021-07-26 20:04:28][Server]Player #2 Attack Player #1. Got Damage 10pts.
        Now Player #1 HP is 30   MP is 15
            Player #2 HP is 50   MP is 15
[INFO][2021-07-26 20:04:28][Server]User #1 x-Loc=150 y-Loc=300 xHead=0  Act=16 HP=30 MP=15
[INFO][2021-07-26 20:04:28][Server]User #2 x-Loc=200 y-Loc=300 xHead=0  Act=10 HP=50 MP=15
[INFO][2021-07-26 20:04:28][Server]client #2 transferred bashenan #5392
[INFO][2021-07-26 20:04:28][Server]User #1 x-Loc=150 y-Loc=300 xHead=0  Act=16 HP=30 MP=15
[INFO][2021-07-26 20:04:28][Server]User #2 x-Loc=200 y-Loc=300 xHead=0  Act=0 HP=50 MP=15
[INFO][2021-07-26 20:04:29][Server]client #2 transferred bashenan #5392
[INFO][2021-07-26 20:04:29][Server]User #1 x-Loc=150 y-Loc=300 xHead=0  Act=16 HP=30 MP=15
[INFO][2021-07-26 20:04:29][Server]User #2 x-Loc=250 y-Loc=300 xHead=1  Act=1 HP=50 MP=15
[INFO][2021-07-26 20:04:29][Server]client #2 transferred bashenan #5392
[INFO][2021-07-26 20:04:29][Server]User #1 x-Loc=150 y-Loc=300 xHead=0  Act=16 HP=30 MP=15
[INFO][2021-07-26 20:04:29][Server]User #2 x-Loc=250 y-Loc=300 xHead=1  Act=0 HP=50 MP=15
[INFO][2021-07-26 20:04:30][Server]client #2 transferred bashenan #5392
[INFO][2021-07-26 20:04:30][Server]User #1 x-Loc=150 y-Loc=300 xHead=0  Act=16 HP=30 MP=15
[INFO][2021-07-26 20:04:30][Server]User #2 x-Loc=300 y-Loc=300 xHead=1  Act=1 HP=50 MP=15
[INFO][2021-07-26 20:04:30][Server]client #2 transferred bashenan #5392
[INFO][2021-07-26 20:04:30][Server]User #1 x-Loc=150 y-Loc=300 xHead=0  Act=16 HP=30 MP=15
[INFO][2021-07-26 20:04:30][Server]User #2 x-Loc=300 y-Loc=300 xHead=1  Act=0 HP=50 MP=15
[INFO][2021-07-26 20:04:30][Server]client #2 transferred bashenan #5392
[INFO][2021-07-26 20:04:30][Server]User #1 x-Loc=150 y-Loc=300 xHead=0  Act=16 HP=30 MP=15
[INFO][2021-07-26 20:04:30][Server]User #2 x-Loc=350 y-Loc=300 xHead=1  Act=1 HP=50 MP=15
[INFO][2021-07-26 20:04:30][Server]client #2 transferred bashenan #5392
[INFO][2021-07-26 20:04:30][Server]User #1 x-Loc=150 y-Loc=300 xHead=0  Act=16 HP=30 MP=15
[INFO][2021-07-26 20:04:30][Server]User #2 x-Loc=350 y-Loc=300 xHead=1  Act=0 HP=50 MP=15
[INFO][2021-07-26 20:04:30][Server]client #2 transferred bashenan #5392
[INFO][2021-07-26 20:04:30][Server]User #1 x-Loc=150 y-Loc=300 xHead=0  Act=16 HP=30 MP=15
[INFO][2021-07-26 20:04:30][Server]User #2 x-Loc=400 y-Loc=300 xHead=1  Act=1 HP=50 MP=15
[INFO][2021-07-26 20:04:30][Server]client #2 transferred bashenan #5392
[INFO][2021-07-26 20:04:30][Server]User #1 x-Loc=150 y-Loc=300 xHead=0  Act=16 HP=30 MP=15
[INFO][2021-07-26 20:04:30][Server]User #2 x-Loc=400 y-Loc=300 xHead=1  Act=0 HP=50 MP=15
[INFO][2021-07-26 20:04:30][Server]client #2 transferred bashenan #5392
[INFO][2021-07-26 20:04:30][Server]User #1 x-Loc=150 y-Loc=300 xHead=0  Act=16 HP=30 MP=15
[INFO][2021-07-26 20:04:30][Server]User #2 x-Loc=450 y-Loc=300 xHead=1  Act=1 HP=50 MP=15
[INFO][2021-07-26 20:04:30][Server]client #2 transferred bashenan #5392
[INFO][2021-07-26 20:04:30][Server]User #1 x-Loc=150 y-Loc=300 xHead=0  Act=16 HP=30 MP=15
[INFO][2021-07-26 20:04:30][Server]User #2 x-Loc=450 y-Loc=300 xHead=1  Act=0 HP=50 MP=15
[INFO][2021-07-26 20:04:30][Server]client #2 transferred bashenan #5392
[INFO][2021-07-26 20:04:30][Server]User #1 x-Loc=150 y-Loc=300 xHead=0  Act=16 HP=30 MP=15
[INFO][2021-07-26 20:04:30][Server]User #2 x-Loc=500 y-Loc=300 xHead=1  Act=1 HP=50 MP=15
[INFO][2021-07-26 20:04:30][Server]client #2 transferred bashenan #5392
[INFO][2021-07-26 20:04:30][Server]User #1 x-Loc=150 y-Loc=300 xHead=0  Act=16 HP=30 MP=15
[INFO][2021-07-26 20:04:30][Server]User #2 x-Loc=500 y-Loc=300 xHead=1  Act=0 HP=50 MP=15
[INFO][2021-07-26 20:04:30][Server]client #2 transferred bashenan #5392
[INFO][2021-07-26 20:04:30][Server]User #1 x-Loc=150 y-Loc=300 xHead=0  Act=16 HP=30 MP=15
[INFO][2021-07-26 20:04:30][Server]User #2 x-Loc=550 y-Loc=300 xHead=1  Act=1 HP=50 MP=15
[INFO][2021-07-26 20:04:30][Server]client #2 transferred bashenan #5392
[INFO][2021-07-26 20:04:30][Server]User #1 x-Loc=150 y-Loc=300 xHead=0  Act=16 HP=30 MP=15
[INFO][2021-07-26 20:04:30][Server]User #2 x-Loc=550 y-Loc=300 xHead=1  Act=0 HP=50 MP=15
[INFO][2021-07-26 20:04:31][Server]client #2 transferred bashenan #5392
[INFO][2021-07-26 20:04:31][Server]User #1 x-Loc=150 y-Loc=300 xHead=0  Act=16 HP=30 MP=15
[INFO][2021-07-26 20:04:31][Server]User #2 x-Loc=500 y-Loc=300 xHead=0  Act=1 HP=50 MP=15
[INFO][2021-07-26 20:04:31][Server]client #2 transferred bashenan #5392
[INFO][2021-07-26 20:04:31][Server]User #1 x-Loc=150 y-Loc=300 xHead=0  Act=16 HP=30 MP=15
[INFO][2021-07-26 20:04:31][Server]User #2 x-Loc=500 y-Loc=300 xHead=0  Act=0 HP=50 MP=15
[WARNING][2021-07-26 20:04:50][Server]client 2 Exception ! 
[WARNING][2021-07-26 20:04:50][Server]client 1 Exception ! 
