[INFO][2021-07-27 09:35:17][Server]Server started.
[INFO][2021-07-27 09:35:26][Server]client #1 transferred caotijing #5436
[INFO][2021-07-27 09:35:31][Server]client #2 transferred baofengzi #409
[INFO][2021-07-27 09:35:31][Server]User #1 x-Loc=700 y-Loc=300 xHead=0  Act=0 HP=100 MP=0
[INFO][2021-07-27 09:35:31][Server]User #2 x-Loc=50 y-Loc=300 xHead=1  Act=0 HP=100 MP=0
[INFO][2021-07-27 09:35:31][Server]client #1 transferred caotijing #5436
[INFO][2021-07-27 09:35:31][Server]User #1 x-Loc=700 y-Loc=300 xHead=0  Act=0 HP=100 MP=0
[INFO][2021-07-27 09:35:31][Server]User #2 x-Loc=50 y-Loc=300 xHead=1  Act=0 HP=100 MP=0
[INFO][2021-07-27 09:35:31][Server]client #2 transferred baofengzi #409
[INFO][2021-07-27 09:35:31][Server]User #1 x-Loc=700 y-Loc=300 xHead=0  Act=0 HP=100 MP=0
[INFO][2021-07-27 09:35:31][Server]User #2 x-Loc=50 y-Loc=300 xHead=1  Act=0 HP=100 MP=0
[INFO][2021-07-27 09:35:34][Server]client #2 transferred baofengzi #409
[INFO][2021-07-27 09:35:34][Server]User #1 x-Loc=750 y-Loc=300 xHead=1  Act=1 HP=100 MP=0
[INFO][2021-07-27 09:35:34][Server]User #2 x-Loc=50 y-Loc=300 xHead=1  Act=0 HP=100 MP=0
[INFO][2021-07-27 09:35:34][Server]client #2 transferred baofengzi #409
[INFO][2021-07-27 09:35:34][Server]User #1 x-Loc=750 y-Loc=300 xHead=1  Act=0 HP=100 MP=0
[INFO][2021-07-27 09:35:34][Server]User #2 x-Loc=50 y-Loc=300 xHead=1  Act=0 HP=100 MP=0
[INFO][2021-07-27 09:35:34][Server]client #2 transferred baofengzi #409
[INFO][2021-07-27 09:35:34][Server]User #1 x-Loc=700 y-Loc=300 xHead=0  Act=1 HP=100 MP=0
[INFO][2021-07-27 09:35:34][Server]User #2 x-Loc=50 y-Loc=300 xHead=1  Act=0 HP=100 MP=0
[INFO][2021-07-27 09:35:34][Server]client #2 transferred baofengzi #409
[INFO][2021-07-27 09:35:34][Server]User #1 x-Loc=700 y-Loc=300 xHead=0  Act=0 HP=100 MP=0
[INFO][2021-07-27 09:35:34][Server]User #2 x-Loc=50 y-Loc=300 xHead=1  Act=0 HP=100 MP=0
[INFO][2021-07-27 09:35:35][Server]client #2 transferred baofengzi #409
[INFO][2021-07-27 09:35:35][Server]User #1 x-Loc=650 y-Loc=300 xHead=0  Act=1 HP=100 MP=0
[INFO][2021-07-27 09:35:35][Server]User #2 x-Loc=50 y-Loc=300 xHead=1  Act=0 HP=100 MP=0
[INFO][2021-07-27 09:35:35][Server]client #2 transferred baofengzi #409
[INFO][2021-07-27 09:35:35][Server]User #1 x-Loc=650 y-Loc=300 xHead=0  Act=0 HP=100 MP=0
[INFO][2021-07-27 09:35:35][Server]User #2 x-Loc=50 y-Loc=300 xHead=1  Act=0 HP=100 MP=0
[INFO][2021-07-27 09:35:35][Server]client #2 transferred baofengzi #409
[INFO][2021-07-27 09:35:35][Server]User #1 x-Loc=600 y-Loc=300 xHead=0  Act=1 HP=100 MP=0
[INFO][2021-07-27 09:35:35][Server]User #2 x-Loc=50 y-Loc=300 xHead=1  Act=0 HP=100 MP=0
[INFO][2021-07-27 09:35:35][Server]client #2 transferred baofengzi #409
[INFO][2021-07-27 09:35:35][Server]User #1 x-Loc=600 y-Loc=300 xHead=0  Act=0 HP=100 MP=0
[INFO][2021-07-27 09:35:35][Server]User #2 x-Loc=50 y-Loc=300 xHead=1  Act=0 HP=100 MP=0
[INFO][2021-07-27 09:35:35][Server]client #2 transferred baofengzi #409
[INFO][2021-07-27 09:35:35][Server]User #1 x-Loc=550 y-Loc=300 xHead=0  Act=1 HP=100 MP=0
[INFO][2021-07-27 09:35:35][Server]User #2 x-Loc=50 y-Loc=300 xHead=1  Act=0 HP=100 MP=0
[INFO][2021-07-27 09:35:35][Server]client #2 transferred baofengzi #409
[INFO][2021-07-27 09:35:35][Server]User #1 x-Loc=550 y-Loc=300 xHead=0  Act=0 HP=100 MP=0
[INFO][2021-07-27 09:35:35][Server]User #2 x-Loc=50 y-Loc=300 xHead=1  Act=0 HP=100 MP=0
[INFO][2021-07-27 09:35:35][Server]client #2 transferred baofengzi #409
[INFO][2021-07-27 09:35:35][Server]User #1 x-Loc=500 y-Loc=300 xHead=0  Act=1 HP=100 MP=0
[INFO][2021-07-27 09:35:35][Server]User #2 x-Loc=50 y-Loc=300 xHead=1  Act=0 HP=100 MP=0
[INFO][2021-07-27 09:35:35][Server]client #2 transferred baofengzi #409
[INFO][2021-07-27 09:35:35][Server]User #1 x-Loc=500 y-Loc=300 xHead=0  Act=0 HP=100 MP=0
[INFO][2021-07-27 09:35:35][Server]User #2 x-Loc=50 y-Loc=300 xHead=1  Act=0 HP=100 MP=0
[INFO][2021-07-27 09:35:35][Server]client #2 transferred baofengzi #409
[INFO][2021-07-27 09:35:35][Server]User #1 x-Loc=450 y-Loc=300 xHead=0  Act=1 HP=100 MP=0
[INFO][2021-07-27 09:35:35][Server]User #2 x-Loc=50 y-Loc=300 xHead=1  Act=0 HP=100 MP=0
[INFO][2021-07-27 09:35:35][Server]client #2 transferred baofengzi #409
[INFO][2021-07-27 09:35:35][Server]User #1 x-Loc=450 y-Loc=300 xHead=0  Act=0 HP=100 MP=0
[INFO][2021-07-27 09:35:35][Server]User #2 x-Loc=50 y-Loc=300 xHead=1  Act=0 HP=100 MP=0
[INFO][2021-07-27 09:35:35][Server]client #2 transferred baofengzi #409
[INFO][2021-07-27 09:35:35][Server]User #1 x-Loc=400 y-Loc=300 xHead=0  Act=1 HP=100 MP=0
[INFO][2021-07-27 09:35:35][Server]User #2 x-Loc=50 y-Loc=300 xHead=1  Act=0 HP=100 MP=0
[INFO][2021-07-27 09:35:35][Server]client #2 transferred baofengzi #409
[INFO][2021-07-27 09:35:35][Server]User #1 x-Loc=400 y-Loc=300 xHead=0  Act=0 HP=100 MP=0
[INFO][2021-07-27 09:35:35][Server]User #2 x-Loc=50 y-Loc=300 xHead=1  Act=0 HP=100 MP=0
[INFO][2021-07-27 09:35:35][Server]client #2 transferred baofengzi #409
[INFO][2021-07-27 09:35:35][Server]User #1 x-Loc=350 y-Loc=300 xHead=0  Act=1 HP=100 MP=0
[INFO][2021-07-27 09:35:35][Server]User #2 x-Loc=50 y-Loc=300 xHead=1  Act=0 HP=100 MP=0
[INFO][2021-07-27 09:35:35][Server]client #2 transferred baofengzi #409
[INFO][2021-07-27 09:35:35][Server]User #1 x-Loc=350 y-Loc=300 xHead=0  Act=0 HP=100 MP=0
[INFO][2021-07-27 09:35:35][Server]User #2 x-Loc=50 y-Loc=300 xHead=1  Act=0 HP=100 MP=0
[INFO][2021-07-27 09:35:35][Server]client #2 transferred baofengzi #409
[INFO][2021-07-27 09:35:35][Server]User #1 x-Loc=300 y-Loc=300 xHead=0  Act=1 HP=100 MP=0
[INFO][2021-07-27 09:35:35][Server]User #2 x-Loc=50 y-Loc=300 xHead=1  Act=0 HP=100 MP=0
[INFO][2021-07-27 09:35:35][Server]client #2 transferred baofengzi #409
[INFO][2021-07-27 09:35:35][Server]User #1 x-Loc=300 y-Loc=300 xHead=0  Act=0 HP=100 MP=0
[INFO][2021-07-27 09:35:35][Server]User #2 x-Loc=50 y-Loc=300 xHead=1  Act=0 HP=100 MP=0
[INFO][2021-07-27 09:35:35][Server]client #2 transferred baofengzi #409
[INFO][2021-07-27 09:35:35][Server]User #1 x-Loc=250 y-Loc=300 xHead=0  Act=1 HP=100 MP=0
[INFO][2021-07-27 09:35:35][Server]User #2 x-Loc=50 y-Loc=300 xHead=1  Act=0 HP=100 MP=0
[INFO][2021-07-27 09:35:35][Server]client #2 transferred baofengzi #409
[INFO][2021-07-27 09:35:35][Server]User #1 x-Loc=250 y-Loc=300 xHead=0  Act=0 HP=100 MP=0
[INFO][2021-07-27 09:35:35][Server]User #2 x-Loc=50 y-Loc=300 xHead=1  Act=0 HP=100 MP=0
[INFO][2021-07-27 09:35:35][Server]client #2 transferred baofengzi #409
[INFO][2021-07-27 09:35:35][Server]User #1 x-Loc=200 y-Loc=300 xHead=0  Act=1 HP=100 MP=0
[INFO][2021-07-27 09:35:35][Server]User #2 x-Loc=50 y-Loc=300 xHead=1  Act=0 HP=100 MP=0
[INFO][2021-07-27 09:35:35][Server]client #2 transferred baofengzi #409
[INFO][2021-07-27 09:35:35][Server]User #1 x-Loc=200 y-Loc=300 xHead=0  Act=0 HP=100 MP=0
[INFO][2021-07-27 09:35:35][Server]User #2 x-Loc=50 y-Loc=300 xHead=1  Act=0 HP=100 MP=0
[INFO][2021-07-27 09:35:35][Server]client #2 transferred baofengzi #409
[INFO][2021-07-27 09:35:35][Server]User #1 x-Loc=150 y-Loc=300 xHead=0  Act=1 HP=100 MP=0
[INFO][2021-07-27 09:35:35][Server]User #2 x-Loc=50 y-Loc=300 xHead=1  Act=0 HP=100 MP=0
[INFO][2021-07-27 09:35:35][Server]client #2 transferred baofengzi #409
[INFO][2021-07-27 09:35:35][Server]User #1 x-Loc=150 y-Loc=300 xHead=0  Act=0 HP=100 MP=0
[INFO][2021-07-27 09:35:35][Server]User #2 x-Loc=50 y-Loc=300 xHead=1  Act=0 HP=100 MP=0
[INFO][2021-07-27 09:35:36][Server]client #2 transferred baofengzi #409
[INFO][2021-07-27 09:35:36][Server]User #1 x-Loc=100 y-Loc=300 xHead=0  Act=1 HP=100 MP=0
[INFO][2021-07-27 09:35:36][Server]User #2 x-Loc=50 y-Loc=300 xHead=1  Act=0 HP=100 MP=0
[INFO][2021-07-27 09:35:36][Server]client #2 transferred baofengzi #409
[INFO][2021-07-27 09:35:36][Server]User #1 x-Loc=100 y-Loc=300 xHead=0  Act=0 HP=100 MP=0
[INFO][2021-07-27 09:35:36][Server]User #2 x-Loc=50 y-Loc=300 xHead=1  Act=0 HP=100 MP=0
[INFO][2021-07-27 09:35:36][Server]client #2 transferred baofengzi #409
[INFO][2021-07-27 09:35:36][Server]Player #1 Attack Player #2. Got Damage 10pts.
        Now Player #1 HP is 100   MP is 3
            Player #2 HP is 90   MP is 1
[INFO][2021-07-27 09:35:36][Server]User #1 x-Loc=100 y-Loc=300 xHead=0  Act=10 HP=100 MP=3
[INFO][2021-07-27 09:35:36][Server]User #2 x-Loc=50 y-Loc=300 xHead=1  Act=15 HP=90 MP=1
[INFO][2021-07-27 09:35:36][Server]client #2 transferred baofengzi #409
[INFO][2021-07-27 09:35:36][Server]User #1 x-Loc=100 y-Loc=300 xHead=0  Act=0 HP=100 MP=3
[INFO][2021-07-27 09:35:36][Server]User #2 x-Loc=50 y-Loc=300 xHead=1  Act=15 HP=90 MP=1
[INFO][2021-07-27 09:35:37][Server]client #2 transferred baofengzi #409
[INFO][2021-07-27 09:35:37][Server]Player #1 Attack Player #2. Got Damage 10pts.
        Now Player #1 HP is 100   MP is 6
            Player #2 HP is 80   MP is 2
[INFO][2021-07-27 09:35:37][Server]User #1 x-Loc=100 y-Loc=300 xHead=0  Act=10 HP=100 MP=6
[INFO][2021-07-27 09:35:37][Server]User #2 x-Loc=50 y-Loc=300 xHead=1  Act=16 HP=80 MP=2
[INFO][2021-07-27 09:35:37][Server]client #2 transferred baofengzi #409
[INFO][2021-07-27 09:35:37][Server]User #1 x-Loc=100 y-Loc=300 xHead=0  Act=0 HP=100 MP=6
[INFO][2021-07-27 09:35:37][Server]User #2 x-Loc=50 y-Loc=300 xHead=1  Act=16 HP=80 MP=2
[INFO][2021-07-27 09:35:38][Server]client #2 transferred baofengzi #409
[INFO][2021-07-27 09:35:38][Server]Player #1 Attack Player #2. Got Damage 10pts.
        Now Player #1 HP is 100   MP is 9
            Player #2 HP is 70   MP is 3
[INFO][2021-07-27 09:35:38][Server]User #1 x-Loc=100 y-Loc=300 xHead=0  Act=10 HP=100 MP=9
[INFO][2021-07-27 09:35:38][Server]User #2 x-Loc=50 y-Loc=300 xHead=1  Act=17 HP=70 MP=3
[INFO][2021-07-27 09:35:38][Server]client #2 transferred baofengzi #409
[INFO][2021-07-27 09:35:38][Server]User #1 x-Loc=100 y-Loc=300 xHead=0  Act=0 HP=100 MP=9
[INFO][2021-07-27 09:35:38][Server]User #2 x-Loc=50 y-Loc=300 xHead=1  Act=17 HP=70 MP=3
[INFO][2021-07-27 09:35:38][Server]client #2 transferred baofengzi #409
[INFO][2021-07-27 09:35:38][Server]Player #1 Attack Player #2. Got Damage 10pts.
        Now Player #1 HP is 100   MP is 12
            Player #2 HP is 60   MP is 4
[INFO][2021-07-27 09:35:38][Server]User #1 x-Loc=100 y-Loc=300 xHead=0  Act=10 HP=100 MP=12
[INFO][2021-07-27 09:35:38][Server]User #2 x-Loc=50 y-Loc=300 xHead=1  Act=0 HP=60 MP=4
[INFO][2021-07-27 09:35:38][Server]client #2 transferred baofengzi #409
[INFO][2021-07-27 09:35:38][Server]User #1 x-Loc=100 y-Loc=300 xHead=0  Act=0 HP=100 MP=12
[INFO][2021-07-27 09:35:38][Server]User #2 x-Loc=50 y-Loc=300 xHead=1  Act=0 HP=60 MP=4
[INFO][2021-07-27 09:35:44][Server]client #1 transferred caotijing #5436
[INFO][2021-07-27 09:35:44][Server]User #1 x-Loc=100 y-Loc=300 xHead=0  Act=0 HP=100 MP=12
[INFO][2021-07-27 09:35:44][Server]User #2 x-Loc=100 y-Loc=300 xHead=1  Act=1 HP=60 MP=4
[INFO][2021-07-27 09:35:44][Server]client #1 transferred caotijing #5436
[INFO][2021-07-27 09:35:44][Server]User #1 x-Loc=100 y-Loc=300 xHead=0  Act=0 HP=100 MP=12
[INFO][2021-07-27 09:35:44][Server]User #2 x-Loc=100 y-Loc=300 xHead=1  Act=0 HP=60 MP=4
[INFO][2021-07-27 09:35:44][Server]client #1 transferred caotijing #5436
[INFO][2021-07-27 09:35:44][Server]User #1 x-Loc=100 y-Loc=300 xHead=0  Act=0 HP=100 MP=12
[INFO][2021-07-27 09:35:44][Server]User #2 x-Loc=150 y-Loc=300 xHead=1  Act=1 HP=60 MP=4
[INFO][2021-07-27 09:35:44][Server]client #1 transferred caotijing #5436
[INFO][2021-07-27 09:35:44][Server]User #1 x-Loc=100 y-Loc=300 xHead=0  Act=0 HP=100 MP=12
[INFO][2021-07-27 09:35:44][Server]User #2 x-Loc=150 y-Loc=300 xHead=1  Act=0 HP=60 MP=4
[INFO][2021-07-27 09:35:45][Server]client #1 transferred caotijing #5436
[INFO][2021-07-27 09:35:45][Server]User #1 x-Loc=100 y-Loc=300 xHead=0  Act=0 HP=100 MP=12
[INFO][2021-07-27 09:35:45][Server]User #2 x-Loc=200 y-Loc=300 xHead=1  Act=1 HP=60 MP=4
[INFO][2021-07-27 09:35:45][Server]client #1 transferred caotijing #5436
[INFO][2021-07-27 09:35:45][Server]User #1 x-Loc=100 y-Loc=300 xHead=0  Act=0 HP=100 MP=12
[INFO][2021-07-27 09:35:45][Server]User #2 x-Loc=200 y-Loc=300 xHead=1  Act=0 HP=60 MP=4
[INFO][2021-07-27 09:35:45][Server]client #1 transferred caotijing #5436
[INFO][2021-07-27 09:35:45][Server]User #1 x-Loc=100 y-Loc=300 xHead=0  Act=0 HP=100 MP=12
[INFO][2021-07-27 09:35:45][Server]User #2 x-Loc=250 y-Loc=300 xHead=1  Act=1 HP=60 MP=4
[INFO][2021-07-27 09:35:45][Server]client #1 transferred caotijing #5436
[INFO][2021-07-27 09:35:45][Server]User #1 x-Loc=100 y-Loc=300 xHead=0  Act=0 HP=100 MP=12
[INFO][2021-07-27 09:35:45][Server]User #2 x-Loc=250 y-Loc=300 xHead=1  Act=0 HP=60 MP=4
[INFO][2021-07-27 09:35:45][Server]client #1 transferred caotijing #5436
[INFO][2021-07-27 09:35:45][Server]User #1 x-Loc=100 y-Loc=300 xHead=0  Act=0 HP=100 MP=12
[INFO][2021-07-27 09:35:45][Server]User #2 x-Loc=300 y-Loc=300 xHead=1  Act=1 HP=60 MP=4
[INFO][2021-07-27 09:35:45][Server]client #1 transferred caotijing #5436
[INFO][2021-07-27 09:35:45][Server]User #1 x-Loc=100 y-Loc=300 xHead=0  Act=0 HP=100 MP=12
[INFO][2021-07-27 09:35:45][Server]User #2 x-Loc=300 y-Loc=300 xHead=1  Act=0 HP=60 MP=4
[INFO][2021-07-27 09:35:45][Server]client #1 transferred caotijing #5436
[INFO][2021-07-27 09:35:45][Server]User #1 x-Loc=100 y-Loc=300 xHead=0  Act=0 HP=100 MP=12
[INFO][2021-07-27 09:35:45][Server]User #2 x-Loc=350 y-Loc=300 xHead=1  Act=1 HP=60 MP=4
[INFO][2021-07-27 09:35:45][Server]client #1 transferred caotijing #5436
[INFO][2021-07-27 09:35:45][Server]User #1 x-Loc=100 y-Loc=300 xHead=0  Act=0 HP=100 MP=12
[INFO][2021-07-27 09:35:45][Server]User #2 x-Loc=350 y-Loc=300 xHead=1  Act=0 HP=60 MP=4
[INFO][2021-07-27 09:35:45][Server]client #1 transferred caotijing #5436
[INFO][2021-07-27 09:35:45][Server]User #1 x-Loc=100 y-Loc=300 xHead=0  Act=0 HP=100 MP=12
[INFO][2021-07-27 09:35:45][Server]User #2 x-Loc=400 y-Loc=300 xHead=1  Act=1 HP=60 MP=4
[INFO][2021-07-27 09:35:45][Server]client #1 transferred caotijing #5436
[INFO][2021-07-27 09:35:45][Server]User #1 x-Loc=100 y-Loc=300 xHead=0  Act=0 HP=100 MP=12
[INFO][2021-07-27 09:35:45][Server]User #2 x-Loc=400 y-Loc=300 xHead=1  Act=0 HP=60 MP=4
[INFO][2021-07-27 09:35:45][Server]client #1 transferred caotijing #5436
[INFO][2021-07-27 09:35:45][Server]User #1 x-Loc=100 y-Loc=300 xHead=0  Act=0 HP=100 MP=12
[INFO][2021-07-27 09:35:45][Server]User #2 x-Loc=450 y-Loc=300 xHead=1  Act=1 HP=60 MP=4
[INFO][2021-07-27 09:35:45][Server]client #1 transferred caotijing #5436
[INFO][2021-07-27 09:35:45][Server]User #1 x-Loc=100 y-Loc=300 xHead=0  Act=0 HP=100 MP=12
[INFO][2021-07-27 09:35:45][Server]User #2 x-Loc=450 y-Loc=300 xHead=1  Act=0 HP=60 MP=4
[INFO][2021-07-27 09:35:45][Server]client #1 transferred caotijing #5436
[INFO][2021-07-27 09:35:45][Server]User #1 x-Loc=100 y-Loc=300 xHead=0  Act=0 HP=100 MP=12
[INFO][2021-07-27 09:35:45][Server]User #2 x-Loc=500 y-Loc=300 xHead=1  Act=1 HP=60 MP=4
[INFO][2021-07-27 09:35:45][Server]client #1 transferred caotijing #5436
[INFO][2021-07-27 09:35:45][Server]User #1 x-Loc=100 y-Loc=300 xHead=0  Act=0 HP=100 MP=12
[INFO][2021-07-27 09:35:45][Server]User #2 x-Loc=500 y-Loc=300 xHead=1  Act=0 HP=60 MP=4
[INFO][2021-07-27 09:35:45][Server]client #1 transferred caotijing #5436
[INFO][2021-07-27 09:35:45][Server]User #1 x-Loc=100 y-Loc=300 xHead=0  Act=0 HP=100 MP=12
[INFO][2021-07-27 09:35:45][Server]User #2 x-Loc=450 y-Loc=300 xHead=0  Act=1 HP=60 MP=4
[INFO][2021-07-27 09:35:45][Server]client #1 transferred caotijing #5436
[INFO][2021-07-27 09:35:45][Server]User #1 x-Loc=100 y-Loc=300 xHead=0  Act=0 HP=100 MP=12
[INFO][2021-07-27 09:35:45][Server]User #2 x-Loc=450 y-Loc=300 xHead=0  Act=0 HP=60 MP=4
[INFO][2021-07-27 09:35:46][Server]client #1 transferred caotijing #5436
[INFO][2021-07-27 09:35:46][Server]User #1 x-Loc=100 y-Loc=300 xHead=0  Act=0 HP=100 MP=12
[INFO][2021-07-27 09:35:46][Server]User #2 x-Loc=400 y-Loc=300 xHead=0  Act=1 HP=60 MP=4
[INFO][2021-07-27 09:35:46][Server]client #1 transferred caotijing #5436
[INFO][2021-07-27 09:35:46][Server]User #1 x-Loc=100 y-Loc=300 xHead=0  Act=0 HP=100 MP=12
[INFO][2021-07-27 09:35:46][Server]User #2 x-Loc=400 y-Loc=300 xHead=0  Act=0 HP=60 MP=4
[INFO][2021-07-27 09:35:46][Server]client #1 transferred caotijing #5436
[INFO][2021-07-27 09:35:46][Server]User #1 x-Loc=100 y-Loc=300 xHead=0  Act=0 HP=100 MP=12
[INFO][2021-07-27 09:35:46][Server]User #2 x-Loc=350 y-Loc=300 xHead=0  Act=1 HP=60 MP=4
[INFO][2021-07-27 09:35:46][Server]client #1 transferred caotijing #5436
[INFO][2021-07-27 09:35:46][Server]User #1 x-Loc=100 y-Loc=300 xHead=0  Act=0 HP=100 MP=12
[INFO][2021-07-27 09:35:46][Server]User #2 x-Loc=350 y-Loc=300 xHead=0  Act=0 HP=60 MP=4
[INFO][2021-07-27 09:35:46][Server]client #1 transferred caotijing #5436
[INFO][2021-07-27 09:35:46][Server]User #1 x-Loc=100 y-Loc=300 xHead=0  Act=0 HP=100 MP=12
[INFO][2021-07-27 09:35:46][Server]User #2 x-Loc=300 y-Loc=300 xHead=0  Act=1 HP=60 MP=4
[INFO][2021-07-27 09:35:46][Server]client #1 transferred caotijing #5436
[INFO][2021-07-27 09:35:46][Server]User #1 x-Loc=100 y-Loc=300 xHead=0  Act=0 HP=100 MP=12
[INFO][2021-07-27 09:35:46][Server]User #2 x-Loc=300 y-Loc=300 xHead=0  Act=0 HP=60 MP=4
[INFO][2021-07-27 09:35:46][Server]client #1 transferred caotijing #5436
[INFO][2021-07-27 09:35:46][Server]User #1 x-Loc=100 y-Loc=300 xHead=0  Act=0 HP=100 MP=12
[INFO][2021-07-27 09:35:46][Server]User #2 x-Loc=250 y-Loc=300 xHead=0  Act=1 HP=60 MP=4
[INFO][2021-07-27 09:35:46][Server]client #1 transferred caotijing #5436
[INFO][2021-07-27 09:35:46][Server]User #1 x-Loc=100 y-Loc=300 xHead=0  Act=0 HP=100 MP=12
[INFO][2021-07-27 09:35:46][Server]User #2 x-Loc=250 y-Loc=300 xHead=0  Act=0 HP=60 MP=4
[INFO][2021-07-27 09:35:46][Server]client #1 transferred caotijing #5436
[INFO][2021-07-27 09:35:46][Server]User #1 x-Loc=100 y-Loc=300 xHead=0  Act=0 HP=100 MP=12
[INFO][2021-07-27 09:35:46][Server]User #2 x-Loc=200 y-Loc=300 xHead=0  Act=1 HP=60 MP=4
[INFO][2021-07-27 09:35:46][Server]client #1 transferred caotijing #5436
[INFO][2021-07-27 09:35:46][Server]User #1 x-Loc=100 y-Loc=300 xHead=0  Act=0 HP=100 MP=12
[INFO][2021-07-27 09:35:46][Server]User #2 x-Loc=200 y-Loc=300 xHead=0  Act=0 HP=60 MP=4
[INFO][2021-07-27 09:35:47][Server]client #1 transferred caotijing #5436
[INFO][2021-07-27 09:35:47][Server]User #1 x-Loc=100 y-Loc=300 xHead=0  Act=0 HP=100 MP=12
[INFO][2021-07-27 09:35:47][Server]User #2 x-Loc=150 y-Loc=300 xHead=0  Act=1 HP=60 MP=4
[INFO][2021-07-27 09:35:47][Server]client #1 transferred caotijing #5436
[INFO][2021-07-27 09:35:47][Server]User #1 x-Loc=100 y-Loc=300 xHead=0  Act=0 HP=100 MP=12
[INFO][2021-07-27 09:35:47][Server]User #2 x-Loc=150 y-Loc=300 xHead=0  Act=0 HP=60 MP=4
[INFO][2021-07-27 09:35:47][Server]client #1 transferred caotijing #5436
[INFO][2021-07-27 09:35:47][Server]Player #2 Attack Player #1. Got Damage 10pts.
        Now Player #1 HP is 90   MP is 13
            Player #2 HP is 60   MP is 7
[INFO][2021-07-27 09:35:47][Server]User #1 x-Loc=100 y-Loc=300 xHead=0  Act=15 HP=90 MP=13
[INFO][2021-07-27 09:35:47][Server]User #2 x-Loc=150 y-Loc=300 xHead=0  Act=10 HP=60 MP=7
[INFO][2021-07-27 09:35:47][Server]client #1 transferred caotijing #5436
[INFO][2021-07-27 09:35:47][Server]User #1 x-Loc=100 y-Loc=300 xHead=0  Act=15 HP=90 MP=13
[INFO][2021-07-27 09:35:47][Server]User #2 x-Loc=150 y-Loc=300 xHead=0  Act=0 HP=60 MP=7
[INFO][2021-07-27 09:35:48][Server]client #1 transferred caotijing #5436
[INFO][2021-07-27 09:35:48][Server]Player #2 Attack Player #1. Got Damage 10pts.
        Now Player #1 HP is 80   MP is 14
            Player #2 HP is 60   MP is 10
[INFO][2021-07-27 09:35:48][Server]User #1 x-Loc=100 y-Loc=300 xHead=0  Act=16 HP=80 MP=14
[INFO][2021-07-27 09:35:48][Server]User #2 x-Loc=150 y-Loc=300 xHead=0  Act=10 HP=60 MP=10
[INFO][2021-07-27 09:35:48][Server]client #1 transferred caotijing #5436
[INFO][2021-07-27 09:35:48][Server]User #1 x-Loc=100 y-Loc=300 xHead=0  Act=16 HP=80 MP=14
[INFO][2021-07-27 09:35:48][Server]User #2 x-Loc=150 y-Loc=300 xHead=0  Act=0 HP=60 MP=10
[INFO][2021-07-27 09:35:49][Server]client #1 transferred caotijing #5436
[INFO][2021-07-27 09:35:49][Server]Player #2 Attack Player #1. Got Damage 10pts.
        Now Player #1 HP is 70   MP is 15
            Player #2 HP is 60   MP is 13
[INFO][2021-07-27 09:35:49][Server]User #1 x-Loc=100 y-Loc=300 xHead=0  Act=17 HP=70 MP=15
[INFO][2021-07-27 09:35:49][Server]User #2 x-Loc=150 y-Loc=300 xHead=0  Act=10 HP=60 MP=13
[INFO][2021-07-27 09:35:49][Server]client #1 transferred caotijing #5436
[INFO][2021-07-27 09:35:49][Server]User #1 x-Loc=100 y-Loc=300 xHead=0  Act=17 HP=70 MP=15
[INFO][2021-07-27 09:35:49][Server]User #2 x-Loc=150 y-Loc=300 xHead=0  Act=0 HP=60 MP=13
[INFO][2021-07-27 09:35:50][Server]client #1 transferred caotijing #5436
[INFO][2021-07-27 09:35:50][Server]Player #2 Attack Player #1. Got Damage 10pts.
        Now Player #1 HP is 60   MP is 15
            Player #2 HP is 60   MP is 15
[INFO][2021-07-27 09:35:50][Server]User #1 x-Loc=100 y-Loc=300 xHead=0  Act=0 HP=60 MP=15
[INFO][2021-07-27 09:35:50][Server]User #2 x-Loc=150 y-Loc=300 xHead=0  Act=10 HP=60 MP=15
[INFO][2021-07-27 09:35:50][Server]client #1 transferred caotijing #5436
[INFO][2021-07-27 09:35:50][Server]User #1 x-Loc=100 y-Loc=300 xHead=0  Act=0 HP=60 MP=15
[INFO][2021-07-27 09:35:50][Server]User #2 x-Loc=150 y-Loc=300 xHead=0  Act=0 HP=60 MP=15
[INFO][2021-07-27 09:35:57][Server]client #1 transferred caotijing #5436
[INFO][2021-07-27 09:35:57][Server]User #1 x-Loc=100 y-Loc=300 xHead=0  Act=0 HP=60 MP=15
[INFO][2021-07-27 09:35:57][Server]User #2 x-Loc=200 y-Loc=300 xHead=1  Act=1 HP=60 MP=15
[INFO][2021-07-27 09:35:57][Server]client #1 transferred caotijing #5436
[INFO][2021-07-27 09:35:57][Server]User #1 x-Loc=100 y-Loc=300 xHead=0  Act=0 HP=60 MP=15
[INFO][2021-07-27 09:35:57][Server]User #2 x-Loc=200 y-Loc=300 xHead=1  Act=0 HP=60 MP=15
[INFO][2021-07-27 09:35:58][Server]client #2 transferred baofengzi #409
[INFO][2021-07-27 09:35:58][Server]User #1 x-Loc=150 y-Loc=300 xHead=1  Act=1 HP=60 MP=15
[INFO][2021-07-27 09:35:58][Server]User #2 x-Loc=200 y-Loc=300 xHead=1  Act=0 HP=60 MP=15
[INFO][2021-07-27 09:35:58][Server]client #2 transferred baofengzi #409
[INFO][2021-07-27 09:35:58][Server]User #1 x-Loc=150 y-Loc=300 xHead=1  Act=0 HP=60 MP=15
[INFO][2021-07-27 09:35:58][Server]User #2 x-Loc=200 y-Loc=300 xHead=1  Act=0 HP=60 MP=15
[INFO][2021-07-27 09:35:59][Server]client #2 transferred baofengzi #409
[INFO][2021-07-27 09:35:59][Server]User #1 x-Loc=200 y-Loc=300 xHead=1  Act=1 HP=60 MP=15
[INFO][2021-07-27 09:35:59][Server]User #2 x-Loc=200 y-Loc=300 xHead=1  Act=0 HP=60 MP=15
[INFO][2021-07-27 09:35:59][Server]client #2 transferred baofengzi #409
[INFO][2021-07-27 09:35:59][Server]User #1 x-Loc=200 y-Loc=300 xHead=1  Act=0 HP=60 MP=15
[INFO][2021-07-27 09:35:59][Server]User #2 x-Loc=200 y-Loc=300 xHead=1  Act=0 HP=60 MP=15
[INFO][2021-07-27 09:35:59][Server]client #2 transferred baofengzi #409
[INFO][2021-07-27 09:35:59][Server]User #1 x-Loc=250 y-Loc=300 xHead=1  Act=1 HP=60 MP=15
[INFO][2021-07-27 09:35:59][Server]User #2 x-Loc=200 y-Loc=300 xHead=1  Act=0 HP=60 MP=15
[INFO][2021-07-27 09:35:59][Server]client #2 transferred baofengzi #409
[INFO][2021-07-27 09:35:59][Server]User #1 x-Loc=250 y-Loc=300 xHead=1  Act=0 HP=60 MP=15
[INFO][2021-07-27 09:35:59][Server]User #2 x-Loc=200 y-Loc=300 xHead=1  Act=0 HP=60 MP=15
[INFO][2021-07-27 09:35:59][Server]client #2 transferred baofengzi #409
[INFO][2021-07-27 09:35:59][Server]User #1 x-Loc=300 y-Loc=300 xHead=1  Act=1 HP=60 MP=15
[INFO][2021-07-27 09:35:59][Server]User #2 x-Loc=200 y-Loc=300 xHead=1  Act=0 HP=60 MP=15
[INFO][2021-07-27 09:35:59][Server]client #2 transferred baofengzi #409
[INFO][2021-07-27 09:35:59][Server]User #1 x-Loc=300 y-Loc=300 xHead=1  Act=0 HP=60 MP=15
[INFO][2021-07-27 09:35:59][Server]User #2 x-Loc=200 y-Loc=300 xHead=1  Act=0 HP=60 MP=15
[INFO][2021-07-27 09:35:59][Server]client #2 transferred baofengzi #409
[INFO][2021-07-27 09:35:59][Server]User #1 x-Loc=350 y-Loc=300 xHead=1  Act=1 HP=60 MP=15
[INFO][2021-07-27 09:35:59][Server]User #2 x-Loc=200 y-Loc=300 xHead=1  Act=0 HP=60 MP=15
[INFO][2021-07-27 09:35:59][Server]client #2 transferred baofengzi #409
[INFO][2021-07-27 09:35:59][Server]User #1 x-Loc=350 y-Loc=300 xHead=1  Act=0 HP=60 MP=15
[INFO][2021-07-27 09:35:59][Server]User #2 x-Loc=200 y-Loc=300 xHead=1  Act=0 HP=60 MP=15
[INFO][2021-07-27 09:35:59][Server]client #2 transferred baofengzi #409
[INFO][2021-07-27 09:35:59][Server]User #1 x-Loc=400 y-Loc=300 xHead=1  Act=1 HP=60 MP=15
[INFO][2021-07-27 09:35:59][Server]User #2 x-Loc=200 y-Loc=300 xHead=1  Act=0 HP=60 MP=15
[INFO][2021-07-27 09:35:59][Server]client #2 transferred baofengzi #409
[INFO][2021-07-27 09:35:59][Server]User #1 x-Loc=400 y-Loc=300 xHead=1  Act=0 HP=60 MP=15
[INFO][2021-07-27 09:35:59][Server]User #2 x-Loc=200 y-Loc=300 xHead=1  Act=0 HP=60 MP=15
[INFO][2021-07-27 09:35:59][Server]client #2 transferred baofengzi #409
[INFO][2021-07-27 09:35:59][Server]User #1 x-Loc=350 y-Loc=300 xHead=0  Act=1 HP=60 MP=15
[INFO][2021-07-27 09:35:59][Server]User #2 x-Loc=200 y-Loc=300 xHead=1  Act=0 HP=60 MP=15
[INFO][2021-07-27 09:35:59][Server]client #2 transferred baofengzi #409
[INFO][2021-07-27 09:35:59][Server]User #1 x-Loc=350 y-Loc=300 xHead=0  Act=0 HP=60 MP=15
[INFO][2021-07-27 09:35:59][Server]User #2 x-Loc=200 y-Loc=300 xHead=1  Act=0 HP=60 MP=15
[INFO][2021-07-27 09:35:59][Server]client #2 transferred baofengzi #409
[INFO][2021-07-27 09:35:59][Server]User #1 x-Loc=300 y-Loc=300 xHead=0  Act=1 HP=60 MP=15
[INFO][2021-07-27 09:35:59][Server]User #2 x-Loc=200 y-Loc=300 xHead=1  Act=0 HP=60 MP=15
[INFO][2021-07-27 09:35:59][Server]client #2 transferred baofengzi #409
[INFO][2021-07-27 09:35:59][Server]User #1 x-Loc=300 y-Loc=300 xHead=0  Act=0 HP=60 MP=15
[INFO][2021-07-27 09:35:59][Server]User #2 x-Loc=200 y-Loc=300 xHead=1  Act=0 HP=60 MP=15
[INFO][2021-07-27 09:36:00][Server]client #2 transferred baofengzi #409
[INFO][2021-07-27 09:36:00][Server]User #1 x-Loc=250 y-Loc=300 xHead=0  Act=1 HP=60 MP=15
[INFO][2021-07-27 09:36:00][Server]User #2 x-Loc=200 y-Loc=300 xHead=1  Act=0 HP=60 MP=15
[INFO][2021-07-27 09:36:00][Server]client #2 transferred baofengzi #409
[INFO][2021-07-27 09:36:00][Server]User #1 x-Loc=250 y-Loc=300 xHead=0  Act=0 HP=60 MP=15
[INFO][2021-07-27 09:36:00][Server]User #2 x-Loc=200 y-Loc=300 xHead=1  Act=0 HP=60 MP=15
[INFO][2021-07-27 09:36:01][Server]client #2 transferred baofengzi #409
[INFO][2021-07-27 09:36:01][Server]Player #1 Attack Player #2. Got Damage 10pts.
        Now Player #1 HP is 60   MP is 15
            Player #2 HP is 50   MP is 15
[INFO][2021-07-27 09:36:01][Server]User #1 x-Loc=250 y-Loc=300 xHead=0  Act=10 HP=60 MP=15
[INFO][2021-07-27 09:36:01][Server]User #2 x-Loc=200 y-Loc=300 xHead=1  Act=15 HP=50 MP=15
[INFO][2021-07-27 09:36:01][Server]client #2 transferred baofengzi #409
[INFO][2021-07-27 09:36:01][Server]User #1 x-Loc=250 y-Loc=300 xHead=0  Act=0 HP=60 MP=15
[INFO][2021-07-27 09:36:01][Server]User #2 x-Loc=200 y-Loc=300 xHead=1  Act=15 HP=50 MP=15
[INFO][2021-07-27 09:36:03][Server]client #2 transferred baofengzi #409
[INFO][2021-07-27 09:36:03][Server]Player #1 Attack Player #2. Got Damage 10pts.
        Now Player #1 HP is 60   MP is 15
            Player #2 HP is 40   MP is 15
[INFO][2021-07-27 09:36:03][Server]User #1 x-Loc=250 y-Loc=300 xHead=0  Act=10 HP=60 MP=15
[INFO][2021-07-27 09:36:03][Server]User #2 x-Loc=200 y-Loc=300 xHead=1  Act=16 HP=40 MP=15
[INFO][2021-07-27 09:36:03][Server]client #2 transferred baofengzi #409
[INFO][2021-07-27 09:36:03][Server]User #1 x-Loc=250 y-Loc=300 xHead=0  Act=0 HP=60 MP=15
[INFO][2021-07-27 09:36:03][Server]User #2 x-Loc=200 y-Loc=300 xHead=1  Act=16 HP=40 MP=15
[INFO][2021-07-27 09:36:08][Server]client #2 transferred baofengzi #409
[INFO][2021-07-27 09:36:08][Server]Player #1 Attack Player #2. Got Damage 10pts.
        Now Player #1 HP is 60   MP is 15
            Player #2 HP is 30   MP is 15
[INFO][2021-07-27 09:36:08][Server]User #1 x-Loc=250 y-Loc=300 xHead=0  Act=10 HP=60 MP=15
[INFO][2021-07-27 09:36:08][Server]User #2 x-Loc=200 y-Loc=300 xHead=1  Act=17 HP=30 MP=15
[INFO][2021-07-27 09:36:09][Server]client #2 transferred baofengzi #409
[INFO][2021-07-27 09:36:09][Server]User #1 x-Loc=250 y-Loc=300 xHead=0  Act=0 HP=60 MP=15
[INFO][2021-07-27 09:36:09][Server]User #2 x-Loc=200 y-Loc=300 xHead=1  Act=17 HP=30 MP=15
[INFO][2021-07-27 09:36:12][Server]client #1 transferred caotijing #5436
[INFO][2021-07-27 09:36:12][Server]User #1 x-Loc=250 y-Loc=300 xHead=0  Act=0 HP=60 MP=15
[INFO][2021-07-27 09:36:12][Server]User #2 x-Loc=250 y-Loc=300 xHead=1  Act=1 HP=30 MP=15
[INFO][2021-07-27 09:36:12][Server]client #1 transferred caotijing #5436
[INFO][2021-07-27 09:36:12][Server]User #1 x-Loc=250 y-Loc=300 xHead=0  Act=0 HP=60 MP=15
[INFO][2021-07-27 09:36:12][Server]User #2 x-Loc=250 y-Loc=300 xHead=1  Act=0 HP=30 MP=15
[INFO][2021-07-27 09:36:15][Server]client #2 transferred baofengzi #409
[INFO][2021-07-27 09:36:15][Server]User #1 x-Loc=200 y-Loc=300 xHead=0  Act=1 HP=60 MP=15
[INFO][2021-07-27 09:36:15][Server]User #2 x-Loc=250 y-Loc=300 xHead=1  Act=0 HP=30 MP=15
[INFO][2021-07-27 09:36:15][Server]client #2 transferred baofengzi #409
[INFO][2021-07-27 09:36:15][Server]User #1 x-Loc=200 y-Loc=300 xHead=0  Act=0 HP=60 MP=15
[INFO][2021-07-27 09:36:15][Server]User #2 x-Loc=250 y-Loc=300 xHead=1  Act=0 HP=30 MP=15
[INFO][2021-07-27 09:36:15][Server]client #2 transferred baofengzi #409
[INFO][2021-07-27 09:36:15][Server]User #1 x-Loc=250 y-Loc=300 xHead=1  Act=1 HP=60 MP=15
[INFO][2021-07-27 09:36:15][Server]User #2 x-Loc=250 y-Loc=300 xHead=1  Act=0 HP=30 MP=15
[INFO][2021-07-27 09:36:16][Server]client #2 transferred baofengzi #409
[INFO][2021-07-27 09:36:16][Server]User #1 x-Loc=250 y-Loc=300 xHead=1  Act=0 HP=60 MP=15
[INFO][2021-07-27 09:36:16][Server]User #2 x-Loc=250 y-Loc=300 xHead=1  Act=0 HP=30 MP=15
[INFO][2021-07-27 09:36:16][Server]client #2 transferred baofengzi #409
[INFO][2021-07-27 09:36:16][Server]User #1 x-Loc=300 y-Loc=300 xHead=1  Act=1 HP=60 MP=15
[INFO][2021-07-27 09:36:16][Server]User #2 x-Loc=250 y-Loc=300 xHead=1  Act=0 HP=30 MP=15
[INFO][2021-07-27 09:36:16][Server]client #2 transferred baofengzi #409
[INFO][2021-07-27 09:36:16][Server]User #1 x-Loc=300 y-Loc=300 xHead=1  Act=0 HP=60 MP=15
[INFO][2021-07-27 09:36:16][Server]User #2 x-Loc=250 y-Loc=300 xHead=1  Act=0 HP=30 MP=15
[INFO][2021-07-27 09:36:17][Server]client #1 transferred caotijing #5436
[INFO][2021-07-27 09:36:17][Server]User #1 x-Loc=300 y-Loc=300 xHead=1  Act=0 HP=60 MP=15
[INFO][2021-07-27 09:36:17][Server]User #2 x-Loc=300 y-Loc=300 xHead=1  Act=1 HP=30 MP=15
[INFO][2021-07-27 09:36:17][Server]client #1 transferred caotijing #5436
[INFO][2021-07-27 09:36:17][Server]User #1 x-Loc=300 y-Loc=300 xHead=1  Act=0 HP=60 MP=15
[INFO][2021-07-27 09:36:17][Server]User #2 x-Loc=300 y-Loc=300 xHead=1  Act=0 HP=30 MP=15
[INFO][2021-07-27 09:36:18][Server]client #1 transferred caotijing #5436
[INFO][2021-07-27 09:36:18][Server]User #1 x-Loc=300 y-Loc=300 xHead=1  Act=0 HP=60 MP=15
[INFO][2021-07-27 09:36:18][Server]User #2 x-Loc=250 y-Loc=300 xHead=0  Act=1 HP=30 MP=15
[INFO][2021-07-27 09:36:18][Server]client #1 transferred caotijing #5436
[INFO][2021-07-27 09:36:18][Server]User #1 x-Loc=300 y-Loc=300 xHead=1  Act=0 HP=60 MP=15
[INFO][2021-07-27 09:36:18][Server]User #2 x-Loc=250 y-Loc=300 xHead=0  Act=0 HP=30 MP=15
[INFO][2021-07-27 09:36:18][Server]client #1 transferred caotijing #5436
[INFO][2021-07-27 09:36:18][Server]User #1 x-Loc=300 y-Loc=300 xHead=1  Act=0 HP=60 MP=15
[INFO][2021-07-27 09:36:18][Server]User #2 x-Loc=200 y-Loc=300 xHead=0  Act=1 HP=30 MP=15
[INFO][2021-07-27 09:36:18][Server]client #1 transferred caotijing #5436
[INFO][2021-07-27 09:36:18][Server]User #1 x-Loc=300 y-Loc=300 xHead=1  Act=0 HP=60 MP=15
[INFO][2021-07-27 09:36:18][Server]User #2 x-Loc=200 y-Loc=300 xHead=0  Act=0 HP=30 MP=15
[INFO][2021-07-27 09:36:18][Server]client #1 transferred caotijing #5436
[INFO][2021-07-27 09:36:18][Server]User #1 x-Loc=300 y-Loc=300 xHead=1  Act=0 HP=60 MP=15
[INFO][2021-07-27 09:36:18][Server]User #2 x-Loc=250 y-Loc=300 xHead=1  Act=1 HP=30 MP=15
[INFO][2021-07-27 09:36:19][Server]client #1 transferred caotijing #5436
[INFO][2021-07-27 09:36:19][Server]User #1 x-Loc=300 y-Loc=300 xHead=1  Act=0 HP=60 MP=15
[INFO][2021-07-27 09:36:19][Server]User #2 x-Loc=250 y-Loc=300 xHead=1  Act=0 HP=30 MP=15
[INFO][2021-07-27 09:36:19][Server]client #1 transferred caotijing #5436
[INFO][2021-07-27 09:36:19][Server]User #1 x-Loc=300 y-Loc=300 xHead=1  Act=0 HP=60 MP=15
[INFO][2021-07-27 09:36:19][Server]User #2 x-Loc=300 y-Loc=300 xHead=1  Act=1 HP=30 MP=15
[INFO][2021-07-27 09:36:19][Server]client #1 transferred caotijing #5436
[INFO][2021-07-27 09:36:19][Server]User #1 x-Loc=300 y-Loc=300 xHead=1  Act=0 HP=60 MP=15
[INFO][2021-07-27 09:36:19][Server]User #2 x-Loc=300 y-Loc=300 xHead=1  Act=0 HP=30 MP=15
[INFO][2021-07-27 09:36:19][Server]client #1 transferred caotijing #5436
[INFO][2021-07-27 09:36:19][Server]User #1 x-Loc=300 y-Loc=300 xHead=1  Act=0 HP=60 MP=15
[INFO][2021-07-27 09:36:19][Server]User #2 x-Loc=250 y-Loc=300 xHead=0  Act=1 HP=30 MP=15
[INFO][2021-07-27 09:36:19][Server]client #1 transferred caotijing #5436
[INFO][2021-07-27 09:36:19][Server]User #1 x-Loc=300 y-Loc=300 xHead=1  Act=0 HP=60 MP=15
[INFO][2021-07-27 09:36:19][Server]User #2 x-Loc=250 y-Loc=300 xHead=0  Act=0 HP=30 MP=15
[INFO][2021-07-27 09:36:21][Server]client #1 transferred caotijing #5436
[INFO][2021-07-27 09:36:21][Server]User #1 x-Loc=300 y-Loc=300 xHead=1  Act=0 HP=60 MP=15
[INFO][2021-07-27 09:36:21][Server]User #2 x-Loc=300 y-Loc=300 xHead=1  Act=1 HP=30 MP=15
[INFO][2021-07-27 09:36:21][Server]client #1 transferred caotijing #5436
[INFO][2021-07-27 09:36:21][Server]User #1 x-Loc=300 y-Loc=300 xHead=1  Act=0 HP=60 MP=15
[INFO][2021-07-27 09:36:21][Server]User #2 x-Loc=300 y-Loc=300 xHead=1  Act=0 HP=30 MP=15
[INFO][2021-07-27 09:36:21][Server]client #1 transferred caotijing #5436
[INFO][2021-07-27 09:36:21][Server]Player #2 Attack Player #1. Got Damage 10pts.
        Now Player #1 HP is 50   MP is 15
            Player #2 HP is 30   MP is 15
[INFO][2021-07-27 09:36:21][Server]User #1 x-Loc=300 y-Loc=300 xHead=1  Act=15 HP=50 MP=15
[INFO][2021-07-27 09:36:21][Server]User #2 x-Loc=300 y-Loc=300 xHead=1  Act=10 HP=30 MP=15
[INFO][2021-07-27 09:36:21][Server]client #1 transferred caotijing #5436
[INFO][2021-07-27 09:36:21][Server]User #1 x-Loc=300 y-Loc=300 xHead=1  Act=15 HP=50 MP=15
[INFO][2021-07-27 09:36:21][Server]User #2 x-Loc=300 y-Loc=300 xHead=1  Act=0 HP=30 MP=15
[WARNING][2021-07-27 09:36:27][Server]client 2 Exception ! 
[WARNING][2021-07-27 09:36:28][Server]client 1 Exception ! 
