[INFO][2021-07-27 14:03:51][Server]Server started.
[INFO][2021-07-27 14:03:57][Server]client #1 transferred yigenisi #6901
[INFO][2021-07-27 14:04:04][Server]client #2 transferred baofengzi #3251
[INFO][2021-07-27 14:04:04][Server]User #1 x-Loc=700 y-Loc=300 xHead=0  Act=0 HP=330 MP=0
[INFO][2021-07-27 14:04:04][Server]User #2 x-Loc=50 y-Loc=300 xHead=1  Act=0 HP=330 MP=0
[INFO][2021-07-27 14:04:04][Server]client #1 transferred yigenisi #6901
[INFO][2021-07-27 14:04:04][Server]User #1 x-Loc=700 y-Loc=300 xHead=0  Act=0 HP=330 MP=0
[INFO][2021-07-27 14:04:04][Server]User #2 x-Loc=50 y-Loc=300 xHead=1  Act=0 HP=330 MP=0
[INFO][2021-07-27 14:04:04][Server]client #2 transferred baofengzi #3251
[INFO][2021-07-27 14:04:04][Server]User #1 x-Loc=700 y-Loc=300 xHead=0  Act=0 HP=330 MP=0
[INFO][2021-07-27 14:04:04][Server]User #2 x-Loc=50 y-Loc=300 xHead=1  Act=0 HP=330 MP=0
[INFO][2021-07-27 14:04:07][Server]client #2 transferred baofengzi #3251
[INFO][2021-07-27 14:04:07][Server]User #1 x-Loc=750 y-Loc=300 xHead=1  Act=1 HP=330 MP=0
[INFO][2021-07-27 14:04:07][Server]User #2 x-Loc=50 y-Loc=300 xHead=1  Act=0 HP=330 MP=0
[INFO][2021-07-27 14:04:07][Server]client #2 transferred baofengzi #3251
[INFO][2021-07-27 14:04:07][Server]User #1 x-Loc=750 y-Loc=300 xHead=1  Act=0 HP=330 MP=0
[INFO][2021-07-27 14:04:07][Server]User #2 x-Loc=50 y-Loc=300 xHead=1  Act=0 HP=330 MP=0
[INFO][2021-07-27 14:04:08][Server]client #2 transferred baofengzi #3251
[INFO][2021-07-27 14:04:08][Server]User #1 x-Loc=700 y-Loc=300 xHead=0  Act=1 HP=330 MP=0
[INFO][2021-07-27 14:04:08][Server]User #2 x-Loc=50 y-Loc=300 xHead=1  Act=0 HP=330 MP=0
[INFO][2021-07-27 14:04:08][Server]client #2 transferred baofengzi #3251
[INFO][2021-07-27 14:04:08][Server]User #1 x-Loc=700 y-Loc=300 xHead=0  Act=0 HP=330 MP=0
[INFO][2021-07-27 14:04:08][Server]User #2 x-Loc=50 y-Loc=300 xHead=1  Act=0 HP=330 MP=0
[INFO][2021-07-27 14:04:08][Server]client #2 transferred baofengzi #3251
[INFO][2021-07-27 14:04:08][Server]User #1 x-Loc=650 y-Loc=300 xHead=0  Act=1 HP=330 MP=0
[INFO][2021-07-27 14:04:08][Server]User #2 x-Loc=50 y-Loc=300 xHead=1  Act=0 HP=330 MP=0
[INFO][2021-07-27 14:04:08][Server]client #2 transferred baofengzi #3251
[INFO][2021-07-27 14:04:08][Server]User #1 x-Loc=650 y-Loc=300 xHead=0  Act=0 HP=330 MP=0
[INFO][2021-07-27 14:04:08][Server]User #2 x-Loc=50 y-Loc=300 xHead=1  Act=0 HP=330 MP=0
[INFO][2021-07-27 14:04:09][Server]client #2 transferred baofengzi #3251
[INFO][2021-07-27 14:04:09][Server]User #1 x-Loc=600 y-Loc=300 xHead=0  Act=1 HP=330 MP=0
[INFO][2021-07-27 14:04:09][Server]User #2 x-Loc=50 y-Loc=300 xHead=1  Act=0 HP=330 MP=0
[INFO][2021-07-27 14:04:09][Server]client #2 transferred baofengzi #3251
[INFO][2021-07-27 14:04:09][Server]User #1 x-Loc=600 y-Loc=300 xHead=0  Act=0 HP=330 MP=0
[INFO][2021-07-27 14:04:09][Server]User #2 x-Loc=50 y-Loc=300 xHead=1  Act=0 HP=330 MP=0
[INFO][2021-07-27 14:04:09][Server]client #2 transferred baofengzi #3251
[INFO][2021-07-27 14:04:09][Server]User #1 x-Loc=550 y-Loc=300 xHead=0  Act=1 HP=330 MP=0
[INFO][2021-07-27 14:04:09][Server]User #2 x-Loc=50 y-Loc=300 xHead=1  Act=0 HP=330 MP=0
[INFO][2021-07-27 14:04:09][Server]client #2 transferred baofengzi #3251
[INFO][2021-07-27 14:04:09][Server]User #1 x-Loc=550 y-Loc=300 xHead=0  Act=0 HP=330 MP=0
[INFO][2021-07-27 14:04:09][Server]User #2 x-Loc=50 y-Loc=300 xHead=1  Act=0 HP=330 MP=0
[INFO][2021-07-27 14:04:09][Server]client #2 transferred baofengzi #3251
[INFO][2021-07-27 14:04:09][Server]User #1 x-Loc=500 y-Loc=300 xHead=0  Act=1 HP=330 MP=0
[INFO][2021-07-27 14:04:09][Server]User #2 x-Loc=50 y-Loc=300 xHead=1  Act=0 HP=330 MP=0
[INFO][2021-07-27 14:04:09][Server]client #2 transferred baofengzi #3251
[INFO][2021-07-27 14:04:09][Server]User #1 x-Loc=500 y-Loc=300 xHead=0  Act=0 HP=330 MP=0
[INFO][2021-07-27 14:04:09][Server]User #2 x-Loc=50 y-Loc=300 xHead=1  Act=0 HP=330 MP=0
[INFO][2021-07-27 14:04:09][Server]client #2 transferred baofengzi #3251
[INFO][2021-07-27 14:04:09][Server]User #1 x-Loc=450 y-Loc=300 xHead=0  Act=1 HP=330 MP=0
[INFO][2021-07-27 14:04:09][Server]User #2 x-Loc=50 y-Loc=300 xHead=1  Act=0 HP=330 MP=0
[INFO][2021-07-27 14:04:09][Server]client #2 transferred baofengzi #3251
[INFO][2021-07-27 14:04:09][Server]User #1 x-Loc=450 y-Loc=300 xHead=0  Act=0 HP=330 MP=0
[INFO][2021-07-27 14:04:09][Server]User #2 x-Loc=50 y-Loc=300 xHead=1  Act=0 HP=330 MP=0
[INFO][2021-07-27 14:04:09][Server]client #2 transferred baofengzi #3251
[INFO][2021-07-27 14:04:09][Server]User #1 x-Loc=400 y-Loc=300 xHead=0  Act=1 HP=330 MP=0
[INFO][2021-07-27 14:04:09][Server]User #2 x-Loc=50 y-Loc=300 xHead=1  Act=0 HP=330 MP=0
[INFO][2021-07-27 14:04:09][Server]client #2 transferred baofengzi #3251
[INFO][2021-07-27 14:04:09][Server]User #1 x-Loc=400 y-Loc=300 xHead=0  Act=0 HP=330 MP=0
[INFO][2021-07-27 14:04:09][Server]User #2 x-Loc=50 y-Loc=300 xHead=1  Act=0 HP=330 MP=0
[INFO][2021-07-27 14:04:09][Server]client #2 transferred baofengzi #3251
[INFO][2021-07-27 14:04:09][Server]User #1 x-Loc=350 y-Loc=300 xHead=0  Act=1 HP=330 MP=0
[INFO][2021-07-27 14:04:09][Server]User #2 x-Loc=50 y-Loc=300 xHead=1  Act=0 HP=330 MP=0
[INFO][2021-07-27 14:04:09][Server]client #2 transferred baofengzi #3251
[INFO][2021-07-27 14:04:09][Server]User #1 x-Loc=350 y-Loc=300 xHead=0  Act=0 HP=330 MP=0
[INFO][2021-07-27 14:04:09][Server]User #2 x-Loc=50 y-Loc=300 xHead=1  Act=0 HP=330 MP=0
[INFO][2021-07-27 14:04:09][Server]client #2 transferred baofengzi #3251
[INFO][2021-07-27 14:04:09][Server]User #1 x-Loc=300 y-Loc=300 xHead=0  Act=1 HP=330 MP=0
[INFO][2021-07-27 14:04:09][Server]User #2 x-Loc=50 y-Loc=300 xHead=1  Act=0 HP=330 MP=0
[INFO][2021-07-27 14:04:09][Server]client #2 transferred baofengzi #3251
[INFO][2021-07-27 14:04:09][Server]User #1 x-Loc=300 y-Loc=300 xHead=0  Act=0 HP=330 MP=0
[INFO][2021-07-27 14:04:09][Server]User #2 x-Loc=50 y-Loc=300 xHead=1  Act=0 HP=330 MP=0
[INFO][2021-07-27 14:04:09][Server]client #2 transferred baofengzi #3251
[INFO][2021-07-27 14:04:09][Server]User #1 x-Loc=250 y-Loc=300 xHead=0  Act=1 HP=330 MP=0
[INFO][2021-07-27 14:04:09][Server]User #2 x-Loc=50 y-Loc=300 xHead=1  Act=0 HP=330 MP=0
[INFO][2021-07-27 14:04:09][Server]client #2 transferred baofengzi #3251
[INFO][2021-07-27 14:04:09][Server]User #1 x-Loc=250 y-Loc=300 xHead=0  Act=0 HP=330 MP=0
[INFO][2021-07-27 14:04:09][Server]User #2 x-Loc=50 y-Loc=300 xHead=1  Act=0 HP=330 MP=0
[INFO][2021-07-27 14:04:09][Server]client #2 transferred baofengzi #3251
[INFO][2021-07-27 14:04:09][Server]User #1 x-Loc=200 y-Loc=300 xHead=0  Act=1 HP=330 MP=0
[INFO][2021-07-27 14:04:09][Server]User #2 x-Loc=50 y-Loc=300 xHead=1  Act=0 HP=330 MP=0
[INFO][2021-07-27 14:04:09][Server]client #2 transferred baofengzi #3251
[INFO][2021-07-27 14:04:09][Server]User #1 x-Loc=200 y-Loc=300 xHead=0  Act=0 HP=330 MP=0
[INFO][2021-07-27 14:04:09][Server]User #2 x-Loc=50 y-Loc=300 xHead=1  Act=0 HP=330 MP=0
[INFO][2021-07-27 14:04:10][Server]client #2 transferred baofengzi #3251
[INFO][2021-07-27 14:04:10][Server]User #1 x-Loc=150 y-Loc=300 xHead=0  Act=1 HP=330 MP=0
[INFO][2021-07-27 14:04:10][Server]User #2 x-Loc=50 y-Loc=300 xHead=1  Act=0 HP=330 MP=0
[INFO][2021-07-27 14:04:10][Server]client #2 transferred baofengzi #3251
[INFO][2021-07-27 14:04:10][Server]User #1 x-Loc=150 y-Loc=300 xHead=0  Act=0 HP=330 MP=0
[INFO][2021-07-27 14:04:10][Server]User #2 x-Loc=50 y-Loc=300 xHead=1  Act=0 HP=330 MP=0
[INFO][2021-07-27 14:04:10][Server]client #2 transferred baofengzi #3251
[INFO][2021-07-27 14:04:10][Server]User #1 x-Loc=100 y-Loc=300 xHead=0  Act=1 HP=330 MP=0
[INFO][2021-07-27 14:04:10][Server]User #2 x-Loc=50 y-Loc=300 xHead=1  Act=0 HP=330 MP=0
[INFO][2021-07-27 14:04:10][Server]client #2 transferred baofengzi #3251
[INFO][2021-07-27 14:04:10][Server]User #1 x-Loc=100 y-Loc=300 xHead=0  Act=0 HP=330 MP=0
[INFO][2021-07-27 14:04:10][Server]User #2 x-Loc=50 y-Loc=300 xHead=1  Act=0 HP=330 MP=0
[INFO][2021-07-27 14:04:11][Server]client #2 transferred baofengzi #3251
[INFO][2021-07-27 14:04:11][Server]Player #1 Attack Player #2. Got Damage 24pts.
        Now Player #1 HP is 330   MP is 3
            Player #2 HP is 306   MP is 1
[INFO][2021-07-27 14:04:11][Server]User #1 x-Loc=100 y-Loc=300 xHead=0  Act=10 HP=330 MP=3
[INFO][2021-07-27 14:04:11][Server]User #2 x-Loc=50 y-Loc=300 xHead=1  Act=15 HP=306 MP=1
[INFO][2021-07-27 14:04:11][Server]client #2 transferred baofengzi #3251
[INFO][2021-07-27 14:04:11][Server]User #1 x-Loc=100 y-Loc=300 xHead=0  Act=0 HP=330 MP=3
[INFO][2021-07-27 14:04:11][Server]User #2 x-Loc=50 y-Loc=300 xHead=1  Act=15 HP=306 MP=1
[INFO][2021-07-27 14:04:12][Server]client #2 transferred baofengzi #3251
[INFO][2021-07-27 14:04:12][Server]User #1 x-Loc=50 y-Loc=300 xHead=0  Act=1 HP=330 MP=3
[INFO][2021-07-27 14:04:12][Server]User #2 x-Loc=50 y-Loc=300 xHead=1  Act=15 HP=306 MP=1
[INFO][2021-07-27 14:04:12][Server]client #2 transferred baofengzi #3251
[INFO][2021-07-27 14:04:12][Server]User #1 x-Loc=50 y-Loc=300 xHead=0  Act=0 HP=330 MP=3
[INFO][2021-07-27 14:04:12][Server]User #2 x-Loc=50 y-Loc=300 xHead=1  Act=15 HP=306 MP=1
[INFO][2021-07-27 14:04:14][Server]client #2 transferred baofengzi #3251
[INFO][2021-07-27 14:04:14][Server]Player #1 Attack Player #2. Got Damage 24pts.
        Now Player #1 HP is 330   MP is 6
            Player #2 HP is 282   MP is 2
[INFO][2021-07-27 14:04:14][Server]User #1 x-Loc=50 y-Loc=300 xHead=0  Act=10 HP=330 MP=6
[INFO][2021-07-27 14:04:14][Server]User #2 x-Loc=50 y-Loc=300 xHead=1  Act=16 HP=282 MP=2
[INFO][2021-07-27 14:04:14][Server]client #2 transferred baofengzi #3251
[INFO][2021-07-27 14:04:14][Server]User #1 x-Loc=50 y-Loc=300 xHead=0  Act=0 HP=330 MP=6
[INFO][2021-07-27 14:04:14][Server]User #2 x-Loc=50 y-Loc=300 xHead=1  Act=16 HP=282 MP=2
[INFO][2021-07-27 14:04:14][Server]client #2 transferred baofengzi #3251
[INFO][2021-07-27 14:04:14][Server]Player #1 Attack Player #2. Got Damage 24pts.
        Now Player #1 HP is 330   MP is 9
            Player #2 HP is 258   MP is 3
[INFO][2021-07-27 14:04:14][Server]User #1 x-Loc=50 y-Loc=300 xHead=0  Act=10 HP=330 MP=9
[INFO][2021-07-27 14:04:14][Server]User #2 x-Loc=50 y-Loc=300 xHead=1  Act=17 HP=258 MP=3
[INFO][2021-07-27 14:04:15][Server]client #2 transferred baofengzi #3251
[INFO][2021-07-27 14:04:15][Server]User #1 x-Loc=50 y-Loc=300 xHead=0  Act=0 HP=330 MP=9
[INFO][2021-07-27 14:04:15][Server]User #2 x-Loc=50 y-Loc=300 xHead=1  Act=17 HP=258 MP=3
[INFO][2021-07-27 14:04:15][Server]client #2 transferred baofengzi #3251
[INFO][2021-07-27 14:04:15][Server]Player #1 Attack Player #2. Got Damage 24pts.
        Now Player #1 HP is 330   MP is 12
            Player #2 HP is 234   MP is 4
[INFO][2021-07-27 14:04:15][Server]User #1 x-Loc=50 y-Loc=300 xHead=0  Act=10 HP=330 MP=12
[INFO][2021-07-27 14:04:15][Server]User #2 x-Loc=50 y-Loc=300 xHead=1  Act=0 HP=234 MP=4
[INFO][2021-07-27 14:04:15][Server]client #2 transferred baofengzi #3251
[INFO][2021-07-27 14:04:15][Server]User #1 x-Loc=50 y-Loc=300 xHead=0  Act=0 HP=330 MP=12
[INFO][2021-07-27 14:04:15][Server]User #2 x-Loc=50 y-Loc=300 xHead=1  Act=0 HP=234 MP=4
[INFO][2021-07-27 14:04:15][Server]client #2 transferred baofengzi #3251
[INFO][2021-07-27 14:04:15][Server]Player #1 Attack Player #2. Got Damage 24pts.
        Now Player #1 HP is 330   MP is 15
            Player #2 HP is 210   MP is 5
[INFO][2021-07-27 14:04:15][Server]User #1 x-Loc=50 y-Loc=300 xHead=0  Act=10 HP=330 MP=15
[INFO][2021-07-27 14:04:15][Server]User #2 x-Loc=50 y-Loc=300 xHead=1  Act=15 HP=210 MP=5
[INFO][2021-07-27 14:04:16][Server]client #2 transferred baofengzi #3251
[INFO][2021-07-27 14:04:16][Server]User #1 x-Loc=50 y-Loc=300 xHead=0  Act=0 HP=330 MP=15
[INFO][2021-07-27 14:04:16][Server]User #2 x-Loc=50 y-Loc=300 xHead=1  Act=15 HP=210 MP=5
[INFO][2021-07-27 14:04:16][Server]client #2 transferred baofengzi #3251
[INFO][2021-07-27 14:04:16][Server]Player #1 Attack Player #2. Got Damage 24pts.
        Now Player #1 HP is 330   MP is 15
            Player #2 HP is 186   MP is 6
[INFO][2021-07-27 14:04:16][Server]User #1 x-Loc=50 y-Loc=300 xHead=0  Act=10 HP=330 MP=15
[INFO][2021-07-27 14:04:16][Server]User #2 x-Loc=50 y-Loc=300 xHead=1  Act=16 HP=186 MP=6
[INFO][2021-07-27 14:04:16][Server]client #2 transferred baofengzi #3251
[INFO][2021-07-27 14:04:16][Server]User #1 x-Loc=50 y-Loc=300 xHead=0  Act=0 HP=330 MP=15
[INFO][2021-07-27 14:04:16][Server]User #2 x-Loc=50 y-Loc=300 xHead=1  Act=16 HP=186 MP=6
[INFO][2021-07-27 14:04:16][Server]client #2 transferred baofengzi #3251
[INFO][2021-07-27 14:04:16][Server]Player #1 Attack Player #2. Got Damage 24pts.
        Now Player #1 HP is 330   MP is 15
            Player #2 HP is 162   MP is 7
[INFO][2021-07-27 14:04:16][Server]User #1 x-Loc=50 y-Loc=300 xHead=0  Act=10 HP=330 MP=15
[INFO][2021-07-27 14:04:16][Server]User #2 x-Loc=50 y-Loc=300 xHead=1  Act=17 HP=162 MP=7
[INFO][2021-07-27 14:04:16][Server]client #2 transferred baofengzi #3251
[INFO][2021-07-27 14:04:16][Server]User #1 x-Loc=50 y-Loc=300 xHead=0  Act=0 HP=330 MP=15
[INFO][2021-07-27 14:04:16][Server]User #2 x-Loc=50 y-Loc=300 xHead=1  Act=17 HP=162 MP=7
[INFO][2021-07-27 14:04:17][Server]client #2 transferred baofengzi #3251
[INFO][2021-07-27 14:04:17][Server]Player #1 Attack Player #2. Got Damage 24pts.
        Now Player #1 HP is 330   MP is 15
            Player #2 HP is 138   MP is 8
[INFO][2021-07-27 14:04:17][Server]User #1 x-Loc=50 y-Loc=300 xHead=0  Act=10 HP=330 MP=15
[INFO][2021-07-27 14:04:17][Server]User #2 x-Loc=50 y-Loc=300 xHead=1  Act=0 HP=138 MP=8
[INFO][2021-07-27 14:04:17][Server]client #2 transferred baofengzi #3251
[INFO][2021-07-27 14:04:17][Server]User #1 x-Loc=50 y-Loc=300 xHead=0  Act=0 HP=330 MP=15
[INFO][2021-07-27 14:04:17][Server]User #2 x-Loc=50 y-Loc=300 xHead=1  Act=0 HP=138 MP=8
[INFO][2021-07-27 14:04:17][Server]client #2 transferred baofengzi #3251
[INFO][2021-07-27 14:04:17][Server]Player #1 Attack Player #2. Got Damage 24pts.
        Now Player #1 HP is 330   MP is 15
            Player #2 HP is 114   MP is 9
[INFO][2021-07-27 14:04:17][Server]User #1 x-Loc=50 y-Loc=300 xHead=0  Act=10 HP=330 MP=15
[INFO][2021-07-27 14:04:17][Server]User #2 x-Loc=50 y-Loc=300 xHead=1  Act=15 HP=114 MP=9
[INFO][2021-07-27 14:04:17][Server]client #2 transferred baofengzi #3251
[INFO][2021-07-27 14:04:17][Server]User #1 x-Loc=50 y-Loc=300 xHead=0  Act=0 HP=330 MP=15
[INFO][2021-07-27 14:04:17][Server]User #2 x-Loc=50 y-Loc=300 xHead=1  Act=15 HP=114 MP=9
[INFO][2021-07-27 14:04:18][Server]client #2 transferred baofengzi #3251
[INFO][2021-07-27 14:04:18][Server]Player #1 Attack Player #2. Got Damage 24pts.
        Now Player #1 HP is 330   MP is 15
            Player #2 HP is 90   MP is 10
[INFO][2021-07-27 14:04:18][Server]User #1 x-Loc=50 y-Loc=300 xHead=0  Act=10 HP=330 MP=15
[INFO][2021-07-27 14:04:18][Server]User #2 x-Loc=50 y-Loc=300 xHead=1  Act=16 HP=90 MP=10
[INFO][2021-07-27 14:04:18][Server]client #2 transferred baofengzi #3251
[INFO][2021-07-27 14:04:18][Server]User #1 x-Loc=50 y-Loc=300 xHead=0  Act=0 HP=330 MP=15
[INFO][2021-07-27 14:04:18][Server]User #2 x-Loc=50 y-Loc=300 xHead=1  Act=16 HP=90 MP=10
[INFO][2021-07-27 14:04:18][Server]client #2 transferred baofengzi #3251
[INFO][2021-07-27 14:04:18][Server]Player #1 Attack Player #2. Got Damage 24pts.
        Now Player #1 HP is 330   MP is 15
            Player #2 HP is 66   MP is 11
[INFO][2021-07-27 14:04:18][Server]User #1 x-Loc=50 y-Loc=300 xHead=0  Act=10 HP=330 MP=15
[INFO][2021-07-27 14:04:18][Server]User #2 x-Loc=50 y-Loc=300 xHead=1  Act=17 HP=66 MP=11
[INFO][2021-07-27 14:04:18][Server]client #2 transferred baofengzi #3251
[INFO][2021-07-27 14:04:18][Server]User #1 x-Loc=50 y-Loc=300 xHead=0  Act=0 HP=330 MP=15
[INFO][2021-07-27 14:04:18][Server]User #2 x-Loc=50 y-Loc=300 xHead=1  Act=17 HP=66 MP=11
[INFO][2021-07-27 14:04:23][Server]client #1 transferred yigenisi #6901
[INFO][2021-07-27 14:04:23][Server]User #1 x-Loc=50 y-Loc=300 xHead=0  Act=0 HP=330 MP=15
[INFO][2021-07-27 14:04:23][Server]User #2 x-Loc=100 y-Loc=300 xHead=1  Act=1 HP=66 MP=11
[INFO][2021-07-27 14:04:23][Server]client #1 transferred yigenisi #6901
[INFO][2021-07-27 14:04:23][Server]User #1 x-Loc=50 y-Loc=300 xHead=0  Act=0 HP=330 MP=15
[INFO][2021-07-27 14:04:23][Server]User #2 x-Loc=100 y-Loc=300 xHead=1  Act=0 HP=66 MP=11
[INFO][2021-07-27 14:04:24][Server]client #1 transferred yigenisi #6901
[INFO][2021-07-27 14:04:24][Server]User #1 x-Loc=50 y-Loc=300 xHead=0  Act=0 HP=330 MP=15
[INFO][2021-07-27 14:04:24][Server]User #2 x-Loc=50 y-Loc=300 xHead=0  Act=1 HP=66 MP=11
[INFO][2021-07-27 14:04:24][Server]client #1 transferred yigenisi #6901
[INFO][2021-07-27 14:04:24][Server]User #1 x-Loc=50 y-Loc=300 xHead=0  Act=0 HP=330 MP=15
[INFO][2021-07-27 14:04:24][Server]User #2 x-Loc=50 y-Loc=300 xHead=0  Act=0 HP=66 MP=11
[INFO][2021-07-27 14:04:25][Server]client #1 transferred yigenisi #6901
[INFO][2021-07-27 14:04:25][Server]Player #2 Attack Player #1. Got Damage 26pts.
        Now Player #1 HP is 304   MP is 15
            Player #2 HP is 66   MP is 14
[INFO][2021-07-27 14:04:25][Server]User #1 x-Loc=50 y-Loc=300 xHead=0  Act=15 HP=304 MP=15
[INFO][2021-07-27 14:04:25][Server]User #2 x-Loc=50 y-Loc=300 xHead=0  Act=10 HP=66 MP=14
[INFO][2021-07-27 14:04:25][Server]client #1 transferred yigenisi #6901
[INFO][2021-07-27 14:04:25][Server]User #1 x-Loc=50 y-Loc=300 xHead=0  Act=15 HP=304 MP=15
[INFO][2021-07-27 14:04:25][Server]User #2 x-Loc=50 y-Loc=300 xHead=0  Act=0 HP=66 MP=14
[INFO][2021-07-27 14:04:25][Server]client #1 transferred yigenisi #6901
[INFO][2021-07-27 14:04:25][Server]Player #2 Attack Player #1. Got Damage 26pts.
        Now Player #1 HP is 278   MP is 15
            Player #2 HP is 66   MP is 15
[INFO][2021-07-27 14:04:25][Server]User #1 x-Loc=50 y-Loc=300 xHead=0  Act=16 HP=278 MP=15
[INFO][2021-07-27 14:04:25][Server]User #2 x-Loc=50 y-Loc=300 xHead=0  Act=10 HP=66 MP=15
[INFO][2021-07-27 14:04:25][Server]client #1 transferred yigenisi #6901
[INFO][2021-07-27 14:04:25][Server]User #1 x-Loc=50 y-Loc=300 xHead=0  Act=16 HP=278 MP=15
[INFO][2021-07-27 14:04:25][Server]User #2 x-Loc=50 y-Loc=300 xHead=0  Act=0 HP=66 MP=15
[INFO][2021-07-27 14:04:26][Server]client #1 transferred yigenisi #6901
[INFO][2021-07-27 14:04:26][Server]Player #2 Attack Player #1. Got Damage 26pts.
        Now Player #1 HP is 252   MP is 15
            Player #2 HP is 66   MP is 15
[INFO][2021-07-27 14:04:26][Server]User #1 x-Loc=50 y-Loc=300 xHead=0  Act=17 HP=252 MP=15
[INFO][2021-07-27 14:04:26][Server]User #2 x-Loc=50 y-Loc=300 xHead=0  Act=10 HP=66 MP=15
[INFO][2021-07-27 14:04:26][Server]client #1 transferred yigenisi #6901
[INFO][2021-07-27 14:04:26][Server]User #1 x-Loc=50 y-Loc=300 xHead=0  Act=17 HP=252 MP=15
[INFO][2021-07-27 14:04:26][Server]User #2 x-Loc=50 y-Loc=300 xHead=0  Act=0 HP=66 MP=15
[INFO][2021-07-27 14:04:26][Server]client #1 transferred yigenisi #6901
[INFO][2021-07-27 14:04:26][Server]Player #2 Attack Player #1. Got Damage 26pts.
        Now Player #1 HP is 226   MP is 15
            Player #2 HP is 66   MP is 15
[INFO][2021-07-27 14:04:26][Server]User #1 x-Loc=50 y-Loc=300 xHead=0  Act=0 HP=226 MP=15
[INFO][2021-07-27 14:04:26][Server]User #2 x-Loc=50 y-Loc=300 xHead=0  Act=10 HP=66 MP=15
[INFO][2021-07-27 14:04:26][Server]client #1 transferred yigenisi #6901
[INFO][2021-07-27 14:04:26][Server]User #1 x-Loc=50 y-Loc=300 xHead=0  Act=0 HP=226 MP=15
[INFO][2021-07-27 14:04:26][Server]User #2 x-Loc=50 y-Loc=300 xHead=0  Act=0 HP=66 MP=15
[INFO][2021-07-27 14:04:26][Server]client #1 transferred yigenisi #6901
[INFO][2021-07-27 14:04:26][Server]Player #2 Attack Player #1. Got Damage 26pts.
        Now Player #1 HP is 200   MP is 15
            Player #2 HP is 66   MP is 15
[INFO][2021-07-27 14:04:26][Server]User #1 x-Loc=50 y-Loc=300 xHead=0  Act=15 HP=200 MP=15
[INFO][2021-07-27 14:04:26][Server]User #2 x-Loc=50 y-Loc=300 xHead=0  Act=10 HP=66 MP=15
[INFO][2021-07-27 14:04:27][Server]client #1 transferred yigenisi #6901
[INFO][2021-07-27 14:04:27][Server]User #1 x-Loc=50 y-Loc=300 xHead=0  Act=15 HP=200 MP=15
[INFO][2021-07-27 14:04:27][Server]User #2 x-Loc=50 y-Loc=300 xHead=0  Act=0 HP=66 MP=15
[INFO][2021-07-27 14:04:27][Server]client #1 transferred yigenisi #6901
[INFO][2021-07-27 14:04:27][Server]Player #2 Attack Player #1. Got Damage 26pts.
        Now Player #1 HP is 174   MP is 15
            Player #2 HP is 66   MP is 15
[INFO][2021-07-27 14:04:27][Server]User #1 x-Loc=50 y-Loc=300 xHead=0  Act=16 HP=174 MP=15
[INFO][2021-07-27 14:04:27][Server]User #2 x-Loc=50 y-Loc=300 xHead=0  Act=10 HP=66 MP=15
[INFO][2021-07-27 14:04:27][Server]client #1 transferred yigenisi #6901
[INFO][2021-07-27 14:04:27][Server]User #1 x-Loc=50 y-Loc=300 xHead=0  Act=16 HP=174 MP=15
[INFO][2021-07-27 14:04:27][Server]User #2 x-Loc=50 y-Loc=300 xHead=0  Act=0 HP=66 MP=15
[INFO][2021-07-27 14:04:27][Server]client #1 transferred yigenisi #6901
[INFO][2021-07-27 14:04:27][Server]Player #2 Attack Player #1. Got Damage 26pts.
        Now Player #1 HP is 148   MP is 15
            Player #2 HP is 66   MP is 15
[INFO][2021-07-27 14:04:27][Server]User #1 x-Loc=50 y-Loc=300 xHead=0  Act=17 HP=148 MP=15
[INFO][2021-07-27 14:04:27][Server]User #2 x-Loc=50 y-Loc=300 xHead=0  Act=10 HP=66 MP=15
[INFO][2021-07-27 14:04:27][Server]client #1 transferred yigenisi #6901
[INFO][2021-07-27 14:04:27][Server]User #1 x-Loc=50 y-Loc=300 xHead=0  Act=17 HP=148 MP=15
[INFO][2021-07-27 14:04:27][Server]User #2 x-Loc=50 y-Loc=300 xHead=0  Act=0 HP=66 MP=15
[INFO][2021-07-27 14:04:27][Server]client #1 transferred yigenisi #6901
[INFO][2021-07-27 14:04:27][Server]Player #2 Attack Player #1. Got Damage 26pts.
        Now Player #1 HP is 122   MP is 15
            Player #2 HP is 66   MP is 15
[INFO][2021-07-27 14:04:27][Server]User #1 x-Loc=50 y-Loc=300 xHead=0  Act=0 HP=122 MP=15
[INFO][2021-07-27 14:04:27][Server]User #2 x-Loc=50 y-Loc=300 xHead=0  Act=10 HP=66 MP=15
[INFO][2021-07-27 14:04:27][Server]client #1 transferred yigenisi #6901
[INFO][2021-07-27 14:04:27][Server]User #1 x-Loc=50 y-Loc=300 xHead=0  Act=0 HP=122 MP=15
[INFO][2021-07-27 14:04:27][Server]User #2 x-Loc=50 y-Loc=300 xHead=0  Act=0 HP=66 MP=15
[INFO][2021-07-27 14:04:27][Server]client #1 transferred yigenisi #6901
[INFO][2021-07-27 14:04:27][Server]Player #2 Attack Player #1. Got Damage 26pts.
        Now Player #1 HP is 96   MP is 15
            Player #2 HP is 66   MP is 15
[INFO][2021-07-27 14:04:27][Server]User #1 x-Loc=50 y-Loc=300 xHead=0  Act=15 HP=96 MP=15
[INFO][2021-07-27 14:04:27][Server]User #2 x-Loc=50 y-Loc=300 xHead=0  Act=10 HP=66 MP=15
[INFO][2021-07-27 14:04:27][Server]client #1 transferred yigenisi #6901
[INFO][2021-07-27 14:04:27][Server]User #1 x-Loc=50 y-Loc=300 xHead=0  Act=15 HP=96 MP=15
[INFO][2021-07-27 14:04:27][Server]User #2 x-Loc=50 y-Loc=300 xHead=0  Act=0 HP=66 MP=15
[INFO][2021-07-27 14:04:28][Server]client #1 transferred yigenisi #6901
[INFO][2021-07-27 14:04:28][Server]Player #2 Attack Player #1. Got Damage 26pts.
        Now Player #1 HP is 70   MP is 15
            Player #2 HP is 66   MP is 15
[INFO][2021-07-27 14:04:28][Server]User #1 x-Loc=50 y-Loc=300 xHead=0  Act=16 HP=70 MP=15
[INFO][2021-07-27 14:04:28][Server]User #2 x-Loc=50 y-Loc=300 xHead=0  Act=10 HP=66 MP=15
[INFO][2021-07-27 14:04:28][Server]client #1 transferred yigenisi #6901
[INFO][2021-07-27 14:04:28][Server]User #1 x-Loc=50 y-Loc=300 xHead=0  Act=16 HP=70 MP=15
[INFO][2021-07-27 14:04:28][Server]User #2 x-Loc=50 y-Loc=300 xHead=0  Act=0 HP=66 MP=15
[INFO][2021-07-27 14:04:29][Server]client #1 transferred yigenisi #6901
[INFO][2021-07-27 14:04:29][Server]Player #2 Attack Player #1. Got Damage 26pts.
        Now Player #1 HP is 44   MP is 15
            Player #2 HP is 66   MP is 15
[INFO][2021-07-27 14:04:29][Server]User #1 x-Loc=50 y-Loc=300 xHead=0  Act=17 HP=44 MP=15
[INFO][2021-07-27 14:04:29][Server]User #2 x-Loc=50 y-Loc=300 xHead=0  Act=10 HP=66 MP=15
[INFO][2021-07-27 14:04:29][Server]client #1 transferred yigenisi #6901
[INFO][2021-07-27 14:04:29][Server]User #1 x-Loc=50 y-Loc=300 xHead=0  Act=17 HP=44 MP=15
[INFO][2021-07-27 14:04:29][Server]User #2 x-Loc=50 y-Loc=300 xHead=0  Act=0 HP=66 MP=15
[WARNING][2021-07-27 14:04:36][Server]client 2 Exception ! 
[WARNING][2021-07-27 14:04:37][Server]client 1 Exception ! 
