[INFO][2021-07-26 19:33:13]Send stand
[INFO][2021-07-26 19:33:20]Send right move
[INFO][2021-07-26 19:33:20]Send stand
[INFO][2021-07-26 19:33:20]Send right move
[INFO][2021-07-26 19:33:21]Send stand
[INFO][2021-07-26 19:33:21]Send right move
[INFO][2021-07-26 19:33:21]Send stand
[INFO][2021-07-26 19:33:21]Send up
[INFO][2021-07-26 19:33:21]Send stand
[INFO][2021-07-26 19:33:21]Send right move
[INFO][2021-07-26 19:33:22]Send stand
[INFO][2021-07-26 19:33:22]Send right move
[INFO][2021-07-26 19:33:22]Send stand
[INFO][2021-07-26 19:33:22]Send normal attack
[INFO][2021-07-26 19:33:22]Send stand
[INFO][2021-07-26 19:33:22]Send normal attack
[INFO][2021-07-26 19:33:22]Send stand
[INFO][2021-07-26 19:33:22]Send normal attack
[INFO][2021-07-26 19:33:22]Send stand
[INFO][2021-07-26 19:33:22]Send down
[INFO][2021-07-26 19:33:23]Send stand
[INFO][2021-07-26 19:33:23]Send normal attack
[INFO][2021-07-26 19:33:23]Send stand
[INFO][2021-07-26 19:33:23]Send right move
[INFO][2021-07-26 19:33:23]Send stand
[INFO][2021-07-26 19:33:23]Send normal attack
[INFO][2021-07-26 19:33:23]Send stand
[INFO][2021-07-26 19:33:23]Send normal attack
[INFO][2021-07-26 19:33:23]Send stand
[INFO][2021-07-26 19:33:23]Send up
[INFO][2021-07-26 19:33:23]Send stand
[INFO][2021-07-26 19:33:23]Send hard attack
[INFO][2021-07-26 19:33:24]Send stand
[INFO][2021-07-26 19:33:24]Send hard attack
[INFO][2021-07-26 19:33:24]Send stand
[INFO][2021-07-26 19:33:24]Send hard attack
[INFO][2021-07-26 19:33:24]Send stand
[INFO][2021-07-26 19:33:24]Send left move
[INFO][2021-07-26 19:33:24]Send stand
[INFO][2021-07-26 19:33:24]Send hard attack
[INFO][2021-07-26 19:33:24]Send stand
[INFO][2021-07-26 19:33:24]Send hard attack
[INFO][2021-07-26 19:33:24]Send stand
[INFO][2021-07-26 19:33:24]Send left move
[INFO][2021-07-26 19:33:24]Send stand
[INFO][2021-07-26 19:33:24]Send right move
[INFO][2021-07-26 19:33:24]Send stand
[INFO][2021-07-26 19:33:25]Send hard attack
[INFO][2021-07-26 19:33:25]Send stand
[INFO][2021-07-26 19:33:25]Send normal attack
[INFO][2021-07-26 19:33:25]Send stand
[INFO][2021-07-26 19:33:25]Send down
[INFO][2021-07-26 19:33:25]Send stand
[INFO][2021-07-26 19:33:25]Send normal attack
[INFO][2021-07-26 19:33:25]Send stand
[INFO][2021-07-26 19:33:25]Send normal attack
[INFO][2021-07-26 19:33:25]Send stand
[INFO][2021-07-26 19:33:25]Send normal attack
[INFO][2021-07-26 19:33:25]Send stand
