[INFO][2021-07-27 15:07:58]Send stand
[INFO][2021-07-27 15:07:59]Send left move
[INFO][2021-07-27 15:07:59]Send stand
[INFO][2021-07-27 15:07:59]Send left move
[INFO][2021-07-27 15:07:59]Send stand
[INFO][2021-07-27 15:07:59]Send left move
[INFO][2021-07-27 15:07:59]Send stand
[INFO][2021-07-27 15:07:59]Send right move
[INFO][2021-07-27 15:07:59]Send stand
[INFO][2021-07-27 15:08:00]Send right move
[INFO][2021-07-27 15:08:00]Send stand
[INFO][2021-07-27 15:08:00]Send right move
[INFO][2021-07-27 15:08:00]Send stand
[INFO][2021-07-27 15:08:00]Send right move
[INFO][2021-07-27 15:08:00]Send stand
[INFO][2021-07-27 15:08:01]Send left move
[INFO][2021-07-27 15:08:01]Send stand
[INFO][2021-07-27 15:08:01]Send left move
[INFO][2021-07-27 15:08:01]Send stand
[INFO][2021-07-27 15:08:01]Send left move
[INFO][2021-07-27 15:08:01]Send stand
[INFO][2021-07-27 15:08:01]Send left move
[INFO][2021-07-27 15:08:01]Send stand
[INFO][2021-07-27 15:08:01]Send left move
[INFO][2021-07-27 15:08:01]Send stand
[INFO][2021-07-27 15:08:01]Send left move
[INFO][2021-07-27 15:08:01]Send stand
[INFO][2021-07-27 15:08:01]Send left move
[INFO][2021-07-27 15:08:01]Send stand
[INFO][2021-07-27 15:08:01]Send left move
[INFO][2021-07-27 15:08:01]Send stand
[INFO][2021-07-27 15:08:01]Send left move
[INFO][2021-07-27 15:08:01]Send stand
[INFO][2021-07-27 15:08:01]Send normal attack
[INFO][2021-07-27 15:08:01]Send stand
[INFO][2021-07-27 15:08:01]Send normal attack
[INFO][2021-07-27 15:08:01]Send stand
[INFO][2021-07-27 15:08:02]Send normal attack
[INFO][2021-07-27 15:08:02]Send stand
[INFO][2021-07-27 15:08:02]Send normal attack
[INFO][2021-07-27 15:08:02]Send stand
[INFO][2021-07-27 15:08:02]Send hard attack
[INFO][2021-07-27 15:08:02]Send stand
[INFO][2021-07-27 15:08:02]Send hard attack
[INFO][2021-07-27 15:08:02]Send stand
[INFO][2021-07-27 15:08:02]Send hard attack
[INFO][2021-07-27 15:08:02]Send stand
[INFO][2021-07-27 15:08:02]Send normal attack
[INFO][2021-07-27 15:08:02]Send stand
[INFO][2021-07-27 15:08:03]Send hard attack
[INFO][2021-07-27 15:08:03]Send stand
[INFO][2021-07-27 15:08:03]Send normal attack
[INFO][2021-07-27 15:08:03]Send stand
[INFO][2021-07-27 15:08:03]Send huge attack
[INFO][2021-07-27 15:08:03]Send stand
[INFO][2021-07-27 15:08:03]Send huge attack
[INFO][2021-07-27 15:08:03]Send stand
[INFO][2021-07-27 15:08:03]Send huge attack
[INFO][2021-07-27 15:08:03]Send stand
