[INFO][2021-07-27 14:24:49][Server]Server started.
[INFO][2021-07-27 14:25:01][Server]client #1 transferred caotijing #8824
[INFO][2021-07-27 14:25:07][Server]client #2 transferred chunli #5925
[INFO][2021-07-27 14:25:07][Server]User #1 x-Loc=700 y-Loc=300 xHead=0  Act=0 HP=330 MP=0
[INFO][2021-07-27 14:25:07][Server]User #2 x-Loc=50 y-Loc=300 xHead=1  Act=0 HP=330 MP=0
[INFO][2021-07-27 14:25:07][Server]client #1 transferred caotijing #8824
[INFO][2021-07-27 14:25:07][Server]User #1 x-Loc=700 y-Loc=300 xHead=0  Act=0 HP=330 MP=0
[INFO][2021-07-27 14:25:07][Server]User #2 x-Loc=50 y-Loc=300 xHead=1  Act=0 HP=330 MP=0
[INFO][2021-07-27 14:25:07][Server]client #2 transferred chunli #5925
[INFO][2021-07-27 14:25:07][Server]User #1 x-Loc=700 y-Loc=300 xHead=0  Act=0 HP=330 MP=0
[INFO][2021-07-27 14:25:07][Server]User #2 x-Loc=50 y-Loc=300 xHead=1  Act=0 HP=330 MP=0
[INFO][2021-07-27 14:25:09][Server]client #2 transferred chunli #5925
[INFO][2021-07-27 14:25:09][Server]User #1 x-Loc=750 y-Loc=300 xHead=1  Act=1 HP=330 MP=0
[INFO][2021-07-27 14:25:09][Server]User #2 x-Loc=50 y-Loc=300 xHead=1  Act=0 HP=330 MP=0
[INFO][2021-07-27 14:25:09][Server]client #2 transferred chunli #5925
[INFO][2021-07-27 14:25:09][Server]User #1 x-Loc=750 y-Loc=300 xHead=1  Act=0 HP=330 MP=0
[INFO][2021-07-27 14:25:09][Server]User #2 x-Loc=50 y-Loc=300 xHead=1  Act=0 HP=330 MP=0
[INFO][2021-07-27 14:25:09][Server]client #2 transferred chunli #5925
[INFO][2021-07-27 14:25:09][Server]User #1 x-Loc=700 y-Loc=300 xHead=0  Act=1 HP=330 MP=0
[INFO][2021-07-27 14:25:09][Server]User #2 x-Loc=50 y-Loc=300 xHead=1  Act=0 HP=330 MP=0
[INFO][2021-07-27 14:25:09][Server]client #2 transferred chunli #5925
[INFO][2021-07-27 14:25:09][Server]User #1 x-Loc=700 y-Loc=300 xHead=0  Act=0 HP=330 MP=0
[INFO][2021-07-27 14:25:09][Server]User #2 x-Loc=50 y-Loc=300 xHead=1  Act=0 HP=330 MP=0
[INFO][2021-07-27 14:25:10][Server]client #2 transferred chunli #5925
[INFO][2021-07-27 14:25:10][Server]User #1 x-Loc=650 y-Loc=300 xHead=0  Act=1 HP=330 MP=0
[INFO][2021-07-27 14:25:10][Server]User #2 x-Loc=50 y-Loc=300 xHead=1  Act=0 HP=330 MP=0
[INFO][2021-07-27 14:25:10][Server]client #2 transferred chunli #5925
[INFO][2021-07-27 14:25:10][Server]User #1 x-Loc=650 y-Loc=300 xHead=0  Act=0 HP=330 MP=0
[INFO][2021-07-27 14:25:10][Server]User #2 x-Loc=50 y-Loc=300 xHead=1  Act=0 HP=330 MP=0
[INFO][2021-07-27 14:25:10][Server]client #2 transferred chunli #5925
[INFO][2021-07-27 14:25:10][Server]User #1 x-Loc=600 y-Loc=300 xHead=0  Act=1 HP=330 MP=0
[INFO][2021-07-27 14:25:10][Server]User #2 x-Loc=50 y-Loc=300 xHead=1  Act=0 HP=330 MP=0
[INFO][2021-07-27 14:25:10][Server]client #2 transferred chunli #5925
[INFO][2021-07-27 14:25:10][Server]User #1 x-Loc=600 y-Loc=300 xHead=0  Act=0 HP=330 MP=0
[INFO][2021-07-27 14:25:10][Server]User #2 x-Loc=50 y-Loc=300 xHead=1  Act=0 HP=330 MP=0
[INFO][2021-07-27 14:25:10][Server]client #2 transferred chunli #5925
[INFO][2021-07-27 14:25:10][Server]User #1 x-Loc=550 y-Loc=300 xHead=0  Act=1 HP=330 MP=0
[INFO][2021-07-27 14:25:10][Server]User #2 x-Loc=50 y-Loc=300 xHead=1  Act=0 HP=330 MP=0
[INFO][2021-07-27 14:25:10][Server]client #2 transferred chunli #5925
[INFO][2021-07-27 14:25:10][Server]User #1 x-Loc=550 y-Loc=300 xHead=0  Act=0 HP=330 MP=0
[INFO][2021-07-27 14:25:10][Server]User #2 x-Loc=50 y-Loc=300 xHead=1  Act=0 HP=330 MP=0
[INFO][2021-07-27 14:25:10][Server]client #2 transferred chunli #5925
[INFO][2021-07-27 14:25:10][Server]User #1 x-Loc=500 y-Loc=300 xHead=0  Act=1 HP=330 MP=0
[INFO][2021-07-27 14:25:10][Server]User #2 x-Loc=50 y-Loc=300 xHead=1  Act=0 HP=330 MP=0
[INFO][2021-07-27 14:25:10][Server]client #2 transferred chunli #5925
[INFO][2021-07-27 14:25:10][Server]User #1 x-Loc=500 y-Loc=300 xHead=0  Act=0 HP=330 MP=0
[INFO][2021-07-27 14:25:10][Server]User #2 x-Loc=50 y-Loc=300 xHead=1  Act=0 HP=330 MP=0
[INFO][2021-07-27 14:25:10][Server]client #2 transferred chunli #5925
[INFO][2021-07-27 14:25:10][Server]User #1 x-Loc=450 y-Loc=300 xHead=0  Act=1 HP=330 MP=0
[INFO][2021-07-27 14:25:10][Server]User #2 x-Loc=50 y-Loc=300 xHead=1  Act=0 HP=330 MP=0
[INFO][2021-07-27 14:25:10][Server]client #2 transferred chunli #5925
[INFO][2021-07-27 14:25:10][Server]User #1 x-Loc=450 y-Loc=300 xHead=0  Act=0 HP=330 MP=0
[INFO][2021-07-27 14:25:10][Server]User #2 x-Loc=50 y-Loc=300 xHead=1  Act=0 HP=330 MP=0
[INFO][2021-07-27 14:25:10][Server]client #2 transferred chunli #5925
[INFO][2021-07-27 14:25:10][Server]User #1 x-Loc=400 y-Loc=300 xHead=0  Act=1 HP=330 MP=0
[INFO][2021-07-27 14:25:10][Server]User #2 x-Loc=50 y-Loc=300 xHead=1  Act=0 HP=330 MP=0
[INFO][2021-07-27 14:25:10][Server]client #2 transferred chunli #5925
[INFO][2021-07-27 14:25:10][Server]User #1 x-Loc=400 y-Loc=300 xHead=0  Act=0 HP=330 MP=0
[INFO][2021-07-27 14:25:10][Server]User #2 x-Loc=50 y-Loc=300 xHead=1  Act=0 HP=330 MP=0
[INFO][2021-07-27 14:25:10][Server]client #2 transferred chunli #5925
[INFO][2021-07-27 14:25:10][Server]User #1 x-Loc=350 y-Loc=300 xHead=0  Act=1 HP=330 MP=0
[INFO][2021-07-27 14:25:10][Server]User #2 x-Loc=50 y-Loc=300 xHead=1  Act=0 HP=330 MP=0
[INFO][2021-07-27 14:25:10][Server]client #2 transferred chunli #5925
[INFO][2021-07-27 14:25:10][Server]User #1 x-Loc=350 y-Loc=300 xHead=0  Act=0 HP=330 MP=0
[INFO][2021-07-27 14:25:10][Server]User #2 x-Loc=50 y-Loc=300 xHead=1  Act=0 HP=330 MP=0
[INFO][2021-07-27 14:25:10][Server]client #2 transferred chunli #5925
[INFO][2021-07-27 14:25:10][Server]User #1 x-Loc=300 y-Loc=300 xHead=0  Act=1 HP=330 MP=0
[INFO][2021-07-27 14:25:10][Server]User #2 x-Loc=50 y-Loc=300 xHead=1  Act=0 HP=330 MP=0
[INFO][2021-07-27 14:25:10][Server]client #2 transferred chunli #5925
[INFO][2021-07-27 14:25:10][Server]User #1 x-Loc=300 y-Loc=300 xHead=0  Act=0 HP=330 MP=0
[INFO][2021-07-27 14:25:10][Server]User #2 x-Loc=50 y-Loc=300 xHead=1  Act=0 HP=330 MP=0
[INFO][2021-07-27 14:25:10][Server]client #2 transferred chunli #5925
[INFO][2021-07-27 14:25:10][Server]User #1 x-Loc=250 y-Loc=300 xHead=0  Act=1 HP=330 MP=0
[INFO][2021-07-27 14:25:10][Server]User #2 x-Loc=50 y-Loc=300 xHead=1  Act=0 HP=330 MP=0
[INFO][2021-07-27 14:25:10][Server]client #2 transferred chunli #5925
[INFO][2021-07-27 14:25:10][Server]User #1 x-Loc=250 y-Loc=300 xHead=0  Act=0 HP=330 MP=0
[INFO][2021-07-27 14:25:10][Server]User #2 x-Loc=50 y-Loc=300 xHead=1  Act=0 HP=330 MP=0
[INFO][2021-07-27 14:25:10][Server]client #2 transferred chunli #5925
[INFO][2021-07-27 14:25:10][Server]User #1 x-Loc=200 y-Loc=300 xHead=0  Act=1 HP=330 MP=0
[INFO][2021-07-27 14:25:10][Server]User #2 x-Loc=50 y-Loc=300 xHead=1  Act=0 HP=330 MP=0
[INFO][2021-07-27 14:25:10][Server]client #2 transferred chunli #5925
[INFO][2021-07-27 14:25:10][Server]User #1 x-Loc=200 y-Loc=300 xHead=0  Act=0 HP=330 MP=0
[INFO][2021-07-27 14:25:10][Server]User #2 x-Loc=50 y-Loc=300 xHead=1  Act=0 HP=330 MP=0
[INFO][2021-07-27 14:25:10][Server]client #2 transferred chunli #5925
[INFO][2021-07-27 14:25:10][Server]User #1 x-Loc=150 y-Loc=300 xHead=0  Act=1 HP=330 MP=0
[INFO][2021-07-27 14:25:10][Server]User #2 x-Loc=50 y-Loc=300 xHead=1  Act=0 HP=330 MP=0
[INFO][2021-07-27 14:25:10][Server]client #2 transferred chunli #5925
[INFO][2021-07-27 14:25:10][Server]User #1 x-Loc=150 y-Loc=300 xHead=0  Act=0 HP=330 MP=0
[INFO][2021-07-27 14:25:10][Server]User #2 x-Loc=50 y-Loc=300 xHead=1  Act=0 HP=330 MP=0
[INFO][2021-07-27 14:25:11][Server]client #2 transferred chunli #5925
[INFO][2021-07-27 14:25:11][Server]User #1 x-Loc=100 y-Loc=300 xHead=0  Act=1 HP=330 MP=0
[INFO][2021-07-27 14:25:11][Server]User #2 x-Loc=50 y-Loc=300 xHead=1  Act=0 HP=330 MP=0
[INFO][2021-07-27 14:25:11][Server]client #2 transferred chunli #5925
[INFO][2021-07-27 14:25:11][Server]User #1 x-Loc=100 y-Loc=300 xHead=0  Act=0 HP=330 MP=0
[INFO][2021-07-27 14:25:11][Server]User #2 x-Loc=50 y-Loc=300 xHead=1  Act=0 HP=330 MP=0
[INFO][2021-07-27 14:25:13][Server]client #2 transferred chunli #5925
[INFO][2021-07-27 14:25:13][Server]User #1 x-Loc=150 y-Loc=300 xHead=1  Act=1 HP=330 MP=0
[INFO][2021-07-27 14:25:13][Server]User #2 x-Loc=50 y-Loc=300 xHead=1  Act=0 HP=330 MP=0
[INFO][2021-07-27 14:25:13][Server]client #2 transferred chunli #5925
[INFO][2021-07-27 14:25:13][Server]User #1 x-Loc=150 y-Loc=300 xHead=1  Act=0 HP=330 MP=0
[INFO][2021-07-27 14:25:13][Server]User #2 x-Loc=50 y-Loc=300 xHead=1  Act=0 HP=330 MP=0
[INFO][2021-07-27 14:25:14][Server]client #2 transferred chunli #5925
[INFO][2021-07-27 14:25:14][Server]User #1 x-Loc=100 y-Loc=300 xHead=0  Act=1 HP=330 MP=0
[INFO][2021-07-27 14:25:14][Server]User #2 x-Loc=50 y-Loc=300 xHead=1  Act=0 HP=330 MP=0
[INFO][2021-07-27 14:25:14][Server]client #2 transferred chunli #5925
[INFO][2021-07-27 14:25:14][Server]User #1 x-Loc=100 y-Loc=300 xHead=0  Act=0 HP=330 MP=0
[INFO][2021-07-27 14:25:14][Server]User #2 x-Loc=50 y-Loc=300 xHead=1  Act=0 HP=330 MP=0
[INFO][2021-07-27 14:25:14][Server]client #2 transferred chunli #5925
[INFO][2021-07-27 14:25:14][Server]User #1 x-Loc=150 y-Loc=300 xHead=1  Act=1 HP=330 MP=0
[INFO][2021-07-27 14:25:14][Server]User #2 x-Loc=50 y-Loc=300 xHead=1  Act=0 HP=330 MP=0
[INFO][2021-07-27 14:25:14][Server]client #2 transferred chunli #5925
[INFO][2021-07-27 14:25:14][Server]User #1 x-Loc=150 y-Loc=300 xHead=1  Act=0 HP=330 MP=0
[INFO][2021-07-27 14:25:14][Server]User #2 x-Loc=50 y-Loc=300 xHead=1  Act=0 HP=330 MP=0
[INFO][2021-07-27 14:25:15][Server]client #2 transferred chunli #5925
[INFO][2021-07-27 14:25:15][Server]User #1 x-Loc=200 y-Loc=300 xHead=1  Act=1 HP=330 MP=0
[INFO][2021-07-27 14:25:15][Server]User #2 x-Loc=50 y-Loc=300 xHead=1  Act=0 HP=330 MP=0
[INFO][2021-07-27 14:25:15][Server]client #2 transferred chunli #5925
[INFO][2021-07-27 14:25:15][Server]User #1 x-Loc=200 y-Loc=300 xHead=1  Act=0 HP=330 MP=0
[INFO][2021-07-27 14:25:15][Server]User #2 x-Loc=50 y-Loc=300 xHead=1  Act=0 HP=330 MP=0
[INFO][2021-07-27 14:25:15][Server]client #2 transferred chunli #5925
[INFO][2021-07-27 14:25:15][Server]User #1 x-Loc=150 y-Loc=300 xHead=0  Act=1 HP=330 MP=0
[INFO][2021-07-27 14:25:15][Server]User #2 x-Loc=50 y-Loc=300 xHead=1  Act=0 HP=330 MP=0
[INFO][2021-07-27 14:25:15][Server]client #2 transferred chunli #5925
[INFO][2021-07-27 14:25:15][Server]User #1 x-Loc=150 y-Loc=300 xHead=0  Act=0 HP=330 MP=0
[INFO][2021-07-27 14:25:15][Server]User #2 x-Loc=50 y-Loc=300 xHead=1  Act=0 HP=330 MP=0
[INFO][2021-07-27 14:25:15][Server]client #2 transferred chunli #5925
[INFO][2021-07-27 14:25:15][Server]User #1 x-Loc=100 y-Loc=300 xHead=0  Act=1 HP=330 MP=0
[INFO][2021-07-27 14:25:15][Server]User #2 x-Loc=50 y-Loc=300 xHead=1  Act=0 HP=330 MP=0
[INFO][2021-07-27 14:25:15][Server]client #2 transferred chunli #5925
[INFO][2021-07-27 14:25:15][Server]User #1 x-Loc=100 y-Loc=300 xHead=0  Act=0 HP=330 MP=0
[INFO][2021-07-27 14:25:15][Server]User #2 x-Loc=50 y-Loc=300 xHead=1  Act=0 HP=330 MP=0
[INFO][2021-07-27 14:25:16][Server]client #2 transferred chunli #5925
[INFO][2021-07-27 14:25:16][Server]Player #1 Attack Player #2. Got Damage 22pts.
        Now Player #1 HP is 330   MP is 3
            Player #2 HP is 308   MP is 1
[INFO][2021-07-27 14:25:16][Server]User #1 x-Loc=100 y-Loc=300 xHead=0  Act=10 HP=330 MP=3
[INFO][2021-07-27 14:25:16][Server]User #2 x-Loc=50 y-Loc=300 xHead=1  Act=15 HP=308 MP=1
[INFO][2021-07-27 14:25:16][Server]client #2 transferred chunli #5925
[INFO][2021-07-27 14:25:16][Server]User #1 x-Loc=100 y-Loc=300 xHead=0  Act=0 HP=330 MP=3
[INFO][2021-07-27 14:25:16][Server]User #2 x-Loc=50 y-Loc=300 xHead=1  Act=15 HP=308 MP=1
[INFO][2021-07-27 14:25:16][Server]client #2 transferred chunli #5925
[INFO][2021-07-27 14:25:16][Server]Player #1 Attack Player #2. Got Damage 22pts.
        Now Player #1 HP is 330   MP is 6
            Player #2 HP is 286   MP is 2
[INFO][2021-07-27 14:25:16][Server]User #1 x-Loc=100 y-Loc=300 xHead=0  Act=10 HP=330 MP=6
[INFO][2021-07-27 14:25:16][Server]User #2 x-Loc=50 y-Loc=300 xHead=1  Act=16 HP=286 MP=2
[INFO][2021-07-27 14:25:16][Server]client #2 transferred chunli #5925
[INFO][2021-07-27 14:25:16][Server]User #1 x-Loc=100 y-Loc=300 xHead=0  Act=0 HP=330 MP=6
[INFO][2021-07-27 14:25:16][Server]User #2 x-Loc=50 y-Loc=300 xHead=1  Act=16 HP=286 MP=2
[INFO][2021-07-27 14:25:17][Server]client #2 transferred chunli #5925
[INFO][2021-07-27 14:25:17][Server]Player #1 Attack Player #2. Got Damage 22pts.
        Now Player #1 HP is 330   MP is 9
            Player #2 HP is 264   MP is 3
[INFO][2021-07-27 14:25:17][Server]User #1 x-Loc=100 y-Loc=300 xHead=0  Act=10 HP=330 MP=9
[INFO][2021-07-27 14:25:17][Server]User #2 x-Loc=50 y-Loc=300 xHead=1  Act=17 HP=264 MP=3
[INFO][2021-07-27 14:25:17][Server]client #2 transferred chunli #5925
[INFO][2021-07-27 14:25:17][Server]User #1 x-Loc=100 y-Loc=300 xHead=0  Act=0 HP=330 MP=9
[INFO][2021-07-27 14:25:17][Server]User #2 x-Loc=50 y-Loc=300 xHead=1  Act=17 HP=264 MP=3
[INFO][2021-07-27 14:25:17][Server]client #2 transferred chunli #5925
[INFO][2021-07-27 14:25:17][Server]Player #1 Attack Player #2. Got Damage 22pts.
        Now Player #1 HP is 330   MP is 12
            Player #2 HP is 242   MP is 4
[INFO][2021-07-27 14:25:17][Server]User #1 x-Loc=100 y-Loc=300 xHead=0  Act=10 HP=330 MP=12
[INFO][2021-07-27 14:25:17][Server]User #2 x-Loc=50 y-Loc=300 xHead=1  Act=0 HP=242 MP=4
[INFO][2021-07-27 14:25:18][Server]client #2 transferred chunli #5925
[INFO][2021-07-27 14:25:18][Server]User #1 x-Loc=100 y-Loc=300 xHead=0  Act=0 HP=330 MP=12
[INFO][2021-07-27 14:25:18][Server]User #2 x-Loc=50 y-Loc=300 xHead=1  Act=0 HP=242 MP=4
[INFO][2021-07-27 14:25:18][Server]client #2 transferred chunli #5925
[INFO][2021-07-27 14:25:18][Server]Player #1 Attack Player #2. Got Damage 22pts.
        Now Player #1 HP is 330   MP is 15
            Player #2 HP is 220   MP is 5
[INFO][2021-07-27 14:25:18][Server]User #1 x-Loc=100 y-Loc=300 xHead=0  Act=10 HP=330 MP=15
[INFO][2021-07-27 14:25:18][Server]User #2 x-Loc=50 y-Loc=300 xHead=1  Act=15 HP=220 MP=5
[INFO][2021-07-27 14:25:18][Server]client #2 transferred chunli #5925
[INFO][2021-07-27 14:25:18][Server]User #1 x-Loc=100 y-Loc=300 xHead=0  Act=0 HP=330 MP=15
[INFO][2021-07-27 14:25:18][Server]User #2 x-Loc=50 y-Loc=300 xHead=1  Act=15 HP=220 MP=5
[INFO][2021-07-27 14:25:18][Server]client #2 transferred chunli #5925
[INFO][2021-07-27 14:25:18][Server]User #1 x-Loc=150 y-Loc=300 xHead=1  Act=1 HP=330 MP=15
[INFO][2021-07-27 14:25:18][Server]User #2 x-Loc=50 y-Loc=300 xHead=1  Act=15 HP=220 MP=5
[INFO][2021-07-27 14:25:18][Server]client #2 transferred chunli #5925
[INFO][2021-07-27 14:25:18][Server]User #1 x-Loc=150 y-Loc=300 xHead=1  Act=0 HP=330 MP=15
[INFO][2021-07-27 14:25:18][Server]User #2 x-Loc=50 y-Loc=300 xHead=1  Act=15 HP=220 MP=5
[INFO][2021-07-27 14:25:19][Server]client #2 transferred chunli #5925
[INFO][2021-07-27 14:25:19][Server]User #1 x-Loc=200 y-Loc=300 xHead=1  Act=1 HP=330 MP=15
[INFO][2021-07-27 14:25:19][Server]User #2 x-Loc=50 y-Loc=300 xHead=1  Act=15 HP=220 MP=5
[INFO][2021-07-27 14:25:19][Server]client #2 transferred chunli #5925
[INFO][2021-07-27 14:25:19][Server]User #1 x-Loc=200 y-Loc=300 xHead=1  Act=0 HP=330 MP=15
[INFO][2021-07-27 14:25:19][Server]User #2 x-Loc=50 y-Loc=300 xHead=1  Act=15 HP=220 MP=5
[INFO][2021-07-27 14:25:19][Server]client #2 transferred chunli #5925
[INFO][2021-07-27 14:25:19][Server]User #1 x-Loc=250 y-Loc=300 xHead=1  Act=1 HP=330 MP=15
[INFO][2021-07-27 14:25:19][Server]User #2 x-Loc=50 y-Loc=300 xHead=1  Act=15 HP=220 MP=5
[INFO][2021-07-27 14:25:19][Server]client #2 transferred chunli #5925
[INFO][2021-07-27 14:25:19][Server]User #1 x-Loc=250 y-Loc=300 xHead=1  Act=0 HP=330 MP=15
[INFO][2021-07-27 14:25:19][Server]User #2 x-Loc=50 y-Loc=300 xHead=1  Act=15 HP=220 MP=5
[INFO][2021-07-27 14:25:21][Server]client #2 transferred chunli #5925
[INFO][2021-07-27 14:25:21][Server]User #1 x-Loc=250 y-Loc=300 xHead=1  Act=12 HP=330 MP=0
[INFO][2021-07-27 14:25:21][Server]User #2 x-Loc=50 y-Loc=300 xHead=1  Act=15 HP=220 MP=5
[INFO][2021-07-27 14:25:21][Server]client #2 transferred chunli #5925
[INFO][2021-07-27 14:25:21][Server]User #1 x-Loc=250 y-Loc=300 xHead=1  Act=0 HP=330 MP=0
[INFO][2021-07-27 14:25:21][Server]User #2 x-Loc=50 y-Loc=300 xHead=1  Act=15 HP=220 MP=5
[INFO][2021-07-27 14:25:24][Server]client #2 transferred chunli #5925
[INFO][2021-07-27 14:25:24][Server]User #1 x-Loc=200 y-Loc=300 xHead=0  Act=1 HP=330 MP=0
[INFO][2021-07-27 14:25:24][Server]User #2 x-Loc=50 y-Loc=300 xHead=1  Act=15 HP=220 MP=5
[INFO][2021-07-27 14:25:24][Server]client #2 transferred chunli #5925
[INFO][2021-07-27 14:25:24][Server]User #1 x-Loc=200 y-Loc=300 xHead=0  Act=0 HP=330 MP=0
[INFO][2021-07-27 14:25:24][Server]User #2 x-Loc=50 y-Loc=300 xHead=1  Act=15 HP=220 MP=5
[INFO][2021-07-27 14:25:28][Server]client #2 transferred chunli #5925
[INFO][2021-07-27 14:25:28][Server]User #1 x-Loc=200 y-Loc=300 xHead=0  Act=11 HP=330 MP=0
[INFO][2021-07-27 14:25:28][Server]User #2 x-Loc=50 y-Loc=300 xHead=1  Act=15 HP=220 MP=5
[INFO][2021-07-27 14:25:28][Server]client #2 transferred chunli #5925
[INFO][2021-07-27 14:25:28][Server]User #1 x-Loc=200 y-Loc=300 xHead=0  Act=0 HP=330 MP=0
[INFO][2021-07-27 14:25:28][Server]User #2 x-Loc=50 y-Loc=300 xHead=1  Act=15 HP=220 MP=5
[INFO][2021-07-27 14:25:28][Server]client #2 transferred chunli #5925
[INFO][2021-07-27 14:25:28][Server]User #1 x-Loc=200 y-Loc=300 xHead=0  Act=11 HP=330 MP=0
[INFO][2021-07-27 14:25:28][Server]User #2 x-Loc=50 y-Loc=300 xHead=1  Act=15 HP=220 MP=5
[INFO][2021-07-27 14:25:28][Server]client #2 transferred chunli #5925
[INFO][2021-07-27 14:25:28][Server]User #1 x-Loc=200 y-Loc=300 xHead=0  Act=0 HP=330 MP=0
[INFO][2021-07-27 14:25:28][Server]User #2 x-Loc=50 y-Loc=300 xHead=1  Act=15 HP=220 MP=5
[INFO][2021-07-27 14:25:29][Server]client #2 transferred chunli #5925
[INFO][2021-07-27 14:25:29][Server]User #1 x-Loc=200 y-Loc=200 xHead=0  Act=2 HP=330 MP=0
[INFO][2021-07-27 14:25:29][Server]User #2 x-Loc=50 y-Loc=300 xHead=1  Act=15 HP=220 MP=5
[INFO][2021-07-27 14:25:29][Server]client #2 transferred chunli #5925
[INFO][2021-07-27 14:25:29][Server]User #1 x-Loc=200 y-Loc=200 xHead=0  Act=0 HP=330 MP=0
[INFO][2021-07-27 14:25:29][Server]User #2 x-Loc=50 y-Loc=300 xHead=1  Act=15 HP=220 MP=5
[INFO][2021-07-27 14:25:31][Server]client #2 transferred chunli #5925
[INFO][2021-07-27 14:25:31][Server]User #1 x-Loc=200 y-Loc=300 xHead=0  Act=3 HP=330 MP=0
[INFO][2021-07-27 14:25:31][Server]User #2 x-Loc=50 y-Loc=300 xHead=1  Act=15 HP=220 MP=5
[INFO][2021-07-27 14:25:31][Server]client #2 transferred chunli #5925
[INFO][2021-07-27 14:25:31][Server]User #1 x-Loc=200 y-Loc=300 xHead=0  Act=0 HP=330 MP=0
[INFO][2021-07-27 14:25:31][Server]User #2 x-Loc=50 y-Loc=300 xHead=1  Act=15 HP=220 MP=5
[INFO][2021-07-27 14:25:32][Server]client #2 transferred chunli #5925
[INFO][2021-07-27 14:25:32][Server]User #1 x-Loc=200 y-Loc=200 xHead=0  Act=2 HP=330 MP=0
[INFO][2021-07-27 14:25:32][Server]User #2 x-Loc=50 y-Loc=300 xHead=1  Act=15 HP=220 MP=5
[INFO][2021-07-27 14:25:32][Server]client #2 transferred chunli #5925
[INFO][2021-07-27 14:25:32][Server]User #1 x-Loc=200 y-Loc=200 xHead=0  Act=0 HP=330 MP=0
[INFO][2021-07-27 14:25:32][Server]User #2 x-Loc=50 y-Loc=300 xHead=1  Act=15 HP=220 MP=5
[INFO][2021-07-27 14:25:32][Server]client #2 transferred chunli #5925
[INFO][2021-07-27 14:25:32][Server]User #1 x-Loc=200 y-Loc=300 xHead=0  Act=3 HP=330 MP=0
[INFO][2021-07-27 14:25:32][Server]User #2 x-Loc=50 y-Loc=300 xHead=1  Act=15 HP=220 MP=5
[INFO][2021-07-27 14:25:32][Server]client #2 transferred chunli #5925
[INFO][2021-07-27 14:25:32][Server]User #1 x-Loc=200 y-Loc=300 xHead=0  Act=0 HP=330 MP=0
[INFO][2021-07-27 14:25:32][Server]User #2 x-Loc=50 y-Loc=300 xHead=1  Act=15 HP=220 MP=5
[INFO][2021-07-27 14:25:34][Server]client #2 transferred chunli #5925
[INFO][2021-07-27 14:25:34][Server]User #1 x-Loc=200 y-Loc=200 xHead=0  Act=2 HP=330 MP=0
[INFO][2021-07-27 14:25:34][Server]User #2 x-Loc=50 y-Loc=300 xHead=1  Act=15 HP=220 MP=5
[INFO][2021-07-27 14:25:34][Server]client #2 transferred chunli #5925
[INFO][2021-07-27 14:25:34][Server]User #1 x-Loc=200 y-Loc=200 xHead=0  Act=0 HP=330 MP=0
[INFO][2021-07-27 14:25:34][Server]User #2 x-Loc=50 y-Loc=300 xHead=1  Act=15 HP=220 MP=5
[INFO][2021-07-27 14:25:35][Server]client #2 transferred chunli #5925
[INFO][2021-07-27 14:25:35][Server]User #1 x-Loc=200 y-Loc=300 xHead=0  Act=3 HP=330 MP=0
[INFO][2021-07-27 14:25:35][Server]User #2 x-Loc=50 y-Loc=300 xHead=1  Act=15 HP=220 MP=5
[INFO][2021-07-27 14:25:35][Server]client #2 transferred chunli #5925
[INFO][2021-07-27 14:25:35][Server]User #1 x-Loc=200 y-Loc=300 xHead=0  Act=0 HP=330 MP=0
[INFO][2021-07-27 14:25:35][Server]User #2 x-Loc=50 y-Loc=300 xHead=1  Act=15 HP=220 MP=5
[INFO][2021-07-27 14:25:35][Server]client #2 transferred chunli #5925
[INFO][2021-07-27 14:25:35][Server]User #1 x-Loc=200 y-Loc=200 xHead=0  Act=2 HP=330 MP=0
[INFO][2021-07-27 14:25:35][Server]User #2 x-Loc=50 y-Loc=300 xHead=1  Act=15 HP=220 MP=5
[INFO][2021-07-27 14:25:35][Server]client #2 transferred chunli #5925
[INFO][2021-07-27 14:25:35][Server]User #1 x-Loc=200 y-Loc=200 xHead=0  Act=0 HP=330 MP=0
[INFO][2021-07-27 14:25:35][Server]User #2 x-Loc=50 y-Loc=300 xHead=1  Act=15 HP=220 MP=5
[INFO][2021-07-27 14:25:36][Server]client #2 transferred chunli #5925
[INFO][2021-07-27 14:25:36][Server]User #1 x-Loc=200 y-Loc=300 xHead=0  Act=3 HP=330 MP=0
[INFO][2021-07-27 14:25:36][Server]User #2 x-Loc=50 y-Loc=300 xHead=1  Act=15 HP=220 MP=5
[INFO][2021-07-27 14:25:36][Server]client #2 transferred chunli #5925
[INFO][2021-07-27 14:25:36][Server]User #1 x-Loc=200 y-Loc=300 xHead=0  Act=0 HP=330 MP=0
[INFO][2021-07-27 14:25:36][Server]User #2 x-Loc=50 y-Loc=300 xHead=1  Act=15 HP=220 MP=5
[INFO][2021-07-27 14:25:36][Server]client #2 transferred chunli #5925
[INFO][2021-07-27 14:25:36][Server]User #1 x-Loc=200 y-Loc=200 xHead=0  Act=2 HP=330 MP=0
[INFO][2021-07-27 14:25:36][Server]User #2 x-Loc=50 y-Loc=300 xHead=1  Act=15 HP=220 MP=5
[INFO][2021-07-27 14:25:36][Server]client #2 transferred chunli #5925
[INFO][2021-07-27 14:25:36][Server]User #1 x-Loc=200 y-Loc=200 xHead=0  Act=0 HP=330 MP=0
[INFO][2021-07-27 14:25:36][Server]User #2 x-Loc=50 y-Loc=300 xHead=1  Act=15 HP=220 MP=5
[INFO][2021-07-27 14:25:37][Server]client #2 transferred chunli #5925
[INFO][2021-07-27 14:25:37][Server]User #1 x-Loc=200 y-Loc=300 xHead=0  Act=3 HP=330 MP=0
[INFO][2021-07-27 14:25:37][Server]User #2 x-Loc=50 y-Loc=300 xHead=1  Act=15 HP=220 MP=5
[INFO][2021-07-27 14:25:37][Server]client #2 transferred chunli #5925
[INFO][2021-07-27 14:25:37][Server]User #1 x-Loc=200 y-Loc=300 xHead=0  Act=0 HP=330 MP=0
[INFO][2021-07-27 14:25:37][Server]User #2 x-Loc=50 y-Loc=300 xHead=1  Act=15 HP=220 MP=5
[INFO][2021-07-27 14:25:37][Server]client #2 transferred chunli #5925
[INFO][2021-07-27 14:25:37][Server]User #1 x-Loc=250 y-Loc=300 xHead=1  Act=1 HP=330 MP=0
[INFO][2021-07-27 14:25:37][Server]User #2 x-Loc=50 y-Loc=300 xHead=1  Act=15 HP=220 MP=5
[INFO][2021-07-27 14:25:38][Server]client #2 transferred chunli #5925
[INFO][2021-07-27 14:25:38][Server]User #1 x-Loc=250 y-Loc=300 xHead=1  Act=0 HP=330 MP=0
[INFO][2021-07-27 14:25:38][Server]User #2 x-Loc=50 y-Loc=300 xHead=1  Act=15 HP=220 MP=5
[INFO][2021-07-27 14:25:38][Server]client #2 transferred chunli #5925
[INFO][2021-07-27 14:25:38][Server]User #1 x-Loc=200 y-Loc=300 xHead=0  Act=1 HP=330 MP=0
[INFO][2021-07-27 14:25:38][Server]User #2 x-Loc=50 y-Loc=300 xHead=1  Act=15 HP=220 MP=5
[INFO][2021-07-27 14:25:38][Server]client #2 transferred chunli #5925
[INFO][2021-07-27 14:25:38][Server]User #1 x-Loc=200 y-Loc=300 xHead=0  Act=0 HP=330 MP=0
[INFO][2021-07-27 14:25:38][Server]User #2 x-Loc=50 y-Loc=300 xHead=1  Act=15 HP=220 MP=5
[INFO][2021-07-27 14:25:39][Server]client #2 transferred chunli #5925
[INFO][2021-07-27 14:25:39][Server]User #1 x-Loc=200 y-Loc=300 xHead=0  Act=14 HP=330 MP=0
[INFO][2021-07-27 14:25:39][Server]User #2 x-Loc=50 y-Loc=300 xHead=1  Act=15 HP=220 MP=5
[INFO][2021-07-27 14:25:41][Server]client #2 transferred chunli #5925
[INFO][2021-07-27 14:25:41][Server]User #1 x-Loc=200 y-Loc=300 xHead=0  Act=0 HP=330 MP=0
[INFO][2021-07-27 14:25:41][Server]User #2 x-Loc=50 y-Loc=300 xHead=1  Act=15 HP=220 MP=5
[INFO][2021-07-27 14:25:41][Server]client #2 transferred chunli #5925
[INFO][2021-07-27 14:25:41][Server]User #1 x-Loc=200 y-Loc=300 xHead=0  Act=14 HP=330 MP=0
[INFO][2021-07-27 14:25:41][Server]User #2 x-Loc=50 y-Loc=300 xHead=1  Act=15 HP=220 MP=5
[INFO][2021-07-27 14:25:43][Server]client #2 transferred chunli #5925
[INFO][2021-07-27 14:25:43][Server]User #1 x-Loc=200 y-Loc=300 xHead=0  Act=0 HP=330 MP=0
[INFO][2021-07-27 14:25:43][Server]User #2 x-Loc=50 y-Loc=300 xHead=1  Act=15 HP=220 MP=5
[INFO][2021-07-27 14:25:45][Server]client #2 transferred chunli #5925
[INFO][2021-07-27 14:25:45][Server]User #1 x-Loc=200 y-Loc=300 xHead=0  Act=10 HP=330 MP=0
[INFO][2021-07-27 14:25:45][Server]User #2 x-Loc=50 y-Loc=300 xHead=1  Act=15 HP=220 MP=5
[INFO][2021-07-27 14:25:45][Server]client #2 transferred chunli #5925
[INFO][2021-07-27 14:25:45][Server]User #1 x-Loc=200 y-Loc=300 xHead=0  Act=0 HP=330 MP=0
[INFO][2021-07-27 14:25:45][Server]User #2 x-Loc=50 y-Loc=300 xHead=1  Act=15 HP=220 MP=5
[INFO][2021-07-27 14:25:45][Server]client #2 transferred chunli #5925
[INFO][2021-07-27 14:25:45][Server]User #1 x-Loc=200 y-Loc=300 xHead=0  Act=10 HP=330 MP=0
[INFO][2021-07-27 14:25:45][Server]User #2 x-Loc=50 y-Loc=300 xHead=1  Act=15 HP=220 MP=5
[INFO][2021-07-27 14:25:46][Server]client #2 transferred chunli #5925
[INFO][2021-07-27 14:25:46][Server]User #1 x-Loc=200 y-Loc=300 xHead=0  Act=0 HP=330 MP=0
[INFO][2021-07-27 14:25:46][Server]User #2 x-Loc=50 y-Loc=300 xHead=1  Act=15 HP=220 MP=5
[INFO][2021-07-27 14:25:46][Server]client #2 transferred chunli #5925
[INFO][2021-07-27 14:25:46][Server]User #1 x-Loc=200 y-Loc=300 xHead=0  Act=10 HP=330 MP=0
[INFO][2021-07-27 14:25:46][Server]User #2 x-Loc=50 y-Loc=300 xHead=1  Act=15 HP=220 MP=5
[INFO][2021-07-27 14:25:46][Server]client #2 transferred chunli #5925
[INFO][2021-07-27 14:25:46][Server]User #1 x-Loc=200 y-Loc=300 xHead=0  Act=0 HP=330 MP=0
[INFO][2021-07-27 14:25:46][Server]User #2 x-Loc=50 y-Loc=300 xHead=1  Act=15 HP=220 MP=5
[INFO][2021-07-27 14:25:47][Server]client #2 transferred chunli #5925
[INFO][2021-07-27 14:25:47][Server]User #1 x-Loc=200 y-Loc=300 xHead=0  Act=11 HP=330 MP=0
[INFO][2021-07-27 14:25:47][Server]User #2 x-Loc=50 y-Loc=300 xHead=1  Act=15 HP=220 MP=5
[INFO][2021-07-27 14:25:47][Server]client #2 transferred chunli #5925
[INFO][2021-07-27 14:25:47][Server]User #1 x-Loc=200 y-Loc=300 xHead=0  Act=0 HP=330 MP=0
[INFO][2021-07-27 14:25:47][Server]User #2 x-Loc=50 y-Loc=300 xHead=1  Act=15 HP=220 MP=5
[INFO][2021-07-27 14:25:47][Server]client #2 transferred chunli #5925
[INFO][2021-07-27 14:25:47][Server]User #1 x-Loc=200 y-Loc=300 xHead=0  Act=11 HP=330 MP=0
[INFO][2021-07-27 14:25:47][Server]User #2 x-Loc=50 y-Loc=300 xHead=1  Act=15 HP=220 MP=5
[INFO][2021-07-27 14:25:47][Server]client #2 transferred chunli #5925
[INFO][2021-07-27 14:25:47][Server]User #1 x-Loc=200 y-Loc=300 xHead=0  Act=0 HP=330 MP=0
[INFO][2021-07-27 14:25:47][Server]User #2 x-Loc=50 y-Loc=300 xHead=1  Act=15 HP=220 MP=5
[INFO][2021-07-27 14:25:48][Server]client #2 transferred chunli #5925
[INFO][2021-07-27 14:25:48][Server]User #1 x-Loc=200 y-Loc=300 xHead=0  Act=11 HP=330 MP=0
[INFO][2021-07-27 14:25:48][Server]User #2 x-Loc=50 y-Loc=300 xHead=1  Act=15 HP=220 MP=5
[INFO][2021-07-27 14:25:48][Server]client #2 transferred chunli #5925
[INFO][2021-07-27 14:25:48][Server]User #1 x-Loc=200 y-Loc=300 xHead=0  Act=0 HP=330 MP=0
[INFO][2021-07-27 14:25:48][Server]User #2 x-Loc=50 y-Loc=300 xHead=1  Act=15 HP=220 MP=5
[INFO][2021-07-27 14:25:49][Server]client #2 transferred chunli #5925
[INFO][2021-07-27 14:25:49][Server]User #1 x-Loc=200 y-Loc=300 xHead=0  Act=11 HP=330 MP=0
[INFO][2021-07-27 14:25:49][Server]User #2 x-Loc=50 y-Loc=300 xHead=1  Act=15 HP=220 MP=5
[INFO][2021-07-27 14:25:49][Server]client #2 transferred chunli #5925
[INFO][2021-07-27 14:25:49][Server]User #1 x-Loc=200 y-Loc=300 xHead=0  Act=0 HP=330 MP=0
[INFO][2021-07-27 14:25:49][Server]User #2 x-Loc=50 y-Loc=300 xHead=1  Act=15 HP=220 MP=5
[INFO][2021-07-27 14:25:49][Server]client #2 transferred chunli #5925
[INFO][2021-07-27 14:25:49][Server]User #1 x-Loc=200 y-Loc=300 xHead=0  Act=11 HP=330 MP=0
[INFO][2021-07-27 14:25:49][Server]User #2 x-Loc=50 y-Loc=300 xHead=1  Act=15 HP=220 MP=5
[INFO][2021-07-27 14:25:49][Server]client #2 transferred chunli #5925
[INFO][2021-07-27 14:25:49][Server]User #1 x-Loc=200 y-Loc=300 xHead=0  Act=0 HP=330 MP=0
[INFO][2021-07-27 14:25:49][Server]User #2 x-Loc=50 y-Loc=300 xHead=1  Act=15 HP=220 MP=5
[INFO][2021-07-27 14:25:50][Server]client #2 transferred chunli #5925
[INFO][2021-07-27 14:25:50][Server]User #1 x-Loc=200 y-Loc=300 xHead=0  Act=11 HP=330 MP=0
[INFO][2021-07-27 14:25:50][Server]User #2 x-Loc=50 y-Loc=300 xHead=1  Act=15 HP=220 MP=5
[INFO][2021-07-27 14:25:50][Server]client #2 transferred chunli #5925
[INFO][2021-07-27 14:25:50][Server]User #1 x-Loc=200 y-Loc=300 xHead=0  Act=0 HP=330 MP=0
[INFO][2021-07-27 14:25:50][Server]User #2 x-Loc=50 y-Loc=300 xHead=1  Act=15 HP=220 MP=5
[INFO][2021-07-27 14:25:50][Server]client #2 transferred chunli #5925
[INFO][2021-07-27 14:25:50][Server]User #1 x-Loc=200 y-Loc=300 xHead=0  Act=11 HP=330 MP=0
[INFO][2021-07-27 14:25:50][Server]User #2 x-Loc=50 y-Loc=300 xHead=1  Act=15 HP=220 MP=5
[INFO][2021-07-27 14:25:51][Server]client #2 transferred chunli #5925
[INFO][2021-07-27 14:25:51][Server]User #1 x-Loc=200 y-Loc=300 xHead=0  Act=0 HP=330 MP=0
[INFO][2021-07-27 14:25:51][Server]User #2 x-Loc=50 y-Loc=300 xHead=1  Act=15 HP=220 MP=5
[INFO][2021-07-27 14:25:51][Server]client #2 transferred chunli #5925
[INFO][2021-07-27 14:25:51][Server]User #1 x-Loc=200 y-Loc=300 xHead=0  Act=11 HP=330 MP=0
[INFO][2021-07-27 14:25:51][Server]User #2 x-Loc=50 y-Loc=300 xHead=1  Act=15 HP=220 MP=5
[INFO][2021-07-27 14:25:51][Server]client #2 transferred chunli #5925
[INFO][2021-07-27 14:25:51][Server]User #1 x-Loc=200 y-Loc=300 xHead=0  Act=0 HP=330 MP=0
[INFO][2021-07-27 14:25:51][Server]User #2 x-Loc=50 y-Loc=300 xHead=1  Act=15 HP=220 MP=5
[INFO][2021-07-27 14:25:52][Server]client #2 transferred chunli #5925
[INFO][2021-07-27 14:25:52][Server]User #1 x-Loc=250 y-Loc=300 xHead=1  Act=1 HP=330 MP=0
[INFO][2021-07-27 14:25:52][Server]User #2 x-Loc=50 y-Loc=300 xHead=1  Act=15 HP=220 MP=5
[INFO][2021-07-27 14:25:52][Server]client #2 transferred chunli #5925
[INFO][2021-07-27 14:25:52][Server]User #1 x-Loc=250 y-Loc=300 xHead=1  Act=0 HP=330 MP=0
[INFO][2021-07-27 14:25:52][Server]User #2 x-Loc=50 y-Loc=300 xHead=1  Act=15 HP=220 MP=5
[INFO][2021-07-27 14:25:52][Server]client #2 transferred chunli #5925
[INFO][2021-07-27 14:25:52][Server]User #1 x-Loc=200 y-Loc=300 xHead=0  Act=1 HP=330 MP=0
[INFO][2021-07-27 14:25:52][Server]User #2 x-Loc=50 y-Loc=300 xHead=1  Act=15 HP=220 MP=5
[INFO][2021-07-27 14:25:52][Server]client #2 transferred chunli #5925
[INFO][2021-07-27 14:25:52][Server]User #1 x-Loc=200 y-Loc=300 xHead=0  Act=0 HP=330 MP=0
[INFO][2021-07-27 14:25:52][Server]User #2 x-Loc=50 y-Loc=300 xHead=1  Act=15 HP=220 MP=5
[INFO][2021-07-27 14:25:52][Server]client #2 transferred chunli #5925
[INFO][2021-07-27 14:25:52][Server]User #1 x-Loc=150 y-Loc=300 xHead=0  Act=1 HP=330 MP=0
[INFO][2021-07-27 14:25:52][Server]User #2 x-Loc=50 y-Loc=300 xHead=1  Act=15 HP=220 MP=5
[INFO][2021-07-27 14:25:52][Server]client #2 transferred chunli #5925
[INFO][2021-07-27 14:25:52][Server]User #1 x-Loc=150 y-Loc=300 xHead=0  Act=0 HP=330 MP=0
[INFO][2021-07-27 14:25:52][Server]User #2 x-Loc=50 y-Loc=300 xHead=1  Act=15 HP=220 MP=5
[INFO][2021-07-27 14:25:53][Server]client #2 transferred chunli #5925
[INFO][2021-07-27 14:25:53][Server]User #1 x-Loc=150 y-Loc=300 xHead=0  Act=11 HP=330 MP=0
[INFO][2021-07-27 14:25:53][Server]User #2 x-Loc=50 y-Loc=300 xHead=1  Act=15 HP=220 MP=5
[INFO][2021-07-27 14:25:53][Server]client #2 transferred chunli #5925
[INFO][2021-07-27 14:25:53][Server]User #1 x-Loc=150 y-Loc=300 xHead=0  Act=0 HP=330 MP=0
[INFO][2021-07-27 14:25:53][Server]User #2 x-Loc=50 y-Loc=300 xHead=1  Act=15 HP=220 MP=5
[INFO][2021-07-27 14:25:54][Server]client #2 transferred chunli #5925
[INFO][2021-07-27 14:25:54][Server]User #1 x-Loc=100 y-Loc=300 xHead=0  Act=1 HP=330 MP=0
[INFO][2021-07-27 14:25:54][Server]User #2 x-Loc=50 y-Loc=300 xHead=1  Act=15 HP=220 MP=5
[INFO][2021-07-27 14:25:54][Server]client #2 transferred chunli #5925
[INFO][2021-07-27 14:25:54][Server]User #1 x-Loc=100 y-Loc=300 xHead=0  Act=0 HP=330 MP=0
[INFO][2021-07-27 14:25:54][Server]User #2 x-Loc=50 y-Loc=300 xHead=1  Act=15 HP=220 MP=5
[INFO][2021-07-27 14:25:54][Server]client #2 transferred chunli #5925
[INFO][2021-07-27 14:25:54][Server]User #1 x-Loc=150 y-Loc=300 xHead=1  Act=1 HP=330 MP=0
[INFO][2021-07-27 14:25:54][Server]User #2 x-Loc=50 y-Loc=300 xHead=1  Act=15 HP=220 MP=5
[INFO][2021-07-27 14:25:54][Server]client #2 transferred chunli #5925
[INFO][2021-07-27 14:25:54][Server]User #1 x-Loc=150 y-Loc=300 xHead=1  Act=0 HP=330 MP=0
[INFO][2021-07-27 14:25:54][Server]User #2 x-Loc=50 y-Loc=300 xHead=1  Act=15 HP=220 MP=5
[INFO][2021-07-27 14:25:55][Server]client #2 transferred chunli #5925
[INFO][2021-07-27 14:25:55][Server]User #1 x-Loc=100 y-Loc=300 xHead=0  Act=1 HP=330 MP=0
[INFO][2021-07-27 14:25:55][Server]User #2 x-Loc=50 y-Loc=300 xHead=1  Act=15 HP=220 MP=5
[INFO][2021-07-27 14:25:55][Server]client #2 transferred chunli #5925
[INFO][2021-07-27 14:25:55][Server]User #1 x-Loc=100 y-Loc=300 xHead=0  Act=0 HP=330 MP=0
[INFO][2021-07-27 14:25:55][Server]User #2 x-Loc=50 y-Loc=300 xHead=1  Act=15 HP=220 MP=5
[INFO][2021-07-27 14:25:55][Server]client #2 transferred chunli #5925
[INFO][2021-07-27 14:25:55][Server]Player #1 Attack Player #2. Got Damage 22pts.
        Now Player #1 HP is 330   MP is 3
            Player #2 HP is 198   MP is 6
[INFO][2021-07-27 14:25:55][Server]User #1 x-Loc=100 y-Loc=300 xHead=0  Act=11 HP=330 MP=3
[INFO][2021-07-27 14:25:55][Server]User #2 x-Loc=50 y-Loc=300 xHead=1  Act=16 HP=198 MP=6
[INFO][2021-07-27 14:25:55][Server]client #2 transferred chunli #5925
[INFO][2021-07-27 14:25:55][Server]User #1 x-Loc=100 y-Loc=300 xHead=0  Act=0 HP=330 MP=3
[INFO][2021-07-27 14:25:55][Server]User #2 x-Loc=50 y-Loc=300 xHead=1  Act=16 HP=198 MP=6
[INFO][2021-07-27 14:25:56][Server]client #2 transferred chunli #5925
[INFO][2021-07-27 14:25:56][Server]Player #1 Attack Player #2. Got Damage 22pts.
        Now Player #1 HP is 330   MP is 6
            Player #2 HP is 176   MP is 7
[INFO][2021-07-27 14:25:56][Server]User #1 x-Loc=100 y-Loc=300 xHead=0  Act=10 HP=330 MP=6
[INFO][2021-07-27 14:25:56][Server]User #2 x-Loc=50 y-Loc=300 xHead=1  Act=17 HP=176 MP=7
[INFO][2021-07-27 14:25:56][Server]client #2 transferred chunli #5925
[INFO][2021-07-27 14:25:56][Server]User #1 x-Loc=100 y-Loc=300 xHead=0  Act=0 HP=330 MP=6
[INFO][2021-07-27 14:25:56][Server]User #2 x-Loc=50 y-Loc=300 xHead=1  Act=17 HP=176 MP=7
[INFO][2021-07-27 14:25:57][Server]client #2 transferred chunli #5925
[INFO][2021-07-27 14:25:57][Server]Player #1 Attack Player #2. Got Damage 22pts.
        Now Player #1 HP is 330   MP is 9
            Player #2 HP is 154   MP is 8
[INFO][2021-07-27 14:25:57][Server]User #1 x-Loc=100 y-Loc=300 xHead=0  Act=10 HP=330 MP=9
[INFO][2021-07-27 14:25:57][Server]User #2 x-Loc=50 y-Loc=300 xHead=1  Act=0 HP=154 MP=8
[INFO][2021-07-27 14:25:57][Server]client #2 transferred chunli #5925
[INFO][2021-07-27 14:25:57][Server]User #1 x-Loc=100 y-Loc=300 xHead=0  Act=0 HP=330 MP=9
[INFO][2021-07-27 14:25:57][Server]User #2 x-Loc=50 y-Loc=300 xHead=1  Act=0 HP=154 MP=8
[INFO][2021-07-27 14:25:57][Server]client #2 transferred chunli #5925
[INFO][2021-07-27 14:25:57][Server]User #1 x-Loc=150 y-Loc=300 xHead=1  Act=1 HP=330 MP=9
[INFO][2021-07-27 14:25:57][Server]User #2 x-Loc=50 y-Loc=300 xHead=1  Act=0 HP=154 MP=8
[INFO][2021-07-27 14:25:57][Server]client #2 transferred chunli #5925
[INFO][2021-07-27 14:25:57][Server]User #1 x-Loc=150 y-Loc=300 xHead=1  Act=0 HP=330 MP=9
[INFO][2021-07-27 14:25:57][Server]User #2 x-Loc=50 y-Loc=300 xHead=1  Act=0 HP=154 MP=8
[INFO][2021-07-27 14:25:58][Server]client #2 transferred chunli #5925
[INFO][2021-07-27 14:25:58][Server]User #1 x-Loc=200 y-Loc=300 xHead=1  Act=1 HP=330 MP=9
[INFO][2021-07-27 14:25:58][Server]User #2 x-Loc=50 y-Loc=300 xHead=1  Act=0 HP=154 MP=8
[INFO][2021-07-27 14:25:58][Server]client #2 transferred chunli #5925
[INFO][2021-07-27 14:25:58][Server]User #1 x-Loc=200 y-Loc=300 xHead=1  Act=0 HP=330 MP=9
[INFO][2021-07-27 14:25:58][Server]User #2 x-Loc=50 y-Loc=300 xHead=1  Act=0 HP=154 MP=8
[INFO][2021-07-27 14:25:58][Server]client #2 transferred chunli #5925
[INFO][2021-07-27 14:25:58][Server]User #1 x-Loc=250 y-Loc=300 xHead=1  Act=1 HP=330 MP=9
[INFO][2021-07-27 14:25:58][Server]User #2 x-Loc=50 y-Loc=300 xHead=1  Act=0 HP=154 MP=8
[INFO][2021-07-27 14:25:58][Server]client #2 transferred chunli #5925
[INFO][2021-07-27 14:25:58][Server]User #1 x-Loc=250 y-Loc=300 xHead=1  Act=0 HP=330 MP=9
[INFO][2021-07-27 14:25:58][Server]User #2 x-Loc=50 y-Loc=300 xHead=1  Act=0 HP=154 MP=8
[INFO][2021-07-27 14:25:58][Server]client #2 transferred chunli #5925
[INFO][2021-07-27 14:25:58][Server]User #1 x-Loc=300 y-Loc=300 xHead=1  Act=1 HP=330 MP=9
[INFO][2021-07-27 14:25:58][Server]User #2 x-Loc=50 y-Loc=300 xHead=1  Act=0 HP=154 MP=8
[INFO][2021-07-27 14:25:58][Server]client #2 transferred chunli #5925
[INFO][2021-07-27 14:25:58][Server]User #1 x-Loc=300 y-Loc=300 xHead=1  Act=0 HP=330 MP=9
[INFO][2021-07-27 14:25:58][Server]User #2 x-Loc=50 y-Loc=300 xHead=1  Act=0 HP=154 MP=8
[INFO][2021-07-27 14:25:58][Server]client #2 transferred chunli #5925
[INFO][2021-07-27 14:25:58][Server]User #1 x-Loc=350 y-Loc=300 xHead=1  Act=1 HP=330 MP=9
[INFO][2021-07-27 14:25:58][Server]User #2 x-Loc=50 y-Loc=300 xHead=1  Act=0 HP=154 MP=8
[INFO][2021-07-27 14:25:58][Server]client #2 transferred chunli #5925
[INFO][2021-07-27 14:25:58][Server]User #1 x-Loc=350 y-Loc=300 xHead=1  Act=0 HP=330 MP=9
[INFO][2021-07-27 14:25:58][Server]User #2 x-Loc=50 y-Loc=300 xHead=1  Act=0 HP=154 MP=8
[INFO][2021-07-27 14:25:58][Server]client #2 transferred chunli #5925
[INFO][2021-07-27 14:25:58][Server]User #1 x-Loc=400 y-Loc=300 xHead=1  Act=1 HP=330 MP=9
[INFO][2021-07-27 14:25:58][Server]User #2 x-Loc=50 y-Loc=300 xHead=1  Act=0 HP=154 MP=8
[INFO][2021-07-27 14:25:58][Server]client #2 transferred chunli #5925
[INFO][2021-07-27 14:25:58][Server]User #1 x-Loc=400 y-Loc=300 xHead=1  Act=0 HP=330 MP=9
[INFO][2021-07-27 14:25:58][Server]User #2 x-Loc=50 y-Loc=300 xHead=1  Act=0 HP=154 MP=8
[INFO][2021-07-27 14:25:59][Server]client #2 transferred chunli #5925
[INFO][2021-07-27 14:25:59][Server]User #1 x-Loc=350 y-Loc=300 xHead=0  Act=1 HP=330 MP=9
[INFO][2021-07-27 14:25:59][Server]User #2 x-Loc=50 y-Loc=300 xHead=1  Act=0 HP=154 MP=8
[INFO][2021-07-27 14:25:59][Server]client #2 transferred chunli #5925
[INFO][2021-07-27 14:25:59][Server]User #1 x-Loc=350 y-Loc=300 xHead=0  Act=0 HP=330 MP=9
[INFO][2021-07-27 14:25:59][Server]User #2 x-Loc=50 y-Loc=300 xHead=1  Act=0 HP=154 MP=8
[INFO][2021-07-27 14:25:59][Server]client #2 transferred chunli #5925
[INFO][2021-07-27 14:25:59][Server]User #1 x-Loc=300 y-Loc=300 xHead=0  Act=1 HP=330 MP=9
[INFO][2021-07-27 14:25:59][Server]User #2 x-Loc=50 y-Loc=300 xHead=1  Act=0 HP=154 MP=8
[INFO][2021-07-27 14:25:59][Server]client #2 transferred chunli #5925
[INFO][2021-07-27 14:25:59][Server]User #1 x-Loc=300 y-Loc=300 xHead=0  Act=0 HP=330 MP=9
[INFO][2021-07-27 14:25:59][Server]User #2 x-Loc=50 y-Loc=300 xHead=1  Act=0 HP=154 MP=8
[INFO][2021-07-27 14:25:59][Server]client #2 transferred chunli #5925
[INFO][2021-07-27 14:25:59][Server]User #1 x-Loc=250 y-Loc=300 xHead=0  Act=1 HP=330 MP=9
[INFO][2021-07-27 14:25:59][Server]User #2 x-Loc=50 y-Loc=300 xHead=1  Act=0 HP=154 MP=8
[INFO][2021-07-27 14:25:59][Server]client #2 transferred chunli #5925
[INFO][2021-07-27 14:25:59][Server]User #1 x-Loc=250 y-Loc=300 xHead=0  Act=0 HP=330 MP=9
[INFO][2021-07-27 14:25:59][Server]User #2 x-Loc=50 y-Loc=300 xHead=1  Act=0 HP=154 MP=8
[INFO][2021-07-27 14:25:59][Server]client #2 transferred chunli #5925
[INFO][2021-07-27 14:25:59][Server]User #1 x-Loc=200 y-Loc=300 xHead=0  Act=1 HP=330 MP=9
[INFO][2021-07-27 14:25:59][Server]User #2 x-Loc=50 y-Loc=300 xHead=1  Act=0 HP=154 MP=8
[INFO][2021-07-27 14:25:59][Server]client #2 transferred chunli #5925
[INFO][2021-07-27 14:25:59][Server]User #1 x-Loc=200 y-Loc=300 xHead=0  Act=0 HP=330 MP=9
[INFO][2021-07-27 14:25:59][Server]User #2 x-Loc=50 y-Loc=300 xHead=1  Act=0 HP=154 MP=8
[INFO][2021-07-27 14:25:59][Server]client #2 transferred chunli #5925
[INFO][2021-07-27 14:25:59][Server]User #1 x-Loc=150 y-Loc=300 xHead=0  Act=1 HP=330 MP=9
[INFO][2021-07-27 14:25:59][Server]User #2 x-Loc=50 y-Loc=300 xHead=1  Act=0 HP=154 MP=8
[INFO][2021-07-27 14:25:59][Server]client #2 transferred chunli #5925
[INFO][2021-07-27 14:25:59][Server]User #1 x-Loc=150 y-Loc=300 xHead=0  Act=0 HP=330 MP=9
[INFO][2021-07-27 14:25:59][Server]User #2 x-Loc=50 y-Loc=300 xHead=1  Act=0 HP=154 MP=8
[INFO][2021-07-27 14:25:59][Server]client #2 transferred chunli #5925
[INFO][2021-07-27 14:25:59][Server]User #1 x-Loc=100 y-Loc=300 xHead=0  Act=1 HP=330 MP=9
[INFO][2021-07-27 14:25:59][Server]User #2 x-Loc=50 y-Loc=300 xHead=1  Act=0 HP=154 MP=8
[INFO][2021-07-27 14:25:59][Server]client #2 transferred chunli #5925
[INFO][2021-07-27 14:25:59][Server]User #1 x-Loc=100 y-Loc=300 xHead=0  Act=0 HP=330 MP=9
[INFO][2021-07-27 14:25:59][Server]User #2 x-Loc=50 y-Loc=300 xHead=1  Act=0 HP=154 MP=8
[INFO][2021-07-27 14:26:00][Server]client #2 transferred chunli #5925
[INFO][2021-07-27 14:26:00][Server]User #1 x-Loc=50 y-Loc=300 xHead=0  Act=1 HP=330 MP=9
[INFO][2021-07-27 14:26:00][Server]User #2 x-Loc=50 y-Loc=300 xHead=1  Act=0 HP=154 MP=8
[INFO][2021-07-27 14:26:00][Server]client #2 transferred chunli #5925
[INFO][2021-07-27 14:26:00][Server]User #1 x-Loc=50 y-Loc=300 xHead=0  Act=0 HP=330 MP=9
[INFO][2021-07-27 14:26:00][Server]User #2 x-Loc=50 y-Loc=300 xHead=1  Act=0 HP=154 MP=8
[INFO][2021-07-27 14:26:00][Server]client #2 transferred chunli #5925
[INFO][2021-07-27 14:26:00][Server]Player #1 Attack Player #2. Got Damage 22pts.
        Now Player #1 HP is 330   MP is 12
            Player #2 HP is 132   MP is 9
[INFO][2021-07-27 14:26:00][Server]User #1 x-Loc=50 y-Loc=300 xHead=0  Act=10 HP=330 MP=12
[INFO][2021-07-27 14:26:00][Server]User #2 x-Loc=50 y-Loc=300 xHead=1  Act=15 HP=132 MP=9
[INFO][2021-07-27 14:26:00][Server]client #2 transferred chunli #5925
[INFO][2021-07-27 14:26:00][Server]User #1 x-Loc=50 y-Loc=300 xHead=0  Act=0 HP=330 MP=12
[INFO][2021-07-27 14:26:00][Server]User #2 x-Loc=50 y-Loc=300 xHead=1  Act=15 HP=132 MP=9
[INFO][2021-07-27 14:26:00][Server]client #2 transferred chunli #5925
[INFO][2021-07-27 14:26:00][Server]Player #1 Attack Player #2. Got Damage 22pts.
        Now Player #1 HP is 330   MP is 15
            Player #2 HP is 110   MP is 10
[INFO][2021-07-27 14:26:00][Server]User #1 x-Loc=50 y-Loc=300 xHead=0  Act=10 HP=330 MP=15
[INFO][2021-07-27 14:26:00][Server]User #2 x-Loc=50 y-Loc=300 xHead=1  Act=16 HP=110 MP=10
[INFO][2021-07-27 14:26:00][Server]client #2 transferred chunli #5925
[INFO][2021-07-27 14:26:00][Server]User #1 x-Loc=50 y-Loc=300 xHead=0  Act=0 HP=330 MP=15
[INFO][2021-07-27 14:26:00][Server]User #2 x-Loc=50 y-Loc=300 xHead=1  Act=16 HP=110 MP=10
[INFO][2021-07-27 14:26:01][Server]client #2 transferred chunli #5925
[INFO][2021-07-27 14:26:01][Server]User #1 x-Loc=100 y-Loc=300 xHead=1  Act=1 HP=330 MP=15
[INFO][2021-07-27 14:26:01][Server]User #2 x-Loc=50 y-Loc=300 xHead=1  Act=16 HP=110 MP=10
[INFO][2021-07-27 14:26:01][Server]client #2 transferred chunli #5925
[INFO][2021-07-27 14:26:01][Server]User #1 x-Loc=100 y-Loc=300 xHead=1  Act=0 HP=330 MP=15
[INFO][2021-07-27 14:26:01][Server]User #2 x-Loc=50 y-Loc=300 xHead=1  Act=16 HP=110 MP=10
[INFO][2021-07-27 14:26:01][Server]client #2 transferred chunli #5925
[INFO][2021-07-27 14:26:01][Server]User #1 x-Loc=150 y-Loc=300 xHead=1  Act=1 HP=330 MP=15
[INFO][2021-07-27 14:26:01][Server]User #2 x-Loc=50 y-Loc=300 xHead=1  Act=16 HP=110 MP=10
[INFO][2021-07-27 14:26:01][Server]client #2 transferred chunli #5925
[INFO][2021-07-27 14:26:01][Server]User #1 x-Loc=150 y-Loc=300 xHead=1  Act=0 HP=330 MP=15
[INFO][2021-07-27 14:26:01][Server]User #2 x-Loc=50 y-Loc=300 xHead=1  Act=16 HP=110 MP=10
[INFO][2021-07-27 14:26:01][Server]client #2 transferred chunli #5925
[INFO][2021-07-27 14:26:01][Server]User #1 x-Loc=200 y-Loc=300 xHead=1  Act=1 HP=330 MP=15
[INFO][2021-07-27 14:26:01][Server]User #2 x-Loc=50 y-Loc=300 xHead=1  Act=16 HP=110 MP=10
[INFO][2021-07-27 14:26:01][Server]client #2 transferred chunli #5925
[INFO][2021-07-27 14:26:01][Server]User #1 x-Loc=200 y-Loc=300 xHead=1  Act=0 HP=330 MP=15
[INFO][2021-07-27 14:26:01][Server]User #2 x-Loc=50 y-Loc=300 xHead=1  Act=16 HP=110 MP=10
[INFO][2021-07-27 14:26:01][Server]client #2 transferred chunli #5925
[INFO][2021-07-27 14:26:01][Server]User #1 x-Loc=250 y-Loc=300 xHead=1  Act=1 HP=330 MP=15
[INFO][2021-07-27 14:26:01][Server]User #2 x-Loc=50 y-Loc=300 xHead=1  Act=16 HP=110 MP=10
[INFO][2021-07-27 14:26:01][Server]client #2 transferred chunli #5925
[INFO][2021-07-27 14:26:01][Server]User #1 x-Loc=250 y-Loc=300 xHead=1  Act=0 HP=330 MP=15
[INFO][2021-07-27 14:26:01][Server]User #2 x-Loc=50 y-Loc=300 xHead=1  Act=16 HP=110 MP=10
[INFO][2021-07-27 14:26:01][Server]client #2 transferred chunli #5925
[INFO][2021-07-27 14:26:01][Server]User #1 x-Loc=300 y-Loc=300 xHead=1  Act=1 HP=330 MP=15
[INFO][2021-07-27 14:26:01][Server]User #2 x-Loc=50 y-Loc=300 xHead=1  Act=16 HP=110 MP=10
[INFO][2021-07-27 14:26:01][Server]client #2 transferred chunli #5925
[INFO][2021-07-27 14:26:01][Server]User #1 x-Loc=300 y-Loc=300 xHead=1  Act=0 HP=330 MP=15
[INFO][2021-07-27 14:26:01][Server]User #2 x-Loc=50 y-Loc=300 xHead=1  Act=16 HP=110 MP=10
[INFO][2021-07-27 14:26:01][Server]client #2 transferred chunli #5925
[INFO][2021-07-27 14:26:01][Server]User #1 x-Loc=350 y-Loc=300 xHead=1  Act=1 HP=330 MP=15
[INFO][2021-07-27 14:26:01][Server]User #2 x-Loc=50 y-Loc=300 xHead=1  Act=16 HP=110 MP=10
[INFO][2021-07-27 14:26:01][Server]client #2 transferred chunli #5925
[INFO][2021-07-27 14:26:01][Server]User #1 x-Loc=350 y-Loc=300 xHead=1  Act=0 HP=330 MP=15
[INFO][2021-07-27 14:26:01][Server]User #2 x-Loc=50 y-Loc=300 xHead=1  Act=16 HP=110 MP=10
[INFO][2021-07-27 14:26:02][Server]client #2 transferred chunli #5925
[INFO][2021-07-27 14:26:02][Server]User #1 x-Loc=300 y-Loc=300 xHead=0  Act=1 HP=330 MP=15
[INFO][2021-07-27 14:26:02][Server]User #2 x-Loc=50 y-Loc=300 xHead=1  Act=16 HP=110 MP=10
[INFO][2021-07-27 14:26:02][Server]client #2 transferred chunli #5925
[INFO][2021-07-27 14:26:02][Server]User #1 x-Loc=300 y-Loc=300 xHead=0  Act=0 HP=330 MP=15
[INFO][2021-07-27 14:26:02][Server]User #2 x-Loc=50 y-Loc=300 xHead=1  Act=16 HP=110 MP=10
[INFO][2021-07-27 14:26:02][Server]client #2 transferred chunli #5925
[INFO][2021-07-27 14:26:02][Server]User #1 x-Loc=300 y-Loc=300 xHead=0  Act=12 HP=330 MP=0
[INFO][2021-07-27 14:26:02][Server]User #2 x-Loc=50 y-Loc=300 xHead=1  Act=16 HP=110 MP=10
[INFO][2021-07-27 14:26:02][Server]client #2 transferred chunli #5925
[INFO][2021-07-27 14:26:02][Server]User #1 x-Loc=300 y-Loc=300 xHead=0  Act=0 HP=330 MP=0
[INFO][2021-07-27 14:26:02][Server]User #2 x-Loc=50 y-Loc=300 xHead=1  Act=16 HP=110 MP=10
