[INFO][2021-07-27 11:09:31][Server]Server started.
[INFO][2021-07-27 11:09:40][Server]client #1 transferred caotijing #9146
[INFO][2021-07-27 11:09:44][Server]client #2 transferred baofengzi #4308
[INFO][2021-07-27 11:09:44][Server]User #1 x-Loc=700 y-Loc=300 xHead=0  Act=0 HP=100 MP=0
[INFO][2021-07-27 11:09:44][Server]User #2 x-Loc=50 y-Loc=300 xHead=1  Act=0 HP=100 MP=0
[INFO][2021-07-27 11:09:45][Server]client #1 transferred caotijing #9146
[INFO][2021-07-27 11:09:45][Server]User #1 x-Loc=700 y-Loc=300 xHead=0  Act=0 HP=100 MP=0
[INFO][2021-07-27 11:09:45][Server]User #2 x-Loc=50 y-Loc=300 xHead=1  Act=0 HP=100 MP=0
[INFO][2021-07-27 11:09:45][Server]client #2 transferred baofengzi #4308
[INFO][2021-07-27 11:09:45][Server]User #1 x-Loc=700 y-Loc=300 xHead=0  Act=0 HP=100 MP=0
[INFO][2021-07-27 11:09:45][Server]User #2 x-Loc=50 y-Loc=300 xHead=1  Act=0 HP=100 MP=0
[INFO][2021-07-27 11:09:46][Server]client #2 transferred baofengzi #4308
[INFO][2021-07-27 11:09:46][Server]User #1 x-Loc=650 y-Loc=300 xHead=0  Act=1 HP=100 MP=0
[INFO][2021-07-27 11:09:46][Server]User #2 x-Loc=50 y-Loc=300 xHead=1  Act=0 HP=100 MP=0
[INFO][2021-07-27 11:09:46][Server]client #2 transferred baofengzi #4308
[INFO][2021-07-27 11:09:46][Server]User #1 x-Loc=650 y-Loc=300 xHead=0  Act=0 HP=100 MP=0
[INFO][2021-07-27 11:09:46][Server]User #2 x-Loc=50 y-Loc=300 xHead=1  Act=0 HP=100 MP=0
[INFO][2021-07-27 11:09:48][Server]client #2 transferred baofengzi #4308
[INFO][2021-07-27 11:09:48][Server]User #1 x-Loc=700 y-Loc=300 xHead=1  Act=1 HP=100 MP=0
[INFO][2021-07-27 11:09:48][Server]User #2 x-Loc=50 y-Loc=300 xHead=1  Act=0 HP=100 MP=0
[INFO][2021-07-27 11:09:48][Server]client #2 transferred baofengzi #4308
[INFO][2021-07-27 11:09:48][Server]User #1 x-Loc=700 y-Loc=300 xHead=1  Act=0 HP=100 MP=0
[INFO][2021-07-27 11:09:48][Server]User #2 x-Loc=50 y-Loc=300 xHead=1  Act=0 HP=100 MP=0
[INFO][2021-07-27 11:09:48][Server]client #2 transferred baofengzi #4308
[INFO][2021-07-27 11:09:48][Server]User #1 x-Loc=650 y-Loc=300 xHead=0  Act=1 HP=100 MP=0
[INFO][2021-07-27 11:09:48][Server]User #2 x-Loc=50 y-Loc=300 xHead=1  Act=0 HP=100 MP=0
[INFO][2021-07-27 11:09:48][Server]client #2 transferred baofengzi #4308
[INFO][2021-07-27 11:09:48][Server]User #1 x-Loc=650 y-Loc=300 xHead=0  Act=0 HP=100 MP=0
[INFO][2021-07-27 11:09:48][Server]User #2 x-Loc=50 y-Loc=300 xHead=1  Act=0 HP=100 MP=0
[INFO][2021-07-27 11:09:50][Server]client #2 transferred baofengzi #4308
[INFO][2021-07-27 11:09:50][Server]User #1 x-Loc=600 y-Loc=300 xHead=0  Act=1 HP=100 MP=0
[INFO][2021-07-27 11:09:50][Server]User #2 x-Loc=50 y-Loc=300 xHead=1  Act=0 HP=100 MP=0
[INFO][2021-07-27 11:09:50][Server]client #2 transferred baofengzi #4308
[INFO][2021-07-27 11:09:50][Server]User #1 x-Loc=600 y-Loc=300 xHead=0  Act=0 HP=100 MP=0
[INFO][2021-07-27 11:09:50][Server]User #2 x-Loc=50 y-Loc=300 xHead=1  Act=0 HP=100 MP=0
[INFO][2021-07-27 11:09:50][Server]client #2 transferred baofengzi #4308
[INFO][2021-07-27 11:09:50][Server]User #1 x-Loc=550 y-Loc=300 xHead=0  Act=1 HP=100 MP=0
[INFO][2021-07-27 11:09:50][Server]User #2 x-Loc=50 y-Loc=300 xHead=1  Act=0 HP=100 MP=0
[INFO][2021-07-27 11:09:50][Server]client #2 transferred baofengzi #4308
[INFO][2021-07-27 11:09:50][Server]User #1 x-Loc=550 y-Loc=300 xHead=0  Act=0 HP=100 MP=0
[INFO][2021-07-27 11:09:50][Server]User #2 x-Loc=50 y-Loc=300 xHead=1  Act=0 HP=100 MP=0
[INFO][2021-07-27 11:09:50][Server]client #2 transferred baofengzi #4308
[INFO][2021-07-27 11:09:50][Server]User #1 x-Loc=500 y-Loc=300 xHead=0  Act=1 HP=100 MP=0
[INFO][2021-07-27 11:09:50][Server]User #2 x-Loc=50 y-Loc=300 xHead=1  Act=0 HP=100 MP=0
[INFO][2021-07-27 11:09:51][Server]client #2 transferred baofengzi #4308
[INFO][2021-07-27 11:09:51][Server]User #1 x-Loc=500 y-Loc=300 xHead=0  Act=0 HP=100 MP=0
[INFO][2021-07-27 11:09:51][Server]User #2 x-Loc=50 y-Loc=300 xHead=1  Act=0 HP=100 MP=0
[INFO][2021-07-27 11:09:51][Server]client #2 transferred baofengzi #4308
[INFO][2021-07-27 11:09:51][Server]User #1 x-Loc=450 y-Loc=300 xHead=0  Act=1 HP=100 MP=0
[INFO][2021-07-27 11:09:51][Server]User #2 x-Loc=50 y-Loc=300 xHead=1  Act=0 HP=100 MP=0
[INFO][2021-07-27 11:09:51][Server]client #2 transferred baofengzi #4308
[INFO][2021-07-27 11:09:51][Server]User #1 x-Loc=450 y-Loc=300 xHead=0  Act=0 HP=100 MP=0
[INFO][2021-07-27 11:09:51][Server]User #2 x-Loc=50 y-Loc=300 xHead=1  Act=0 HP=100 MP=0
[INFO][2021-07-27 11:09:51][Server]client #2 transferred baofengzi #4308
[INFO][2021-07-27 11:09:51][Server]User #1 x-Loc=400 y-Loc=300 xHead=0  Act=1 HP=100 MP=0
[INFO][2021-07-27 11:09:51][Server]User #2 x-Loc=50 y-Loc=300 xHead=1  Act=0 HP=100 MP=0
[INFO][2021-07-27 11:09:51][Server]client #2 transferred baofengzi #4308
[INFO][2021-07-27 11:09:51][Server]User #1 x-Loc=400 y-Loc=300 xHead=0  Act=0 HP=100 MP=0
[INFO][2021-07-27 11:09:51][Server]User #2 x-Loc=50 y-Loc=300 xHead=1  Act=0 HP=100 MP=0
[INFO][2021-07-27 11:09:51][Server]client #2 transferred baofengzi #4308
[INFO][2021-07-27 11:09:51][Server]User #1 x-Loc=350 y-Loc=300 xHead=0  Act=1 HP=100 MP=0
[INFO][2021-07-27 11:09:51][Server]User #2 x-Loc=50 y-Loc=300 xHead=1  Act=0 HP=100 MP=0
[INFO][2021-07-27 11:09:51][Server]client #2 transferred baofengzi #4308
[INFO][2021-07-27 11:09:51][Server]User #1 x-Loc=350 y-Loc=300 xHead=0  Act=0 HP=100 MP=0
[INFO][2021-07-27 11:09:51][Server]User #2 x-Loc=50 y-Loc=300 xHead=1  Act=0 HP=100 MP=0
[INFO][2021-07-27 11:09:51][Server]client #2 transferred baofengzi #4308
[INFO][2021-07-27 11:09:51][Server]User #1 x-Loc=300 y-Loc=300 xHead=0  Act=1 HP=100 MP=0
[INFO][2021-07-27 11:09:51][Server]User #2 x-Loc=50 y-Loc=300 xHead=1  Act=0 HP=100 MP=0
[INFO][2021-07-27 11:09:51][Server]client #2 transferred baofengzi #4308
[INFO][2021-07-27 11:09:51][Server]User #1 x-Loc=300 y-Loc=300 xHead=0  Act=0 HP=100 MP=0
[INFO][2021-07-27 11:09:51][Server]User #2 x-Loc=50 y-Loc=300 xHead=1  Act=0 HP=100 MP=0
[INFO][2021-07-27 11:09:51][Server]client #2 transferred baofengzi #4308
[INFO][2021-07-27 11:09:51][Server]User #1 x-Loc=250 y-Loc=300 xHead=0  Act=1 HP=100 MP=0
[INFO][2021-07-27 11:09:51][Server]User #2 x-Loc=50 y-Loc=300 xHead=1  Act=0 HP=100 MP=0
[INFO][2021-07-27 11:09:51][Server]client #2 transferred baofengzi #4308
[INFO][2021-07-27 11:09:51][Server]User #1 x-Loc=250 y-Loc=300 xHead=0  Act=0 HP=100 MP=0
[INFO][2021-07-27 11:09:51][Server]User #2 x-Loc=50 y-Loc=300 xHead=1  Act=0 HP=100 MP=0
[INFO][2021-07-27 11:09:51][Server]client #2 transferred baofengzi #4308
[INFO][2021-07-27 11:09:51][Server]User #1 x-Loc=200 y-Loc=300 xHead=0  Act=1 HP=100 MP=0
[INFO][2021-07-27 11:09:51][Server]User #2 x-Loc=50 y-Loc=300 xHead=1  Act=0 HP=100 MP=0
[INFO][2021-07-27 11:09:51][Server]client #2 transferred baofengzi #4308
[INFO][2021-07-27 11:09:51][Server]User #1 x-Loc=200 y-Loc=300 xHead=0  Act=0 HP=100 MP=0
[INFO][2021-07-27 11:09:51][Server]User #2 x-Loc=50 y-Loc=300 xHead=1  Act=0 HP=100 MP=0
[INFO][2021-07-27 11:09:51][Server]client #2 transferred baofengzi #4308
[INFO][2021-07-27 11:09:51][Server]User #1 x-Loc=150 y-Loc=300 xHead=0  Act=1 HP=100 MP=0
[INFO][2021-07-27 11:09:51][Server]User #2 x-Loc=50 y-Loc=300 xHead=1  Act=0 HP=100 MP=0
[INFO][2021-07-27 11:09:51][Server]client #2 transferred baofengzi #4308
[INFO][2021-07-27 11:09:51][Server]User #1 x-Loc=150 y-Loc=300 xHead=0  Act=0 HP=100 MP=0
[INFO][2021-07-27 11:09:51][Server]User #2 x-Loc=50 y-Loc=300 xHead=1  Act=0 HP=100 MP=0
[INFO][2021-07-27 11:09:52][Server]client #2 transferred baofengzi #4308
[INFO][2021-07-27 11:09:52][Server]User #1 x-Loc=100 y-Loc=300 xHead=0  Act=1 HP=100 MP=0
[INFO][2021-07-27 11:09:52][Server]User #2 x-Loc=50 y-Loc=300 xHead=1  Act=0 HP=100 MP=0
[INFO][2021-07-27 11:09:52][Server]client #2 transferred baofengzi #4308
[INFO][2021-07-27 11:09:52][Server]User #1 x-Loc=100 y-Loc=300 xHead=0  Act=0 HP=100 MP=0
[INFO][2021-07-27 11:09:52][Server]User #2 x-Loc=50 y-Loc=300 xHead=1  Act=0 HP=100 MP=0
[INFO][2021-07-27 11:09:52][Server]client #2 transferred baofengzi #4308
[INFO][2021-07-27 11:09:52][Server]User #1 x-Loc=50 y-Loc=300 xHead=0  Act=1 HP=100 MP=0
[INFO][2021-07-27 11:09:52][Server]User #2 x-Loc=50 y-Loc=300 xHead=1  Act=0 HP=100 MP=0
[INFO][2021-07-27 11:09:52][Server]client #2 transferred baofengzi #4308
[INFO][2021-07-27 11:09:52][Server]User #1 x-Loc=50 y-Loc=300 xHead=0  Act=0 HP=100 MP=0
[INFO][2021-07-27 11:09:52][Server]User #2 x-Loc=50 y-Loc=300 xHead=1  Act=0 HP=100 MP=0
[INFO][2021-07-27 11:09:53][Server]client #2 transferred baofengzi #4308
[INFO][2021-07-27 11:09:53][Server]User #1 x-Loc=100 y-Loc=300 xHead=1  Act=1 HP=100 MP=0
[INFO][2021-07-27 11:09:53][Server]User #2 x-Loc=50 y-Loc=300 xHead=1  Act=0 HP=100 MP=0
[INFO][2021-07-27 11:09:53][Server]client #2 transferred baofengzi #4308
[INFO][2021-07-27 11:09:53][Server]User #1 x-Loc=100 y-Loc=300 xHead=1  Act=0 HP=100 MP=0
[INFO][2021-07-27 11:09:53][Server]User #2 x-Loc=50 y-Loc=300 xHead=1  Act=0 HP=100 MP=0
[INFO][2021-07-27 11:09:53][Server]client #2 transferred baofengzi #4308
[INFO][2021-07-27 11:09:53][Server]User #1 x-Loc=50 y-Loc=300 xHead=0  Act=1 HP=100 MP=0
[INFO][2021-07-27 11:09:53][Server]User #2 x-Loc=50 y-Loc=300 xHead=1  Act=0 HP=100 MP=0
[INFO][2021-07-27 11:09:53][Server]client #2 transferred baofengzi #4308
[INFO][2021-07-27 11:09:53][Server]User #1 x-Loc=50 y-Loc=300 xHead=0  Act=0 HP=100 MP=0
[INFO][2021-07-27 11:09:53][Server]User #2 x-Loc=50 y-Loc=300 xHead=1  Act=0 HP=100 MP=0
[INFO][2021-07-27 11:09:54][Server]client #2 transferred baofengzi #4308
[INFO][2021-07-27 11:09:54][Server]Player #1 Attack Player #2. Got Damage 10pts.
        Now Player #1 HP is 100   MP is 3
            Player #2 HP is 90   MP is 1
[INFO][2021-07-27 11:09:54][Server]User #1 x-Loc=50 y-Loc=300 xHead=0  Act=10 HP=100 MP=3
[INFO][2021-07-27 11:09:54][Server]User #2 x-Loc=50 y-Loc=300 xHead=1  Act=15 HP=90 MP=1
[INFO][2021-07-27 11:09:54][Server]client #2 transferred baofengzi #4308
[INFO][2021-07-27 11:09:54][Server]User #1 x-Loc=50 y-Loc=300 xHead=0  Act=0 HP=100 MP=3
[INFO][2021-07-27 11:09:54][Server]User #2 x-Loc=50 y-Loc=300 xHead=1  Act=15 HP=90 MP=1
[INFO][2021-07-27 11:09:54][Server]client #2 transferred baofengzi #4308
[INFO][2021-07-27 11:09:54][Server]Player #1 Attack Player #2. Got Damage 10pts.
        Now Player #1 HP is 100   MP is 6
            Player #2 HP is 80   MP is 2
[INFO][2021-07-27 11:09:54][Server]User #1 x-Loc=50 y-Loc=300 xHead=0  Act=10 HP=100 MP=6
[INFO][2021-07-27 11:09:54][Server]User #2 x-Loc=50 y-Loc=300 xHead=1  Act=16 HP=80 MP=2
[INFO][2021-07-27 11:09:54][Server]client #2 transferred baofengzi #4308
[INFO][2021-07-27 11:09:54][Server]User #1 x-Loc=50 y-Loc=300 xHead=0  Act=0 HP=100 MP=6
[INFO][2021-07-27 11:09:54][Server]User #2 x-Loc=50 y-Loc=300 xHead=1  Act=16 HP=80 MP=2
[INFO][2021-07-27 11:09:55][Server]client #2 transferred baofengzi #4308
[INFO][2021-07-27 11:09:55][Server]Player #1 Attack Player #2. Got Damage 10pts.
        Now Player #1 HP is 100   MP is 9
            Player #2 HP is 70   MP is 3
[INFO][2021-07-27 11:09:55][Server]User #1 x-Loc=50 y-Loc=300 xHead=0  Act=10 HP=100 MP=9
[INFO][2021-07-27 11:09:55][Server]User #2 x-Loc=50 y-Loc=300 xHead=1  Act=17 HP=70 MP=3
[INFO][2021-07-27 11:09:55][Server]client #2 transferred baofengzi #4308
[INFO][2021-07-27 11:09:55][Server]User #1 x-Loc=50 y-Loc=300 xHead=0  Act=0 HP=100 MP=9
[INFO][2021-07-27 11:09:55][Server]User #2 x-Loc=50 y-Loc=300 xHead=1  Act=17 HP=70 MP=3
[INFO][2021-07-27 11:09:59][Server]client #1 transferred caotijing #9146
[INFO][2021-07-27 11:09:59][Server]User #1 x-Loc=50 y-Loc=300 xHead=0  Act=0 HP=100 MP=9
[INFO][2021-07-27 11:09:59][Server]User #2 x-Loc=100 y-Loc=300 xHead=1  Act=1 HP=70 MP=3
[INFO][2021-07-27 11:09:59][Server]client #1 transferred caotijing #9146
[INFO][2021-07-27 11:09:59][Server]User #1 x-Loc=50 y-Loc=300 xHead=0  Act=0 HP=100 MP=9
[INFO][2021-07-27 11:09:59][Server]User #2 x-Loc=100 y-Loc=300 xHead=1  Act=0 HP=70 MP=3
[INFO][2021-07-27 11:10:00][Server]client #1 transferred caotijing #9146
[INFO][2021-07-27 11:10:00][Server]User #1 x-Loc=50 y-Loc=300 xHead=0  Act=0 HP=100 MP=9
[INFO][2021-07-27 11:10:00][Server]User #2 x-Loc=150 y-Loc=300 xHead=1  Act=1 HP=70 MP=3
[INFO][2021-07-27 11:10:00][Server]client #1 transferred caotijing #9146
[INFO][2021-07-27 11:10:00][Server]User #1 x-Loc=50 y-Loc=300 xHead=0  Act=0 HP=100 MP=9
[INFO][2021-07-27 11:10:00][Server]User #2 x-Loc=150 y-Loc=300 xHead=1  Act=0 HP=70 MP=3
[INFO][2021-07-27 11:10:01][Server]client #1 transferred caotijing #9146
[INFO][2021-07-27 11:10:01][Server]User #1 x-Loc=50 y-Loc=300 xHead=0  Act=0 HP=100 MP=9
[INFO][2021-07-27 11:10:01][Server]User #2 x-Loc=100 y-Loc=300 xHead=0  Act=1 HP=70 MP=3
[INFO][2021-07-27 11:10:01][Server]client #1 transferred caotijing #9146
[INFO][2021-07-27 11:10:01][Server]User #1 x-Loc=50 y-Loc=300 xHead=0  Act=0 HP=100 MP=9
[INFO][2021-07-27 11:10:01][Server]User #2 x-Loc=100 y-Loc=300 xHead=0  Act=0 HP=70 MP=3
[INFO][2021-07-27 11:10:01][Server]client #1 transferred caotijing #9146
[INFO][2021-07-27 11:10:01][Server]User #1 x-Loc=50 y-Loc=300 xHead=0  Act=0 HP=100 MP=9
[INFO][2021-07-27 11:10:01][Server]User #2 x-Loc=50 y-Loc=300 xHead=0  Act=1 HP=70 MP=3
[INFO][2021-07-27 11:10:01][Server]client #1 transferred caotijing #9146
[INFO][2021-07-27 11:10:01][Server]User #1 x-Loc=50 y-Loc=300 xHead=0  Act=0 HP=100 MP=9
[INFO][2021-07-27 11:10:01][Server]User #2 x-Loc=50 y-Loc=300 xHead=0  Act=0 HP=70 MP=3
[INFO][2021-07-27 11:10:02][Server]client #1 transferred caotijing #9146
[INFO][2021-07-27 11:10:02][Server]Player #2 Attack Player #1. Got Damage 10pts.
        Now Player #1 HP is 90   MP is 10
            Player #2 HP is 70   MP is 6
[INFO][2021-07-27 11:10:02][Server]User #1 x-Loc=50 y-Loc=300 xHead=0  Act=15 HP=90 MP=10
[INFO][2021-07-27 11:10:02][Server]User #2 x-Loc=50 y-Loc=300 xHead=0  Act=10 HP=70 MP=6
[INFO][2021-07-27 11:10:02][Server]client #1 transferred caotijing #9146
[INFO][2021-07-27 11:10:02][Server]User #1 x-Loc=50 y-Loc=300 xHead=0  Act=15 HP=90 MP=10
[INFO][2021-07-27 11:10:02][Server]User #2 x-Loc=50 y-Loc=300 xHead=0  Act=0 HP=70 MP=6
[INFO][2021-07-27 11:10:03][Server]client #1 transferred caotijing #9146
[INFO][2021-07-27 11:10:03][Server]Player #2 Attack Player #1. Got Damage 10pts.
        Now Player #1 HP is 80   MP is 11
            Player #2 HP is 70   MP is 9
[INFO][2021-07-27 11:10:03][Server]User #1 x-Loc=50 y-Loc=300 xHead=0  Act=16 HP=80 MP=11
[INFO][2021-07-27 11:10:03][Server]User #2 x-Loc=50 y-Loc=300 xHead=0  Act=10 HP=70 MP=9
[INFO][2021-07-27 11:10:03][Server]client #1 transferred caotijing #9146
[INFO][2021-07-27 11:10:03][Server]User #1 x-Loc=50 y-Loc=300 xHead=0  Act=16 HP=80 MP=11
[INFO][2021-07-27 11:10:03][Server]User #2 x-Loc=50 y-Loc=300 xHead=0  Act=0 HP=70 MP=9
[INFO][2021-07-27 11:10:04][Server]client #1 transferred caotijing #9146
[INFO][2021-07-27 11:10:04][Server]Player #2 Attack Player #1. Got Damage 10pts.
        Now Player #1 HP is 70   MP is 12
            Player #2 HP is 70   MP is 12
[INFO][2021-07-27 11:10:04][Server]User #1 x-Loc=50 y-Loc=300 xHead=0  Act=17 HP=70 MP=12
[INFO][2021-07-27 11:10:04][Server]User #2 x-Loc=50 y-Loc=300 xHead=0  Act=10 HP=70 MP=12
[INFO][2021-07-27 11:10:04][Server]client #1 transferred caotijing #9146
[INFO][2021-07-27 11:10:04][Server]User #1 x-Loc=50 y-Loc=300 xHead=0  Act=17 HP=70 MP=12
[INFO][2021-07-27 11:10:04][Server]User #2 x-Loc=50 y-Loc=300 xHead=0  Act=0 HP=70 MP=12
[INFO][2021-07-27 11:10:04][Server]client #1 transferred caotijing #9146
[INFO][2021-07-27 11:10:04][Server]Player #2 Attack Player #1. Got Damage 10pts.
        Now Player #1 HP is 60   MP is 13
            Player #2 HP is 70   MP is 15
[INFO][2021-07-27 11:10:04][Server]User #1 x-Loc=50 y-Loc=300 xHead=0  Act=0 HP=60 MP=13
[INFO][2021-07-27 11:10:04][Server]User #2 x-Loc=50 y-Loc=300 xHead=0  Act=10 HP=70 MP=15
[INFO][2021-07-27 11:10:04][Server]client #1 transferred caotijing #9146
[INFO][2021-07-27 11:10:04][Server]User #1 x-Loc=50 y-Loc=300 xHead=0  Act=0 HP=60 MP=13
[INFO][2021-07-27 11:10:04][Server]User #2 x-Loc=50 y-Loc=300 xHead=0  Act=0 HP=70 MP=15
[INFO][2021-07-27 11:10:05][Server]client #1 transferred caotijing #9146
[INFO][2021-07-27 11:10:05][Server]Player #2 Attack Player #1. Got Damage 10pts.
        Now Player #1 HP is 50   MP is 14
            Player #2 HP is 70   MP is 15
[INFO][2021-07-27 11:10:05][Server]User #1 x-Loc=50 y-Loc=300 xHead=0  Act=15 HP=50 MP=14
[INFO][2021-07-27 11:10:05][Server]User #2 x-Loc=50 y-Loc=300 xHead=0  Act=10 HP=70 MP=15
[INFO][2021-07-27 11:10:05][Server]client #1 transferred caotijing #9146
[INFO][2021-07-27 11:10:05][Server]User #1 x-Loc=50 y-Loc=300 xHead=0  Act=15 HP=50 MP=14
[INFO][2021-07-27 11:10:05][Server]User #2 x-Loc=50 y-Loc=300 xHead=0  Act=0 HP=70 MP=15
[INFO][2021-07-27 11:10:06][Server]client #1 transferred caotijing #9146
[INFO][2021-07-27 11:10:06][Server]Player #2 Attack Player #1. Got Damage 10pts.
        Now Player #1 HP is 40   MP is 15
            Player #2 HP is 70   MP is 15
[INFO][2021-07-27 11:10:06][Server]User #1 x-Loc=50 y-Loc=300 xHead=0  Act=16 HP=40 MP=15
[INFO][2021-07-27 11:10:06][Server]User #2 x-Loc=50 y-Loc=300 xHead=0  Act=10 HP=70 MP=15
[INFO][2021-07-27 11:10:06][Server]client #1 transferred caotijing #9146
[INFO][2021-07-27 11:10:06][Server]User #1 x-Loc=50 y-Loc=300 xHead=0  Act=16 HP=40 MP=15
[INFO][2021-07-27 11:10:06][Server]User #2 x-Loc=50 y-Loc=300 xHead=0  Act=0 HP=70 MP=15
[INFO][2021-07-27 11:10:12][Server]client #1 transferred caotijing #9146
[INFO][2021-07-27 11:10:12][Server]Player #2 Attack Player #1. Got Damage 10pts.
        Now Player #1 HP is 30   MP is 15
            Player #2 HP is 70   MP is 15
[INFO][2021-07-27 11:10:12][Server]User #1 x-Loc=50 y-Loc=300 xHead=0  Act=17 HP=30 MP=15
[INFO][2021-07-27 11:10:12][Server]User #2 x-Loc=50 y-Loc=300 xHead=0  Act=10 HP=70 MP=15
[INFO][2021-07-27 11:10:12][Server]client #1 transferred caotijing #9146
[INFO][2021-07-27 11:10:12][Server]User #1 x-Loc=50 y-Loc=300 xHead=0  Act=17 HP=30 MP=15
[INFO][2021-07-27 11:10:12][Server]User #2 x-Loc=50 y-Loc=300 xHead=0  Act=0 HP=70 MP=15
[INFO][2021-07-27 11:10:12][Server]client #1 transferred caotijing #9146
[INFO][2021-07-27 11:10:12][Server]Player #2 Attack Player #1. Got Damage 30pts.
        Now Player #1 HP is 0   MP is 15
            Player #2 HP is 70   MP is 3
[INFO][2021-07-27 11:10:12][Server]User #1 x-Loc=50 y-Loc=300 xHead=0  Act=0 HP=0 MP=15
[INFO][2021-07-27 11:10:12][Server]User #2 x-Loc=50 y-Loc=300 xHead=0  Act=12 HP=70 MP=3
[INFO][2021-07-27 11:10:12][Server]BYE, client 1 ! 
[WARNING][2021-07-27 11:10:12][Server]client 2 Exception ! 
[WARNING][2021-07-27 14:03:13][Server]client 3 Exception ! 
[WARNING][2021-07-27 14:03:27][Server]client 4 Exception ! 
ansferred baofengzi #4308
[INFO][2021-07-27 11:09:44][Server]User #1 x-Loc=700 y-Loc=300 xHead=0  Act=0 HP=100 MP=0
[INFO][2021-07-27 11:09:44][Server]User #2 x-Loc=50 y-Loc=300 xHead=1  Act=0 HP=100 MP=0
[INFO][2021-07-27 11:09:45][Server]client #1 transferred caotijing #9146
[INFO][2021-07-27 11:09:45][Server]User #1 x-Loc=700 y-Loc=300 xHead=0  Act=0 HP=100 MP=0
[INFO][2021-07-27 11:09:45][Server]User #2 x-Loc=50 y-Loc=300 xHead=1  Act=0 HP=100 MP=0
[INFO][2021-07-27 11:09:45][Server]client #2 transferred baofengzi #4308
[INFO][2021-07-27 11:09:45][Server]User #1 x-Loc=700 y-Loc=300 xHead=0  Act=0 HP=100 MP=0
[INFO][2021-07-27 11:09:45][Server]User #2 x-Loc=50 y-Loc=300 xHead=1  Act=0 HP=100 MP=0
[INFO][2021-07-27 11:09:46][Server]client #2 transferred baofengzi #4308
[INFO][2021-07-27 11:09:46][Server]User #1 x-Loc=650 y-Loc=300 xHead=0  Act=1 HP=100 MP=0
[INFO][2021-07-27 11:09:46][Server]User #2 x-Loc=50 y-Loc=300 xHead=1  Act=0 HP=100 MP=0
[INFO][2021-07-27 11:09:46][Server]client #2 transferred baofengzi #4308
[INFO][2021-07-27 11:09:46][Server]User #1 x-Loc=650 y-Loc=300 xHead=0  Act=0 HP=100 MP=0
[INFO][2021-07-27 11:09:46][Server]User #2 x-Loc=50 y-Loc=300 xHead=1  Act=0 HP=100 MP=0
[INFO][2021-07-27 11:09:48][Server]client #2 transferred baofengzi #4308
[INFO][2021-07-27 11:09:48][Server]User #1 x-Loc=700 y-Loc=300 xHead=1  Act=1 HP=100 MP=0
[INFO][2021-07-27 11:09:48][Server]User #2 x-Loc=50 y-Loc=300 xHead=1  Act=0 HP=100 MP=0
[INFO][2021-07-27 11:09:48][Server]client #2 transferred baofengzi #4308
[INFO][2021-07-27 11:09:48][Server]User #1 x-Loc=700 y-Loc=300 xHead=1  Act=0 HP=100 MP=0
[INFO][2021-07-27 11:09:48][Server]User #2 x-Loc=50 y-Loc=300 xHead=1  Act=0 HP=100 MP=0
[INFO][2021-07-27 11:09:48][Server]client #2 transferred baofengzi #4308
[INFO][2021-07-27 11:09:48][Server]User #1 x-Loc=650 y-Loc=300 xHead=0  Act=1 HP=100 MP=0
[INFO][2021-07-27 11:09:48][Server]User #2 x-Loc=50 y-Loc=300 xHead=1  Act=0 HP=100 MP=0
[INFO][2021-07-27 11:09:48][Server]client #2 transferred baofengzi #4308
[INFO][2021-07-27 11:09:48][Server]User #1 x-Loc=650 y-Loc=300 xHead=0  Act=0 HP=100 MP=0
[INFO][2021-07-27 11:09:48][Server]User #2 x-Loc=50 y-Loc=300 xHead=1  Act=0 HP=100 MP=0
[INFO][2021-07-27 11:09:50][Server]client #2 transferred baofengzi #4308
[INFO][2021-07-27 11:09:50][Server]User #1 x-Loc=600 y-Loc=300 xHead=0  Act=1 HP=100 MP=0
[INFO][2021-07-27 11:09:50][Server]User #2 x-Loc=50 y-Loc=300 xHead=1  Act=0 HP=100 MP=0
[INFO][2021-07-27 11:09:50][Server]client #2 transferred baofengzi #4308
[INFO][2021-07-27 11:09:50][Server]User #1 x-Loc=600 y-Loc=300 xHead=0  Act=0 HP=100 MP=0
[INFO][2021-07-27 11:09:50][Server]User #2 x-Loc=50 y-Loc=300 xHead=1  Act=0 HP=100 MP=0
[INFO][2021-07-27 11:09:50][Server]client #2 transferred baofengzi #4308
[INFO][2021-07-27 11:09:50][Server]User #1 x-Loc=550 y-Loc=300 xHead=0  Act=1 HP=100 MP=0
[INFO][2021-07-27 11:09:50][Server]User #2 x-Loc=50 y-Loc=300 xHead=1  Act=0 HP=100 MP=0
[INFO][2021-07-27 11:09:50][Server]client #2 transferred baofengzi #4308
[INFO][2021-07-27 11:09:50][Server]User #1 x-Loc=550 y-Loc=300 xHead=0  Act=0 HP=100 MP=0
[INFO][2021-07-27 11:09:50][Server]User #2 x-Loc=50 y-Loc=300 xHead=1  Act=0 HP=100 MP=0
[INFO][2021-07-27 11:09:50][Server]client #2 transferred baofengzi #4308
[INFO][2021-07-27 11:09:50][Server]User #1 x-Loc=500 y-Loc=300 xHead=0  Act=1 HP=100 MP=0
[INFO][2021-07-27 11:09:50][Server]User #2 x-Loc=50 y-Loc=300 xHead=1  Act=0 HP=100 MP=0
[INFO][2021-07-27 11:09:51][Server]client #2 transferred baofengzi #4308
[INFO][2021-07-27 11:09:51][Server]User #1 x-Loc=500 y-Loc=300 xHead=0  Act=0 HP=100 MP=0
[INFO][2021-07-27 11:09:51][Server]User #2 x-Loc=50 y-Loc=300 xHead=1  Act=0 HP=100 MP=0
[INFO][2021-07-27 11:09:51][Server]client #2 transferred baofengzi #4308
[INFO][2021-07-27 11:09:51][Server]User #1 x-Loc=450 y-Loc=300 xHead=0  Act=1 HP=100 MP=0
[INFO][2021-07-27 11:09:51][Server]User #2 x-Loc=50 y-Loc=300 xHead=1  Act=0 HP=100 MP=0
[INFO][2021-07-27 11:09:51][Server]client #2 transferred baofengzi #4308
[INFO][2021-07-27 11:09:51][Server]User #1 x-Loc=450 y-Loc=300 xHead=0  Act=0 HP=100 MP=0
[INFO][2021-07-27 11:09:51][Server]User #2 x-Loc=50 y-Loc=300 xHead=1  Act=0 HP=100 MP=0
[INFO][2021-07-27 11:09:51][Server]client #2 transferred baofengzi #4308
[INFO][2021-07-27 11:09:51][Server]User #1 x-Loc=400 y-Loc=300 xHead=0  Act=1 HP=100 MP=0
[INFO][2021-07-27 11:09:51][Server]User #2 x-Loc=50 y-Loc=300 xHead=1  Act=0 HP=100 MP=0
[INFO][2021-07-27 11:09:51][Server]client #2 transferred baofengzi #4308
[INFO][2021-07-27 11:09:51][Server]User #1 x-Loc=400 y-Loc=300 xHead=0  Act=0 HP=100 MP=0
[INFO][2021-07-27 11:09:51][Server]User #2 x-Loc=50 y-Loc=300 xHead=1  Act=0 HP=100 MP=0
[INFO][2021-07-27 11:09:51][Server]client #2 transferred baofengzi #4308
[INFO][2021-07-27 11:09:51][Server]User #1 x-Loc=350 y-Loc=300 xHead=0  Act=1 HP=100 MP=0
[INFO][2021-07-27 11:09:51][Server]User #2 x-Loc=50 y-Loc=300 xHead=1  Act=0 HP=100 MP=0
[INFO][2021-07-27 11:09:51][Server]client #2 transferred baofengzi #4308
[INFO][2021-07-27 11:09:51][Server]User #1 x-Loc=350 y-Loc=300 xHead=0  Act=0 HP=100 MP=0
[INFO][2021-07-27 11:09:51][Server]User #2 x-Loc=50 y-Loc=300 xHead=1  Act=0 HP=100 MP=0
[INFO][2021-07-27 11:09:51][Server]client #2 transferred baofengzi #4308
[INFO][2021-07-27 11:09:51][Server]User #1 x-Loc=300 y-Loc=300 xHead=0  Act=1 HP=100 MP=0
[INFO][2021-07-27 11:09:51][Server]User #2 x-Loc=50 y-Loc=300 xHead=1  Act=0 HP=100 MP=0
[INFO][2021-07-27 11:09:51][Server]client #2 transferred baofengzi #4308
[INFO][2021-07-27 11:09:51][Server]User #1 x-Loc=300 y-Loc=300 xHead=0  Act=0 HP=100 MP=0
[INFO][2021-07-27 11:09:51][Server]User #2 x-Loc=50 y-Loc=300 xHead=1  Act=0 HP=100 MP=0
[INFO][2021-07-27 11:09:51][Server]client #2 transferred baofengzi #4308
[INFO][2021-07-27 11:09:51][Server]User #1 x-Loc=250 y-Loc=300 xHead=0  Act=1 HP=100 MP=0
[INFO][2021-07-27 11:09:51][Server]User #2 x-Loc=50 y-Loc=300 xHead=1  Act=0 HP=100 MP=0
[INFO][2021-07-27 11:09:51][Server]client #2 transferred baofengzi #4308
[INFO][2021-07-27 11:09:51][Server]User #1 x-Loc=250 y-Loc=300 xHead=0  Act=0 HP=100 MP=0
[INFO][2021-07-27 11:09:51][Server]User #2 x-Loc=50 y-Loc=300 xHead=1  Act=0 HP=100 MP=0
[INFO][2021-07-27 11:09:51][Server]client #2 transferred baofengzi #4308
[INFO][2021-07-27 11:09:51][Server]User #1 x-Loc=200 y-Loc=300 xHead=0  Act=1 HP=100 MP=0
[INFO][2021-07-27 11:09:51][Server]User #2 x-Loc=50 y-Loc=300 xHead=1  Act=0 HP=100 MP=0
[INFO][2021-07-27 11:09:51][Server]client #2 transferred baofengzi #4308
[INFO][2021-07-27 11:09:51][Server]User #1 x-Loc=200 y-Loc=300 xHead=0  Act=0 HP=100 MP=0
[INFO][2021-07-27 11:09:51][Server]User #2 x-Loc=50 y-Loc=300 xHead=1  Act=0 HP=100 MP=0
[INFO][2021-07-27 11:09:51][Server]client #2 transferred baofengzi #4308
[INFO][2021-07-27 11:09:51][Server]User #1 x-Loc=150 y-Loc=300 xHead=0  Act=1 HP=100 MP=0
[INFO][2021-07-27 11:09:51][Server]User #2 x-Loc=50 y-Loc=300 xHead=1  Act=0 HP=100 MP=0
[INFO][2021-07-27 11:09:51][Server]client #2 transferred baofengzi #4308
[INFO][2021-07-27 11:09:51][Server]User #1 x-Loc=150 y-Loc=300 xHead=0  Act=0 HP=100 MP=0
[INFO][2021-07-27 11:09:51][Server]User #2 x-Loc=50 y-Loc=300 xHead=1  Act=0 HP=100 MP=0
[INFO][2021-07-27 11:09:52][Server]client #2 transferred baofengzi #4308
[INFO][2021-07-27 11:09:52][Server]User #1 x-Loc=100 y-Loc=300 xHead=0  Act=1 HP=100 MP=0
[INFO][2021-07-27 11:09:52][Server]User #2 x-Loc=50 y-Loc=300 xHead=1  Act=0 HP=100 MP=0
[INFO][2021-07-27 11:09:52][Server]client #2 transferred baofengzi #4308
[INFO][2021-07-27 11:09:52][Server]User #1 x-Loc=100 y-Loc=300 xHead=0  Act=0 HP=100 MP=0
[INFO][2021-07-27 11:09:52][Server]User #2 x-Loc=50 y-Loc=300 xHead=1  Act=0 HP=100 MP=0
[INFO][2021-07-27 11:09:52][Server]client #2 transferred baofengzi #4308
[INFO][2021-07-27 11:09:52][Server]User #1 x-Loc=50 y-Loc=300 xHead=0  Act=1 HP=100 MP=0
[INFO][2021-07-27 11:09:52][Server]User #2 x-Loc=50 y-Loc=300 xHead=1  Act=0 HP=100 MP=0
[INFO][2021-07-27 11:09:52][Server]client #2 transferred baofengzi #4308
[INFO][2021-07-27 11:09:52][Server]User #1 x-Loc=50 y-Loc=300 xHead=0  Act=0 HP=100 MP=0
[INFO][2021-07-27 11:09:52][Server]User #2 x-Loc=50 y-Loc=300 xHead=1  Act=0 HP=100 MP=0
[INFO][2021-07-27 11:09:53][Server]client #2 transferred baofengzi #4308
[INFO][2021-07-27 11:09:53][Server]User #1 x-Loc=100 y-Loc=300 xHead=1  Act=1 HP=100 MP=0
[INFO][2021-07-27 11:09:53][Server]User #2 x-Loc=50 y-Loc=300 xHead=1  Act=0 HP=100 MP=0
[INFO][2021-07-27 11:09:53][Server]client #2 transferred baofengzi #4308
[INFO][2021-07-27 11:09:53][Server]User #1 x-Loc=100 y-Loc=300 xHead=1  Act=0 HP=100 MP=0
[INFO][2021-07-27 11:09:53][Server]User #2 x-Loc=50 y-Loc=300 xHead=1  Act=0 HP=100 MP=0
[INFO][2021-07-27 11:09:53][Server]client #2 transferred baofengzi #4308
[INFO][2021-07-27 11:09:53][Server]User #1 x-Loc=50 y-Loc=300 xHead=0  Act=1 HP=100 MP=0
[INFO][2021-07-27 11:09:53][Server]User #2 x-Loc=50 y-Loc=300 xHead=1  Act=0 HP=100 MP=0
[INFO][2021-07-27 11:09:53][Server]client #2 transferred baofengzi #4308
[INFO][2021-07-27 11:09:53][Server]User #1 x-Loc=50 y-Loc=300 xHead=0  Act=0 HP=100 MP=0
[INFO][2021-07-27 11:09:53][Server]User #2 x-Loc=50 y-Loc=300 xHead=1  Act=0 HP=100 MP=0
[INFO][2021-07-27 11:09:54][Server]client #2 transferred baofengzi #4308
[INFO][2021-07-27 11:09:54][Server]Player #1 Attack Player #2. Got Damage 10pts.
        Now Player #1 HP is 100   MP is 3
            Player #2 HP is 90   MP is 1
[INFO][2021-07-27 11:09:54][Server]User #1 x-Loc=50 y-Loc=300 xHead=0  Act=10 HP=100 MP=3
[INFO][2021-07-27 11:09:54][Server]User #2 x-Loc=50 y-Loc=300 xHead=1  Act=15 HP=90 MP=1
[INFO][2021-07-27 11:09:54][Server]client #2 transferred baofengzi #4308
[INFO][2021-07-27 11:09:54][Server]User #1 x-Loc=50 y-Loc=300 xHead=0  Act=0 HP=100 MP=3
[INFO][2021-07-27 11:09:54][Server]User #2 x-Loc=50 y-Loc=300 xHead=1  Act=15 HP=90 MP=1
[INFO][2021-07-27 11:09:54][Server]client #2 transferred baofengzi #4308
[INFO][2021-07-27 11:09:54][Server]Player #1 Attack Player #2. Got Damage 10pts.
        Now Player #1 HP is 100   MP is 6
            Player #2 HP is 80   MP is 2
[INFO][2021-07-27 11:09:54][Server]User #1 x-Loc=50 y-Loc=300 xHead=0  Act=10 HP=100 MP=6
[INFO][2021-07-27 11:09:54][Server]User #2 x-Loc=50 y-Loc=300 xHead=1  Act=16 HP=80 MP=2
[INFO][2021-07-27 11:09:54][Server]client #2 transferred baofengzi #4308
[INFO][2021-07-27 11:09:54][Server]User #1 x-Loc=50 y-Loc=300 xHead=0  Act=0 HP=100 MP=6
[INFO][2021-07-27 11:09:54][Server]User #2 x-Loc=50 y-Loc=300 xHead=1  Act=16 HP=80 MP=2
[INFO][2021-07-27 11:09:55][Server]client #2 transferred baofengzi #4308
[INFO][2021-07-27 11:09:55][Server]Player #1 Attack Player #2. Got Damage 10pts.
        Now Player #1 HP is 100   MP is 9
            Player #2 HP is 70   MP is 3
[INFO][2021-07-27 11:09:55][Server]User #1 x-Loc=50 y-Loc=300 xHead=0  Act=10 HP=100 MP=9
[INFO][2021-07-27 11:09:55][Server]User #2 x-Loc=50 y-Loc=300 xHead=1  Act=17 HP=70 MP=3
[INFO][2021-07-27 11:09:55][Server]client #2 transferred baofengzi #4308
[INFO][2021-07-27 11:09:55][Server]User #1 x-Loc=50 y-Loc=300 xHead=0  Act=0 HP=100 MP=9
[INFO][2021-07-27 11:09:55][Server]User #2 x-Loc=50 y-Loc=300 xHead=1  Act=17 HP=70 MP=3
[INFO][2021-07-27 11:09:59][Server]client #1 transferred caotijing #9146
[INFO][2021-07-27 11:09:59][Server]User #1 x-Loc=50 y-Loc=300 xHead=0  Act=0 HP=100 MP=9
[INFO][2021-07-27 11:09:59][Server]User #2 x-Loc=100 y-Loc=300 xHead=1  Act=1 HP=70 MP=3
[INFO][2021-07-27 11:09:59][Server]client #1 transferred caotijing #9146
[INFO][2021-07-27 11:09:59][Server]User #1 x-Loc=50 y-Loc=300 xHead=0  Act=0 HP=100 MP=9
[INFO][2021-07-27 11:09:59][Server]User #2 x-Loc=100 y-Loc=300 xHead=1  Act=0 HP=70 MP=3
[INFO][2021-07-27 11:10:00][Server]client #1 transferred caotijing #9146
[INFO][2021-07-27 11:10:00][Server]User #1 x-Loc=50 y-Loc=300 xHead=0  Act=0 HP=100 MP=9
[INFO][2021-07-27 11:10:00][Server]User #2 x-Loc=150 y-Loc=300 xHead=1  Act=1 HP=70 MP=3
[INFO][2021-07-27 11:10:00][Server]client #1 transferred caotijing #9146
[INFO][2021-07-27 11:10:00][Server]User #1 x-Loc=50 y-Loc=300 xHead=0  Act=0 HP=100 MP=9
[INFO][2021-07-27 11:10:00][Server]User #2 x-Loc=150 y-Loc=300 xHead=1  Act=0 HP=70 MP=3
[INFO][2021-07-27 11:10:01][Server]client #1 transferred caotijing #9146
[INFO][2021-07-27 11:10:01][Server]User #1 x-Loc=50 y-Loc=300 xHead=0  Act=0 HP=100 MP=9
[INFO][2021-07-27 11:10:01][Server]User #2 x-Loc=100 y-Loc=300 xHead=0  Act=1 HP=70 MP=3
[INFO][2021-07-27 11:10:01][Server]client #1 transferred caotijing #9146
[INFO][2021-07-27 11:10:01][Server]User #1 x-Loc=50 y-Loc=300 xHead=0  Act=0 HP=100 MP=9
[INFO][2021-07-27 11:10:01][Server]User #2 x-Loc=100 y-Loc=300 xHead=0  Act=0 HP=70 MP=3
[INFO][2021-07-27 11:10:01][Server]client #1 transferred caotijing #9146
[INFO][2021-07-27 11:10:01][Server]User #1 x-Loc=50 y-Loc=300 xHead=0  Act=0 HP=100 MP=9
[INFO][2021-07-27 11:10:01][Server]User #2 x-Loc=50 y-Loc=300 xHead=0  Act=1 HP=70 MP=3
[INFO][2021-07-27 11:10:01][Server]client #1 transferred caotijing #9146
[INFO][2021-07-27 11:10:01][Server]User #1 x-Loc=50 y-Loc=300 xHead=0  Act=0 HP=100 MP=9
[INFO][2021-07-27 11:10:01][Server]User #2 x-Loc=50 y-Loc=300 xHead=0  Act=0 HP=70 MP=3
[INFO][2021-07-27 11:10:02][Server]client #1 transferred caotijing #9146
[INFO][2021-07-27 11:10:02][Server]Player #2 Attack Player #1. Got Damage 10pts.
        Now Player #1 HP is 90   MP is 10
            Player #2 HP is 70   MP is 6
[INFO][2021-07-27 11:10:02][Server]User #1 x-Loc=50 y-Loc=300 xHead=0  Act=15 HP=90 MP=10
[INFO][2021-07-27 11:10:02][Server]User #2 x-Loc=50 y-Loc=300 xHead=0  Act=10 HP=70 MP=6
[INFO][2021-07-27 11:10:02][Server]client #1 transferred caotijing #9146
[INFO][2021-07-27 11:10:02][Server]User #1 x-Loc=50 y-Loc=300 xHead=0  Act=15 HP=90 MP=10
[INFO][2021-07-27 11:10:02][Server]User #2 x-Loc=50 y-Loc=300 xHead=0  Act=0 HP=70 MP=6
[INFO][2021-07-27 11:10:03][Server]client #1 transferred caotijing #9146
[INFO][2021-07-27 11:10:03][Server]Player #2 Attack Player #1. Got Damage 10pts.
        Now Player #1 HP is 80   MP is 11
            Player #2 HP is 70   MP is 9
[INFO][2021-07-27 11:10:03][Server]User #1 x-Loc=50 y-Loc=300 xHead=0  Act=16 HP=80 MP=11
[INFO][2021-07-27 11:10:03][Server]User #2 x-Loc=50 y-Loc=300 xHead=0  Act=10 HP=70 MP=9
[INFO][2021-07-27 11:10:03][Server]client #1 transferred caotijing #9146
[INFO][2021-07-27 11:10:03][Server]User #1 x-Loc=50 y-Loc=300 xHead=0  Act=16 HP=80 MP=11
[INFO][2021-07-27 11:10:03][Server]User #2 x-Loc=50 y-Loc=300 xHead=0  Act=0 HP=70 MP=9
[INFO][2021-07-27 11:10:04][Server]client #1 transferred caotijing #9146
[INFO][2021-07-27 11:10:04][Server]Player #2 Attack Player #1. Got Damage 10pts.
        Now Player #1 HP is 70   MP is 12
            Player #2 HP is 70   MP is 12
[INFO][2021-07-27 11:10:04][Server]User #1 x-Loc=50 y-Loc=300 xHead=0  Act=17 HP=70 MP=12
[INFO][2021-07-27 11:10:04][Server]User #2 x-Loc=50 y-Loc=300 xHead=0  Act=10 HP=70 MP=12
[INFO][2021-07-27 11:10:04][Server]client #1 transferred caotijing #9146
[INFO][2021-07-27 11:10:04][Server]User #1 x-Loc=50 y-Loc=300 xHead=0  Act=17 HP=70 MP=12
[INFO][2021-07-27 11:10:04][Server]User #2 x-Loc=50 y-Loc=300 xHead=0  Act=0 HP=70 MP=12
[INFO][2021-07-27 11:10:04][Server]client #1 transferred caotijing #9146
[INFO][2021-07-27 11:10:04][Server]Player #2 Attack Player #1. Got Damage 10pts.
        Now Player #1 HP is 60   MP is 13
            Player #2 HP is 70   MP is 15
[INFO][2021-07-27 11:10:04][Server]User #1 x-Loc=50 y-Loc=300 xHead=0  Act=0 HP=60 MP=13
[INFO][2021-07-27 11:10:04][Server]User #2 x-Loc=50 y-Loc=300 xHead=0  Act=10 HP=70 MP=15
[INFO][2021-07-27 11:10:04][Server]client #1 transferred caotijing #9146
[INFO][2021-07-27 11:10:04][Server]User #1 x-Loc=50 y-Loc=300 xHead=0  Act=0 HP=60 MP=13
[INFO][2021-07-27 11:10:04][Server]User #2 x-Loc=50 y-Loc=300 xHead=0  Act=0 HP=70 MP=15
[INFO][2021-07-27 11:10:05][Server]client #1 transferred caotijing #9146
[INFO][2021-07-27 11:10:05][Server]Player #2 Attack Player #1. Got Damage 10pts.
        Now Player #1 HP is 50   MP is 14
            Player #2 HP is 70   MP is 15
[INFO][2021-07-27 11:10:05][Server]User #1 x-Loc=50 y-Loc=300 xHead=0  Act=15 HP=50 MP=14
[INFO][2021-07-27 11:10:05][Server]User #2 x-Loc=50 y-Loc=300 xHead=0  Act=10 HP=70 MP=15
[INFO][2021-07-27 11:10:05][Server]client #1 transferred caotijing #9146
[INFO][2021-07-27 11:10:05][Server]User #1 x-Loc=50 y-Loc=300 xHead=0  Act=15 HP=50 MP=14
[INFO][2021-07-27 11:10:05][Server]User #2 x-Loc=50 y-Loc=300 xHead=0  Act=0 HP=70 MP=15
[INFO][2021-07-27 11:10:06][Server]client #1 transferred caotijing #9146
[INFO][2021-07-27 11:10:06][Server]Player #2 Attack Player #1. Got Damage 10pts.
        Now Player #1 HP is 40   MP is 15
            Player #2 HP is 70   MP is 15
[INFO][2021-07-27 11:10:06][Server]User #1 x-Loc=50 y-Loc=300 xHead=0  Act=16 HP=40 MP=15
[INFO][2021-07-27 11:10:06][Server]User #2 x-Loc=50 y-Loc=300 xHead=0  Act=10 HP=70 MP=15
[INFO][2021-07-27 11:10:06][Server]client #1 transferred caotijing #9146
[INFO][2021-07-27 11:10:06][Server]User #1 x-Loc=50 y-Loc=300 xHead=0  Act=16 HP=40 MP=15
[INFO][2021-07-27 11:10:06][Server]User #2 x-Loc=50 y-Loc=300 xHead=0  Act=0 HP=70 MP=15
[INFO][2021-07-27 11:10:12][Server]client #1 transferred caotijing #9146
[INFO][2021-07-27 11:10:12][Server]Player #2 Attack Player #1. Got Damage 10pts.
        Now Player #1 HP is 30   MP is 15
            Player #2 HP is 70   MP is 15
[INFO][2021-07-27 11:10:12][Server]User #1 x-Loc=50 y-Loc=300 xHead=0  Act=17 HP=30 MP=15
[INFO][2021-07-27 11:10:12][Server]User #2 x-Loc=50 y-Loc=300 xHead=0  Act=10 HP=70 MP=15
[INFO][2021-07-27 11:10:12][Server]client #1 transferred caotijing #9146
[INFO][2021-07-27 11:10:12][Server]User #1 x-Loc=50 y-Loc=300 xHead=0  Act=17 HP=30 MP=15
[INFO][2021-07-27 11:10:12][Server]User #2 x-Loc=50 y-Loc=300 xHead=0  Act=0 HP=70 MP=15
[INFO][2021-07-27 11:10:12][Server]client #1 transferred caotijing #9146
[INFO][2021-07-27 11:10:12][Server]Player #2 Attack Player #1. Got Damage 30pts.
        Now Player #1 HP is 0   MP is 15
            Player #2 HP is 70   MP is 3
[INFO][2021-07-27 11:10:12][Server]User #1 x-Loc=50 y-Loc=300 xHead=0  Act=0 HP=0 MP=15
[INFO][2021-07-27 11:10:12][Server]User #2 x-Loc=50 y-Loc=300 xHead=0  Act=12 HP=70 MP=3
[INFO][2021-07-27 11:10:12][Server]BYE, client 1 ! 
[WARNING][2021-07-27 11:10:12][Server]client 2 Exception ! 
[INFO][2021-07-27 11:09:40][Server]client #1 transferred caotijing #9146
[INFO][2021-07-27 11:09:44][Server]client #2 transferred baofengzi #4308
[INFO][2021-07-27 11:09:44][Server]User #1 x-Loc=700 y-Loc=300 xHead=0  Act=0 HP=100 MP=0
[INFO][2021-07-27 11:09:44][Server]User #2 x-Loc=50 y-Loc=300 xHead=1  Act=0 HP=100 MP=0
[INFO][2021-07-27 11:09:45][Server]client #1 transferred caotijing #9146
[INFO][2021-07-27 11:09:45][Server]User #1 x-Loc=700 y-Loc=300 xHead=0  Act=0 HP=100 MP=0
[INFO][2021-07-27 11:09:45][Server]User #2 x-Loc=50 y-Loc=300 xHead=1  Act=0 HP=100 MP=0
[INFO][2021-07-27 11:09:45][Server]client #2 transferred baofengzi #4308
[INFO][2021-07-27 11:09:45][Server]User #1 x-Loc=700 y-Loc=300 xHead=0  Act=0 HP=100 MP=0
[INFO][2021-07-27 11:09:45][Server]User #2 x-Loc=50 y-Loc=300 xHead=1  Act=0 HP=100 MP=0
[INFO][2021-07-27 11:09:46][Server]client #2 transferred baofengzi #4308
[INFO][2021-07-27 11:09:46][Server]User #1 x-Loc=650 y-Loc=300 xHead=0  Act=1 HP=100 MP=0
[INFO][2021-07-27 11:09:46][Server]User #2 x-Loc=50 y-Loc=300 xHead=1  Act=0 HP=100 MP=0
[INFO][2021-07-27 11:09:46][Server]client #2 transferred baofengzi #4308
[INFO][2021-07-27 11:09:46][Server]User #1 x-Loc=650 y-Loc=300 xHead=0  Act=0 HP=100 MP=0
[INFO][2021-07-27 11:09:46][Server]User #2 x-Loc=50 y-Loc=300 xHead=1  Act=0 HP=100 MP=0
[INFO][2021-07-27 11:09:48][Server]client #2 transferred baofengzi #4308
[INFO][2021-07-27 11:09:48][Server]User #1 x-Loc=700 y-Loc=300 xHead=1  Act=1 HP=100 MP=0
[INFO][2021-07-27 11:09:48][Server]User #2 x-Loc=50 y-Loc=300 xHead=1  Act=0 HP=100 MP=0
[INFO][2021-07-27 11:09:48][Server]client #2 transferred baofengzi #4308
[INFO][2021-07-27 11:09:48][Server]User #1 x-Loc=700 y-Loc=300 xHead=1  Act=0 HP=100 MP=0
[INFO][2021-07-27 11:09:48][Server]User #2 x-Loc=50 y-Loc=300 xHead=1  Act=0 HP=100 MP=0
[INFO][2021-07-27 11:09:48][Server]client #2 transferred baofengzi #4308
[INFO][2021-07-27 11:09:48][Server]User #1 x-Loc=650 y-Loc=300 xHead=0  Act=1 HP=100 MP=0
[INFO][2021-07-27 11:09:48][Server]User #2 x-Loc=50 y-Loc=300 xHead=1  Act=0 HP=100 MP=0
[INFO][2021-07-27 11:09:48][Server]client #2 transferred baofengzi #4308
[INFO][2021-07-27 11:09:48][Server]User #1 x-Loc=650 y-Loc=300 xHead=0  Act=0 HP=100 MP=0
[INFO][2021-07-27 11:09:48][Server]User #2 x-Loc=50 y-Loc=300 xHead=1  Act=0 HP=100 MP=0
[INFO][2021-07-27 11:09:50][Server]client #2 transferred baofengzi #4308
[INFO][2021-07-27 11:09:50][Server]User #1 x-Loc=600 y-Loc=300 xHead=0  Act=1 HP=100 MP=0
[INFO][2021-07-27 11:09:50][Server]User #2 x-Loc=50 y-Loc=300 xHead=1  Act=0 HP=100 MP=0
[INFO][2021-07-27 11:09:50][Server]client #2 transferred baofengzi #4308
[INFO][2021-07-27 11:09:50][Server]User #1 x-Loc=600 y-Loc=300 xHead=0  Act=0 HP=100 MP=0
[INFO][2021-07-27 11:09:50][Server]User #2 x-Loc=50 y-Loc=300 xHead=1  Act=0 HP=100 MP=0
[INFO][2021-07-27 11:09:50][Server]client #2 transferred baofengzi #4308
[INFO][2021-07-27 11:09:50][Server]User #1 x-Loc=550 y-Loc=300 xHead=0  Act=1 HP=100 MP=0
[INFO][2021-07-27 11:09:50][Server]User #2 x-Loc=50 y-Loc=300 xHead=1  Act=0 HP=100 MP=0
[INFO][2021-07-27 11:09:50][Server]client #2 transferred baofengzi #4308
[INFO][2021-07-27 11:09:50][Server]User #1 x-Loc=550 y-Loc=300 xHead=0  Act=0 HP=100 MP=0
[INFO][2021-07-27 11:09:50][Server]User #2 x-Loc=50 y-Loc=300 xHead=1  Act=0 HP=100 MP=0
[INFO][2021-07-27 11:09:50][Server]client #2 transferred baofengzi #4308
[INFO][2021-07-27 11:09:50][Server]User #1 x-Loc=500 y-Loc=300 xHead=0  Act=1 HP=100 MP=0
[INFO][2021-07-27 11:09:50][Server]User #2 x-Loc=50 y-Loc=300 xHead=1  Act=0 HP=100 MP=0
[INFO][2021-07-27 11:09:51][Server]client #2 transferred baofengzi #4308
[INFO][2021-07-27 11:09:51][Server]User #1 x-Loc=500 y-Loc=300 xHead=0  Act=0 HP=100 MP=0
[INFO][2021-07-27 11:09:51][Server]User #2 x-Loc=50 y-Loc=300 xHead=1  Act=0 HP=100 MP=0
[INFO][2021-07-27 11:09:51][Server]client #2 transferred baofengzi #4308
[INFO][2021-07-27 11:09:51][Server]User #1 x-Loc=450 y-Loc=300 xHead=0  Act=1 HP=100 MP=0
[INFO][2021-07-27 11:09:51][Server]User #2 x-Loc=50 y-Loc=300 xHead=1  Act=0 HP=100 MP=0
[INFO][2021-07-27 11:09:51][Server]client #2 transferred baofengzi #4308
[INFO][2021-07-27 11:09:51][Server]User #1 x-Loc=450 y-Loc=300 xHead=0  Act=0 HP=100 MP=0
[INFO][2021-07-27 11:09:51][Server]User #2 x-Loc=50 y-Loc=300 xHead=1  Act=0 HP=100 MP=0
[INFO][2021-07-27 11:09:51][Server]client #2 transferred baofengzi #4308
[INFO][2021-07-27 11:09:51][Server]User #1 x-Loc=400 y-Loc=300 xHead=0  Act=1 HP=100 MP=0
[INFO][2021-07-27 11:09:51][Server]User #2 x-Loc=50 y-Loc=300 xHead=1  Act=0 HP=100 MP=0
[INFO][2021-07-27 11:09:51][Server]client #2 transferred baofengzi #4308
[INFO][2021-07-27 11:09:51][Server]User #1 x-Loc=400 y-Loc=300 xHead=0  Act=0 HP=100 MP=0
[INFO][2021-07-27 11:09:51][Server]User #2 x-Loc=50 y-Loc=300 xHead=1  Act=0 HP=100 MP=0
[INFO][2021-07-27 11:09:51][Server]client #2 transferred baofengzi #4308
[INFO][2021-07-27 11:09:51][Server]User #1 x-Loc=350 y-Loc=300 xHead=0  Act=1 HP=100 MP=0
[INFO][2021-07-27 11:09:51][Server]User #2 x-Loc=50 y-Loc=300 xHead=1  Act=0 HP=100 MP=0
[INFO][2021-07-27 11:09:51][Server]client #2 transferred baofengzi #4308
[INFO][2021-07-27 11:09:51][Server]User #1 x-Loc=350 y-Loc=300 xHead=0  Act=0 HP=100 MP=0
[INFO][2021-07-27 11:09:51][Server]User #2 x-Loc=50 y-Loc=300 xHead=1  Act=0 HP=100 MP=0
[INFO][2021-07-27 11:09:51][Server]client #2 transferred baofengzi #4308
[INFO][2021-07-27 11:09:51][Server]User #1 x-Loc=300 y-Loc=300 xHead=0  Act=1 HP=100 MP=0
[INFO][2021-07-27 11:09:51][Server]User #2 x-Loc=50 y-Loc=300 xHead=1  Act=0 HP=100 MP=0
[INFO][2021-07-27 11:09:51][Server]client #2 transferred baofengzi #4308
[INFO][2021-07-27 11:09:51][Server]User #1 x-Loc=300 y-Loc=300 xHead=0  Act=0 HP=100 MP=0
[INFO][2021-07-27 11:09:51][Server]User #2 x-Loc=50 y-Loc=300 xHead=1  Act=0 HP=100 MP=0
[INFO][2021-07-27 11:09:51][Server]client #2 transferred baofengzi #4308
[INFO][2021-07-27 11:09:51][Server]User #1 x-Loc=250 y-Loc=300 xHead=0  Act=1 HP=100 MP=0
[INFO][2021-07-27 11:09:51][Server]User #2 x-Loc=50 y-Loc=300 xHead=1  Act=0 HP=100 MP=0
[INFO][2021-07-27 11:09:51][Server]client #2 transferred baofengzi #4308
[INFO][2021-07-27 11:09:51][Server]User #1 x-Loc=250 y-Loc=300 xHead=0  Act=0 HP=100 MP=0
[INFO][2021-07-27 11:09:51][Server]User #2 x-Loc=50 y-Loc=300 xHead=1  Act=0 HP=100 MP=0
[INFO][2021-07-27 11:09:51][Server]client #2 transferred baofengzi #4308
[INFO][2021-07-27 11:09:51][Server]User #1 x-Loc=200 y-Loc=300 xHead=0  Act=1 HP=100 MP=0
[INFO][2021-07-27 11:09:51][Server]User #2 x-Loc=50 y-Loc=300 xHead=1  Act=0 HP=100 MP=0
[INFO][2021-07-27 11:09:51][Server]client #2 transferred baofengzi #4308
[INFO][2021-07-27 11:09:51][Server]User #1 x-Loc=200 y-Loc=300 xHead=0  Act=0 HP=100 MP=0
[INFO][2021-07-27 11:09:51][Server]User #2 x-Loc=50 y-Loc=300 xHead=1  Act=0 HP=100 MP=0
[INFO][2021-07-27 11:09:51][Server]client #2 transferred baofengzi #4308
[INFO][2021-07-27 11:09:51][Server]User #1 x-Loc=150 y-Loc=300 xHead=0  Act=1 HP=100 MP=0
[INFO][2021-07-27 11:09:51][Server]User #2 x-Loc=50 y-Loc=300 xHead=1  Act=0 HP=100 MP=0
[INFO][2021-07-27 11:09:51][Server]client #2 transferred baofengzi #4308
[INFO][2021-07-27 11:09:51][Server]User #1 x-Loc=150 y-Loc=300 xHead=0  Act=0 HP=100 MP=0
[INFO][2021-07-27 11:09:51][Server]User #2 x-Loc=50 y-Loc=300 xHead=1  Act=0 HP=100 MP=0
[INFO][2021-07-27 11:09:52][Server]client #2 transferred baofengzi #4308
[INFO][2021-07-27 11:09:52][Server]User #1 x-Loc=100 y-Loc=300 xHead=0  Act=1 HP=100 MP=0
[INFO][2021-07-27 11:09:52][Server]User #2 x-Loc=50 y-Loc=300 xHead=1  Act=0 HP=100 MP=0
[INFO][2021-07-27 11:09:52][Server]client #2 transferred baofengzi #4308
[INFO][2021-07-27 11:09:52][Server]User #1 x-Loc=100 y-Loc=300 xHead=0  Act=0 HP=100 MP=0
[INFO][2021-07-27 11:09:52][Server]User #2 x-Loc=50 y-Loc=300 xHead=1  Act=0 HP=100 MP=0
[INFO][2021-07-27 11:09:52][Server]client #2 transferred baofengzi #4308
[INFO][2021-07-27 11:09:52][Server]User #1 x-Loc=50 y-Loc=300 xHead=0  Act=1 HP=100 MP=0
[INFO][2021-07-27 11:09:52][Server]User #2 x-Loc=50 y-Loc=300 xHead=1  Act=0 HP=100 MP=0
[INFO][2021-07-27 11:09:52][Server]client #2 transferred baofengzi #4308
[INFO][2021-07-27 11:09:52][Server]User #1 x-Loc=50 y-Loc=300 xHead=0  Act=0 HP=100 MP=0
[INFO][2021-07-27 11:09:52][Server]User #2 x-Loc=50 y-Loc=300 xHead=1  Act=0 HP=100 MP=0
[INFO][2021-07-27 11:09:53][Server]client #2 transferred baofengzi #4308
[INFO][2021-07-27 11:09:53][Server]User #1 x-Loc=100 y-Loc=300 xHead=1  Act=1 HP=100 MP=0
[INFO][2021-07-27 11:09:53][Server]User #2 x-Loc=50 y-Loc=300 xHead=1  Act=0 HP=100 MP=0
[INFO][2021-07-27 11:09:53][Server]client #2 transferred baofengzi #4308
[INFO][2021-07-27 11:09:53][Server]User #1 x-Loc=100 y-Loc=300 xHead=1  Act=0 HP=100 MP=0
[INFO][2021-07-27 11:09:53][Server]User #2 x-Loc=50 y-Loc=300 xHead=1  Act=0 HP=100 MP=0
[INFO][2021-07-27 11:09:53][Server]client #2 transferred baofengzi #4308
[INFO][2021-07-27 11:09:53][Server]User #1 x-Loc=50 y-Loc=300 xHead=0  Act=1 HP=100 MP=0
[INFO][2021-07-27 11:09:53][Server]User #2 x-Loc=50 y-Loc=300 xHead=1  Act=0 HP=100 MP=0
[INFO][2021-07-27 11:09:53][Server]client #2 transferred baofengzi #4308
[INFO][2021-07-27 11:09:53][Server]User #1 x-Loc=50 y-Loc=300 xHead=0  Act=0 HP=100 MP=0
[INFO][2021-07-27 11:09:53][Server]User #2 x-Loc=50 y-Loc=300 xHead=1  Act=0 HP=100 MP=0
[INFO][2021-07-27 11:09:54][Server]client #2 transferred baofengzi #4308
[INFO][2021-07-27 11:09:54][Server]Player #1 Attack Player #2. Got Damage 10pts.
        Now Player #1 HP is 100   MP is 3
            Player #2 HP is 90   MP is 1
[INFO][2021-07-27 11:09:54][Server]User #1 x-Loc=50 y-Loc=300 xHead=0  Act=10 HP=100 MP=3
[INFO][2021-07-27 11:09:54][Server]User #2 x-Loc=50 y-Loc=300 xHead=1  Act=15 HP=90 MP=1
[INFO][2021-07-27 11:09:54][Server]client #2 transferred baofengzi #4308
[INFO][2021-07-27 11:09:54][Server]User #1 x-Loc=50 y-Loc=300 xHead=0  Act=0 HP=100 MP=3
[INFO][2021-07-27 11:09:54][Server]User #2 x-Loc=50 y-Loc=300 xHead=1  Act=15 HP=90 MP=1
[INFO][2021-07-27 11:09:54][Server]client #2 transferred baofengzi #4308
[INFO][2021-07-27 11:09:54][Server]Player #1 Attack Player #2. Got Damage 10pts.
        Now Player #1 HP is 100   MP is 6
            Player #2 HP is 80   MP is 2
[INFO][2021-07-27 11:09:54][Server]User #1 x-Loc=50 y-Loc=300 xHead=0  Act=10 HP=100 MP=6
[INFO][2021-07-27 11:09:54][Server]User #2 x-Loc=50 y-Loc=300 xHead=1  Act=16 HP=80 MP=2
[INFO][2021-07-27 11:09:54][Server]client #2 transferred baofengzi #4308
[INFO][2021-07-27 11:09:54][Server]User #1 x-Loc=50 y-Loc=300 xHead=0  Act=0 HP=100 MP=6
[INFO][2021-07-27 11:09:54][Server]User #2 x-Loc=50 y-Loc=300 xHead=1  Act=16 HP=80 MP=2
[INFO][2021-07-27 11:09:55][Server]client #2 transferred baofengzi #4308
[INFO][2021-07-27 11:09:55][Server]Player #1 Attack Player #2. Got Damage 10pts.
        Now Player #1 HP is 100   MP is 9
            Player #2 HP is 70   MP is 3
[INFO][2021-07-27 11:09:55][Server]User #1 x-Loc=50 y-Loc=300 xHead=0  Act=10 HP=100 MP=9
[INFO][2021-07-27 11:09:55][Server]User #2 x-Loc=50 y-Loc=300 xHead=1  Act=17 HP=70 MP=3
[INFO][2021-07-27 11:09:55][Server]client #2 transferred baofengzi #4308
[INFO][2021-07-27 11:09:55][Server]User #1 x-Loc=50 y-Loc=300 xHead=0  Act=0 HP=100 MP=9
[INFO][2021-07-27 11:09:55][Server]User #2 x-Loc=50 y-Loc=300 xHead=1  Act=17 HP=70 MP=3
[INFO][2021-07-27 11:09:59][Server]client #1 transferred caotijing #9146
[INFO][2021-07-27 11:09:59][Server]User #1 x-Loc=50 y-Loc=300 xHead=0  Act=0 HP=100 MP=9
[INFO][2021-07-27 11:09:59][Server]User #2 x-Loc=100 y-Loc=300 xHead=1  Act=1 HP=70 MP=3
[INFO][2021-07-27 11:09:59][Server]client #1 transferred caotijing #9146
[INFO][2021-07-27 11:09:59][Server]User #1 x-Loc=50 y-Loc=300 xHead=0  Act=0 HP=100 MP=9
[INFO][2021-07-27 11:09:59][Server]User #2 x-Loc=100 y-Loc=300 xHead=1  Act=0 HP=70 MP=3
[INFO][2021-07-27 11:10:00][Server]client #1 transferred caotijing #9146
[INFO][2021-07-27 11:10:00][Server]User #1 x-Loc=50 y-Loc=300 xHead=0  Act=0 HP=100 MP=9
[INFO][2021-07-27 11:10:00][Server]User #2 x-Loc=150 y-Loc=300 xHead=1  Act=1 HP=70 MP=3
[INFO][2021-07-27 11:10:00][Server]client #1 transferred caotijing #9146
[INFO][2021-07-27 11:10:00][Server]User #1 x-Loc=50 y-Loc=300 xHead=0  Act=0 HP=100 MP=9
[INFO][2021-07-27 11:10:00][Server]User #2 x-Loc=150 y-Loc=300 xHead=1  Act=0 HP=70 MP=3
[INFO][2021-07-27 11:10:01][Server]client #1 transferred caotijing #9146
[INFO][2021-07-27 11:10:01][Server]User #1 x-Loc=50 y-Loc=300 xHead=0  Act=0 HP=100 MP=9
[INFO][2021-07-27 11:10:01][Server]User #2 x-Loc=100 y-Loc=300 xHead=0  Act=1 HP=70 MP=3
[INFO][2021-07-27 11:10:01][Server]client #1 transferred caotijing #9146
[INFO][2021-07-27 11:10:01][Server]User #1 x-Loc=50 y-Loc=300 xHead=0  Act=0 HP=100 MP=9
[INFO][2021-07-27 11:10:01][Server]User #2 x-Loc=100 y-Loc=300 xHead=0  Act=0 HP=70 MP=3
[INFO][2021-07-27 11:10:01][Server]client #1 transferred caotijing #9146
[INFO][2021-07-27 11:10:01][Server]User #1 x-Loc=50 y-Loc=300 xHead=0  Act=0 HP=100 MP=9
[INFO][2021-07-27 11:10:01][Server]User #2 x-Loc=50 y-Loc=300 xHead=0  Act=1 HP=70 MP=3
[INFO][2021-07-27 11:10:01][Server]client #1 transferred caotijing #9146
[INFO][2021-07-27 11:10:01][Server]User #1 x-Loc=50 y-Loc=300 xHead=0  Act=0 HP=100 MP=9
[INFO][2021-07-27 11:10:01][Server]User #2 x-Loc=50 y-Loc=300 xHead=0  Act=0 HP=70 MP=3
[INFO][2021-07-27 11:10:02][Server]client #1 transferred caotijing #9146
[INFO][2021-07-27 11:10:02][Server]Player #2 Attack Player #1. Got Damage 10pts.
        Now Player #1 HP is 90   MP is 10
            Player #2 HP is 70   MP is 6
[INFO][2021-07-27 11:10:02][Server]User #1 x-Loc=50 y-Loc=300 xHead=0  Act=15 HP=90 MP=10
[INFO][2021-07-27 11:10:02][Server]User #2 x-Loc=50 y-Loc=300 xHead=0  Act=10 HP=70 MP=6
[INFO][2021-07-27 11:10:02][Server]client #1 transferred caotijing #9146
[INFO][2021-07-27 11:10:02][Server]User #1 x-Loc=50 y-Loc=300 xHead=0  Act=15 HP=90 MP=10
[INFO][2021-07-27 11:10:02][Server]User #2 x-Loc=50 y-Loc=300 xHead=0  Act=0 HP=70 MP=6
[INFO][2021-07-27 11:10:03][Server]client #1 transferred caotijing #9146
[INFO][2021-07-27 11:10:03][Server]Player #2 Attack Player #1. Got Damage 10pts.
        Now Player #1 HP is 80   MP is 11
            Player #2 HP is 70   MP is 9
[INFO][2021-07-27 11:10:03][Server]User #1 x-Loc=50 y-Loc=300 xHead=0  Act=16 HP=80 MP=11
[INFO][2021-07-27 11:10:03][Server]User #2 x-Loc=50 y-Loc=300 xHead=0  Act=10 HP=70 MP=9
[INFO][2021-07-27 11:10:03][Server]client #1 transferred caotijing #9146
[INFO][2021-07-27 11:10:03][Server]User #1 x-Loc=50 y-Loc=300 xHead=0  Act=16 HP=80 MP=11
[INFO][2021-07-27 11:10:03][Server]User #2 x-Loc=50 y-Loc=300 xHead=0  Act=0 HP=70 MP=9
[INFO][2021-07-27 11:10:04][Server]client #1 transferred caotijing #9146
[INFO][2021-07-27 11:10:04][Server]Player #2 Attack Player #1. Got Damage 10pts.
        Now Player #1 HP is 70   MP is 12
            Player #2 HP is 70   MP is 12
[INFO][2021-07-27 11:10:04][Server]User #1 x-Loc=50 y-Loc=300 xHead=0  Act=17 HP=70 MP=12
[INFO][2021-07-27 11:10:04][Server]User #2 x-Loc=50 y-Loc=300 xHead=0  Act=10 HP=70 MP=12
[INFO][2021-07-27 11:10:04][Server]client #1 transferred caotijing #9146
[INFO][2021-07-27 11:10:04][Server]User #1 x-Loc=50 y-Loc=300 xHead=0  Act=17 HP=70 MP=12
[INFO][2021-07-27 11:10:04][Server]User #2 x-Loc=50 y-Loc=300 xHead=0  Act=0 HP=70 MP=12
[INFO][2021-07-27 11:10:04][Server]client #1 transferred caotijing #9146
[INFO][2021-07-27 11:10:04][Server]Player #2 Attack Player #1. Got Damage 10pts.
        Now Player #1 HP is 60   MP is 13
            Player #2 HP is 70   MP is 15
[INFO][2021-07-27 11:10:04][Server]User #1 x-Loc=50 y-Loc=300 xHead=0  Act=0 HP=60 MP=13
[INFO][2021-07-27 11:10:04][Server]User #2 x-Loc=50 y-Loc=300 xHead=0  Act=10 HP=70 MP=15
[INFO][2021-07-27 11:10:04][Server]client #1 transferred caotijing #9146
[INFO][2021-07-27 11:10:04][Server]User #1 x-Loc=50 y-Loc=300 xHead=0  Act=0 HP=60 MP=13
[INFO][2021-07-27 11:10:04][Server]User #2 x-Loc=50 y-Loc=300 xHead=0  Act=0 HP=70 MP=15
[INFO][2021-07-27 11:10:05][Server]client #1 transferred caotijing #9146
[INFO][2021-07-27 11:10:05][Server]Player #2 Attack Player #1. Got Damage 10pts.
        Now Player #1 HP is 50   MP is 14
            Player #2 HP is 70   MP is 15
[INFO][2021-07-27 11:10:05][Server]User #1 x-Loc=50 y-Loc=300 xHead=0  Act=15 HP=50 MP=14
[INFO][2021-07-27 11:10:05][Server]User #2 x-Loc=50 y-Loc=300 xHead=0  Act=10 HP=70 MP=15
[INFO][2021-07-27 11:10:05][Server]client #1 transferred caotijing #9146
[INFO][2021-07-27 11:10:05][Server]User #1 x-Loc=50 y-Loc=300 xHead=0  Act=15 HP=50 MP=14
[INFO][2021-07-27 11:10:05][Server]User #2 x-Loc=50 y-Loc=300 xHead=0  Act=0 HP=70 MP=15
[INFO][2021-07-27 11:10:06][Server]client #1 transferred caotijing #9146
[INFO][2021-07-27 11:10:06][Server]Player #2 Attack Player #1. Got Damage 10pts.
        Now Player #1 HP is 40   MP is 15
            Player #2 HP is 70   MP is 15
[INFO][2021-07-27 11:10:06][Server]User #1 x-Loc=50 y-Loc=300 xHead=0  Act=16 HP=40 MP=15
[INFO][2021-07-27 11:10:06][Server]User #2 x-Loc=50 y-Loc=300 xHead=0  Act=10 HP=70 MP=15
[INFO][2021-07-27 11:10:06][Server]client #1 transferred caotijing #9146
[INFO][2021-07-27 11:10:06][Server]User #1 x-Loc=50 y-Loc=300 xHead=0  Act=16 HP=40 MP=15
[INFO][2021-07-27 11:10:06][Server]User #2 x-Loc=50 y-Loc=300 xHead=0  Act=0 HP=70 MP=15
[INFO][2021-07-27 11:10:12][Server]client #1 transferred caotijing #9146
[INFO][2021-07-27 11:10:12][Server]Player #2 Attack Player #1. Got Damage 10pts.
        Now Player #1 HP is 30   MP is 15
            Player #2 HP is 70   MP is 15
[INFO][2021-07-27 11:10:12][Server]User #1 x-Loc=50 y-Loc=300 xHead=0  Act=17 HP=30 MP=15
[INFO][2021-07-27 11:10:12][Server]User #2 x-Loc=50 y-Loc=300 xHead=0  Act=10 HP=70 MP=15
[INFO][2021-07-27 11:10:12][Server]client #1 transferred caotijing #9146
[INFO][2021-07-27 11:10:12][Server]User #1 x-Loc=50 y-Loc=300 xHead=0  Act=17 HP=30 MP=15
[INFO][2021-07-27 11:10:12][Server]User #2 x-Loc=50 y-Loc=300 xHead=0  Act=0 HP=70 MP=15
[INFO][2021-07-27 11:10:12][Server]client #1 transferred caotijing #9146
[INFO][2021-07-27 11:10:12][Server]Player #2 Attack Player #1. Got Damage 30pts.
        Now Player #1 HP is 0   MP is 15
            Player #2 HP is 70   MP is 3
[INFO][2021-07-27 11:10:12][Server]User #1 x-Loc=50 y-Loc=300 xHead=0  Act=0 HP=0 MP=15
[INFO][2021-07-27 11:10:12][Server]User #2 x-Loc=50 y-Loc=300 xHead=0  Act=12 HP=70 MP=3
[INFO][2021-07-27 11:10:12][Server]BYE, client 1 ! 
[WARNING][2021-07-27 11:10:12][Server]client 2 Exception ! 
[INFO][2021-07-27 11:09:40][Server]client #1 transferred caotijing #9146
[INFO][2021-07-27 11:09:44][Server]client #2 transferred baofengzi #4308
[INFO][2021-07-27 11:09:44][Server]User #1 x-Loc=700 y-Loc=300 xHead=0  Act=0 HP=100 MP=0
[INFO][2021-07-27 11:09:44][Server]User #2 x-Loc=50 y-Loc=300 xHead=1  Act=0 HP=100 MP=0
[INFO][2021-07-27 11:09:45][Server]client #1 transferred caotijing #9146
[INFO][2021-07-27 11:09:45][Server]User #1 x-Loc=700 y-Loc=300 xHead=0  Act=0 HP=100 MP=0
[INFO][2021-07-27 11:09:45][Server]User #2 x-Loc=50 y-Loc=300 xHead=1  Act=0 HP=100 MP=0
[INFO][2021-07-27 11:09:45][Server]client #2 transferred baofengzi #4308
[INFO][2021-07-27 11:09:45][Server]User #1 x-Loc=700 y-Loc=300 xHead=0  Act=0 HP=100 MP=0
[INFO][2021-07-27 11:09:45][Server]User #2 x-Loc=50 y-Loc=300 xHead=1  Act=0 HP=100 MP=0
[INFO][2021-07-27 11:09:46][Server]client #2 transferred baofengzi #4308
[INFO][2021-07-27 11:09:46][Server]User #1 x-Loc=650 y-Loc=300 xHead=0  Act=1 HP=100 MP=0
[INFO][2021-07-27 11:09:46][Server]User #2 x-Loc=50 y-Loc=300 xHead=1  Act=0 HP=100 MP=0
[INFO][2021-07-27 11:09:46][Server]client #2 transferred baofengzi #4308
[INFO][2021-07-27 11:09:46][Server]User #1 x-Loc=650 y-Loc=300 xHead=0  Act=0 HP=100 MP=0
[INFO][2021-07-27 11:09:46][Server]User #2 x-Loc=50 y-Loc=300 xHead=1  Act=0 HP=100 MP=0
[INFO][2021-07-27 11:09:48][Server]client #2 transferred baofengzi #4308
[INFO][2021-07-27 11:09:48][Server]User #1 x-Loc=700 y-Loc=300 xHead=1  Act=1 HP=100 MP=0
[INFO][2021-07-27 11:09:48][Server]User #2 x-Loc=50 y-Loc=300 xHead=1  Act=0 HP=100 MP=0
[INFO][2021-07-27 11:09:48][Server]client #2 transferred baofengzi #4308
[INFO][2021-07-27 11:09:48][Server]User #1 x-Loc=700 y-Loc=300 xHead=1  Act=0 HP=100 MP=0
[INFO][2021-07-27 11:09:48][Server]User #2 x-Loc=50 y-Loc=300 xHead=1  Act=0 HP=100 MP=0
[INFO][2021-07-27 11:09:48][Server]client #2 transferred baofengzi #4308
[INFO][2021-07-27 11:09:48][Server]User #1 x-Loc=650 y-Loc=300 xHead=0  Act=1 HP=100 MP=0
[INFO][2021-07-27 11:09:48][Server]User #2 x-Loc=50 y-Loc=300 xHead=1  Act=0 HP=100 MP=0
[INFO][2021-07-27 11:09:48][Server]client #2 transferred baofengzi #4308
[INFO][2021-07-27 11:09:48][Server]User #1 x-Loc=650 y-Loc=300 xHead=0  Act=0 HP=100 MP=0
[INFO][2021-07-27 11:09:48][Server]User #2 x-Loc=50 y-Loc=300 xHead=1  Act=0 HP=100 MP=0
[INFO][2021-07-27 11:09:50][Server]client #2 transferred baofengzi #4308
[INFO][2021-07-27 11:09:50][Server]User #1 x-Loc=600 y-Loc=300 xHead=0  Act=1 HP=100 MP=0
[INFO][2021-07-27 11:09:50][Server]User #2 x-Loc=50 y-Loc=300 xHead=1  Act=0 HP=100 MP=0
[INFO][2021-07-27 11:09:50][Server]client #2 transferred baofengzi #4308
[INFO][2021-07-27 11:09:50][Server]User #1 x-Loc=600 y-Loc=300 xHead=0  Act=0 HP=100 MP=0
[INFO][2021-07-27 11:09:50][Server]User #2 x-Loc=50 y-Loc=300 xHead=1  Act=0 HP=100 MP=0
[INFO][2021-07-27 11:09:50][Server]client #2 transferred baofengzi #4308
[INFO][2021-07-27 11:09:50][Server]User #1 x-Loc=550 y-Loc=300 xHead=0  Act=1 HP=100 MP=0
[INFO][2021-07-27 11:09:50][Server]User #2 x-Loc=50 y-Loc=300 xHead=1  Act=0 HP=100 MP=0
[INFO][2021-07-27 11:09:50][Server]client #2 transferred baofengzi #4308
[INFO][2021-07-27 11:09:50][Server]User #1 x-Loc=550 y-Loc=300 xHead=0  Act=0 HP=100 MP=0
[INFO][2021-07-27 11:09:50][Server]User #2 x-Loc=50 y-Loc=300 xHead=1  Act=0 HP=100 MP=0
[INFO][2021-07-27 11:09:50][Server]client #2 transferred baofengzi #4308
[INFO][2021-07-27 11:09:50][Server]User #1 x-Loc=500 y-Loc=300 xHead=0  Act=1 HP=100 MP=0
[INFO][2021-07-27 11:09:50][Server]User #2 x-Loc=50 y-Loc=300 xHead=1  Act=0 HP=100 MP=0
[INFO][2021-07-27 11:09:51][Server]client #2 transferred baofengzi #4308
[INFO][2021-07-27 11:09:51][Server]User #1 x-Loc=500 y-Loc=300 xHead=0  Act=0 HP=100 MP=0
[INFO][2021-07-27 11:09:51][Server]User #2 x-Loc=50 y-Loc=300 xHead=1  Act=0 HP=100 MP=0
[INFO][2021-07-27 11:09:51][Server]client #2 transferred baofengzi #4308
[INFO][2021-07-27 11:09:51][Server]User #1 x-Loc=450 y-Loc=300 xHead=0  Act=1 HP=100 MP=0
[INFO][2021-07-27 11:09:51][Server]User #2 x-Loc=50 y-Loc=300 xHead=1  Act=0 HP=100 MP=0
[INFO][2021-07-27 11:09:51][Server]client #2 transferred baofengzi #4308
[INFO][2021-07-27 11:09:51][Server]User #1 x-Loc=450 y-Loc=300 xHead=0  Act=0 HP=100 MP=0
[INFO][2021-07-27 11:09:51][Server]User #2 x-Loc=50 y-Loc=300 xHead=1  Act=0 HP=100 MP=0
[INFO][2021-07-27 11:09:51][Server]client #2 transferred baofengzi #4308
[INFO][2021-07-27 11:09:51][Server]User #1 x-Loc=400 y-Loc=300 xHead=0  Act=1 HP=100 MP=0
[INFO][2021-07-27 11:09:51][Server]User #2 x-Loc=50 y-Loc=300 xHead=1  Act=0 HP=100 MP=0
[INFO][2021-07-27 11:09:51][Server]client #2 transferred baofengzi #4308
[INFO][2021-07-27 11:09:51][Server]User #1 x-Loc=400 y-Loc=300 xHead=0  Act=0 HP=100 MP=0
[INFO][2021-07-27 11:09:51][Server]User #2 x-Loc=50 y-Loc=300 xHead=1  Act=0 HP=100 MP=0
[INFO][2021-07-27 11:09:51][Server]client #2 transferred baofengzi #4308
[INFO][2021-07-27 11:09:51][Server]User #1 x-Loc=350 y-Loc=300 xHead=0  Act=1 HP=100 MP=0
[INFO][2021-07-27 11:09:51][Server]User #2 x-Loc=50 y-Loc=300 xHead=1  Act=0 HP=100 MP=0
[INFO][2021-07-27 11:09:51][Server]client #2 transferred baofengzi #4308
[INFO][2021-07-27 11:09:51][Server]User #1 x-Loc=350 y-Loc=300 xHead=0  Act=0 HP=100 MP=0
[INFO][2021-07-27 11:09:51][Server]User #2 x-Loc=50 y-Loc=300 xHead=1  Act=0 HP=100 MP=0
[INFO][2021-07-27 11:09:51][Server]client #2 transferred baofengzi #4308
[INFO][2021-07-27 11:09:51][Server]User #1 x-Loc=300 y-Loc=300 xHead=0  Act=1 HP=100 MP=0
[INFO][2021-07-27 11:09:51][Server]User #2 x-Loc=50 y-Loc=300 xHead=1  Act=0 HP=100 MP=0
[INFO][2021-07-27 11:09:51][Server]client #2 transferred baofengzi #4308
[INFO][2021-07-27 11:09:51][Server]User #1 x-Loc=300 y-Loc=300 xHead=0  Act=0 HP=100 MP=0
[INFO][2021-07-27 11:09:51][Server]User #2 x-Loc=50 y-Loc=300 xHead=1  Act=0 HP=100 MP=0
[INFO][2021-07-27 11:09:51][Server]client #2 transferred baofengzi #4308
[INFO][2021-07-27 11:09:51][Server]User #1 x-Loc=250 y-Loc=300 xHead=0  Act=1 HP=100 MP=0
[INFO][2021-07-27 11:09:51][Server]User #2 x-Loc=50 y-Loc=300 xHead=1  Act=0 HP=100 MP=0
[INFO][2021-07-27 11:09:51][Server]client #2 transferred baofengzi #4308
[INFO][2021-07-27 11:09:51][Server]User #1 x-Loc=250 y-Loc=300 xHead=0  Act=0 HP=100 MP=0
[INFO][2021-07-27 11:09:51][Server]User #2 x-Loc=50 y-Loc=300 xHead=1  Act=0 HP=100 MP=0
[INFO][2021-07-27 11:09:51][Server]client #2 transferred baofengzi #4308
[INFO][2021-07-27 11:09:51][Server]User #1 x-Loc=200 y-Loc=300 xHead=0  Act=1 HP=100 MP=0
[INFO][2021-07-27 11:09:51][Server]User #2 x-Loc=50 y-Loc=300 xHead=1  Act=0 HP=100 MP=0
[INFO][2021-07-27 11:09:51][Server]client #2 transferred baofengzi #4308
[INFO][2021-07-27 11:09:51][Server]User #1 x-Loc=200 y-Loc=300 xHead=0  Act=0 HP=100 MP=0
[INFO][2021-07-27 11:09:51][Server]User #2 x-Loc=50 y-Loc=300 xHead=1  Act=0 HP=100 MP=0
[INFO][2021-07-27 11:09:51][Server]client #2 transferred baofengzi #4308
[INFO][2021-07-27 11:09:51][Server]User #1 x-Loc=150 y-Loc=300 xHead=0  Act=1 HP=100 MP=0
[INFO][2021-07-27 11:09:51][Server]User #2 x-Loc=50 y-Loc=300 xHead=1  Act=0 HP=100 MP=0
[INFO][2021-07-27 11:09:51][Server]client #2 transferred baofengzi #4308
[INFO][2021-07-27 11:09:51][Server]User #1 x-Loc=150 y-Loc=300 xHead=0  Act=0 HP=100 MP=0
[INFO][2021-07-27 11:09:51][Server]User #2 x-Loc=50 y-Loc=300 xHead=1  Act=0 HP=100 MP=0
[INFO][2021-07-27 11:09:52][Server]client #2 transferred baofengzi #4308
[INFO][2021-07-27 11:09:52][Server]User #1 x-Loc=100 y-Loc=300 xHead=0  Act=1 HP=100 MP=0
[INFO][2021-07-27 11:09:52][Server]User #2 x-Loc=50 y-Loc=300 xHead=1  Act=0 HP=100 MP=0
[INFO][2021-07-27 11:09:52][Server]client #2 transferred baofengzi #4308
[INFO][2021-07-27 11:09:52][Server]User #1 x-Loc=100 y-Loc=300 xHead=0  Act=0 HP=100 MP=0
[INFO][2021-07-27 11:09:52][Server]User #2 x-Loc=50 y-Loc=300 xHead=1  Act=0 HP=100 MP=0
[INFO][2021-07-27 11:09:52][Server]client #2 transferred baofengzi #4308
[INFO][2021-07-27 11:09:52][Server]User #1 x-Loc=50 y-Loc=300 xHead=0  Act=1 HP=100 MP=0
[INFO][2021-07-27 11:09:52][Server]User #2 x-Loc=50 y-Loc=300 xHead=1  Act=0 HP=100 MP=0
[INFO][2021-07-27 11:09:52][Server]client #2 transferred baofengzi #4308
[INFO][2021-07-27 11:09:52][Server]User #1 x-Loc=50 y-Loc=300 xHead=0  Act=0 HP=100 MP=0
[INFO][2021-07-27 11:09:52][Server]User #2 x-Loc=50 y-Loc=300 xHead=1  Act=0 HP=100 MP=0
[INFO][2021-07-27 11:09:53][Server]client #2 transferred baofengzi #4308
[INFO][2021-07-27 11:09:53][Server]User #1 x-Loc=100 y-Loc=300 xHead=1  Act=1 HP=100 MP=0
[INFO][2021-07-27 11:09:53][Server]User #2 x-Loc=50 y-Loc=300 xHead=1  Act=0 HP=100 MP=0
[INFO][2021-07-27 11:09:53][Server]client #2 transferred baofengzi #4308
[INFO][2021-07-27 11:09:53][Server]User #1 x-Loc=100 y-Loc=300 xHead=1  Act=0 HP=100 MP=0
[INFO][2021-07-27 11:09:53][Server]User #2 x-Loc=50 y-Loc=300 xHead=1  Act=0 HP=100 MP=0
[INFO][2021-07-27 11:09:53][Server]client #2 transferred baofengzi #4308
[INFO][2021-07-27 11:09:53][Server]User #1 x-Loc=50 y-Loc=300 xHead=0  Act=1 HP=100 MP=0
[INFO][2021-07-27 11:09:53][Server]User #2 x-Loc=50 y-Loc=300 xHead=1  Act=0 HP=100 MP=0
[INFO][2021-07-27 11:09:53][Server]client #2 transferred baofengzi #4308
[INFO][2021-07-27 11:09:53][Server]User #1 x-Loc=50 y-Loc=300 xHead=0  Act=0 HP=100 MP=0
[INFO][2021-07-27 11:09:53][Server]User #2 x-Loc=50 y-Loc=300 xHead=1  Act=0 HP=100 MP=0
[INFO][2021-07-27 11:09:54][Server]client #2 transferred baofengzi #4308
[INFO][2021-07-27 11:09:54][Server]Player #1 Attack Player #2. Got Damage 10pts.
        Now Player #1 HP is 100   MP is 3
            Player #2 HP is 90   MP is 1
[INFO][2021-07-27 11:09:54][Server]User #1 x-Loc=50 y-Loc=300 xHead=0  Act=10 HP=100 MP=3
[INFO][2021-07-27 11:09:54][Server]User #2 x-Loc=50 y-Loc=300 xHead=1  Act=15 HP=90 MP=1
[INFO][2021-07-27 11:09:54][Server]client #2 transferred baofengzi #4308
[INFO][2021-07-27 11:09:54][Server]User #1 x-Loc=50 y-Loc=300 xHead=0  Act=0 HP=100 MP=3
[INFO][2021-07-27 11:09:54][Server]User #2 x-Loc=50 y-Loc=300 xHead=1  Act=15 HP=90 MP=1
[INFO][2021-07-27 11:09:54][Server]client #2 transferred baofengzi #4308
[INFO][2021-07-27 11:09:54][Server]Player #1 Attack Player #2. Got Damage 10pts.
        Now Player #1 HP is 100   MP is 6
            Player #2 HP is 80   MP is 2
[INFO][2021-07-27 11:09:54][Server]User #1 x-Loc=50 y-Loc=300 xHead=0  Act=10 HP=100 MP=6
[INFO][2021-07-27 11:09:54][Server]User #2 x-Loc=50 y-Loc=300 xHead=1  Act=16 HP=80 MP=2
[INFO][2021-07-27 11:09:54][Server]client #2 transferred baofengzi #4308
[INFO][2021-07-27 11:09:54][Server]User #1 x-Loc=50 y-Loc=300 xHead=0  Act=0 HP=100 MP=6
[INFO][2021-07-27 11:09:54][Server]User #2 x-Loc=50 y-Loc=300 xHead=1  Act=16 HP=80 MP=2
[INFO][2021-07-27 11:09:55][Server]client #2 transferred baofengzi #4308
[INFO][2021-07-27 11:09:55][Server]Player #1 Attack Player #2. Got Damage 10pts.
        Now Player #1 HP is 100   MP is 9
            Player #2 HP is 70   MP is 3
[INFO][2021-07-27 11:09:55][Server]User #1 x-Loc=50 y-Loc=300 xHead=0  Act=10 HP=100 MP=9
[INFO][2021-07-27 11:09:55][Server]User #2 x-Loc=50 y-Loc=300 xHead=1  Act=17 HP=70 MP=3
[INFO][2021-07-27 11:09:55][Server]client #2 transferred baofengzi #4308
[INFO][2021-07-27 11:09:55][Server]User #1 x-Loc=50 y-Loc=300 xHead=0  Act=0 HP=100 MP=9
[INFO][2021-07-27 11:09:55][Server]User #2 x-Loc=50 y-Loc=300 xHead=1  Act=17 HP=70 MP=3
[INFO][2021-07-27 11:09:59][Server]client #1 transferred caotijing #9146
[INFO][2021-07-27 11:09:59][Server]User #1 x-Loc=50 y-Loc=300 xHead=0  Act=0 HP=100 MP=9
[INFO][2021-07-27 11:09:59][Server]User #2 x-Loc=100 y-Loc=300 xHead=1  Act=1 HP=70 MP=3
[INFO][2021-07-27 11:09:59][Server]client #1 transferred caotijing #9146
[INFO][2021-07-27 11:09:59][Server]User #1 x-Loc=50 y-Loc=300 xHead=0  Act=0 HP=100 MP=9
[INFO][2021-07-27 11:09:59][Server]User #2 x-Loc=100 y-Loc=300 xHead=1  Act=0 HP=70 MP=3
[INFO][2021-07-27 11:10:00][Server]client #1 transferred caotijing #9146
[INFO][2021-07-27 11:10:00][Server]User #1 x-Loc=50 y-Loc=300 xHead=0  Act=0 HP=100 MP=9
[INFO][2021-07-27 11:10:00][Server]User #2 x-Loc=150 y-Loc=300 xHead=1  Act=1 HP=70 MP=3
[INFO][2021-07-27 11:10:00][Server]client #1 transferred caotijing #9146
[INFO][2021-07-27 11:10:00][Server]User #1 x-Loc=50 y-Loc=300 xHead=0  Act=0 HP=100 MP=9
[INFO][2021-07-27 11:10:00][Server]User #2 x-Loc=150 y-Loc=300 xHead=1  Act=0 HP=70 MP=3
[INFO][2021-07-27 11:10:01][Server]client #1 transferred caotijing #9146
[INFO][2021-07-27 11:10:01][Server]User #1 x-Loc=50 y-Loc=300 xHead=0  Act=0 HP=100 MP=9
[INFO][2021-07-27 11:10:01][Server]User #2 x-Loc=100 y-Loc=300 xHead=0  Act=1 HP=70 MP=3
[INFO][2021-07-27 11:10:01][Server]client #1 transferred caotijing #9146
[INFO][2021-07-27 11:10:01][Server]User #1 x-Loc=50 y-Loc=300 xHead=0  Act=0 HP=100 MP=9
[INFO][2021-07-27 11:10:01][Server]User #2 x-Loc=100 y-Loc=300 xHead=0  Act=0 HP=70 MP=3
[INFO][2021-07-27 11:10:01][Server]client #1 transferred caotijing #9146
[INFO][2021-07-27 11:10:01][Server]User #1 x-Loc=50 y-Loc=300 xHead=0  Act=0 HP=100 MP=9
[INFO][2021-07-27 11:10:01][Server]User #2 x-Loc=50 y-Loc=300 xHead=0  Act=1 HP=70 MP=3
[INFO][2021-07-27 11:10:01][Server]client #1 transferred caotijing #9146
[INFO][2021-07-27 11:10:01][Server]User #1 x-Loc=50 y-Loc=300 xHead=0  Act=0 HP=100 MP=9
[INFO][2021-07-27 11:10:01][Server]User #2 x-Loc=50 y-Loc=300 xHead=0  Act=0 HP=70 MP=3
[INFO][2021-07-27 11:10:02][Server]client #1 transferred caotijing #9146
[INFO][2021-07-27 11:10:02][Server]Player #2 Attack Player #1. Got Damage 10pts.
        Now Player #1 HP is 90   MP is 10
            Player #2 HP is 70   MP is 6
[INFO][2021-07-27 11:10:02][Server]User #1 x-Loc=50 y-Loc=300 xHead=0  Act=15 HP=90 MP=10
[INFO][2021-07-27 11:10:02][Server]User #2 x-Loc=50 y-Loc=300 xHead=0  Act=10 HP=70 MP=6
[INFO][2021-07-27 11:10:02][Server]client #1 transferred caotijing #9146
[INFO][2021-07-27 11:10:02][Server]User #1 x-Loc=50 y-Loc=300 xHead=0  Act=15 HP=90 MP=10
[INFO][2021-07-27 11:10:02][Server]User #2 x-Loc=50 y-Loc=300 xHead=0  Act=0 HP=70 MP=6
[INFO][2021-07-27 11:10:03][Server]client #1 transferred caotijing #9146
[INFO][2021-07-27 11:10:03][Server]Player #2 Attack Player #1. Got Damage 10pts.
        Now Player #1 HP is 80   MP is 11
            Player #2 HP is 70   MP is 9
[INFO][2021-07-27 11:10:03][Server]User #1 x-Loc=50 y-Loc=300 xHead=0  Act=16 HP=80 MP=11
[INFO][2021-07-27 11:10:03][Server]User #2 x-Loc=50 y-Loc=300 xHead=0  Act=10 HP=70 MP=9
[INFO][2021-07-27 11:10:03][Server]client #1 transferred caotijing #9146
[INFO][2021-07-27 11:10:03][Server]User #1 x-Loc=50 y-Loc=300 xHead=0  Act=16 HP=80 MP=11
[INFO][2021-07-27 11:10:03][Server]User #2 x-Loc=50 y-Loc=300 xHead=0  Act=0 HP=70 MP=9
[INFO][2021-07-27 11:10:04][Server]client #1 transferred caotijing #9146
[INFO][2021-07-27 11:10:04][Server]Player #2 Attack Player #1. Got Damage 10pts.
        Now Player #1 HP is 70   MP is 12
            Player #2 HP is 70   MP is 12
[INFO][2021-07-27 11:10:04][Server]User #1 x-Loc=50 y-Loc=300 xHead=0  Act=17 HP=70 MP=12
[INFO][2021-07-27 11:10:04][Server]User #2 x-Loc=50 y-Loc=300 xHead=0  Act=10 HP=70 MP=12
[INFO][2021-07-27 11:10:04][Server]client #1 transferred caotijing #9146
[INFO][2021-07-27 11:10:04][Server]User #1 x-Loc=50 y-Loc=300 xHead=0  Act=17 HP=70 MP=12
[INFO][2021-07-27 11:10:04][Server]User #2 x-Loc=50 y-Loc=300 xHead=0  Act=0 HP=70 MP=12
[INFO][2021-07-27 11:10:04][Server]client #1 transferred caotijing #9146
[INFO][2021-07-27 11:10:04][Server]Player #2 Attack Player #1. Got Damage 10pts.
        Now Player #1 HP is 60   MP is 13
            Player #2 HP is 70   MP is 15
[INFO][2021-07-27 11:10:04][Server]User #1 x-Loc=50 y-Loc=300 xHead=0  Act=0 HP=60 MP=13
[INFO][2021-07-27 11:10:04][Server]User #2 x-Loc=50 y-Loc=300 xHead=0  Act=10 HP=70 MP=15
[INFO][2021-07-27 11:10:04][Server]client #1 transferred caotijing #9146
[INFO][2021-07-27 11:10:04][Server]User #1 x-Loc=50 y-Loc=300 xHead=0  Act=0 HP=60 MP=13
[INFO][2021-07-27 11:10:04][Server]User #2 x-Loc=50 y-Loc=300 xHead=0  Act=0 HP=70 MP=15
[INFO][2021-07-27 11:10:05][Server]client #1 transferred caotijing #9146
[INFO][2021-07-27 11:10:05][Server]Player #2 Attack Player #1. Got Damage 10pts.
        Now Player #1 HP is 50   MP is 14
            Player #2 HP is 70   MP is 15
[INFO][2021-07-27 11:10:05][Server]User #1 x-Loc=50 y-Loc=300 xHead=0  Act=15 HP=50 MP=14
[INFO][2021-07-27 11:10:05][Server]User #2 x-Loc=50 y-Loc=300 xHead=0  Act=10 HP=70 MP=15
[INFO][2021-07-27 11:10:05][Server]client #1 transferred caotijing #9146
[INFO][2021-07-27 11:10:05][Server]User #1 x-Loc=50 y-Loc=300 xHead=0  Act=15 HP=50 MP=14
[INFO][2021-07-27 11:10:05][Server]User #2 x-Loc=50 y-Loc=300 xHead=0  Act=0 HP=70 MP=15
[INFO][2021-07-27 11:10:06][Server]client #1 transferred caotijing #9146
[INFO][2021-07-27 11:10:06][Server]Player #2 Attack Player #1. Got Damage 10pts.
        Now Player #1 HP is 40   MP is 15
            Player #2 HP is 70   MP is 15
[INFO][2021-07-27 11:10:06][Server]User #1 x-Loc=50 y-Loc=300 xHead=0  Act=16 HP=40 MP=15
[INFO][2021-07-27 11:10:06][Server]User #2 x-Loc=50 y-Loc=300 xHead=0  Act=10 HP=70 MP=15
[INFO][2021-07-27 11:10:06][Server]client #1 transferred caotijing #9146
[INFO][2021-07-27 11:10:06][Server]User #1 x-Loc=50 y-Loc=300 xHead=0  Act=16 HP=40 MP=15
[INFO][2021-07-27 11:10:06][Server]User #2 x-Loc=50 y-Loc=300 xHead=0  Act=0 HP=70 MP=15
[INFO][2021-07-27 11:10:12][Server]client #1 transferred caotijing #9146
[INFO][2021-07-27 11:10:12][Server]Player #2 Attack Player #1. Got Damage 10pts.
        Now Player #1 HP is 30   MP is 15
            Player #2 HP is 70   MP is 15
[INFO][2021-07-27 11:10:12][Server]User #1 x-Loc=50 y-Loc=300 xHead=0  Act=17 HP=30 MP=15
[INFO][2021-07-27 11:10:12][Server]User #2 x-Loc=50 y-Loc=300 xHead=0  Act=10 HP=70 MP=15
[INFO][2021-07-27 11:10:12][Server]client #1 transferred caotijing #9146
[INFO][2021-07-27 11:10:12][Server]User #1 x-Loc=50 y-Loc=300 xHead=0  Act=17 HP=30 MP=15
[INFO][2021-07-27 11:10:12][Server]User #2 x-Loc=50 y-Loc=300 xHead=0  Act=0 HP=70 MP=15
[INFO][2021-07-27 11:10:12][Server]client #1 transferred caotijing #9146
[INFO][2021-07-27 11:10:12][Server]Player #2 Attack Player #1. Got Damage 30pts.
        Now Player #1 HP is 0   MP is 15
            Player #2 HP is 70   MP is 3
[INFO][2021-07-27 11:10:12][Server]User #1 x-Loc=50 y-Loc=300 xHead=0  Act=0 HP=0 MP=15
[INFO][2021-07-27 11:10:12][Server]User #2 x-Loc=50 y-Loc=300 xHead=0  Act=12 HP=70 MP=3
[INFO][2021-07-27 11:10:12][Server]BYE, client 1 ! 
[WARNING][2021-07-27 11:10:12][Server]client 2 Exception ! 
