[INFO][2021-07-27 14:57:58][Server]Server started.
[INFO][2021-07-27 14:58:09][Server]client #1 transferred buzhihuowu #8443
[INFO][2021-07-27 14:58:14][Server]client #2 transferred buzhihuowu #3583
[INFO][2021-07-27 14:58:14][Server]User #1 x-Loc=700 y-Loc=300 xHead=0  Act=0 HP=330 MP=0
[INFO][2021-07-27 14:58:14][Server]User #2 x-Loc=50 y-Loc=300 xHead=1  Act=0 HP=330 MP=0
[INFO][2021-07-27 14:58:14][Server]client #1 transferred buzhihuowu #8443
[INFO][2021-07-27 14:58:14][Server]User #1 x-Loc=700 y-Loc=300 xHead=0  Act=0 HP=330 MP=0
[INFO][2021-07-27 14:58:14][Server]User #2 x-Loc=50 y-Loc=300 xHead=1  Act=0 HP=330 MP=0
[INFO][2021-07-27 14:58:14][Server]client #2 transferred buzhihuowu #3583
[INFO][2021-07-27 14:58:14][Server]User #1 x-Loc=700 y-Loc=300 xHead=0  Act=0 HP=330 MP=0
[INFO][2021-07-27 14:58:14][Server]User #2 x-Loc=50 y-Loc=300 xHead=1  Act=0 HP=330 MP=0
[INFO][2021-07-27 14:58:18][Server]client #2 transferred buzhihuowu #3583
[INFO][2021-07-27 14:58:18][Server]User #1 x-Loc=700 y-Loc=200 xHead=0  Act=2 HP=330 MP=0
[INFO][2021-07-27 14:58:18][Server]User #2 x-Loc=50 y-Loc=300 xHead=1  Act=0 HP=330 MP=0
[INFO][2021-07-27 14:58:18][Server]client #2 transferred buzhihuowu #3583
[INFO][2021-07-27 14:58:18][Server]User #1 x-Loc=700 y-Loc=200 xHead=0  Act=0 HP=330 MP=0
[INFO][2021-07-27 14:58:18][Server]User #2 x-Loc=50 y-Loc=300 xHead=1  Act=0 HP=330 MP=0
[INFO][2021-07-27 14:58:18][Server]client #2 transferred buzhihuowu #3583
[INFO][2021-07-27 14:58:18][Server]User #1 x-Loc=700 y-Loc=300 xHead=0  Act=3 HP=330 MP=0
[INFO][2021-07-27 14:58:18][Server]User #2 x-Loc=50 y-Loc=300 xHead=1  Act=0 HP=330 MP=0
[INFO][2021-07-27 14:58:19][Server]client #2 transferred buzhihuowu #3583
[INFO][2021-07-27 14:58:19][Server]User #1 x-Loc=700 y-Loc=300 xHead=0  Act=0 HP=330 MP=0
[INFO][2021-07-27 14:58:19][Server]User #2 x-Loc=50 y-Loc=300 xHead=1  Act=0 HP=330 MP=0
[INFO][2021-07-27 14:58:23][Server]client #2 transferred buzhihuowu #3583
[INFO][2021-07-27 14:58:23][Server]User #1 x-Loc=650 y-Loc=300 xHead=0  Act=1 HP=330 MP=0
[INFO][2021-07-27 14:58:23][Server]User #2 x-Loc=50 y-Loc=300 xHead=1  Act=0 HP=330 MP=0
[INFO][2021-07-27 14:58:24][Server]client #2 transferred buzhihuowu #3583
[INFO][2021-07-27 14:58:24][Server]User #1 x-Loc=650 y-Loc=300 xHead=0  Act=0 HP=330 MP=0
[INFO][2021-07-27 14:58:24][Server]User #2 x-Loc=50 y-Loc=300 xHead=1  Act=0 HP=330 MP=0
[INFO][2021-07-27 14:58:24][Server]client #2 transferred buzhihuowu #3583
[INFO][2021-07-27 14:58:24][Server]User #1 x-Loc=700 y-Loc=300 xHead=1  Act=1 HP=330 MP=0
[INFO][2021-07-27 14:58:24][Server]User #2 x-Loc=50 y-Loc=300 xHead=1  Act=0 HP=330 MP=0
[INFO][2021-07-27 14:58:24][Server]client #2 transferred buzhihuowu #3583
[INFO][2021-07-27 14:58:24][Server]User #1 x-Loc=700 y-Loc=300 xHead=1  Act=0 HP=330 MP=0
[INFO][2021-07-27 14:58:24][Server]User #2 x-Loc=50 y-Loc=300 xHead=1  Act=0 HP=330 MP=0
[INFO][2021-07-27 14:58:27][Server]client #2 transferred buzhihuowu #3583
[INFO][2021-07-27 14:58:27][Server]User #1 x-Loc=650 y-Loc=300 xHead=0  Act=1 HP=330 MP=0
[INFO][2021-07-27 14:58:27][Server]User #2 x-Loc=50 y-Loc=300 xHead=1  Act=0 HP=330 MP=0
[INFO][2021-07-27 14:58:27][Server]client #2 transferred buzhihuowu #3583
[INFO][2021-07-27 14:58:27][Server]User #1 x-Loc=650 y-Loc=300 xHead=0  Act=0 HP=330 MP=0
[INFO][2021-07-27 14:58:27][Server]User #2 x-Loc=50 y-Loc=300 xHead=1  Act=0 HP=330 MP=0
[INFO][2021-07-27 14:58:28][Server]client #2 transferred buzhihuowu #3583
[INFO][2021-07-27 14:58:28][Server]User #1 x-Loc=700 y-Loc=300 xHead=1  Act=1 HP=330 MP=0
[INFO][2021-07-27 14:58:28][Server]User #2 x-Loc=50 y-Loc=300 xHead=1  Act=0 HP=330 MP=0
[INFO][2021-07-27 14:58:28][Server]client #2 transferred buzhihuowu #3583
[INFO][2021-07-27 14:58:28][Server]User #1 x-Loc=700 y-Loc=300 xHead=1  Act=0 HP=330 MP=0
[INFO][2021-07-27 14:58:28][Server]User #2 x-Loc=50 y-Loc=300 xHead=1  Act=0 HP=330 MP=0
[INFO][2021-07-27 14:58:28][Server]client #2 transferred buzhihuowu #3583
[INFO][2021-07-27 14:58:28][Server]User #1 x-Loc=650 y-Loc=300 xHead=0  Act=1 HP=330 MP=0
[INFO][2021-07-27 14:58:28][Server]User #2 x-Loc=50 y-Loc=300 xHead=1  Act=0 HP=330 MP=0
[INFO][2021-07-27 14:58:28][Server]client #2 transferred buzhihuowu #3583
[INFO][2021-07-27 14:58:28][Server]User #1 x-Loc=650 y-Loc=300 xHead=0  Act=0 HP=330 MP=0
[INFO][2021-07-27 14:58:28][Server]User #2 x-Loc=50 y-Loc=300 xHead=1  Act=0 HP=330 MP=0
[INFO][2021-07-27 14:58:28][Server]client #2 transferred buzhihuowu #3583
[INFO][2021-07-27 14:58:28][Server]User #1 x-Loc=650 y-Loc=200 xHead=0  Act=2 HP=330 MP=0
[INFO][2021-07-27 14:58:28][Server]User #2 x-Loc=50 y-Loc=300 xHead=1  Act=0 HP=330 MP=0
[INFO][2021-07-27 14:58:28][Server]client #2 transferred buzhihuowu #3583
[INFO][2021-07-27 14:58:28][Server]User #1 x-Loc=650 y-Loc=200 xHead=0  Act=0 HP=330 MP=0
[INFO][2021-07-27 14:58:28][Server]User #2 x-Loc=50 y-Loc=300 xHead=1  Act=0 HP=330 MP=0
[INFO][2021-07-27 14:58:29][Server]client #2 transferred buzhihuowu #3583
[INFO][2021-07-27 14:58:29][Server]User #1 x-Loc=650 y-Loc=300 xHead=0  Act=3 HP=330 MP=0
[INFO][2021-07-27 14:58:29][Server]User #2 x-Loc=50 y-Loc=300 xHead=1  Act=0 HP=330 MP=0
[INFO][2021-07-27 14:58:29][Server]client #2 transferred buzhihuowu #3583
[INFO][2021-07-27 14:58:29][Server]User #1 x-Loc=650 y-Loc=300 xHead=0  Act=0 HP=330 MP=0
[INFO][2021-07-27 14:58:29][Server]User #2 x-Loc=50 y-Loc=300 xHead=1  Act=0 HP=330 MP=0
[INFO][2021-07-27 14:58:30][Server]client #2 transferred buzhihuowu #3583
[INFO][2021-07-27 14:58:30][Server]User #1 x-Loc=600 y-Loc=300 xHead=0  Act=1 HP=330 MP=0
[INFO][2021-07-27 14:58:30][Server]User #2 x-Loc=50 y-Loc=300 xHead=1  Act=0 HP=330 MP=0
[INFO][2021-07-27 14:58:30][Server]client #2 transferred buzhihuowu #3583
[INFO][2021-07-27 14:58:30][Server]User #1 x-Loc=600 y-Loc=300 xHead=0  Act=0 HP=330 MP=0
[INFO][2021-07-27 14:58:30][Server]User #2 x-Loc=50 y-Loc=300 xHead=1  Act=0 HP=330 MP=0
[INFO][2021-07-27 14:58:31][Server]client #2 transferred buzhihuowu #3583
[INFO][2021-07-27 14:58:31][Server]User #1 x-Loc=600 y-Loc=300 xHead=0  Act=10 HP=330 MP=0
[INFO][2021-07-27 14:58:31][Server]User #2 x-Loc=50 y-Loc=300 xHead=1  Act=0 HP=330 MP=0
[INFO][2021-07-27 14:58:31][Server]client #2 transferred buzhihuowu #3583
[INFO][2021-07-27 14:58:31][Server]User #1 x-Loc=600 y-Loc=300 xHead=0  Act=0 HP=330 MP=0
[INFO][2021-07-27 14:58:31][Server]User #2 x-Loc=50 y-Loc=300 xHead=1  Act=0 HP=330 MP=0
[INFO][2021-07-27 14:58:31][Server]client #2 transferred buzhihuowu #3583
[INFO][2021-07-27 14:58:31][Server]User #1 x-Loc=600 y-Loc=300 xHead=0  Act=10 HP=330 MP=0
[INFO][2021-07-27 14:58:31][Server]User #2 x-Loc=50 y-Loc=300 xHead=1  Act=0 HP=330 MP=0
[INFO][2021-07-27 14:58:31][Server]client #2 transferred buzhihuowu #3583
[INFO][2021-07-27 14:58:31][Server]User #1 x-Loc=600 y-Loc=300 xHead=0  Act=0 HP=330 MP=0
[INFO][2021-07-27 14:58:31][Server]User #2 x-Loc=50 y-Loc=300 xHead=1  Act=0 HP=330 MP=0
[INFO][2021-07-27 14:58:31][Server]client #2 transferred buzhihuowu #3583
[INFO][2021-07-27 14:58:31][Server]User #1 x-Loc=600 y-Loc=300 xHead=0  Act=10 HP=330 MP=0
[INFO][2021-07-27 14:58:31][Server]User #2 x-Loc=50 y-Loc=300 xHead=1  Act=0 HP=330 MP=0
[INFO][2021-07-27 14:58:31][Server]client #2 transferred buzhihuowu #3583
[INFO][2021-07-27 14:58:31][Server]User #1 x-Loc=600 y-Loc=300 xHead=0  Act=0 HP=330 MP=0
[INFO][2021-07-27 14:58:31][Server]User #2 x-Loc=50 y-Loc=300 xHead=1  Act=0 HP=330 MP=0
[INFO][2021-07-27 14:58:31][Server]client #2 transferred buzhihuowu #3583
[INFO][2021-07-27 14:58:31][Server]User #1 x-Loc=600 y-Loc=300 xHead=0  Act=10 HP=330 MP=0
[INFO][2021-07-27 14:58:31][Server]User #2 x-Loc=50 y-Loc=300 xHead=1  Act=0 HP=330 MP=0
[INFO][2021-07-27 14:58:32][Server]client #2 transferred buzhihuowu #3583
[INFO][2021-07-27 14:58:32][Server]User #1 x-Loc=600 y-Loc=300 xHead=0  Act=0 HP=330 MP=0
[INFO][2021-07-27 14:58:32][Server]User #2 x-Loc=50 y-Loc=300 xHead=1  Act=0 HP=330 MP=0
[INFO][2021-07-27 14:58:32][Server]client #2 transferred buzhihuowu #3583
[INFO][2021-07-27 14:58:32][Server]User #1 x-Loc=600 y-Loc=300 xHead=0  Act=10 HP=330 MP=0
[INFO][2021-07-27 14:58:32][Server]User #2 x-Loc=50 y-Loc=300 xHead=1  Act=0 HP=330 MP=0
[INFO][2021-07-27 14:58:32][Server]client #2 transferred buzhihuowu #3583
[INFO][2021-07-27 14:58:32][Server]User #1 x-Loc=600 y-Loc=300 xHead=0  Act=0 HP=330 MP=0
[INFO][2021-07-27 14:58:32][Server]User #2 x-Loc=50 y-Loc=300 xHead=1  Act=0 HP=330 MP=0
[INFO][2021-07-27 14:58:32][Server]client #2 transferred buzhihuowu #3583
[INFO][2021-07-27 14:58:32][Server]User #1 x-Loc=600 y-Loc=300 xHead=0  Act=10 HP=330 MP=0
[INFO][2021-07-27 14:58:32][Server]User #2 x-Loc=50 y-Loc=300 xHead=1  Act=0 HP=330 MP=0
[INFO][2021-07-27 14:58:32][Server]client #2 transferred buzhihuowu #3583
[INFO][2021-07-27 14:58:32][Server]User #1 x-Loc=600 y-Loc=300 xHead=0  Act=0 HP=330 MP=0
[INFO][2021-07-27 14:58:32][Server]User #2 x-Loc=50 y-Loc=300 xHead=1  Act=0 HP=330 MP=0
[INFO][2021-07-27 14:58:32][Server]client #2 transferred buzhihuowu #3583
[INFO][2021-07-27 14:58:32][Server]User #1 x-Loc=600 y-Loc=300 xHead=0  Act=10 HP=330 MP=0
[INFO][2021-07-27 14:58:32][Server]User #2 x-Loc=50 y-Loc=300 xHead=1  Act=0 HP=330 MP=0
[INFO][2021-07-27 14:58:32][Server]client #2 transferred buzhihuowu #3583
[INFO][2021-07-27 14:58:32][Server]User #1 x-Loc=600 y-Loc=300 xHead=0  Act=0 HP=330 MP=0
[INFO][2021-07-27 14:58:32][Server]User #2 x-Loc=50 y-Loc=300 xHead=1  Act=0 HP=330 MP=0
[INFO][2021-07-27 14:58:32][Server]client #2 transferred buzhihuowu #3583
[INFO][2021-07-27 14:58:32][Server]User #1 x-Loc=600 y-Loc=300 xHead=0  Act=10 HP=330 MP=0
[INFO][2021-07-27 14:58:32][Server]User #2 x-Loc=50 y-Loc=300 xHead=1  Act=0 HP=330 MP=0
[INFO][2021-07-27 14:58:32][Server]client #2 transferred buzhihuowu #3583
[INFO][2021-07-27 14:58:32][Server]User #1 x-Loc=600 y-Loc=300 xHead=0  Act=0 HP=330 MP=0
[INFO][2021-07-27 14:58:32][Server]User #2 x-Loc=50 y-Loc=300 xHead=1  Act=0 HP=330 MP=0
[INFO][2021-07-27 14:58:33][Server]client #2 transferred buzhihuowu #3583
[INFO][2021-07-27 14:58:33][Server]User #1 x-Loc=600 y-Loc=300 xHead=0  Act=11 HP=330 MP=0
[INFO][2021-07-27 14:58:33][Server]User #2 x-Loc=50 y-Loc=300 xHead=1  Act=0 HP=330 MP=0
[INFO][2021-07-27 14:58:33][Server]client #2 transferred buzhihuowu #3583
[INFO][2021-07-27 14:58:33][Server]User #1 x-Loc=600 y-Loc=300 xHead=0  Act=0 HP=330 MP=0
[INFO][2021-07-27 14:58:33][Server]User #2 x-Loc=50 y-Loc=300 xHead=1  Act=0 HP=330 MP=0
[INFO][2021-07-27 14:58:33][Server]client #2 transferred buzhihuowu #3583
[INFO][2021-07-27 14:58:33][Server]User #1 x-Loc=600 y-Loc=300 xHead=0  Act=11 HP=330 MP=0
[INFO][2021-07-27 14:58:33][Server]User #2 x-Loc=50 y-Loc=300 xHead=1  Act=0 HP=330 MP=0
[INFO][2021-07-27 14:58:33][Server]client #2 transferred buzhihuowu #3583
[INFO][2021-07-27 14:58:33][Server]User #1 x-Loc=600 y-Loc=300 xHead=0  Act=0 HP=330 MP=0
[INFO][2021-07-27 14:58:33][Server]User #2 x-Loc=50 y-Loc=300 xHead=1  Act=0 HP=330 MP=0
[INFO][2021-07-27 14:58:33][Server]client #2 transferred buzhihuowu #3583
[INFO][2021-07-27 14:58:33][Server]User #1 x-Loc=600 y-Loc=300 xHead=0  Act=11 HP=330 MP=0
[INFO][2021-07-27 14:58:33][Server]User #2 x-Loc=50 y-Loc=300 xHead=1  Act=0 HP=330 MP=0
[INFO][2021-07-27 14:58:33][Server]client #2 transferred buzhihuowu #3583
[INFO][2021-07-27 14:58:33][Server]User #1 x-Loc=600 y-Loc=300 xHead=0  Act=0 HP=330 MP=0
[INFO][2021-07-27 14:58:33][Server]User #2 x-Loc=50 y-Loc=300 xHead=1  Act=0 HP=330 MP=0
[INFO][2021-07-27 14:58:33][Server]client #2 transferred buzhihuowu #3583
[INFO][2021-07-27 14:58:33][Server]User #1 x-Loc=600 y-Loc=300 xHead=0  Act=11 HP=330 MP=0
[INFO][2021-07-27 14:58:33][Server]User #2 x-Loc=50 y-Loc=300 xHead=1  Act=0 HP=330 MP=0
[INFO][2021-07-27 14:58:33][Server]client #2 transferred buzhihuowu #3583
[INFO][2021-07-27 14:58:33][Server]User #1 x-Loc=600 y-Loc=300 xHead=0  Act=0 HP=330 MP=0
[INFO][2021-07-27 14:58:33][Server]User #2 x-Loc=50 y-Loc=300 xHead=1  Act=0 HP=330 MP=0
[INFO][2021-07-27 14:58:34][Server]client #2 transferred buzhihuowu #3583
[INFO][2021-07-27 14:58:34][Server]User #1 x-Loc=600 y-Loc=300 xHead=0  Act=11 HP=330 MP=0
[INFO][2021-07-27 14:58:34][Server]User #2 x-Loc=50 y-Loc=300 xHead=1  Act=0 HP=330 MP=0
[INFO][2021-07-27 14:58:34][Server]client #2 transferred buzhihuowu #3583
[INFO][2021-07-27 14:58:34][Server]User #1 x-Loc=600 y-Loc=300 xHead=0  Act=0 HP=330 MP=0
[INFO][2021-07-27 14:58:34][Server]User #2 x-Loc=50 y-Loc=300 xHead=1  Act=0 HP=330 MP=0
[INFO][2021-07-27 14:58:35][Server]client #2 transferred buzhihuowu #3583
[INFO][2021-07-27 14:58:35][Server]User #1 x-Loc=600 y-Loc=300 xHead=0  Act=11 HP=330 MP=0
[INFO][2021-07-27 14:58:35][Server]User #2 x-Loc=50 y-Loc=300 xHead=1  Act=0 HP=330 MP=0
[INFO][2021-07-27 14:58:35][Server]client #2 transferred buzhihuowu #3583
[INFO][2021-07-27 14:58:35][Server]User #1 x-Loc=600 y-Loc=300 xHead=0  Act=0 HP=330 MP=0
[INFO][2021-07-27 14:58:35][Server]User #2 x-Loc=50 y-Loc=300 xHead=1  Act=0 HP=330 MP=0
[INFO][2021-07-27 14:58:36][Server]client #2 transferred buzhihuowu #3583
[INFO][2021-07-27 14:58:36][Server]User #1 x-Loc=650 y-Loc=300 xHead=1  Act=1 HP=330 MP=0
[INFO][2021-07-27 14:58:36][Server]User #2 x-Loc=50 y-Loc=300 xHead=1  Act=0 HP=330 MP=0
[INFO][2021-07-27 14:58:36][Server]client #2 transferred buzhihuowu #3583
[INFO][2021-07-27 14:58:36][Server]User #1 x-Loc=650 y-Loc=300 xHead=1  Act=0 HP=330 MP=0
[INFO][2021-07-27 14:58:36][Server]User #2 x-Loc=50 y-Loc=300 xHead=1  Act=0 HP=330 MP=0
[INFO][2021-07-27 14:58:36][Server]client #2 transferred buzhihuowu #3583
[INFO][2021-07-27 14:58:36][Server]User #1 x-Loc=650 y-Loc=300 xHead=1  Act=11 HP=330 MP=0
[INFO][2021-07-27 14:58:36][Server]User #2 x-Loc=50 y-Loc=300 xHead=1  Act=0 HP=330 MP=0
[INFO][2021-07-27 14:58:36][Server]client #2 transferred buzhihuowu #3583
[INFO][2021-07-27 14:58:36][Server]User #1 x-Loc=650 y-Loc=300 xHead=1  Act=0 HP=330 MP=0
[INFO][2021-07-27 14:58:36][Server]User #2 x-Loc=50 y-Loc=300 xHead=1  Act=0 HP=330 MP=0
[INFO][2021-07-27 14:58:37][Server]client #2 transferred buzhihuowu #3583
[INFO][2021-07-27 14:58:37][Server]User #1 x-Loc=650 y-Loc=300 xHead=1  Act=11 HP=330 MP=0
[INFO][2021-07-27 14:58:37][Server]User #2 x-Loc=50 y-Loc=300 xHead=1  Act=0 HP=330 MP=0
[INFO][2021-07-27 14:58:37][Server]client #2 transferred buzhihuowu #3583
[INFO][2021-07-27 14:58:37][Server]User #1 x-Loc=650 y-Loc=300 xHead=1  Act=0 HP=330 MP=0
[INFO][2021-07-27 14:58:37][Server]User #2 x-Loc=50 y-Loc=300 xHead=1  Act=0 HP=330 MP=0
[INFO][2021-07-27 14:58:37][Server]client #2 transferred buzhihuowu #3583
[INFO][2021-07-27 14:58:37][Server]User #1 x-Loc=600 y-Loc=300 xHead=0  Act=1 HP=330 MP=0
[INFO][2021-07-27 14:58:37][Server]User #2 x-Loc=50 y-Loc=300 xHead=1  Act=0 HP=330 MP=0
[INFO][2021-07-27 14:58:38][Server]client #2 transferred buzhihuowu #3583
[INFO][2021-07-27 14:58:38][Server]User #1 x-Loc=600 y-Loc=300 xHead=0  Act=0 HP=330 MP=0
[INFO][2021-07-27 14:58:38][Server]User #2 x-Loc=50 y-Loc=300 xHead=1  Act=0 HP=330 MP=0
[INFO][2021-07-27 14:58:38][Server]client #2 transferred buzhihuowu #3583
[INFO][2021-07-27 14:58:38][Server]User #1 x-Loc=600 y-Loc=300 xHead=0  Act=11 HP=330 MP=0
[INFO][2021-07-27 14:58:38][Server]User #2 x-Loc=50 y-Loc=300 xHead=1  Act=0 HP=330 MP=0
[INFO][2021-07-27 14:58:38][Server]client #2 transferred buzhihuowu #3583
[INFO][2021-07-27 14:58:38][Server]User #1 x-Loc=600 y-Loc=300 xHead=0  Act=0 HP=330 MP=0
[INFO][2021-07-27 14:58:38][Server]User #2 x-Loc=50 y-Loc=300 xHead=1  Act=0 HP=330 MP=0
[INFO][2021-07-27 14:58:39][Server]client #2 transferred buzhihuowu #3583
[INFO][2021-07-27 14:58:39][Server]User #1 x-Loc=600 y-Loc=300 xHead=0  Act=11 HP=330 MP=0
[INFO][2021-07-27 14:58:39][Server]User #2 x-Loc=50 y-Loc=300 xHead=1  Act=0 HP=330 MP=0
[INFO][2021-07-27 14:58:39][Server]client #2 transferred buzhihuowu #3583
[INFO][2021-07-27 14:58:39][Server]User #1 x-Loc=600 y-Loc=300 xHead=0  Act=0 HP=330 MP=0
[INFO][2021-07-27 14:58:39][Server]User #2 x-Loc=50 y-Loc=300 xHead=1  Act=0 HP=330 MP=0
[INFO][2021-07-27 14:58:39][Server]client #2 transferred buzhihuowu #3583
[INFO][2021-07-27 14:58:39][Server]User #1 x-Loc=600 y-Loc=300 xHead=0  Act=11 HP=330 MP=0
[INFO][2021-07-27 14:58:39][Server]User #2 x-Loc=50 y-Loc=300 xHead=1  Act=0 HP=330 MP=0
[INFO][2021-07-27 14:58:39][Server]client #2 transferred buzhihuowu #3583
[INFO][2021-07-27 14:58:39][Server]User #1 x-Loc=600 y-Loc=300 xHead=0  Act=0 HP=330 MP=0
[INFO][2021-07-27 14:58:39][Server]User #2 x-Loc=50 y-Loc=300 xHead=1  Act=0 HP=330 MP=0
[INFO][2021-07-27 14:58:40][Server]client #2 transferred buzhihuowu #3583
[INFO][2021-07-27 14:58:40][Server]User #1 x-Loc=650 y-Loc=300 xHead=1  Act=1 HP=330 MP=0
[INFO][2021-07-27 14:58:40][Server]User #2 x-Loc=50 y-Loc=300 xHead=1  Act=0 HP=330 MP=0
[INFO][2021-07-27 14:58:40][Server]client #2 transferred buzhihuowu #3583
[INFO][2021-07-27 14:58:40][Server]User #1 x-Loc=650 y-Loc=300 xHead=1  Act=0 HP=330 MP=0
[INFO][2021-07-27 14:58:40][Server]User #2 x-Loc=50 y-Loc=300 xHead=1  Act=0 HP=330 MP=0
[INFO][2021-07-27 14:58:40][Server]client #2 transferred buzhihuowu #3583
[INFO][2021-07-27 14:58:40][Server]User #1 x-Loc=650 y-Loc=300 xHead=1  Act=11 HP=330 MP=0
[INFO][2021-07-27 14:58:40][Server]User #2 x-Loc=50 y-Loc=300 xHead=1  Act=0 HP=330 MP=0
[INFO][2021-07-27 14:58:40][Server]client #2 transferred buzhihuowu #3583
[INFO][2021-07-27 14:58:40][Server]User #1 x-Loc=650 y-Loc=300 xHead=1  Act=0 HP=330 MP=0
[INFO][2021-07-27 14:58:40][Server]User #2 x-Loc=50 y-Loc=300 xHead=1  Act=0 HP=330 MP=0
[INFO][2021-07-27 14:58:40][Server]client #2 transferred buzhihuowu #3583
[INFO][2021-07-27 14:58:40][Server]User #1 x-Loc=650 y-Loc=300 xHead=1  Act=11 HP=330 MP=0
[INFO][2021-07-27 14:58:40][Server]User #2 x-Loc=50 y-Loc=300 xHead=1  Act=0 HP=330 MP=0
[INFO][2021-07-27 14:58:41][Server]client #2 transferred buzhihuowu #3583
[INFO][2021-07-27 14:58:41][Server]User #1 x-Loc=650 y-Loc=300 xHead=1  Act=0 HP=330 MP=0
[INFO][2021-07-27 14:58:41][Server]User #2 x-Loc=50 y-Loc=300 xHead=1  Act=0 HP=330 MP=0
[INFO][2021-07-27 14:58:41][Server]client #2 transferred buzhihuowu #3583
[INFO][2021-07-27 14:58:41][Server]User #1 x-Loc=650 y-Loc=300 xHead=1  Act=11 HP=330 MP=0
[INFO][2021-07-27 14:58:41][Server]User #2 x-Loc=50 y-Loc=300 xHead=1  Act=0 HP=330 MP=0
[INFO][2021-07-27 14:58:41][Server]client #2 transferred buzhihuowu #3583
[INFO][2021-07-27 14:58:41][Server]User #1 x-Loc=650 y-Loc=300 xHead=1  Act=0 HP=330 MP=0
[INFO][2021-07-27 14:58:41][Server]User #2 x-Loc=50 y-Loc=300 xHead=1  Act=0 HP=330 MP=0
[INFO][2021-07-27 14:58:41][Server]client #2 transferred buzhihuowu #3583
[INFO][2021-07-27 14:58:41][Server]User #1 x-Loc=650 y-Loc=300 xHead=1  Act=11 HP=330 MP=0
[INFO][2021-07-27 14:58:41][Server]User #2 x-Loc=50 y-Loc=300 xHead=1  Act=0 HP=330 MP=0
[INFO][2021-07-27 14:58:41][Server]client #2 transferred buzhihuowu #3583
[INFO][2021-07-27 14:58:41][Server]User #1 x-Loc=650 y-Loc=300 xHead=1  Act=0 HP=330 MP=0
[INFO][2021-07-27 14:58:41][Server]User #2 x-Loc=50 y-Loc=300 xHead=1  Act=0 HP=330 MP=0
[INFO][2021-07-27 14:58:41][Server]client #2 transferred buzhihuowu #3583
[INFO][2021-07-27 14:58:41][Server]User #1 x-Loc=650 y-Loc=300 xHead=1  Act=11 HP=330 MP=0
[INFO][2021-07-27 14:58:41][Server]User #2 x-Loc=50 y-Loc=300 xHead=1  Act=0 HP=330 MP=0
[INFO][2021-07-27 14:58:41][Server]client #2 transferred buzhihuowu #3583
[INFO][2021-07-27 14:58:41][Server]User #1 x-Loc=650 y-Loc=300 xHead=1  Act=0 HP=330 MP=0
[INFO][2021-07-27 14:58:41][Server]User #2 x-Loc=50 y-Loc=300 xHead=1  Act=0 HP=330 MP=0
[INFO][2021-07-27 14:58:41][Server]client #2 transferred buzhihuowu #3583
[INFO][2021-07-27 14:58:41][Server]User #1 x-Loc=650 y-Loc=300 xHead=1  Act=11 HP=330 MP=0
[INFO][2021-07-27 14:58:41][Server]User #2 x-Loc=50 y-Loc=300 xHead=1  Act=0 HP=330 MP=0
[INFO][2021-07-27 14:58:41][Server]client #2 transferred buzhihuowu #3583
[INFO][2021-07-27 14:58:41][Server]User #1 x-Loc=650 y-Loc=300 xHead=1  Act=0 HP=330 MP=0
[INFO][2021-07-27 14:58:41][Server]User #2 x-Loc=50 y-Loc=300 xHead=1  Act=0 HP=330 MP=0
[INFO][2021-07-27 14:58:42][Server]client #2 transferred buzhihuowu #3583
[INFO][2021-07-27 14:58:42][Server]User #1 x-Loc=650 y-Loc=300 xHead=1  Act=11 HP=330 MP=0
[INFO][2021-07-27 14:58:42][Server]User #2 x-Loc=50 y-Loc=300 xHead=1  Act=0 HP=330 MP=0
[INFO][2021-07-27 14:58:42][Server]client #2 transferred buzhihuowu #3583
[INFO][2021-07-27 14:58:42][Server]User #1 x-Loc=650 y-Loc=300 xHead=1  Act=0 HP=330 MP=0
[INFO][2021-07-27 14:58:42][Server]User #2 x-Loc=50 y-Loc=300 xHead=1  Act=0 HP=330 MP=0
[INFO][2021-07-27 14:58:43][Server]client #2 transferred buzhihuowu #3583
[INFO][2021-07-27 14:58:43][Server]User #1 x-Loc=600 y-Loc=300 xHead=0  Act=1 HP=330 MP=0
[INFO][2021-07-27 14:58:43][Server]User #2 x-Loc=50 y-Loc=300 xHead=1  Act=0 HP=330 MP=0
[INFO][2021-07-27 14:58:43][Server]client #2 transferred buzhihuowu #3583
[INFO][2021-07-27 14:58:43][Server]User #1 x-Loc=600 y-Loc=300 xHead=0  Act=0 HP=330 MP=0
[INFO][2021-07-27 14:58:43][Server]User #2 x-Loc=50 y-Loc=300 xHead=1  Act=0 HP=330 MP=0
[INFO][2021-07-27 14:58:44][Server]client #2 transferred buzhihuowu #3583
[INFO][2021-07-27 14:58:44][Server]User #1 x-Loc=600 y-Loc=300 xHead=0  Act=14 HP=330 MP=0
[INFO][2021-07-27 14:58:44][Server]User #2 x-Loc=50 y-Loc=300 xHead=1  Act=0 HP=330 MP=0
[INFO][2021-07-27 14:58:46][Server]client #2 transferred buzhihuowu #3583
[INFO][2021-07-27 14:58:46][Server]User #1 x-Loc=600 y-Loc=300 xHead=0  Act=0 HP=330 MP=0
[INFO][2021-07-27 14:58:46][Server]User #2 x-Loc=50 y-Loc=300 xHead=1  Act=0 HP=330 MP=0
[INFO][2021-07-27 14:58:46][Server]client #2 transferred buzhihuowu #3583
[INFO][2021-07-27 14:58:46][Server]User #1 x-Loc=600 y-Loc=300 xHead=0  Act=14 HP=330 MP=0
[INFO][2021-07-27 14:58:46][Server]User #2 x-Loc=50 y-Loc=300 xHead=1  Act=0 HP=330 MP=0
[INFO][2021-07-27 14:58:47][Server]client #2 transferred buzhihuowu #3583
[INFO][2021-07-27 14:58:47][Server]User #1 x-Loc=600 y-Loc=300 xHead=0  Act=0 HP=330 MP=0
[INFO][2021-07-27 14:58:47][Server]User #2 x-Loc=50 y-Loc=300 xHead=1  Act=0 HP=330 MP=0
[INFO][2021-07-27 14:58:47][Server]client #2 transferred buzhihuowu #3583
[INFO][2021-07-27 14:58:47][Server]User #1 x-Loc=600 y-Loc=300 xHead=0  Act=14 HP=330 MP=0
[INFO][2021-07-27 14:58:47][Server]User #2 x-Loc=50 y-Loc=300 xHead=1  Act=0 HP=330 MP=0
[INFO][2021-07-27 14:58:47][Server]client #2 transferred buzhihuowu #3583
[INFO][2021-07-27 14:58:47][Server]User #1 x-Loc=600 y-Loc=300 xHead=0  Act=0 HP=330 MP=0
[INFO][2021-07-27 14:58:47][Server]User #2 x-Loc=50 y-Loc=300 xHead=1  Act=0 HP=330 MP=0
[INFO][2021-07-27 14:58:47][Server]client #2 transferred buzhihuowu #3583
[INFO][2021-07-27 14:58:47][Server]User #1 x-Loc=600 y-Loc=300 xHead=0  Act=14 HP=330 MP=0
[INFO][2021-07-27 14:58:47][Server]User #2 x-Loc=50 y-Loc=300 xHead=1  Act=0 HP=330 MP=0
[INFO][2021-07-27 14:58:48][Server]client #2 transferred buzhihuowu #3583
[INFO][2021-07-27 14:58:48][Server]User #1 x-Loc=600 y-Loc=300 xHead=0  Act=0 HP=330 MP=0
[INFO][2021-07-27 14:58:48][Server]User #2 x-Loc=50 y-Loc=300 xHead=1  Act=0 HP=330 MP=0
[INFO][2021-07-27 14:58:48][Server]client #2 transferred buzhihuowu #3583
[INFO][2021-07-27 14:58:48][Server]User #1 x-Loc=600 y-Loc=300 xHead=0  Act=14 HP=330 MP=0
[INFO][2021-07-27 14:58:48][Server]User #2 x-Loc=50 y-Loc=300 xHead=1  Act=0 HP=330 MP=0
[INFO][2021-07-27 14:58:48][Server]client #2 transferred buzhihuowu #3583
[INFO][2021-07-27 14:58:48][Server]User #1 x-Loc=600 y-Loc=300 xHead=0  Act=0 HP=330 MP=0
[INFO][2021-07-27 14:58:48][Server]User #2 x-Loc=50 y-Loc=300 xHead=1  Act=0 HP=330 MP=0
[INFO][2021-07-27 14:58:48][Server]client #2 transferred buzhihuowu #3583
[INFO][2021-07-27 14:58:48][Server]User #1 x-Loc=600 y-Loc=300 xHead=0  Act=14 HP=330 MP=0
[INFO][2021-07-27 14:58:48][Server]User #2 x-Loc=50 y-Loc=300 xHead=1  Act=0 HP=330 MP=0
[INFO][2021-07-27 14:58:48][Server]client #2 transferred buzhihuowu #3583
[INFO][2021-07-27 14:58:48][Server]User #1 x-Loc=600 y-Loc=300 xHead=0  Act=0 HP=330 MP=0
[INFO][2021-07-27 14:58:48][Server]User #2 x-Loc=50 y-Loc=300 xHead=1  Act=0 HP=330 MP=0
[INFO][2021-07-27 14:58:48][Server]client #2 transferred buzhihuowu #3583
[INFO][2021-07-27 14:58:48][Server]User #1 x-Loc=600 y-Loc=300 xHead=0  Act=14 HP=330 MP=0
[INFO][2021-07-27 14:58:48][Server]User #2 x-Loc=50 y-Loc=300 xHead=1  Act=0 HP=330 MP=0
[INFO][2021-07-27 14:58:48][Server]client #2 transferred buzhihuowu #3583
[INFO][2021-07-27 14:58:48][Server]User #1 x-Loc=600 y-Loc=300 xHead=0  Act=0 HP=330 MP=0
[INFO][2021-07-27 14:58:48][Server]User #2 x-Loc=50 y-Loc=300 xHead=1  Act=0 HP=330 MP=0
[INFO][2021-07-27 14:58:48][Server]client #2 transferred buzhihuowu #3583
[INFO][2021-07-27 14:58:48][Server]User #1 x-Loc=550 y-Loc=300 xHead=0  Act=1 HP=330 MP=0
[INFO][2021-07-27 14:58:48][Server]User #2 x-Loc=50 y-Loc=300 xHead=1  Act=0 HP=330 MP=0
[INFO][2021-07-27 14:58:48][Server]client #2 transferred buzhihuowu #3583
[INFO][2021-07-27 14:58:48][Server]User #1 x-Loc=550 y-Loc=300 xHead=0  Act=0 HP=330 MP=0
[INFO][2021-07-27 14:58:48][Server]User #2 x-Loc=50 y-Loc=300 xHead=1  Act=0 HP=330 MP=0
[INFO][2021-07-27 14:58:49][Server]client #2 transferred buzhihuowu #3583
[INFO][2021-07-27 14:58:49][Server]User #1 x-Loc=500 y-Loc=300 xHead=0  Act=1 HP=330 MP=0
[INFO][2021-07-27 14:58:49][Server]User #2 x-Loc=50 y-Loc=300 xHead=1  Act=0 HP=330 MP=0
[INFO][2021-07-27 14:58:49][Server]client #2 transferred buzhihuowu #3583
[INFO][2021-07-27 14:58:49][Server]User #1 x-Loc=500 y-Loc=300 xHead=0  Act=0 HP=330 MP=0
[INFO][2021-07-27 14:58:49][Server]User #2 x-Loc=50 y-Loc=300 xHead=1  Act=0 HP=330 MP=0
[INFO][2021-07-27 14:58:49][Server]client #2 transferred buzhihuowu #3583
[INFO][2021-07-27 14:58:49][Server]User #1 x-Loc=450 y-Loc=300 xHead=0  Act=1 HP=330 MP=0
[INFO][2021-07-27 14:58:49][Server]User #2 x-Loc=50 y-Loc=300 xHead=1  Act=0 HP=330 MP=0
[INFO][2021-07-27 14:58:49][Server]client #2 transferred buzhihuowu #3583
[INFO][2021-07-27 14:58:49][Server]User #1 x-Loc=450 y-Loc=300 xHead=0  Act=0 HP=330 MP=0
[INFO][2021-07-27 14:58:49][Server]User #2 x-Loc=50 y-Loc=300 xHead=1  Act=0 HP=330 MP=0
[INFO][2021-07-27 14:58:49][Server]client #2 transferred buzhihuowu #3583
[INFO][2021-07-27 14:58:49][Server]User #1 x-Loc=400 y-Loc=300 xHead=0  Act=1 HP=330 MP=0
[INFO][2021-07-27 14:58:49][Server]User #2 x-Loc=50 y-Loc=300 xHead=1  Act=0 HP=330 MP=0
[INFO][2021-07-27 14:58:49][Server]client #2 transferred buzhihuowu #3583
[INFO][2021-07-27 14:58:49][Server]User #1 x-Loc=400 y-Loc=300 xHead=0  Act=0 HP=330 MP=0
[INFO][2021-07-27 14:58:49][Server]User #2 x-Loc=50 y-Loc=300 xHead=1  Act=0 HP=330 MP=0
[INFO][2021-07-27 14:58:49][Server]client #2 transferred buzhihuowu #3583
[INFO][2021-07-27 14:58:49][Server]User #1 x-Loc=350 y-Loc=300 xHead=0  Act=1 HP=330 MP=0
[INFO][2021-07-27 14:58:49][Server]User #2 x-Loc=50 y-Loc=300 xHead=1  Act=0 HP=330 MP=0
[INFO][2021-07-27 14:58:49][Server]client #2 transferred buzhihuowu #3583
[INFO][2021-07-27 14:58:49][Server]User #1 x-Loc=350 y-Loc=300 xHead=0  Act=0 HP=330 MP=0
[INFO][2021-07-27 14:58:49][Server]User #2 x-Loc=50 y-Loc=300 xHead=1  Act=0 HP=330 MP=0
[INFO][2021-07-27 14:58:49][Server]client #2 transferred buzhihuowu #3583
[INFO][2021-07-27 14:58:49][Server]User #1 x-Loc=300 y-Loc=300 xHead=0  Act=1 HP=330 MP=0
[INFO][2021-07-27 14:58:49][Server]User #2 x-Loc=50 y-Loc=300 xHead=1  Act=0 HP=330 MP=0
[INFO][2021-07-27 14:58:49][Server]client #2 transferred buzhihuowu #3583
[INFO][2021-07-27 14:58:49][Server]User #1 x-Loc=300 y-Loc=300 xHead=0  Act=0 HP=330 MP=0
[INFO][2021-07-27 14:58:49][Server]User #2 x-Loc=50 y-Loc=300 xHead=1  Act=0 HP=330 MP=0
[INFO][2021-07-27 14:58:49][Server]client #2 transferred buzhihuowu #3583
[INFO][2021-07-27 14:58:49][Server]User #1 x-Loc=250 y-Loc=300 xHead=0  Act=1 HP=330 MP=0
[INFO][2021-07-27 14:58:49][Server]User #2 x-Loc=50 y-Loc=300 xHead=1  Act=0 HP=330 MP=0
[INFO][2021-07-27 14:58:49][Server]client #2 transferred buzhihuowu #3583
[INFO][2021-07-27 14:58:49][Server]User #1 x-Loc=250 y-Loc=300 xHead=0  Act=0 HP=330 MP=0
[INFO][2021-07-27 14:58:49][Server]User #2 x-Loc=50 y-Loc=300 xHead=1  Act=0 HP=330 MP=0
[INFO][2021-07-27 14:58:49][Server]client #2 transferred buzhihuowu #3583
[INFO][2021-07-27 14:58:49][Server]User #1 x-Loc=200 y-Loc=300 xHead=0  Act=1 HP=330 MP=0
[INFO][2021-07-27 14:58:49][Server]User #2 x-Loc=50 y-Loc=300 xHead=1  Act=0 HP=330 MP=0
[INFO][2021-07-27 14:58:49][Server]client #2 transferred buzhihuowu #3583
[INFO][2021-07-27 14:58:49][Server]User #1 x-Loc=200 y-Loc=300 xHead=0  Act=0 HP=330 MP=0
[INFO][2021-07-27 14:58:49][Server]User #2 x-Loc=50 y-Loc=300 xHead=1  Act=0 HP=330 MP=0
[INFO][2021-07-27 14:58:49][Server]client #2 transferred buzhihuowu #3583
[INFO][2021-07-27 14:58:49][Server]User #1 x-Loc=150 y-Loc=300 xHead=0  Act=1 HP=330 MP=0
[INFO][2021-07-27 14:58:49][Server]User #2 x-Loc=50 y-Loc=300 xHead=1  Act=0 HP=330 MP=0
[INFO][2021-07-27 14:58:49][Server]client #2 transferred buzhihuowu #3583
[INFO][2021-07-27 14:58:49][Server]User #1 x-Loc=150 y-Loc=300 xHead=0  Act=0 HP=330 MP=0
[INFO][2021-07-27 14:58:49][Server]User #2 x-Loc=50 y-Loc=300 xHead=1  Act=0 HP=330 MP=0
[INFO][2021-07-27 14:58:49][Server]client #2 transferred buzhihuowu #3583
[INFO][2021-07-27 14:58:49][Server]User #1 x-Loc=100 y-Loc=300 xHead=0  Act=1 HP=330 MP=0
[INFO][2021-07-27 14:58:49][Server]User #2 x-Loc=50 y-Loc=300 xHead=1  Act=0 HP=330 MP=0
[INFO][2021-07-27 14:58:49][Server]client #2 transferred buzhihuowu #3583
[INFO][2021-07-27 14:58:49][Server]User #1 x-Loc=100 y-Loc=300 xHead=0  Act=0 HP=330 MP=0
[INFO][2021-07-27 14:58:49][Server]User #2 x-Loc=50 y-Loc=300 xHead=1  Act=0 HP=330 MP=0
[INFO][2021-07-27 14:58:49][Server]client #2 transferred buzhihuowu #3583
[INFO][2021-07-27 14:58:49][Server]User #1 x-Loc=50 y-Loc=300 xHead=0  Act=1 HP=330 MP=0
[INFO][2021-07-27 14:58:49][Server]User #2 x-Loc=50 y-Loc=300 xHead=1  Act=0 HP=330 MP=0
[INFO][2021-07-27 14:58:49][Server]client #2 transferred buzhihuowu #3583
[INFO][2021-07-27 14:58:49][Server]User #1 x-Loc=50 y-Loc=300 xHead=0  Act=0 HP=330 MP=0
[INFO][2021-07-27 14:58:49][Server]User #2 x-Loc=50 y-Loc=300 xHead=1  Act=0 HP=330 MP=0
[INFO][2021-07-27 14:58:49][Server]client #2 transferred buzhihuowu #3583
[INFO][2021-07-27 14:58:49][Server]Player #1 Attack Player #2. Got Damage 27pts.
        Now Player #1 HP is 330   MP is 3
            Player #2 HP is 303   MP is 1
[INFO][2021-07-27 14:58:49][Server]User #1 x-Loc=50 y-Loc=300 xHead=0  Act=10 HP=330 MP=3
[INFO][2021-07-27 14:58:49][Server]User #2 x-Loc=50 y-Loc=300 xHead=1  Act=15 HP=303 MP=1
[INFO][2021-07-27 14:58:50][Server]client #2 transferred buzhihuowu #3583
[INFO][2021-07-27 14:58:50][Server]User #1 x-Loc=50 y-Loc=300 xHead=0  Act=0 HP=330 MP=3
[INFO][2021-07-27 14:58:50][Server]User #2 x-Loc=50 y-Loc=300 xHead=1  Act=15 HP=303 MP=1
[INFO][2021-07-27 14:58:50][Server]client #2 transferred buzhihuowu #3583
[INFO][2021-07-27 14:58:50][Server]Player #1 Attack Player #2. Got Damage 27pts.
        Now Player #1 HP is 330   MP is 6
            Player #2 HP is 276   MP is 2
[INFO][2021-07-27 14:58:50][Server]User #1 x-Loc=50 y-Loc=300 xHead=0  Act=10 HP=330 MP=6
[INFO][2021-07-27 14:58:50][Server]User #2 x-Loc=50 y-Loc=300 xHead=1  Act=16 HP=276 MP=2
[INFO][2021-07-27 14:58:50][Server]client #2 transferred buzhihuowu #3583
[INFO][2021-07-27 14:58:50][Server]User #1 x-Loc=50 y-Loc=300 xHead=0  Act=0 HP=330 MP=6
[INFO][2021-07-27 14:58:50][Server]User #2 x-Loc=50 y-Loc=300 xHead=1  Act=16 HP=276 MP=2
[INFO][2021-07-27 14:58:50][Server]client #2 transferred buzhihuowu #3583
[INFO][2021-07-27 14:58:50][Server]Player #1 Attack Player #2. Got Damage 27pts.
        Now Player #1 HP is 330   MP is 9
            Player #2 HP is 249   MP is 3
[INFO][2021-07-27 14:58:50][Server]User #1 x-Loc=50 y-Loc=300 xHead=0  Act=10 HP=330 MP=9
[INFO][2021-07-27 14:58:50][Server]User #2 x-Loc=50 y-Loc=300 xHead=1  Act=17 HP=249 MP=3
[INFO][2021-07-27 14:58:50][Server]client #2 transferred buzhihuowu #3583
[INFO][2021-07-27 14:58:50][Server]User #1 x-Loc=50 y-Loc=300 xHead=0  Act=0 HP=330 MP=9
[INFO][2021-07-27 14:58:50][Server]User #2 x-Loc=50 y-Loc=300 xHead=1  Act=17 HP=249 MP=3
[INFO][2021-07-27 14:58:50][Server]client #2 transferred buzhihuowu #3583
[INFO][2021-07-27 14:58:50][Server]Player #1 Attack Player #2. Got Damage 27pts.
        Now Player #1 HP is 330   MP is 12
            Player #2 HP is 222   MP is 4
[INFO][2021-07-27 14:58:50][Server]User #1 x-Loc=50 y-Loc=300 xHead=0  Act=10 HP=330 MP=12
[INFO][2021-07-27 14:58:50][Server]User #2 x-Loc=50 y-Loc=300 xHead=1  Act=0 HP=222 MP=4
[INFO][2021-07-27 14:58:50][Server]client #2 transferred buzhihuowu #3583
[INFO][2021-07-27 14:58:50][Server]User #1 x-Loc=50 y-Loc=300 xHead=0  Act=0 HP=330 MP=12
[INFO][2021-07-27 14:58:50][Server]User #2 x-Loc=50 y-Loc=300 xHead=1  Act=0 HP=222 MP=4
[INFO][2021-07-27 14:58:50][Server]client #2 transferred buzhihuowu #3583
[INFO][2021-07-27 14:58:50][Server]User #1 x-Loc=100 y-Loc=300 xHead=1  Act=1 HP=330 MP=12
[INFO][2021-07-27 14:58:50][Server]User #2 x-Loc=50 y-Loc=300 xHead=1  Act=0 HP=222 MP=4
[INFO][2021-07-27 14:58:50][Server]client #2 transferred buzhihuowu #3583
[INFO][2021-07-27 14:58:50][Server]User #1 x-Loc=100 y-Loc=300 xHead=1  Act=0 HP=330 MP=12
[INFO][2021-07-27 14:58:50][Server]User #2 x-Loc=50 y-Loc=300 xHead=1  Act=0 HP=222 MP=4
[INFO][2021-07-27 14:58:51][Server]client #2 transferred buzhihuowu #3583
[INFO][2021-07-27 14:58:51][Server]User #1 x-Loc=150 y-Loc=300 xHead=1  Act=1 HP=330 MP=12
[INFO][2021-07-27 14:58:51][Server]User #2 x-Loc=50 y-Loc=300 xHead=1  Act=0 HP=222 MP=4
[INFO][2021-07-27 14:58:51][Server]client #2 transferred buzhihuowu #3583
[INFO][2021-07-27 14:58:51][Server]User #1 x-Loc=150 y-Loc=300 xHead=1  Act=0 HP=330 MP=12
[INFO][2021-07-27 14:58:51][Server]User #2 x-Loc=50 y-Loc=300 xHead=1  Act=0 HP=222 MP=4
[INFO][2021-07-27 14:58:51][Server]client #2 transferred buzhihuowu #3583
[INFO][2021-07-27 14:58:51][Server]User #1 x-Loc=200 y-Loc=300 xHead=1  Act=1 HP=330 MP=12
[INFO][2021-07-27 14:58:51][Server]User #2 x-Loc=50 y-Loc=300 xHead=1  Act=0 HP=222 MP=4
[INFO][2021-07-27 14:58:51][Server]client #2 transferred buzhihuowu #3583
[INFO][2021-07-27 14:58:51][Server]User #1 x-Loc=200 y-Loc=300 xHead=1  Act=0 HP=330 MP=12
[INFO][2021-07-27 14:58:51][Server]User #2 x-Loc=50 y-Loc=300 xHead=1  Act=0 HP=222 MP=4
[INFO][2021-07-27 14:58:51][Server]client #2 transferred buzhihuowu #3583
[INFO][2021-07-27 14:58:51][Server]User #1 x-Loc=250 y-Loc=300 xHead=1  Act=1 HP=330 MP=12
[INFO][2021-07-27 14:58:51][Server]User #2 x-Loc=50 y-Loc=300 xHead=1  Act=0 HP=222 MP=4
[INFO][2021-07-27 14:58:51][Server]client #2 transferred buzhihuowu #3583
[INFO][2021-07-27 14:58:51][Server]User #1 x-Loc=250 y-Loc=300 xHead=1  Act=0 HP=330 MP=12
[INFO][2021-07-27 14:58:51][Server]User #2 x-Loc=50 y-Loc=300 xHead=1  Act=0 HP=222 MP=4
[INFO][2021-07-27 14:58:51][Server]client #2 transferred buzhihuowu #3583
[INFO][2021-07-27 14:58:51][Server]User #1 x-Loc=300 y-Loc=300 xHead=1  Act=1 HP=330 MP=12
[INFO][2021-07-27 14:58:51][Server]User #2 x-Loc=50 y-Loc=300 xHead=1  Act=0 HP=222 MP=4
[INFO][2021-07-27 14:58:51][Server]client #2 transferred buzhihuowu #3583
[INFO][2021-07-27 14:58:51][Server]User #1 x-Loc=300 y-Loc=300 xHead=1  Act=0 HP=330 MP=12
[INFO][2021-07-27 14:58:51][Server]User #2 x-Loc=50 y-Loc=300 xHead=1  Act=0 HP=222 MP=4
[INFO][2021-07-27 14:58:51][Server]client #2 transferred buzhihuowu #3583
[INFO][2021-07-27 14:58:51][Server]User #1 x-Loc=350 y-Loc=300 xHead=1  Act=1 HP=330 MP=12
[INFO][2021-07-27 14:58:51][Server]User #2 x-Loc=50 y-Loc=300 xHead=1  Act=0 HP=222 MP=4
[INFO][2021-07-27 14:58:51][Server]client #2 transferred buzhihuowu #3583
[INFO][2021-07-27 14:58:51][Server]User #1 x-Loc=350 y-Loc=300 xHead=1  Act=0 HP=330 MP=12
[INFO][2021-07-27 14:58:51][Server]User #2 x-Loc=50 y-Loc=300 xHead=1  Act=0 HP=222 MP=4
[INFO][2021-07-27 14:58:51][Server]client #2 transferred buzhihuowu #3583
[INFO][2021-07-27 14:58:51][Server]User #1 x-Loc=400 y-Loc=300 xHead=1  Act=1 HP=330 MP=12
[INFO][2021-07-27 14:58:51][Server]User #2 x-Loc=50 y-Loc=300 xHead=1  Act=0 HP=222 MP=4
[INFO][2021-07-27 14:58:51][Server]client #2 transferred buzhihuowu #3583
[INFO][2021-07-27 14:58:51][Server]User #1 x-Loc=400 y-Loc=300 xHead=1  Act=0 HP=330 MP=12
[INFO][2021-07-27 14:58:51][Server]User #2 x-Loc=50 y-Loc=300 xHead=1  Act=0 HP=222 MP=4
[INFO][2021-07-27 14:58:51][Server]client #2 transferred buzhihuowu #3583
[INFO][2021-07-27 14:58:51][Server]User #1 x-Loc=450 y-Loc=300 xHead=1  Act=1 HP=330 MP=12
[INFO][2021-07-27 14:58:51][Server]User #2 x-Loc=50 y-Loc=300 xHead=1  Act=0 HP=222 MP=4
[INFO][2021-07-27 14:58:51][Server]client #2 transferred buzhihuowu #3583
[INFO][2021-07-27 14:58:51][Server]User #1 x-Loc=450 y-Loc=300 xHead=1  Act=0 HP=330 MP=12
[INFO][2021-07-27 14:58:51][Server]User #2 x-Loc=50 y-Loc=300 xHead=1  Act=0 HP=222 MP=4
[INFO][2021-07-27 14:58:51][Server]client #2 transferred buzhihuowu #3583
[INFO][2021-07-27 14:58:51][Server]User #1 x-Loc=400 y-Loc=300 xHead=0  Act=1 HP=330 MP=12
[INFO][2021-07-27 14:58:51][Server]User #2 x-Loc=50 y-Loc=300 xHead=1  Act=0 HP=222 MP=4
[INFO][2021-07-27 14:58:51][Server]client #2 transferred buzhihuowu #3583
[INFO][2021-07-27 14:58:51][Server]User #1 x-Loc=400 y-Loc=300 xHead=0  Act=0 HP=330 MP=12
[INFO][2021-07-27 14:58:51][Server]User #2 x-Loc=50 y-Loc=300 xHead=1  Act=0 HP=222 MP=4
[INFO][2021-07-27 14:58:52][Server]client #2 transferred buzhihuowu #3583
[INFO][2021-07-27 14:58:52][Server]User #1 x-Loc=400 y-Loc=300 xHead=0  Act=11 HP=330 MP=12
[INFO][2021-07-27 14:58:52][Server]User #2 x-Loc=50 y-Loc=300 xHead=1  Act=0 HP=222 MP=4
[INFO][2021-07-27 14:58:52][Server]client #2 transferred buzhihuowu #3583
[INFO][2021-07-27 14:58:52][Server]User #1 x-Loc=400 y-Loc=300 xHead=0  Act=0 HP=330 MP=12
[INFO][2021-07-27 14:58:52][Server]User #2 x-Loc=50 y-Loc=300 xHead=1  Act=0 HP=222 MP=4
[INFO][2021-07-27 14:58:52][Server]client #2 transferred buzhihuowu #3583
[INFO][2021-07-27 14:58:52][Server]User #1 x-Loc=400 y-Loc=300 xHead=0  Act=11 HP=330 MP=12
[INFO][2021-07-27 14:58:52][Server]User #2 x-Loc=50 y-Loc=300 xHead=1  Act=0 HP=222 MP=4
[INFO][2021-07-27 14:58:52][Server]client #2 transferred buzhihuowu #3583
[INFO][2021-07-27 14:58:52][Server]User #1 x-Loc=400 y-Loc=300 xHead=0  Act=0 HP=330 MP=12
[INFO][2021-07-27 14:58:52][Server]User #2 x-Loc=50 y-Loc=300 xHead=1  Act=0 HP=222 MP=4
[INFO][2021-07-27 14:58:52][Server]client #2 transferred buzhihuowu #3583
[INFO][2021-07-27 14:58:52][Server]User #1 x-Loc=400 y-Loc=300 xHead=0  Act=11 HP=330 MP=12
[INFO][2021-07-27 14:58:52][Server]User #2 x-Loc=50 y-Loc=300 xHead=1  Act=0 HP=222 MP=4
[INFO][2021-07-27 14:58:52][Server]client #2 transferred buzhihuowu #3583
[INFO][2021-07-27 14:58:52][Server]User #1 x-Loc=400 y-Loc=300 xHead=0  Act=0 HP=330 MP=12
[INFO][2021-07-27 14:58:52][Server]User #2 x-Loc=50 y-Loc=300 xHead=1  Act=0 HP=222 MP=4
[INFO][2021-07-27 14:58:52][Server]client #2 transferred buzhihuowu #3583
[INFO][2021-07-27 14:58:52][Server]User #1 x-Loc=400 y-Loc=300 xHead=0  Act=11 HP=330 MP=12
[INFO][2021-07-27 14:58:52][Server]User #2 x-Loc=50 y-Loc=300 xHead=1  Act=0 HP=222 MP=4
[INFO][2021-07-27 14:58:52][Server]client #2 transferred buzhihuowu #3583
[INFO][2021-07-27 14:58:52][Server]User #1 x-Loc=400 y-Loc=300 xHead=0  Act=0 HP=330 MP=12
[INFO][2021-07-27 14:58:52][Server]User #2 x-Loc=50 y-Loc=300 xHead=1  Act=0 HP=222 MP=4
[INFO][2021-07-27 14:58:53][Server]client #2 transferred buzhihuowu #3583
[INFO][2021-07-27 14:58:53][Server]User #1 x-Loc=400 y-Loc=300 xHead=0  Act=11 HP=330 MP=12
[INFO][2021-07-27 14:58:53][Server]User #2 x-Loc=50 y-Loc=300 xHead=1  Act=0 HP=222 MP=4
[INFO][2021-07-27 14:58:53][Server]client #2 transferred buzhihuowu #3583
[INFO][2021-07-27 14:58:53][Server]User #1 x-Loc=400 y-Loc=300 xHead=0  Act=0 HP=330 MP=12
[INFO][2021-07-27 14:58:53][Server]User #2 x-Loc=50 y-Loc=300 xHead=1  Act=0 HP=222 MP=4
[INFO][2021-07-27 14:58:54][Server]client #2 transferred buzhihuowu #3583
[INFO][2021-07-27 14:58:54][Server]User #1 x-Loc=400 y-Loc=300 xHead=0  Act=11 HP=330 MP=12
[INFO][2021-07-27 14:58:54][Server]User #2 x-Loc=50 y-Loc=300 xHead=1  Act=0 HP=222 MP=4
[INFO][2021-07-27 14:58:54][Server]client #2 transferred buzhihuowu #3583
[INFO][2021-07-27 14:58:54][Server]User #1 x-Loc=400 y-Loc=300 xHead=0  Act=0 HP=330 MP=12
[INFO][2021-07-27 14:58:54][Server]User #2 x-Loc=50 y-Loc=300 xHead=1  Act=0 HP=222 MP=4
[INFO][2021-07-27 14:58:56][Server]client #2 transferred buzhihuowu #3583
[INFO][2021-07-27 14:58:56][Server]User #1 x-Loc=400 y-Loc=300 xHead=0  Act=11 HP=330 MP=12
[INFO][2021-07-27 14:58:56][Server]User #2 x-Loc=50 y-Loc=300 xHead=1  Act=0 HP=222 MP=4
[INFO][2021-07-27 14:58:56][Server]client #2 transferred buzhihuowu #3583
[INFO][2021-07-27 14:58:56][Server]User #1 x-Loc=400 y-Loc=300 xHead=0  Act=0 HP=330 MP=12
[INFO][2021-07-27 14:58:56][Server]User #2 x-Loc=50 y-Loc=300 xHead=1  Act=0 HP=222 MP=4
[WARNING][2021-07-27 14:59:04][Server]client 2 Exception ! 
[WARNING][2021-07-27 14:59:05][Server]client 1 Exception ! 
