[INFO][2021-07-27 15:07:27]Send stand
[INFO][2021-07-27 15:07:28]Send right move
[INFO][2021-07-27 15:07:28]Send stand
[INFO][2021-07-27 15:07:28]Send left move
[INFO][2021-07-27 15:07:28]Send stand
[INFO][2021-07-27 15:07:29]Send left move
[INFO][2021-07-27 15:07:29]Send stand
[INFO][2021-07-27 15:07:29]Send left move
[INFO][2021-07-27 15:07:29]Send stand
[INFO][2021-07-27 15:07:29]Send left move
[INFO][2021-07-27 15:07:29]Send stand
[INFO][2021-07-27 15:07:29]Send left move
[INFO][2021-07-27 15:07:29]Send stand
[INFO][2021-07-27 15:07:29]Send left move
[INFO][2021-07-27 15:07:29]Send stand
[INFO][2021-07-27 15:07:29]Send left move
[INFO][2021-07-27 15:07:29]Send stand
[INFO][2021-07-27 15:07:29]Send left move
[INFO][2021-07-27 15:07:29]Send stand
[INFO][2021-07-27 15:07:29]Send left move
[INFO][2021-07-27 15:07:29]Send stand
[INFO][2021-07-27 15:07:29]Send left move
[INFO][2021-07-27 15:07:29]Send stand
[INFO][2021-07-27 15:07:29]Send left move
[INFO][2021-07-27 15:07:29]Send stand
[INFO][2021-07-27 15:07:29]Send left move
[INFO][2021-07-27 15:07:29]Send stand
[INFO][2021-07-27 15:07:29]Send left move
[INFO][2021-07-27 15:07:29]Send stand
[INFO][2021-07-27 15:07:29]Send left move
[INFO][2021-07-27 15:07:29]Send stand
[INFO][2021-07-27 15:07:30]Send normal attack
[INFO][2021-07-27 15:07:30]Send stand
[INFO][2021-07-27 15:07:30]Send normal attack
[INFO][2021-07-27 15:07:30]Send stand
[INFO][2021-07-27 15:07:30]Send normal attack
[INFO][2021-07-27 15:07:30]Send stand
[INFO][2021-07-27 15:07:30]Send normal attack
[INFO][2021-07-27 15:07:30]Send stand
[INFO][2021-07-27 15:07:30]Send normal attack
[INFO][2021-07-27 15:07:30]Send stand
[INFO][2021-07-27 15:07:30]Send normal attack
[INFO][2021-07-27 15:07:31]Send stand
[INFO][2021-07-27 15:07:31]Send normal attack
[INFO][2021-07-27 15:07:31]Send stand
[INFO][2021-07-27 15:07:31]Send normal attack
[INFO][2021-07-27 15:07:31]Send stand
[INFO][2021-07-27 15:07:31]Send normal attack
[INFO][2021-07-27 15:07:31]Send stand
[INFO][2021-07-27 15:07:31]Send normal attack
[INFO][2021-07-27 15:07:31]Send stand
[INFO][2021-07-27 15:07:31]Send hard attack
[INFO][2021-07-27 15:07:31]Send stand
[INFO][2021-07-27 15:07:32]Send hard attack
[INFO][2021-07-27 15:07:32]Send stand
[INFO][2021-07-27 15:07:32]Send hard attack
[INFO][2021-07-27 15:07:32]Send stand
[INFO][2021-07-27 15:07:32]Send hard attack
[INFO][2021-07-27 15:07:32]Send stand
[INFO][2021-07-27 15:07:32]Send huge attack
