[INFO][2021-07-26 18:39:36]Send stand
[INFO][2021-07-26 18:40:01]Send right move
[INFO][2021-07-26 18:40:01]Send stand
[INFO][2021-07-26 18:40:02]Send left move
[INFO][2021-07-26 18:40:02]Send stand
[INFO][2021-07-26 18:40:02]Send left move
[INFO][2021-07-26 18:40:02]Send stand
[INFO][2021-07-26 18:40:03]Send left move
[INFO][2021-07-26 18:40:03]Send stand
[INFO][2021-07-26 18:40:03]Send left move
[INFO][2021-07-26 18:40:03]Send stand
[INFO][2021-07-26 18:40:03]Send left move
[INFO][2021-07-26 18:40:03]Send stand
[INFO][2021-07-26 18:40:03]Send left move
[INFO][2021-07-26 18:40:03]Send stand
[INFO][2021-07-26 18:40:03]Send left move
[INFO][2021-07-26 18:40:03]Send stand
[INFO][2021-07-26 18:40:03]Send left move
[INFO][2021-07-26 18:40:03]Send stand
[INFO][2021-07-26 18:40:03]Send left move
[INFO][2021-07-26 18:40:03]Send stand
[INFO][2021-07-26 18:40:03]Send left move
[INFO][2021-07-26 18:40:03]Send stand
[INFO][2021-07-26 18:40:03]Send left move
[INFO][2021-07-26 18:40:03]Send stand
[INFO][2021-07-26 18:40:03]Send left move
[INFO][2021-07-26 18:40:03]Send stand
[INFO][2021-07-26 18:40:03]Send left move
[INFO][2021-07-26 18:40:03]Send stand
[INFO][2021-07-26 18:40:03]Send left move
[INFO][2021-07-26 18:40:03]Send stand
[INFO][2021-07-26 18:40:04]Send right move
[INFO][2021-07-26 18:40:04]Send stand
[INFO][2021-07-26 18:40:04]Send right move
[INFO][2021-07-26 18:40:04]Send stand
[INFO][2021-07-26 18:40:04]Send right move
[INFO][2021-07-26 18:40:04]Send stand
[INFO][2021-07-26 18:40:04]Send right move
[INFO][2021-07-26 18:40:04]Send stand
[INFO][2021-07-26 18:40:04]Send right move
[INFO][2021-07-26 18:40:04]Send stand
[INFO][2021-07-26 18:40:04]Send right move
[INFO][2021-07-26 18:40:04]Send stand
[INFO][2021-07-26 18:40:04]Send right move
[INFO][2021-07-26 18:40:04]Send stand
[INFO][2021-07-26 18:40:04]Send right move
[INFO][2021-07-26 18:40:05]Send stand
[INFO][2021-07-26 18:40:05]Send right move
[INFO][2021-07-26 18:40:05]Send stand
[INFO][2021-07-26 18:40:05]Send right move
[INFO][2021-07-26 18:40:05]Send stand
[INFO][2021-07-26 18:40:05]Send right move
[INFO][2021-07-26 18:40:05]Send stand
[INFO][2021-07-26 18:40:05]Send right move
[INFO][2021-07-26 18:40:05]Send stand
[INFO][2021-07-26 18:40:05]Send right move
[INFO][2021-07-26 18:40:05]Send stand
[INFO][2021-07-26 18:40:05]Send right move
[INFO][2021-07-26 18:40:05]Send stand
[INFO][2021-07-26 18:40:06]Send left move
[INFO][2021-07-26 18:40:06]Send stand
[INFO][2021-07-26 18:40:07]Send left move
[INFO][2021-07-26 18:40:07]Send stand
[INFO][2021-07-26 18:40:07]Send left move
[INFO][2021-07-26 18:40:07]Send stand
[INFO][2021-07-26 18:40:07]Send left move
[INFO][2021-07-26 18:40:07]Send stand
[INFO][2021-07-26 18:40:07]Send left move
[INFO][2021-07-26 18:40:07]Send stand
[INFO][2021-07-26 18:40:07]Send left move
[INFO][2021-07-26 18:40:07]Send stand
[INFO][2021-07-26 18:40:07]Send left move
[INFO][2021-07-26 18:40:07]Send stand
[INFO][2021-07-26 18:40:07]Send left move
[INFO][2021-07-26 18:40:07]Send stand
[INFO][2021-07-26 18:40:07]Send left move
[INFO][2021-07-26 18:40:07]Send stand
[INFO][2021-07-26 18:40:07]Send left move
[INFO][2021-07-26 18:40:07]Send stand
[INFO][2021-07-26 18:40:07]Send left move
[INFO][2021-07-26 18:40:07]Send stand
[INFO][2021-07-26 18:40:07]Send left move
[INFO][2021-07-26 18:40:07]Send stand
[INFO][2021-07-26 18:40:07]Send left move
[INFO][2021-07-26 18:40:07]Send stand
[INFO][2021-07-26 18:40:07]Send left move
[INFO][2021-07-26 18:40:07]Send stand
[INFO][2021-07-26 18:40:09]Send right move
[INFO][2021-07-26 18:40:09]Send stand
[INFO][2021-07-26 18:40:09]Send right move
[INFO][2021-07-26 18:40:09]Send stand
[INFO][2021-07-26 18:40:10]Send right move
[INFO][2021-07-26 18:40:10]Send stand
[INFO][2021-07-26 18:40:10]Send right move
[INFO][2021-07-26 18:40:10]Send stand
[INFO][2021-07-26 18:40:10]Send right move
[INFO][2021-07-26 18:40:10]Send stand
[INFO][2021-07-26 18:40:11]Send normal attack
[INFO][2021-07-26 18:40:11]Send stand
[INFO][2021-07-26 18:40:11]Send normal attack
[INFO][2021-07-26 18:40:11]Send stand
[INFO][2021-07-26 18:40:11]Send normal attack
[INFO][2021-07-26 18:40:11]Send stand
[INFO][2021-07-26 18:40:11]Send normal attack
[INFO][2021-07-26 18:40:11]Send stand
[INFO][2021-07-26 18:40:11]Send normal attack
[INFO][2021-07-26 18:40:11]Send stand
[INFO][2021-07-26 18:40:12]Send normal attack
[INFO][2021-07-26 18:40:12]Send stand
[INFO][2021-07-26 18:40:12]Send normal attack
[INFO][2021-07-26 18:40:12]Send stand
[INFO][2021-07-26 18:40:12]Send hard attack
[INFO][2021-07-26 18:40:12]Send stand
[INFO][2021-07-26 18:40:13]Send hard attack
[INFO][2021-07-26 18:40:13]Send stand
[INFO][2021-07-26 18:40:13]Send left move
[INFO][2021-07-26 18:40:13]Send stand
[INFO][2021-07-26 18:40:14]Send left move
[INFO][2021-07-26 18:40:14]Send stand
[INFO][2021-07-26 18:40:14]Send left move
[INFO][2021-07-26 18:40:14]Send stand
[INFO][2021-07-26 18:40:14]Send left move
[INFO][2021-07-26 18:40:14]Send stand
[INFO][2021-07-26 18:40:14]Send normal attack
[INFO][2021-07-26 18:40:14]Send stand
[INFO][2021-07-26 18:40:14]Send right move
[INFO][2021-07-26 18:40:15]Send stand
[INFO][2021-07-26 18:40:15]Send right move
[INFO][2021-07-26 18:40:15]Send stand
[INFO][2021-07-26 18:40:15]Send right move
[INFO][2021-07-26 18:40:15]Send stand
[INFO][2021-07-26 18:40:15]Send right move
[INFO][2021-07-26 18:40:15]Send stand
[INFO][2021-07-26 18:40:16]Send right move
[INFO][2021-07-26 18:40:16]Send stand
[INFO][2021-07-26 18:40:17]Send hard attack
[INFO][2021-07-26 18:40:17]Send stand
[INFO][2021-07-26 18:40:17]Send hard attack
[INFO][2021-07-26 18:40:17]Send stand
[INFO][2021-07-26 18:40:20]Send right move
[INFO][2021-07-26 18:40:20]Send stand
[INFO][2021-07-26 18:40:21]Send right move
[INFO][2021-07-26 18:40:21]Send stand
[INFO][2021-07-26 18:40:21]Send right move
[INFO][2021-07-26 18:40:21]Send stand
[INFO][2021-07-26 18:40:21]Send right move
[INFO][2021-07-26 18:40:21]Send stand
[INFO][2021-07-26 18:40:21]Send right move
[INFO][2021-07-26 18:40:21]Send stand
[INFO][2021-07-26 18:40:21]Send right move
[INFO][2021-07-26 18:40:21]Send stand
[INFO][2021-07-26 18:40:21]Send right move
[INFO][2021-07-26 18:40:21]Send stand
[INFO][2021-07-26 18:40:21]Send right move
[INFO][2021-07-26 18:40:21]Send stand
[INFO][2021-07-26 18:40:24]Send left move
[INFO][2021-07-26 18:40:24]Send stand
[INFO][2021-07-26 18:40:25]Send left move
[INFO][2021-07-26 18:40:25]Send stand
[INFO][2021-07-26 18:40:26]Send left move
[INFO][2021-07-26 18:40:26]Send stand
[INFO][2021-07-26 18:40:26]Send left move
[INFO][2021-07-26 18:40:26]Send stand
[INFO][2021-07-26 18:40:26]Send left move
[INFO][2021-07-26 18:40:26]Send stand
[INFO][2021-07-26 18:40:26]Send left move
[INFO][2021-07-26 18:40:26]Send stand
[INFO][2021-07-26 18:40:26]Send left move
[INFO][2021-07-26 18:40:26]Send stand
[INFO][2021-07-26 18:40:26]Send left move
[INFO][2021-07-26 18:40:26]Send stand
[INFO][2021-07-26 18:40:26]Send left move
[INFO][2021-07-26 18:40:26]Send stand
[INFO][2021-07-26 18:40:26]Send left move
[INFO][2021-07-26 18:40:26]Send stand
[INFO][2021-07-26 18:40:26]Send right move
[INFO][2021-07-26 18:40:26]Send stand
[INFO][2021-07-26 18:40:27]Send left move
[INFO][2021-07-26 18:40:27]Send stand
[INFO][2021-07-26 18:40:27]Send right move
[INFO][2021-07-26 18:40:27]Send stand
[INFO][2021-07-26 18:40:27]Send left move
[INFO][2021-07-26 18:40:28]Send stand
[INFO][2021-07-26 18:40:28]Send right move
[INFO][2021-07-26 18:40:28]Send stand
[INFO][2021-07-26 18:40:28]Send left move
[INFO][2021-07-26 18:40:28]Send stand
[INFO][2021-07-26 18:40:28]Send right move
[INFO][2021-07-26 18:40:28]Send stand
[INFO][2021-07-26 18:40:28]Send left move
[INFO][2021-07-26 18:40:29]Send stand
[INFO][2021-07-26 18:40:29]Send right move
[INFO][2021-07-26 18:40:29]Send stand
[INFO][2021-07-26 18:40:29]Send left move
[INFO][2021-07-26 18:40:29]Send stand
[INFO][2021-07-26 18:40:29]Send right move
[INFO][2021-07-26 18:40:29]Send stand
[INFO][2021-07-26 18:40:29]Send left move
[INFO][2021-07-26 18:40:29]Send stand
[INFO][2021-07-26 18:40:29]Send right move
[INFO][2021-07-26 18:40:29]Send stand
[INFO][2021-07-26 18:40:29]Send left move
[INFO][2021-07-26 18:40:29]Send stand
[INFO][2021-07-26 18:40:30]Send left move
[INFO][2021-07-26 18:40:30]Send stand
[INFO][2021-07-26 18:40:30]Send left move
[INFO][2021-07-26 18:40:30]Send stand
[INFO][2021-07-26 18:40:30]Send left move
[INFO][2021-07-26 18:40:30]Send stand
[INFO][2021-07-26 18:40:30]Send left move
[INFO][2021-07-26 18:40:30]Send stand
[INFO][2021-07-26 18:40:30]Send hard attack
[INFO][2021-07-26 18:40:30]Send stand
[INFO][2021-07-26 18:40:31]Send right move
[INFO][2021-07-26 18:40:31]Send stand
[INFO][2021-07-26 18:40:31]Send right move
[INFO][2021-07-26 18:40:31]Send stand
[INFO][2021-07-26 18:40:31]Send right move
[INFO][2021-07-26 18:40:31]Send stand
[INFO][2021-07-26 18:40:31]Send right move
[INFO][2021-07-26 18:40:31]Send stand
[INFO][2021-07-26 18:40:31]Send right move
[INFO][2021-07-26 18:40:31]Send stand
[INFO][2021-07-26 18:40:32]Send normal attack
[INFO][2021-07-26 18:40:32]Send stand
[INFO][2021-07-26 18:40:32]Send normal attack
[INFO][2021-07-26 18:40:32]Send stand
[INFO][2021-07-26 18:40:32]Send normal attack
[INFO][2021-07-26 18:40:32]Send stand
[INFO][2021-07-26 18:40:33]Send normal attack
[INFO][2021-07-26 18:40:33]Send stand
[INFO][2021-07-26 18:40:33]Send normal attack
[INFO][2021-07-26 18:40:33]Send stand
[INFO][2021-07-26 18:40:33]Send hard attack
[INFO][2021-07-26 18:40:33]Send stand
[INFO][2021-07-26 18:40:34]Send hard attack
[INFO][2021-07-26 18:40:34]Send stand
[INFO][2021-07-26 18:40:34]Send hard attack
[INFO][2021-07-26 18:40:34]Send stand
[INFO][2021-07-26 18:40:34]Send hard attack
[INFO][2021-07-26 18:40:34]Send stand
[INFO][2021-07-26 18:40:34]Send hard attack
[INFO][2021-07-26 18:40:34]Send stand
[INFO][2021-07-26 18:40:35]Send hard attack
[INFO][2021-07-26 18:40:35]Send stand
[INFO][2021-07-26 18:40:36]Send hard attack
[INFO][2021-07-26 18:40:36]Send stand
[INFO][2021-07-26 18:40:37]Send hard attack
[INFO][2021-07-26 18:40:37]Send stand
[INFO][2021-07-26 18:40:38]Send left move
[INFO][2021-07-26 18:40:38]Send stand
[INFO][2021-07-26 18:40:39]Send hard attack
[INFO][2021-07-26 18:40:39]Send stand
[INFO][2021-07-26 18:40:39]Send left move
[INFO][2021-07-26 18:40:39]Send stand
[INFO][2021-07-26 18:40:40]Send left move
[INFO][2021-07-26 18:40:40]Send stand
[INFO][2021-07-26 18:40:40]Send hard attack
[INFO][2021-07-26 18:40:40]Send stand
[INFO][2021-07-26 18:40:40]Send left move
[INFO][2021-07-26 18:40:40]Send stand
[INFO][2021-07-26 18:40:41]Send hard attack
[INFO][2021-07-26 18:40:41]Send stand
[INFO][2021-07-26 18:40:42]Send right move
[INFO][2021-07-26 18:40:42]Send stand
[INFO][2021-07-26 18:40:42]Send right move
[INFO][2021-07-26 18:40:42]Send stand
[INFO][2021-07-26 18:40:42]Send right move
[INFO][2021-07-26 18:40:42]Send stand
[INFO][2021-07-26 18:40:42]Send right move
[INFO][2021-07-26 18:40:43]Send stand
[INFO][2021-07-26 18:40:43]Send left move
[INFO][2021-07-26 18:40:43]Send stand
[INFO][2021-07-26 18:40:43]Send left move
[INFO][2021-07-26 18:40:43]Send stand
[INFO][2021-07-26 18:40:43]Send left move
[INFO][2021-07-26 18:40:43]Send stand
[INFO][2021-07-26 18:40:44]Send left move
[INFO][2021-07-26 18:40:44]Send stand
[INFO][2021-07-26 18:40:44]Send normal attack
[INFO][2021-07-26 18:40:44]Send stand
[INFO][2021-07-26 18:40:44]Send hard attack
[INFO][2021-07-26 18:40:45]Send stand
[INFO][2021-07-26 18:40:45]Send huge attack
[INFO][2021-07-26 18:40:45]Send stand
[INFO][2021-07-26 18:40:48]Send right move
[INFO][2021-07-26 18:40:48]Send stand
[INFO][2021-07-26 18:40:48]Send right move
[INFO][2021-07-26 18:40:48]Send stand
[INFO][2021-07-26 18:40:48]Send right move
[INFO][2021-07-26 18:40:48]Send stand
[INFO][2021-07-26 18:40:48]Send right move
[INFO][2021-07-26 18:40:48]Send stand
[INFO][2021-07-26 18:40:48]Send right move
[INFO][2021-07-26 18:40:48]Send stand
[INFO][2021-07-26 18:40:48]Send right move
[INFO][2021-07-26 18:40:48]Send stand
[INFO][2021-07-26 18:40:48]Send right move
[INFO][2021-07-26 18:40:49]Send stand
[INFO][2021-07-26 18:40:49]Send right move
[INFO][2021-07-26 18:40:49]Send stand
[INFO][2021-07-26 18:40:49]Send right move
[INFO][2021-07-26 18:40:49]Send stand
[INFO][2021-07-26 18:40:49]Send left move
[INFO][2021-07-26 18:40:49]Send stand
[INFO][2021-07-26 18:40:49]Send hard attack
[INFO][2021-07-26 18:40:49]Send stand
[INFO][2021-07-26 18:40:50]Send hard attack
[INFO][2021-07-26 18:40:50]Send stand
[INFO][2021-07-26 18:40:50]Send normal attack
[INFO][2021-07-26 18:40:50]Send stand
[INFO][2021-07-26 18:40:50]Send hard attack
[INFO][2021-07-26 18:40:50]Send stand
[INFO][2021-07-26 18:40:50]Send normal attack
[INFO][2021-07-26 18:40:50]Send stand
[INFO][2021-07-26 18:40:50]Send hard attack
[INFO][2021-07-26 18:40:50]Send stand
[INFO][2021-07-26 18:40:51]Send normal attack
[INFO][2021-07-26 18:40:51]Send stand
[INFO][2021-07-26 18:40:51]Send hard attack
[INFO][2021-07-26 18:40:51]Send stand
[INFO][2021-07-26 18:40:51]Send normal attack
[INFO][2021-07-26 18:40:51]Send stand
[INFO][2021-07-26 18:40:51]Send hard attack
[INFO][2021-07-26 18:40:51]Send stand
[INFO][2021-07-26 18:40:51]Send normal attack
[INFO][2021-07-26 18:40:51]Send stand
[INFO][2021-07-26 18:40:51]Send hard attack
[INFO][2021-07-26 18:40:51]Send stand
[INFO][2021-07-26 18:40:52]Send normal attack
[INFO][2021-07-26 18:40:52]Send stand
[INFO][2021-07-26 18:40:52]Send normal attack
[INFO][2021-07-26 18:40:52]Send stand
[INFO][2021-07-26 18:40:52]Send hard attack
[INFO][2021-07-26 18:40:52]Send stand
[INFO][2021-07-26 18:40:52]Send hard attack
[INFO][2021-07-26 18:40:52]Send stand
[INFO][2021-07-26 18:40:53]Send hard attack
[INFO][2021-07-26 18:40:53]Send stand
[INFO][2021-07-26 18:40:53]Send hard attack
[INFO][2021-07-26 18:40:53]Send stand
[INFO][2021-07-26 18:40:53]Send hard attack
[INFO][2021-07-26 18:40:53]Send stand
[INFO][2021-07-26 18:40:54]Send hard attack
[INFO][2021-07-26 18:40:54]Send stand
[INFO][2021-07-26 18:40:54]Send hard attack
[INFO][2021-07-26 18:40:54]Send stand
[INFO][2021-07-26 18:40:54]Send hard attack
[INFO][2021-07-26 18:40:54]Send stand
[INFO][2021-07-26 18:40:54]Send normal attack
[INFO][2021-07-26 18:40:54]Send stand
[INFO][2021-07-26 18:40:55]Send normal attack
[INFO][2021-07-26 18:40:55]Send stand
[INFO][2021-07-26 18:40:55]Send normal attack
[INFO][2021-07-26 18:40:55]Send stand
[INFO][2021-07-26 18:40:56]Send normal attack
[INFO][2021-07-26 18:40:56]Send stand
[INFO][2021-07-26 18:40:56]Send normal attack
[INFO][2021-07-26 18:40:56]Send stand
[INFO][2021-07-26 18:40:56]Send normal attack
[INFO][2021-07-26 18:40:56]Send stand
[INFO][2021-07-26 18:40:56]Send normal attack
[INFO][2021-07-26 18:40:56]Send stand
[INFO][2021-07-26 18:40:57]Send normal attack
[INFO][2021-07-26 18:40:57]Send stand
[INFO][2021-07-26 18:40:57]Send normal attack
[INFO][2021-07-26 18:40:57]Send stand
[INFO][2021-07-26 18:40:57]Send normal attack
[INFO][2021-07-26 18:40:57]Send stand
[INFO][2021-07-26 18:40:57]Send normal attack
[INFO][2021-07-26 18:40:57]Send stand
[INFO][2021-07-26 18:40:58]Send normal attack
[INFO][2021-07-26 18:40:58]Send stand
[INFO][2021-07-26 18:40:58]Send normal attack
[INFO][2021-07-26 18:40:58]Send stand
[INFO][2021-07-26 18:40:58]Send right move
[INFO][2021-07-26 18:40:58]Send stand
[INFO][2021-07-26 18:40:59]Send normal attack
[INFO][2021-07-26 18:40:59]Send stand
[INFO][2021-07-26 18:40:59]Send normal attack
[INFO][2021-07-26 18:40:59]Send stand
[INFO][2021-07-26 18:41:00]Send hard attack
[INFO][2021-07-26 18:41:00]Send stand
[INFO][2021-07-26 18:41:00]Send hard attack
[INFO][2021-07-26 18:41:00]Send stand
[INFO][2021-07-26 18:41:01]Send left move
[INFO][2021-07-26 18:41:01]Send stand
[INFO][2021-07-26 18:41:01]Send hard attack
[INFO][2021-07-26 18:41:01]Send stand
[INFO][2021-07-26 18:41:02]Send hard attack
[INFO][2021-07-26 18:41:02]Send stand
[INFO][2021-07-26 18:41:02]Send hard attack
[INFO][2021-07-26 18:41:02]Send stand
[INFO][2021-07-26 18:41:03]Send hard attack
[INFO][2021-07-26 18:41:03]Send stand
[INFO][2021-07-26 18:41:04]Send hard attack
[INFO][2021-07-26 18:41:04]Send stand
[INFO][2021-07-26 18:41:04]Send left move
[INFO][2021-07-26 18:41:04]Send stand
[INFO][2021-07-26 18:41:04]Send hard attack
[INFO][2021-07-26 18:41:04]Send stand
[INFO][2021-07-26 18:41:05]Send hard attack
[INFO][2021-07-26 18:41:05]Send stand
[INFO][2021-07-26 18:41:06]Send hard attack
[INFO][2021-07-26 18:41:06]Send stand
[INFO][2021-07-26 18:41:06]Send hard attack
[INFO][2021-07-26 18:41:06]Send stand
[INFO][2021-07-26 18:41:08]Send normal attack
[INFO][2021-07-26 18:41:08]Send stand
[INFO][2021-07-26 18:41:10]Send hard attack
[INFO][2021-07-26 18:41:10]Send stand
[INFO][2021-07-26 18:41:11]Send hard attack
[INFO][2021-07-26 18:41:11]Send stand
[INFO][2021-07-26 18:41:13]Send hard attack
[INFO][2021-07-26 18:41:13]Send stand
[INFO][2021-07-26 18:41:14]Send hard attack
[INFO][2021-07-26 18:41:14]Send stand
[INFO][2021-07-26 18:41:14]Send hard attack
[INFO][2021-07-26 18:41:14]Send stand
[INFO][2021-07-26 18:41:16]Send hard attack
[INFO][2021-07-26 18:41:16]Send stand
[INFO][2021-07-26 18:41:17]Send hard attack
[INFO][2021-07-26 18:41:17]Send stand
[INFO][2021-07-26 18:41:17]Send hard attack
[INFO][2021-07-26 18:41:17]Send stand
[INFO][2021-07-26 18:41:18]Send right move
[INFO][2021-07-26 18:41:18]Send stand
[INFO][2021-07-26 18:41:19]Send hard attack
[INFO][2021-07-26 18:41:19]Send stand
[INFO][2021-07-26 18:41:19]Send hard attack
[INFO][2021-07-26 18:41:19]Send stand
[INFO][2021-07-26 18:41:20]Send left move
[INFO][2021-07-26 18:41:20]Send stand
[INFO][2021-07-26 18:41:20]Send hard attack
[INFO][2021-07-26 18:41:20]Send stand
