[INFO][2021-07-26 22:19:03]Send stand
[INFO][2021-07-26 22:19:13]Send right move
[INFO][2021-07-26 22:19:13]Send stand
[INFO][2021-07-26 22:19:13]Send right move
[INFO][2021-07-26 22:19:13]Send stand
[INFO][2021-07-26 22:19:13]Send right move
[INFO][2021-07-26 22:19:13]Send stand
[INFO][2021-07-26 22:19:13]Send right move
[INFO][2021-07-26 22:19:13]Send stand
[INFO][2021-07-26 22:19:13]Send right move
[INFO][2021-07-26 22:19:13]Send stand
[INFO][2021-07-26 22:19:13]Send right move
[INFO][2021-07-26 22:19:13]Send stand
[INFO][2021-07-26 22:19:14]Send right move
[INFO][2021-07-26 22:19:14]Send stand
[INFO][2021-07-26 22:19:14]Send right move
[INFO][2021-07-26 22:19:14]Send stand
[INFO][2021-07-26 22:19:14]Send right move
[INFO][2021-07-26 22:19:14]Send stand
[INFO][2021-07-26 22:19:14]Send right move
[INFO][2021-07-26 22:19:14]Send stand
[INFO][2021-07-26 22:19:14]Send right move
[INFO][2021-07-26 22:19:14]Send stand
[INFO][2021-07-26 22:19:16]Send normal attack
[INFO][2021-07-26 22:19:16]Send stand
[INFO][2021-07-26 22:19:17]Send right move
[INFO][2021-07-26 22:19:17]Send stand
[INFO][2021-07-26 22:19:18]Send normal attack
[INFO][2021-07-26 22:19:18]Send stand
[INFO][2021-07-26 22:19:18]Send normal attack
[INFO][2021-07-26 22:19:19]Send stand
[INFO][2021-07-26 22:19:19]Send normal attack
[INFO][2021-07-26 22:19:19]Send stand
[INFO][2021-07-26 22:19:19]Send normal attack
[INFO][2021-07-26 22:19:19]Send stand
[INFO][2021-07-26 22:19:20]Send normal attack
[INFO][2021-07-26 22:19:20]Send stand
[INFO][2021-07-26 22:19:22]Send left move
[INFO][2021-07-26 22:19:22]Send stand
[INFO][2021-07-26 22:19:22]Send left move
[INFO][2021-07-26 22:19:22]Send stand
[INFO][2021-07-26 22:19:22]Send left move
[INFO][2021-07-26 22:19:23]Send stand
[INFO][2021-07-26 22:19:23]Send right move
[INFO][2021-07-26 22:19:23]Send stand
[INFO][2021-07-26 22:19:24]Send huge attack
[INFO][2021-07-26 22:19:24]Send stand
[INFO][2021-07-26 22:19:27]Send right move
[INFO][2021-07-26 22:19:28]Send stand
[INFO][2021-07-26 22:19:28]Send right move
[INFO][2021-07-26 22:19:28]Send stand
[INFO][2021-07-26 22:19:29]Send normal attack
[INFO][2021-07-26 22:19:29]Send stand
[INFO][2021-07-26 22:19:29]Send normal attack
[INFO][2021-07-26 22:19:30]Send stand
[INFO][2021-07-26 22:19:30]Send normal attack
[INFO][2021-07-26 22:19:30]Send stand
[INFO][2021-07-26 22:19:30]Send normal attack
[INFO][2021-07-26 22:19:30]Send stand
[INFO][2021-07-26 22:19:30]Send normal attack
[INFO][2021-07-26 22:19:30]Send stand
[INFO][2021-07-26 22:19:30]Send normal attack
[INFO][2021-07-26 22:19:30]Send stand
