[INFO][2021-07-26 16:51:39][Server]Server started.
[INFO][2021-07-26 16:51:43][Server]client #1 transferred chunli #2976
[INFO][2021-07-26 16:51:48][Server]client #2 transferred caotijing #8025
[INFO][2021-07-26 16:51:48][Server]User #1 x-Loc=50 y-Loc=300 xHead=1  Act=0 HP=100 MP=0
[INFO][2021-07-26 16:51:48][Server]User #2 x-Loc=700 y-Loc=300 xHead=0  Act=0 HP=100 MP=0
[INFO][2021-07-26 16:51:48][Server]client #1 transferred chunli #2976
[INFO][2021-07-26 16:51:48][Server]User #1 x-Loc=50 y-Loc=300 xHead=1  Act=0 HP=100 MP=0
[INFO][2021-07-26 16:51:48][Server]User #2 x-Loc=700 y-Loc=300 xHead=0  Act=0 HP=100 MP=0
[INFO][2021-07-26 16:51:49][Server]client #2 transferred caotijing #8025
[INFO][2021-07-26 16:51:49][Server]User #1 x-Loc=50 y-Loc=300 xHead=1  Act=0 HP=100 MP=0
[INFO][2021-07-26 16:51:49][Server]User #2 x-Loc=700 y-Loc=300 xHead=0  Act=0 HP=100 MP=0
[INFO][2021-07-26 16:51:50][Server]client #2 transferred caotijing #8025
[INFO][2021-07-26 16:51:50][Server]User #1 x-Loc=50 y-Loc=300 xHead=1  Act=0 HP=100 MP=0
[INFO][2021-07-26 16:51:50][Server]User #2 x-Loc=700 y-Loc=300 xHead=0  Act=14 HP=100 MP=0
[INFO][2021-07-26 16:51:50][Server]client #2 transferred caotijing #8025
[INFO][2021-07-26 16:51:50][Server]User #1 x-Loc=50 y-Loc=300 xHead=1  Act=0 HP=100 MP=0
[INFO][2021-07-26 16:51:50][Server]User #2 x-Loc=700 y-Loc=300 xHead=0  Act=0 HP=100 MP=0
[INFO][2021-07-26 16:51:50][Server]client #2 transferred caotijing #8025
[INFO][2021-07-26 16:51:50][Server]User #1 x-Loc=50 y-Loc=300 xHead=1  Act=0 HP=100 MP=0
[INFO][2021-07-26 16:51:50][Server]User #2 x-Loc=700 y-Loc=300 xHead=0  Act=14 HP=100 MP=0
[INFO][2021-07-26 16:51:50][Server]client #2 transferred caotijing #8025
[INFO][2021-07-26 16:51:50][Server]User #1 x-Loc=50 y-Loc=300 xHead=1  Act=0 HP=100 MP=0
[INFO][2021-07-26 16:51:50][Server]User #2 x-Loc=700 y-Loc=300 xHead=0  Act=0 HP=100 MP=0
[INFO][2021-07-26 16:51:50][Server]client #2 transferred caotijing #8025
[INFO][2021-07-26 16:51:50][Server]User #1 x-Loc=50 y-Loc=300 xHead=1  Act=0 HP=100 MP=0
[INFO][2021-07-26 16:51:50][Server]User #2 x-Loc=700 y-Loc=300 xHead=0  Act=14 HP=100 MP=0
[INFO][2021-07-26 16:51:50][Server]client #2 transferred caotijing #8025
[INFO][2021-07-26 16:51:50][Server]User #1 x-Loc=50 y-Loc=300 xHead=1  Act=0 HP=100 MP=0
[INFO][2021-07-26 16:51:50][Server]User #2 x-Loc=700 y-Loc=300 xHead=0  Act=0 HP=100 MP=0
[INFO][2021-07-26 16:51:50][Server]client #2 transferred caotijing #8025
[INFO][2021-07-26 16:51:50][Server]User #1 x-Loc=50 y-Loc=300 xHead=1  Act=0 HP=100 MP=0
[INFO][2021-07-26 16:51:50][Server]User #2 x-Loc=700 y-Loc=300 xHead=0  Act=14 HP=100 MP=0
[INFO][2021-07-26 16:51:50][Server]client #2 transferred caotijing #8025
[INFO][2021-07-26 16:51:50][Server]User #1 x-Loc=50 y-Loc=300 xHead=1  Act=0 HP=100 MP=0
[INFO][2021-07-26 16:51:50][Server]User #2 x-Loc=700 y-Loc=300 xHead=0  Act=0 HP=100 MP=0
[INFO][2021-07-26 16:51:51][Server]client #2 transferred caotijing #8025
[INFO][2021-07-26 16:51:51][Server]User #1 x-Loc=50 y-Loc=300 xHead=1  Act=0 HP=100 MP=0
[INFO][2021-07-26 16:51:51][Server]User #2 x-Loc=700 y-Loc=300 xHead=0  Act=14 HP=100 MP=0
[INFO][2021-07-26 16:51:51][Server]client #2 transferred caotijing #8025
[INFO][2021-07-26 16:51:51][Server]User #1 x-Loc=50 y-Loc=300 xHead=1  Act=0 HP=100 MP=0
[INFO][2021-07-26 16:51:51][Server]User #2 x-Loc=700 y-Loc=300 xHead=0  Act=0 HP=100 MP=0
[INFO][2021-07-26 16:51:51][Server]client #2 transferred caotijing #8025
[INFO][2021-07-26 16:51:51][Server]User #1 x-Loc=50 y-Loc=300 xHead=1  Act=0 HP=100 MP=0
[INFO][2021-07-26 16:51:51][Server]User #2 x-Loc=700 y-Loc=300 xHead=0  Act=14 HP=100 MP=0
[INFO][2021-07-26 16:51:51][Server]client #2 transferred caotijing #8025
[INFO][2021-07-26 16:51:51][Server]User #1 x-Loc=50 y-Loc=300 xHead=1  Act=0 HP=100 MP=0
[INFO][2021-07-26 16:51:51][Server]User #2 x-Loc=700 y-Loc=300 xHead=0  Act=0 HP=100 MP=0
[INFO][2021-07-26 16:51:51][Server]client #2 transferred caotijing #8025
[INFO][2021-07-26 16:51:51][Server]User #1 x-Loc=50 y-Loc=300 xHead=1  Act=0 HP=100 MP=0
[INFO][2021-07-26 16:51:51][Server]User #2 x-Loc=700 y-Loc=300 xHead=0  Act=14 HP=100 MP=0
[INFO][2021-07-26 16:51:51][Server]client #2 transferred caotijing #8025
[INFO][2021-07-26 16:51:51][Server]User #1 x-Loc=50 y-Loc=300 xHead=1  Act=0 HP=100 MP=0
[INFO][2021-07-26 16:51:51][Server]User #2 x-Loc=700 y-Loc=300 xHead=0  Act=0 HP=100 MP=0
[INFO][2021-07-26 16:51:51][Server]client #2 transferred caotijing #8025
[INFO][2021-07-26 16:51:51][Server]User #1 x-Loc=50 y-Loc=300 xHead=1  Act=0 HP=100 MP=0
[INFO][2021-07-26 16:51:51][Server]User #2 x-Loc=700 y-Loc=300 xHead=0  Act=14 HP=100 MP=0
[INFO][2021-07-26 16:51:51][Server]client #2 transferred caotijing #8025
[INFO][2021-07-26 16:51:51][Server]User #1 x-Loc=50 y-Loc=300 xHead=1  Act=0 HP=100 MP=0
[INFO][2021-07-26 16:51:51][Server]User #2 x-Loc=700 y-Loc=300 xHead=0  Act=0 HP=100 MP=0
[INFO][2021-07-26 16:51:51][Server]client #2 transferred caotijing #8025
[INFO][2021-07-26 16:51:51][Server]User #1 x-Loc=50 y-Loc=300 xHead=1  Act=0 HP=100 MP=0
[INFO][2021-07-26 16:51:51][Server]User #2 x-Loc=700 y-Loc=300 xHead=0  Act=14 HP=100 MP=0
[INFO][2021-07-26 16:51:51][Server]client #2 transferred caotijing #8025
[INFO][2021-07-26 16:51:51][Server]User #1 x-Loc=50 y-Loc=300 xHead=1  Act=0 HP=100 MP=0
[INFO][2021-07-26 16:51:51][Server]User #2 x-Loc=700 y-Loc=300 xHead=0  Act=0 HP=100 MP=0
[INFO][2021-07-26 16:51:51][Server]client #2 transferred caotijing #8025
[INFO][2021-07-26 16:51:51][Server]User #1 x-Loc=50 y-Loc=300 xHead=1  Act=0 HP=100 MP=0
[INFO][2021-07-26 16:51:51][Server]User #2 x-Loc=700 y-Loc=300 xHead=0  Act=14 HP=100 MP=0
[INFO][2021-07-26 16:51:51][Server]client #2 transferred caotijing #8025
[INFO][2021-07-26 16:51:51][Server]User #1 x-Loc=50 y-Loc=300 xHead=1  Act=0 HP=100 MP=0
[INFO][2021-07-26 16:51:51][Server]User #2 x-Loc=700 y-Loc=300 xHead=0  Act=0 HP=100 MP=0
[INFO][2021-07-26 16:51:51][Server]client #2 transferred caotijing #8025
[INFO][2021-07-26 16:51:51][Server]User #1 x-Loc=50 y-Loc=300 xHead=1  Act=0 HP=100 MP=0
[INFO][2021-07-26 16:51:51][Server]User #2 x-Loc=700 y-Loc=300 xHead=0  Act=14 HP=100 MP=0
[INFO][2021-07-26 16:51:51][Server]client #2 transferred caotijing #8025
[INFO][2021-07-26 16:51:51][Server]User #1 x-Loc=50 y-Loc=300 xHead=1  Act=0 HP=100 MP=0
[INFO][2021-07-26 16:51:51][Server]User #2 x-Loc=700 y-Loc=300 xHead=0  Act=0 HP=100 MP=0
[INFO][2021-07-26 16:51:51][Server]client #2 transferred caotijing #8025
[INFO][2021-07-26 16:51:51][Server]User #1 x-Loc=50 y-Loc=300 xHead=1  Act=0 HP=100 MP=0
[INFO][2021-07-26 16:51:51][Server]User #2 x-Loc=700 y-Loc=300 xHead=0  Act=14 HP=100 MP=0
[INFO][2021-07-26 16:51:51][Server]client #2 transferred caotijing #8025
[INFO][2021-07-26 16:51:51][Server]User #1 x-Loc=50 y-Loc=300 xHead=1  Act=0 HP=100 MP=0
[INFO][2021-07-26 16:51:51][Server]User #2 x-Loc=700 y-Loc=300 xHead=0  Act=0 HP=100 MP=0
[INFO][2021-07-26 16:51:51][Server]client #2 transferred caotijing #8025
[INFO][2021-07-26 16:51:51][Server]User #1 x-Loc=50 y-Loc=300 xHead=1  Act=0 HP=100 MP=0
[INFO][2021-07-26 16:51:51][Server]User #2 x-Loc=700 y-Loc=300 xHead=0  Act=14 HP=100 MP=0
[INFO][2021-07-26 16:51:51][Server]client #2 transferred caotijing #8025
[INFO][2021-07-26 16:51:51][Server]User #1 x-Loc=50 y-Loc=300 xHead=1  Act=0 HP=100 MP=0
[INFO][2021-07-26 16:51:51][Server]User #2 x-Loc=700 y-Loc=300 xHead=0  Act=0 HP=100 MP=0
[INFO][2021-07-26 16:51:51][Server]client #2 transferred caotijing #8025
[INFO][2021-07-26 16:51:51][Server]User #1 x-Loc=50 y-Loc=300 xHead=1  Act=0 HP=100 MP=0
[INFO][2021-07-26 16:51:51][Server]User #2 x-Loc=700 y-Loc=300 xHead=0  Act=14 HP=100 MP=0
[INFO][2021-07-26 16:51:51][Server]client #2 transferred caotijing #8025
[INFO][2021-07-26 16:51:51][Server]User #1 x-Loc=50 y-Loc=300 xHead=1  Act=0 HP=100 MP=0
[INFO][2021-07-26 16:51:51][Server]User #2 x-Loc=700 y-Loc=300 xHead=0  Act=0 HP=100 MP=0
[INFO][2021-07-26 16:51:51][Server]client #2 transferred caotijing #8025
[INFO][2021-07-26 16:51:51][Server]User #1 x-Loc=50 y-Loc=300 xHead=1  Act=0 HP=100 MP=0
[INFO][2021-07-26 16:51:51][Server]User #2 x-Loc=700 y-Loc=300 xHead=0  Act=14 HP=100 MP=0
[INFO][2021-07-26 16:51:51][Server]client #2 transferred caotijing #8025
[INFO][2021-07-26 16:51:51][Server]User #1 x-Loc=50 y-Loc=300 xHead=1  Act=0 HP=100 MP=0
[INFO][2021-07-26 16:51:51][Server]User #2 x-Loc=700 y-Loc=300 xHead=0  Act=0 HP=100 MP=0
[INFO][2021-07-26 16:51:51][Server]client #2 transferred caotijing #8025
[INFO][2021-07-26 16:51:51][Server]User #1 x-Loc=50 y-Loc=300 xHead=1  Act=0 HP=100 MP=0
[INFO][2021-07-26 16:51:51][Server]User #2 x-Loc=700 y-Loc=300 xHead=0  Act=14 HP=100 MP=0
[INFO][2021-07-26 16:51:51][Server]client #2 transferred caotijing #8025
[INFO][2021-07-26 16:51:51][Server]User #1 x-Loc=50 y-Loc=300 xHead=1  Act=0 HP=100 MP=0
[INFO][2021-07-26 16:51:51][Server]User #2 x-Loc=700 y-Loc=300 xHead=0  Act=0 HP=100 MP=0
[INFO][2021-07-26 16:51:51][Server]client #2 transferred caotijing #8025
[INFO][2021-07-26 16:51:51][Server]User #1 x-Loc=50 y-Loc=300 xHead=1  Act=0 HP=100 MP=0
[INFO][2021-07-26 16:51:51][Server]User #2 x-Loc=700 y-Loc=300 xHead=0  Act=14 HP=100 MP=0
[INFO][2021-07-26 16:51:51][Server]client #2 transferred caotijing #8025
[INFO][2021-07-26 16:51:51][Server]User #1 x-Loc=50 y-Loc=300 xHead=1  Act=0 HP=100 MP=0
[INFO][2021-07-26 16:51:51][Server]User #2 x-Loc=700 y-Loc=300 xHead=0  Act=0 HP=100 MP=0
[INFO][2021-07-26 16:51:51][Server]client #2 transferred caotijing #8025
[INFO][2021-07-26 16:51:51][Server]User #1 x-Loc=50 y-Loc=300 xHead=1  Act=0 HP=100 MP=0
[INFO][2021-07-26 16:51:51][Server]User #2 x-Loc=700 y-Loc=300 xHead=0  Act=14 HP=100 MP=0
[INFO][2021-07-26 16:51:51][Server]client #2 transferred caotijing #8025
[INFO][2021-07-26 16:51:51][Server]User #1 x-Loc=50 y-Loc=300 xHead=1  Act=0 HP=100 MP=0
[INFO][2021-07-26 16:51:51][Server]User #2 x-Loc=700 y-Loc=300 xHead=0  Act=0 HP=100 MP=0
[INFO][2021-07-26 16:51:51][Server]client #2 transferred caotijing #8025
[INFO][2021-07-26 16:51:51][Server]User #1 x-Loc=50 y-Loc=300 xHead=1  Act=0 HP=100 MP=0
[INFO][2021-07-26 16:51:51][Server]User #2 x-Loc=700 y-Loc=300 xHead=0  Act=14 HP=100 MP=0
[INFO][2021-07-26 16:51:51][Server]client #2 transferred caotijing #8025
[INFO][2021-07-26 16:51:51][Server]User #1 x-Loc=50 y-Loc=300 xHead=1  Act=0 HP=100 MP=0
[INFO][2021-07-26 16:51:51][Server]User #2 x-Loc=700 y-Loc=300 xHead=0  Act=0 HP=100 MP=0
[INFO][2021-07-26 16:51:51][Server]client #2 transferred caotijing #8025
[INFO][2021-07-26 16:51:51][Server]User #1 x-Loc=50 y-Loc=300 xHead=1  Act=0 HP=100 MP=0
[INFO][2021-07-26 16:51:51][Server]User #2 x-Loc=700 y-Loc=300 xHead=0  Act=14 HP=100 MP=0
[INFO][2021-07-26 16:51:52][Server]client #2 transferred caotijing #8025
[INFO][2021-07-26 16:51:52][Server]User #1 x-Loc=50 y-Loc=300 xHead=1  Act=0 HP=100 MP=0
[INFO][2021-07-26 16:51:52][Server]User #2 x-Loc=700 y-Loc=300 xHead=0  Act=0 HP=100 MP=0
[INFO][2021-07-26 16:51:52][Server]client #2 transferred caotijing #8025
[INFO][2021-07-26 16:51:52][Server]User #1 x-Loc=50 y-Loc=300 xHead=1  Act=0 HP=100 MP=0
[INFO][2021-07-26 16:51:52][Server]User #2 x-Loc=700 y-Loc=300 xHead=0  Act=14 HP=100 MP=0
[INFO][2021-07-26 16:51:52][Server]client #2 transferred caotijing #8025
[INFO][2021-07-26 16:51:52][Server]User #1 x-Loc=50 y-Loc=300 xHead=1  Act=0 HP=100 MP=0
[INFO][2021-07-26 16:51:52][Server]User #2 x-Loc=700 y-Loc=300 xHead=0  Act=0 HP=100 MP=0
[INFO][2021-07-26 16:51:52][Server]client #2 transferred caotijing #8025
[INFO][2021-07-26 16:51:52][Server]User #1 x-Loc=50 y-Loc=300 xHead=1  Act=0 HP=100 MP=0
[INFO][2021-07-26 16:51:52][Server]User #2 x-Loc=700 y-Loc=300 xHead=0  Act=14 HP=100 MP=0
[INFO][2021-07-26 16:51:52][Server]client #2 transferred caotijing #8025
[INFO][2021-07-26 16:51:52][Server]User #1 x-Loc=50 y-Loc=300 xHead=1  Act=0 HP=100 MP=0
[INFO][2021-07-26 16:51:52][Server]User #2 x-Loc=700 y-Loc=300 xHead=0  Act=0 HP=100 MP=0
[INFO][2021-07-26 16:51:52][Server]client #2 transferred caotijing #8025
[INFO][2021-07-26 16:51:52][Server]User #1 x-Loc=50 y-Loc=300 xHead=1  Act=0 HP=100 MP=0
[INFO][2021-07-26 16:51:52][Server]User #2 x-Loc=700 y-Loc=300 xHead=0  Act=14 HP=100 MP=0
[INFO][2021-07-26 16:51:52][Server]client #2 transferred caotijing #8025
[INFO][2021-07-26 16:51:52][Server]User #1 x-Loc=50 y-Loc=300 xHead=1  Act=0 HP=100 MP=0
[INFO][2021-07-26 16:51:52][Server]User #2 x-Loc=700 y-Loc=300 xHead=0  Act=0 HP=100 MP=0
[INFO][2021-07-26 16:51:52][Server]client #2 transferred caotijing #8025
[INFO][2021-07-26 16:51:52][Server]User #1 x-Loc=50 y-Loc=300 xHead=1  Act=0 HP=100 MP=0
[INFO][2021-07-26 16:51:52][Server]User #2 x-Loc=700 y-Loc=300 xHead=0  Act=14 HP=100 MP=0
[INFO][2021-07-26 16:51:52][Server]client #2 transferred caotijing #8025
[INFO][2021-07-26 16:51:52][Server]User #1 x-Loc=50 y-Loc=300 xHead=1  Act=0 HP=100 MP=0
[INFO][2021-07-26 16:51:52][Server]User #2 x-Loc=700 y-Loc=300 xHead=0  Act=0 HP=100 MP=0
[INFO][2021-07-26 16:51:52][Server]client #2 transferred caotijing #8025
[INFO][2021-07-26 16:51:52][Server]User #1 x-Loc=50 y-Loc=300 xHead=1  Act=0 HP=100 MP=0
[INFO][2021-07-26 16:51:52][Server]User #2 x-Loc=700 y-Loc=300 xHead=0  Act=14 HP=100 MP=0
[INFO][2021-07-26 16:51:52][Server]client #2 transferred caotijing #8025
[INFO][2021-07-26 16:51:52][Server]User #1 x-Loc=50 y-Loc=300 xHead=1  Act=0 HP=100 MP=0
[INFO][2021-07-26 16:51:52][Server]User #2 x-Loc=700 y-Loc=300 xHead=0  Act=0 HP=100 MP=0
[INFO][2021-07-26 16:51:52][Server]client #2 transferred caotijing #8025
[INFO][2021-07-26 16:51:52][Server]User #1 x-Loc=50 y-Loc=300 xHead=1  Act=0 HP=100 MP=0
[INFO][2021-07-26 16:51:52][Server]User #2 x-Loc=700 y-Loc=300 xHead=0  Act=14 HP=100 MP=0
[INFO][2021-07-26 16:51:52][Server]client #2 transferred caotijing #8025
[INFO][2021-07-26 16:51:52][Server]User #1 x-Loc=50 y-Loc=300 xHead=1  Act=0 HP=100 MP=0
[INFO][2021-07-26 16:51:52][Server]User #2 x-Loc=700 y-Loc=300 xHead=0  Act=0 HP=100 MP=0
[INFO][2021-07-26 16:51:52][Server]client #2 transferred caotijing #8025
[INFO][2021-07-26 16:51:52][Server]User #1 x-Loc=50 y-Loc=300 xHead=1  Act=0 HP=100 MP=0
[INFO][2021-07-26 16:51:52][Server]User #2 x-Loc=700 y-Loc=300 xHead=0  Act=14 HP=100 MP=0
[INFO][2021-07-26 16:51:52][Server]client #2 transferred caotijing #8025
[INFO][2021-07-26 16:51:52][Server]User #1 x-Loc=50 y-Loc=300 xHead=1  Act=0 HP=100 MP=0
[INFO][2021-07-26 16:51:52][Server]User #2 x-Loc=700 y-Loc=300 xHead=0  Act=0 HP=100 MP=0
[INFO][2021-07-26 16:51:52][Server]client #2 transferred caotijing #8025
[INFO][2021-07-26 16:51:52][Server]User #1 x-Loc=50 y-Loc=300 xHead=1  Act=0 HP=100 MP=0
[INFO][2021-07-26 16:51:52][Server]User #2 x-Loc=700 y-Loc=300 xHead=0  Act=14 HP=100 MP=0
[INFO][2021-07-26 16:51:52][Server]client #2 transferred caotijing #8025
[INFO][2021-07-26 16:51:52][Server]User #1 x-Loc=50 y-Loc=300 xHead=1  Act=0 HP=100 MP=0
[INFO][2021-07-26 16:51:52][Server]User #2 x-Loc=700 y-Loc=300 xHead=0  Act=0 HP=100 MP=0
[INFO][2021-07-26 16:51:52][Server]client #2 transferred caotijing #8025
[INFO][2021-07-26 16:51:52][Server]User #1 x-Loc=50 y-Loc=300 xHead=1  Act=0 HP=100 MP=0
[INFO][2021-07-26 16:51:52][Server]User #2 x-Loc=700 y-Loc=300 xHead=0  Act=14 HP=100 MP=0
[INFO][2021-07-26 16:51:52][Server]client #2 transferred caotijing #8025
[INFO][2021-07-26 16:51:52][Server]User #1 x-Loc=50 y-Loc=300 xHead=1  Act=0 HP=100 MP=0
[INFO][2021-07-26 16:51:52][Server]User #2 x-Loc=700 y-Loc=300 xHead=0  Act=0 HP=100 MP=0
[INFO][2021-07-26 16:51:52][Server]client #2 transferred caotijing #8025
[INFO][2021-07-26 16:51:52][Server]User #1 x-Loc=50 y-Loc=300 xHead=1  Act=0 HP=100 MP=0
[INFO][2021-07-26 16:51:52][Server]User #2 x-Loc=700 y-Loc=300 xHead=0  Act=14 HP=100 MP=0
[INFO][2021-07-26 16:51:52][Server]client #2 transferred caotijing #8025
[INFO][2021-07-26 16:51:52][Server]User #1 x-Loc=50 y-Loc=300 xHead=1  Act=0 HP=100 MP=0
[INFO][2021-07-26 16:51:52][Server]User #2 x-Loc=700 y-Loc=300 xHead=0  Act=0 HP=100 MP=0
[INFO][2021-07-26 16:51:52][Server]client #2 transferred caotijing #8025
[INFO][2021-07-26 16:51:52][Server]User #1 x-Loc=50 y-Loc=300 xHead=1  Act=0 HP=100 MP=0
[INFO][2021-07-26 16:51:52][Server]User #2 x-Loc=700 y-Loc=300 xHead=0  Act=14 HP=100 MP=0
[INFO][2021-07-26 16:51:52][Server]client #2 transferred caotijing #8025
[INFO][2021-07-26 16:51:52][Server]User #1 x-Loc=50 y-Loc=300 xHead=1  Act=0 HP=100 MP=0
[INFO][2021-07-26 16:51:52][Server]User #2 x-Loc=700 y-Loc=300 xHead=0  Act=0 HP=100 MP=0
[INFO][2021-07-26 16:51:52][Server]client #2 transferred caotijing #8025
[INFO][2021-07-26 16:51:52][Server]User #1 x-Loc=50 y-Loc=300 xHead=1  Act=0 HP=100 MP=0
[INFO][2021-07-26 16:51:52][Server]User #2 x-Loc=700 y-Loc=300 xHead=0  Act=14 HP=100 MP=0
[INFO][2021-07-26 16:51:52][Server]client #2 transferred caotijing #8025
[INFO][2021-07-26 16:51:52][Server]User #1 x-Loc=50 y-Loc=300 xHead=1  Act=0 HP=100 MP=0
[INFO][2021-07-26 16:51:52][Server]User #2 x-Loc=700 y-Loc=300 xHead=0  Act=0 HP=100 MP=0
[INFO][2021-07-26 16:51:52][Server]client #2 transferred caotijing #8025
[INFO][2021-07-26 16:51:52][Server]User #1 x-Loc=50 y-Loc=300 xHead=1  Act=0 HP=100 MP=0
[INFO][2021-07-26 16:51:52][Server]User #2 x-Loc=700 y-Loc=300 xHead=0  Act=14 HP=100 MP=0
[INFO][2021-07-26 16:51:52][Server]client #2 transferred caotijing #8025
[INFO][2021-07-26 16:51:52][Server]User #1 x-Loc=50 y-Loc=300 xHead=1  Act=0 HP=100 MP=0
[INFO][2021-07-26 16:51:52][Server]User #2 x-Loc=700 y-Loc=300 xHead=0  Act=0 HP=100 MP=0
[INFO][2021-07-26 16:51:52][Server]client #2 transferred caotijing #8025
[INFO][2021-07-26 16:51:52][Server]User #1 x-Loc=50 y-Loc=300 xHead=1  Act=0 HP=100 MP=0
[INFO][2021-07-26 16:51:52][Server]User #2 x-Loc=700 y-Loc=300 xHead=0  Act=14 HP=100 MP=0
[INFO][2021-07-26 16:51:52][Server]client #2 transferred caotijing #8025
[INFO][2021-07-26 16:51:52][Server]User #1 x-Loc=50 y-Loc=300 xHead=1  Act=0 HP=100 MP=0
[INFO][2021-07-26 16:51:52][Server]User #2 x-Loc=700 y-Loc=300 xHead=0  Act=0 HP=100 MP=0
[INFO][2021-07-26 16:51:52][Server]client #2 transferred caotijing #8025
[INFO][2021-07-26 16:51:52][Server]User #1 x-Loc=50 y-Loc=300 xHead=1  Act=0 HP=100 MP=0
[INFO][2021-07-26 16:51:52][Server]User #2 x-Loc=700 y-Loc=300 xHead=0  Act=14 HP=100 MP=0
[INFO][2021-07-26 16:51:53][Server]client #2 transferred caotijing #8025
[INFO][2021-07-26 16:51:53][Server]User #1 x-Loc=50 y-Loc=300 xHead=1  Act=0 HP=100 MP=0
[INFO][2021-07-26 16:51:53][Server]User #2 x-Loc=700 y-Loc=300 xHead=0  Act=0 HP=100 MP=0
[INFO][2021-07-26 16:51:53][Server]client #2 transferred caotijing #8025
[INFO][2021-07-26 16:51:53][Server]User #1 x-Loc=50 y-Loc=300 xHead=1  Act=0 HP=100 MP=0
[INFO][2021-07-26 16:51:53][Server]User #2 x-Loc=700 y-Loc=300 xHead=0  Act=14 HP=100 MP=0
[INFO][2021-07-26 16:51:53][Server]client #2 transferred caotijing #8025
[INFO][2021-07-26 16:51:53][Server]User #1 x-Loc=50 y-Loc=300 xHead=1  Act=0 HP=100 MP=0
[INFO][2021-07-26 16:51:53][Server]User #2 x-Loc=700 y-Loc=300 xHead=0  Act=0 HP=100 MP=0
[INFO][2021-07-26 16:51:53][Server]client #2 transferred caotijing #8025
[INFO][2021-07-26 16:51:53][Server]User #1 x-Loc=50 y-Loc=300 xHead=1  Act=0 HP=100 MP=0
[INFO][2021-07-26 16:51:53][Server]User #2 x-Loc=700 y-Loc=300 xHead=0  Act=14 HP=100 MP=0
[INFO][2021-07-26 16:51:53][Server]client #2 transferred caotijing #8025
[INFO][2021-07-26 16:51:53][Server]User #1 x-Loc=50 y-Loc=300 xHead=1  Act=0 HP=100 MP=0
[INFO][2021-07-26 16:51:53][Server]User #2 x-Loc=700 y-Loc=300 xHead=0  Act=0 HP=100 MP=0
[INFO][2021-07-26 16:51:53][Server]client #2 transferred caotijing #8025
[INFO][2021-07-26 16:51:53][Server]User #1 x-Loc=50 y-Loc=300 xHead=1  Act=0 HP=100 MP=0
[INFO][2021-07-26 16:51:53][Server]User #2 x-Loc=700 y-Loc=300 xHead=0  Act=14 HP=100 MP=0
[INFO][2021-07-26 16:51:53][Server]client #2 transferred caotijing #8025
[INFO][2021-07-26 16:51:53][Server]User #1 x-Loc=50 y-Loc=300 xHead=1  Act=0 HP=100 MP=0
[INFO][2021-07-26 16:51:53][Server]User #2 x-Loc=700 y-Loc=300 xHead=0  Act=0 HP=100 MP=0
[INFO][2021-07-26 16:51:53][Server]client #2 transferred caotijing #8025
[INFO][2021-07-26 16:51:53][Server]User #1 x-Loc=50 y-Loc=300 xHead=1  Act=0 HP=100 MP=0
[INFO][2021-07-26 16:51:53][Server]User #2 x-Loc=700 y-Loc=300 xHead=0  Act=14 HP=100 MP=0
[INFO][2021-07-26 16:51:53][Server]client #2 transferred caotijing #8025
[INFO][2021-07-26 16:51:53][Server]User #1 x-Loc=50 y-Loc=300 xHead=1  Act=0 HP=100 MP=0
[INFO][2021-07-26 16:51:53][Server]User #2 x-Loc=700 y-Loc=300 xHead=0  Act=0 HP=100 MP=0
[INFO][2021-07-26 16:51:53][Server]client #2 transferred caotijing #8025
[INFO][2021-07-26 16:51:53][Server]User #1 x-Loc=50 y-Loc=300 xHead=1  Act=0 HP=100 MP=0
[INFO][2021-07-26 16:51:53][Server]User #2 x-Loc=700 y-Loc=300 xHead=0  Act=14 HP=100 MP=0
[INFO][2021-07-26 16:51:53][Server]client #2 transferred caotijing #8025
[INFO][2021-07-26 16:51:53][Server]User #1 x-Loc=50 y-Loc=300 xHead=1  Act=0 HP=100 MP=0
[INFO][2021-07-26 16:51:53][Server]User #2 x-Loc=700 y-Loc=300 xHead=0  Act=0 HP=100 MP=0
[INFO][2021-07-26 16:51:53][Server]client #2 transferred caotijing #8025
[INFO][2021-07-26 16:51:53][Server]User #1 x-Loc=50 y-Loc=300 xHead=1  Act=0 HP=100 MP=0
[INFO][2021-07-26 16:51:53][Server]User #2 x-Loc=700 y-Loc=300 xHead=0  Act=14 HP=100 MP=0
[INFO][2021-07-26 16:51:53][Server]client #2 transferred caotijing #8025
[INFO][2021-07-26 16:51:53][Server]User #1 x-Loc=50 y-Loc=300 xHead=1  Act=0 HP=100 MP=0
[INFO][2021-07-26 16:51:53][Server]User #2 x-Loc=700 y-Loc=300 xHead=0  Act=0 HP=100 MP=0
[INFO][2021-07-26 16:51:53][Server]client #2 transferred caotijing #8025
[INFO][2021-07-26 16:51:53][Server]User #1 x-Loc=50 y-Loc=300 xHead=1  Act=0 HP=100 MP=0
[INFO][2021-07-26 16:51:53][Server]User #2 x-Loc=700 y-Loc=300 xHead=0  Act=14 HP=100 MP=0
[INFO][2021-07-26 16:51:53][Server]client #2 transferred caotijing #8025
[INFO][2021-07-26 16:51:53][Server]User #1 x-Loc=50 y-Loc=300 xHead=1  Act=0 HP=100 MP=0
[INFO][2021-07-26 16:51:53][Server]User #2 x-Loc=700 y-Loc=300 xHead=0  Act=0 HP=100 MP=0
[INFO][2021-07-26 16:51:53][Server]client #2 transferred caotijing #8025
[INFO][2021-07-26 16:51:53][Server]User #1 x-Loc=50 y-Loc=300 xHead=1  Act=0 HP=100 MP=0
[INFO][2021-07-26 16:51:53][Server]User #2 x-Loc=700 y-Loc=300 xHead=0  Act=14 HP=100 MP=0
[INFO][2021-07-26 16:51:53][Server]client #2 transferred caotijing #8025
[INFO][2021-07-26 16:51:53][Server]User #1 x-Loc=50 y-Loc=300 xHead=1  Act=0 HP=100 MP=0
[INFO][2021-07-26 16:51:53][Server]User #2 x-Loc=700 y-Loc=300 xHead=0  Act=0 HP=100 MP=0
[INFO][2021-07-26 16:51:53][Server]client #2 transferred caotijing #8025
[INFO][2021-07-26 16:51:53][Server]User #1 x-Loc=50 y-Loc=300 xHead=1  Act=0 HP=100 MP=0
[INFO][2021-07-26 16:51:53][Server]User #2 x-Loc=700 y-Loc=300 xHead=0  Act=14 HP=100 MP=0
[INFO][2021-07-26 16:51:53][Server]client #2 transferred caotijing #8025
[INFO][2021-07-26 16:51:53][Server]User #1 x-Loc=50 y-Loc=300 xHead=1  Act=0 HP=100 MP=0
[INFO][2021-07-26 16:51:53][Server]User #2 x-Loc=700 y-Loc=300 xHead=0  Act=0 HP=100 MP=0
[INFO][2021-07-26 16:51:53][Server]client #2 transferred caotijing #8025
[INFO][2021-07-26 16:51:53][Server]User #1 x-Loc=50 y-Loc=300 xHead=1  Act=0 HP=100 MP=0
[INFO][2021-07-26 16:51:53][Server]User #2 x-Loc=700 y-Loc=300 xHead=0  Act=14 HP=100 MP=0
[INFO][2021-07-26 16:51:53][Server]client #2 transferred caotijing #8025
[INFO][2021-07-26 16:51:53][Server]User #1 x-Loc=50 y-Loc=300 xHead=1  Act=0 HP=100 MP=0
[INFO][2021-07-26 16:51:53][Server]User #2 x-Loc=700 y-Loc=300 xHead=0  Act=0 HP=100 MP=0
[INFO][2021-07-26 16:51:53][Server]client #2 transferred caotijing #8025
[INFO][2021-07-26 16:51:53][Server]User #1 x-Loc=50 y-Loc=300 xHead=1  Act=0 HP=100 MP=0
[INFO][2021-07-26 16:51:53][Server]User #2 x-Loc=700 y-Loc=300 xHead=0  Act=14 HP=100 MP=0
[INFO][2021-07-26 16:51:53][Server]client #2 transferred caotijing #8025
[INFO][2021-07-26 16:51:53][Server]User #1 x-Loc=50 y-Loc=300 xHead=1  Act=0 HP=100 MP=0
[INFO][2021-07-26 16:51:53][Server]User #2 x-Loc=700 y-Loc=300 xHead=0  Act=0 HP=100 MP=0
[INFO][2021-07-26 16:51:53][Server]client #2 transferred caotijing #8025
[INFO][2021-07-26 16:51:53][Server]User #1 x-Loc=50 y-Loc=300 xHead=1  Act=0 HP=100 MP=0
[INFO][2021-07-26 16:51:53][Server]User #2 x-Loc=700 y-Loc=300 xHead=0  Act=14 HP=100 MP=0
[INFO][2021-07-26 16:51:53][Server]client #2 transferred caotijing #8025
[INFO][2021-07-26 16:51:53][Server]User #1 x-Loc=50 y-Loc=300 xHead=1  Act=0 HP=100 MP=0
[INFO][2021-07-26 16:51:53][Server]User #2 x-Loc=700 y-Loc=300 xHead=0  Act=0 HP=100 MP=0
[INFO][2021-07-26 16:51:53][Server]client #2 transferred caotijing #8025
[INFO][2021-07-26 16:51:53][Server]User #1 x-Loc=50 y-Loc=300 xHead=1  Act=0 HP=100 MP=0
[INFO][2021-07-26 16:51:53][Server]User #2 x-Loc=700 y-Loc=300 xHead=0  Act=14 HP=100 MP=0
[INFO][2021-07-26 16:51:53][Server]client #2 transferred caotijing #8025
[INFO][2021-07-26 16:51:53][Server]User #1 x-Loc=50 y-Loc=300 xHead=1  Act=0 HP=100 MP=0
[INFO][2021-07-26 16:51:53][Server]User #2 x-Loc=700 y-Loc=300 xHead=0  Act=0 HP=100 MP=0
[INFO][2021-07-26 16:51:53][Server]client #2 transferred caotijing #8025
[INFO][2021-07-26 16:51:53][Server]User #1 x-Loc=50 y-Loc=300 xHead=1  Act=0 HP=100 MP=0
[INFO][2021-07-26 16:51:53][Server]User #2 x-Loc=700 y-Loc=300 xHead=0  Act=14 HP=100 MP=0
[INFO][2021-07-26 16:51:53][Server]client #2 transferred caotijing #8025
[INFO][2021-07-26 16:51:53][Server]User #1 x-Loc=50 y-Loc=300 xHead=1  Act=0 HP=100 MP=0
[INFO][2021-07-26 16:51:53][Server]User #2 x-Loc=700 y-Loc=300 xHead=0  Act=0 HP=100 MP=0
[INFO][2021-07-26 16:51:53][Server]client #2 transferred caotijing #8025
[INFO][2021-07-26 16:51:53][Server]User #1 x-Loc=50 y-Loc=300 xHead=1  Act=0 HP=100 MP=0
[INFO][2021-07-26 16:51:53][Server]User #2 x-Loc=700 y-Loc=300 xHead=0  Act=14 HP=100 MP=0
[INFO][2021-07-26 16:51:54][Server]client #2 transferred caotijing #8025
[INFO][2021-07-26 16:51:54][Server]User #1 x-Loc=50 y-Loc=300 xHead=1  Act=0 HP=100 MP=0
[INFO][2021-07-26 16:51:54][Server]User #2 x-Loc=700 y-Loc=300 xHead=0  Act=0 HP=100 MP=0
[INFO][2021-07-26 16:51:54][Server]client #2 transferred caotijing #8025
[INFO][2021-07-26 16:51:54][Server]User #1 x-Loc=50 y-Loc=300 xHead=1  Act=0 HP=100 MP=0
[INFO][2021-07-26 16:51:54][Server]User #2 x-Loc=700 y-Loc=300 xHead=0  Act=14 HP=100 MP=0
[INFO][2021-07-26 16:51:54][Server]client #2 transferred caotijing #8025
[INFO][2021-07-26 16:51:54][Server]User #1 x-Loc=50 y-Loc=300 xHead=1  Act=0 HP=100 MP=0
[INFO][2021-07-26 16:51:54][Server]User #2 x-Loc=700 y-Loc=300 xHead=0  Act=0 HP=100 MP=0
[INFO][2021-07-26 16:51:54][Server]client #2 transferred caotijing #8025
[INFO][2021-07-26 16:51:54][Server]User #1 x-Loc=50 y-Loc=300 xHead=1  Act=0 HP=100 MP=0
[INFO][2021-07-26 16:51:54][Server]User #2 x-Loc=700 y-Loc=300 xHead=0  Act=14 HP=100 MP=0
[INFO][2021-07-26 16:51:54][Server]client #2 transferred caotijing #8025
[INFO][2021-07-26 16:51:54][Server]User #1 x-Loc=50 y-Loc=300 xHead=1  Act=0 HP=100 MP=0
[INFO][2021-07-26 16:51:54][Server]User #2 x-Loc=700 y-Loc=300 xHead=0  Act=0 HP=100 MP=0
[INFO][2021-07-26 16:51:54][Server]client #2 transferred caotijing #8025
[INFO][2021-07-26 16:51:54][Server]User #1 x-Loc=50 y-Loc=300 xHead=1  Act=0 HP=100 MP=0
[INFO][2021-07-26 16:51:54][Server]User #2 x-Loc=700 y-Loc=300 xHead=0  Act=14 HP=100 MP=0
[INFO][2021-07-26 16:51:54][Server]client #2 transferred caotijing #8025
[INFO][2021-07-26 16:51:54][Server]User #1 x-Loc=50 y-Loc=300 xHead=1  Act=0 HP=100 MP=0
[INFO][2021-07-26 16:51:54][Server]User #2 x-Loc=700 y-Loc=300 xHead=0  Act=0 HP=100 MP=0
[INFO][2021-07-26 16:51:54][Server]client #2 transferred caotijing #8025
[INFO][2021-07-26 16:51:54][Server]User #1 x-Loc=50 y-Loc=300 xHead=1  Act=0 HP=100 MP=0
[INFO][2021-07-26 16:51:54][Server]User #2 x-Loc=700 y-Loc=300 xHead=0  Act=14 HP=100 MP=0
[INFO][2021-07-26 16:51:54][Server]client #2 transferred caotijing #8025
[INFO][2021-07-26 16:51:54][Server]User #1 x-Loc=50 y-Loc=300 xHead=1  Act=0 HP=100 MP=0
[INFO][2021-07-26 16:51:54][Server]User #2 x-Loc=700 y-Loc=300 xHead=0  Act=0 HP=100 MP=0
[INFO][2021-07-26 16:51:54][Server]client #2 transferred caotijing #8025
[INFO][2021-07-26 16:51:54][Server]User #1 x-Loc=50 y-Loc=300 xHead=1  Act=0 HP=100 MP=0
[INFO][2021-07-26 16:51:54][Server]User #2 x-Loc=700 y-Loc=300 xHead=0  Act=14 HP=100 MP=0
[INFO][2021-07-26 16:51:54][Server]client #2 transferred caotijing #8025
[INFO][2021-07-26 16:51:54][Server]User #1 x-Loc=50 y-Loc=300 xHead=1  Act=0 HP=100 MP=0
[INFO][2021-07-26 16:51:54][Server]User #2 x-Loc=700 y-Loc=300 xHead=0  Act=0 HP=100 MP=0
[INFO][2021-07-26 16:51:54][Server]client #2 transferred caotijing #8025
[INFO][2021-07-26 16:51:54][Server]User #1 x-Loc=50 y-Loc=300 xHead=1  Act=0 HP=100 MP=0
[INFO][2021-07-26 16:51:54][Server]User #2 x-Loc=700 y-Loc=300 xHead=0  Act=14 HP=100 MP=0
[INFO][2021-07-26 16:51:54][Server]client #2 transferred caotijing #8025
[INFO][2021-07-26 16:51:54][Server]User #1 x-Loc=50 y-Loc=300 xHead=1  Act=0 HP=100 MP=0
[INFO][2021-07-26 16:51:54][Server]User #2 x-Loc=700 y-Loc=300 xHead=0  Act=0 HP=100 MP=0
[INFO][2021-07-26 16:51:54][Server]client #2 transferred caotijing #8025
[INFO][2021-07-26 16:51:54][Server]User #1 x-Loc=50 y-Loc=300 xHead=1  Act=0 HP=100 MP=0
[INFO][2021-07-26 16:51:54][Server]User #2 x-Loc=700 y-Loc=300 xHead=0  Act=14 HP=100 MP=0
[INFO][2021-07-26 16:51:54][Server]client #2 transferred caotijing #8025
[INFO][2021-07-26 16:51:54][Server]User #1 x-Loc=50 y-Loc=300 xHead=1  Act=0 HP=100 MP=0
[INFO][2021-07-26 16:51:54][Server]User #2 x-Loc=700 y-Loc=300 xHead=0  Act=0 HP=100 MP=0
[INFO][2021-07-26 16:51:54][Server]client #2 transferred caotijing #8025
[INFO][2021-07-26 16:51:54][Server]User #1 x-Loc=50 y-Loc=300 xHead=1  Act=0 HP=100 MP=0
[INFO][2021-07-26 16:51:54][Server]User #2 x-Loc=700 y-Loc=300 xHead=0  Act=14 HP=100 MP=0
[INFO][2021-07-26 16:51:54][Server]client #2 transferred caotijing #8025
[INFO][2021-07-26 16:51:54][Server]User #1 x-Loc=50 y-Loc=300 xHead=1  Act=0 HP=100 MP=0
[INFO][2021-07-26 16:51:54][Server]User #2 x-Loc=700 y-Loc=300 xHead=0  Act=0 HP=100 MP=0
[INFO][2021-07-26 16:51:54][Server]client #2 transferred caotijing #8025
[INFO][2021-07-26 16:51:54][Server]User #1 x-Loc=50 y-Loc=300 xHead=1  Act=0 HP=100 MP=0
[INFO][2021-07-26 16:51:54][Server]User #2 x-Loc=700 y-Loc=300 xHead=0  Act=14 HP=100 MP=0
[INFO][2021-07-26 16:51:54][Server]client #2 transferred caotijing #8025
[INFO][2021-07-26 16:51:54][Server]User #1 x-Loc=50 y-Loc=300 xHead=1  Act=0 HP=100 MP=0
[INFO][2021-07-26 16:51:54][Server]User #2 x-Loc=700 y-Loc=300 xHead=0  Act=0 HP=100 MP=0
[INFO][2021-07-26 16:51:54][Server]client #2 transferred caotijing #8025
[INFO][2021-07-26 16:51:54][Server]User #1 x-Loc=50 y-Loc=300 xHead=1  Act=0 HP=100 MP=0
[INFO][2021-07-26 16:51:54][Server]User #2 x-Loc=700 y-Loc=300 xHead=0  Act=14 HP=100 MP=0
[INFO][2021-07-26 16:51:54][Server]client #2 transferred caotijing #8025
[INFO][2021-07-26 16:51:54][Server]User #1 x-Loc=50 y-Loc=300 xHead=1  Act=0 HP=100 MP=0
[INFO][2021-07-26 16:51:54][Server]User #2 x-Loc=700 y-Loc=300 xHead=0  Act=0 HP=100 MP=0
[INFO][2021-07-26 16:51:54][Server]client #2 transferred caotijing #8025
[INFO][2021-07-26 16:51:54][Server]User #1 x-Loc=50 y-Loc=300 xHead=1  Act=0 HP=100 MP=0
[INFO][2021-07-26 16:51:54][Server]User #2 x-Loc=700 y-Loc=300 xHead=0  Act=14 HP=100 MP=0
[INFO][2021-07-26 16:51:54][Server]client #2 transferred caotijing #8025
[INFO][2021-07-26 16:51:54][Server]User #1 x-Loc=50 y-Loc=300 xHead=1  Act=0 HP=100 MP=0
[INFO][2021-07-26 16:51:54][Server]User #2 x-Loc=700 y-Loc=300 xHead=0  Act=0 HP=100 MP=0
[INFO][2021-07-26 16:51:54][Server]client #2 transferred caotijing #8025
[INFO][2021-07-26 16:51:54][Server]User #1 x-Loc=50 y-Loc=300 xHead=1  Act=0 HP=100 MP=0
[INFO][2021-07-26 16:51:54][Server]User #2 x-Loc=700 y-Loc=300 xHead=0  Act=14 HP=100 MP=0
[INFO][2021-07-26 16:51:54][Server]client #2 transferred caotijing #8025
[INFO][2021-07-26 16:51:54][Server]User #1 x-Loc=50 y-Loc=300 xHead=1  Act=0 HP=100 MP=0
[INFO][2021-07-26 16:51:54][Server]User #2 x-Loc=700 y-Loc=300 xHead=0  Act=0 HP=100 MP=0
[INFO][2021-07-26 16:51:54][Server]client #2 transferred caotijing #8025
[INFO][2021-07-26 16:51:54][Server]User #1 x-Loc=50 y-Loc=300 xHead=1  Act=0 HP=100 MP=0
[INFO][2021-07-26 16:51:54][Server]User #2 x-Loc=700 y-Loc=300 xHead=0  Act=14 HP=100 MP=0
[INFO][2021-07-26 16:51:54][Server]client #2 transferred caotijing #8025
[INFO][2021-07-26 16:51:54][Server]User #1 x-Loc=50 y-Loc=300 xHead=1  Act=0 HP=100 MP=0
[INFO][2021-07-26 16:51:54][Server]User #2 x-Loc=700 y-Loc=300 xHead=0  Act=0 HP=100 MP=0
[INFO][2021-07-26 16:51:54][Server]client #2 transferred caotijing #8025
[INFO][2021-07-26 16:51:54][Server]User #1 x-Loc=50 y-Loc=300 xHead=1  Act=0 HP=100 MP=0
[INFO][2021-07-26 16:51:54][Server]User #2 x-Loc=700 y-Loc=300 xHead=0  Act=14 HP=100 MP=0
[INFO][2021-07-26 16:51:54][Server]client #2 transferred caotijing #8025
[INFO][2021-07-26 16:51:54][Server]User #1 x-Loc=50 y-Loc=300 xHead=1  Act=0 HP=100 MP=0
[INFO][2021-07-26 16:51:54][Server]User #2 x-Loc=700 y-Loc=300 xHead=0  Act=0 HP=100 MP=0
[INFO][2021-07-26 16:51:54][Server]client #2 transferred caotijing #8025
[INFO][2021-07-26 16:51:54][Server]User #1 x-Loc=50 y-Loc=300 xHead=1  Act=0 HP=100 MP=0
[INFO][2021-07-26 16:51:54][Server]User #2 x-Loc=700 y-Loc=300 xHead=0  Act=14 HP=100 MP=0
[INFO][2021-07-26 16:51:54][Server]client #2 transferred caotijing #8025
[INFO][2021-07-26 16:51:54][Server]User #1 x-Loc=50 y-Loc=300 xHead=1  Act=0 HP=100 MP=0
[INFO][2021-07-26 16:51:54][Server]User #2 x-Loc=700 y-Loc=300 xHead=0  Act=0 HP=100 MP=0
[INFO][2021-07-26 16:51:55][Server]client #2 transferred caotijing #8025
[INFO][2021-07-26 16:51:55][Server]User #1 x-Loc=50 y-Loc=300 xHead=1  Act=0 HP=100 MP=0
[INFO][2021-07-26 16:51:55][Server]User #2 x-Loc=700 y-Loc=300 xHead=0  Act=14 HP=100 MP=0
[INFO][2021-07-26 16:51:55][Server]client #2 transferred caotijing #8025
[INFO][2021-07-26 16:51:55][Server]User #1 x-Loc=50 y-Loc=300 xHead=1  Act=0 HP=100 MP=0
[INFO][2021-07-26 16:51:55][Server]User #2 x-Loc=700 y-Loc=300 xHead=0  Act=0 HP=100 MP=0
[INFO][2021-07-26 16:51:55][Server]client #2 transferred caotijing #8025
[INFO][2021-07-26 16:51:55][Server]User #1 x-Loc=50 y-Loc=300 xHead=1  Act=0 HP=100 MP=0
[INFO][2021-07-26 16:51:55][Server]User #2 x-Loc=700 y-Loc=300 xHead=0  Act=14 HP=100 MP=0
[INFO][2021-07-26 16:51:55][Server]client #2 transferred caotijing #8025
[INFO][2021-07-26 16:51:55][Server]User #1 x-Loc=50 y-Loc=300 xHead=1  Act=0 HP=100 MP=0
[INFO][2021-07-26 16:51:55][Server]User #2 x-Loc=700 y-Loc=300 xHead=0  Act=0 HP=100 MP=0
[INFO][2021-07-26 16:51:55][Server]client #2 transferred caotijing #8025
[INFO][2021-07-26 16:51:55][Server]User #1 x-Loc=50 y-Loc=300 xHead=1  Act=0 HP=100 MP=0
[INFO][2021-07-26 16:51:55][Server]User #2 x-Loc=700 y-Loc=300 xHead=0  Act=14 HP=100 MP=0
[INFO][2021-07-26 16:51:55][Server]client #2 transferred caotijing #8025
[INFO][2021-07-26 16:51:55][Server]User #1 x-Loc=50 y-Loc=300 xHead=1  Act=0 HP=100 MP=0
[INFO][2021-07-26 16:51:55][Server]User #2 x-Loc=700 y-Loc=300 xHead=0  Act=0 HP=100 MP=0
[INFO][2021-07-26 16:51:55][Server]client #2 transferred caotijing #8025
[INFO][2021-07-26 16:51:55][Server]User #1 x-Loc=50 y-Loc=300 xHead=1  Act=0 HP=100 MP=0
[INFO][2021-07-26 16:51:55][Server]User #2 x-Loc=700 y-Loc=300 xHead=0  Act=14 HP=100 MP=0
[INFO][2021-07-26 16:51:55][Server]client #2 transferred caotijing #8025
[INFO][2021-07-26 16:51:55][Server]User #1 x-Loc=50 y-Loc=300 xHead=1  Act=0 HP=100 MP=0
[INFO][2021-07-26 16:51:55][Server]User #2 x-Loc=700 y-Loc=300 xHead=0  Act=0 HP=100 MP=0
[INFO][2021-07-26 16:51:55][Server]client #2 transferred caotijing #8025
[INFO][2021-07-26 16:51:55][Server]User #1 x-Loc=50 y-Loc=300 xHead=1  Act=0 HP=100 MP=0
[INFO][2021-07-26 16:51:55][Server]User #2 x-Loc=700 y-Loc=300 xHead=0  Act=14 HP=100 MP=0
[INFO][2021-07-26 16:51:55][Server]client #2 transferred caotijing #8025
[INFO][2021-07-26 16:51:55][Server]User #1 x-Loc=50 y-Loc=300 xHead=1  Act=0 HP=100 MP=0
[INFO][2021-07-26 16:51:55][Server]User #2 x-Loc=700 y-Loc=300 xHead=0  Act=0 HP=100 MP=0
[INFO][2021-07-26 16:51:55][Server]client #2 transferred caotijing #8025
[INFO][2021-07-26 16:51:55][Server]User #1 x-Loc=50 y-Loc=300 xHead=1  Act=0 HP=100 MP=0
[INFO][2021-07-26 16:51:55][Server]User #2 x-Loc=700 y-Loc=300 xHead=0  Act=14 HP=100 MP=0
[INFO][2021-07-26 16:51:55][Server]client #2 transferred caotijing #8025
[INFO][2021-07-26 16:51:55][Server]User #1 x-Loc=50 y-Loc=300 xHead=1  Act=0 HP=100 MP=0
[INFO][2021-07-26 16:51:55][Server]User #2 x-Loc=700 y-Loc=300 xHead=0  Act=0 HP=100 MP=0
[INFO][2021-07-26 16:51:55][Server]client #2 transferred caotijing #8025
[INFO][2021-07-26 16:51:55][Server]User #1 x-Loc=50 y-Loc=300 xHead=1  Act=0 HP=100 MP=0
[INFO][2021-07-26 16:51:55][Server]User #2 x-Loc=700 y-Loc=300 xHead=0  Act=14 HP=100 MP=0
[INFO][2021-07-26 16:51:55][Server]client #2 transferred caotijing #8025
[INFO][2021-07-26 16:51:55][Server]User #1 x-Loc=50 y-Loc=300 xHead=1  Act=0 HP=100 MP=0
[INFO][2021-07-26 16:51:55][Server]User #2 x-Loc=700 y-Loc=300 xHead=0  Act=0 HP=100 MP=0
[INFO][2021-07-26 16:51:55][Server]client #2 transferred caotijing #8025
[INFO][2021-07-26 16:51:55][Server]User #1 x-Loc=50 y-Loc=300 xHead=1  Act=0 HP=100 MP=0
[INFO][2021-07-26 16:51:55][Server]User #2 x-Loc=700 y-Loc=300 xHead=0  Act=14 HP=100 MP=0
[INFO][2021-07-26 16:51:55][Server]client #2 transferred caotijing #8025
[INFO][2021-07-26 16:51:55][Server]User #1 x-Loc=50 y-Loc=300 xHead=1  Act=0 HP=100 MP=0
[INFO][2021-07-26 16:51:55][Server]User #2 x-Loc=700 y-Loc=300 xHead=0  Act=0 HP=100 MP=0
[INFO][2021-07-26 16:51:55][Server]client #2 transferred caotijing #8025
[INFO][2021-07-26 16:51:55][Server]User #1 x-Loc=50 y-Loc=300 xHead=1  Act=0 HP=100 MP=0
[INFO][2021-07-26 16:51:55][Server]User #2 x-Loc=700 y-Loc=300 xHead=0  Act=14 HP=100 MP=0
[INFO][2021-07-26 16:51:55][Server]client #2 transferred caotijing #8025
[INFO][2021-07-26 16:51:55][Server]User #1 x-Loc=50 y-Loc=300 xHead=1  Act=0 HP=100 MP=0
[INFO][2021-07-26 16:51:55][Server]User #2 x-Loc=700 y-Loc=300 xHead=0  Act=0 HP=100 MP=0
[INFO][2021-07-26 16:51:55][Server]client #2 transferred caotijing #8025
[INFO][2021-07-26 16:51:55][Server]User #1 x-Loc=50 y-Loc=300 xHead=1  Act=0 HP=100 MP=0
[INFO][2021-07-26 16:51:55][Server]User #2 x-Loc=700 y-Loc=300 xHead=0  Act=14 HP=100 MP=0
[INFO][2021-07-26 16:51:55][Server]client #2 transferred caotijing #8025
[INFO][2021-07-26 16:51:55][Server]User #1 x-Loc=50 y-Loc=300 xHead=1  Act=0 HP=100 MP=0
[INFO][2021-07-26 16:51:55][Server]User #2 x-Loc=700 y-Loc=300 xHead=0  Act=0 HP=100 MP=0
[INFO][2021-07-26 16:51:55][Server]client #2 transferred caotijing #8025
[INFO][2021-07-26 16:51:55][Server]User #1 x-Loc=50 y-Loc=300 xHead=1  Act=0 HP=100 MP=0
[INFO][2021-07-26 16:51:55][Server]User #2 x-Loc=700 y-Loc=300 xHead=0  Act=14 HP=100 MP=0
[INFO][2021-07-26 16:51:55][Server]client #2 transferred caotijing #8025
[INFO][2021-07-26 16:51:55][Server]User #1 x-Loc=50 y-Loc=300 xHead=1  Act=0 HP=100 MP=0
[INFO][2021-07-26 16:51:55][Server]User #2 x-Loc=700 y-Loc=300 xHead=0  Act=0 HP=100 MP=0
[INFO][2021-07-26 16:51:55][Server]client #2 transferred caotijing #8025
[INFO][2021-07-26 16:51:55][Server]User #1 x-Loc=50 y-Loc=300 xHead=1  Act=0 HP=100 MP=0
[INFO][2021-07-26 16:51:55][Server]User #2 x-Loc=700 y-Loc=300 xHead=0  Act=14 HP=100 MP=0
[INFO][2021-07-26 16:51:55][Server]client #2 transferred caotijing #8025
[INFO][2021-07-26 16:51:55][Server]User #1 x-Loc=50 y-Loc=300 xHead=1  Act=0 HP=100 MP=0
[INFO][2021-07-26 16:51:55][Server]User #2 x-Loc=700 y-Loc=300 xHead=0  Act=0 HP=100 MP=0
[INFO][2021-07-26 16:51:55][Server]client #2 transferred caotijing #8025
[INFO][2021-07-26 16:51:55][Server]User #1 x-Loc=50 y-Loc=300 xHead=1  Act=0 HP=100 MP=0
[INFO][2021-07-26 16:51:55][Server]User #2 x-Loc=700 y-Loc=300 xHead=0  Act=14 HP=100 MP=0
[INFO][2021-07-26 16:51:55][Server]client #2 transferred caotijing #8025
[INFO][2021-07-26 16:51:55][Server]User #1 x-Loc=50 y-Loc=300 xHead=1  Act=0 HP=100 MP=0
[INFO][2021-07-26 16:51:55][Server]User #2 x-Loc=700 y-Loc=300 xHead=0  Act=0 HP=100 MP=0
[INFO][2021-07-26 16:51:55][Server]client #2 transferred caotijing #8025
[INFO][2021-07-26 16:51:55][Server]User #1 x-Loc=50 y-Loc=300 xHead=1  Act=0 HP=100 MP=0
[INFO][2021-07-26 16:51:55][Server]User #2 x-Loc=700 y-Loc=300 xHead=0  Act=14 HP=100 MP=0
[INFO][2021-07-26 16:51:55][Server]client #2 transferred caotijing #8025
[INFO][2021-07-26 16:51:55][Server]User #1 x-Loc=50 y-Loc=300 xHead=1  Act=0 HP=100 MP=0
[INFO][2021-07-26 16:51:55][Server]User #2 x-Loc=700 y-Loc=300 xHead=0  Act=0 HP=100 MP=0
[INFO][2021-07-26 16:51:55][Server]client #2 transferred caotijing #8025
[INFO][2021-07-26 16:51:55][Server]User #1 x-Loc=50 y-Loc=300 xHead=1  Act=0 HP=100 MP=0
[INFO][2021-07-26 16:51:55][Server]User #2 x-Loc=700 y-Loc=300 xHead=0  Act=14 HP=100 MP=0
[INFO][2021-07-26 16:51:55][Server]client #2 transferred caotijing #8025
[INFO][2021-07-26 16:51:55][Server]User #1 x-Loc=50 y-Loc=300 xHead=1  Act=0 HP=100 MP=0
[INFO][2021-07-26 16:51:55][Server]User #2 x-Loc=700 y-Loc=300 xHead=0  Act=0 HP=100 MP=0
[INFO][2021-07-26 16:51:56][Server]client #2 transferred caotijing #8025
[INFO][2021-07-26 16:51:56][Server]User #1 x-Loc=50 y-Loc=300 xHead=1  Act=0 HP=100 MP=0
[INFO][2021-07-26 16:51:56][Server]User #2 x-Loc=700 y-Loc=300 xHead=0  Act=14 HP=100 MP=0
[INFO][2021-07-26 16:51:56][Server]client #2 transferred caotijing #8025
[INFO][2021-07-26 16:51:56][Server]User #1 x-Loc=50 y-Loc=300 xHead=1  Act=0 HP=100 MP=0
[INFO][2021-07-26 16:51:56][Server]User #2 x-Loc=700 y-Loc=300 xHead=0  Act=0 HP=100 MP=0
[INFO][2021-07-26 16:51:56][Server]client #2 transferred caotijing #8025
[INFO][2021-07-26 16:51:56][Server]User #1 x-Loc=50 y-Loc=300 xHead=1  Act=0 HP=100 MP=0
[INFO][2021-07-26 16:51:56][Server]User #2 x-Loc=700 y-Loc=300 xHead=0  Act=14 HP=100 MP=0
[INFO][2021-07-26 16:51:56][Server]client #2 transferred caotijing #8025
[INFO][2021-07-26 16:51:56][Server]User #1 x-Loc=50 y-Loc=300 xHead=1  Act=0 HP=100 MP=0
[INFO][2021-07-26 16:51:56][Server]User #2 x-Loc=700 y-Loc=300 xHead=0  Act=0 HP=100 MP=0
[INFO][2021-07-26 16:51:56][Server]client #2 transferred caotijing #8025
[INFO][2021-07-26 16:51:56][Server]User #1 x-Loc=50 y-Loc=300 xHead=1  Act=0 HP=100 MP=0
[INFO][2021-07-26 16:51:56][Server]User #2 x-Loc=700 y-Loc=300 xHead=0  Act=14 HP=100 MP=0
[INFO][2021-07-26 16:51:56][Server]client #2 transferred caotijing #8025
[INFO][2021-07-26 16:51:56][Server]User #1 x-Loc=50 y-Loc=300 xHead=1  Act=0 HP=100 MP=0
[INFO][2021-07-26 16:51:56][Server]User #2 x-Loc=700 y-Loc=300 xHead=0  Act=0 HP=100 MP=0
[INFO][2021-07-26 16:51:56][Server]client #2 transferred caotijing #8025
[INFO][2021-07-26 16:51:56][Server]User #1 x-Loc=50 y-Loc=300 xHead=1  Act=0 HP=100 MP=0
[INFO][2021-07-26 16:51:56][Server]User #2 x-Loc=700 y-Loc=300 xHead=0  Act=14 HP=100 MP=0
[INFO][2021-07-26 16:51:56][Server]client #2 transferred caotijing #8025
[INFO][2021-07-26 16:51:56][Server]User #1 x-Loc=50 y-Loc=300 xHead=1  Act=0 HP=100 MP=0
[INFO][2021-07-26 16:51:56][Server]User #2 x-Loc=700 y-Loc=300 xHead=0  Act=0 HP=100 MP=0
[INFO][2021-07-26 16:51:56][Server]client #2 transferred caotijing #8025
[INFO][2021-07-26 16:51:56][Server]User #1 x-Loc=50 y-Loc=300 xHead=1  Act=0 HP=100 MP=0
[INFO][2021-07-26 16:51:56][Server]User #2 x-Loc=700 y-Loc=300 xHead=0  Act=14 HP=100 MP=0
[INFO][2021-07-26 16:51:56][Server]client #2 transferred caotijing #8025
[INFO][2021-07-26 16:51:56][Server]User #1 x-Loc=50 y-Loc=300 xHead=1  Act=0 HP=100 MP=0
[INFO][2021-07-26 16:51:56][Server]User #2 x-Loc=700 y-Loc=300 xHead=0  Act=0 HP=100 MP=0
[INFO][2021-07-26 16:51:56][Server]client #2 transferred caotijing #8025
[INFO][2021-07-26 16:51:56][Server]User #1 x-Loc=50 y-Loc=300 xHead=1  Act=0 HP=100 MP=0
[INFO][2021-07-26 16:51:56][Server]User #2 x-Loc=700 y-Loc=300 xHead=0  Act=14 HP=100 MP=0
[INFO][2021-07-26 16:51:56][Server]client #2 transferred caotijing #8025
[INFO][2021-07-26 16:51:56][Server]User #1 x-Loc=50 y-Loc=300 xHead=1  Act=0 HP=100 MP=0
[INFO][2021-07-26 16:51:56][Server]User #2 x-Loc=700 y-Loc=300 xHead=0  Act=0 HP=100 MP=0
[INFO][2021-07-26 16:51:56][Server]client #2 transferred caotijing #8025
[INFO][2021-07-26 16:51:56][Server]User #1 x-Loc=50 y-Loc=300 xHead=1  Act=0 HP=100 MP=0
[INFO][2021-07-26 16:51:56][Server]User #2 x-Loc=700 y-Loc=300 xHead=0  Act=14 HP=100 MP=0
[INFO][2021-07-26 16:51:56][Server]client #2 transferred caotijing #8025
[INFO][2021-07-26 16:51:56][Server]User #1 x-Loc=50 y-Loc=300 xHead=1  Act=0 HP=100 MP=0
[INFO][2021-07-26 16:51:56][Server]User #2 x-Loc=700 y-Loc=300 xHead=0  Act=0 HP=100 MP=0
[INFO][2021-07-26 16:51:56][Server]client #2 transferred caotijing #8025
[INFO][2021-07-26 16:51:56][Server]User #1 x-Loc=50 y-Loc=300 xHead=1  Act=0 HP=100 MP=0
[INFO][2021-07-26 16:51:56][Server]User #2 x-Loc=700 y-Loc=300 xHead=0  Act=14 HP=100 MP=0
[INFO][2021-07-26 16:51:56][Server]client #2 transferred caotijing #8025
[INFO][2021-07-26 16:51:56][Server]User #1 x-Loc=50 y-Loc=300 xHead=1  Act=0 HP=100 MP=0
[INFO][2021-07-26 16:51:56][Server]User #2 x-Loc=700 y-Loc=300 xHead=0  Act=0 HP=100 MP=0
[INFO][2021-07-26 16:51:56][Server]client #2 transferred caotijing #8025
[INFO][2021-07-26 16:51:56][Server]User #1 x-Loc=50 y-Loc=300 xHead=1  Act=0 HP=100 MP=0
[INFO][2021-07-26 16:51:56][Server]User #2 x-Loc=700 y-Loc=300 xHead=0  Act=14 HP=100 MP=0
[INFO][2021-07-26 16:51:56][Server]client #2 transferred caotijing #8025
[INFO][2021-07-26 16:51:56][Server]User #1 x-Loc=50 y-Loc=300 xHead=1  Act=0 HP=100 MP=0
[INFO][2021-07-26 16:51:56][Server]User #2 x-Loc=700 y-Loc=300 xHead=0  Act=0 HP=100 MP=0
[INFO][2021-07-26 16:51:56][Server]client #2 transferred caotijing #8025
[INFO][2021-07-26 16:51:56][Server]User #1 x-Loc=50 y-Loc=300 xHead=1  Act=0 HP=100 MP=0
[INFO][2021-07-26 16:51:56][Server]User #2 x-Loc=700 y-Loc=300 xHead=0  Act=14 HP=100 MP=0
[INFO][2021-07-26 16:51:56][Server]client #2 transferred caotijing #8025
[INFO][2021-07-26 16:51:56][Server]User #1 x-Loc=50 y-Loc=300 xHead=1  Act=0 HP=100 MP=0
[INFO][2021-07-26 16:51:56][Server]User #2 x-Loc=700 y-Loc=300 xHead=0  Act=0 HP=100 MP=0
[INFO][2021-07-26 16:51:56][Server]client #2 transferred caotijing #8025
[INFO][2021-07-26 16:51:56][Server]User #1 x-Loc=50 y-Loc=300 xHead=1  Act=0 HP=100 MP=0
[INFO][2021-07-26 16:51:56][Server]User #2 x-Loc=700 y-Loc=300 xHead=0  Act=14 HP=100 MP=0
[INFO][2021-07-26 16:51:56][Server]client #2 transferred caotijing #8025
[INFO][2021-07-26 16:51:56][Server]User #1 x-Loc=50 y-Loc=300 xHead=1  Act=0 HP=100 MP=0
[INFO][2021-07-26 16:51:56][Server]User #2 x-Loc=700 y-Loc=300 xHead=0  Act=0 HP=100 MP=0
[INFO][2021-07-26 16:51:56][Server]client #2 transferred caotijing #8025
[INFO][2021-07-26 16:51:56][Server]User #1 x-Loc=50 y-Loc=300 xHead=1  Act=0 HP=100 MP=0
[INFO][2021-07-26 16:51:56][Server]User #2 x-Loc=700 y-Loc=300 xHead=0  Act=14 HP=100 MP=0
[INFO][2021-07-26 16:51:56][Server]client #2 transferred caotijing #8025
[INFO][2021-07-26 16:51:56][Server]User #1 x-Loc=50 y-Loc=300 xHead=1  Act=0 HP=100 MP=0
[INFO][2021-07-26 16:51:56][Server]User #2 x-Loc=700 y-Loc=300 xHead=0  Act=0 HP=100 MP=0
[INFO][2021-07-26 16:51:56][Server]client #2 transferred caotijing #8025
[INFO][2021-07-26 16:51:56][Server]User #1 x-Loc=50 y-Loc=300 xHead=1  Act=0 HP=100 MP=0
[INFO][2021-07-26 16:51:56][Server]User #2 x-Loc=700 y-Loc=300 xHead=0  Act=14 HP=100 MP=0
[INFO][2021-07-26 16:51:56][Server]client #2 transferred caotijing #8025
[INFO][2021-07-26 16:51:56][Server]User #1 x-Loc=50 y-Loc=300 xHead=1  Act=0 HP=100 MP=0
[INFO][2021-07-26 16:51:56][Server]User #2 x-Loc=700 y-Loc=300 xHead=0  Act=0 HP=100 MP=0
[INFO][2021-07-26 16:51:56][Server]client #2 transferred caotijing #8025
[INFO][2021-07-26 16:51:56][Server]User #1 x-Loc=50 y-Loc=300 xHead=1  Act=0 HP=100 MP=0
[INFO][2021-07-26 16:51:56][Server]User #2 x-Loc=700 y-Loc=300 xHead=0  Act=14 HP=100 MP=0
[INFO][2021-07-26 16:51:56][Server]client #2 transferred caotijing #8025
[INFO][2021-07-26 16:51:56][Server]User #1 x-Loc=50 y-Loc=300 xHead=1  Act=0 HP=100 MP=0
[INFO][2021-07-26 16:51:56][Server]User #2 x-Loc=700 y-Loc=300 xHead=0  Act=0 HP=100 MP=0
[INFO][2021-07-26 16:51:56][Server]client #2 transferred caotijing #8025
[INFO][2021-07-26 16:51:56][Server]User #1 x-Loc=50 y-Loc=300 xHead=1  Act=0 HP=100 MP=0
[INFO][2021-07-26 16:51:56][Server]User #2 x-Loc=700 y-Loc=300 xHead=0  Act=14 HP=100 MP=0
[INFO][2021-07-26 16:51:56][Server]client #2 transferred caotijing #8025
[INFO][2021-07-26 16:51:56][Server]User #1 x-Loc=50 y-Loc=300 xHead=1  Act=0 HP=100 MP=0
[INFO][2021-07-26 16:51:56][Server]User #2 x-Loc=700 y-Loc=300 xHead=0  Act=0 HP=100 MP=0
[INFO][2021-07-26 16:51:57][Server]client #2 transferred caotijing #8025
[INFO][2021-07-26 16:51:57][Server]User #1 x-Loc=50 y-Loc=300 xHead=1  Act=0 HP=100 MP=0
[INFO][2021-07-26 16:51:57][Server]User #2 x-Loc=700 y-Loc=300 xHead=0  Act=14 HP=100 MP=0
[INFO][2021-07-26 16:51:57][Server]client #2 transferred caotijing #8025
[INFO][2021-07-26 16:51:57][Server]User #1 x-Loc=50 y-Loc=300 xHead=1  Act=0 HP=100 MP=0
[INFO][2021-07-26 16:51:57][Server]User #2 x-Loc=700 y-Loc=300 xHead=0  Act=0 HP=100 MP=0
[INFO][2021-07-26 16:51:57][Server]client #2 transferred caotijing #8025
[INFO][2021-07-26 16:51:57][Server]User #1 x-Loc=50 y-Loc=300 xHead=1  Act=0 HP=100 MP=0
[INFO][2021-07-26 16:51:57][Server]User #2 x-Loc=700 y-Loc=300 xHead=0  Act=14 HP=100 MP=0
[INFO][2021-07-26 16:51:57][Server]client #2 transferred caotijing #8025
[INFO][2021-07-26 16:51:57][Server]User #1 x-Loc=50 y-Loc=300 xHead=1  Act=0 HP=100 MP=0
[INFO][2021-07-26 16:51:57][Server]User #2 x-Loc=700 y-Loc=300 xHead=0  Act=0 HP=100 MP=0
[INFO][2021-07-26 16:51:57][Server]client #2 transferred caotijing #8025
[INFO][2021-07-26 16:51:57][Server]User #1 x-Loc=50 y-Loc=300 xHead=1  Act=0 HP=100 MP=0
[INFO][2021-07-26 16:51:57][Server]User #2 x-Loc=700 y-Loc=300 xHead=0  Act=14 HP=100 MP=0
[INFO][2021-07-26 16:51:57][Server]client #2 transferred caotijing #8025
[INFO][2021-07-26 16:51:57][Server]User #1 x-Loc=50 y-Loc=300 xHead=1  Act=0 HP=100 MP=0
[INFO][2021-07-26 16:51:57][Server]User #2 x-Loc=700 y-Loc=300 xHead=0  Act=0 HP=100 MP=0
[INFO][2021-07-26 16:51:57][Server]client #2 transferred caotijing #8025
[INFO][2021-07-26 16:51:57][Server]User #1 x-Loc=50 y-Loc=300 xHead=1  Act=0 HP=100 MP=0
[INFO][2021-07-26 16:51:57][Server]User #2 x-Loc=700 y-Loc=300 xHead=0  Act=14 HP=100 MP=0
[INFO][2021-07-26 16:51:57][Server]client #2 transferred caotijing #8025
[INFO][2021-07-26 16:51:57][Server]User #1 x-Loc=50 y-Loc=300 xHead=1  Act=0 HP=100 MP=0
[INFO][2021-07-26 16:51:57][Server]User #2 x-Loc=700 y-Loc=300 xHead=0  Act=0 HP=100 MP=0
[INFO][2021-07-26 16:51:57][Server]client #2 transferred caotijing #8025
[INFO][2021-07-26 16:51:57][Server]User #1 x-Loc=50 y-Loc=300 xHead=1  Act=0 HP=100 MP=0
[INFO][2021-07-26 16:51:57][Server]User #2 x-Loc=700 y-Loc=300 xHead=0  Act=14 HP=100 MP=0
[INFO][2021-07-26 16:51:57][Server]client #2 transferred caotijing #8025
[INFO][2021-07-26 16:51:57][Server]User #1 x-Loc=50 y-Loc=300 xHead=1  Act=0 HP=100 MP=0
[INFO][2021-07-26 16:51:57][Server]User #2 x-Loc=700 y-Loc=300 xHead=0  Act=0 HP=100 MP=0
[INFO][2021-07-26 16:51:57][Server]client #2 transferred caotijing #8025
[INFO][2021-07-26 16:51:57][Server]User #1 x-Loc=50 y-Loc=300 xHead=1  Act=0 HP=100 MP=0
[INFO][2021-07-26 16:51:57][Server]User #2 x-Loc=700 y-Loc=300 xHead=0  Act=14 HP=100 MP=0
[INFO][2021-07-26 16:51:57][Server]client #2 transferred caotijing #8025
[INFO][2021-07-26 16:51:57][Server]User #1 x-Loc=50 y-Loc=300 xHead=1  Act=0 HP=100 MP=0
[INFO][2021-07-26 16:51:57][Server]User #2 x-Loc=700 y-Loc=300 xHead=0  Act=0 HP=100 MP=0
[INFO][2021-07-26 16:51:57][Server]client #2 transferred caotijing #8025
[INFO][2021-07-26 16:51:57][Server]User #1 x-Loc=50 y-Loc=300 xHead=1  Act=0 HP=100 MP=0
[INFO][2021-07-26 16:51:57][Server]User #2 x-Loc=700 y-Loc=300 xHead=0  Act=14 HP=100 MP=0
[INFO][2021-07-26 16:51:57][Server]client #2 transferred caotijing #8025
[INFO][2021-07-26 16:51:57][Server]User #1 x-Loc=50 y-Loc=300 xHead=1  Act=0 HP=100 MP=0
[INFO][2021-07-26 16:51:57][Server]User #2 x-Loc=700 y-Loc=300 xHead=0  Act=0 HP=100 MP=0
[INFO][2021-07-26 16:51:57][Server]client #2 transferred caotijing #8025
[INFO][2021-07-26 16:51:57][Server]User #1 x-Loc=50 y-Loc=300 xHead=1  Act=0 HP=100 MP=0
[INFO][2021-07-26 16:51:57][Server]User #2 x-Loc=700 y-Loc=300 xHead=0  Act=14 HP=100 MP=0
[INFO][2021-07-26 16:51:57][Server]client #2 transferred caotijing #8025
[INFO][2021-07-26 16:51:57][Server]User #1 x-Loc=50 y-Loc=300 xHead=1  Act=0 HP=100 MP=0
[INFO][2021-07-26 16:51:57][Server]User #2 x-Loc=700 y-Loc=300 xHead=0  Act=0 HP=100 MP=0
[INFO][2021-07-26 16:51:57][Server]client #2 transferred caotijing #8025
[INFO][2021-07-26 16:51:57][Server]User #1 x-Loc=50 y-Loc=300 xHead=1  Act=0 HP=100 MP=0
[INFO][2021-07-26 16:51:57][Server]User #2 x-Loc=700 y-Loc=300 xHead=0  Act=14 HP=100 MP=0
[INFO][2021-07-26 16:51:57][Server]client #2 transferred caotijing #8025
[INFO][2021-07-26 16:51:57][Server]User #1 x-Loc=50 y-Loc=300 xHead=1  Act=0 HP=100 MP=0
[INFO][2021-07-26 16:51:57][Server]User #2 x-Loc=700 y-Loc=300 xHead=0  Act=0 HP=100 MP=0
[INFO][2021-07-26 16:51:57][Server]client #2 transferred caotijing #8025
[INFO][2021-07-26 16:51:57][Server]User #1 x-Loc=50 y-Loc=300 xHead=1  Act=0 HP=100 MP=0
[INFO][2021-07-26 16:51:57][Server]User #2 x-Loc=700 y-Loc=300 xHead=0  Act=14 HP=100 MP=0
[INFO][2021-07-26 16:51:57][Server]client #2 transferred caotijing #8025
[INFO][2021-07-26 16:51:57][Server]User #1 x-Loc=50 y-Loc=300 xHead=1  Act=0 HP=100 MP=0
[INFO][2021-07-26 16:51:57][Server]User #2 x-Loc=700 y-Loc=300 xHead=0  Act=0 HP=100 MP=0
[INFO][2021-07-26 16:51:57][Server]client #2 transferred caotijing #8025
[INFO][2021-07-26 16:51:57][Server]User #1 x-Loc=50 y-Loc=300 xHead=1  Act=0 HP=100 MP=0
[INFO][2021-07-26 16:51:57][Server]User #2 x-Loc=700 y-Loc=300 xHead=0  Act=14 HP=100 MP=0
[INFO][2021-07-26 16:51:57][Server]client #2 transferred caotijing #8025
[INFO][2021-07-26 16:51:57][Server]User #1 x-Loc=50 y-Loc=300 xHead=1  Act=0 HP=100 MP=0
[INFO][2021-07-26 16:51:57][Server]User #2 x-Loc=700 y-Loc=300 xHead=0  Act=0 HP=100 MP=0
[INFO][2021-07-26 16:51:57][Server]client #2 transferred caotijing #8025
[INFO][2021-07-26 16:51:57][Server]User #1 x-Loc=50 y-Loc=300 xHead=1  Act=0 HP=100 MP=0
[INFO][2021-07-26 16:51:57][Server]User #2 x-Loc=700 y-Loc=300 xHead=0  Act=14 HP=100 MP=0
[INFO][2021-07-26 16:51:57][Server]client #2 transferred caotijing #8025
[INFO][2021-07-26 16:51:57][Server]User #1 x-Loc=50 y-Loc=300 xHead=1  Act=0 HP=100 MP=0
[INFO][2021-07-26 16:51:57][Server]User #2 x-Loc=700 y-Loc=300 xHead=0  Act=0 HP=100 MP=0
[INFO][2021-07-26 16:51:57][Server]client #2 transferred caotijing #8025
[INFO][2021-07-26 16:51:57][Server]User #1 x-Loc=50 y-Loc=300 xHead=1  Act=0 HP=100 MP=0
[INFO][2021-07-26 16:51:57][Server]User #2 x-Loc=700 y-Loc=300 xHead=0  Act=14 HP=100 MP=0
[INFO][2021-07-26 16:51:57][Server]client #2 transferred caotijing #8025
[INFO][2021-07-26 16:51:57][Server]User #1 x-Loc=50 y-Loc=300 xHead=1  Act=0 HP=100 MP=0
[INFO][2021-07-26 16:51:57][Server]User #2 x-Loc=700 y-Loc=300 xHead=0  Act=0 HP=100 MP=0
[INFO][2021-07-26 16:51:57][Server]client #2 transferred caotijing #8025
[INFO][2021-07-26 16:51:57][Server]User #1 x-Loc=50 y-Loc=300 xHead=1  Act=0 HP=100 MP=0
[INFO][2021-07-26 16:51:57][Server]User #2 x-Loc=700 y-Loc=300 xHead=0  Act=14 HP=100 MP=0
[INFO][2021-07-26 16:51:57][Server]client #2 transferred caotijing #8025
[INFO][2021-07-26 16:51:57][Server]User #1 x-Loc=50 y-Loc=300 xHead=1  Act=0 HP=100 MP=0
[INFO][2021-07-26 16:51:57][Server]User #2 x-Loc=700 y-Loc=300 xHead=0  Act=0 HP=100 MP=0
[INFO][2021-07-26 16:51:57][Server]client #2 transferred caotijing #8025
[INFO][2021-07-26 16:51:57][Server]User #1 x-Loc=50 y-Loc=300 xHead=1  Act=0 HP=100 MP=0
[INFO][2021-07-26 16:51:57][Server]User #2 x-Loc=700 y-Loc=300 xHead=0  Act=14 HP=100 MP=0
[INFO][2021-07-26 16:51:57][Server]client #2 transferred caotijing #8025
[INFO][2021-07-26 16:51:57][Server]User #1 x-Loc=50 y-Loc=300 xHead=1  Act=0 HP=100 MP=0
[INFO][2021-07-26 16:51:57][Server]User #2 x-Loc=700 y-Loc=300 xHead=0  Act=0 HP=100 MP=0
[INFO][2021-07-26 16:51:57][Server]client #2 transferred caotijing #8025
[INFO][2021-07-26 16:51:57][Server]User #1 x-Loc=50 y-Loc=300 xHead=1  Act=0 HP=100 MP=0
[INFO][2021-07-26 16:51:57][Server]User #2 x-Loc=700 y-Loc=300 xHead=0  Act=14 HP=100 MP=0
[INFO][2021-07-26 16:51:58][Server]client #2 transferred caotijing #8025
[INFO][2021-07-26 16:51:58][Server]User #1 x-Loc=50 y-Loc=300 xHead=1  Act=0 HP=100 MP=0
[INFO][2021-07-26 16:51:58][Server]User #2 x-Loc=700 y-Loc=300 xHead=0  Act=0 HP=100 MP=0
[INFO][2021-07-26 16:51:58][Server]client #2 transferred caotijing #8025
[INFO][2021-07-26 16:51:58][Server]User #1 x-Loc=50 y-Loc=300 xHead=1  Act=0 HP=100 MP=0
[INFO][2021-07-26 16:51:58][Server]User #2 x-Loc=700 y-Loc=300 xHead=0  Act=14 HP=100 MP=0
[INFO][2021-07-26 16:51:58][Server]client #2 transferred caotijing #8025
[INFO][2021-07-26 16:51:58][Server]User #1 x-Loc=50 y-Loc=300 xHead=1  Act=0 HP=100 MP=0
[INFO][2021-07-26 16:51:58][Server]User #2 x-Loc=700 y-Loc=300 xHead=0  Act=0 HP=100 MP=0
[INFO][2021-07-26 16:51:58][Server]client #2 transferred caotijing #8025
[INFO][2021-07-26 16:51:58][Server]User #1 x-Loc=50 y-Loc=300 xHead=1  Act=0 HP=100 MP=0
[INFO][2021-07-26 16:51:58][Server]User #2 x-Loc=700 y-Loc=300 xHead=0  Act=14 HP=100 MP=0
[INFO][2021-07-26 16:51:58][Server]client #2 transferred caotijing #8025
[INFO][2021-07-26 16:51:58][Server]User #1 x-Loc=50 y-Loc=300 xHead=1  Act=0 HP=100 MP=0
[INFO][2021-07-26 16:51:58][Server]User #2 x-Loc=700 y-Loc=300 xHead=0  Act=0 HP=100 MP=0
[INFO][2021-07-26 16:51:58][Server]client #2 transferred caotijing #8025
[INFO][2021-07-26 16:51:58][Server]User #1 x-Loc=50 y-Loc=300 xHead=1  Act=0 HP=100 MP=0
[INFO][2021-07-26 16:51:58][Server]User #2 x-Loc=700 y-Loc=300 xHead=0  Act=14 HP=100 MP=0
[INFO][2021-07-26 16:51:58][Server]client #2 transferred caotijing #8025
[INFO][2021-07-26 16:51:58][Server]User #1 x-Loc=50 y-Loc=300 xHead=1  Act=0 HP=100 MP=0
[INFO][2021-07-26 16:51:58][Server]User #2 x-Loc=700 y-Loc=300 xHead=0  Act=0 HP=100 MP=0
[INFO][2021-07-26 16:51:58][Server]client #2 transferred caotijing #8025
[INFO][2021-07-26 16:51:58][Server]User #1 x-Loc=50 y-Loc=300 xHead=1  Act=0 HP=100 MP=0
[INFO][2021-07-26 16:51:58][Server]User #2 x-Loc=700 y-Loc=300 xHead=0  Act=14 HP=100 MP=0
[INFO][2021-07-26 16:51:58][Server]client #2 transferred caotijing #8025
[INFO][2021-07-26 16:51:58][Server]User #1 x-Loc=50 y-Loc=300 xHead=1  Act=0 HP=100 MP=0
[INFO][2021-07-26 16:51:58][Server]User #2 x-Loc=700 y-Loc=300 xHead=0  Act=0 HP=100 MP=0
[INFO][2021-07-26 16:51:58][Server]client #2 transferred caotijing #8025
[INFO][2021-07-26 16:51:58][Server]User #1 x-Loc=50 y-Loc=300 xHead=1  Act=0 HP=100 MP=0
[INFO][2021-07-26 16:51:58][Server]User #2 x-Loc=700 y-Loc=300 xHead=0  Act=14 HP=100 MP=0
[INFO][2021-07-26 16:51:58][Server]client #2 transferred caotijing #8025
[INFO][2021-07-26 16:51:58][Server]User #1 x-Loc=50 y-Loc=300 xHead=1  Act=0 HP=100 MP=0
[INFO][2021-07-26 16:51:58][Server]User #2 x-Loc=700 y-Loc=300 xHead=0  Act=0 HP=100 MP=0
[INFO][2021-07-26 16:51:58][Server]client #2 transferred caotijing #8025
[INFO][2021-07-26 16:51:58][Server]User #1 x-Loc=50 y-Loc=300 xHead=1  Act=0 HP=100 MP=0
[INFO][2021-07-26 16:51:58][Server]User #2 x-Loc=700 y-Loc=300 xHead=0  Act=14 HP=100 MP=0
[INFO][2021-07-26 16:51:58][Server]client #2 transferred caotijing #8025
[INFO][2021-07-26 16:51:58][Server]User #1 x-Loc=50 y-Loc=300 xHead=1  Act=0 HP=100 MP=0
[INFO][2021-07-26 16:51:58][Server]User #2 x-Loc=700 y-Loc=300 xHead=0  Act=0 HP=100 MP=0
[INFO][2021-07-26 16:51:58][Server]client #2 transferred caotijing #8025
[INFO][2021-07-26 16:51:58][Server]User #1 x-Loc=50 y-Loc=300 xHead=1  Act=0 HP=100 MP=0
[INFO][2021-07-26 16:51:58][Server]User #2 x-Loc=700 y-Loc=300 xHead=0  Act=14 HP=100 MP=0
[INFO][2021-07-26 16:51:58][Server]client #2 transferred caotijing #8025
[INFO][2021-07-26 16:51:58][Server]User #1 x-Loc=50 y-Loc=300 xHead=1  Act=0 HP=100 MP=0
[INFO][2021-07-26 16:51:58][Server]User #2 x-Loc=700 y-Loc=300 xHead=0  Act=0 HP=100 MP=0
[INFO][2021-07-26 16:51:58][Server]client #2 transferred caotijing #8025
[INFO][2021-07-26 16:51:58][Server]User #1 x-Loc=50 y-Loc=300 xHead=1  Act=0 HP=100 MP=0
[INFO][2021-07-26 16:51:58][Server]User #2 x-Loc=700 y-Loc=300 xHead=0  Act=14 HP=100 MP=0
[INFO][2021-07-26 16:51:58][Server]client #2 transferred caotijing #8025
[INFO][2021-07-26 16:51:58][Server]User #1 x-Loc=50 y-Loc=300 xHead=1  Act=0 HP=100 MP=0
[INFO][2021-07-26 16:51:58][Server]User #2 x-Loc=700 y-Loc=300 xHead=0  Act=0 HP=100 MP=0
[INFO][2021-07-26 16:51:58][Server]client #2 transferred caotijing #8025
[INFO][2021-07-26 16:51:58][Server]User #1 x-Loc=50 y-Loc=300 xHead=1  Act=0 HP=100 MP=0
[INFO][2021-07-26 16:51:58][Server]User #2 x-Loc=700 y-Loc=300 xHead=0  Act=14 HP=100 MP=0
[INFO][2021-07-26 16:51:58][Server]client #2 transferred caotijing #8025
[INFO][2021-07-26 16:51:58][Server]User #1 x-Loc=50 y-Loc=300 xHead=1  Act=0 HP=100 MP=0
[INFO][2021-07-26 16:51:58][Server]User #2 x-Loc=700 y-Loc=300 xHead=0  Act=0 HP=100 MP=0
[INFO][2021-07-26 16:51:58][Server]client #2 transferred caotijing #8025
[INFO][2021-07-26 16:51:58][Server]User #1 x-Loc=50 y-Loc=300 xHead=1  Act=0 HP=100 MP=0
[INFO][2021-07-26 16:51:58][Server]User #2 x-Loc=700 y-Loc=300 xHead=0  Act=14 HP=100 MP=0
[INFO][2021-07-26 16:51:58][Server]client #2 transferred caotijing #8025
[INFO][2021-07-26 16:51:58][Server]User #1 x-Loc=50 y-Loc=300 xHead=1  Act=0 HP=100 MP=0
[INFO][2021-07-26 16:51:58][Server]User #2 x-Loc=700 y-Loc=300 xHead=0  Act=0 HP=100 MP=0
[INFO][2021-07-26 16:51:58][Server]client #2 transferred caotijing #8025
[INFO][2021-07-26 16:51:58][Server]User #1 x-Loc=50 y-Loc=300 xHead=1  Act=0 HP=100 MP=0
[INFO][2021-07-26 16:51:58][Server]User #2 x-Loc=700 y-Loc=300 xHead=0  Act=14 HP=100 MP=0
[INFO][2021-07-26 16:51:58][Server]client #2 transferred caotijing #8025
[INFO][2021-07-26 16:51:58][Server]User #1 x-Loc=50 y-Loc=300 xHead=1  Act=0 HP=100 MP=0
[INFO][2021-07-26 16:51:58][Server]User #2 x-Loc=700 y-Loc=300 xHead=0  Act=0 HP=100 MP=0
[INFO][2021-07-26 16:51:58][Server]client #2 transferred caotijing #8025
[INFO][2021-07-26 16:51:58][Server]User #1 x-Loc=50 y-Loc=300 xHead=1  Act=0 HP=100 MP=0
[INFO][2021-07-26 16:51:58][Server]User #2 x-Loc=700 y-Loc=300 xHead=0  Act=14 HP=100 MP=0
[INFO][2021-07-26 16:51:58][Server]client #2 transferred caotijing #8025
[INFO][2021-07-26 16:51:58][Server]User #1 x-Loc=50 y-Loc=300 xHead=1  Act=0 HP=100 MP=0
[INFO][2021-07-26 16:51:58][Server]User #2 x-Loc=700 y-Loc=300 xHead=0  Act=0 HP=100 MP=0
[INFO][2021-07-26 16:51:58][Server]client #2 transferred caotijing #8025
[INFO][2021-07-26 16:51:58][Server]User #1 x-Loc=50 y-Loc=300 xHead=1  Act=0 HP=100 MP=0
[INFO][2021-07-26 16:51:58][Server]User #2 x-Loc=700 y-Loc=300 xHead=0  Act=14 HP=100 MP=0
[INFO][2021-07-26 16:51:58][Server]client #2 transferred caotijing #8025
[INFO][2021-07-26 16:51:58][Server]User #1 x-Loc=50 y-Loc=300 xHead=1  Act=0 HP=100 MP=0
[INFO][2021-07-26 16:51:58][Server]User #2 x-Loc=700 y-Loc=300 xHead=0  Act=0 HP=100 MP=0
[INFO][2021-07-26 16:51:58][Server]client #2 transferred caotijing #8025
[INFO][2021-07-26 16:51:58][Server]User #1 x-Loc=50 y-Loc=300 xHead=1  Act=0 HP=100 MP=0
[INFO][2021-07-26 16:51:58][Server]User #2 x-Loc=700 y-Loc=300 xHead=0  Act=14 HP=100 MP=0
[INFO][2021-07-26 16:51:58][Server]client #2 transferred caotijing #8025
[INFO][2021-07-26 16:51:58][Server]User #1 x-Loc=50 y-Loc=300 xHead=1  Act=0 HP=100 MP=0
[INFO][2021-07-26 16:51:58][Server]User #2 x-Loc=700 y-Loc=300 xHead=0  Act=0 HP=100 MP=0
[INFO][2021-07-26 16:51:58][Server]client #2 transferred caotijing #8025
[INFO][2021-07-26 16:51:58][Server]User #1 x-Loc=50 y-Loc=300 xHead=1  Act=0 HP=100 MP=0
[INFO][2021-07-26 16:51:58][Server]User #2 x-Loc=700 y-Loc=300 xHead=0  Act=14 HP=100 MP=0
[INFO][2021-07-26 16:51:59][Server]client #2 transferred caotijing #8025
[INFO][2021-07-26 16:51:59][Server]User #1 x-Loc=50 y-Loc=300 xHead=1  Act=0 HP=100 MP=0
[INFO][2021-07-26 16:51:59][Server]User #2 x-Loc=700 y-Loc=300 xHead=0  Act=0 HP=100 MP=0
[INFO][2021-07-26 16:51:59][Server]client #2 transferred caotijing #8025
[INFO][2021-07-26 16:51:59][Server]User #1 x-Loc=50 y-Loc=300 xHead=1  Act=0 HP=100 MP=0
[INFO][2021-07-26 16:51:59][Server]User #2 x-Loc=700 y-Loc=300 xHead=0  Act=14 HP=100 MP=0
[INFO][2021-07-26 16:51:59][Server]client #2 transferred caotijing #8025
[INFO][2021-07-26 16:51:59][Server]User #1 x-Loc=50 y-Loc=300 xHead=1  Act=0 HP=100 MP=0
[INFO][2021-07-26 16:51:59][Server]User #2 x-Loc=700 y-Loc=300 xHead=0  Act=0 HP=100 MP=0
[INFO][2021-07-26 16:51:59][Server]client #2 transferred caotijing #8025
[INFO][2021-07-26 16:51:59][Server]User #1 x-Loc=50 y-Loc=300 xHead=1  Act=0 HP=100 MP=0
[INFO][2021-07-26 16:51:59][Server]User #2 x-Loc=700 y-Loc=300 xHead=0  Act=14 HP=100 MP=0
[INFO][2021-07-26 16:51:59][Server]client #2 transferred caotijing #8025
[INFO][2021-07-26 16:51:59][Server]User #1 x-Loc=50 y-Loc=300 xHead=1  Act=0 HP=100 MP=0
[INFO][2021-07-26 16:51:59][Server]User #2 x-Loc=700 y-Loc=300 xHead=0  Act=0 HP=100 MP=0
[INFO][2021-07-26 16:51:59][Server]client #2 transferred caotijing #8025
[INFO][2021-07-26 16:51:59][Server]User #1 x-Loc=50 y-Loc=300 xHead=1  Act=0 HP=100 MP=0
[INFO][2021-07-26 16:51:59][Server]User #2 x-Loc=700 y-Loc=300 xHead=0  Act=14 HP=100 MP=0
[INFO][2021-07-26 16:51:59][Server]client #2 transferred caotijing #8025
[INFO][2021-07-26 16:51:59][Server]User #1 x-Loc=50 y-Loc=300 xHead=1  Act=0 HP=100 MP=0
[INFO][2021-07-26 16:51:59][Server]User #2 x-Loc=700 y-Loc=300 xHead=0  Act=0 HP=100 MP=0
[INFO][2021-07-26 16:51:59][Server]client #2 transferred caotijing #8025
[INFO][2021-07-26 16:51:59][Server]User #1 x-Loc=50 y-Loc=300 xHead=1  Act=0 HP=100 MP=0
[INFO][2021-07-26 16:51:59][Server]User #2 x-Loc=700 y-Loc=300 xHead=0  Act=14 HP=100 MP=0
[INFO][2021-07-26 16:51:59][Server]client #2 transferred caotijing #8025
[INFO][2021-07-26 16:51:59][Server]User #1 x-Loc=50 y-Loc=300 xHead=1  Act=0 HP=100 MP=0
[INFO][2021-07-26 16:51:59][Server]User #2 x-Loc=700 y-Loc=300 xHead=0  Act=0 HP=100 MP=0
[INFO][2021-07-26 16:51:59][Server]client #2 transferred caotijing #8025
[INFO][2021-07-26 16:51:59][Server]User #1 x-Loc=50 y-Loc=300 xHead=1  Act=0 HP=100 MP=0
[INFO][2021-07-26 16:51:59][Server]User #2 x-Loc=700 y-Loc=300 xHead=0  Act=14 HP=100 MP=0
[INFO][2021-07-26 16:51:59][Server]client #2 transferred caotijing #8025
[INFO][2021-07-26 16:51:59][Server]User #1 x-Loc=50 y-Loc=300 xHead=1  Act=0 HP=100 MP=0
[INFO][2021-07-26 16:51:59][Server]User #2 x-Loc=700 y-Loc=300 xHead=0  Act=0 HP=100 MP=0
[INFO][2021-07-26 16:51:59][Server]client #2 transferred caotijing #8025
[INFO][2021-07-26 16:51:59][Server]User #1 x-Loc=50 y-Loc=300 xHead=1  Act=0 HP=100 MP=0
[INFO][2021-07-26 16:51:59][Server]User #2 x-Loc=700 y-Loc=300 xHead=0  Act=14 HP=100 MP=0
[INFO][2021-07-26 16:51:59][Server]client #2 transferred caotijing #8025
[INFO][2021-07-26 16:51:59][Server]User #1 x-Loc=50 y-Loc=300 xHead=1  Act=0 HP=100 MP=0
[INFO][2021-07-26 16:51:59][Server]User #2 x-Loc=700 y-Loc=300 xHead=0  Act=0 HP=100 MP=0
[INFO][2021-07-26 16:51:59][Server]client #2 transferred caotijing #8025
[INFO][2021-07-26 16:51:59][Server]User #1 x-Loc=50 y-Loc=300 xHead=1  Act=0 HP=100 MP=0
[INFO][2021-07-26 16:51:59][Server]User #2 x-Loc=700 y-Loc=300 xHead=0  Act=14 HP=100 MP=0
[INFO][2021-07-26 16:51:59][Server]client #2 transferred caotijing #8025
[INFO][2021-07-26 16:51:59][Server]User #1 x-Loc=50 y-Loc=300 xHead=1  Act=0 HP=100 MP=0
[INFO][2021-07-26 16:51:59][Server]User #2 x-Loc=700 y-Loc=300 xHead=0  Act=0 HP=100 MP=0
[INFO][2021-07-26 16:51:59][Server]client #2 transferred caotijing #8025
[INFO][2021-07-26 16:51:59][Server]User #1 x-Loc=50 y-Loc=300 xHead=1  Act=0 HP=100 MP=0
[INFO][2021-07-26 16:51:59][Server]User #2 x-Loc=700 y-Loc=300 xHead=0  Act=14 HP=100 MP=0
[INFO][2021-07-26 16:51:59][Server]client #2 transferred caotijing #8025
[INFO][2021-07-26 16:51:59][Server]User #1 x-Loc=50 y-Loc=300 xHead=1  Act=0 HP=100 MP=0
[INFO][2021-07-26 16:51:59][Server]User #2 x-Loc=700 y-Loc=300 xHead=0  Act=0 HP=100 MP=0
[INFO][2021-07-26 16:51:59][Server]client #2 transferred caotijing #8025
[INFO][2021-07-26 16:51:59][Server]User #1 x-Loc=50 y-Loc=300 xHead=1  Act=0 HP=100 MP=0
[INFO][2021-07-26 16:51:59][Server]User #2 x-Loc=700 y-Loc=300 xHead=0  Act=14 HP=100 MP=0
[INFO][2021-07-26 16:51:59][Server]client #2 transferred caotijing #8025
[INFO][2021-07-26 16:51:59][Server]User #1 x-Loc=50 y-Loc=300 xHead=1  Act=0 HP=100 MP=0
[INFO][2021-07-26 16:51:59][Server]User #2 x-Loc=700 y-Loc=300 xHead=0  Act=0 HP=100 MP=0
[INFO][2021-07-26 16:51:59][Server]client #2 transferred caotijing #8025
[INFO][2021-07-26 16:51:59][Server]User #1 x-Loc=50 y-Loc=300 xHead=1  Act=0 HP=100 MP=0
[INFO][2021-07-26 16:51:59][Server]User #2 x-Loc=700 y-Loc=300 xHead=0  Act=14 HP=100 MP=0
[INFO][2021-07-26 16:51:59][Server]client #2 transferred caotijing #8025
[INFO][2021-07-26 16:51:59][Server]User #1 x-Loc=50 y-Loc=300 xHead=1  Act=0 HP=100 MP=0
[INFO][2021-07-26 16:51:59][Server]User #2 x-Loc=700 y-Loc=300 xHead=0  Act=0 HP=100 MP=0
[INFO][2021-07-26 16:51:59][Server]client #2 transferred caotijing #8025
[INFO][2021-07-26 16:51:59][Server]User #1 x-Loc=50 y-Loc=300 xHead=1  Act=0 HP=100 MP=0
[INFO][2021-07-26 16:51:59][Server]User #2 x-Loc=700 y-Loc=300 xHead=0  Act=14 HP=100 MP=0
[INFO][2021-07-26 16:51:59][Server]client #2 transferred caotijing #8025
[INFO][2021-07-26 16:51:59][Server]User #1 x-Loc=50 y-Loc=300 xHead=1  Act=0 HP=100 MP=0
[INFO][2021-07-26 16:51:59][Server]User #2 x-Loc=700 y-Loc=300 xHead=0  Act=0 HP=100 MP=0
[INFO][2021-07-26 16:51:59][Server]client #2 transferred caotijing #8025
[INFO][2021-07-26 16:51:59][Server]User #1 x-Loc=50 y-Loc=300 xHead=1  Act=0 HP=100 MP=0
[INFO][2021-07-26 16:51:59][Server]User #2 x-Loc=700 y-Loc=300 xHead=0  Act=14 HP=100 MP=0
[INFO][2021-07-26 16:51:59][Server]client #2 transferred caotijing #8025
[INFO][2021-07-26 16:51:59][Server]User #1 x-Loc=50 y-Loc=300 xHead=1  Act=0 HP=100 MP=0
[INFO][2021-07-26 16:51:59][Server]User #2 x-Loc=700 y-Loc=300 xHead=0  Act=0 HP=100 MP=0
[INFO][2021-07-26 16:51:59][Server]client #2 transferred caotijing #8025
[INFO][2021-07-26 16:51:59][Server]User #1 x-Loc=50 y-Loc=300 xHead=1  Act=0 HP=100 MP=0
[INFO][2021-07-26 16:51:59][Server]User #2 x-Loc=700 y-Loc=300 xHead=0  Act=14 HP=100 MP=0
[INFO][2021-07-26 16:51:59][Server]client #2 transferred caotijing #8025
[INFO][2021-07-26 16:51:59][Server]User #1 x-Loc=50 y-Loc=300 xHead=1  Act=0 HP=100 MP=0
[INFO][2021-07-26 16:51:59][Server]User #2 x-Loc=700 y-Loc=300 xHead=0  Act=0 HP=100 MP=0
[INFO][2021-07-26 16:51:59][Server]client #2 transferred caotijing #8025
[INFO][2021-07-26 16:51:59][Server]User #1 x-Loc=50 y-Loc=300 xHead=1  Act=0 HP=100 MP=0
[INFO][2021-07-26 16:51:59][Server]User #2 x-Loc=700 y-Loc=300 xHead=0  Act=14 HP=100 MP=0
[INFO][2021-07-26 16:51:59][Server]client #2 transferred caotijing #8025
[INFO][2021-07-26 16:51:59][Server]User #1 x-Loc=50 y-Loc=300 xHead=1  Act=0 HP=100 MP=0
[INFO][2021-07-26 16:51:59][Server]User #2 x-Loc=700 y-Loc=300 xHead=0  Act=0 HP=100 MP=0
[INFO][2021-07-26 16:51:59][Server]client #2 transferred caotijing #8025
[INFO][2021-07-26 16:51:59][Server]User #1 x-Loc=50 y-Loc=300 xHead=1  Act=0 HP=100 MP=0
[INFO][2021-07-26 16:51:59][Server]User #2 x-Loc=700 y-Loc=300 xHead=0  Act=14 HP=100 MP=0
[INFO][2021-07-26 16:51:59][Server]client #2 transferred caotijing #8025
[INFO][2021-07-26 16:51:59][Server]User #1 x-Loc=50 y-Loc=300 xHead=1  Act=0 HP=100 MP=0
[INFO][2021-07-26 16:51:59][Server]User #2 x-Loc=700 y-Loc=300 xHead=0  Act=0 HP=100 MP=0
[INFO][2021-07-26 16:52:00][Server]client #2 transferred caotijing #8025
[INFO][2021-07-26 16:52:00][Server]User #1 x-Loc=50 y-Loc=300 xHead=1  Act=0 HP=100 MP=0
[INFO][2021-07-26 16:52:00][Server]User #2 x-Loc=700 y-Loc=300 xHead=0  Act=14 HP=100 MP=0
[INFO][2021-07-26 16:52:00][Server]client #2 transferred caotijing #8025
[INFO][2021-07-26 16:52:00][Server]User #1 x-Loc=50 y-Loc=300 xHead=1  Act=0 HP=100 MP=0
[INFO][2021-07-26 16:52:00][Server]User #2 x-Loc=700 y-Loc=300 xHead=0  Act=0 HP=100 MP=0
[INFO][2021-07-26 16:52:00][Server]client #2 transferred caotijing #8025
[INFO][2021-07-26 16:52:00][Server]User #1 x-Loc=50 y-Loc=300 xHead=1  Act=0 HP=100 MP=0
[INFO][2021-07-26 16:52:00][Server]User #2 x-Loc=700 y-Loc=300 xHead=0  Act=14 HP=100 MP=0
[INFO][2021-07-26 16:52:00][Server]client #2 transferred caotijing #8025
[INFO][2021-07-26 16:52:00][Server]User #1 x-Loc=50 y-Loc=300 xHead=1  Act=0 HP=100 MP=0
[INFO][2021-07-26 16:52:00][Server]User #2 x-Loc=700 y-Loc=300 xHead=0  Act=0 HP=100 MP=0
[INFO][2021-07-26 16:52:00][Server]client #2 transferred caotijing #8025
[INFO][2021-07-26 16:52:00][Server]User #1 x-Loc=50 y-Loc=300 xHead=1  Act=0 HP=100 MP=0
[INFO][2021-07-26 16:52:00][Server]User #2 x-Loc=700 y-Loc=300 xHead=0  Act=14 HP=100 MP=0
[INFO][2021-07-26 16:52:00][Server]client #2 transferred caotijing #8025
[INFO][2021-07-26 16:52:00][Server]User #1 x-Loc=50 y-Loc=300 xHead=1  Act=0 HP=100 MP=0
[INFO][2021-07-26 16:52:00][Server]User #2 x-Loc=700 y-Loc=300 xHead=0  Act=0 HP=100 MP=0
[INFO][2021-07-26 16:52:00][Server]client #2 transferred caotijing #8025
[INFO][2021-07-26 16:52:00][Server]User #1 x-Loc=50 y-Loc=300 xHead=1  Act=0 HP=100 MP=0
[INFO][2021-07-26 16:52:00][Server]User #2 x-Loc=700 y-Loc=300 xHead=0  Act=14 HP=100 MP=0
[INFO][2021-07-26 16:52:00][Server]client #2 transferred caotijing #8025
[INFO][2021-07-26 16:52:00][Server]User #1 x-Loc=50 y-Loc=300 xHead=1  Act=0 HP=100 MP=0
[INFO][2021-07-26 16:52:00][Server]User #2 x-Loc=700 y-Loc=300 xHead=0  Act=0 HP=100 MP=0
[INFO][2021-07-26 16:52:00][Server]client #2 transferred caotijing #8025
[INFO][2021-07-26 16:52:00][Server]User #1 x-Loc=50 y-Loc=300 xHead=1  Act=0 HP=100 MP=0
[INFO][2021-07-26 16:52:00][Server]User #2 x-Loc=700 y-Loc=300 xHead=0  Act=14 HP=100 MP=0
[INFO][2021-07-26 16:52:00][Server]client #2 transferred caotijing #8025
[INFO][2021-07-26 16:52:00][Server]User #1 x-Loc=50 y-Loc=300 xHead=1  Act=0 HP=100 MP=0
[INFO][2021-07-26 16:52:00][Server]User #2 x-Loc=700 y-Loc=300 xHead=0  Act=0 HP=100 MP=0
[INFO][2021-07-26 16:52:00][Server]client #2 transferred caotijing #8025
[INFO][2021-07-26 16:52:00][Server]User #1 x-Loc=50 y-Loc=300 xHead=1  Act=0 HP=100 MP=0
[INFO][2021-07-26 16:52:00][Server]User #2 x-Loc=700 y-Loc=300 xHead=0  Act=14 HP=100 MP=0
[INFO][2021-07-26 16:52:00][Server]client #2 transferred caotijing #8025
[INFO][2021-07-26 16:52:00][Server]User #1 x-Loc=50 y-Loc=300 xHead=1  Act=0 HP=100 MP=0
[INFO][2021-07-26 16:52:00][Server]User #2 x-Loc=700 y-Loc=300 xHead=0  Act=0 HP=100 MP=0
[INFO][2021-07-26 16:52:00][Server]client #2 transferred caotijing #8025
[INFO][2021-07-26 16:52:00][Server]User #1 x-Loc=50 y-Loc=300 xHead=1  Act=0 HP=100 MP=0
[INFO][2021-07-26 16:52:00][Server]User #2 x-Loc=700 y-Loc=300 xHead=0  Act=14 HP=100 MP=0
[INFO][2021-07-26 16:52:00][Server]client #2 transferred caotijing #8025
[INFO][2021-07-26 16:52:00][Server]User #1 x-Loc=50 y-Loc=300 xHead=1  Act=0 HP=100 MP=0
[INFO][2021-07-26 16:52:00][Server]User #2 x-Loc=700 y-Loc=300 xHead=0  Act=0 HP=100 MP=0
[INFO][2021-07-26 16:52:00][Server]client #2 transferred caotijing #8025
[INFO][2021-07-26 16:52:00][Server]User #1 x-Loc=50 y-Loc=300 xHead=1  Act=0 HP=100 MP=0
[INFO][2021-07-26 16:52:00][Server]User #2 x-Loc=700 y-Loc=300 xHead=0  Act=14 HP=100 MP=0
[INFO][2021-07-26 16:52:00][Server]client #2 transferred caotijing #8025
[INFO][2021-07-26 16:52:00][Server]User #1 x-Loc=50 y-Loc=300 xHead=1  Act=0 HP=100 MP=0
[INFO][2021-07-26 16:52:00][Server]User #2 x-Loc=700 y-Loc=300 xHead=0  Act=0 HP=100 MP=0
[INFO][2021-07-26 16:52:00][Server]client #2 transferred caotijing #8025
[INFO][2021-07-26 16:52:00][Server]User #1 x-Loc=50 y-Loc=300 xHead=1  Act=0 HP=100 MP=0
[INFO][2021-07-26 16:52:00][Server]User #2 x-Loc=700 y-Loc=300 xHead=0  Act=14 HP=100 MP=0
[INFO][2021-07-26 16:52:00][Server]client #2 transferred caotijing #8025
[INFO][2021-07-26 16:52:00][Server]User #1 x-Loc=50 y-Loc=300 xHead=1  Act=0 HP=100 MP=0
[INFO][2021-07-26 16:52:00][Server]User #2 x-Loc=700 y-Loc=300 xHead=0  Act=0 HP=100 MP=0
[INFO][2021-07-26 16:52:00][Server]client #2 transferred caotijing #8025
[INFO][2021-07-26 16:52:00][Server]User #1 x-Loc=50 y-Loc=300 xHead=1  Act=0 HP=100 MP=0
[INFO][2021-07-26 16:52:00][Server]User #2 x-Loc=700 y-Loc=300 xHead=0  Act=14 HP=100 MP=0
[INFO][2021-07-26 16:52:00][Server]client #2 transferred caotijing #8025
[INFO][2021-07-26 16:52:00][Server]User #1 x-Loc=50 y-Loc=300 xHead=1  Act=0 HP=100 MP=0
[INFO][2021-07-26 16:52:00][Server]User #2 x-Loc=700 y-Loc=300 xHead=0  Act=0 HP=100 MP=0
[INFO][2021-07-26 16:52:00][Server]client #2 transferred caotijing #8025
[INFO][2021-07-26 16:52:00][Server]User #1 x-Loc=50 y-Loc=300 xHead=1  Act=0 HP=100 MP=0
[INFO][2021-07-26 16:52:00][Server]User #2 x-Loc=700 y-Loc=300 xHead=0  Act=14 HP=100 MP=0
[INFO][2021-07-26 16:52:00][Server]client #2 transferred caotijing #8025
[INFO][2021-07-26 16:52:00][Server]User #1 x-Loc=50 y-Loc=300 xHead=1  Act=0 HP=100 MP=0
[INFO][2021-07-26 16:52:00][Server]User #2 x-Loc=700 y-Loc=300 xHead=0  Act=0 HP=100 MP=0
[INFO][2021-07-26 16:52:00][Server]client #2 transferred caotijing #8025
[INFO][2021-07-26 16:52:00][Server]User #1 x-Loc=50 y-Loc=300 xHead=1  Act=0 HP=100 MP=0
[INFO][2021-07-26 16:52:00][Server]User #2 x-Loc=700 y-Loc=300 xHead=0  Act=14 HP=100 MP=0
[INFO][2021-07-26 16:52:00][Server]client #2 transferred caotijing #8025
[INFO][2021-07-26 16:52:00][Server]User #1 x-Loc=50 y-Loc=300 xHead=1  Act=0 HP=100 MP=0
[INFO][2021-07-26 16:52:00][Server]User #2 x-Loc=700 y-Loc=300 xHead=0  Act=0 HP=100 MP=0
[INFO][2021-07-26 16:52:00][Server]client #2 transferred caotijing #8025
[INFO][2021-07-26 16:52:00][Server]User #1 x-Loc=50 y-Loc=300 xHead=1  Act=0 HP=100 MP=0
[INFO][2021-07-26 16:52:00][Server]User #2 x-Loc=700 y-Loc=300 xHead=0  Act=14 HP=100 MP=0
[INFO][2021-07-26 16:52:00][Server]client #2 transferred caotijing #8025
[INFO][2021-07-26 16:52:00][Server]User #1 x-Loc=50 y-Loc=300 xHead=1  Act=0 HP=100 MP=0
[INFO][2021-07-26 16:52:00][Server]User #2 x-Loc=700 y-Loc=300 xHead=0  Act=0 HP=100 MP=0
[INFO][2021-07-26 16:52:00][Server]client #2 transferred caotijing #8025
[INFO][2021-07-26 16:52:00][Server]User #1 x-Loc=50 y-Loc=300 xHead=1  Act=0 HP=100 MP=0
[INFO][2021-07-26 16:52:00][Server]User #2 x-Loc=700 y-Loc=300 xHead=0  Act=14 HP=100 MP=0
[INFO][2021-07-26 16:52:00][Server]client #2 transferred caotijing #8025
[INFO][2021-07-26 16:52:00][Server]User #1 x-Loc=50 y-Loc=300 xHead=1  Act=0 HP=100 MP=0
[INFO][2021-07-26 16:52:00][Server]User #2 x-Loc=700 y-Loc=300 xHead=0  Act=0 HP=100 MP=0
[INFO][2021-07-26 16:52:00][Server]client #2 transferred caotijing #8025
[INFO][2021-07-26 16:52:00][Server]User #1 x-Loc=50 y-Loc=300 xHead=1  Act=0 HP=100 MP=0
[INFO][2021-07-26 16:52:00][Server]User #2 x-Loc=700 y-Loc=300 xHead=0  Act=14 HP=100 MP=0
[INFO][2021-07-26 16:52:01][Server]client #2 transferred caotijing #8025
[INFO][2021-07-26 16:52:01][Server]User #1 x-Loc=50 y-Loc=300 xHead=1  Act=0 HP=100 MP=0
[INFO][2021-07-26 16:52:01][Server]User #2 x-Loc=700 y-Loc=300 xHead=0  Act=0 HP=100 MP=0
[INFO][2021-07-26 16:52:01][Server]client #2 transferred caotijing #8025
[INFO][2021-07-26 16:52:01][Server]User #1 x-Loc=50 y-Loc=300 xHead=1  Act=0 HP=100 MP=0
[INFO][2021-07-26 16:52:01][Server]User #2 x-Loc=700 y-Loc=300 xHead=0  Act=14 HP=100 MP=0
[INFO][2021-07-26 16:52:01][Server]client #2 transferred caotijing #8025
[INFO][2021-07-26 16:52:01][Server]User #1 x-Loc=50 y-Loc=300 xHead=1  Act=0 HP=100 MP=0
[INFO][2021-07-26 16:52:01][Server]User #2 x-Loc=700 y-Loc=300 xHead=0  Act=0 HP=100 MP=0
[INFO][2021-07-26 16:52:01][Server]client #2 transferred caotijing #8025
[INFO][2021-07-26 16:52:01][Server]User #1 x-Loc=50 y-Loc=300 xHead=1  Act=0 HP=100 MP=0
[INFO][2021-07-26 16:52:01][Server]User #2 x-Loc=700 y-Loc=300 xHead=0  Act=14 HP=100 MP=0
[INFO][2021-07-26 16:52:01][Server]client #2 transferred caotijing #8025
[INFO][2021-07-26 16:52:01][Server]User #1 x-Loc=50 y-Loc=300 xHead=1  Act=0 HP=100 MP=0
[INFO][2021-07-26 16:52:01][Server]User #2 x-Loc=700 y-Loc=300 xHead=0  Act=0 HP=100 MP=0
[INFO][2021-07-26 16:52:01][Server]client #2 transferred caotijing #8025
[INFO][2021-07-26 16:52:01][Server]User #1 x-Loc=50 y-Loc=300 xHead=1  Act=0 HP=100 MP=0
[INFO][2021-07-26 16:52:01][Server]User #2 x-Loc=700 y-Loc=300 xHead=0  Act=14 HP=100 MP=0
[INFO][2021-07-26 16:52:01][Server]client #2 transferred caotijing #8025
[INFO][2021-07-26 16:52:01][Server]User #1 x-Loc=50 y-Loc=300 xHead=1  Act=0 HP=100 MP=0
[INFO][2021-07-26 16:52:01][Server]User #2 x-Loc=700 y-Loc=300 xHead=0  Act=0 HP=100 MP=0
[INFO][2021-07-26 16:52:01][Server]client #2 transferred caotijing #8025
[INFO][2021-07-26 16:52:01][Server]User #1 x-Loc=50 y-Loc=300 xHead=1  Act=0 HP=100 MP=0
[INFO][2021-07-26 16:52:01][Server]User #2 x-Loc=700 y-Loc=300 xHead=0  Act=14 HP=100 MP=0
[INFO][2021-07-26 16:52:01][Server]client #2 transferred caotijing #8025
[INFO][2021-07-26 16:52:01][Server]User #1 x-Loc=50 y-Loc=300 xHead=1  Act=0 HP=100 MP=0
[INFO][2021-07-26 16:52:01][Server]User #2 x-Loc=700 y-Loc=300 xHead=0  Act=0 HP=100 MP=0
[INFO][2021-07-26 16:52:01][Server]client #2 transferred caotijing #8025
[INFO][2021-07-26 16:52:01][Server]User #1 x-Loc=50 y-Loc=300 xHead=1  Act=0 HP=100 MP=0
[INFO][2021-07-26 16:52:01][Server]User #2 x-Loc=700 y-Loc=300 xHead=0  Act=14 HP=100 MP=0
[INFO][2021-07-26 16:52:01][Server]client #2 transferred caotijing #8025
[INFO][2021-07-26 16:52:01][Server]User #1 x-Loc=50 y-Loc=300 xHead=1  Act=0 HP=100 MP=0
[INFO][2021-07-26 16:52:01][Server]User #2 x-Loc=700 y-Loc=300 xHead=0  Act=0 HP=100 MP=0
[INFO][2021-07-26 16:52:01][Server]client #2 transferred caotijing #8025
[INFO][2021-07-26 16:52:01][Server]User #1 x-Loc=50 y-Loc=300 xHead=1  Act=0 HP=100 MP=0
[INFO][2021-07-26 16:52:01][Server]User #2 x-Loc=700 y-Loc=300 xHead=0  Act=14 HP=100 MP=0
[INFO][2021-07-26 16:52:01][Server]client #2 transferred caotijing #8025
[INFO][2021-07-26 16:52:01][Server]User #1 x-Loc=50 y-Loc=300 xHead=1  Act=0 HP=100 MP=0
[INFO][2021-07-26 16:52:01][Server]User #2 x-Loc=700 y-Loc=300 xHead=0  Act=0 HP=100 MP=0
[INFO][2021-07-26 16:52:01][Server]client #2 transferred caotijing #8025
[INFO][2021-07-26 16:52:01][Server]User #1 x-Loc=50 y-Loc=300 xHead=1  Act=0 HP=100 MP=0
[INFO][2021-07-26 16:52:01][Server]User #2 x-Loc=700 y-Loc=300 xHead=0  Act=14 HP=100 MP=0
[INFO][2021-07-26 16:52:01][Server]client #2 transferred caotijing #8025
[INFO][2021-07-26 16:52:01][Server]User #1 x-Loc=50 y-Loc=300 xHead=1  Act=0 HP=100 MP=0
[INFO][2021-07-26 16:52:01][Server]User #2 x-Loc=700 y-Loc=300 xHead=0  Act=0 HP=100 MP=0
[INFO][2021-07-26 16:52:01][Server]client #2 transferred caotijing #8025
[INFO][2021-07-26 16:52:01][Server]User #1 x-Loc=50 y-Loc=300 xHead=1  Act=0 HP=100 MP=0
[INFO][2021-07-26 16:52:01][Server]User #2 x-Loc=700 y-Loc=300 xHead=0  Act=14 HP=100 MP=0
[INFO][2021-07-26 16:52:01][Server]client #2 transferred caotijing #8025
[INFO][2021-07-26 16:52:01][Server]User #1 x-Loc=50 y-Loc=300 xHead=1  Act=0 HP=100 MP=0
[INFO][2021-07-26 16:52:01][Server]User #2 x-Loc=700 y-Loc=300 xHead=0  Act=0 HP=100 MP=0
[INFO][2021-07-26 16:52:01][Server]client #2 transferred caotijing #8025
[INFO][2021-07-26 16:52:01][Server]User #1 x-Loc=50 y-Loc=300 xHead=1  Act=0 HP=100 MP=0
[INFO][2021-07-26 16:52:01][Server]User #2 x-Loc=700 y-Loc=300 xHead=0  Act=14 HP=100 MP=0
[INFO][2021-07-26 16:52:01][Server]client #2 transferred caotijing #8025
[INFO][2021-07-26 16:52:01][Server]User #1 x-Loc=50 y-Loc=300 xHead=1  Act=0 HP=100 MP=0
[INFO][2021-07-26 16:52:01][Server]User #2 x-Loc=700 y-Loc=300 xHead=0  Act=0 HP=100 MP=0
[INFO][2021-07-26 16:52:01][Server]client #2 transferred caotijing #8025
[INFO][2021-07-26 16:52:01][Server]User #1 x-Loc=50 y-Loc=300 xHead=1  Act=0 HP=100 MP=0
[INFO][2021-07-26 16:52:01][Server]User #2 x-Loc=700 y-Loc=300 xHead=0  Act=14 HP=100 MP=0
[INFO][2021-07-26 16:52:01][Server]client #2 transferred caotijing #8025
[INFO][2021-07-26 16:52:01][Server]User #1 x-Loc=50 y-Loc=300 xHead=1  Act=0 HP=100 MP=0
[INFO][2021-07-26 16:52:01][Server]User #2 x-Loc=700 y-Loc=300 xHead=0  Act=0 HP=100 MP=0
[INFO][2021-07-26 16:52:01][Server]client #2 transferred caotijing #8025
[INFO][2021-07-26 16:52:01][Server]User #1 x-Loc=50 y-Loc=300 xHead=1  Act=0 HP=100 MP=0
[INFO][2021-07-26 16:52:01][Server]User #2 x-Loc=700 y-Loc=300 xHead=0  Act=14 HP=100 MP=0
[INFO][2021-07-26 16:52:01][Server]client #2 transferred caotijing #8025
[INFO][2021-07-26 16:52:01][Server]User #1 x-Loc=50 y-Loc=300 xHead=1  Act=0 HP=100 MP=0
[INFO][2021-07-26 16:52:01][Server]User #2 x-Loc=700 y-Loc=300 xHead=0  Act=0 HP=100 MP=0
[INFO][2021-07-26 16:52:01][Server]client #2 transferred caotijing #8025
[INFO][2021-07-26 16:52:01][Server]User #1 x-Loc=50 y-Loc=300 xHead=1  Act=0 HP=100 MP=0
[INFO][2021-07-26 16:52:01][Server]User #2 x-Loc=700 y-Loc=300 xHead=0  Act=14 HP=100 MP=0
[INFO][2021-07-26 16:52:01][Server]client #2 transferred caotijing #8025
[INFO][2021-07-26 16:52:01][Server]User #1 x-Loc=50 y-Loc=300 xHead=1  Act=0 HP=100 MP=0
[INFO][2021-07-26 16:52:01][Server]User #2 x-Loc=700 y-Loc=300 xHead=0  Act=0 HP=100 MP=0
[INFO][2021-07-26 16:52:01][Server]client #2 transferred caotijing #8025
[INFO][2021-07-26 16:52:01][Server]User #1 x-Loc=50 y-Loc=300 xHead=1  Act=0 HP=100 MP=0
[INFO][2021-07-26 16:52:01][Server]User #2 x-Loc=700 y-Loc=300 xHead=0  Act=14 HP=100 MP=0
[INFO][2021-07-26 16:52:01][Server]client #2 transferred caotijing #8025
[INFO][2021-07-26 16:52:01][Server]User #1 x-Loc=50 y-Loc=300 xHead=1  Act=0 HP=100 MP=0
[INFO][2021-07-26 16:52:01][Server]User #2 x-Loc=700 y-Loc=300 xHead=0  Act=0 HP=100 MP=0
[INFO][2021-07-26 16:52:01][Server]client #2 transferred caotijing #8025
[INFO][2021-07-26 16:52:01][Server]User #1 x-Loc=50 y-Loc=300 xHead=1  Act=0 HP=100 MP=0
[INFO][2021-07-26 16:52:01][Server]User #2 x-Loc=700 y-Loc=300 xHead=0  Act=14 HP=100 MP=0
[INFO][2021-07-26 16:52:01][Server]client #2 transferred caotijing #8025
[INFO][2021-07-26 16:52:01][Server]User #1 x-Loc=50 y-Loc=300 xHead=1  Act=0 HP=100 MP=0
[INFO][2021-07-26 16:52:01][Server]User #2 x-Loc=700 y-Loc=300 xHead=0  Act=0 HP=100 MP=0
[INFO][2021-07-26 16:52:01][Server]client #2 transferred caotijing #8025
[INFO][2021-07-26 16:52:01][Server]User #1 x-Loc=50 y-Loc=300 xHead=1  Act=0 HP=100 MP=0
[INFO][2021-07-26 16:52:01][Server]User #2 x-Loc=700 y-Loc=300 xHead=0  Act=14 HP=100 MP=0
[INFO][2021-07-26 16:52:01][Server]client #2 transferred caotijing #8025
[INFO][2021-07-26 16:52:01][Server]User #1 x-Loc=50 y-Loc=300 xHead=1  Act=0 HP=100 MP=0
[INFO][2021-07-26 16:52:01][Server]User #2 x-Loc=700 y-Loc=300 xHead=0  Act=0 HP=100 MP=0
[INFO][2021-07-26 16:52:02][Server]client #2 transferred caotijing #8025
[INFO][2021-07-26 16:52:02][Server]User #1 x-Loc=50 y-Loc=300 xHead=1  Act=0 HP=100 MP=0
[INFO][2021-07-26 16:52:02][Server]User #2 x-Loc=700 y-Loc=300 xHead=0  Act=14 HP=100 MP=0
[INFO][2021-07-26 16:52:02][Server]client #2 transferred caotijing #8025
[INFO][2021-07-26 16:52:02][Server]User #1 x-Loc=50 y-Loc=300 xHead=1  Act=0 HP=100 MP=0
[INFO][2021-07-26 16:52:02][Server]User #2 x-Loc=700 y-Loc=300 xHead=0  Act=0 HP=100 MP=0
[INFO][2021-07-26 16:52:02][Server]client #2 transferred caotijing #8025
[INFO][2021-07-26 16:52:02][Server]User #1 x-Loc=50 y-Loc=300 xHead=1  Act=0 HP=100 MP=0
[INFO][2021-07-26 16:52:02][Server]User #2 x-Loc=700 y-Loc=300 xHead=0  Act=0 HP=100 MP=0
[WARNING][2021-07-26 16:52:12][Server]client 2 Exception ! 
[WARNING][2021-07-26 16:52:15][Server]client 1 Exception ! 
